+------------------------+----------------------------+--------------------+
|                        |     Supported Features     |  Program Commands  |
+========================+============================+====================+
| Compatible Layers      | Hopfield Layer,            | hopfield,          |
|                        | HopfieldLayer Layer,       | hopfield_layer,    |
|                        | HopfieldPooling Layer,     | hopfield_pooling,  |
|                        | LSTM,                      | lstm,              |
|                        | GRU                        | gru                |
+------------------------+----------------------------+--------------------+
| Supported Loss Metrics | Huber Loss,                | huber,             |
|                        | Mean Absolute Error Loss,  | mae,               |
|                        | Mean Squared Error Loss,   | mse,               |
|                        | SmoothL1 Loss              | smooth_l1          |
+------------------------+----------------------------+--------------------+
| Supported Optimizers   | RMSprop (default),         | rmsprop,           |
|                        | AdamW,                     | adam,              |
|                        | Adam,                      | adamW,             |
|                        | SGD                        |  sgd               |
+------------------------+----------------------------+--------------------+
+------------------------------+------------------------------------------+
|          Parameter           |                  Value                   |
+==============================+==========================================+
| Layer Type:                  | hopfield_pooling                         |
+------------------------------+------------------------------------------+
| Loss Metric:                 | mse                                      |
+------------------------------+------------------------------------------+
| Sequence Length:             | 20                                       |
+------------------------------+------------------------------------------+
| Learning Rate:               | 0.001                                    |
+------------------------------+------------------------------------------+
| Target Update Steps:         | 100                                      |
+------------------------------+------------------------------------------+
| Optimizer:                   | rmsprop                                  |
+------------------------------+------------------------------------------+
| Weight Decay:                | 0                                        |
+------------------------------+------------------------------------------+
| Hopfield Inverse Temperature | 100                                      |
+------------------------------+------------------------------------------+
| Scale Q-values with lr       | False                                    |
+------------------------------+------------------------------------------+
| Hard or Soft Update          | True                                     |
+------------------------------+------------------------------------------+
| Polyak Factor                | None                                     |
+------------------------------+------------------------------------------+
| Make POMDP                   | Train: False, Hidden dims: [1], mask     |
|                              | Evaluation: True, Hidden dims: [1], mask |
+------------------------------+------------------------------------------+
---------------
| TRAINING... |
---------------
| Episode:   1 | Epsilon:  0.89 | Reward:   0.0 | Average Reward: 0.000 | Steps:   152 | Total Reward:   0.0|
| Episode:   2 | Epsilon:  0.89 | Reward:   0.0 | Average Reward: 0.000 | Steps:   308 | Total Reward:   0.0|
| Episode:   3 | Epsilon:  0.88 | Reward:   1.0 | Average Reward: 0.333 | Steps:   520 | Total Reward:   1.0|
| Episode:   4 | Epsilon:  0.87 | Reward:   0.0 | Average Reward: 0.250 | Steps:   666 | Total Reward:   1.0|
| Episode:   5 | Epsilon:  0.86 | Reward:   1.0 | Average Reward: 0.400 | Steps:   886 | Total Reward:   2.0|
| Episode:   6 | Epsilon:  0.85 | Reward:   2.0 | Average Reward: 0.667 | Steps:  1174 | Total Reward:   4.0|
| Episode:   7 | Epsilon:  0.85 | Reward:   0.0 | Average Reward: 0.571 | Steps:  1322 | Total Reward:   4.0|
| Episode:   8 | Epsilon:  0.84 | Reward:   0.0 | Average Reward: 0.500 | Steps:  1477 | Total Reward:   4.0|
| Episode:   9 | Epsilon:  0.83 | Reward:   2.0 | Average Reward: 0.667 | Steps:  1705 | Total Reward:   6.0|
| Episode:  10 | Epsilon:  0.83 | Reward:   2.0 | Average Reward: 0.800 | Steps:  1960 | Total Reward:   8.0|
| Episode:  11 | Epsilon:  0.82 | Reward:   1.0 | Average Reward: 0.818 | Steps:  2153 | Total Reward:   9.0|
| Episode:  12 | Epsilon:  0.81 | Reward:   1.0 | Average Reward: 0.833 | Steps:  2353 | Total Reward:  10.0|
| Episode:  13 | Epsilon:  0.80 | Reward:   1.0 | Average Reward: 0.846 | Steps:  2544 | Total Reward:  11.0|
| Episode:  14 | Epsilon:  0.80 | Reward:   1.0 | Average Reward: 0.857 | Steps:  2738 | Total Reward:  12.0|
| Episode:  15 | Epsilon:  0.79 | Reward:   0.0 | Average Reward: 0.800 | Steps:  2891 | Total Reward:  12.0|
| Episode:  16 | Epsilon:  0.78 | Reward:   5.0 | Average Reward: 1.062 | Steps:  3331 | Total Reward:  17.0|
| Episode:  17 | Epsilon:  0.78 | Reward:   0.0 | Average Reward: 1.000 | Steps:  3481 | Total Reward:  17.0|
| Episode:  18 | Epsilon:  0.77 | Reward:   1.0 | Average Reward: 1.000 | Steps:  3672 | Total Reward:  18.0|
| Episode:  19 | Epsilon:  0.76 | Reward:   0.0 | Average Reward: 0.947 | Steps:  3824 | Total Reward:  18.0|
| Episode:  20 | Epsilon:  0.76 | Reward:   1.0 | Average Reward: 0.950 | Steps:  4018 | Total Reward:  19.0|
| Episode:  21 | Epsilon:  0.75 | Reward:   1.0 | Average Reward: 0.952 | Steps:  4206 | Total Reward:  20.0|
| Episode:  22 | Epsilon:  0.74 | Reward:   0.0 | Average Reward: 0.909 | Steps:  4358 | Total Reward:  20.0|
| Episode:  23 | Epsilon:  0.74 | Reward:   1.0 | Average Reward: 0.913 | Steps:  4579 | Total Reward:  21.0|
| Episode:  24 | Epsilon:  0.73 | Reward:   0.0 | Average Reward: 0.875 | Steps:  4732 | Total Reward:  21.0|
| Episode:  25 | Epsilon:  0.72 | Reward:   0.0 | Average Reward: 0.840 | Steps:  4886 | Total Reward:  21.0|
| Episode:  26 | Epsilon:  0.72 | Reward:   0.0 | Average Reward: 0.808 | Steps:  5038 | Total Reward:  21.0|
| Episode:  27 | Epsilon:  0.71 | Reward:   1.0 | Average Reward: 0.815 | Steps:  5250 | Total Reward:  22.0|
| Episode:  28 | Epsilon:  0.71 | Reward:   0.0 | Average Reward: 0.786 | Steps:  5404 | Total Reward:  22.0|
| Episode:  29 | Epsilon:  0.70 | Reward:   2.0 | Average Reward: 0.828 | Steps:  5633 | Total Reward:  24.0|
| Episode:  30 | Epsilon:  0.69 | Reward:   3.0 | Average Reward: 0.900 | Steps:  5925 | Total Reward:  27.0|
| Episode:  31 | Epsilon:  0.69 | Reward:   4.0 | Average Reward: 1.000 | Steps:  6278 | Total Reward:  31.0|
| Episode:  32 | Epsilon:  0.68 | Reward:   2.0 | Average Reward: 1.031 | Steps:  6508 | Total Reward:  33.0|
| Episode:  33 | Epsilon:  0.68 | Reward:   1.0 | Average Reward: 1.030 | Steps:  6707 | Total Reward:  34.0|
| Episode:  34 | Epsilon:  0.67 | Reward:   0.0 | Average Reward: 1.000 | Steps:  6858 | Total Reward:  34.0|
| Episode:  35 | Epsilon:  0.66 | Reward:   1.0 | Average Reward: 1.000 | Steps:  7052 | Total Reward:  35.0|
| Episode:  36 | Epsilon:  0.66 | Reward:   0.0 | Average Reward: 0.972 | Steps:  7209 | Total Reward:  35.0|
| Episode:  37 | Epsilon:  0.65 | Reward:   0.0 | Average Reward: 0.946 | Steps:  7359 | Total Reward:  35.0|
| Episode:  38 | Epsilon:  0.65 | Reward:   2.0 | Average Reward: 0.974 | Steps:  7618 | Total Reward:  37.0|
| Episode:  39 | Epsilon:  0.64 | Reward:   1.0 | Average Reward: 0.974 | Steps:  7804 | Total Reward:  38.0|
| Episode:  40 | Epsilon:  0.64 | Reward:   1.0 | Average Reward: 0.975 | Steps:  7992 | Total Reward:  39.0|
| Episode:  41 | Epsilon:  0.63 | Reward:   3.0 | Average Reward: 1.024 | Steps:  8289 | Total Reward:  42.0|
| Episode:  42 | Epsilon:  0.63 | Reward:   2.0 | Average Reward: 1.048 | Steps:  8515 | Total Reward:  44.0|
| Episode:  43 | Epsilon:  0.62 | Reward:   1.0 | Average Reward: 1.047 | Steps:  8703 | Total Reward:  45.0|
| Episode:  44 | Epsilon:  0.62 | Reward:   3.0 | Average Reward: 1.091 | Steps:  8992 | Total Reward:  48.0|
| Episode:  45 | Epsilon:  0.61 | Reward:   2.0 | Average Reward: 1.111 | Steps:  9217 | Total Reward:  50.0|
| Episode:  46 | Epsilon:  0.61 | Reward:   2.0 | Average Reward: 1.130 | Steps:  9470 | Total Reward:  52.0|
| Episode:  47 | Epsilon:  0.60 | Reward:   1.0 | Average Reward: 1.128 | Steps:  9657 | Total Reward:  53.0|
| Episode:  48 | Epsilon:  0.60 | Reward:   2.0 | Average Reward: 1.146 | Steps:  9885 | Total Reward:  55.0|
| Episode:  49 | Epsilon:  0.59 | Reward:   4.0 | Average Reward: 1.204 | Steps: 10223 | Total Reward:  59.0|
| Episode:  50 | Epsilon:  0.59 | Reward:   0.0 | Average Reward: 1.180 | Steps: 10374 | Total Reward:  59.0|
| Episode:  51 | Epsilon:  0.58 | Reward:   0.0 | Average Reward: 1.157 | Steps: 10528 | Total Reward:  59.0|
| Episode:  52 | Epsilon:  0.58 | Reward:   1.0 | Average Reward: 1.154 | Steps: 10727 | Total Reward:  60.0|
| Episode:  53 | Epsilon:  0.57 | Reward:   2.0 | Average Reward: 1.170 | Steps: 10985 | Total Reward:  62.0|
| Episode:  54 | Epsilon:  0.57 | Reward:   1.0 | Average Reward: 1.167 | Steps: 11183 | Total Reward:  63.0|
| Episode:  55 | Epsilon:  0.56 | Reward:   1.0 | Average Reward: 1.164 | Steps: 11374 | Total Reward:  64.0|
| Episode:  56 | Epsilon:  0.56 | Reward:   2.0 | Average Reward: 1.179 | Steps: 11608 | Total Reward:  66.0|
| Episode:  57 | Epsilon:  0.55 | Reward:   2.0 | Average Reward: 1.193 | Steps: 11833 | Total Reward:  68.0|
| Episode:  58 | Epsilon:  0.55 | Reward:   1.0 | Average Reward: 1.190 | Steps: 12031 | Total Reward:  69.0|
| Episode:  59 | Epsilon:  0.54 | Reward:   5.0 | Average Reward: 1.254 | Steps: 12408 | Total Reward:  74.0|
| Episode:  60 | Epsilon:  0.54 | Reward:   2.0 | Average Reward: 1.267 | Steps: 12645 | Total Reward:  76.0|
| Episode:  61 | Epsilon:  0.54 | Reward:   1.0 | Average Reward: 1.262 | Steps: 12833 | Total Reward:  77.0|
| Episode:  62 | Epsilon:  0.53 | Reward:   1.0 | Average Reward: 1.258 | Steps: 13020 | Total Reward:  78.0|
| Episode:  63 | Epsilon:  0.53 | Reward:   0.0 | Average Reward: 1.238 | Steps: 13178 | Total Reward:  78.0|
| Episode:  64 | Epsilon:  0.52 | Reward:   0.0 | Average Reward: 1.219 | Steps: 13333 | Total Reward:  78.0|
| Episode:  65 | Epsilon:  0.52 | Reward:   2.0 | Average Reward: 1.231 | Steps: 13568 | Total Reward:  80.0|
| Episode:  66 | Epsilon:  0.51 | Reward:   1.0 | Average Reward: 1.227 | Steps: 13765 | Total Reward:  81.0|
| Episode:  67 | Epsilon:  0.51 | Reward:   0.0 | Average Reward: 1.209 | Steps: 13955 | Total Reward:  81.0|
| Episode:  68 | Epsilon:  0.51 | Reward:   1.0 | Average Reward: 1.206 | Steps: 14147 | Total Reward:  82.0|
| Episode:  69 | Epsilon:  0.50 | Reward:   2.0 | Average Reward: 1.217 | Steps: 14368 | Total Reward:  84.0|
| Episode:  70 | Epsilon:  0.50 | Reward:   2.0 | Average Reward: 1.229 | Steps: 14599 | Total Reward:  86.0|
| Episode:  71 | Epsilon:  0.49 | Reward:   3.0 | Average Reward: 1.254 | Steps: 14875 | Total Reward:  89.0|
| Episode:  72 | Epsilon:  0.49 | Reward:   0.0 | Average Reward: 1.236 | Steps: 15023 | Total Reward:  89.0|
| Episode:  73 | Epsilon:  0.49 | Reward:   0.0 | Average Reward: 1.219 | Steps: 15174 | Total Reward:  89.0|
| Episode:  74 | Epsilon:  0.48 | Reward:   0.0 | Average Reward: 1.203 | Steps: 15322 | Total Reward:  89.0|
| Episode:  75 | Epsilon:  0.48 | Reward:   1.0 | Average Reward: 1.200 | Steps: 15515 | Total Reward:  90.0|
| Episode:  76 | Epsilon:  0.47 | Reward:   1.0 | Average Reward: 1.197 | Steps: 15702 | Total Reward:  91.0|
| Episode:  77 | Epsilon:  0.47 | Reward:   0.0 | Average Reward: 1.182 | Steps: 15857 | Total Reward:  91.0|
| Episode:  78 | Epsilon:  0.47 | Reward:   1.0 | Average Reward: 1.179 | Steps: 16038 | Total Reward:  92.0|
| Episode:  79 | Epsilon:  0.46 | Reward:   1.0 | Average Reward: 1.177 | Steps: 16233 | Total Reward:  93.0|
| Episode:  80 | Epsilon:  0.46 | Reward:   2.0 | Average Reward: 1.188 | Steps: 16460 | Total Reward:  95.0|
| Episode:  81 | Epsilon:  0.46 | Reward:   2.0 | Average Reward: 1.198 | Steps: 16693 | Total Reward:  97.0|
| Episode:  82 | Epsilon:  0.45 | Reward:   5.0 | Average Reward: 1.244 | Steps: 17092 | Total Reward: 102.0|
| Episode:  83 | Epsilon:  0.45 | Reward:   0.0 | Average Reward: 1.229 | Steps: 17243 | Total Reward: 102.0|
| Episode:  84 | Epsilon:  0.45 | Reward:   1.0 | Average Reward: 1.226 | Steps: 17442 | Total Reward: 103.0|
| Episode:  85 | Epsilon:  0.44 | Reward:   1.0 | Average Reward: 1.224 | Steps: 17634 | Total Reward: 104.0|
| Episode:  86 | Epsilon:  0.44 | Reward:   1.0 | Average Reward: 1.221 | Steps: 17822 | Total Reward: 105.0|
| Episode:  87 | Epsilon:  0.44 | Reward:   3.0 | Average Reward: 1.241 | Steps: 18108 | Total Reward: 108.0|
| Episode:  88 | Epsilon:  0.43 | Reward:   0.0 | Average Reward: 1.227 | Steps: 18256 | Total Reward: 108.0|
| Episode:  89 | Epsilon:  0.43 | Reward:   1.0 | Average Reward: 1.225 | Steps: 18454 | Total Reward: 109.0|
| Episode:  90 | Epsilon:  0.43 | Reward:   2.0 | Average Reward: 1.233 | Steps: 18691 | Total Reward: 111.0|
| Episode:  91 | Epsilon:  0.42 | Reward:   1.0 | Average Reward: 1.231 | Steps: 18881 | Total Reward: 112.0|
| Episode:  92 | Epsilon:  0.42 | Reward:   0.0 | Average Reward: 1.217 | Steps: 19029 | Total Reward: 112.0|
| Episode:  93 | Epsilon:  0.42 | Reward:   2.0 | Average Reward: 1.226 | Steps: 19263 | Total Reward: 114.0|
| Episode:  94 | Epsilon:  0.41 | Reward:   2.0 | Average Reward: 1.234 | Steps: 19495 | Total Reward: 116.0|
| Episode:  95 | Epsilon:  0.41 | Reward:   1.0 | Average Reward: 1.232 | Steps: 19698 | Total Reward: 117.0|
| Episode:  96 | Epsilon:  0.41 | Reward:   1.0 | Average Reward: 1.229 | Steps: 19886 | Total Reward: 118.0|
| Episode:  97 | Epsilon:  0.40 | Reward:   2.0 | Average Reward: 1.237 | Steps: 20120 | Total Reward: 120.0|
| Episode:  98 | Epsilon:  0.40 | Reward:   0.0 | Average Reward: 1.224 | Steps: 20272 | Total Reward: 120.0|
| Episode:  99 | Epsilon:  0.40 | Reward:   1.0 | Average Reward: 1.222 | Steps: 20463 | Total Reward: 121.0|
| Episode: 100 | Epsilon:  0.39 | Reward:   0.0 | Average Reward: 1.210 | Steps: 20615 | Total Reward: 121.0|
| Episode: 101 | Epsilon:  0.39 | Reward:   1.0 | Average Reward: 1.220 | Steps: 20804 | Total Reward: 122.0|
| Episode: 102 | Epsilon:  0.39 | Reward:   0.0 | Average Reward: 1.220 | Steps: 20959 | Total Reward: 122.0|
| Episode: 103 | Epsilon:  0.39 | Reward:   1.0 | Average Reward: 1.220 | Steps: 21149 | Total Reward: 123.0|
| Episode: 104 | Epsilon:  0.38 | Reward:   2.0 | Average Reward: 1.240 | Steps: 21382 | Total Reward: 125.0|
| Episode: 105 | Epsilon:  0.38 | Reward:   1.0 | Average Reward: 1.240 | Steps: 21575 | Total Reward: 126.0|
| Episode: 106 | Epsilon:  0.38 | Reward:   2.0 | Average Reward: 1.240 | Steps: 21801 | Total Reward: 128.0|
| Episode: 107 | Epsilon:  0.37 | Reward:   2.0 | Average Reward: 1.260 | Steps: 22027 | Total Reward: 130.0|
| Episode: 108 | Epsilon:  0.37 | Reward:   0.0 | Average Reward: 1.260 | Steps: 22192 | Total Reward: 130.0|
| Episode: 109 | Epsilon:  0.37 | Reward:   2.0 | Average Reward: 1.260 | Steps: 22420 | Total Reward: 132.0|
| Episode: 110 | Epsilon:  0.37 | Reward:   2.0 | Average Reward: 1.260 | Steps: 22646 | Total Reward: 134.0|
| Episode: 111 | Epsilon:  0.36 | Reward:   2.0 | Average Reward: 1.270 | Steps: 22875 | Total Reward: 136.0|
| Episode: 112 | Epsilon:  0.36 | Reward:   1.0 | Average Reward: 1.270 | Steps: 23067 | Total Reward: 137.0|
| Episode: 113 | Epsilon:  0.36 | Reward:   0.0 | Average Reward: 1.260 | Steps: 23226 | Total Reward: 137.0|
| Episode: 114 | Epsilon:  0.36 | Reward:   2.0 | Average Reward: 1.270 | Steps: 23462 | Total Reward: 139.0|
| Episode: 115 | Epsilon:  0.35 | Reward:   1.0 | Average Reward: 1.280 | Steps: 23658 | Total Reward: 140.0|
| Episode: 116 | Epsilon:  0.35 | Reward:   1.0 | Average Reward: 1.240 | Steps: 23849 | Total Reward: 141.0|
| Episode: 117 | Epsilon:  0.35 | Reward:   3.0 | Average Reward: 1.270 | Steps: 24149 | Total Reward: 144.0|
| Episode: 118 | Epsilon:  0.35 | Reward:   1.0 | Average Reward: 1.270 | Steps: 24338 | Total Reward: 145.0|
| Episode: 119 | Epsilon:  0.34 | Reward:   0.0 | Average Reward: 1.270 | Steps: 24490 | Total Reward: 145.0|
| Episode: 120 | Epsilon:  0.34 | Reward:   1.0 | Average Reward: 1.270 | Steps: 24675 | Total Reward: 146.0|
| Episode: 121 | Epsilon:  0.34 | Reward:   0.0 | Average Reward: 1.260 | Steps: 24835 | Total Reward: 146.0|
| Episode: 122 | Epsilon:  0.34 | Reward:   3.0 | Average Reward: 1.290 | Steps: 25158 | Total Reward: 149.0|
| Episode: 123 | Epsilon:  0.33 | Reward:   1.0 | Average Reward: 1.290 | Steps: 25355 | Total Reward: 150.0|
| Episode: 124 | Epsilon:  0.33 | Reward:   0.0 | Average Reward: 1.290 | Steps: 25509 | Total Reward: 150.0|
| Episode: 125 | Epsilon:  0.33 | Reward:   0.0 | Average Reward: 1.290 | Steps: 25666 | Total Reward: 150.0|
| Episode: 126 | Epsilon:  0.33 | Reward:   2.0 | Average Reward: 1.310 | Steps: 25905 | Total Reward: 152.0|
| Episode: 127 | Epsilon:  0.33 | Reward:   1.0 | Average Reward: 1.310 | Steps: 26098 | Total Reward: 153.0|
| Episode: 128 | Epsilon:  0.32 | Reward:   1.0 | Average Reward: 1.320 | Steps: 26285 | Total Reward: 154.0|
| Episode: 129 | Epsilon:  0.32 | Reward:   1.0 | Average Reward: 1.310 | Steps: 26466 | Total Reward: 155.0|
| Episode: 130 | Epsilon:  0.32 | Reward:   2.0 | Average Reward: 1.300 | Steps: 26699 | Total Reward: 157.0|
| Episode: 131 | Epsilon:  0.32 | Reward:   1.0 | Average Reward: 1.270 | Steps: 26888 | Total Reward: 158.0|
| Episode: 132 | Epsilon:  0.31 | Reward:   1.0 | Average Reward: 1.260 | Steps: 27083 | Total Reward: 159.0|
| Episode: 133 | Epsilon:  0.31 | Reward:   2.0 | Average Reward: 1.270 | Steps: 27323 | Total Reward: 161.0|
| Episode: 134 | Epsilon:  0.31 | Reward:   2.0 | Average Reward: 1.290 | Steps: 27556 | Total Reward: 163.0|
| Episode: 135 | Epsilon:  0.31 | Reward:   1.0 | Average Reward: 1.290 | Steps: 27740 | Total Reward: 164.0|
| Episode: 136 | Epsilon:  0.31 | Reward:   3.0 | Average Reward: 1.320 | Steps: 28010 | Total Reward: 167.0|
| Episode: 137 | Epsilon:  0.30 | Reward:   0.0 | Average Reward: 1.320 | Steps: 28168 | Total Reward: 167.0|
| Episode: 138 | Epsilon:  0.30 | Reward:   0.0 | Average Reward: 1.300 | Steps: 28318 | Total Reward: 167.0|
| Episode: 139 | Epsilon:  0.30 | Reward:   0.0 | Average Reward: 1.290 | Steps: 28471 | Total Reward: 167.0|
| Episode: 140 | Epsilon:  0.30 | Reward:   1.0 | Average Reward: 1.290 | Steps: 28667 | Total Reward: 168.0|
| Episode: 141 | Epsilon:  0.30 | Reward:   0.0 | Average Reward: 1.260 | Steps: 28817 | Total Reward: 168.0|
| Episode: 142 | Epsilon:  0.29 | Reward:   1.0 | Average Reward: 1.250 | Steps: 29007 | Total Reward: 169.0|
| Episode: 143 | Epsilon:  0.29 | Reward:   2.0 | Average Reward: 1.260 | Steps: 29246 | Total Reward: 171.0|
| Episode: 144 | Epsilon:  0.29 | Reward:   2.0 | Average Reward: 1.250 | Steps: 29482 | Total Reward: 173.0|
| Episode: 145 | Epsilon:  0.29 | Reward:   3.0 | Average Reward: 1.260 | Steps: 29752 | Total Reward: 176.0|
| Episode: 146 | Epsilon:  0.29 | Reward:   3.0 | Average Reward: 1.270 | Steps: 30027 | Total Reward: 179.0|
| Episode: 147 | Epsilon:  0.28 | Reward:   0.0 | Average Reward: 1.260 | Steps: 30194 | Total Reward: 179.0|
| Episode: 148 | Epsilon:  0.28 | Reward:   0.0 | Average Reward: 1.240 | Steps: 30343 | Total Reward: 179.0|
| Episode: 149 | Epsilon:  0.28 | Reward:   0.0 | Average Reward: 1.200 | Steps: 30499 | Total Reward: 179.0|
| Episode: 150 | Epsilon:  0.28 | Reward:   2.0 | Average Reward: 1.220 | Steps: 30731 | Total Reward: 181.0|
| Episode: 151 | Epsilon:  0.28 | Reward:   2.0 | Average Reward: 1.240 | Steps: 30960 | Total Reward: 183.0|
| Episode: 152 | Epsilon:  0.28 | Reward:   0.0 | Average Reward: 1.230 | Steps: 31115 | Total Reward: 183.0|
| Episode: 153 | Epsilon:  0.27 | Reward:   1.0 | Average Reward: 1.220 | Steps: 31305 | Total Reward: 184.0|
| Episode: 154 | Epsilon:  0.27 | Reward:   3.0 | Average Reward: 1.240 | Steps: 31580 | Total Reward: 187.0|
| Episode: 155 | Epsilon:  0.27 | Reward:   0.0 | Average Reward: 1.230 | Steps: 31730 | Total Reward: 187.0|
| Episode: 156 | Epsilon:  0.27 | Reward:   2.0 | Average Reward: 1.230 | Steps: 31982 | Total Reward: 189.0|
| Episode: 157 | Epsilon:  0.27 | Reward:   1.0 | Average Reward: 1.220 | Steps: 32172 | Total Reward: 190.0|
| Episode: 158 | Epsilon:  0.27 | Reward:   1.0 | Average Reward: 1.220 | Steps: 32356 | Total Reward: 191.0|
| Episode: 159 | Epsilon:  0.26 | Reward:   1.0 | Average Reward: 1.180 | Steps: 32540 | Total Reward: 192.0|
| Episode: 160 | Epsilon:  0.26 | Reward:   1.0 | Average Reward: 1.170 | Steps: 32734 | Total Reward: 193.0|
| Episode: 161 | Epsilon:  0.26 | Reward:   1.0 | Average Reward: 1.170 | Steps: 32930 | Total Reward: 194.0|
| Episode: 162 | Epsilon:  0.26 | Reward:   2.0 | Average Reward: 1.180 | Steps: 33164 | Total Reward: 196.0|
| Episode: 163 | Epsilon:  0.26 | Reward:   1.0 | Average Reward: 1.190 | Steps: 33358 | Total Reward: 197.0|
| Episode: 164 | Epsilon:  0.26 | Reward:   2.0 | Average Reward: 1.210 | Steps: 33589 | Total Reward: 199.0|
| Episode: 165 | Epsilon:  0.25 | Reward:   2.0 | Average Reward: 1.210 | Steps: 33825 | Total Reward: 201.0|
| Episode: 166 | Epsilon:  0.25 | Reward:   2.0 | Average Reward: 1.220 | Steps: 34061 | Total Reward: 203.0|
| Episode: 167 | Epsilon:  0.25 | Reward:   3.0 | Average Reward: 1.250 | Steps: 34365 | Total Reward: 206.0|
| Episode: 168 | Epsilon:  0.25 | Reward:   0.0 | Average Reward: 1.240 | Steps: 34524 | Total Reward: 206.0|
| Episode: 169 | Epsilon:  0.25 | Reward:   1.0 | Average Reward: 1.230 | Steps: 34716 | Total Reward: 207.0|
| Episode: 170 | Epsilon:  0.25 | Reward:   2.0 | Average Reward: 1.230 | Steps: 34948 | Total Reward: 209.0|
| Episode: 171 | Epsilon:  0.24 | Reward:   1.0 | Average Reward: 1.210 | Steps: 35134 | Total Reward: 210.0|
| Episode: 172 | Epsilon:  0.24 | Reward:   2.0 | Average Reward: 1.230 | Steps: 35371 | Total Reward: 212.0|
| Episode: 173 | Epsilon:  0.24 | Reward:   1.0 | Average Reward: 1.240 | Steps: 35566 | Total Reward: 213.0|
| Episode: 174 | Epsilon:  0.24 | Reward:   1.0 | Average Reward: 1.250 | Steps: 35749 | Total Reward: 214.0|
| Episode: 175 | Epsilon:  0.24 | Reward:   0.0 | Average Reward: 1.240 | Steps: 35905 | Total Reward: 214.0|
| Episode: 176 | Epsilon:  0.24 | Reward:   2.0 | Average Reward: 1.250 | Steps: 36138 | Total Reward: 216.0|
| Episode: 177 | Epsilon:  0.24 | Reward:   1.0 | Average Reward: 1.260 | Steps: 36331 | Total Reward: 217.0|
| Episode: 178 | Epsilon:  0.24 | Reward:   1.0 | Average Reward: 1.260 | Steps: 36523 | Total Reward: 218.0|
| Episode: 179 | Epsilon:  0.23 | Reward:   0.0 | Average Reward: 1.250 | Steps: 36682 | Total Reward: 218.0|
| Episode: 180 | Epsilon:  0.23 | Reward:   1.0 | Average Reward: 1.240 | Steps: 36873 | Total Reward: 219.0|
| Episode: 181 | Epsilon:  0.23 | Reward:   0.0 | Average Reward: 1.220 | Steps: 37022 | Total Reward: 219.0|
| Episode: 182 | Epsilon:  0.23 | Reward:   5.0 | Average Reward: 1.220 | Steps: 37426 | Total Reward: 224.0|
| Episode: 183 | Epsilon:  0.23 | Reward:   2.0 | Average Reward: 1.240 | Steps: 37661 | Total Reward: 226.0|
| Episode: 184 | Epsilon:  0.23 | Reward:   3.0 | Average Reward: 1.260 | Steps: 37936 | Total Reward: 229.0|
| Episode: 185 | Epsilon:  0.23 | Reward:   2.0 | Average Reward: 1.270 | Steps: 38173 | Total Reward: 231.0|
| Episode: 186 | Epsilon:  0.22 | Reward:   2.0 | Average Reward: 1.280 | Steps: 38400 | Total Reward: 233.0|
| Episode: 187 | Epsilon:  0.22 | Reward:   1.0 | Average Reward: 1.260 | Steps: 38593 | Total Reward: 234.0|
| Episode: 188 | Epsilon:  0.22 | Reward:   0.0 | Average Reward: 1.260 | Steps: 38747 | Total Reward: 234.0|
| Episode: 189 | Epsilon:  0.22 | Reward:   5.0 | Average Reward: 1.300 | Steps: 39170 | Total Reward: 239.0|
| Episode: 190 | Epsilon:  0.22 | Reward:   4.0 | Average Reward: 1.320 | Steps: 39543 | Total Reward: 243.0|
| Episode: 191 | Epsilon:  0.22 | Reward:   1.0 | Average Reward: 1.320 | Steps: 39735 | Total Reward: 244.0|
| Episode: 192 | Epsilon:  0.22 | Reward:   0.0 | Average Reward: 1.320 | Steps: 39888 | Total Reward: 244.0|
| Episode: 193 | Epsilon:  0.22 | Reward:   1.0 | Average Reward: 1.310 | Steps: 40077 | Total Reward: 245.0|
| Episode: 194 | Epsilon:  0.22 | Reward:   1.0 | Average Reward: 1.300 | Steps: 40271 | Total Reward: 246.0|
| Episode: 195 | Epsilon:  0.21 | Reward:   1.0 | Average Reward: 1.300 | Steps: 40457 | Total Reward: 247.0|
| Episode: 196 | Epsilon:  0.21 | Reward:   1.0 | Average Reward: 1.300 | Steps: 40646 | Total Reward: 248.0|
| Episode: 197 | Epsilon:  0.21 | Reward:   0.0 | Average Reward: 1.280 | Steps: 40799 | Total Reward: 248.0|
| Episode: 198 | Epsilon:  0.21 | Reward:   1.0 | Average Reward: 1.290 | Steps: 40993 | Total Reward: 249.0|
| Episode: 199 | Epsilon:  0.21 | Reward:   0.0 | Average Reward: 1.280 | Steps: 41143 | Total Reward: 249.0|
| Episode: 200 | Epsilon:  0.21 | Reward:   1.0 | Average Reward: 1.290 | Steps: 41349 | Total Reward: 250.0|
| Episode: 201 | Epsilon:  0.21 | Reward:   0.0 | Average Reward: 1.280 | Steps: 41499 | Total Reward: 250.0|
| Episode: 202 | Epsilon:  0.21 | Reward:   1.0 | Average Reward: 1.290 | Steps: 41687 | Total Reward: 251.0|
| Episode: 203 | Epsilon:  0.21 | Reward:   1.0 | Average Reward: 1.290 | Steps: 41874 | Total Reward: 252.0|
| Episode: 204 | Epsilon:  0.20 | Reward:   1.0 | Average Reward: 1.280 | Steps: 42067 | Total Reward: 253.0|
| Episode: 205 | Epsilon:  0.20 | Reward:   0.0 | Average Reward: 1.270 | Steps: 42219 | Total Reward: 253.0|
| Episode: 206 | Epsilon:  0.20 | Reward:   1.0 | Average Reward: 1.260 | Steps: 42411 | Total Reward: 254.0|
| Episode: 207 | Epsilon:  0.20 | Reward:   2.0 | Average Reward: 1.260 | Steps: 42640 | Total Reward: 256.0|
| Episode: 208 | Epsilon:  0.20 | Reward:   0.0 | Average Reward: 1.260 | Steps: 42800 | Total Reward: 256.0|
| Episode: 209 | Epsilon:  0.20 | Reward:   0.0 | Average Reward: 1.240 | Steps: 42957 | Total Reward: 256.0|
| Episode: 210 | Epsilon:  0.20 | Reward:   0.0 | Average Reward: 1.220 | Steps: 43112 | Total Reward: 256.0|
| Episode: 211 | Epsilon:  0.20 | Reward:   0.0 | Average Reward: 1.200 | Steps: 43270 | Total Reward: 256.0|
| Episode: 212 | Epsilon:  0.20 | Reward:   2.0 | Average Reward: 1.210 | Steps: 43499 | Total Reward: 258.0|
| Episode: 213 | Epsilon:  0.20 | Reward:   3.0 | Average Reward: 1.240 | Steps: 43817 | Total Reward: 261.0|
| Episode: 214 | Epsilon:  0.19 | Reward:   0.0 | Average Reward: 1.220 | Steps: 43971 | Total Reward: 261.0|
| Episode: 215 | Epsilon:  0.19 | Reward:   3.0 | Average Reward: 1.240 | Steps: 44270 | Total Reward: 264.0|
| Episode: 216 | Epsilon:  0.19 | Reward:   2.0 | Average Reward: 1.250 | Steps: 44507 | Total Reward: 266.0|
| Episode: 217 | Epsilon:  0.19 | Reward:   0.0 | Average Reward: 1.220 | Steps: 44660 | Total Reward: 266.0|
| Episode: 218 | Epsilon:  0.19 | Reward:   0.0 | Average Reward: 1.210 | Steps: 44807 | Total Reward: 266.0|
| Episode: 219 | Epsilon:  0.19 | Reward:   1.0 | Average Reward: 1.220 | Steps: 45003 | Total Reward: 267.0|
| Episode: 220 | Epsilon:  0.19 | Reward:   1.0 | Average Reward: 1.220 | Steps: 45189 | Total Reward: 268.0|
| Episode: 221 | Epsilon:  0.19 | Reward:   0.0 | Average Reward: 1.220 | Steps: 45340 | Total Reward: 268.0|
| Episode: 222 | Epsilon:  0.19 | Reward:   1.0 | Average Reward: 1.200 | Steps: 45531 | Total Reward: 269.0|
| Episode: 223 | Epsilon:  0.19 | Reward:   0.0 | Average Reward: 1.190 | Steps: 45680 | Total Reward: 269.0|
| Episode: 224 | Epsilon:  0.19 | Reward:   1.0 | Average Reward: 1.200 | Steps: 45872 | Total Reward: 270.0|
| Episode: 225 | Epsilon:  0.18 | Reward:   1.0 | Average Reward: 1.210 | Steps: 46064 | Total Reward: 271.0|
| Episode: 226 | Epsilon:  0.18 | Reward:   1.0 | Average Reward: 1.200 | Steps: 46255 | Total Reward: 272.0|
| Episode: 227 | Epsilon:  0.18 | Reward:   1.0 | Average Reward: 1.200 | Steps: 46451 | Total Reward: 273.0|
| Episode: 228 | Epsilon:  0.18 | Reward:   1.0 | Average Reward: 1.200 | Steps: 46646 | Total Reward: 274.0|
| Episode: 229 | Epsilon:  0.18 | Reward:   1.0 | Average Reward: 1.200 | Steps: 46839 | Total Reward: 275.0|
| Episode: 230 | Epsilon:  0.18 | Reward:   0.0 | Average Reward: 1.180 | Steps: 46991 | Total Reward: 275.0|
| Episode: 231 | Epsilon:  0.18 | Reward:   0.0 | Average Reward: 1.170 | Steps: 47137 | Total Reward: 275.0|
| Episode: 232 | Epsilon:  0.18 | Reward:   0.0 | Average Reward: 1.160 | Steps: 47287 | Total Reward: 275.0|
| Episode: 233 | Epsilon:  0.18 | Reward:   1.0 | Average Reward: 1.150 | Steps: 47485 | Total Reward: 276.0|
| Episode: 234 | Epsilon:  0.18 | Reward:   1.0 | Average Reward: 1.140 | Steps: 47680 | Total Reward: 277.0|
| Episode: 235 | Epsilon:  0.18 | Reward:   1.0 | Average Reward: 1.140 | Steps: 47885 | Total Reward: 278.0|
| Episode: 236 | Epsilon:  0.18 | Reward:   1.0 | Average Reward: 1.120 | Steps: 48104 | Total Reward: 279.0|
| Episode: 237 | Epsilon:  0.17 | Reward:   0.0 | Average Reward: 1.120 | Steps: 48257 | Total Reward: 279.0|
| Episode: 238 | Epsilon:  0.17 | Reward:   2.0 | Average Reward: 1.140 | Steps: 48478 | Total Reward: 281.0|
| Episode: 239 | Epsilon:  0.17 | Reward:   2.0 | Average Reward: 1.160 | Steps: 48711 | Total Reward: 283.0|
| Episode: 240 | Epsilon:  0.17 | Reward:   1.0 | Average Reward: 1.160 | Steps: 48906 | Total Reward: 284.0|
| Episode: 241 | Epsilon:  0.17 | Reward:   3.0 | Average Reward: 1.190 | Steps: 49184 | Total Reward: 287.0|
| Episode: 242 | Epsilon:  0.17 | Reward:   0.0 | Average Reward: 1.180 | Steps: 49341 | Total Reward: 287.0|
| Episode: 243 | Epsilon:  0.17 | Reward:   0.0 | Average Reward: 1.160 | Steps: 49489 | Total Reward: 287.0|
| Episode: 244 | Epsilon:  0.17 | Reward:   1.0 | Average Reward: 1.150 | Steps: 49681 | Total Reward: 288.0|
| Episode: 245 | Epsilon:  0.17 | Reward:   1.0 | Average Reward: 1.130 | Steps: 49866 | Total Reward: 289.0|
| Episode: 246 | Epsilon:  0.17 | Reward:   0.0 | Average Reward: 1.100 | Steps: 50076 | Total Reward: 289.0|
| Episode: 247 | Epsilon:  0.17 | Reward:   0.0 | Average Reward: 1.100 | Steps: 50227 | Total Reward: 289.0|
| Episode: 248 | Epsilon:  0.17 | Reward:   2.0 | Average Reward: 1.120 | Steps: 50458 | Total Reward: 291.0|
| Episode: 249 | Epsilon:  0.17 | Reward:   1.0 | Average Reward: 1.130 | Steps: 50651 | Total Reward: 292.0|
| Episode: 250 | Epsilon:  0.17 | Reward:   1.0 | Average Reward: 1.120 | Steps: 50847 | Total Reward: 293.0|
| Episode: 251 | Epsilon:  0.17 | Reward:   2.0 | Average Reward: 1.120 | Steps: 51081 | Total Reward: 295.0|
| Episode: 252 | Epsilon:  0.16 | Reward:   2.0 | Average Reward: 1.140 | Steps: 51340 | Total Reward: 297.0|
| Episode: 253 | Epsilon:  0.16 | Reward:   0.0 | Average Reward: 1.130 | Steps: 51493 | Total Reward: 297.0|
| Episode: 254 | Epsilon:  0.16 | Reward:   0.0 | Average Reward: 1.100 | Steps: 51647 | Total Reward: 297.0|
| Episode: 255 | Epsilon:  0.16 | Reward:   3.0 | Average Reward: 1.130 | Steps: 51960 | Total Reward: 300.0|
| Episode: 256 | Epsilon:  0.16 | Reward:   3.0 | Average Reward: 1.140 | Steps: 52237 | Total Reward: 303.0|
| Episode: 257 | Epsilon:  0.16 | Reward:   2.0 | Average Reward: 1.150 | Steps: 52551 | Total Reward: 305.0|
| Episode: 258 | Epsilon:  0.16 | Reward:   0.0 | Average Reward: 1.140 | Steps: 52706 | Total Reward: 305.0|
| Episode: 259 | Epsilon:  0.16 | Reward:   2.0 | Average Reward: 1.150 | Steps: 52936 | Total Reward: 307.0|
| Episode: 260 | Epsilon:  0.16 | Reward:   0.0 | Average Reward: 1.140 | Steps: 53090 | Total Reward: 307.0|
| Episode: 261 | Epsilon:  0.16 | Reward:   2.0 | Average Reward: 1.150 | Steps: 53346 | Total Reward: 309.0|
| Episode: 262 | Epsilon:  0.16 | Reward:   2.0 | Average Reward: 1.150 | Steps: 53607 | Total Reward: 311.0|
| Episode: 263 | Epsilon:  0.16 | Reward:   2.0 | Average Reward: 1.160 | Steps: 53841 | Total Reward: 313.0|
| Episode: 264 | Epsilon:  0.16 | Reward:   3.0 | Average Reward: 1.170 | Steps: 54117 | Total Reward: 316.0|
| Episode: 265 | Epsilon:  0.16 | Reward:   1.0 | Average Reward: 1.160 | Steps: 54302 | Total Reward: 317.0|
| Episode: 266 | Epsilon:  0.16 | Reward:   3.0 | Average Reward: 1.170 | Steps: 54604 | Total Reward: 320.0|
| Episode: 267 | Epsilon:  0.16 | Reward:   1.0 | Average Reward: 1.150 | Steps: 54798 | Total Reward: 321.0|
| Episode: 268 | Epsilon:  0.15 | Reward:   1.0 | Average Reward: 1.160 | Steps: 54996 | Total Reward: 322.0|
| Episode: 269 | Epsilon:  0.15 | Reward:   1.0 | Average Reward: 1.160 | Steps: 55187 | Total Reward: 323.0|
| Episode: 270 | Epsilon:  0.15 | Reward:   2.0 | Average Reward: 1.160 | Steps: 55420 | Total Reward: 325.0|
| Episode: 271 | Epsilon:  0.15 | Reward:   2.0 | Average Reward: 1.170 | Steps: 55656 | Total Reward: 327.0|
| Episode: 272 | Epsilon:  0.15 | Reward:   1.0 | Average Reward: 1.160 | Steps: 55849 | Total Reward: 328.0|
| Episode: 273 | Epsilon:  0.15 | Reward:   2.0 | Average Reward: 1.170 | Steps: 56081 | Total Reward: 330.0|
| Episode: 274 | Epsilon:  0.15 | Reward:   2.0 | Average Reward: 1.180 | Steps: 56313 | Total Reward: 332.0|
| Episode: 275 | Epsilon:  0.15 | Reward:   2.0 | Average Reward: 1.200 | Steps: 56548 | Total Reward: 334.0|
| Episode: 276 | Epsilon:  0.15 | Reward:   0.0 | Average Reward: 1.180 | Steps: 56708 | Total Reward: 334.0|
| Episode: 277 | Epsilon:  0.15 | Reward:   2.0 | Average Reward: 1.190 | Steps: 56940 | Total Reward: 336.0|
| Episode: 278 | Epsilon:  0.15 | Reward:   1.0 | Average Reward: 1.190 | Steps: 57137 | Total Reward: 337.0|
| Episode: 279 | Epsilon:  0.15 | Reward:   2.0 | Average Reward: 1.210 | Steps: 57369 | Total Reward: 339.0|
| Episode: 280 | Epsilon:  0.15 | Reward:   1.0 | Average Reward: 1.210 | Steps: 57555 | Total Reward: 340.0|
| Episode: 281 | Epsilon:  0.15 | Reward:   2.0 | Average Reward: 1.230 | Steps: 57790 | Total Reward: 342.0|
| Episode: 282 | Epsilon:  0.15 | Reward:   1.0 | Average Reward: 1.190 | Steps: 57985 | Total Reward: 343.0|
| Episode: 283 | Epsilon:  0.15 | Reward:   1.0 | Average Reward: 1.180 | Steps: 58218 | Total Reward: 344.0|
| Episode: 284 | Epsilon:  0.15 | Reward:   3.0 | Average Reward: 1.180 | Steps: 58489 | Total Reward: 347.0|
| Episode: 285 | Epsilon:  0.15 | Reward:   1.0 | Average Reward: 1.170 | Steps: 58679 | Total Reward: 348.0|
| Episode: 286 | Epsilon:  0.15 | Reward:   0.0 | Average Reward: 1.150 | Steps: 58834 | Total Reward: 348.0|
| Episode: 287 | Epsilon:  0.15 | Reward:   2.0 | Average Reward: 1.160 | Steps: 59067 | Total Reward: 350.0|
| Episode: 288 | Epsilon:  0.14 | Reward:   1.0 | Average Reward: 1.170 | Steps: 59254 | Total Reward: 351.0|
| Episode: 289 | Epsilon:  0.14 | Reward:   1.0 | Average Reward: 1.130 | Steps: 59443 | Total Reward: 352.0|
| Episode: 290 | Epsilon:  0.14 | Reward:   1.0 | Average Reward: 1.100 | Steps: 59643 | Total Reward: 353.0|
| Episode: 291 | Epsilon:  0.14 | Reward:   2.0 | Average Reward: 1.110 | Steps: 59874 | Total Reward: 355.0|
| Episode: 292 | Epsilon:  0.14 | Reward:   2.0 | Average Reward: 1.130 | Steps: 60109 | Total Reward: 357.0|
| Episode: 293 | Epsilon:  0.14 | Reward:   2.0 | Average Reward: 1.140 | Steps: 60385 | Total Reward: 359.0|
| Episode: 294 | Epsilon:  0.14 | Reward:   0.0 | Average Reward: 1.130 | Steps: 60538 | Total Reward: 359.0|
| Episode: 295 | Epsilon:  0.14 | Reward:   1.0 | Average Reward: 1.130 | Steps: 60722 | Total Reward: 360.0|
| Episode: 296 | Epsilon:  0.14 | Reward:   1.0 | Average Reward: 1.130 | Steps: 60915 | Total Reward: 361.0|
| Episode: 297 | Epsilon:  0.14 | Reward:   0.0 | Average Reward: 1.130 | Steps: 61066 | Total Reward: 361.0|
| Episode: 298 | Epsilon:  0.14 | Reward:   0.0 | Average Reward: 1.120 | Steps: 61223 | Total Reward: 361.0|
| Episode: 299 | Epsilon:  0.14 | Reward:   4.0 | Average Reward: 1.160 | Steps: 61582 | Total Reward: 365.0|
| Episode: 300 | Epsilon:  0.14 | Reward:   2.0 | Average Reward: 1.170 | Steps: 61812 | Total Reward: 367.0|
| Episode: 301 | Epsilon:  0.14 | Reward:   4.0 | Average Reward: 1.210 | Steps: 62135 | Total Reward: 371.0|
| Episode: 302 | Epsilon:  0.14 | Reward:   2.0 | Average Reward: 1.220 | Steps: 62377 | Total Reward: 373.0|
| Episode: 303 | Epsilon:  0.14 | Reward:   1.0 | Average Reward: 1.220 | Steps: 62575 | Total Reward: 374.0|
| Episode: 304 | Epsilon:  0.14 | Reward:   1.0 | Average Reward: 1.220 | Steps: 62767 | Total Reward: 375.0|
| Episode: 305 | Epsilon:  0.14 | Reward:   6.0 | Average Reward: 1.280 | Steps: 63216 | Total Reward: 381.0|
| Episode: 306 | Epsilon:  0.14 | Reward:   0.0 | Average Reward: 1.270 | Steps: 63371 | Total Reward: 381.0|
| Episode: 307 | Epsilon:  0.14 | Reward:   2.0 | Average Reward: 1.270 | Steps: 63596 | Total Reward: 383.0|
| Episode: 308 | Epsilon:  0.14 | Reward:   1.0 | Average Reward: 1.280 | Steps: 63781 | Total Reward: 384.0|
| Episode: 309 | Epsilon:  0.14 | Reward:   6.0 | Average Reward: 1.340 | Steps: 64230 | Total Reward: 390.0|
| Episode: 310 | Epsilon:  0.14 | Reward:   1.0 | Average Reward: 1.350 | Steps: 64419 | Total Reward: 391.0|
| Episode: 311 | Epsilon:  0.14 | Reward:   2.0 | Average Reward: 1.370 | Steps: 64656 | Total Reward: 393.0|
| Episode: 312 | Epsilon:  0.14 | Reward:   1.0 | Average Reward: 1.360 | Steps: 64848 | Total Reward: 394.0|
| Episode: 313 | Epsilon:  0.14 | Reward:   2.0 | Average Reward: 1.350 | Steps: 65077 | Total Reward: 396.0|
| Episode: 314 | Epsilon:  0.13 | Reward:   3.0 | Average Reward: 1.380 | Steps: 65361 | Total Reward: 399.0|
| Episode: 315 | Epsilon:  0.13 | Reward:   0.0 | Average Reward: 1.350 | Steps: 65511 | Total Reward: 399.0|
| Episode: 316 | Epsilon:  0.13 | Reward:   2.0 | Average Reward: 1.350 | Steps: 65742 | Total Reward: 401.0|
| Episode: 317 | Epsilon:  0.13 | Reward:   0.0 | Average Reward: 1.350 | Steps: 65897 | Total Reward: 401.0|
| Episode: 318 | Epsilon:  0.13 | Reward:   1.0 | Average Reward: 1.360 | Steps: 66095 | Total Reward: 402.0|
| Episode: 319 | Epsilon:  0.13 | Reward:   3.0 | Average Reward: 1.380 | Steps: 66378 | Total Reward: 405.0|
| Episode: 320 | Epsilon:  0.13 | Reward:   1.0 | Average Reward: 1.380 | Steps: 66590 | Total Reward: 406.0|
| Episode: 321 | Epsilon:  0.13 | Reward:   1.0 | Average Reward: 1.390 | Steps: 66776 | Total Reward: 407.0|
| Episode: 322 | Epsilon:  0.13 | Reward:   0.0 | Average Reward: 1.380 | Steps: 66930 | Total Reward: 407.0|
| Episode: 323 | Epsilon:  0.13 | Reward:   0.0 | Average Reward: 1.380 | Steps: 67080 | Total Reward: 407.0|
| Episode: 324 | Epsilon:  0.13 | Reward:   1.0 | Average Reward: 1.380 | Steps: 67268 | Total Reward: 408.0|
| Episode: 325 | Epsilon:  0.13 | Reward:   1.0 | Average Reward: 1.380 | Steps: 67453 | Total Reward: 409.0|
| Episode: 326 | Epsilon:  0.13 | Reward:   0.0 | Average Reward: 1.370 | Steps: 67603 | Total Reward: 409.0|
| Episode: 327 | Epsilon:  0.13 | Reward:   0.0 | Average Reward: 1.360 | Steps: 67762 | Total Reward: 409.0|
| Episode: 328 | Epsilon:  0.13 | Reward:   1.0 | Average Reward: 1.360 | Steps: 67954 | Total Reward: 410.0|
| Episode: 329 | Epsilon:  0.13 | Reward:   1.0 | Average Reward: 1.360 | Steps: 68145 | Total Reward: 411.0|
| Episode: 330 | Epsilon:  0.13 | Reward:   1.0 | Average Reward: 1.370 | Steps: 68328 | Total Reward: 412.0|
| Episode: 331 | Epsilon:  0.13 | Reward:   1.0 | Average Reward: 1.380 | Steps: 68523 | Total Reward: 413.0|
| Episode: 332 | Epsilon:  0.13 | Reward:   0.0 | Average Reward: 1.380 | Steps: 68679 | Total Reward: 413.0|
| Episode: 333 | Epsilon:  0.13 | Reward:   3.0 | Average Reward: 1.400 | Steps: 68971 | Total Reward: 416.0|
| Episode: 334 | Epsilon:  0.13 | Reward:   0.0 | Average Reward: 1.390 | Steps: 69125 | Total Reward: 416.0|
| Episode: 335 | Epsilon:  0.13 | Reward:   1.0 | Average Reward: 1.390 | Steps: 69359 | Total Reward: 417.0|
| Episode: 336 | Epsilon:  0.13 | Reward:   2.0 | Average Reward: 1.400 | Steps: 69587 | Total Reward: 419.0|
| Episode: 337 | Epsilon:  0.13 | Reward:   2.0 | Average Reward: 1.420 | Steps: 69818 | Total Reward: 421.0|
| Episode: 338 | Epsilon:  0.13 | Reward:   3.0 | Average Reward: 1.430 | Steps: 70130 | Total Reward: 424.0|
| Episode: 339 | Epsilon:  0.13 | Reward:   2.0 | Average Reward: 1.430 | Steps: 70440 | Total Reward: 426.0|
| Episode: 340 | Epsilon:  0.13 | Reward:   2.0 | Average Reward: 1.440 | Steps: 70666 | Total Reward: 428.0|
| Episode: 341 | Epsilon:  0.13 | Reward:   1.0 | Average Reward: 1.420 | Steps: 70852 | Total Reward: 429.0|
| Episode: 342 | Epsilon:  0.13 | Reward:   0.0 | Average Reward: 1.420 | Steps: 71011 | Total Reward: 429.0|
| Episode: 343 | Epsilon:  0.13 | Reward:   1.0 | Average Reward: 1.430 | Steps: 71205 | Total Reward: 430.0|
| Episode: 344 | Epsilon:  0.13 | Reward:   0.0 | Average Reward: 1.420 | Steps: 71360 | Total Reward: 430.0|
| Episode: 345 | Epsilon:  0.13 | Reward:   2.0 | Average Reward: 1.430 | Steps: 71596 | Total Reward: 432.0|
| Episode: 346 | Epsilon:  0.13 | Reward:   2.0 | Average Reward: 1.450 | Steps: 71824 | Total Reward: 434.0|
| Episode: 347 | Epsilon:  0.12 | Reward:   0.0 | Average Reward: 1.450 | Steps: 71974 | Total Reward: 434.0|
| Episode: 348 | Epsilon:  0.12 | Reward:   1.0 | Average Reward: 1.440 | Steps: 72169 | Total Reward: 435.0|
| Episode: 349 | Epsilon:  0.12 | Reward:   2.0 | Average Reward: 1.450 | Steps: 72398 | Total Reward: 437.0|
| Episode: 350 | Epsilon:  0.12 | Reward:   1.0 | Average Reward: 1.450 | Steps: 72593 | Total Reward: 438.0|
| Episode: 351 | Epsilon:  0.12 | Reward:   1.0 | Average Reward: 1.440 | Steps: 72779 | Total Reward: 439.0|
| Episode: 352 | Epsilon:  0.12 | Reward:   1.0 | Average Reward: 1.430 | Steps: 72967 | Total Reward: 440.0|
| Episode: 353 | Epsilon:  0.12 | Reward:   1.0 | Average Reward: 1.440 | Steps: 73151 | Total Reward: 441.0|
| Episode: 354 | Epsilon:  0.12 | Reward:   2.0 | Average Reward: 1.460 | Steps: 73393 | Total Reward: 443.0|
| Episode: 355 | Epsilon:  0.12 | Reward:   1.0 | Average Reward: 1.440 | Steps: 73583 | Total Reward: 444.0|
| Episode: 356 | Epsilon:  0.12 | Reward:   1.0 | Average Reward: 1.420 | Steps: 73786 | Total Reward: 445.0|
| Episode: 357 | Epsilon:  0.12 | Reward:   1.0 | Average Reward: 1.410 | Steps: 74172 | Total Reward: 446.0|
| Episode: 358 | Epsilon:  0.12 | Reward:   1.0 | Average Reward: 1.420 | Steps: 74368 | Total Reward: 447.0|
| Episode: 359 | Epsilon:  0.12 | Reward:   2.0 | Average Reward: 1.420 | Steps: 74606 | Total Reward: 449.0|
| Episode: 360 | Epsilon:  0.12 | Reward:   1.0 | Average Reward: 1.430 | Steps: 74798 | Total Reward: 450.0|
| Episode: 361 | Epsilon:  0.12 | Reward:   0.0 | Average Reward: 1.410 | Steps: 74955 | Total Reward: 450.0|
| Episode: 362 | Epsilon:  0.12 | Reward:   0.0 | Average Reward: 1.390 | Steps: 75110 | Total Reward: 450.0|
| Episode: 363 | Epsilon:  0.12 | Reward:   1.0 | Average Reward: 1.380 | Steps: 75309 | Total Reward: 451.0|
| Episode: 364 | Epsilon:  0.12 | Reward:   2.0 | Average Reward: 1.370 | Steps: 75539 | Total Reward: 453.0|
| Episode: 365 | Epsilon:  0.12 | Reward:   8.0 | Average Reward: 1.440 | Steps: 76068 | Total Reward: 461.0|
| Episode: 366 | Epsilon:  0.12 | Reward:   2.0 | Average Reward: 1.430 | Steps: 76306 | Total Reward: 463.0|
| Episode: 367 | Epsilon:  0.12 | Reward:   1.0 | Average Reward: 1.430 | Steps: 76492 | Total Reward: 464.0|
| Episode: 368 | Epsilon:  0.12 | Reward:   0.0 | Average Reward: 1.420 | Steps: 76636 | Total Reward: 464.0|
| Episode: 369 | Epsilon:  0.12 | Reward:   0.0 | Average Reward: 1.410 | Steps: 76810 | Total Reward: 464.0|
| Episode: 370 | Epsilon:  0.12 | Reward:   3.0 | Average Reward: 1.420 | Steps: 77082 | Total Reward: 467.0|
| Episode: 371 | Epsilon:  0.12 | Reward:   2.0 | Average Reward: 1.420 | Steps: 77317 | Total Reward: 469.0|
| Episode: 372 | Epsilon:  0.12 | Reward:   1.0 | Average Reward: 1.420 | Steps: 77517 | Total Reward: 470.0|
| Episode: 373 | Epsilon:  0.12 | Reward:   0.0 | Average Reward: 1.400 | Steps: 77674 | Total Reward: 470.0|
| Episode: 374 | Epsilon:  0.12 | Reward:   0.0 | Average Reward: 1.380 | Steps: 77829 | Total Reward: 470.0|
| Episode: 375 | Epsilon:  0.12 | Reward:   2.0 | Average Reward: 1.380 | Steps: 78067 | Total Reward: 472.0|
| Episode: 376 | Epsilon:  0.12 | Reward:   1.0 | Average Reward: 1.390 | Steps: 78256 | Total Reward: 473.0|
| Episode: 377 | Epsilon:  0.12 | Reward:   1.0 | Average Reward: 1.380 | Steps: 78460 | Total Reward: 474.0|
| Episode: 378 | Epsilon:  0.12 | Reward:   0.0 | Average Reward: 1.370 | Steps: 78610 | Total Reward: 474.0|
| Episode: 379 | Epsilon:  0.12 | Reward:   0.0 | Average Reward: 1.350 | Steps: 78764 | Total Reward: 474.0|
| Episode: 380 | Epsilon:  0.12 | Reward:   0.0 | Average Reward: 1.340 | Steps: 78921 | Total Reward: 474.0|
| Episode: 381 | Epsilon:  0.12 | Reward:   0.0 | Average Reward: 1.320 | Steps: 79078 | Total Reward: 474.0|
| Episode: 382 | Epsilon:  0.12 | Reward:   1.0 | Average Reward: 1.320 | Steps: 79314 | Total Reward: 475.0|
| Episode: 383 | Epsilon:  0.12 | Reward:   4.0 | Average Reward: 1.350 | Steps: 79691 | Total Reward: 479.0|
| Episode: 384 | Epsilon:  0.12 | Reward:   1.0 | Average Reward: 1.330 | Steps: 79918 | Total Reward: 480.0|
| Episode: 385 | Epsilon:  0.12 | Reward:   1.0 | Average Reward: 1.330 | Steps: 80108 | Total Reward: 481.0|
| Episode: 386 | Epsilon:  0.12 | Reward:   1.0 | Average Reward: 1.340 | Steps: 80297 | Total Reward: 482.0|
| Episode: 387 | Epsilon:  0.12 | Reward:   0.0 | Average Reward: 1.320 | Steps: 80452 | Total Reward: 482.0|
| Episode: 388 | Epsilon:  0.12 | Reward:   1.0 | Average Reward: 1.320 | Steps: 80644 | Total Reward: 483.0|
| Episode: 389 | Epsilon:  0.12 | Reward:   2.0 | Average Reward: 1.330 | Steps: 80878 | Total Reward: 485.0|
| Episode: 390 | Epsilon:  0.12 | Reward:   1.0 | Average Reward: 1.330 | Steps: 81072 | Total Reward: 486.0|
| Episode: 391 | Epsilon:  0.12 | Reward:   1.0 | Average Reward: 1.320 | Steps: 81265 | Total Reward: 487.0|
| Episode: 392 | Epsilon:  0.12 | Reward:   0.0 | Average Reward: 1.300 | Steps: 81422 | Total Reward: 487.0|
| Episode: 393 | Epsilon:  0.12 | Reward:   1.0 | Average Reward: 1.290 | Steps: 81618 | Total Reward: 488.0|
| Episode: 394 | Epsilon:  0.12 | Reward:   2.0 | Average Reward: 1.310 | Steps: 81858 | Total Reward: 490.0|
| Episode: 395 | Epsilon:  0.12 | Reward:   1.0 | Average Reward: 1.310 | Steps: 82051 | Total Reward: 491.0|
| Episode: 396 | Epsilon:  0.12 | Reward:   2.0 | Average Reward: 1.320 | Steps: 82282 | Total Reward: 493.0|
| Episode: 397 | Epsilon:  0.12 | Reward:   0.0 | Average Reward: 1.320 | Steps: 82437 | Total Reward: 493.0|
| Episode: 398 | Epsilon:  0.11 | Reward:   0.0 | Average Reward: 1.320 | Steps: 82618 | Total Reward: 493.0|
| Episode: 399 | Epsilon:  0.11 | Reward:   2.0 | Average Reward: 1.300 | Steps: 82900 | Total Reward: 495.0|
| Episode: 400 | Epsilon:  0.11 | Reward:   3.0 | Average Reward: 1.310 | Steps: 83180 | Total Reward: 498.0|
| Episode: 401 | Epsilon:  0.11 | Reward:   2.0 | Average Reward: 1.290 | Steps: 83416 | Total Reward: 500.0|
| Episode: 402 | Epsilon:  0.11 | Reward:   1.0 | Average Reward: 1.280 | Steps: 83610 | Total Reward: 501.0|
| Episode: 403 | Epsilon:  0.11 | Reward:   1.0 | Average Reward: 1.280 | Steps: 83802 | Total Reward: 502.0|
| Episode: 404 | Epsilon:  0.11 | Reward:   1.0 | Average Reward: 1.280 | Steps: 83986 | Total Reward: 503.0|
| Episode: 405 | Epsilon:  0.11 | Reward:   2.0 | Average Reward: 1.240 | Steps: 84216 | Total Reward: 505.0|
| Episode: 406 | Epsilon:  0.11 | Reward:   1.0 | Average Reward: 1.250 | Steps: 84408 | Total Reward: 506.0|
| Episode: 407 | Epsilon:  0.11 | Reward:   1.0 | Average Reward: 1.240 | Steps: 84603 | Total Reward: 507.0|
| Episode: 408 | Epsilon:  0.11 | Reward:   1.0 | Average Reward: 1.240 | Steps: 84799 | Total Reward: 508.0|
| Episode: 409 | Epsilon:  0.11 | Reward:   3.0 | Average Reward: 1.210 | Steps: 85083 | Total Reward: 511.0|
| Episode: 410 | Epsilon:  0.11 | Reward:   1.0 | Average Reward: 1.210 | Steps: 85271 | Total Reward: 512.0|
| Episode: 411 | Epsilon:  0.11 | Reward:   1.0 | Average Reward: 1.200 | Steps: 85462 | Total Reward: 513.0|
| Episode: 412 | Epsilon:  0.11 | Reward:   0.0 | Average Reward: 1.190 | Steps: 85616 | Total Reward: 513.0|
| Episode: 413 | Epsilon:  0.11 | Reward:   1.0 | Average Reward: 1.180 | Steps: 85804 | Total Reward: 514.0|
| Episode: 414 | Epsilon:  0.11 | Reward:   0.0 | Average Reward: 1.150 | Steps: 85960 | Total Reward: 514.0|
| Episode: 415 | Epsilon:  0.11 | Reward:   1.0 | Average Reward: 1.160 | Steps: 86152 | Total Reward: 515.0|
| Episode: 416 | Epsilon:  0.11 | Reward:   2.0 | Average Reward: 1.160 | Steps: 86412 | Total Reward: 517.0|
| Episode: 417 | Epsilon:  0.11 | Reward:   0.0 | Average Reward: 1.160 | Steps: 86563 | Total Reward: 517.0|
| Episode: 418 | Epsilon:  0.11 | Reward:   0.0 | Average Reward: 1.150 | Steps: 86714 | Total Reward: 517.0|
| Episode: 419 | Epsilon:  0.11 | Reward:   2.0 | Average Reward: 1.140 | Steps: 86976 | Total Reward: 519.0|
| Episode: 420 | Epsilon:  0.11 | Reward:   1.0 | Average Reward: 1.140 | Steps: 87170 | Total Reward: 520.0|
| Episode: 421 | Epsilon:  0.11 | Reward:   5.0 | Average Reward: 1.180 | Steps: 87538 | Total Reward: 525.0|
| Episode: 422 | Epsilon:  0.11 | Reward:   1.0 | Average Reward: 1.190 | Steps: 87735 | Total Reward: 526.0|
| Episode: 423 | Epsilon:  0.11 | Reward:   0.0 | Average Reward: 1.190 | Steps: 87887 | Total Reward: 526.0|
| Episode: 424 | Epsilon:  0.11 | Reward:   2.0 | Average Reward: 1.200 | Steps: 88115 | Total Reward: 528.0|
| Episode: 425 | Epsilon:  0.11 | Reward:   2.0 | Average Reward: 1.210 | Steps: 88347 | Total Reward: 530.0|
| Episode: 426 | Epsilon:  0.11 | Reward:   1.0 | Average Reward: 1.220 | Steps: 88554 | Total Reward: 531.0|
| Episode: 427 | Epsilon:  0.11 | Reward:   3.0 | Average Reward: 1.250 | Steps: 88875 | Total Reward: 534.0|
| Episode: 428 | Epsilon:  0.11 | Reward:   2.0 | Average Reward: 1.260 | Steps: 89108 | Total Reward: 536.0|
| Episode: 429 | Epsilon:  0.11 | Reward:   1.0 | Average Reward: 1.260 | Steps: 89299 | Total Reward: 537.0|
| Episode: 430 | Epsilon:  0.11 | Reward:   1.0 | Average Reward: 1.260 | Steps: 89494 | Total Reward: 538.0|
| Episode: 431 | Epsilon:  0.11 | Reward:   1.0 | Average Reward: 1.260 | Steps: 89680 | Total Reward: 539.0|
| Episode: 432 | Epsilon:  0.11 | Reward:   0.0 | Average Reward: 1.260 | Steps: 89841 | Total Reward: 539.0|
| Episode: 433 | Epsilon:  0.11 | Reward:   0.0 | Average Reward: 1.230 | Steps: 89996 | Total Reward: 539.0|
| Episode: 434 | Epsilon:  0.11 | Reward:   0.0 | Average Reward: 1.230 | Steps: 90156 | Total Reward: 539.0|
| Episode: 435 | Epsilon:  0.11 | Reward:   1.0 | Average Reward: 1.230 | Steps: 90426 | Total Reward: 540.0|
| Episode: 436 | Epsilon:  0.11 | Reward:   2.0 | Average Reward: 1.230 | Steps: 90709 | Total Reward: 542.0|
| Episode: 437 | Epsilon:  0.11 | Reward:   3.0 | Average Reward: 1.240 | Steps: 90982 | Total Reward: 545.0|
| Episode: 438 | Epsilon:  0.11 | Reward:   0.0 | Average Reward: 1.210 | Steps: 91133 | Total Reward: 545.0|
| Episode: 439 | Epsilon:  0.11 | Reward:   2.0 | Average Reward: 1.210 | Steps: 91360 | Total Reward: 547.0|
| Episode: 440 | Epsilon:  0.11 | Reward:   1.0 | Average Reward: 1.200 | Steps: 91553 | Total Reward: 548.0|
| Episode: 441 | Epsilon:  0.11 | Reward:   0.0 | Average Reward: 1.190 | Steps: 91741 | Total Reward: 548.0|
| Episode: 442 | Epsilon:  0.11 | Reward:   1.0 | Average Reward: 1.200 | Steps: 91931 | Total Reward: 549.0|
| Episode: 443 | Epsilon:  0.11 | Reward:   1.0 | Average Reward: 1.200 | Steps: 92121 | Total Reward: 550.0|
| Episode: 444 | Epsilon:  0.11 | Reward:   3.0 | Average Reward: 1.230 | Steps: 92393 | Total Reward: 553.0|
| Episode: 445 | Epsilon:  0.11 | Reward:   0.0 | Average Reward: 1.210 | Steps: 92544 | Total Reward: 553.0|
| Episode: 446 | Epsilon:  0.11 | Reward:   2.0 | Average Reward: 1.210 | Steps: 92779 | Total Reward: 555.0|
| Episode: 447 | Epsilon:  0.11 | Reward:   0.0 | Average Reward: 1.210 | Steps: 92929 | Total Reward: 555.0|
| Episode: 448 | Epsilon:  0.11 | Reward:   2.0 | Average Reward: 1.220 | Steps: 93168 | Total Reward: 557.0|
| Episode: 449 | Epsilon:  0.11 | Reward:   1.0 | Average Reward: 1.210 | Steps: 93379 | Total Reward: 558.0|
| Episode: 450 | Epsilon:  0.11 | Reward:   1.0 | Average Reward: 1.210 | Steps: 93569 | Total Reward: 559.0|
| Episode: 451 | Epsilon:  0.11 | Reward:   0.0 | Average Reward: 1.200 | Steps: 93720 | Total Reward: 559.0|
| Episode: 452 | Epsilon:  0.11 | Reward:   0.0 | Average Reward: 1.190 | Steps: 93873 | Total Reward: 559.0|
| Episode: 453 | Epsilon:  0.11 | Reward:   1.0 | Average Reward: 1.190 | Steps: 94066 | Total Reward: 560.0|
| Episode: 454 | Epsilon:  0.11 | Reward:   2.0 | Average Reward: 1.190 | Steps: 94341 | Total Reward: 562.0|
| Episode: 455 | Epsilon:  0.11 | Reward:   2.0 | Average Reward: 1.200 | Steps: 94569 | Total Reward: 564.0|
| Episode: 456 | Epsilon:  0.11 | Reward:   1.0 | Average Reward: 1.200 | Steps: 94775 | Total Reward: 565.0|
| Episode: 457 | Epsilon:  0.11 | Reward:   3.0 | Average Reward: 1.220 | Steps: 95051 | Total Reward: 568.0|
| Episode: 458 | Epsilon:  0.11 | Reward:   1.0 | Average Reward: 1.220 | Steps: 95242 | Total Reward: 569.0|
| Episode: 459 | Epsilon:  0.11 | Reward:   3.0 | Average Reward: 1.230 | Steps: 95510 | Total Reward: 572.0|
| Episode: 460 | Epsilon:  0.11 | Reward:   1.0 | Average Reward: 1.230 | Steps: 95703 | Total Reward: 573.0|
| Episode: 461 | Epsilon:  0.11 | Reward:   2.0 | Average Reward: 1.250 | Steps: 95940 | Total Reward: 575.0|
| Episode: 462 | Epsilon:  0.11 | Reward:   2.0 | Average Reward: 1.270 | Steps: 96168 | Total Reward: 577.0|
| Episode: 463 | Epsilon:  0.11 | Reward:   1.0 | Average Reward: 1.270 | Steps: 96363 | Total Reward: 578.0|
| Episode: 464 | Epsilon:  0.11 | Reward:   1.0 | Average Reward: 1.260 | Steps: 96556 | Total Reward: 579.0|
| Episode: 465 | Epsilon:  0.11 | Reward:   3.0 | Average Reward: 1.210 | Steps: 96835 | Total Reward: 582.0|
| Episode: 466 | Epsilon:  0.11 | Reward:   1.0 | Average Reward: 1.200 | Steps: 97028 | Total Reward: 583.0|
| Episode: 467 | Epsilon:  0.11 | Reward:   0.0 | Average Reward: 1.190 | Steps: 97183 | Total Reward: 583.0|
| Episode: 468 | Epsilon:  0.11 | Reward:   1.0 | Average Reward: 1.200 | Steps: 97385 | Total Reward: 584.0|
| Episode: 469 | Epsilon:  0.11 | Reward:   1.0 | Average Reward: 1.210 | Steps: 97575 | Total Reward: 585.0|
| Episode: 470 | Epsilon:  0.11 | Reward:   0.0 | Average Reward: 1.180 | Steps: 97735 | Total Reward: 585.0|
| Episode: 471 | Epsilon:  0.11 | Reward:   2.0 | Average Reward: 1.180 | Steps: 97976 | Total Reward: 587.0|
| Episode: 472 | Epsilon:  0.11 | Reward:   1.0 | Average Reward: 1.180 | Steps: 98168 | Total Reward: 588.0|
| Episode: 473 | Epsilon:  0.11 | Reward:   2.0 | Average Reward: 1.200 | Steps: 98401 | Total Reward: 590.0|
| Episode: 474 | Epsilon:  0.11 | Reward:   4.0 | Average Reward: 1.240 | Steps: 98707 | Total Reward: 594.0|
| Episode: 475 | Epsilon:  0.11 | Reward:   2.0 | Average Reward: 1.240 | Steps: 98939 | Total Reward: 596.0|
| Episode: 476 | Epsilon:  0.11 | Reward:   0.0 | Average Reward: 1.230 | Steps: 99085 | Total Reward: 596.0|
| Episode: 477 | Epsilon:  0.11 | Reward:   2.0 | Average Reward: 1.240 | Steps: 99317 | Total Reward: 598.0|
| Episode: 478 | Epsilon:  0.11 | Reward:   1.0 | Average Reward: 1.250 | Steps: 99507 | Total Reward: 599.0|
| Episode: 479 | Epsilon:  0.11 | Reward:   0.0 | Average Reward: 1.250 | Steps: 99657 | Total Reward: 599.0|
| Episode: 480 | Epsilon:  0.11 | Reward:   1.0 | Average Reward: 1.260 | Steps: 99855 | Total Reward: 600.0|
| Episode: 481 | Epsilon:  0.11 | Reward:   2.0 | Average Reward: 1.280 | Steps: 100090 | Total Reward: 602.0|
| Episode: 482 | Epsilon:  0.11 | Reward:   0.0 | Average Reward: 1.270 | Steps: 100240 | Total Reward: 602.0|
| Episode: 483 | Epsilon:  0.11 | Reward:   2.0 | Average Reward: 1.250 | Steps: 100471 | Total Reward: 604.0|
| Episode: 484 | Epsilon:  0.11 | Reward:   0.0 | Average Reward: 1.240 | Steps: 100626 | Total Reward: 604.0|
| Episode: 485 | Epsilon:  0.11 | Reward:   2.0 | Average Reward: 1.250 | Steps: 100858 | Total Reward: 606.0|
| Episode: 486 | Epsilon:  0.11 | Reward:   2.0 | Average Reward: 1.260 | Steps: 101180 | Total Reward: 608.0|
| Episode: 487 | Epsilon:  0.11 | Reward:   1.0 | Average Reward: 1.270 | Steps: 101369 | Total Reward: 609.0|
| Episode: 488 | Epsilon:  0.11 | Reward:   1.0 | Average Reward: 1.270 | Steps: 101555 | Total Reward: 610.0|
| Episode: 489 | Epsilon:  0.11 | Reward:   4.0 | Average Reward: 1.290 | Steps: 101882 | Total Reward: 614.0|
| Episode: 490 | Epsilon:  0.11 | Reward:   2.0 | Average Reward: 1.300 | Steps: 102119 | Total Reward: 616.0|
| Episode: 491 | Epsilon:  0.11 | Reward:   2.0 | Average Reward: 1.310 | Steps: 102401 | Total Reward: 618.0|
| Episode: 492 | Epsilon:  0.11 | Reward:   1.0 | Average Reward: 1.320 | Steps: 102593 | Total Reward: 619.0|
| Episode: 493 | Epsilon:  0.11 | Reward:   1.0 | Average Reward: 1.320 | Steps: 102784 | Total Reward: 620.0|
| Episode: 494 | Epsilon:  0.11 | Reward:   1.0 | Average Reward: 1.310 | Steps: 102968 | Total Reward: 621.0|
| Episode: 495 | Epsilon:  0.11 | Reward:   1.0 | Average Reward: 1.310 | Steps: 103155 | Total Reward: 622.0|
| Episode: 496 | Epsilon:  0.11 | Reward:   1.0 | Average Reward: 1.300 | Steps: 103342 | Total Reward: 623.0|
| Episode: 497 | Epsilon:  0.11 | Reward:   0.0 | Average Reward: 1.300 | Steps: 103499 | Total Reward: 623.0|
| Episode: 498 | Epsilon:  0.11 | Reward:   1.0 | Average Reward: 1.310 | Steps: 103686 | Total Reward: 624.0|
| Episode: 499 | Epsilon:  0.11 | Reward:   2.0 | Average Reward: 1.310 | Steps: 103914 | Total Reward: 626.0|
| Episode: 500 | Epsilon:  0.11 | Reward:   1.0 | Average Reward: 1.290 | Steps: 104117 | Total Reward: 627.0|
| Episode: 501 | Epsilon:  0.11 | Reward:   0.0 | Average Reward: 1.270 | Steps: 104268 | Total Reward: 627.0|
| Episode: 502 | Epsilon:  0.11 | Reward:   2.0 | Average Reward: 1.280 | Steps: 104488 | Total Reward: 629.0|
| Episode: 503 | Epsilon:  0.11 | Reward:   1.0 | Average Reward: 1.280 | Steps: 104674 | Total Reward: 630.0|
| Episode: 504 | Epsilon:  0.11 | Reward:   1.0 | Average Reward: 1.280 | Steps: 104865 | Total Reward: 631.0|
| Episode: 505 | Epsilon:  0.11 | Reward:   1.0 | Average Reward: 1.270 | Steps: 105052 | Total Reward: 632.0|
| Episode: 506 | Epsilon:  0.11 | Reward:   2.0 | Average Reward: 1.280 | Steps: 105286 | Total Reward: 634.0|
| Episode: 507 | Epsilon:  0.11 | Reward:   1.0 | Average Reward: 1.280 | Steps: 105477 | Total Reward: 635.0|
| Episode: 508 | Epsilon:  0.10 | Reward:   1.0 | Average Reward: 1.280 | Steps: 105689 | Total Reward: 636.0|
| Episode: 509 | Epsilon:  0.10 | Reward:   1.0 | Average Reward: 1.260 | Steps: 105879 | Total Reward: 637.0|
| Episode: 510 | Epsilon:  0.10 | Reward:   1.0 | Average Reward: 1.260 | Steps: 106077 | Total Reward: 638.0|
| Episode: 511 | Epsilon:  0.10 | Reward:   2.0 | Average Reward: 1.270 | Steps: 106313 | Total Reward: 640.0|
| Episode: 512 | Epsilon:  0.10 | Reward:   0.0 | Average Reward: 1.270 | Steps: 106477 | Total Reward: 640.0|
| Episode: 513 | Epsilon:  0.10 | Reward:   2.0 | Average Reward: 1.280 | Steps: 106715 | Total Reward: 642.0|
| Episode: 514 | Epsilon:  0.10 | Reward:   1.0 | Average Reward: 1.290 | Steps: 106910 | Total Reward: 643.0|
| Episode: 515 | Epsilon:  0.10 | Reward:   0.0 | Average Reward: 1.280 | Steps: 107064 | Total Reward: 643.0|
| Episode: 516 | Epsilon:  0.10 | Reward:   1.0 | Average Reward: 1.270 | Steps: 107256 | Total Reward: 644.0|
| Episode: 517 | Epsilon:  0.10 | Reward:   1.0 | Average Reward: 1.280 | Steps: 107553 | Total Reward: 645.0|
| Episode: 518 | Epsilon:  0.10 | Reward:   1.0 | Average Reward: 1.290 | Steps: 107787 | Total Reward: 646.0|
| Episode: 519 | Epsilon:  0.10 | Reward:   1.0 | Average Reward: 1.280 | Steps: 107977 | Total Reward: 647.0|
| Episode: 520 | Epsilon:  0.10 | Reward:   1.0 | Average Reward: 1.280 | Steps: 108179 | Total Reward: 648.0|
| Episode: 521 | Epsilon:  0.10 | Reward:   2.0 | Average Reward: 1.250 | Steps: 108415 | Total Reward: 650.0|
| Episode: 522 | Epsilon:  0.10 | Reward:   0.0 | Average Reward: 1.240 | Steps: 108566 | Total Reward: 650.0|
| Episode: 523 | Epsilon:  0.10 | Reward:   1.0 | Average Reward: 1.250 | Steps: 108759 | Total Reward: 651.0|
| Episode: 524 | Epsilon:  0.10 | Reward:   1.0 | Average Reward: 1.240 | Steps: 108949 | Total Reward: 652.0|
| Episode: 525 | Epsilon:  0.10 | Reward:   1.0 | Average Reward: 1.230 | Steps: 109135 | Total Reward: 653.0|
| Episode: 526 | Epsilon:  0.10 | Reward:   3.0 | Average Reward: 1.250 | Steps: 109399 | Total Reward: 656.0|
| Episode: 527 | Epsilon:  0.10 | Reward:   2.0 | Average Reward: 1.240 | Steps: 109636 | Total Reward: 658.0|
| Episode: 528 | Epsilon:  0.10 | Reward:   0.0 | Average Reward: 1.220 | Steps: 109783 | Total Reward: 658.0|
| Episode: 529 | Epsilon:  0.10 | Reward:   0.0 | Average Reward: 1.210 | Steps: 109936 | Total Reward: 658.0|
| Episode: 530 | Epsilon:  0.10 | Reward:   0.0 | Average Reward: 1.200 | Steps: 110092 | Total Reward: 658.0|
| Episode: 531 | Epsilon:  0.10 | Reward:   1.0 | Average Reward: 1.200 | Steps: 110286 | Total Reward: 659.0|
| Episode: 532 | Epsilon:  0.10 | Reward:   1.0 | Average Reward: 1.210 | Steps: 110481 | Total Reward: 660.0|
| Episode: 533 | Epsilon:  0.10 | Reward:   1.0 | Average Reward: 1.220 | Steps: 110668 | Total Reward: 661.0|
| Episode: 534 | Epsilon:  0.10 | Reward:   3.0 | Average Reward: 1.250 | Steps: 110946 | Total Reward: 664.0|
| Episode: 535 | Epsilon:  0.10 | Reward:   1.0 | Average Reward: 1.250 | Steps: 111135 | Total Reward: 665.0|
| Episode: 536 | Epsilon:  0.10 | Reward:   1.0 | Average Reward: 1.240 | Steps: 111329 | Total Reward: 666.0|
| Episode: 537 | Epsilon:  0.10 | Reward:   1.0 | Average Reward: 1.220 | Steps: 111523 | Total Reward: 667.0|
| Episode: 538 | Epsilon:  0.10 | Reward:   1.0 | Average Reward: 1.230 | Steps: 111719 | Total Reward: 668.0|
| Episode: 539 | Epsilon:  0.10 | Reward:   0.0 | Average Reward: 1.210 | Steps: 111879 | Total Reward: 668.0|
| Episode: 540 | Epsilon:  0.10 | Reward:   1.0 | Average Reward: 1.210 | Steps: 112086 | Total Reward: 669.0|
| Episode: 541 | Epsilon:  0.10 | Reward:   1.0 | Average Reward: 1.220 | Steps: 112283 | Total Reward: 670.0|
| Episode: 542 | Epsilon:  0.10 | Reward:   3.0 | Average Reward: 1.240 | Steps: 112572 | Total Reward: 673.0|
| Episode: 543 | Epsilon:  0.10 | Reward:   2.0 | Average Reward: 1.250 | Steps: 112802 | Total Reward: 675.0|
| Episode: 544 | Epsilon:  0.10 | Reward:   2.0 | Average Reward: 1.240 | Steps: 113027 | Total Reward: 677.0|
| Episode: 545 | Epsilon:  0.10 | Reward:   3.0 | Average Reward: 1.270 | Steps: 113302 | Total Reward: 680.0|
| Episode: 546 | Epsilon:  0.10 | Reward:   2.0 | Average Reward: 1.270 | Steps: 113542 | Total Reward: 682.0|
| Episode: 547 | Epsilon:  0.10 | Reward:   0.0 | Average Reward: 1.270 | Steps: 113688 | Total Reward: 682.0|
| Episode: 548 | Epsilon:  0.10 | Reward:   1.0 | Average Reward: 1.260 | Steps: 113878 | Total Reward: 683.0|
| Episode: 549 | Epsilon:  0.10 | Reward:   3.0 | Average Reward: 1.280 | Steps: 114156 | Total Reward: 686.0|
| Episode: 550 | Epsilon:  0.10 | Reward:   0.0 | Average Reward: 1.270 | Steps: 114314 | Total Reward: 686.0|
| Episode: 551 | Epsilon:  0.10 | Reward:   2.0 | Average Reward: 1.290 | Steps: 114544 | Total Reward: 688.0|
| Episode: 552 | Epsilon:  0.10 | Reward:   0.0 | Average Reward: 1.290 | Steps: 114800 | Total Reward: 688.0|
| Episode: 553 | Epsilon:  0.10 | Reward:   1.0 | Average Reward: 1.290 | Steps: 114994 | Total Reward: 689.0|
| Episode: 554 | Epsilon:  0.10 | Reward:   1.0 | Average Reward: 1.280 | Steps: 115189 | Total Reward: 690.0|
| Episode: 555 | Epsilon:  0.10 | Reward:   2.0 | Average Reward: 1.280 | Steps: 115417 | Total Reward: 692.0|
| Episode: 556 | Epsilon:  0.10 | Reward:   3.0 | Average Reward: 1.300 | Steps: 115692 | Total Reward: 695.0|
| Episode: 557 | Epsilon:  0.10 | Reward:   4.0 | Average Reward: 1.310 | Steps: 116061 | Total Reward: 699.0|
| Episode: 558 | Epsilon:  0.10 | Reward:   1.0 | Average Reward: 1.310 | Steps: 116251 | Total Reward: 700.0|
| Episode: 559 | Epsilon:  0.10 | Reward:   1.0 | Average Reward: 1.290 | Steps: 116441 | Total Reward: 701.0|
| Episode: 560 | Epsilon:  0.10 | Reward:   1.0 | Average Reward: 1.290 | Steps: 116633 | Total Reward: 702.0|
| Episode: 561 | Epsilon:  0.10 | Reward:   1.0 | Average Reward: 1.280 | Steps: 116817 | Total Reward: 703.0|
| Episode: 562 | Epsilon:  0.10 | Reward:   3.0 | Average Reward: 1.290 | Steps: 117089 | Total Reward: 706.0|
| Episode: 563 | Epsilon:  0.10 | Reward:   1.0 | Average Reward: 1.290 | Steps: 117368 | Total Reward: 707.0|
| Episode: 564 | Epsilon:  0.10 | Reward:   0.0 | Average Reward: 1.280 | Steps: 117517 | Total Reward: 707.0|
| Episode: 565 | Epsilon:  0.10 | Reward:   1.0 | Average Reward: 1.260 | Steps: 117707 | Total Reward: 708.0|
| Episode: 566 | Epsilon:  0.10 | Reward:   2.0 | Average Reward: 1.270 | Steps: 117941 | Total Reward: 710.0|
| Episode: 567 | Epsilon:  0.10 | Reward:   2.0 | Average Reward: 1.290 | Steps: 118169 | Total Reward: 712.0|
| Episode: 568 | Epsilon:  0.10 | Reward:   0.0 | Average Reward: 1.280 | Steps: 118321 | Total Reward: 712.0|
| Episode: 569 | Epsilon:  0.10 | Reward:   1.0 | Average Reward: 1.280 | Steps: 118510 | Total Reward: 713.0|
| Episode: 570 | Epsilon:  0.10 | Reward:   2.0 | Average Reward: 1.300 | Steps: 118746 | Total Reward: 715.0|
| Episode: 571 | Epsilon:  0.10 | Reward:   2.0 | Average Reward: 1.300 | Steps: 118979 | Total Reward: 717.0|
| Episode: 572 | Epsilon:  0.10 | Reward:   1.0 | Average Reward: 1.300 | Steps: 119174 | Total Reward: 718.0|
| Episode: 573 | Epsilon:  0.10 | Reward:   0.0 | Average Reward: 1.280 | Steps: 119324 | Total Reward: 718.0|
| Episode: 574 | Epsilon:  0.10 | Reward:   0.0 | Average Reward: 1.240 | Steps: 119481 | Total Reward: 718.0|
| Episode: 575 | Epsilon:  0.10 | Reward:   1.0 | Average Reward: 1.230 | Steps: 119673 | Total Reward: 719.0|
| Episode: 576 | Epsilon:  0.10 | Reward:   0.0 | Average Reward: 1.230 | Steps: 119826 | Total Reward: 719.0|
| Episode: 577 | Epsilon:  0.10 | Reward:   2.0 | Average Reward: 1.230 | Steps: 120055 | Total Reward: 721.0|
| Episode: 578 | Epsilon:  0.10 | Reward:   1.0 | Average Reward: 1.230 | Steps: 120245 | Total Reward: 722.0|
| Episode: 579 | Epsilon:  0.10 | Reward:   1.0 | Average Reward: 1.240 | Steps: 120500 | Total Reward: 723.0|
| Episode: 580 | Epsilon:  0.10 | Reward:   1.0 | Average Reward: 1.240 | Steps: 120690 | Total Reward: 724.0|
| Episode: 581 | Epsilon:  0.10 | Reward:   1.0 | Average Reward: 1.230 | Steps: 120883 | Total Reward: 725.0|
| Episode: 582 | Epsilon:  0.10 | Reward:   1.0 | Average Reward: 1.240 | Steps: 121090 | Total Reward: 726.0|
| Episode: 583 | Epsilon:  0.10 | Reward:   3.0 | Average Reward: 1.250 | Steps: 121357 | Total Reward: 729.0|
| Episode: 584 | Epsilon:  0.10 | Reward:   2.0 | Average Reward: 1.270 | Steps: 121586 | Total Reward: 731.0|
| Episode: 585 | Epsilon:  0.10 | Reward:   3.0 | Average Reward: 1.280 | Steps: 121870 | Total Reward: 734.0|
| Episode: 586 | Epsilon:  0.10 | Reward:   1.0 | Average Reward: 1.270 | Steps: 122059 | Total Reward: 735.0|
| Episode: 587 | Epsilon:  0.10 | Reward:   2.0 | Average Reward: 1.280 | Steps: 122291 | Total Reward: 737.0|
| Episode: 588 | Epsilon:  0.10 | Reward:   3.0 | Average Reward: 1.300 | Steps: 122564 | Total Reward: 740.0|
| Episode: 589 | Epsilon:  0.10 | Reward:   0.0 | Average Reward: 1.260 | Steps: 122719 | Total Reward: 740.0|
| Episode: 590 | Epsilon:  0.10 | Reward:   2.0 | Average Reward: 1.260 | Steps: 122950 | Total Reward: 742.0|
| Episode: 591 | Epsilon:  0.10 | Reward:   1.0 | Average Reward: 1.250 | Steps: 123145 | Total Reward: 743.0|
| Episode: 592 | Epsilon:  0.10 | Reward:   0.0 | Average Reward: 1.240 | Steps: 123299 | Total Reward: 743.0|
| Episode: 593 | Epsilon:  0.10 | Reward:   1.0 | Average Reward: 1.240 | Steps: 123488 | Total Reward: 744.0|
| Episode: 594 | Epsilon:  0.10 | Reward:   0.0 | Average Reward: 1.230 | Steps: 123647 | Total Reward: 744.0|
| Episode: 595 | Epsilon:  0.10 | Reward:   1.0 | Average Reward: 1.230 | Steps: 123847 | Total Reward: 745.0|
| Episode: 596 | Epsilon:  0.10 | Reward:   1.0 | Average Reward: 1.230 | Steps: 124042 | Total Reward: 746.0|
| Episode: 597 | Epsilon:  0.10 | Reward:   1.0 | Average Reward: 1.240 | Steps: 124287 | Total Reward: 747.0|
| Episode: 598 | Epsilon:  0.10 | Reward:   1.0 | Average Reward: 1.240 | Steps: 124479 | Total Reward: 748.0|
| Episode: 599 | Epsilon:  0.10 | Reward:   0.0 | Average Reward: 1.220 | Steps: 124633 | Total Reward: 748.0|
| Episode: 600 | Epsilon:  0.10 | Reward:   3.0 | Average Reward: 1.240 | Steps: 124913 | Total Reward: 751.0|
| Episode: 601 | Epsilon:  0.10 | Reward:   1.0 | Average Reward: 1.250 | Steps: 125134 | Total Reward: 752.0|
| Episode: 602 | Epsilon:  0.10 | Reward:   1.0 | Average Reward: 1.240 | Steps: 125325 | Total Reward: 753.0|
| Episode: 603 | Epsilon:  0.10 | Reward:   1.0 | Average Reward: 1.240 | Steps: 125519 | Total Reward: 754.0|
| Episode: 604 | Epsilon:  0.10 | Reward:   1.0 | Average Reward: 1.240 | Steps: 125714 | Total Reward: 755.0|
| Episode: 605 | Epsilon:  0.10 | Reward:   1.0 | Average Reward: 1.240 | Steps: 125908 | Total Reward: 756.0|
| Episode: 606 | Epsilon:  0.10 | Reward:   2.0 | Average Reward: 1.240 | Steps: 126134 | Total Reward: 758.0|
| Episode: 607 | Epsilon:  0.10 | Reward:   0.0 | Average Reward: 1.230 | Steps: 126292 | Total Reward: 758.0|
| Episode: 608 | Epsilon:  0.10 | Reward:   3.0 | Average Reward: 1.250 | Steps: 126566 | Total Reward: 761.0|
| Episode: 609 | Epsilon:  0.10 | Reward:   1.0 | Average Reward: 1.250 | Steps: 126758 | Total Reward: 762.0|
| Episode: 610 | Epsilon:  0.10 | Reward:   1.0 | Average Reward: 1.250 | Steps: 126947 | Total Reward: 763.0|
| Episode: 611 | Epsilon:  0.10 | Reward:   1.0 | Average Reward: 1.240 | Steps: 127133 | Total Reward: 764.0|
| Episode: 612 | Epsilon:  0.10 | Reward:   1.0 | Average Reward: 1.250 | Steps: 127326 | Total Reward: 765.0|
| Episode: 613 | Epsilon:  0.10 | Reward:   1.0 | Average Reward: 1.240 | Steps: 127519 | Total Reward: 766.0|
| Episode: 614 | Epsilon:  0.10 | Reward:   2.0 | Average Reward: 1.250 | Steps: 127746 | Total Reward: 768.0|
| Episode: 615 | Epsilon:  0.10 | Reward:   0.0 | Average Reward: 1.250 | Steps: 127898 | Total Reward: 768.0|
| Episode: 616 | Epsilon:  0.10 | Reward:   3.0 | Average Reward: 1.270 | Steps: 128172 | Total Reward: 771.0|
| Episode: 617 | Epsilon:  0.10 | Reward:   1.0 | Average Reward: 1.270 | Steps: 128366 | Total Reward: 772.0|
| Episode: 618 | Epsilon:  0.10 | Reward:   2.0 | Average Reward: 1.280 | Steps: 128632 | Total Reward: 774.0|
| Episode: 619 | Epsilon:  0.10 | Reward:   1.0 | Average Reward: 1.280 | Steps: 128892 | Total Reward: 775.0|
| Episode: 620 | Epsilon:  0.10 | Reward:   2.0 | Average Reward: 1.290 | Steps: 129125 | Total Reward: 777.0|
| Episode: 621 | Epsilon:  0.10 | Reward:   0.0 | Average Reward: 1.270 | Steps: 129273 | Total Reward: 777.0|
| Episode: 622 | Epsilon:  0.10 | Reward:   2.0 | Average Reward: 1.290 | Steps: 129504 | Total Reward: 779.0|
| Episode: 623 | Epsilon:  0.10 | Reward:   2.0 | Average Reward: 1.300 | Steps: 129737 | Total Reward: 781.0|
| Episode: 624 | Epsilon:  0.10 | Reward:   2.0 | Average Reward: 1.310 | Steps: 129968 | Total Reward: 783.0|
| Episode: 625 | Epsilon:  0.10 | Reward:   1.0 | Average Reward: 1.310 | Steps: 130156 | Total Reward: 784.0|
| Episode: 626 | Epsilon:  0.10 | Reward:   1.0 | Average Reward: 1.290 | Steps: 130351 | Total Reward: 785.0|
| Episode: 627 | Epsilon:  0.10 | Reward:   1.0 | Average Reward: 1.280 | Steps: 130540 | Total Reward: 786.0|
| Episode: 628 | Epsilon:  0.10 | Reward:   2.0 | Average Reward: 1.300 | Steps: 130776 | Total Reward: 788.0|
| Episode: 629 | Epsilon:  0.10 | Reward:   2.0 | Average Reward: 1.320 | Steps: 131010 | Total Reward: 790.0|
| Episode: 630 | Epsilon:  0.10 | Reward:   2.0 | Average Reward: 1.340 | Steps: 131242 | Total Reward: 792.0|
| Episode: 631 | Epsilon:  0.10 | Reward:   1.0 | Average Reward: 1.340 | Steps: 131441 | Total Reward: 793.0|
| Episode: 632 | Epsilon:  0.10 | Reward:   0.0 | Average Reward: 1.330 | Steps: 131592 | Total Reward: 793.0|
| Episode: 633 | Epsilon:  0.10 | Reward:   1.0 | Average Reward: 1.330 | Steps: 131779 | Total Reward: 794.0|
| Episode: 634 | Epsilon:  0.10 | Reward:   2.0 | Average Reward: 1.320 | Steps: 132012 | Total Reward: 796.0|
| Episode: 635 | Epsilon:  0.10 | Reward:   1.0 | Average Reward: 1.320 | Steps: 132205 | Total Reward: 797.0|
| Episode: 636 | Epsilon:  0.10 | Reward:   3.0 | Average Reward: 1.340 | Steps: 132481 | Total Reward: 800.0|
| Episode: 637 | Epsilon:  0.10 | Reward:   2.0 | Average Reward: 1.350 | Steps: 132717 | Total Reward: 802.0|
| Episode: 638 | Epsilon:  0.10 | Reward:   3.0 | Average Reward: 1.370 | Steps: 132995 | Total Reward: 805.0|
| Episode: 639 | Epsilon:  0.10 | Reward:   0.0 | Average Reward: 1.370 | Steps: 133150 | Total Reward: 805.0|
| Episode: 640 | Epsilon:  0.10 | Reward:   1.0 | Average Reward: 1.370 | Steps: 133350 | Total Reward: 806.0|
| Episode: 641 | Epsilon:  0.10 | Reward:   3.0 | Average Reward: 1.390 | Steps: 133625 | Total Reward: 809.0|
| Episode: 642 | Epsilon:  0.10 | Reward:   0.0 | Average Reward: 1.360 | Steps: 133784 | Total Reward: 809.0|
| Episode: 643 | Epsilon:  0.10 | Reward:   1.0 | Average Reward: 1.350 | Steps: 133976 | Total Reward: 810.0|
| Episode: 644 | Epsilon:  0.10 | Reward:   0.0 | Average Reward: 1.330 | Steps: 134122 | Total Reward: 810.0|
| Episode: 645 | Epsilon:  0.10 | Reward:   1.0 | Average Reward: 1.310 | Steps: 134314 | Total Reward: 811.0|
| Episode: 646 | Epsilon:  0.10 | Reward:   1.0 | Average Reward: 1.300 | Steps: 134502 | Total Reward: 812.0|
| Episode: 647 | Epsilon:  0.10 | Reward:   0.0 | Average Reward: 1.300 | Steps: 134656 | Total Reward: 812.0|
| Episode: 648 | Epsilon:  0.10 | Reward:   1.0 | Average Reward: 1.300 | Steps: 134844 | Total Reward: 813.0|
