+------------------------+----------------------------+--------------------+
|                        |     Supported Features     |  Program Commands  |
+========================+============================+====================+
| Compatible Layers      | Hopfield Layer,            | hopfield,          |
|                        | HopfieldLayer Layer,       | hopfield_layer,    |
|                        | HopfieldPooling Layer,     | hopfield_pooling,  |
|                        | LSTM,                      | lstm,              |
|                        | GRU                        | gru                |
+------------------------+----------------------------+--------------------+
| Supported Loss Metrics | Huber Loss,                | huber,             |
|                        | Mean Absolute Error Loss,  | mae,               |
|                        | Mean Squared Error Loss,   | mse,               |
|                        | SmoothL1 Loss              | smooth_l1          |
+------------------------+----------------------------+--------------------+
| Supported Optimizers   | RMSprop (default),         | rmsprop,           |
|                        | AdamW,                     | adam,              |
|                        | Adam,                      | adamW,             |
|                        | SGD                        |  sgd               |
+------------------------+----------------------------+--------------------+
+------------------------------+------------------------------------------+
|          Parameter           |                  Value                   |
+==============================+==========================================+
| Layer Type:                  | hopfield_pooling                         |
+------------------------------+------------------------------------------+
| Loss Metric:                 | mse                                      |
+------------------------------+------------------------------------------+
| Sequence Length:             | 20                                       |
+------------------------------+------------------------------------------+
| Learning Rate:               | 0.000                                    |
+------------------------------+------------------------------------------+
| Target Update Steps:         | 100                                      |
+------------------------------+------------------------------------------+
| Optimizer:                   | rmsprop                                  |
+------------------------------+------------------------------------------+
| Weight Decay:                | 0                                        |
+------------------------------+------------------------------------------+
| Hopfield Inverse Temperature | 0.100                                    |
+------------------------------+------------------------------------------+
| Scale Q-values with lr       | False                                    |
+------------------------------+------------------------------------------+
| Hard or Soft Update          | True                                     |
+------------------------------+------------------------------------------+
| Polyak Factor                | None                                     |
+------------------------------+------------------------------------------+
| Make POMDP                   | Train: False, Hidden dims: [1], mask     |
|                              | Evaluation: True, Hidden dims: [1], mask |
+------------------------------+------------------------------------------+
---------------
| TRAINING... |
---------------
| Episode:   1 | Epsilon:  0.89 | Reward:   3.0 | Average Reward: 3.000 | Steps:   289 | Total Reward:   3.0|
| Episode:   2 | Epsilon:  0.88 | Reward:   0.0 | Average Reward: 1.500 | Steps:   442 | Total Reward:   3.0|
| Episode:   3 | Epsilon:  0.87 | Reward:   0.0 | Average Reward: 1.000 | Steps:   600 | Total Reward:   3.0|
| Episode:   4 | Epsilon:  0.86 | Reward:   5.0 | Average Reward: 2.000 | Steps:  1027 | Total Reward:   8.0|
| Episode:   5 | Epsilon:  0.85 | Reward:   2.0 | Average Reward: 2.000 | Steps:  1277 | Total Reward:  10.0|
| Episode:   6 | Epsilon:  0.84 | Reward:   2.0 | Average Reward: 2.000 | Steps:  1525 | Total Reward:  12.0|
| Episode:   7 | Epsilon:  0.83 | Reward:   1.0 | Average Reward: 1.857 | Steps:  1742 | Total Reward:  13.0|
| Episode:   8 | Epsilon:  0.82 | Reward:   1.0 | Average Reward: 1.750 | Steps:  1959 | Total Reward:  14.0|
| Episode:   9 | Epsilon:  0.81 | Reward:   2.0 | Average Reward: 1.778 | Steps:  2219 | Total Reward:  16.0|
| Episode:  10 | Epsilon:  0.80 | Reward:   1.0 | Average Reward: 1.700 | Steps:  2439 | Total Reward:  17.0|
| Episode:  11 | Epsilon:  0.79 | Reward:   1.0 | Average Reward: 1.636 | Steps:  2652 | Total Reward:  18.0|
| Episode:  12 | Epsilon:  0.78 | Reward:   1.0 | Average Reward: 1.583 | Steps:  2861 | Total Reward:  19.0|
| Episode:  13 | Epsilon:  0.77 | Reward:   0.0 | Average Reward: 1.462 | Steps:  3007 | Total Reward:  19.0|
| Episode:  14 | Epsilon:  0.76 | Reward:   0.0 | Average Reward: 1.357 | Steps:  3156 | Total Reward:  19.0|
| Episode:  15 | Epsilon:  0.75 | Reward:   0.0 | Average Reward: 1.267 | Steps:  3313 | Total Reward:  19.0|
| Episode:  16 | Epsilon:  0.74 | Reward:   1.0 | Average Reward: 1.250 | Steps:  3523 | Total Reward:  20.0|
| Episode:  17 | Epsilon:  0.73 | Reward:   0.0 | Average Reward: 1.176 | Steps:  3676 | Total Reward:  20.0|
| Episode:  18 | Epsilon:  0.72 | Reward:   1.0 | Average Reward: 1.167 | Steps:  3890 | Total Reward:  21.0|
| Episode:  19 | Epsilon:  0.71 | Reward:   0.0 | Average Reward: 1.105 | Steps:  4046 | Total Reward:  21.0|
| Episode:  20 | Epsilon:  0.70 | Reward:   2.0 | Average Reward: 1.150 | Steps:  4299 | Total Reward:  23.0|
| Episode:  21 | Epsilon:  0.69 | Reward:   0.0 | Average Reward: 1.095 | Steps:  4445 | Total Reward:  23.0|
| Episode:  22 | Epsilon:  0.69 | Reward:   2.0 | Average Reward: 1.136 | Steps:  4706 | Total Reward:  25.0|
| Episode:  23 | Epsilon:  0.68 | Reward:   2.0 | Average Reward: 1.174 | Steps:  4982 | Total Reward:  27.0|
| Episode:  24 | Epsilon:  0.67 | Reward:   3.0 | Average Reward: 1.250 | Steps:  5305 | Total Reward:  30.0|
| Episode:  25 | Epsilon:  0.66 | Reward:   0.0 | Average Reward: 1.200 | Steps:  5458 | Total Reward:  30.0|
| Episode:  26 | Epsilon:  0.65 | Reward:   0.0 | Average Reward: 1.154 | Steps:  5613 | Total Reward:  30.0|
| Episode:  27 | Epsilon:  0.65 | Reward:   0.0 | Average Reward: 1.111 | Steps:  5763 | Total Reward:  30.0|
| Episode:  28 | Epsilon:  0.64 | Reward:   2.0 | Average Reward: 1.143 | Steps:  6040 | Total Reward:  32.0|
| Episode:  29 | Epsilon:  0.63 | Reward:   2.0 | Average Reward: 1.172 | Steps:  6325 | Total Reward:  34.0|
| Episode:  30 | Epsilon:  0.62 | Reward:   0.0 | Average Reward: 1.133 | Steps:  6478 | Total Reward:  34.0|
| Episode:  31 | Epsilon:  0.62 | Reward:   0.0 | Average Reward: 1.097 | Steps:  6625 | Total Reward:  34.0|
| Episode:  32 | Epsilon:  0.61 | Reward:   5.0 | Average Reward: 1.219 | Steps:  7041 | Total Reward:  39.0|
| Episode:  33 | Epsilon:  0.60 | Reward:   0.0 | Average Reward: 1.182 | Steps:  7190 | Total Reward:  39.0|
| Episode:  34 | Epsilon:  0.59 | Reward:   4.0 | Average Reward: 1.265 | Steps:  7553 | Total Reward:  43.0|
| Episode:  35 | Epsilon:  0.59 | Reward:   2.0 | Average Reward: 1.286 | Steps:  7805 | Total Reward:  45.0|
| Episode:  36 | Epsilon:  0.58 | Reward:   1.0 | Average Reward: 1.278 | Steps:  8023 | Total Reward:  46.0|
| Episode:  37 | Epsilon:  0.57 | Reward:   1.0 | Average Reward: 1.270 | Steps:  8232 | Total Reward:  47.0|
| Episode:  38 | Epsilon:  0.57 | Reward:   3.0 | Average Reward: 1.316 | Steps:  8556 | Total Reward:  50.0|
| Episode:  39 | Epsilon:  0.56 | Reward:   3.0 | Average Reward: 1.359 | Steps:  8872 | Total Reward:  53.0|
| Episode:  40 | Epsilon:  0.55 | Reward:   2.0 | Average Reward: 1.375 | Steps:  9118 | Total Reward:  55.0|
| Episode:  41 | Epsilon:  0.55 | Reward:   1.0 | Average Reward: 1.366 | Steps:  9337 | Total Reward:  56.0|
| Episode:  42 | Epsilon:  0.54 | Reward:   2.0 | Average Reward: 1.381 | Steps:  9622 | Total Reward:  58.0|
| Episode:  43 | Epsilon:  0.53 | Reward:   1.0 | Average Reward: 1.372 | Steps:  9831 | Total Reward:  59.0|
| Episode:  44 | Epsilon:  0.53 | Reward:   2.0 | Average Reward: 1.386 | Steps: 10084 | Total Reward:  61.0|
| Episode:  45 | Epsilon:  0.52 | Reward:   1.0 | Average Reward: 1.378 | Steps: 10283 | Total Reward:  62.0|
| Episode:  46 | Epsilon:  0.52 | Reward:   3.0 | Average Reward: 1.413 | Steps: 10628 | Total Reward:  65.0|
| Episode:  47 | Epsilon:  0.51 | Reward:   4.0 | Average Reward: 1.468 | Steps: 10995 | Total Reward:  69.0|
| Episode:  48 | Epsilon:  0.50 | Reward:   2.0 | Average Reward: 1.479 | Steps: 11243 | Total Reward:  71.0|
| Episode:  49 | Epsilon:  0.50 | Reward:   1.0 | Average Reward: 1.469 | Steps: 11461 | Total Reward:  72.0|
| Episode:  50 | Epsilon:  0.49 | Reward:   2.0 | Average Reward: 1.480 | Steps: 11706 | Total Reward:  74.0|
| Episode:  51 | Epsilon:  0.49 | Reward:   3.0 | Average Reward: 1.510 | Steps: 12022 | Total Reward:  77.0|
| Episode:  52 | Epsilon:  0.48 | Reward:   3.0 | Average Reward: 1.538 | Steps: 12343 | Total Reward:  80.0|
| Episode:  53 | Epsilon:  0.48 | Reward:   5.0 | Average Reward: 1.604 | Steps: 12735 | Total Reward:  85.0|
| Episode:  54 | Epsilon:  0.47 | Reward:   0.0 | Average Reward: 1.574 | Steps: 12883 | Total Reward:  85.0|
| Episode:  55 | Epsilon:  0.47 | Reward:   2.0 | Average Reward: 1.582 | Steps: 13134 | Total Reward:  87.0|
| Episode:  56 | Epsilon:  0.46 | Reward:   1.0 | Average Reward: 1.571 | Steps: 13349 | Total Reward:  88.0|
| Episode:  57 | Epsilon:  0.46 | Reward:   1.0 | Average Reward: 1.561 | Steps: 13559 | Total Reward:  89.0|
| Episode:  58 | Epsilon:  0.45 | Reward:   1.0 | Average Reward: 1.552 | Steps: 13768 | Total Reward:  90.0|
| Episode:  59 | Epsilon:  0.45 | Reward:   4.0 | Average Reward: 1.593 | Steps: 14138 | Total Reward:  94.0|
| Episode:  60 | Epsilon:  0.44 | Reward:   2.0 | Average Reward: 1.600 | Steps: 14395 | Total Reward:  96.0|
| Episode:  61 | Epsilon:  0.44 | Reward:   0.0 | Average Reward: 1.574 | Steps: 14553 | Total Reward:  96.0|
| Episode:  62 | Epsilon:  0.43 | Reward:   0.0 | Average Reward: 1.548 | Steps: 14704 | Total Reward:  96.0|
| Episode:  63 | Epsilon:  0.43 | Reward:   3.0 | Average Reward: 1.571 | Steps: 15008 | Total Reward:  99.0|
| Episode:  64 | Epsilon:  0.42 | Reward:   2.0 | Average Reward: 1.578 | Steps: 15261 | Total Reward: 101.0|
| Episode:  65 | Epsilon:  0.42 | Reward:   3.0 | Average Reward: 1.600 | Steps: 15576 | Total Reward: 104.0|
| Episode:  66 | Epsilon:  0.41 | Reward:   0.0 | Average Reward: 1.576 | Steps: 15729 | Total Reward: 104.0|
| Episode:  67 | Epsilon:  0.41 | Reward:   2.0 | Average Reward: 1.582 | Steps: 16008 | Total Reward: 106.0|
| Episode:  68 | Epsilon:  0.40 | Reward:   2.0 | Average Reward: 1.588 | Steps: 16252 | Total Reward: 108.0|
| Episode:  69 | Epsilon:  0.40 | Reward:   1.0 | Average Reward: 1.580 | Steps: 16443 | Total Reward: 109.0|
| Episode:  70 | Epsilon:  0.40 | Reward:   1.0 | Average Reward: 1.571 | Steps: 16630 | Total Reward: 110.0|
| Episode:  71 | Epsilon:  0.39 | Reward:   2.0 | Average Reward: 1.577 | Steps: 16888 | Total Reward: 112.0|
| Episode:  72 | Epsilon:  0.39 | Reward:   1.0 | Average Reward: 1.569 | Steps: 17103 | Total Reward: 113.0|
| Episode:  73 | Epsilon:  0.38 | Reward:   1.0 | Average Reward: 1.562 | Steps: 17317 | Total Reward: 114.0|
| Episode:  74 | Epsilon:  0.38 | Reward:   4.0 | Average Reward: 1.595 | Steps: 17722 | Total Reward: 118.0|
| Episode:  75 | Epsilon:  0.37 | Reward:   3.0 | Average Reward: 1.613 | Steps: 18064 | Total Reward: 121.0|
| Episode:  76 | Epsilon:  0.37 | Reward:   2.0 | Average Reward: 1.618 | Steps: 18307 | Total Reward: 123.0|
| Episode:  77 | Epsilon:  0.37 | Reward:   0.0 | Average Reward: 1.597 | Steps: 18461 | Total Reward: 123.0|
| Episode:  78 | Epsilon:  0.36 | Reward:   2.0 | Average Reward: 1.603 | Steps: 18705 | Total Reward: 125.0|
| Episode:  79 | Epsilon:  0.36 | Reward:   2.0 | Average Reward: 1.608 | Steps: 18952 | Total Reward: 127.0|
| Episode:  80 | Epsilon:  0.36 | Reward:   3.0 | Average Reward: 1.625 | Steps: 19244 | Total Reward: 130.0|
| Episode:  81 | Epsilon:  0.35 | Reward:   3.0 | Average Reward: 1.642 | Steps: 19565 | Total Reward: 133.0|
| Episode:  82 | Epsilon:  0.35 | Reward:   0.0 | Average Reward: 1.622 | Steps: 19714 | Total Reward: 133.0|
| Episode:  83 | Epsilon:  0.35 | Reward:   2.0 | Average Reward: 1.627 | Steps: 19960 | Total Reward: 135.0|
| Episode:  84 | Epsilon:  0.34 | Reward:   1.0 | Average Reward: 1.619 | Steps: 20169 | Total Reward: 136.0|
| Episode:  85 | Epsilon:  0.34 | Reward:   2.0 | Average Reward: 1.624 | Steps: 20415 | Total Reward: 138.0|
| Episode:  86 | Epsilon:  0.33 | Reward:   1.0 | Average Reward: 1.616 | Steps: 20629 | Total Reward: 139.0|
| Episode:  87 | Epsilon:  0.33 | Reward:   3.0 | Average Reward: 1.632 | Steps: 20944 | Total Reward: 142.0|
| Episode:  88 | Epsilon:  0.33 | Reward:   0.0 | Average Reward: 1.614 | Steps: 21095 | Total Reward: 142.0|
| Episode:  89 | Epsilon:  0.32 | Reward:   0.0 | Average Reward: 1.596 | Steps: 21247 | Total Reward: 142.0|
| Episode:  90 | Epsilon:  0.32 | Reward:   1.0 | Average Reward: 1.589 | Steps: 21458 | Total Reward: 143.0|
| Episode:  91 | Epsilon:  0.32 | Reward:   2.0 | Average Reward: 1.593 | Steps: 21709 | Total Reward: 145.0|
| Episode:  92 | Epsilon:  0.32 | Reward:   1.0 | Average Reward: 1.587 | Steps: 21895 | Total Reward: 146.0|
| Episode:  93 | Epsilon:  0.31 | Reward:   2.0 | Average Reward: 1.591 | Steps: 22176 | Total Reward: 148.0|
| Episode:  94 | Epsilon:  0.31 | Reward:   2.0 | Average Reward: 1.596 | Steps: 22431 | Total Reward: 150.0|
| Episode:  95 | Epsilon:  0.31 | Reward:   1.0 | Average Reward: 1.589 | Steps: 22643 | Total Reward: 151.0|
| Episode:  96 | Epsilon:  0.30 | Reward:   4.0 | Average Reward: 1.615 | Steps: 23002 | Total Reward: 155.0|
| Episode:  97 | Epsilon:  0.30 | Reward:   0.0 | Average Reward: 1.598 | Steps: 23152 | Total Reward: 155.0|
| Episode:  98 | Epsilon:  0.30 | Reward:   4.0 | Average Reward: 1.622 | Steps: 23528 | Total Reward: 159.0|
| Episode:  99 | Epsilon:  0.30 | Reward:   0.0 | Average Reward: 1.606 | Steps: 23684 | Total Reward: 159.0|
| Episode: 100 | Epsilon:  0.29 | Reward:   2.0 | Average Reward: 1.610 | Steps: 23932 | Total Reward: 161.0|
| Episode: 101 | Epsilon:  0.29 | Reward:   2.0 | Average Reward: 1.600 | Steps: 24178 | Total Reward: 163.0|
| Episode: 102 | Epsilon:  0.29 | Reward:   1.0 | Average Reward: 1.610 | Steps: 24389 | Total Reward: 164.0|
| Episode: 103 | Epsilon:  0.28 | Reward:   1.0 | Average Reward: 1.620 | Steps: 24600 | Total Reward: 165.0|
| Episode: 104 | Epsilon:  0.28 | Reward:   3.0 | Average Reward: 1.600 | Steps: 24889 | Total Reward: 168.0|
| Episode: 105 | Epsilon:  0.28 | Reward:   3.0 | Average Reward: 1.610 | Steps: 25206 | Total Reward: 171.0|
| Episode: 106 | Epsilon:  0.28 | Reward:   0.0 | Average Reward: 1.590 | Steps: 25364 | Total Reward: 171.0|
| Episode: 107 | Epsilon:  0.27 | Reward:   2.0 | Average Reward: 1.600 | Steps: 25611 | Total Reward: 173.0|
| Episode: 108 | Epsilon:  0.27 | Reward:   1.0 | Average Reward: 1.600 | Steps: 25796 | Total Reward: 174.0|
| Episode: 109 | Epsilon:  0.27 | Reward:   0.0 | Average Reward: 1.580 | Steps: 25948 | Total Reward: 174.0|
| Episode: 110 | Epsilon:  0.27 | Reward:   4.0 | Average Reward: 1.610 | Steps: 26328 | Total Reward: 178.0|
| Episode: 111 | Epsilon:  0.26 | Reward:   0.0 | Average Reward: 1.600 | Steps: 26480 | Total Reward: 178.0|
| Episode: 112 | Epsilon:  0.26 | Reward:   2.0 | Average Reward: 1.610 | Steps: 26733 | Total Reward: 180.0|
| Episode: 113 | Epsilon:  0.26 | Reward:   1.0 | Average Reward: 1.620 | Steps: 26945 | Total Reward: 181.0|
| Episode: 114 | Epsilon:  0.26 | Reward:   0.0 | Average Reward: 1.620 | Steps: 27095 | Total Reward: 181.0|
| Episode: 115 | Epsilon:  0.26 | Reward:   0.0 | Average Reward: 1.620 | Steps: 27244 | Total Reward: 181.0|
| Episode: 116 | Epsilon:  0.25 | Reward:   3.0 | Average Reward: 1.640 | Steps: 27562 | Total Reward: 184.0|
| Episode: 117 | Epsilon:  0.25 | Reward:   0.0 | Average Reward: 1.640 | Steps: 27721 | Total Reward: 184.0|
| Episode: 118 | Epsilon:  0.25 | Reward:   0.0 | Average Reward: 1.630 | Steps: 27875 | Total Reward: 184.0|
| Episode: 119 | Epsilon:  0.25 | Reward:   1.0 | Average Reward: 1.640 | Steps: 28084 | Total Reward: 185.0|
| Episode: 120 | Epsilon:  0.24 | Reward:   0.0 | Average Reward: 1.620 | Steps: 28237 | Total Reward: 185.0|
| Episode: 121 | Epsilon:  0.24 | Reward:   3.0 | Average Reward: 1.650 | Steps: 28584 | Total Reward: 188.0|
| Episode: 122 | Epsilon:  0.24 | Reward:   2.0 | Average Reward: 1.650 | Steps: 28845 | Total Reward: 190.0|
| Episode: 123 | Epsilon:  0.24 | Reward:   0.0 | Average Reward: 1.630 | Steps: 29001 | Total Reward: 190.0|
| Episode: 124 | Epsilon:  0.24 | Reward:   1.0 | Average Reward: 1.610 | Steps: 29218 | Total Reward: 191.0|
| Episode: 125 | Epsilon:  0.23 | Reward:   2.0 | Average Reward: 1.630 | Steps: 29470 | Total Reward: 193.0|
| Episode: 126 | Epsilon:  0.23 | Reward:   0.0 | Average Reward: 1.630 | Steps: 29613 | Total Reward: 193.0|
| Episode: 127 | Epsilon:  0.23 | Reward:   2.0 | Average Reward: 1.650 | Steps: 29860 | Total Reward: 195.0|
| Episode: 128 | Epsilon:  0.23 | Reward:   1.0 | Average Reward: 1.640 | Steps: 30054 | Total Reward: 196.0|
| Episode: 129 | Epsilon:  0.23 | Reward:   2.0 | Average Reward: 1.640 | Steps: 30284 | Total Reward: 198.0|
| Episode: 130 | Epsilon:  0.23 | Reward:   2.0 | Average Reward: 1.660 | Steps: 30537 | Total Reward: 200.0|
| Episode: 131 | Epsilon:  0.22 | Reward:   3.0 | Average Reward: 1.690 | Steps: 30890 | Total Reward: 203.0|
| Episode: 132 | Epsilon:  0.22 | Reward:   2.0 | Average Reward: 1.660 | Steps: 31135 | Total Reward: 205.0|
| Episode: 133 | Epsilon:  0.22 | Reward:   3.0 | Average Reward: 1.690 | Steps: 31422 | Total Reward: 208.0|
| Episode: 134 | Epsilon:  0.22 | Reward:   0.0 | Average Reward: 1.650 | Steps: 31571 | Total Reward: 208.0|
| Episode: 135 | Epsilon:  0.22 | Reward:   3.0 | Average Reward: 1.660 | Steps: 31882 | Total Reward: 211.0|
| Episode: 136 | Epsilon:  0.21 | Reward:   0.0 | Average Reward: 1.650 | Steps: 32033 | Total Reward: 211.0|
| Episode: 137 | Epsilon:  0.21 | Reward:   1.0 | Average Reward: 1.650 | Steps: 32250 | Total Reward: 212.0|
| Episode: 138 | Epsilon:  0.21 | Reward:   1.0 | Average Reward: 1.630 | Steps: 32461 | Total Reward: 213.0|
| Episode: 139 | Epsilon:  0.21 | Reward:   2.0 | Average Reward: 1.620 | Steps: 32714 | Total Reward: 215.0|
| Episode: 140 | Epsilon:  0.21 | Reward:   0.0 | Average Reward: 1.600 | Steps: 32864 | Total Reward: 215.0|
| Episode: 141 | Epsilon:  0.21 | Reward:   2.0 | Average Reward: 1.610 | Steps: 33120 | Total Reward: 217.0|
| Episode: 142 | Epsilon:  0.21 | Reward:   1.0 | Average Reward: 1.600 | Steps: 33343 | Total Reward: 218.0|
| Episode: 143 | Epsilon:  0.20 | Reward:   3.0 | Average Reward: 1.620 | Steps: 33641 | Total Reward: 221.0|
| Episode: 144 | Epsilon:  0.20 | Reward:   2.0 | Average Reward: 1.620 | Steps: 33889 | Total Reward: 223.0|
| Episode: 145 | Epsilon:  0.20 | Reward:   1.0 | Average Reward: 1.620 | Steps: 34077 | Total Reward: 224.0|
| Episode: 146 | Epsilon:  0.20 | Reward:   2.0 | Average Reward: 1.610 | Steps: 34330 | Total Reward: 226.0|
| Episode: 147 | Epsilon:  0.20 | Reward:   0.0 | Average Reward: 1.570 | Steps: 34483 | Total Reward: 226.0|
| Episode: 148 | Epsilon:  0.20 | Reward:   0.0 | Average Reward: 1.550 | Steps: 34633 | Total Reward: 226.0|
| Episode: 149 | Epsilon:  0.20 | Reward:   0.0 | Average Reward: 1.540 | Steps: 34781 | Total Reward: 226.0|
| Episode: 150 | Epsilon:  0.19 | Reward:   2.0 | Average Reward: 1.540 | Steps: 35058 | Total Reward: 228.0|
| Episode: 151 | Epsilon:  0.19 | Reward:   3.0 | Average Reward: 1.540 | Steps: 35375 | Total Reward: 231.0|
| Episode: 152 | Epsilon:  0.19 | Reward:   2.0 | Average Reward: 1.530 | Steps: 35619 | Total Reward: 233.0|
| Episode: 153 | Epsilon:  0.19 | Reward:   0.0 | Average Reward: 1.480 | Steps: 35771 | Total Reward: 233.0|
| Episode: 154 | Epsilon:  0.19 | Reward:   2.0 | Average Reward: 1.500 | Steps: 36025 | Total Reward: 235.0|
| Episode: 155 | Epsilon:  0.19 | Reward:   2.0 | Average Reward: 1.500 | Steps: 36255 | Total Reward: 237.0|
| Episode: 156 | Epsilon:  0.19 | Reward:   1.0 | Average Reward: 1.500 | Steps: 36451 | Total Reward: 238.0|
| Episode: 157 | Epsilon:  0.19 | Reward:   3.0 | Average Reward: 1.520 | Steps: 36742 | Total Reward: 241.0|
| Episode: 158 | Epsilon:  0.18 | Reward:   2.0 | Average Reward: 1.530 | Steps: 36997 | Total Reward: 243.0|
| Episode: 159 | Epsilon:  0.18 | Reward:   2.0 | Average Reward: 1.510 | Steps: 37245 | Total Reward: 245.0|
| Episode: 160 | Epsilon:  0.18 | Reward:   0.0 | Average Reward: 1.490 | Steps: 37397 | Total Reward: 245.0|
| Episode: 161 | Epsilon:  0.18 | Reward:   2.0 | Average Reward: 1.510 | Steps: 37646 | Total Reward: 247.0|
| Episode: 162 | Epsilon:  0.18 | Reward:   2.0 | Average Reward: 1.530 | Steps: 37903 | Total Reward: 249.0|
| Episode: 163 | Epsilon:  0.18 | Reward:   1.0 | Average Reward: 1.510 | Steps: 38116 | Total Reward: 250.0|
| Episode: 164 | Epsilon:  0.18 | Reward:   2.0 | Average Reward: 1.510 | Steps: 38371 | Total Reward: 252.0|
| Episode: 165 | Epsilon:  0.18 | Reward:   2.0 | Average Reward: 1.500 | Steps: 38622 | Total Reward: 254.0|
| Episode: 166 | Epsilon:  0.17 | Reward:   2.0 | Average Reward: 1.520 | Steps: 38875 | Total Reward: 256.0|
| Episode: 167 | Epsilon:  0.17 | Reward:   0.0 | Average Reward: 1.500 | Steps: 39028 | Total Reward: 256.0|
| Episode: 168 | Epsilon:  0.17 | Reward:   2.0 | Average Reward: 1.500 | Steps: 39302 | Total Reward: 258.0|
| Episode: 169 | Epsilon:  0.17 | Reward:   1.0 | Average Reward: 1.500 | Steps: 39515 | Total Reward: 259.0|
| Episode: 170 | Epsilon:  0.17 | Reward:   2.0 | Average Reward: 1.510 | Steps: 39758 | Total Reward: 261.0|
| Episode: 171 | Epsilon:  0.17 | Reward:   0.0 | Average Reward: 1.490 | Steps: 39908 | Total Reward: 261.0|
| Episode: 172 | Epsilon:  0.17 | Reward:   2.0 | Average Reward: 1.500 | Steps: 40152 | Total Reward: 263.0|
| Episode: 173 | Epsilon:  0.17 | Reward:   4.0 | Average Reward: 1.530 | Steps: 40537 | Total Reward: 267.0|
| Episode: 174 | Epsilon:  0.17 | Reward:   2.0 | Average Reward: 1.510 | Steps: 40778 | Total Reward: 269.0|
| Episode: 175 | Epsilon:  0.17 | Reward:   1.0 | Average Reward: 1.490 | Steps: 40990 | Total Reward: 270.0|
| Episode: 176 | Epsilon:  0.16 | Reward:   0.0 | Average Reward: 1.470 | Steps: 41137 | Total Reward: 270.0|
| Episode: 177 | Epsilon:  0.16 | Reward:   2.0 | Average Reward: 1.490 | Steps: 41411 | Total Reward: 272.0|
| Episode: 178 | Epsilon:  0.16 | Reward:   1.0 | Average Reward: 1.480 | Steps: 41623 | Total Reward: 273.0|
| Episode: 179 | Epsilon:  0.16 | Reward:   2.0 | Average Reward: 1.480 | Steps: 41873 | Total Reward: 275.0|
| Episode: 180 | Epsilon:  0.16 | Reward:   2.0 | Average Reward: 1.470 | Steps: 42118 | Total Reward: 277.0|
| Episode: 181 | Epsilon:  0.16 | Reward:   1.0 | Average Reward: 1.450 | Steps: 42327 | Total Reward: 278.0|
| Episode: 182 | Epsilon:  0.16 | Reward:   2.0 | Average Reward: 1.470 | Steps: 42578 | Total Reward: 280.0|
| Episode: 183 | Epsilon:  0.16 | Reward:   0.0 | Average Reward: 1.450 | Steps: 42728 | Total Reward: 280.0|
| Episode: 184 | Epsilon:  0.16 | Reward:   2.0 | Average Reward: 1.460 | Steps: 42981 | Total Reward: 282.0|
| Episode: 185 | Epsilon:  0.16 | Reward:   2.0 | Average Reward: 1.460 | Steps: 43232 | Total Reward: 284.0|
| Episode: 186 | Epsilon:  0.16 | Reward:   3.0 | Average Reward: 1.480 | Steps: 43540 | Total Reward: 287.0|
| Episode: 187 | Epsilon:  0.16 | Reward:   2.0 | Average Reward: 1.470 | Steps: 43790 | Total Reward: 289.0|
| Episode: 188 | Epsilon:  0.15 | Reward:   4.0 | Average Reward: 1.510 | Steps: 44170 | Total Reward: 293.0|
| Episode: 189 | Epsilon:  0.15 | Reward:   2.0 | Average Reward: 1.530 | Steps: 44419 | Total Reward: 295.0|
| Episode: 190 | Epsilon:  0.15 | Reward:   0.0 | Average Reward: 1.520 | Steps: 44570 | Total Reward: 295.0|
| Episode: 191 | Epsilon:  0.15 | Reward:   0.0 | Average Reward: 1.500 | Steps: 44723 | Total Reward: 295.0|
| Episode: 192 | Epsilon:  0.15 | Reward:   2.0 | Average Reward: 1.510 | Steps: 45008 | Total Reward: 297.0|
| Episode: 193 | Epsilon:  0.15 | Reward:   1.0 | Average Reward: 1.500 | Steps: 45221 | Total Reward: 298.0|
| Episode: 194 | Epsilon:  0.15 | Reward:   0.0 | Average Reward: 1.480 | Steps: 45369 | Total Reward: 298.0|
| Episode: 195 | Epsilon:  0.15 | Reward:   1.0 | Average Reward: 1.480 | Steps: 45583 | Total Reward: 299.0|
| Episode: 196 | Epsilon:  0.15 | Reward:   0.0 | Average Reward: 1.440 | Steps: 45727 | Total Reward: 299.0|
| Episode: 197 | Epsilon:  0.15 | Reward:   1.0 | Average Reward: 1.450 | Steps: 45918 | Total Reward: 300.0|
| Episode: 198 | Epsilon:  0.15 | Reward:   3.0 | Average Reward: 1.440 | Steps: 46223 | Total Reward: 303.0|
| Episode: 199 | Epsilon:  0.15 | Reward:   0.0 | Average Reward: 1.440 | Steps: 46373 | Total Reward: 303.0|
| Episode: 200 | Epsilon:  0.15 | Reward:   3.0 | Average Reward: 1.450 | Steps: 46651 | Total Reward: 306.0|
| Episode: 201 | Epsilon:  0.15 | Reward:   1.0 | Average Reward: 1.440 | Steps: 46832 | Total Reward: 307.0|
| Episode: 202 | Epsilon:  0.14 | Reward:   2.0 | Average Reward: 1.450 | Steps: 47086 | Total Reward: 309.0|
| Episode: 203 | Epsilon:  0.14 | Reward:   2.0 | Average Reward: 1.460 | Steps: 47315 | Total Reward: 311.0|
| Episode: 204 | Epsilon:  0.14 | Reward:   1.0 | Average Reward: 1.440 | Steps: 47508 | Total Reward: 312.0|
| Episode: 205 | Epsilon:  0.14 | Reward:   0.0 | Average Reward: 1.410 | Steps: 47651 | Total Reward: 312.0|
| Episode: 206 | Epsilon:  0.14 | Reward:   2.0 | Average Reward: 1.430 | Steps: 47905 | Total Reward: 314.0|
| Episode: 207 | Epsilon:  0.14 | Reward:   2.0 | Average Reward: 1.430 | Steps: 48129 | Total Reward: 316.0|
| Episode: 208 | Epsilon:  0.14 | Reward:   2.0 | Average Reward: 1.440 | Steps: 48381 | Total Reward: 318.0|
| Episode: 209 | Epsilon:  0.14 | Reward:   2.0 | Average Reward: 1.460 | Steps: 48659 | Total Reward: 320.0|
| Episode: 210 | Epsilon:  0.14 | Reward:   1.0 | Average Reward: 1.430 | Steps: 48860 | Total Reward: 321.0|
| Episode: 211 | Epsilon:  0.14 | Reward:   2.0 | Average Reward: 1.450 | Steps: 49110 | Total Reward: 323.0|
| Episode: 212 | Epsilon:  0.14 | Reward:   1.0 | Average Reward: 1.440 | Steps: 49319 | Total Reward: 324.0|
| Episode: 213 | Epsilon:  0.14 | Reward:   4.0 | Average Reward: 1.470 | Steps: 49697 | Total Reward: 328.0|
| Episode: 214 | Epsilon:  0.14 | Reward:   0.0 | Average Reward: 1.470 | Steps: 49849 | Total Reward: 328.0|
| Episode: 215 | Epsilon:  0.14 | Reward:   0.0 | Average Reward: 1.470 | Steps: 50002 | Total Reward: 328.0|
| Episode: 216 | Epsilon:  0.14 | Reward:   0.0 | Average Reward: 1.440 | Steps: 50149 | Total Reward: 328.0|
| Episode: 217 | Epsilon:  0.14 | Reward:   0.0 | Average Reward: 1.440 | Steps: 50299 | Total Reward: 328.0|
| Episode: 218 | Epsilon:  0.14 | Reward:   4.0 | Average Reward: 1.480 | Steps: 50669 | Total Reward: 332.0|
| Episode: 219 | Epsilon:  0.14 | Reward:   0.0 | Average Reward: 1.470 | Steps: 50825 | Total Reward: 332.0|
| Episode: 220 | Epsilon:  0.13 | Reward:   0.0 | Average Reward: 1.470 | Steps: 50977 | Total Reward: 332.0|
| Episode: 221 | Epsilon:  0.13 | Reward:   0.0 | Average Reward: 1.440 | Steps: 51132 | Total Reward: 332.0|
| Episode: 222 | Epsilon:  0.13 | Reward:   2.0 | Average Reward: 1.440 | Steps: 51369 | Total Reward: 334.0|
| Episode: 223 | Epsilon:  0.13 | Reward:   1.0 | Average Reward: 1.450 | Steps: 51563 | Total Reward: 335.0|
| Episode: 224 | Epsilon:  0.13 | Reward:   3.0 | Average Reward: 1.470 | Steps: 51844 | Total Reward: 338.0|
| Episode: 225 | Epsilon:  0.13 | Reward:   0.0 | Average Reward: 1.450 | Steps: 51999 | Total Reward: 338.0|
| Episode: 226 | Epsilon:  0.13 | Reward:   0.0 | Average Reward: 1.450 | Steps: 52154 | Total Reward: 338.0|
| Episode: 227 | Epsilon:  0.13 | Reward:   0.0 | Average Reward: 1.430 | Steps: 52309 | Total Reward: 338.0|
| Episode: 228 | Epsilon:  0.13 | Reward:   2.0 | Average Reward: 1.440 | Steps: 52540 | Total Reward: 340.0|
| Episode: 229 | Epsilon:  0.13 | Reward:   2.0 | Average Reward: 1.440 | Steps: 52771 | Total Reward: 342.0|
| Episode: 230 | Epsilon:  0.13 | Reward:   5.0 | Average Reward: 1.470 | Steps: 53183 | Total Reward: 347.0|
| Episode: 231 | Epsilon:  0.13 | Reward:   0.0 | Average Reward: 1.440 | Steps: 53330 | Total Reward: 347.0|
| Episode: 232 | Epsilon:  0.13 | Reward:   1.0 | Average Reward: 1.430 | Steps: 53521 | Total Reward: 348.0|
| Episode: 233 | Epsilon:  0.13 | Reward:   1.0 | Average Reward: 1.410 | Steps: 53708 | Total Reward: 349.0|
| Episode: 234 | Epsilon:  0.13 | Reward:   0.0 | Average Reward: 1.410 | Steps: 53865 | Total Reward: 349.0|
| Episode: 235 | Epsilon:  0.13 | Reward:   1.0 | Average Reward: 1.390 | Steps: 54050 | Total Reward: 350.0|
| Episode: 236 | Epsilon:  0.13 | Reward:   0.0 | Average Reward: 1.390 | Steps: 54241 | Total Reward: 350.0|
| Episode: 237 | Epsilon:  0.13 | Reward:   1.0 | Average Reward: 1.390 | Steps: 54429 | Total Reward: 351.0|
| Episode: 238 | Epsilon:  0.13 | Reward:   1.0 | Average Reward: 1.390 | Steps: 54615 | Total Reward: 352.0|
| Episode: 239 | Epsilon:  0.13 | Reward:   1.0 | Average Reward: 1.380 | Steps: 54807 | Total Reward: 353.0|
| Episode: 240 | Epsilon:  0.13 | Reward:   2.0 | Average Reward: 1.400 | Steps: 55036 | Total Reward: 355.0|
| Episode: 241 | Epsilon:  0.13 | Reward:   2.0 | Average Reward: 1.400 | Steps: 55269 | Total Reward: 357.0|
| Episode: 242 | Epsilon:  0.13 | Reward:   1.0 | Average Reward: 1.400 | Steps: 55465 | Total Reward: 358.0|
| Episode: 243 | Epsilon:  0.12 | Reward:   2.0 | Average Reward: 1.390 | Steps: 55692 | Total Reward: 360.0|
| Episode: 244 | Epsilon:  0.12 | Reward:   2.0 | Average Reward: 1.390 | Steps: 55925 | Total Reward: 362.0|
| Episode: 245 | Epsilon:  0.12 | Reward:   1.0 | Average Reward: 1.390 | Steps: 56117 | Total Reward: 363.0|
| Episode: 246 | Epsilon:  0.12 | Reward:   0.0 | Average Reward: 1.370 | Steps: 56271 | Total Reward: 363.0|
| Episode: 247 | Epsilon:  0.12 | Reward:   0.0 | Average Reward: 1.370 | Steps: 56418 | Total Reward: 363.0|
| Episode: 248 | Epsilon:  0.12 | Reward:   1.0 | Average Reward: 1.380 | Steps: 56799 | Total Reward: 364.0|
| Episode: 249 | Epsilon:  0.12 | Reward:   2.0 | Average Reward: 1.400 | Steps: 57024 | Total Reward: 366.0|
| Episode: 250 | Epsilon:  0.12 | Reward:   0.0 | Average Reward: 1.380 | Steps: 57174 | Total Reward: 366.0|
| Episode: 251 | Epsilon:  0.12 | Reward:   2.0 | Average Reward: 1.370 | Steps: 57408 | Total Reward: 368.0|
| Episode: 252 | Epsilon:  0.12 | Reward:   0.0 | Average Reward: 1.350 | Steps: 57563 | Total Reward: 368.0|
| Episode: 253 | Epsilon:  0.12 | Reward:   4.0 | Average Reward: 1.390 | Steps: 57878 | Total Reward: 372.0|
| Episode: 254 | Epsilon:  0.12 | Reward:   0.0 | Average Reward: 1.370 | Steps: 58026 | Total Reward: 372.0|
| Episode: 255 | Epsilon:  0.12 | Reward:   1.0 | Average Reward: 1.360 | Steps: 58219 | Total Reward: 373.0|
| Episode: 256 | Epsilon:  0.12 | Reward:   2.0 | Average Reward: 1.370 | Steps: 58456 | Total Reward: 375.0|
| Episode: 257 | Epsilon:  0.12 | Reward:   2.0 | Average Reward: 1.360 | Steps: 58684 | Total Reward: 377.0|
| Episode: 258 | Epsilon:  0.12 | Reward:   1.0 | Average Reward: 1.350 | Steps: 58885 | Total Reward: 378.0|
| Episode: 259 | Epsilon:  0.12 | Reward:   1.0 | Average Reward: 1.340 | Steps: 59079 | Total Reward: 379.0|
| Episode: 260 | Epsilon:  0.12 | Reward:   3.0 | Average Reward: 1.370 | Steps: 59357 | Total Reward: 382.0|
| Episode: 261 | Epsilon:  0.12 | Reward:   1.0 | Average Reward: 1.360 | Steps: 59553 | Total Reward: 383.0|
| Episode: 262 | Epsilon:  0.12 | Reward:   1.0 | Average Reward: 1.350 | Steps: 59744 | Total Reward: 384.0|
| Episode: 263 | Epsilon:  0.12 | Reward:   0.0 | Average Reward: 1.340 | Steps: 59897 | Total Reward: 384.0|
| Episode: 264 | Epsilon:  0.12 | Reward:   0.0 | Average Reward: 1.320 | Steps: 60051 | Total Reward: 384.0|
| Episode: 265 | Epsilon:  0.12 | Reward:   3.0 | Average Reward: 1.330 | Steps: 60323 | Total Reward: 387.0|
| Episode: 266 | Epsilon:  0.12 | Reward:   0.0 | Average Reward: 1.310 | Steps: 60475 | Total Reward: 387.0|
| Episode: 267 | Epsilon:  0.12 | Reward:   1.0 | Average Reward: 1.320 | Steps: 60665 | Total Reward: 388.0|
| Episode: 268 | Epsilon:  0.12 | Reward:   1.0 | Average Reward: 1.310 | Steps: 60850 | Total Reward: 389.0|
| Episode: 269 | Epsilon:  0.12 | Reward:   1.0 | Average Reward: 1.310 | Steps: 61040 | Total Reward: 390.0|
| Episode: 270 | Epsilon:  0.12 | Reward:   1.0 | Average Reward: 1.300 | Steps: 61236 | Total Reward: 391.0|
| Episode: 271 | Epsilon:  0.12 | Reward:   3.0 | Average Reward: 1.330 | Steps: 61504 | Total Reward: 394.0|
| Episode: 272 | Epsilon:  0.12 | Reward:   1.0 | Average Reward: 1.320 | Steps: 61697 | Total Reward: 395.0|
| Episode: 273 | Epsilon:  0.12 | Reward:   3.0 | Average Reward: 1.310 | Steps: 61967 | Total Reward: 398.0|
| Episode: 274 | Epsilon:  0.12 | Reward:   1.0 | Average Reward: 1.300 | Steps: 62152 | Total Reward: 399.0|
| Episode: 275 | Epsilon:  0.12 | Reward:   2.0 | Average Reward: 1.310 | Steps: 62389 | Total Reward: 401.0|
| Episode: 276 | Epsilon:  0.12 | Reward:   2.0 | Average Reward: 1.330 | Steps: 62627 | Total Reward: 403.0|
| Episode: 277 | Epsilon:  0.12 | Reward:   2.0 | Average Reward: 1.330 | Steps: 62862 | Total Reward: 405.0|
| Episode: 278 | Epsilon:  0.12 | Reward:   1.0 | Average Reward: 1.330 | Steps: 63057 | Total Reward: 406.0|
| Episode: 279 | Epsilon:  0.11 | Reward:   3.0 | Average Reward: 1.340 | Steps: 63332 | Total Reward: 409.0|
| Episode: 280 | Epsilon:  0.11 | Reward:   2.0 | Average Reward: 1.340 | Steps: 63572 | Total Reward: 411.0|
| Episode: 281 | Epsilon:  0.11 | Reward:   0.0 | Average Reward: 1.330 | Steps: 63724 | Total Reward: 411.0|
| Episode: 282 | Epsilon:  0.11 | Reward:   1.0 | Average Reward: 1.320 | Steps: 63910 | Total Reward: 412.0|
| Episode: 283 | Epsilon:  0.11 | Reward:   1.0 | Average Reward: 1.330 | Steps: 64104 | Total Reward: 413.0|
| Episode: 284 | Epsilon:  0.11 | Reward:   1.0 | Average Reward: 1.320 | Steps: 64294 | Total Reward: 414.0|
| Episode: 285 | Epsilon:  0.11 | Reward:   1.0 | Average Reward: 1.310 | Steps: 64485 | Total Reward: 415.0|
| Episode: 286 | Epsilon:  0.11 | Reward:   2.0 | Average Reward: 1.300 | Steps: 64718 | Total Reward: 417.0|
| Episode: 287 | Epsilon:  0.11 | Reward:   0.0 | Average Reward: 1.280 | Steps: 64873 | Total Reward: 417.0|
| Episode: 288 | Epsilon:  0.11 | Reward:   0.0 | Average Reward: 1.240 | Steps: 65026 | Total Reward: 417.0|
| Episode: 289 | Epsilon:  0.11 | Reward:   1.0 | Average Reward: 1.230 | Steps: 65241 | Total Reward: 418.0|
| Episode: 290 | Epsilon:  0.11 | Reward:   2.0 | Average Reward: 1.250 | Steps: 65477 | Total Reward: 420.0|
| Episode: 291 | Epsilon:  0.11 | Reward:   0.0 | Average Reward: 1.250 | Steps: 65630 | Total Reward: 420.0|
| Episode: 292 | Epsilon:  0.11 | Reward:   0.0 | Average Reward: 1.230 | Steps: 65788 | Total Reward: 420.0|
| Episode: 293 | Epsilon:  0.11 | Reward:   2.0 | Average Reward: 1.240 | Steps: 66017 | Total Reward: 422.0|
| Episode: 294 | Epsilon:  0.11 | Reward:   0.0 | Average Reward: 1.240 | Steps: 66168 | Total Reward: 422.0|
| Episode: 295 | Epsilon:  0.11 | Reward:   2.0 | Average Reward: 1.250 | Steps: 66403 | Total Reward: 424.0|
| Episode: 296 | Epsilon:  0.11 | Reward:   1.0 | Average Reward: 1.260 | Steps: 66604 | Total Reward: 425.0|
| Episode: 297 | Epsilon:  0.11 | Reward:   0.0 | Average Reward: 1.250 | Steps: 66762 | Total Reward: 425.0|
| Episode: 298 | Epsilon:  0.11 | Reward:   1.0 | Average Reward: 1.230 | Steps: 66960 | Total Reward: 426.0|
| Episode: 299 | Epsilon:  0.11 | Reward:   0.0 | Average Reward: 1.230 | Steps: 67124 | Total Reward: 426.0|
| Episode: 300 | Epsilon:  0.11 | Reward:   1.0 | Average Reward: 1.210 | Steps: 67320 | Total Reward: 427.0|
| Episode: 301 | Epsilon:  0.11 | Reward:   3.0 | Average Reward: 1.230 | Steps: 67593 | Total Reward: 430.0|
| Episode: 302 | Epsilon:  0.11 | Reward:   0.0 | Average Reward: 1.210 | Steps: 67778 | Total Reward: 430.0|
| Episode: 303 | Epsilon:  0.11 | Reward:   1.0 | Average Reward: 1.200 | Steps: 68051 | Total Reward: 431.0|
| Episode: 304 | Epsilon:  0.11 | Reward:   2.0 | Average Reward: 1.210 | Steps: 68280 | Total Reward: 433.0|
| Episode: 305 | Epsilon:  0.11 | Reward:   2.0 | Average Reward: 1.230 | Steps: 68508 | Total Reward: 435.0|
| Episode: 306 | Epsilon:  0.11 | Reward:   1.0 | Average Reward: 1.220 | Steps: 68699 | Total Reward: 436.0|
| Episode: 307 | Epsilon:  0.11 | Reward:   2.0 | Average Reward: 1.220 | Steps: 68939 | Total Reward: 438.0|
| Episode: 308 | Epsilon:  0.11 | Reward:   1.0 | Average Reward: 1.210 | Steps: 69136 | Total Reward: 439.0|
| Episode: 309 | Epsilon:  0.11 | Reward:   2.0 | Average Reward: 1.210 | Steps: 69369 | Total Reward: 441.0|
| Episode: 310 | Epsilon:  0.11 | Reward:   2.0 | Average Reward: 1.220 | Steps: 69609 | Total Reward: 443.0|
| Episode: 311 | Epsilon:  0.11 | Reward:   2.0 | Average Reward: 1.220 | Steps: 69839 | Total Reward: 445.0|
| Episode: 312 | Epsilon:  0.11 | Reward:   2.0 | Average Reward: 1.230 | Steps: 70068 | Total Reward: 447.0|
| Episode: 313 | Epsilon:  0.11 | Reward:   2.0 | Average Reward: 1.210 | Steps: 70304 | Total Reward: 449.0|
| Episode: 314 | Epsilon:  0.11 | Reward:   1.0 | Average Reward: 1.220 | Steps: 70499 | Total Reward: 450.0|
| Episode: 315 | Epsilon:  0.11 | Reward:   1.0 | Average Reward: 1.230 | Steps: 70694 | Total Reward: 451.0|
| Episode: 316 | Epsilon:  0.11 | Reward:   2.0 | Average Reward: 1.250 | Steps: 70930 | Total Reward: 453.0|
| Episode: 317 | Epsilon:  0.11 | Reward:   1.0 | Average Reward: 1.260 | Steps: 71128 | Total Reward: 454.0|
