+------------------------+----------------------------+--------------------+
|                        |     Supported Features     |  Program Commands  |
+========================+============================+====================+
| Compatible Layers      | Hopfield Layer,            | hopfield,          |
|                        | HopfieldLayer Layer,       | hopfield_layer,    |
|                        | HopfieldPooling Layer,     | hopfield_pooling,  |
|                        | LSTM,                      | lstm,              |
|                        | GRU                        | gru                |
+------------------------+----------------------------+--------------------+
| Supported Loss Metrics | Huber Loss,                | huber,             |
|                        | Mean Absolute Error Loss,  | mae,               |
|                        | Mean Squared Error Loss,   | mse,               |
|                        | SmoothL1 Loss              | smooth_l1          |
+------------------------+----------------------------+--------------------+
| Supported Optimizers   | RMSprop (default),         | rmsprop,           |
|                        | AdamW,                     | adam,              |
|                        | Adam                       | adamW              |
+------------------------+----------------------------+--------------------+
| Episode:   1 | Epsilon:  0.90 | Reward: -60.504645871332 | Average Reward: -60.505 | Steps:    75 | Total Reward: -60.504645871332|
| Episode:   2 | Epsilon:  0.86 | Reward: -268.8363457715074 | Average Reward: -164.670 | Steps:   172 | Total Reward: -329.3409916428395|
| Episode:   3 | Epsilon:  0.82 | Reward: -434.03173418005986 | Average Reward: -254.458 | Steps:   284 | Total Reward: -763.3727258228984|
| Episode:   4 | Epsilon:  0.79 | Reward: -380.0536502697039 | Average Reward: -285.857 | Steps:   382 | Total Reward: -1143.4263760926015|
| Episode:   5 | Epsilon:  0.75 | Reward: -108.82183948759959 | Average Reward: -250.450 | Steps:   459 | Total Reward: -1252.2482155801997|
| Episode:   6 | Epsilon:  0.72 | Reward: -155.95254756866342 | Average Reward: -234.700 | Steps:   527 | Total Reward: -1408.2007631488634|
| Episode:   7 | Epsilon:  0.69 | Reward: -230.53526950574835 | Average Reward: -234.105 | Steps:   624 | Total Reward: -1638.7360326546122|
| Episode:   8 | Epsilon:  0.66 | Reward: -139.73671692627892 | Average Reward: -222.309 | Steps:   705 | Total Reward: -1778.4727495808913|
| Episode:   9 | Epsilon:  0.64 | Reward: -180.30874107771913 | Average Reward: -217.642 | Steps:   820 | Total Reward: -1958.7814906586104|
| Episode:  10 | Epsilon:  0.61 | Reward: -110.22241128096594 | Average Reward: -206.900 | Steps:   919 | Total Reward: -2069.0039019395754|
| Episode:  11 | Epsilon:  0.59 | Reward: -112.4524224261166 | Average Reward: -198.314 | Steps:   994 | Total Reward: -2181.456324365691|
| Episode:  12 | Epsilon:  0.56 | Reward: -143.57862565514893 | Average Reward: -193.753 | Steps:  1085 | Total Reward: -2325.0349500208404|
| Episode:  13 | Epsilon:  0.54 | Reward: -139.71110427858082 | Average Reward: -189.596 | Steps:  1191 | Total Reward: -2464.7460542994204|
| Episode:  14 | Epsilon:  0.52 | Reward: -301.54023648756583 | Average Reward: -197.592 | Steps:  1280 | Total Reward: -2766.2862907869835|
| Episode:  15 | Epsilon:  0.50 | Reward: -406.23350522978035 | Average Reward: -211.501 | Steps:  1389 | Total Reward: -3172.519796016765|
| Episode:  16 | Epsilon:  0.48 | Reward: -164.2760489089132 | Average Reward: -208.550 | Steps:  1464 | Total Reward: -3336.795844925679|
| Episode:  17 | Epsilon:  0.46 | Reward: -106.02528009733149 | Average Reward: -202.519 | Steps:  1536 | Total Reward: -3442.8211250230115|
| Episode:  18 | Epsilon:  0.44 | Reward: -182.72362275883444 | Average Reward: -201.419 | Steps:  1608 | Total Reward: -3625.5447477818457|
| Episode:  19 | Epsilon:  0.43 | Reward: -88.2994459476493 | Average Reward: -195.465 | Steps:  1665 | Total Reward: -3713.8441937294956|
| Episode:  20 | Epsilon:  0.41 | Reward: -70.45495627018485 | Average Reward: -189.215 | Steps:  1723 | Total Reward: -3784.2991499996815|
| Episode:  21 | Epsilon:  0.39 | Reward: -144.36496231776147 | Average Reward: -187.079 | Steps:  1788 | Total Reward: -3928.6641123174436|
| Episode:  22 | Epsilon:  0.38 | Reward: 30.838762337247886 | Average Reward: -177.174 | Steps:  1916 | Total Reward: -3897.8253499801954|
| Episode:  23 | Epsilon:  0.37 | Reward: -16.91957440080897 | Average Reward: -170.206 | Steps:  1995 | Total Reward: -3914.744924381005|
| Episode:  24 | Epsilon:  0.35 | Reward: -148.5840796089244 | Average Reward: -169.305 | Steps:  2108 | Total Reward: -4063.3290039899284|
| Episode:  25 | Epsilon:  0.34 | Reward: -207.66145577601162 | Average Reward: -170.840 | Steps:  2320 | Total Reward: -4270.990459765938|
| Episode:  26 | Epsilon:  0.33 | Reward: -271.17131241194693 | Average Reward: -174.699 | Steps:  2586 | Total Reward: -4542.161772177885|
| Episode:  27 | Epsilon:  0.32 | Reward: -105.1594487280333 | Average Reward: -172.123 | Steps:  2655 | Total Reward: -4647.321220905918|
| Episode:  28 | Epsilon:  0.31 | Reward: -184.3230978897996 | Average Reward: -172.559 | Steps:  3041 | Total Reward: -4831.644318795708|
| Episode:  29 | Epsilon:  0.30 | Reward: -69.00628808016035 | Average Reward: -168.988 | Steps:  3228 | Total Reward: -4900.6506068758645|
| Episode:  30 | Epsilon:  0.29 | Reward: -75.8719017439603 | Average Reward: -165.884 | Steps:  3437 | Total Reward: -4976.522508619823|
| Episode:  31 | Epsilon:  0.28 | Reward: -312.2807960278899 | Average Reward: -170.607 | Steps:  3538 | Total Reward: -5288.803304647711|
| Episode:  32 | Epsilon:  0.27 | Reward: -342.4018007930266 | Average Reward: -175.975 | Steps:  3756 | Total Reward: -5631.2051054407375|
| Episode:  33 | Epsilon:  0.26 | Reward: -24.442924235153725 | Average Reward: -171.383 | Steps:  3919 | Total Reward: -5655.648029675894|
| Episode:  34 | Epsilon:  0.25 | Reward: -317.34996984597365 | Average Reward: -175.676 | Steps:  4061 | Total Reward: -5972.997999521869|
| Episode:  35 | Epsilon:  0.25 | Reward: -153.63883141226552 | Average Reward: -175.047 | Steps:  4192 | Total Reward: -6126.63683093414|
| Episode:  36 | Epsilon:  0.24 | Reward: -50.600052565283235 | Average Reward: -171.590 | Steps:  4399 | Total Reward: -6177.236883499421|
| Episode:  37 | Epsilon:  0.23 | Reward: -386.9659919434472 | Average Reward: -177.411 | Steps:  4588 | Total Reward: -6564.202875442866|
| Episode:  38 | Epsilon:  0.23 | Reward: -309.67451633701967 | Average Reward: -180.892 | Steps:  4794 | Total Reward: -6873.877391779891|
| Episode:  39 | Epsilon:  0.22 | Reward: -243.36106356709504 | Average Reward: -182.493 | Steps:  5036 | Total Reward: -7117.238455346987|
| Episode:  40 | Epsilon:  0.21 | Reward: -322.15184817523493 | Average Reward: -185.985 | Steps:  5211 | Total Reward: -7439.390303522213|
| Episode:  41 | Epsilon:  0.21 | Reward: -178.53002986860366 | Average Reward: -185.803 | Steps:  5353 | Total Reward: -7617.920333390819|
| Episode:  42 | Epsilon:  0.20 | Reward: -239.53368467985345 | Average Reward: -187.082 | Steps:  5567 | Total Reward: -7857.454018070676|
| Episode:  43 | Epsilon:  0.20 | Reward: -406.34841959506065 | Average Reward: -192.181 | Steps:  5801 | Total Reward: -8263.80243766573|
| Episode:  44 | Epsilon:  0.19 | Reward: -307.7151247389728 | Average Reward: -194.807 | Steps:  6083 | Total Reward: -8571.517562404713|
| Episode:  45 | Epsilon:  0.19 | Reward: -334.89072989660866 | Average Reward: -197.920 | Steps:  6320 | Total Reward: -8906.408292301316|
| Episode:  46 | Epsilon:  0.18 | Reward: -197.20635328814566 | Average Reward: -197.905 | Steps:  6525 | Total Reward: -9103.614645589465|
| Episode:  47 | Epsilon:  0.18 | Reward: -30.22389879724021 | Average Reward: -194.337 | Steps:  6713 | Total Reward: -9133.838544386705|
| Episode:  48 | Epsilon:  0.18 | Reward: -117.52808705635226 | Average Reward: -192.737 | Steps:  6940 | Total Reward: -9251.366631443056|
| Episode:  49 | Epsilon:  0.17 | Reward: -182.3030806542747 | Average Reward: -192.524 | Steps:  7109 | Total Reward: -9433.669712097335|
| Episode:  50 | Epsilon:  0.17 | Reward: -381.9836371708368 | Average Reward: -196.313 | Steps:  7291 | Total Reward: -9815.653349268168|
| Episode:  51 | Epsilon:  0.17 | Reward: -53.9328645807151 | Average Reward: -193.521 | Steps:  7510 | Total Reward: -9869.586213848892|
| Episode:  52 | Epsilon:  0.16 | Reward: -276.27141354948435 | Average Reward: -195.113 | Steps:  7712 | Total Reward: -10145.857627398376|
| Episode:  53 | Epsilon:  0.16 | Reward: -236.07274128237032 | Average Reward: -195.885 | Steps:  7883 | Total Reward: -10381.930368680754|
| Episode:  54 | Epsilon:  0.16 | Reward: -215.34426275191598 | Average Reward: -196.246 | Steps:  8043 | Total Reward: -10597.27463143267|
| Episode:  55 | Epsilon:  0.15 | Reward: -369.4998927479883 | Average Reward: -199.396 | Steps:  8186 | Total Reward: -10966.774524180657|
| Episode:  56 | Epsilon:  0.15 | Reward: -254.2338049051383 | Average Reward: -200.375 | Steps:  8318 | Total Reward: -11221.008329085802|
| Episode:  57 | Epsilon:  0.15 | Reward: -231.66094605791386 | Average Reward: -200.924 | Steps:  8483 | Total Reward: -11452.669275143706|
| Episode:  58 | Epsilon:  0.15 | Reward: -217.25015917142957 | Average Reward: -201.206 | Steps:  8657 | Total Reward: -11669.919434315132|
| Episode:  59 | Epsilon:  0.14 | Reward: -355.51312206194575 | Average Reward: -203.821 | Steps:  8821 | Total Reward: -12025.432556377082|
| Episode:  60 | Epsilon:  0.14 | Reward: -347.414465945909 | Average Reward: -206.214 | Steps:  8943 | Total Reward: -12372.847022322983|
| Episode:  61 | Epsilon:  0.14 | Reward: -204.28768986878924 | Average Reward: -206.183 | Steps:  9097 | Total Reward: -12577.134712191773|
| Episode:  62 | Epsilon:  0.14 | Reward: -204.6723934678024 | Average Reward: -206.158 | Steps:  9276 | Total Reward: -12781.80710565957|
| Episode:  63 | Epsilon:  0.14 | Reward: -142.2662925394796 | Average Reward: -205.144 | Steps:  9444 | Total Reward: -12924.073398199043|
| Episode:  64 | Epsilon:  0.13 | Reward: -249.98485619502583 | Average Reward: -205.845 | Steps:  9640 | Total Reward: -13174.058254394067|
| Episode:  65 | Epsilon:  0.13 | Reward: -186.2596426287455 | Average Reward: -205.543 | Steps:  9826 | Total Reward: -13360.317897022798|
| Episode:  66 | Epsilon:  0.13 | Reward: -247.41323046145305 | Average Reward: -206.178 | Steps:  9974 | Total Reward: -13607.731127484261|
| Episode:  67 | Epsilon:  0.13 | Reward: -390.6028313992024 | Average Reward: -208.930 | Steps: 10102 | Total Reward: -13998.333958883464|
| Episode:  68 | Epsilon:  0.13 | Reward: -37.816729833557986 | Average Reward: -206.414 | Steps: 10222 | Total Reward: -14036.150688717022|
| Episode:  69 | Epsilon:  0.13 | Reward: -93.1570176457292 | Average Reward: -204.773 | Steps: 10327 | Total Reward: -14129.30770636275|
| Episode:  70 | Epsilon:  0.13 | Reward: -133.321540385534 | Average Reward: -203.752 | Steps: 10519 | Total Reward: -14262.629246748282|
| Episode:  71 | Epsilon:  0.12 | Reward: -367.7413817354595 | Average Reward: -206.062 | Steps: 10663 | Total Reward: -14630.370628483728|
| Episode:  72 | Epsilon:  0.12 | Reward: -560.0000267467286 | Average Reward: -210.977 | Steps: 10797 | Total Reward: -15190.370655230467|
| Episode:  73 | Epsilon:  0.12 | Reward: -407.2935921791355 | Average Reward: -213.667 | Steps: 10922 | Total Reward: -15597.6642474096|
| Episode:  74 | Epsilon:  0.12 | Reward: -475.21717964144415 | Average Reward: -217.201 | Steps: 11043 | Total Reward: -16072.881427051048|
| Episode:  75 | Epsilon:  0.12 | Reward: -156.76068994636427 | Average Reward: -216.395 | Steps: 11200 | Total Reward: -16229.642116997413|
| Episode:  76 | Epsilon:  0.12 | Reward: -416.75141850510516 | Average Reward: -219.031 | Steps: 11364 | Total Reward: -16646.393535502513|
| Episode:  77 | Epsilon:  0.12 | Reward: -432.70487391977105 | Average Reward: -221.806 | Steps: 11500 | Total Reward: -17079.09840942231|
| Episode:  78 | Epsilon:  0.12 | Reward: -437.61935975715727 | Average Reward: -224.573 | Steps: 11649 | Total Reward: -17516.71776917947|
| Episode:  79 | Epsilon:  0.12 | Reward: -267.1650392649647 | Average Reward: -225.112 | Steps: 11815 | Total Reward: -17783.882808444407|
| Episode:  80 | Epsilon:  0.12 | Reward: -118.7968965960626 | Average Reward: -223.783 | Steps: 11986 | Total Reward: -17902.679705040475|
| Episode:  81 | Epsilon:  0.11 | Reward: -66.37493033558275 | Average Reward: -221.840 | Steps: 12092 | Total Reward: -17969.054635376047|
| Episode:  82 | Epsilon:  0.11 | Reward: -259.7847614543545 | Average Reward: -222.303 | Steps: 12261 | Total Reward: -18228.839396830375|
| Episode:  83 | Epsilon:  0.11 | Reward: -461.9204142512269 | Average Reward: -225.190 | Steps: 12394 | Total Reward: -18690.75981108161|
| Episode:  84 | Epsilon:  0.11 | Reward: -459.34728145239694 | Average Reward: -227.977 | Steps: 12558 | Total Reward: -19150.10709253399|
| Episode:  85 | Epsilon:  0.11 | Reward: -80.00668753690609 | Average Reward: -226.237 | Steps: 12703 | Total Reward: -19230.113780070904|
| Episode:  86 | Epsilon:  0.11 | Reward: -244.42927949681234 | Average Reward: -226.448 | Steps: 12843 | Total Reward: -19474.543059567717|
| Episode:  87 | Epsilon:  0.11 | Reward: -166.32782416526902 | Average Reward: -225.757 | Steps: 12989 | Total Reward: -19640.87088373298|
| Episode:  88 | Epsilon:  0.11 | Reward: -113.84180900764736 | Average Reward: -224.485 | Steps: 13140 | Total Reward: -19754.712692740617|
| Episode:  89 | Epsilon:  0.11 | Reward: -219.10412457221142 | Average Reward: -224.425 | Steps: 13327 | Total Reward: -19973.81681731282|
| Episode:  90 | Epsilon:  0.11 | Reward: -215.49944953544718 | Average Reward: -224.326 | Steps: 13485 | Total Reward: -20189.31626684825|
| Episode:  91 | Epsilon:  0.11 | Reward: 44.10628585134066 | Average Reward: -221.376 | Steps: 13631 | Total Reward: -20145.209980996908|
| Episode:  92 | Epsilon:  0.11 | Reward: -216.1597728381007 | Average Reward: -221.319 | Steps: 13900 | Total Reward: -20361.369753835017|
| Episode:  93 | Epsilon:  0.11 | Reward: -355.36798001229045 | Average Reward: -222.761 | Steps: 14070 | Total Reward: -20716.73773384732|
| Episode:  94 | Epsilon:  0.11 | Reward: -507.850885684201 | Average Reward: -225.793 | Steps: 14232 | Total Reward: -21224.588619531492|
| Episode:  95 | Epsilon:  0.11 | Reward: -197.02658567768285 | Average Reward: -225.491 | Steps: 14381 | Total Reward: -21421.615205209167|
| Episode:  96 | Epsilon:  0.11 | Reward: -427.61074613720683 | Average Reward: -227.596 | Steps: 14537 | Total Reward: -21849.225951346376|
| Episode:  97 | Epsilon:  0.11 | Reward: -213.9736627441662 | Average Reward: -227.456 | Steps: 14689 | Total Reward: -22063.199614090525|
| Episode:  98 | Epsilon:  0.11 | Reward: -493.6383502564284 | Average Reward: -230.172 | Steps: 14840 | Total Reward: -22556.837964346956|
| Episode:  99 | Epsilon:  0.11 | Reward: -222.8035314674952 | Average Reward: -230.097 | Steps: 15059 | Total Reward: -22779.641495814456|
| Episode: 100 | Epsilon:  0.11 | Reward: -265.57274670269925 | Average Reward: -230.452 | Steps: 15358 | Total Reward: -23045.214242517137|
| Episode: 101 | Epsilon:  0.11 | Reward: -10.524165839153255 | Average Reward: -229.952 | Steps: 15533 | Total Reward: -23055.738408356294|
| Episode: 102 | Epsilon:  0.11 | Reward: -269.78535853720484 | Average Reward: -229.962 | Steps: 15866 | Total Reward: -23325.523766893453|
| Episode: 103 | Epsilon:  0.10 | Reward: -214.53368506668644 | Average Reward: -227.767 | Steps: 16091 | Total Reward: -23540.05745196012|
| Episode: 104 | Epsilon:  0.10 | Reward: -323.1691155392622 | Average Reward: -227.198 | Steps: 16277 | Total Reward: -23863.226567499394|
| Episode: 105 | Epsilon:  0.10 | Reward: -123.75453654727602 | Average Reward: -227.347 | Steps: 16488 | Total Reward: -23986.981104046667|
| Episode: 106 | Epsilon:  0.10 | Reward: -138.44311341685074 | Average Reward: -227.172 | Steps: 16847 | Total Reward: -24125.42421746351|
| Episode: 107 | Epsilon:  0.10 | Reward: -282.96298119380594 | Average Reward: -227.697 | Steps: 16999 | Total Reward: -24408.387198657307|
| Episode: 108 | Epsilon:  0.10 | Reward: -569.1040746228059 | Average Reward: -231.990 | Steps: 17133 | Total Reward: -24977.491273280088|
| Episode: 109 | Epsilon:  0.10 | Reward: -208.15243681188423 | Average Reward: -232.269 | Steps: 17310 | Total Reward: -25185.643710091994|
| Episode: 110 | Epsilon:  0.10 | Reward: -145.71679855461593 | Average Reward: -232.624 | Steps: 17449 | Total Reward: -25331.36050864659|
| Episode: 111 | Epsilon:  0.10 | Reward: -323.73817030894986 | Average Reward: -234.736 | Steps: 17697 | Total Reward: -25655.098678955543|
| Episode: 112 | Epsilon:  0.10 | Reward: -259.4454727338751 | Average Reward: -235.895 | Steps: 17958 | Total Reward: -25914.54415168943|
| Episode: 113 | Epsilon:  0.10 | Reward: -317.71071880359557 | Average Reward: -237.675 | Steps: 18161 | Total Reward: -26232.25487049305|
| Episode: 114 | Epsilon:  0.10 | Reward: -260.1597006321543 | Average Reward: -237.261 | Steps: 18338 | Total Reward: -26492.414571125202|
| Episode: 115 | Epsilon:  0.10 | Reward: -172.54967355087905 | Average Reward: -234.924 | Steps: 18483 | Total Reward: -26664.96424467609|
| Episode: 116 | Epsilon:  0.10 | Reward: -46.70792099098606 | Average Reward: -233.749 | Steps: 18664 | Total Reward: -26711.672165667067|
| Episode: 117 | Epsilon:  0.10 | Reward: -91.6031810538061 | Average Reward: -233.605 | Steps: 18775 | Total Reward: -26803.275346720868|
| Episode: 118 | Epsilon:  0.10 | Reward: -215.93862268393616 | Average Reward: -233.937 | Steps: 18917 | Total Reward: -27019.213969404795|
| Episode: 119 | Epsilon:  0.10 | Reward: -203.1055177985995 | Average Reward: -235.085 | Steps: 19220 | Total Reward: -27222.319487203396|
| Episode: 120 | Epsilon:  0.10 | Reward: -285.18630471672515 | Average Reward: -237.232 | Steps: 19448 | Total Reward: -27507.505791920106|
| Episode: 121 | Epsilon:  0.10 | Reward: -62.07532004239922 | Average Reward: -236.409 | Steps: 19643 | Total Reward: -27569.5811119625|
| Episode: 122 | Epsilon:  0.10 | Reward: -63.884809476606044 | Average Reward: -237.356 | Steps: 19855 | Total Reward: -27633.46592143909|
| Episode: 123 | Epsilon:  0.10 | Reward: -0.30109824388065887 | Average Reward: -237.190 | Steps: 20855 | Total Reward: -27633.76701968299|
| Episode: 124 | Epsilon:  0.10 | Reward: -209.3544495424829 | Average Reward: -237.798 | Steps: 21030 | Total Reward: -27843.12146922546|
| Episode: 125 | Epsilon:  0.10 | Reward: -51.63997850898177 | Average Reward: -236.238 | Steps: 21394 | Total Reward: -27894.76144773448|
| Episode: 126 | Epsilon:  0.10 | Reward: -50.188796222405784 | Average Reward: -234.028 | Steps: 21627 | Total Reward: -27944.950243956882|
| Episode: 127 | Epsilon:  0.10 | Reward: -241.63569947799743 | Average Reward: -235.393 | Steps: 21948 | Total Reward: -28186.585943434853|
| Episode: 128 | Epsilon:  0.10 | Reward: -114.236433928301 | Average Reward: -234.692 | Steps: 22329 | Total Reward: -28300.82237736315|
| Episode: 129 | Epsilon:  0.10 | Reward: -223.90741064178462 | Average Reward: -236.241 | Steps: 22791 | Total Reward: -28524.72978800493|
| Episode: 130 | Epsilon:  0.10 | Reward: -106.68355017833012 | Average Reward: -236.549 | Steps: 22951 | Total Reward: -28631.413338183258|
| Episode: 131 | Epsilon:  0.10 | Reward: -39.76622541333687 | Average Reward: -233.824 | Steps: 23210 | Total Reward: -28671.179563596575|
| Episode: 132 | Epsilon:  0.10 | Reward: -208.6377223157213 | Average Reward: -232.486 | Steps: 23390 | Total Reward: -28879.817285912264|
| Episode: 133 | Epsilon:  0.10 | Reward: -36.1851928480843 | Average Reward: -232.604 | Steps: 23656 | Total Reward: -28916.002478760365|
| Episode: 134 | Epsilon:  0.10 | Reward: -92.44687896936338 | Average Reward: -230.355 | Steps: 24153 | Total Reward: -29008.449357729733|
| Episode: 135 | Epsilon:  0.10 | Reward: -32.05199301199147 | Average Reward: -229.139 | Steps: 25153 | Total Reward: -29040.50135074171|
| Episode: 136 | Epsilon:  0.10 | Reward: -158.56724684849647 | Average Reward: -230.218 | Steps: 25642 | Total Reward: -29199.06859759017|
| Episode: 137 | Epsilon:  0.10 | Reward: -80.12014321537102 | Average Reward: -227.150 | Steps: 25801 | Total Reward: -29279.18874080555|
| Episode: 138 | Epsilon:  0.10 | Reward: -243.04952189072984 | Average Reward: -226.484 | Steps: 26072 | Total Reward: -29522.238262696286|
| Episode: 139 | Epsilon:  0.10 | Reward: -224.18075723014738 | Average Reward: -226.292 | Steps: 26659 | Total Reward: -29746.41901992642|
| Episode: 140 | Epsilon:  0.10 | Reward: -33.00721401681372 | Average Reward: -223.400 | Steps: 27027 | Total Reward: -29779.42623394319|
| Episode: 141 | Epsilon:  0.10 | Reward: 3.6658338500845105 | Average Reward: -221.578 | Steps: 27278 | Total Reward: -29775.76040009315|
| Episode: 142 | Epsilon:  0.10 | Reward: -229.9041280522331 | Average Reward: -221.482 | Steps: 27553 | Total Reward: -30005.664528145415|
| Episode: 143 | Epsilon:  0.10 | Reward: 75.30437142261177 | Average Reward: -216.666 | Steps: 28553 | Total Reward: -29930.360156722774|
| Episode: 144 | Epsilon:  0.10 | Reward: -56.083827426350894 | Average Reward: -214.149 | Steps: 28854 | Total Reward: -29986.443984149148|
| Episode: 145 | Epsilon:  0.10 | Reward: -114.9497296599344 | Average Reward: -211.950 | Steps: 29231 | Total Reward: -30101.3937138091|
| Episode: 146 | Epsilon:  0.10 | Reward: -79.86642722706 | Average Reward: -210.776 | Steps: 29470 | Total Reward: -30181.260141036157|
| Episode: 147 | Epsilon:  0.10 | Reward: -242.8330729227957 | Average Reward: -212.903 | Steps: 29812 | Total Reward: -30424.09321395892|
| Episode: 148 | Epsilon:  0.10 | Reward: -57.900622557601906 | Average Reward: -212.306 | Steps: 29997 | Total Reward: -30481.993836516518|
| Episode: 149 | Epsilon:  0.10 | Reward: -190.3523520081235 | Average Reward: -212.387 | Steps: 30246 | Total Reward: -30672.34618852464|
| Episode: 150 | Epsilon:  0.10 | Reward: 45.77003695772959 | Average Reward: -208.109 | Steps: 30454 | Total Reward: -30626.576151566936|
| Episode: 151 | Epsilon:  0.10 | Reward: -56.53803954533999 | Average Reward: -208.135 | Steps: 30685 | Total Reward: -30683.11419111227|
| Episode: 152 | Epsilon:  0.10 | Reward: -142.17509254066002 | Average Reward: -206.794 | Steps: 30887 | Total Reward: -30825.28928365292|
| Episode: 153 | Epsilon:  0.10 | Reward: -262.73948122737056 | Average Reward: -207.061 | Steps: 31136 | Total Reward: -31088.028764880306|
| Episode: 154 | Epsilon:  0.10 | Reward: -229.98608527576815 | Average Reward: -207.207 | Steps: 31338 | Total Reward: -31318.01485015608|
| Episode: 155 | Epsilon:  0.10 | Reward: -243.2877375393913 | Average Reward: -205.945 | Steps: 31610 | Total Reward: -31561.302587695453|
| Episode: 156 | Epsilon:  0.10 | Reward: -118.9771963711119 | Average Reward: -204.593 | Steps: 31877 | Total Reward: -31680.279784066595|
| Episode: 157 | Epsilon:  0.10 | Reward: -115.6703909577962 | Average Reward: -203.433 | Steps: 32182 | Total Reward: -31795.950175024394|
| Episode: 158 | Epsilon:  0.10 | Reward: -301.6571858840533 | Average Reward: -204.277 | Steps: 32365 | Total Reward: -32097.60736090845|
| Episode: 159 | Epsilon:  0.10 | Reward: -178.3916709763383 | Average Reward: -202.506 | Steps: 32542 | Total Reward: -32275.999031884792|
| Episode: 160 | Epsilon:  0.10 | Reward: -22.46048830705358 | Average Reward: -199.256 | Steps: 32810 | Total Reward: -32298.45952019184|
| Episode: 161 | Epsilon:  0.10 | Reward: -257.9450489578084 | Average Reward: -199.793 | Steps: 33015 | Total Reward: -32556.404569149654|
| Episode: 162 | Epsilon:  0.10 | Reward: -177.35923152718144 | Average Reward: -199.520 | Steps: 33198 | Total Reward: -32733.763800676817|
| Episode: 163 | Epsilon:  0.10 | Reward: -38.81195056823846 | Average Reward: -198.485 | Steps: 33423 | Total Reward: -32772.575751245044|
| Episode: 164 | Epsilon:  0.10 | Reward: -183.53202322070146 | Average Reward: -197.820 | Steps: 33653 | Total Reward: -32956.10777446577|
| Episode: 165 | Epsilon:  0.10 | Reward: -241.35468847044478 | Average Reward: -198.371 | Steps: 33810 | Total Reward: -33197.4624629362|
| Episode: 166 | Epsilon:  0.10 | Reward: -204.64788642421632 | Average Reward: -197.944 | Steps: 34081 | Total Reward: -33402.11034936038|
| Episode: 167 | Epsilon:  0.10 | Reward: -246.51984579605212 | Average Reward: -196.503 | Steps: 34255 | Total Reward: -33648.63019515642|
| Episode: 168 | Epsilon:  0.10 | Reward: -223.10199757493677 | Average Reward: -198.356 | Steps: 34441 | Total Reward: -33871.73219273139|
| Episode: 169 | Epsilon:  0.10 | Reward: -183.88386399258493 | Average Reward: -199.263 | Steps: 34621 | Total Reward: -34055.61605672398|
| Episode: 170 | Epsilon:  0.10 | Reward: -103.95620015768047 | Average Reward: -198.969 | Steps: 34783 | Total Reward: -34159.572256881635|
| Episode: 171 | Epsilon:  0.10 | Reward: -153.6559017385831 | Average Reward: -196.829 | Steps: 34900 | Total Reward: -34313.22815862024|
| Episode: 172 | Epsilon:  0.10 | Reward: -243.50915804785063 | Average Reward: -193.664 | Steps: 35122 | Total Reward: -34556.73731666805|
| Episode: 173 | Epsilon:  0.10 | Reward: -210.5992931305438 | Average Reward: -191.697 | Steps: 35283 | Total Reward: -34767.336609798585|
| Episode: 174 | Epsilon:  0.10 | Reward: -256.677253321586 | Average Reward: -189.511 | Steps: 35440 | Total Reward: -35024.01386312019|
| Episode: 175 | Epsilon:  0.10 | Reward: -34.13383473114318 | Average Reward: -188.285 | Steps: 35672 | Total Reward: -35058.14769785137|
| Episode: 176 | Epsilon:  0.10 | Reward: -311.94129255762016 | Average Reward: -187.237 | Steps: 35820 | Total Reward: -35370.088990408985|
| Episode: 177 | Epsilon:  0.10 | Reward: -291.18590077526324 | Average Reward: -185.822 | Steps: 35983 | Total Reward: -35661.27489118424|
| Episode: 178 | Epsilon:  0.10 | Reward: -265.06302993303996 | Average Reward: -184.096 | Steps: 36112 | Total Reward: -35926.33792111729|
| Episode: 179 | Epsilon:  0.10 | Reward: -195.39433861387613 | Average Reward: -183.378 | Steps: 36268 | Total Reward: -36121.73225973116|
| Episode: 180 | Epsilon:  0.10 | Reward: -23.069621136662633 | Average Reward: -182.421 | Steps: 36466 | Total Reward: -36144.80188086781|
| Episode: 181 | Epsilon:  0.10 | Reward: -306.3589701019155 | Average Reward: -184.821 | Steps: 36713 | Total Reward: -36451.160850969725|
| Episode: 182 | Epsilon:  0.10 | Reward: -316.6434919760387 | Average Reward: -185.390 | Steps: 36848 | Total Reward: -36767.80434294575|
| Episode: 183 | Epsilon:  0.10 | Reward: -152.8716235990235 | Average Reward: -182.299 | Steps: 37051 | Total Reward: -36920.675966544746|
| Episode: 184 | Epsilon:  0.10 | Reward: -162.1165416694923 | Average Reward: -179.327 | Steps: 37204 | Total Reward: -37082.79250821427|
| Episode: 185 | Epsilon:  0.10 | Reward: -131.36553239034748 | Average Reward: -179.840 | Steps: 37366 | Total Reward: -37214.15804060459|
| Episode: 186 | Epsilon:  0.10 | Reward: -274.14628832396295 | Average Reward: -180.138 | Steps: 37604 | Total Reward: -37488.30432892857|
| Episode: 187 | Epsilon:  0.10 | Reward: -72.07408274116891 | Average Reward: -179.195 | Steps: 37791 | Total Reward: -37560.37841166971|
| Episode: 188 | Epsilon:  0.10 | Reward: -202.9220181262532 | Average Reward: -180.086 | Steps: 38005 | Total Reward: -37763.300429795985|
| Episode: 189 | Epsilon:  0.10 | Reward: -116.9463872932308 | Average Reward: -179.064 | Steps: 38108 | Total Reward: -37880.24681708922|
| Episode: 190 | Epsilon:  0.10 | Reward: -219.64473811322466 | Average Reward: -179.106 | Steps: 38279 | Total Reward: -38099.891555202485|
| Episode: 191 | Epsilon:  0.10 | Reward: -284.05609293117686 | Average Reward: -182.387 | Steps: 38447 | Total Reward: -38383.94764813366|
| Episode: 192 | Epsilon:  0.10 | Reward: -197.9379822655577 | Average Reward: -182.205 | Steps: 38660 | Total Reward: -38581.88563039923|
| Episode: 193 | Epsilon:  0.10 | Reward: -282.9925576018104 | Average Reward: -181.481 | Steps: 38810 | Total Reward: -38864.87818800102|
| Episode: 194 | Epsilon:  0.10 | Reward: -239.2321009096562 | Average Reward: -178.795 | Steps: 38970 | Total Reward: -39104.11028891067|
| Episode: 195 | Epsilon:  0.10 | Reward: -94.70811883664824 | Average Reward: -177.772 | Steps: 39059 | Total Reward: -39198.818407747305|
| Episode: 196 | Epsilon:  0.10 | Reward: -308.58427573281614 | Average Reward: -176.582 | Steps: 39156 | Total Reward: -39507.40268348012|
| Episode: 197 | Epsilon:  0.10 | Reward: -264.0582034591513 | Average Reward: -177.083 | Steps: 39275 | Total Reward: -39771.4608869393|
| Episode: 198 | Epsilon:  0.10 | Reward: -241.31816934852532 | Average Reward: -174.559 | Steps: 39470 | Total Reward: -40012.77905628776|
| Episode: 199 | Epsilon:  0.10 | Reward: -335.2398977519548 | Average Reward: -175.684 | Steps: 39604 | Total Reward: -40348.01895403974|
| Episode: 200 | Epsilon:  0.10 | Reward: -46.93491189295402 | Average Reward: -173.497 | Steps: 39758 | Total Reward: -40394.95386593265|
| Episode: 201 | Epsilon:  0.10 | Reward: -47.09856345628465 | Average Reward: -173.863 | Steps: 39969 | Total Reward: -40442.05242938893|
| Episode: 202 | Epsilon:  0.10 | Reward: -243.8324516498119 | Average Reward: -173.604 | Steps: 40106 | Total Reward: -40685.88488103873|
| Episode: 203 | Epsilon:  0.10 | Reward: -400.5615071467779 | Average Reward: -175.464 | Steps: 40261 | Total Reward: -41086.44638818555|
| Episode: 204 | Epsilon:  0.10 | Reward: -241.8507436289231 | Average Reward: -174.651 | Steps: 40389 | Total Reward: -41328.29713181447|
| Episode: 205 | Epsilon:  0.10 | Reward: -311.9054588831454 | Average Reward: -176.532 | Steps: 40532 | Total Reward: -41640.20259069766|
| Episode: 206 | Epsilon:  0.10 | Reward: -431.91732834479666 | Average Reward: -179.467 | Steps: 40624 | Total Reward: -42072.11991904244|
| Episode: 207 | Epsilon:  0.10 | Reward: -567.8062436298674 | Average Reward: -182.315 | Steps: 40711 | Total Reward: -42639.92616267232|
| Episode: 208 | Epsilon:  0.10 | Reward: -350.21697195949946 | Average Reward: -180.127 | Steps: 40851 | Total Reward: -42990.14313463183|
| Episode: 209 | Epsilon:  0.10 | Reward: -33.46507423869372 | Average Reward: -178.380 | Steps: 41027 | Total Reward: -43023.608208870464|
| Episode: 210 | Epsilon:  0.10 | Reward: -508.3273256111771 | Average Reward: -182.006 | Steps: 41221 | Total Reward: -43531.93553448162|
| Episode: 211 | Epsilon:  0.10 | Reward: -51.56180548761893 | Average Reward: -179.284 | Steps: 41337 | Total Reward: -43583.49733996924|
| Episode: 212 | Epsilon:  0.10 | Reward: -86.25158417447973 | Average Reward: -177.552 | Steps: 41504 | Total Reward: -43669.748924143685|
| Episode: 213 | Epsilon:  0.10 | Reward: -336.24262636790957 | Average Reward: -177.737 | Steps: 41657 | Total Reward: -44005.99155051161|
| Episode: 214 | Epsilon:  0.10 | Reward: -111.2903244499893 | Average Reward: -176.249 | Steps: 41777 | Total Reward: -44117.28187496162|
| Episode: 215 | Epsilon:  0.10 | Reward: -6.814292525602866 | Average Reward: -174.591 | Steps: 41861 | Total Reward: -44124.09616748721|
| Episode: 216 | Epsilon:  0.10 | Reward: -44.77138762138507 | Average Reward: -174.572 | Steps: 41998 | Total Reward: -44168.867555108605|
| Episode: 217 | Epsilon:  0.10 | Reward: -482.46406277339264 | Average Reward: -178.481 | Steps: 42139 | Total Reward: -44651.33161788202|
| Episode: 218 | Epsilon:  0.10 | Reward: -341.6890707111193 | Average Reward: -179.738 | Steps: 42332 | Total Reward: -44993.02068859314|
| Episode: 219 | Epsilon:  0.10 | Reward: -158.85975330930464 | Average Reward: -179.296 | Steps: 42466 | Total Reward: -45151.880441902445|
| Episode: 220 | Epsilon:  0.10 | Reward: -307.09321110700535 | Average Reward: -179.515 | Steps: 42631 | Total Reward: -45458.97365300941|
| Episode: 221 | Epsilon:  0.10 | Reward: -328.3218613988058 | Average Reward: -182.177 | Steps: 42782 | Total Reward: -45787.295514408244|
| Episode: 222 | Epsilon:  0.10 | Reward: -272.9176975786524 | Average Reward: -184.267 | Steps: 42921 | Total Reward: -46060.2132119869|
| Episode: 223 | Epsilon:  0.10 | Reward: -42.24955612559232 | Average Reward: -184.687 | Steps: 43103 | Total Reward: -46102.4627681125|
| Episode: 224 | Epsilon:  0.10 | Reward: -340.2231801915835 | Average Reward: -185.996 | Steps: 43243 | Total Reward: -46442.685948304075|
| Episode: 225 | Epsilon:  0.10 | Reward: -386.43095311952646 | Average Reward: -189.344 | Steps: 43377 | Total Reward: -46829.116901423615|
| Episode: 226 | Epsilon:  0.10 | Reward: -279.9896474406349 | Average Reward: -191.642 | Steps: 43535 | Total Reward: -47109.10654886425|
| Episode: 227 | Epsilon:  0.10 | Reward: -47.82974666337182 | Average Reward: -189.704 | Steps: 43680 | Total Reward: -47156.93629552761|
| Episode: 228 | Epsilon:  0.10 | Reward: -219.95131768619967 | Average Reward: -190.761 | Steps: 43799 | Total Reward: -47376.88761321381|
| Episode: 229 | Epsilon:  0.10 | Reward: -288.3277658764059 | Average Reward: -191.405 | Steps: 43976 | Total Reward: -47665.21537909022|
| Episode: 230 | Epsilon:  0.10 | Reward: -399.1404782641413 | Average Reward: -194.329 | Steps: 44137 | Total Reward: -48064.35585735436|
| Episode: 231 | Epsilon:  0.10 | Reward: -229.47059018207887 | Average Reward: -196.226 | Steps: 44271 | Total Reward: -48293.82644753642|
| Episode: 232 | Epsilon:  0.10 | Reward: -163.5317402948504 | Average Reward: -195.775 | Steps: 44393 | Total Reward: -48457.358187831276|
| Episode: 233 | Epsilon:  0.10 | Reward: -160.27476303511054 | Average Reward: -197.016 | Steps: 44624 | Total Reward: -48617.6329508664|
| Episode: 234 | Epsilon:  0.10 | Reward: -243.28564771307305 | Average Reward: -198.525 | Steps: 44855 | Total Reward: -48860.9185985795|
| Episode: 235 | Epsilon:  0.10 | Reward: -191.11047737375358 | Average Reward: -200.115 | Steps: 44961 | Total Reward: -49052.02907595324|
| Episode: 236 | Epsilon:  0.10 | Reward: -224.81072690545744 | Average Reward: -200.778 | Steps: 45127 | Total Reward: -49276.83980285869|
| Episode: 237 | Epsilon:  0.10 | Reward: -512.0920932691681 | Average Reward: -205.097 | Steps: 45284 | Total Reward: -49788.931896127855|
| Episode: 238 | Epsilon:  0.10 | Reward: -478.92876621759353 | Average Reward: -207.456 | Steps: 45427 | Total Reward: -50267.8606623455|
| Episode: 239 | Epsilon:  0.10 | Reward: -74.41958819929425 | Average Reward: -205.959 | Steps: 45558 | Total Reward: -50342.28025054482|
| Episode: 240 | Epsilon:  0.10 | Reward: -92.21145066866453 | Average Reward: -206.551 | Steps: 45726 | Total Reward: -50434.491701213476|
| Episode: 241 | Epsilon:  0.10 | Reward: -317.78647372324224 | Average Reward: -209.765 | Steps: 45869 | Total Reward: -50752.27817493669|
| Episode: 242 | Epsilon:  0.10 | Reward: -119.31414865457693 | Average Reward: -208.659 | Steps: 46007 | Total Reward: -50871.59232359128|
| Episode: 243 | Epsilon:  0.10 | Reward: -286.41188170682426 | Average Reward: -212.276 | Steps: 46149 | Total Reward: -51158.00420529814|
| Episode: 244 | Epsilon:  0.10 | Reward: -304.68282248583785 | Average Reward: -214.762 | Steps: 46339 | Total Reward: -51462.687027783984|
| Episode: 245 | Epsilon:  0.10 | Reward: -94.95498492573496 | Average Reward: -214.562 | Steps: 46453 | Total Reward: -51557.642012709715|
| Episode: 246 | Epsilon:  0.10 | Reward: -140.13872281950182 | Average Reward: -215.165 | Steps: 46611 | Total Reward: -51697.78073552925|
| Episode: 247 | Epsilon:  0.10 | Reward: -172.4829952908296 | Average Reward: -214.462 | Steps: 46705 | Total Reward: -51870.26373082009|
| Episode: 248 | Epsilon:  0.10 | Reward: -172.35203231774062 | Average Reward: -215.606 | Steps: 46831 | Total Reward: -52042.615763137874|
| Episode: 249 | Epsilon:  0.10 | Reward: -322.9366776951348 | Average Reward: -216.932 | Steps: 46965 | Total Reward: -52365.55244083303|
| Episode: 250 | Epsilon:  0.10 | Reward: -205.58939532377275 | Average Reward: -219.446 | Steps: 47187 | Total Reward: -52571.14183615677|
| Episode: 251 | Epsilon:  0.10 | Reward: -238.54149831594302 | Average Reward: -221.266 | Steps: 47307 | Total Reward: -52809.68333447275|
| Episode: 252 | Epsilon:  0.10 | Reward: -112.38216610585398 | Average Reward: -220.968 | Steps: 47488 | Total Reward: -52922.06550057863|
| Episode: 253 | Epsilon:  0.10 | Reward: -414.1242034601879 | Average Reward: -222.482 | Steps: 47639 | Total Reward: -53336.18970403881|
| Episode: 254 | Epsilon:  0.10 | Reward: -127.92664660013321 | Average Reward: -221.461 | Steps: 47752 | Total Reward: -53464.116350638935|
| Episode: 255 | Epsilon:  0.10 | Reward: -328.5410661311802 | Average Reward: -222.314 | Steps: 47856 | Total Reward: -53792.65741677008|
| Episode: 256 | Epsilon:  0.10 | Reward: -114.69695735132166 | Average Reward: -222.271 | Steps: 47992 | Total Reward: -53907.35437412139|
| Episode: 257 | Epsilon:  0.10 | Reward: -372.86085126297365 | Average Reward: -224.843 | Steps: 48093 | Total Reward: -54280.21522538435|
| Episode: 258 | Epsilon:  0.10 | Reward: -228.13549262972046 | Average Reward: -224.107 | Steps: 48204 | Total Reward: -54508.35071801407|
| Episode: 259 | Epsilon:  0.10 | Reward: -126.21866412008605 | Average Reward: -223.586 | Steps: 48319 | Total Reward: -54634.56938213419|
| Episode: 260 | Epsilon:  0.10 | Reward: -274.9962626702355 | Average Reward: -226.111 | Steps: 48428 | Total Reward: -54909.5656448044|
| Episode: 261 | Epsilon:  0.10 | Reward: -225.32864702545913 | Average Reward: -225.785 | Steps: 48545 | Total Reward: -55134.89429182986|
| Episode: 262 | Epsilon:  0.10 | Reward: -92.6483371250865 | Average Reward: -224.938 | Steps: 48678 | Total Reward: -55227.542628954885|
| Episode: 263 | Epsilon:  0.10 | Reward: -101.36395100387244 | Average Reward: -225.563 | Steps: 48817 | Total Reward: -55328.90657995875|
| Episode: 264 | Epsilon:  0.10 | Reward: -468.6536159142107 | Average Reward: -228.415 | Steps: 48957 | Total Reward: -55797.56019587298|
| Episode: 265 | Epsilon:  0.10 | Reward: -132.42614573464718 | Average Reward: -227.325 | Steps: 49077 | Total Reward: -55929.98634160761|
| Episode: 266 | Epsilon:  0.10 | Reward: -535.5942566136034 | Average Reward: -230.635 | Steps: 49206 | Total Reward: -56465.58059822124|
| Episode: 267 | Epsilon:  0.10 | Reward: -319.80871067917406 | Average Reward: -231.368 | Steps: 49334 | Total Reward: -56785.389308900376|
| Episode: 268 | Epsilon:  0.10 | Reward: -194.25260994686403 | Average Reward: -231.079 | Steps: 49445 | Total Reward: -56979.64191884724|
| Episode: 269 | Epsilon:  0.10 | Reward: -430.8360448092325 | Average Reward: -233.549 | Steps: 49552 | Total Reward: -57410.47796365649|
| Episode: 270 | Epsilon:  0.10 | Reward: -158.0365635215447 | Average Reward: -234.089 | Steps: 49714 | Total Reward: -57568.51452717804|
| Episode: 271 | Epsilon:  0.10 | Reward: -206.17253091121046 | Average Reward: -234.615 | Steps: 49877 | Total Reward: -57774.687058089265|
| Episode: 272 | Epsilon:  0.10 | Reward: -192.55614890737587 | Average Reward: -234.105 | Steps: 50030 | Total Reward: -57967.24320699662|
| Episode: 273 | Epsilon:  0.10 | Reward: -481.9046649261003 | Average Reward: -236.818 | Steps: 50146 | Total Reward: -58449.14787192276|
| Episode: 274 | Epsilon:  0.10 | Reward: -232.86227525821656 | Average Reward: -236.580 | Steps: 50281 | Total Reward: -58682.010147180954|
| Episode: 275 | Epsilon:  0.10 | Reward: -146.27753045493444 | Average Reward: -237.701 | Steps: 50406 | Total Reward: -58828.287677635904|
| Episode: 276 | Epsilon:  0.10 | Reward: -50.119846163139655 | Average Reward: -235.083 | Steps: 50531 | Total Reward: -58878.407523799055|
| Episode: 277 | Epsilon:  0.10 | Reward: -134.7359189402319 | Average Reward: -233.519 | Steps: 50687 | Total Reward: -59013.14344273928|
| Episode: 278 | Epsilon:  0.10 | Reward: -350.6690663639834 | Average Reward: -234.375 | Steps: 50842 | Total Reward: -59363.81250910326|
| Episode: 279 | Epsilon:  0.10 | Reward: -53.604205683174236 | Average Reward: -232.957 | Steps: 50996 | Total Reward: -59417.41671478639|
| Episode: 280 | Epsilon:  0.10 | Reward: -75.66848574517195 | Average Reward: -233.483 | Steps: 51109 | Total Reward: -59493.08520053155|
| Episode: 281 | Epsilon:  0.10 | Reward: -487.01739646232727 | Average Reward: -235.289 | Steps: 51213 | Total Reward: -59980.102596993886|
| Episode: 282 | Epsilon:  0.10 | Reward: -518.1012205852477 | Average Reward: -237.304 | Steps: 51335 | Total Reward: -60498.20381757914|
| Episode: 283 | Epsilon:  0.10 | Reward: -68.45539709093563 | Average Reward: -236.460 | Steps: 51466 | Total Reward: -60566.65921467008|
| Episode: 284 | Epsilon:  0.10 | Reward: -58.622693014063756 | Average Reward: -235.425 | Steps: 51588 | Total Reward: -60625.28190768415|
| Episode: 285 | Epsilon:  0.10 | Reward: -236.4306712926201 | Average Reward: -236.476 | Steps: 51683 | Total Reward: -60861.712578976774|
| Episode: 286 | Epsilon:  0.10 | Reward: -452.7259417935471 | Average Reward: -238.261 | Steps: 51838 | Total Reward: -61314.43852077032|
| Episode: 287 | Epsilon:  0.10 | Reward: -96.38821224941722 | Average Reward: -238.504 | Steps: 52022 | Total Reward: -61410.82673301974|
| Episode: 288 | Epsilon:  0.10 | Reward: -528.3339629001449 | Average Reward: -241.759 | Steps: 52158 | Total Reward: -61939.16069591988|
| Episode: 289 | Epsilon:  0.10 | Reward: -195.20768375210332 | Average Reward: -242.541 | Steps: 52287 | Total Reward: -62134.368379671985|
| Episode: 290 | Epsilon:  0.10 | Reward: -395.8351525426854 | Average Reward: -244.303 | Steps: 52399 | Total Reward: -62530.20353221468|
| Episode: 291 | Epsilon:  0.10 | Reward: -451.44054575517373 | Average Reward: -245.977 | Steps: 52522 | Total Reward: -62981.64407796984|
| Episode: 292 | Epsilon:  0.10 | Reward: -563.5984266656862 | Average Reward: -249.634 | Steps: 52624 | Total Reward: -63545.24250463552|
| Episode: 293 | Epsilon:  0.10 | Reward: -522.9623983053616 | Average Reward: -252.033 | Steps: 52704 | Total Reward: -64068.20490294089|
| Episode: 294 | Epsilon:  0.10 | Reward: -125.97121036742003 | Average Reward: -250.901 | Steps: 52819 | Total Reward: -64194.176113308255|
| Episode: 295 | Epsilon:  0.10 | Reward: -143.12638024449885 | Average Reward: -251.385 | Steps: 52966 | Total Reward: -64337.30249355277|
| Episode: 296 | Epsilon:  0.10 | Reward: -165.8178267164398 | Average Reward: -249.957 | Steps: 53141 | Total Reward: -64503.12032026922|
| Episode: 297 | Epsilon:  0.10 | Reward: -444.3114998998653 | Average Reward: -251.760 | Steps: 53343 | Total Reward: -64947.431820169055|
| Episode: 298 | Epsilon:  0.10 | Reward: -140.90160885534127 | Average Reward: -250.756 | Steps: 53461 | Total Reward: -65088.33342902441|
| Episode: 299 | Epsilon:  0.10 | Reward: -399.66190823906925 | Average Reward: -251.400 | Steps: 53574 | Total Reward: -65487.995337263535|
| Episode: 300 | Epsilon:  0.10 | Reward: -209.40633656940645 | Average Reward: -253.024 | Steps: 53733 | Total Reward: -65697.4016738329|
| Episode: 301 | Epsilon:  0.10 | Reward: -138.14029650154183 | Average Reward: -253.935 | Steps: 53857 | Total Reward: -65835.54197033442|
| Episode: 302 | Epsilon:  0.10 | Reward: -119.72628869369721 | Average Reward: -252.694 | Steps: 54009 | Total Reward: -65955.26825902806|
| Episode: 303 | Epsilon:  0.10 | Reward: -249.74357380267915 | Average Reward: -251.186 | Steps: 54178 | Total Reward: -66205.01183283071|
| Episode: 304 | Epsilon:  0.10 | Reward: -179.51255075715872 | Average Reward: -250.562 | Steps: 54297 | Total Reward: -66384.52438358791|
| Episode: 305 | Epsilon:  0.10 | Reward: -219.0888708348562 | Average Reward: -249.634 | Steps: 54458 | Total Reward: -66603.61325442274|
| Episode: 306 | Epsilon:  0.10 | Reward: -333.68100505576604 | Average Reward: -248.652 | Steps: 54560 | Total Reward: -66937.29425947854|
| Episode: 307 | Epsilon:  0.10 | Reward: -68.36171094621561 | Average Reward: -243.657 | Steps: 54726 | Total Reward: -67005.65597042475|
| Episode: 308 | Epsilon:  0.10 | Reward: -366.0155791295832 | Average Reward: -243.815 | Steps: 54874 | Total Reward: -67371.67154955432|
| Episode: 309 | Epsilon:  0.10 | Reward: -690.3482672557761 | Average Reward: -250.384 | Steps: 55016 | Total Reward: -68062.01981681009|
| Episode: 310 | Epsilon:  0.10 | Reward: -655.3564734464215 | Average Reward: -251.854 | Steps: 55112 | Total Reward: -68717.37629025655|
| Episode: 311 | Epsilon:  0.10 | Reward: -122.47650602811078 | Average Reward: -252.564 | Steps: 55285 | Total Reward: -68839.85279628463|
| Episode: 312 | Epsilon:  0.10 | Reward: -294.66255163996595 | Average Reward: -254.648 | Steps: 55340 | Total Reward: -69134.5153479246|
| Episode: 313 | Epsilon:  0.10 | Reward: -385.57992397100435 | Average Reward: -255.141 | Steps: 55433 | Total Reward: -69520.09527189565|
| Episode: 314 | Epsilon:  0.10 | Reward: -314.20742546388294 | Average Reward: -257.170 | Steps: 55549 | Total Reward: -69834.30269735947|
| Episode: 315 | Epsilon:  0.10 | Reward: -599.8109658441144 | Average Reward: -263.100 | Steps: 55631 | Total Reward: -70434.11366320362|
| Episode: 316 | Epsilon:  0.10 | Reward: -632.9273924347934 | Average Reward: -268.982 | Steps: 55722 | Total Reward: -71067.04105563846|
| Episode: 317 | Epsilon:  0.10 | Reward: -384.7020277380792 | Average Reward: -268.004 | Steps: 55899 | Total Reward: -71451.74308337658|
| Episode: 318 | Epsilon:  0.10 | Reward: -509.78697944223853 | Average Reward: -269.685 | Steps: 56029 | Total Reward: -71961.53006281881|
| Episode: 319 | Epsilon:  0.10 | Reward: -285.1211697595853 | Average Reward: -270.948 | Steps: 56157 | Total Reward: -72246.6512325784|
| Episode: 320 | Epsilon:  0.10 | Reward: -456.70642103247616 | Average Reward: -272.444 | Steps: 56264 | Total Reward: -72703.35765361084|
| Episode: 321 | Epsilon:  0.10 | Reward: -311.2473280175982 | Average Reward: -272.273 | Steps: 56324 | Total Reward: -73014.60498162839|
| Episode: 322 | Epsilon:  0.10 | Reward: -168.64603601947442 | Average Reward: -271.230 | Steps: 56444 | Total Reward: -73183.25101764774|
| Episode: 323 | Epsilon:  0.10 | Reward: -307.8165677500351 | Average Reward: -273.886 | Steps: 56572 | Total Reward: -73491.06758539782|
| Episode: 324 | Epsilon:  0.10 | Reward: -256.60973249104404 | Average Reward: -273.050 | Steps: 56738 | Total Reward: -73747.67731788883|
| Episode: 325 | Epsilon:  0.10 | Reward: -82.4828966483654 | Average Reward: -270.010 | Steps: 56847 | Total Reward: -73830.1602145372|
| Episode: 326 | Epsilon:  0.10 | Reward: -374.64456578282727 | Average Reward: -270.957 | Steps: 56987 | Total Reward: -74204.80478032003|
| Episode: 327 | Epsilon:  0.10 | Reward: -473.05572290805657 | Average Reward: -275.209 | Steps: 57105 | Total Reward: -74677.8605032281|
| Episode: 328 | Epsilon:  0.10 | Reward: -208.52952068343 | Average Reward: -275.095 | Steps: 57236 | Total Reward: -74886.3900239115|
| Episode: 329 | Epsilon:  0.10 | Reward: -251.63987111848758 | Average Reward: -274.728 | Steps: 57360 | Total Reward: -75138.02989502992|
| Episode: 330 | Epsilon:  0.10 | Reward: 3.786739564994704 | Average Reward: -270.699 | Steps: 57504 | Total Reward: -75134.24315546495|
| Episode: 331 | Epsilon:  0.10 | Reward: -469.8900254310594 | Average Reward: -273.103 | Steps: 57646 | Total Reward: -75604.13318089613|
| Episode: 332 | Epsilon:  0.10 | Reward: -482.126780900303 | Average Reward: -276.289 | Steps: 57748 | Total Reward: -76086.2599617965|
| Episode: 333 | Epsilon:  0.10 | Reward: -520.5677428273336 | Average Reward: -279.892 | Steps: 57827 | Total Reward: -76606.82770462382|
| Episode: 334 | Epsilon:  0.10 | Reward: -302.3921058617437 | Average Reward: -280.483 | Steps: 58019 | Total Reward: -76909.21981048553|
| Episode: 335 | Epsilon:  0.10 | Reward: -212.69509150035478 | Average Reward: -280.699 | Steps: 58141 | Total Reward: -77121.91490198585|
| Episode: 336 | Epsilon:  0.10 | Reward: -259.032100598179 | Average Reward: -281.041 | Steps: 58272 | Total Reward: -77380.947002584|
| Episode: 337 | Epsilon:  0.10 | Reward: -259.3884744347647 | Average Reward: -278.514 | Steps: 58382 | Total Reward: -77640.33547701882|
| Episode: 338 | Epsilon:  0.10 | Reward: -305.0964456193908 | Average Reward: -276.776 | Steps: 58603 | Total Reward: -77945.43192263826|
| Episode: 339 | Epsilon:  0.10 | Reward: -315.32575345912323 | Average Reward: -279.185 | Steps: 58782 | Total Reward: -78260.75767609732|
| Episode: 340 | Epsilon:  0.10 | Reward: -171.9952081807869 | Average Reward: -279.983 | Steps: 58923 | Total Reward: -78432.75288427815|
| Episode: 341 | Epsilon:  0.10 | Reward: -282.0709277800603 | Average Reward: -279.625 | Steps: 59039 | Total Reward: -78714.82381205825|
| Episode: 342 | Epsilon:  0.10 | Reward: -274.93095563050395 | Average Reward: -281.182 | Steps: 59147 | Total Reward: -78989.75476768876|
| Episode: 343 | Epsilon:  0.10 | Reward: -260.62826387640774 | Average Reward: -280.924 | Steps: 59206 | Total Reward: -79250.38303156511|
| Episode: 344 | Epsilon:  0.10 | Reward: -239.98820348226863 | Average Reward: -280.277 | Steps: 59319 | Total Reward: -79490.37123504735|
| Episode: 345 | Epsilon:  0.10 | Reward: -224.26872304083764 | Average Reward: -281.570 | Steps: 59446 | Total Reward: -79714.63995808814|
| Episode: 346 | Epsilon:  0.10 | Reward: -288.85952389623355 | Average Reward: -283.057 | Steps: 59575 | Total Reward: -80003.49948198436|
| Episode: 347 | Epsilon:  0.10 | Reward: -364.13253493339755 | Average Reward: -284.974 | Steps: 59662 | Total Reward: -80367.63201691775|
| Episode: 348 | Epsilon:  0.10 | Reward: -248.07411066472434 | Average Reward: -285.731 | Steps: 59764 | Total Reward: -80615.7061275825|
| Episode: 349 | Epsilon:  0.10 | Reward: -284.8717879972337 | Average Reward: -285.350 | Steps: 59961 | Total Reward: -80900.57791557966|
| Episode: 350 | Epsilon:  0.10 | Reward: -262.4548480192576 | Average Reward: -285.919 | Steps: 60066 | Total Reward: -81163.03276359894|
| Episode: 351 | Epsilon:  0.10 | Reward: -143.46985744064054 | Average Reward: -284.968 | Steps: 60184 | Total Reward: -81306.50262103962|
| Episode: 352 | Epsilon:  0.10 | Reward: -124.7590500705428 | Average Reward: -285.092 | Steps: 60291 | Total Reward: -81431.26167111014|
| Episode: 353 | Epsilon:  0.10 | Reward: -295.543544620822 | Average Reward: -283.906 | Steps: 60475 | Total Reward: -81726.80521573102|
| Episode: 354 | Epsilon:  0.10 | Reward: -471.18622465254543 | Average Reward: -287.339 | Steps: 60651 | Total Reward: -82197.99144038356|
| Episode: 355 | Epsilon:  0.10 | Reward: -333.8944075131039 | Average Reward: -287.392 | Steps: 60816 | Total Reward: -82531.88584789658|
| Episode: 356 | Epsilon:  0.10 | Reward: -49.94642989350181 | Average Reward: -286.745 | Steps: 60964 | Total Reward: -82581.83227779015|
| Episode: 357 | Epsilon:  0.10 | Reward: -187.33496223925488 | Average Reward: -284.890 | Steps: 61076 | Total Reward: -82769.16724002942|
| Episode: 358 | Epsilon:  0.10 | Reward: -115.17386782742551 | Average Reward: -283.760 | Steps: 61195 | Total Reward: -82884.34110785679|
| Episode: 359 | Epsilon:  0.10 | Reward: -214.28446988647642 | Average Reward: -284.641 | Steps: 61305 | Total Reward: -83098.62557774325|
| Episode: 360 | Epsilon:  0.10 | Reward: -143.53514632110574 | Average Reward: -283.326 | Steps: 61426 | Total Reward: -83242.16072406432|
| Episode: 361 | Epsilon:  0.10 | Reward: -295.71376627212237 | Average Reward: -284.030 | Steps: 61611 | Total Reward: -83537.87449033646|
| Episode: 362 | Epsilon:  0.10 | Reward: -213.67166828017798 | Average Reward: -285.240 | Steps: 61727 | Total Reward: -83751.54615861662|
| Episode: 363 | Epsilon:  0.10 | Reward: -407.948103453119 | Average Reward: -288.306 | Steps: 61793 | Total Reward: -84159.49426206975|
| Episode: 364 | Epsilon:  0.10 | Reward: -479.90168423864014 | Average Reward: -288.418 | Steps: 61900 | Total Reward: -84639.39594630832|
| Episode: 365 | Epsilon:  0.10 | Reward: -383.5022707828068 | Average Reward: -290.929 | Steps: 62085 | Total Reward: -85022.89821709119|
| Episode: 366 | Epsilon:  0.10 | Reward: -227.51756388688312 | Average Reward: -287.848 | Steps: 62212 | Total Reward: -85250.41578097812|
| Episode: 367 | Epsilon:  0.10 | Reward: -394.18911802566566 | Average Reward: -288.592 | Steps: 62426 | Total Reward: -85644.60489900378|
| Episode: 368 | Epsilon:  0.10 | Reward: -222.789382382871 | Average Reward: -288.878 | Steps: 62556 | Total Reward: -85867.39428138665|
| Episode: 369 | Epsilon:  0.10 | Reward: -360.50628223840823 | Average Reward: -288.174 | Steps: 62778 | Total Reward: -86227.90056362515|
| Episode: 370 | Epsilon:  0.10 | Reward: -611.8133026409375 | Average Reward: -292.712 | Steps: 62932 | Total Reward: -86839.7138662661|
| Episode: 371 | Epsilon:  0.10 | Reward: -233.35476184666803 | Average Reward: -292.984 | Steps: 63087 | Total Reward: -87073.06862811279|
| Episode: 372 | Epsilon:  0.10 | Reward: -259.2830703902181 | Average Reward: -293.651 | Steps: 63256 | Total Reward: -87332.351698503|
| Episode: 373 | Epsilon:  0.10 | Reward: -207.90698244617477 | Average Reward: -290.911 | Steps: 63419 | Total Reward: -87540.25868094925|
| Episode: 374 | Epsilon:  0.10 | Reward: -216.53786107344587 | Average Reward: -290.748 | Steps: 63534 | Total Reward: -87756.79654202276|
| Episode: 375 | Epsilon:  0.10 | Reward: -267.3814031585705 | Average Reward: -291.959 | Steps: 63683 | Total Reward: -88024.17794518135|
| Episode: 376 | Epsilon:  0.10 | Reward: -338.83999308834194 | Average Reward: -294.846 | Steps: 63859 | Total Reward: -88363.0179382697|
| Episode: 377 | Epsilon:  0.10 | Reward: -147.51909774367897 | Average Reward: -294.974 | Steps: 64002 | Total Reward: -88510.53703601341|
| Episode: 378 | Epsilon:  0.10 | Reward: -185.71296386870546 | Average Reward: -293.324 | Steps: 64122 | Total Reward: -88696.24999988201|
| Episode: 379 | Epsilon:  0.10 | Reward: -171.32750838274336 | Average Reward: -294.502 | Steps: 64244 | Total Reward: -88867.57750826475|
| Episode: 380 | Epsilon:  0.10 | Reward: -178.01251960017333 | Average Reward: -295.525 | Steps: 64430 | Total Reward: -89045.590027865|
| Episode: 381 | Epsilon:  0.10 | Reward: -428.21452077054147 | Average Reward: -294.937 | Steps: 64533 | Total Reward: -89473.80454863548|
| Episode: 382 | Epsilon:  0.10 | Reward: -354.81020220975 | Average Reward: -293.304 | Steps: 64634 | Total Reward: -89828.61475084517|
| Episode: 383 | Epsilon:  0.10 | Reward: -348.4004663803329 | Average Reward: -296.104 | Steps: 64793 | Total Reward: -90177.01521722549|
| Episode: 384 | Epsilon:  0.10 | Reward: -339.11307962742455 | Average Reward: -298.908 | Steps: 64897 | Total Reward: -90516.12829685291|
| Episode: 385 | Epsilon:  0.10 | Reward: -319.55244189059863 | Average Reward: -299.740 | Steps: 65008 | Total Reward: -90835.68073874357|
| Episode: 386 | Epsilon:  0.10 | Reward: -240.30921504809652 | Average Reward: -297.616 | Steps: 65217 | Total Reward: -91075.9899537917|
| Episode: 387 | Epsilon:  0.10 | Reward: -289.98001421435174 | Average Reward: -299.551 | Steps: 65297 | Total Reward: -91365.96996800603|
| Episode: 388 | Epsilon:  0.10 | Reward: -265.4084857702777 | Average Reward: -296.922 | Steps: 65481 | Total Reward: -91631.37845377634|
| Episode: 389 | Epsilon:  0.10 | Reward: -130.62303774456237 | Average Reward: -296.276 | Steps: 65603 | Total Reward: -91762.00149152083|
| Episode: 390 | Epsilon:  0.10 | Reward: -145.87524038935553 | Average Reward: -293.777 | Steps: 65827 | Total Reward: -91907.8767319102|
| Episode: 391 | Epsilon:  0.10 | Reward: -220.66438305313736 | Average Reward: -291.469 | Steps: 65973 | Total Reward: -92128.54111496337|
| Episode: 392 | Epsilon:  0.10 | Reward: -113.34818869674824 | Average Reward: -286.966 | Steps: 66081 | Total Reward: -92241.88930366014|
| Episode: 393 | Epsilon:  0.10 | Reward: -210.8944895578024 | Average Reward: -283.846 | Steps: 66201 | Total Reward: -92452.78379321787|
| Episode: 394 | Epsilon:  0.10 | Reward: -226.71808673268168 | Average Reward: -284.853 | Steps: 66315 | Total Reward: -92679.50187995058|
| Episode: 395 | Epsilon:  0.10 | Reward: -221.03119911554893 | Average Reward: -285.632 | Steps: 66423 | Total Reward: -92900.53307906607|
| Episode: 396 | Epsilon:  0.10 | Reward: -510.66497159984306 | Average Reward: -289.081 | Steps: 66566 | Total Reward: -93411.19805066592|
| Episode: 397 | Epsilon:  0.10 | Reward: -270.6768471883746 | Average Reward: -287.344 | Steps: 66714 | Total Reward: -93681.87489785429|
| Episode: 398 | Epsilon:  0.10 | Reward: -215.36716214428714 | Average Reward: -288.089 | Steps: 66910 | Total Reward: -93897.24205999852|
| Episode: 399 | Epsilon:  0.10 | Reward: -190.41437791495252 | Average Reward: -285.997 | Steps: 67086 | Total Reward: -94087.65643791352|
| Episode: 400 | Epsilon:  0.10 | Reward: -570.5553612077628 | Average Reward: -289.608 | Steps: 67234 | Total Reward: -94658.21179912136|
| Episode: 401 | Epsilon:  0.10 | Reward: -477.71446024407135 | Average Reward: -293.004 | Steps: 67407 | Total Reward: -95135.92625936549|
| Episode: 402 | Epsilon:  0.10 | Reward: -104.89618877433455 | Average Reward: -292.856 | Steps: 67633 | Total Reward: -95240.82244813997|
| Episode: 403 | Epsilon:  0.10 | Reward: -466.61522366233186 | Average Reward: -295.024 | Steps: 67763 | Total Reward: -95707.43767180234|
| Episode: 404 | Epsilon:  0.10 | Reward: -153.22190222536088 | Average Reward: -294.761 | Steps: 67919 | Total Reward: -95860.65957402768|
| Episode: 405 | Epsilon:  0.10 | Reward: -212.67335041711138 | Average Reward: -294.697 | Steps: 68147 | Total Reward: -96073.33292444485|
| Episode: 406 | Epsilon:  0.10 | Reward: -123.77324588958086 | Average Reward: -292.598 | Steps: 68459 | Total Reward: -96197.10617033443|
| Episode: 407 | Epsilon:  0.10 | Reward: -558.6584502479423 | Average Reward: -297.501 | Steps: 68579 | Total Reward: -96755.76462058235|
| Episode: 408 | Epsilon:  0.10 | Reward: -531.6851005399246 | Average Reward: -299.158 | Steps: 68662 | Total Reward: -97287.44972112226|
| Episode: 409 | Epsilon:  0.10 | Reward: -392.0827935375553 | Average Reward: -296.175 | Steps: 68838 | Total Reward: -97679.53251465976|
| Episode: 410 | Epsilon:  0.10 | Reward: -550.7229620934198 | Average Reward: -295.129 | Steps: 69015 | Total Reward: -98230.25547675315|
| Episode: 411 | Epsilon:  0.10 | Reward: -141.23941111118177 | Average Reward: -295.316 | Steps: 69197 | Total Reward: -98371.49488786444|
| Episode: 412 | Epsilon:  0.10 | Reward: -565.3004681187524 | Average Reward: -298.023 | Steps: 69418 | Total Reward: -98936.79535598324|
| Episode: 413 | Epsilon:  0.10 | Reward: -460.70601828954847 | Average Reward: -298.774 | Steps: 69583 | Total Reward: -99397.50137427282|
| Episode: 414 | Epsilon:  0.10 | Reward: -215.81149230750384 | Average Reward: -297.790 | Steps: 69769 | Total Reward: -99613.3128665804|
| Episode: 415 | Epsilon:  0.10 | Reward: -33.38442718001319 | Average Reward: -292.126 | Steps: 69940 | Total Reward: -99646.69729376037|
| Episode: 416 | Epsilon:  0.10 | Reward: -111.55855673331537 | Average Reward: -286.912 | Steps: 70059 | Total Reward: -99758.25585049369|
| Episode: 417 | Epsilon:  0.10 | Reward: 186.39234578606005 | Average Reward: -281.201 | Steps: 70361 | Total Reward: -99571.8635047076|
| Episode: 418 | Epsilon:  0.10 | Reward: -259.71769280220065 | Average Reward: -278.701 | Steps: 70484 | Total Reward: -99831.58119750979|
| Episode: 419 | Epsilon:  0.10 | Reward: -378.1294479582271 | Average Reward: -279.631 | Steps: 70661 | Total Reward: -100209.71064546793|
| Episode: 420 | Epsilon:  0.10 | Reward: -470.40768205862975 | Average Reward: -279.768 | Steps: 70802 | Total Reward: -100680.11832752661|
| Episode: 421 | Epsilon:  0.10 | Reward: -227.83198678166116 | Average Reward: -278.933 | Steps: 70917 | Total Reward: -100907.95031430827|
| Episode: 422 | Epsilon:  0.10 | Reward: -401.7295469525625 | Average Reward: -281.264 | Steps: 71015 | Total Reward: -101309.6798612608|
| Episode: 423 | Epsilon:  0.10 | Reward: -481.559100287031 | Average Reward: -283.002 | Steps: 71099 | Total Reward: -101791.2389615478|
| Episode: 424 | Epsilon:  0.10 | Reward: -316.8756483679475 | Average Reward: -283.604 | Steps: 71255 | Total Reward: -102108.1146099157|
| Episode: 425 | Epsilon:  0.10 | Reward: -489.26908327921166 | Average Reward: -287.672 | Steps: 71364 | Total Reward: -102597.38369319492|
| Episode: 426 | Epsilon:  0.10 | Reward: -114.64147191866365 | Average Reward: -285.072 | Steps: 71494 | Total Reward: -102712.02516511349|
| Episode: 427 | Epsilon:  0.10 | Reward: -553.65414619327 | Average Reward: -285.878 | Steps: 71583 | Total Reward: -103265.67931130673|
| Episode: 428 | Epsilon:  0.10 | Reward: -481.11011252459167 | Average Reward: -288.604 | Steps: 71674 | Total Reward: -103746.78942383127|
| Episode: 429 | Epsilon:  0.10 | Reward: -152.61043188729636 | Average Reward: -287.614 | Steps: 71842 | Total Reward: -103899.39985571858|
| Episode: 430 | Epsilon:  0.10 | Reward: -242.1575934198477 | Average Reward: -290.073 | Steps: 72007 | Total Reward: -104141.55744913845|
| Episode: 431 | Epsilon:  0.10 | Reward: -616.230186758639 | Average Reward: -291.537 | Steps: 72217 | Total Reward: -104757.78763589713|
| Episode: 432 | Epsilon:  0.10 | Reward: -469.88793238692926 | Average Reward: -291.414 | Steps: 72375 | Total Reward: -105227.67556828404|
| Episode: 433 | Epsilon:  0.10 | Reward: -418.5760195189797 | Average Reward: -290.394 | Steps: 72460 | Total Reward: -105646.25158780298|
| Episode: 434 | Epsilon:  0.10 | Reward: -324.5302660518511 | Average Reward: -290.616 | Steps: 72599 | Total Reward: -105970.78185385479|
| Episode: 435 | Epsilon:  0.10 | Reward: -205.31726524516688 | Average Reward: -290.542 | Steps: 72777 | Total Reward: -106176.09911909995|
| Episode: 436 | Epsilon:  0.10 | Reward: -398.64682072869414 | Average Reward: -291.938 | Steps: 72861 | Total Reward: -106574.74593982866|
| Episode: 437 | Epsilon:  0.10 | Reward: -269.2203205207753 | Average Reward: -292.036 | Steps: 73034 | Total Reward: -106843.96626034945|
| Episode: 438 | Epsilon:  0.10 | Reward: -472.75432299952126 | Average Reward: -293.713 | Steps: 73137 | Total Reward: -107316.72058334897|
| Episode: 439 | Epsilon:  0.10 | Reward: -400.34347636720037 | Average Reward: -294.563 | Steps: 73270 | Total Reward: -107717.06405971617|
| Episode: 440 | Epsilon:  0.10 | Reward: -460.1529421946346 | Average Reward: -297.445 | Steps: 73369 | Total Reward: -108177.21700191085|
| Episode: 441 | Epsilon:  0.10 | Reward: -303.21991790140896 | Average Reward: -297.656 | Steps: 73493 | Total Reward: -108480.4369198123|
| Episode: 442 | Epsilon:  0.10 | Reward: -129.58780273981606 | Average Reward: -296.203 | Steps: 73644 | Total Reward: -108610.02472255216|
| Episode: 443 | Epsilon:  0.10 | Reward: -371.7922340408848 | Average Reward: -297.314 | Steps: 73765 | Total Reward: -108981.81695659299|
| Episode: 444 | Epsilon:  0.10 | Reward: -574.3651150009514 | Average Reward: -300.658 | Steps: 73897 | Total Reward: -109556.18207159392|
| Episode: 445 | Epsilon:  0.10 | Reward: -411.86959361272653 | Average Reward: -302.534 | Steps: 74044 | Total Reward: -109968.05166520666|
| Episode: 446 | Epsilon:  0.10 | Reward: -280.17810535837367 | Average Reward: -302.447 | Steps: 74158 | Total Reward: -110248.22977056501|
| Episode: 447 | Epsilon:  0.10 | Reward: -174.36761135750513 | Average Reward: -300.550 | Steps: 74282 | Total Reward: -110422.59738192249|
| Episode: 448 | Epsilon:  0.10 | Reward: -90.27518030214055 | Average Reward: -298.972 | Steps: 74465 | Total Reward: -110512.87256222453|
| Episode: 449 | Epsilon:  0.10 | Reward: -431.65407253170144 | Average Reward: -300.439 | Steps: 74597 | Total Reward: -110944.52663475618|
| Episode: 450 | Epsilon:  0.10 | Reward: -334.20256855938044 | Average Reward: -301.157 | Steps: 74808 | Total Reward: -111278.72920331554|
| Episode: 451 | Epsilon:  0.10 | Reward: -343.2398104173801 | Average Reward: -303.155 | Steps: 74884 | Total Reward: -111621.96901373292|
| Episode: 452 | Epsilon:  0.10 | Reward: -255.48439501869623 | Average Reward: -304.462 | Steps: 74982 | Total Reward: -111877.45340875161|
| Episode: 453 | Epsilon:  0.10 | Reward: -88.74728540472915 | Average Reward: -302.394 | Steps: 75088 | Total Reward: -111966.20069415632|
| Episode: 454 | Epsilon:  0.10 | Reward: -320.77968584268297 | Average Reward: -300.890 | Steps: 75165 | Total Reward: -112286.98037999899|
| Episode: 455 | Epsilon:  0.10 | Reward: -382.9088417998814 | Average Reward: -301.380 | Steps: 75251 | Total Reward: -112669.88922179886|
| Episode: 456 | Epsilon:  0.10 | Reward: -452.2102472702982 | Average Reward: -305.403 | Steps: 75389 | Total Reward: -113122.09946906922|
| Episode: 457 | Epsilon:  0.10 | Reward: -575.8818707468225 | Average Reward: -309.288 | Steps: 75523 | Total Reward: -113697.98133981603|
| Episode: 458 | Epsilon:  0.10 | Reward: -520.140277476911 | Average Reward: -313.338 | Steps: 75692 | Total Reward: -114218.12161729287|
| Episode: 459 | Epsilon:  0.10 | Reward: -293.9300217384773 | Average Reward: -314.134 | Steps: 75802 | Total Reward: -114512.05163903139|
| Episode: 460 | Epsilon:  0.10 | Reward: -280.49686375281925 | Average Reward: -315.504 | Steps: 75990 | Total Reward: -114792.54850278416|
| Episode: 461 | Epsilon:  0.10 | Reward: -343.446541456243 | Average Reward: -315.981 | Steps: 76118 | Total Reward: -115135.99504424035|
| Episode: 462 | Epsilon:  0.10 | Reward: -19.039387916117903 | Average Reward: -314.035 | Steps: 76212 | Total Reward: -115155.03443215645|
| Episode: 463 | Epsilon:  0.10 | Reward: -303.3290119386852 | Average Reward: -312.989 | Steps: 76361 | Total Reward: -115458.36344409519|
| Episode: 464 | Epsilon:  0.10 | Reward: -537.1158030318181 | Average Reward: -313.561 | Steps: 76495 | Total Reward: -115995.47924712706|
| Episode: 465 | Epsilon:  0.10 | Reward: -176.8291407547269 | Average Reward: -311.494 | Steps: 76697 | Total Reward: -116172.30838788173|
| Episode: 466 | Epsilon:  0.10 | Reward: -257.2797358767831 | Average Reward: -311.792 | Steps: 76756 | Total Reward: -116429.58812375853|
| Episode: 467 | Epsilon:  0.10 | Reward: -274.52785385196967 | Average Reward: -310.595 | Steps: 76902 | Total Reward: -116704.11597761053|
