+------------------------+----------------------------+--------------------+
|                        |     Supported Features     |  Program Commands  |
+========================+============================+====================+
| Compatible Layers      | Hopfield Layer,            | hopfield,          |
|                        | HopfieldLayer Layer,       | hopfield_layer,    |
|                        | HopfieldPooling Layer,     | hopfield_pooling,  |
|                        | LSTM,                      | lstm,              |
|                        | GRU                        | gru                |
+------------------------+----------------------------+--------------------+
| Supported Loss Metrics | Huber Loss,                | huber,             |
|                        | Mean Absolute Error Loss,  | mae,               |
|                        | Mean Squared Error Loss,   | mse,               |
|                        | SmoothL1 Loss              | smooth_l1          |
+------------------------+----------------------------+--------------------+
| Supported Optimizers   | RMSprop (default),         | rmsprop,           |
|                        | AdamW,                     | adam,              |
|                        | Adam,                      | adamW,             |
|                        | SGD                        |  sgd               |
+------------------------+----------------------------+--------------------+
+------------------------------+-------------------------------------------+
|          Parameter           |                   Value                   |
+==============================+===========================================+
| Layer Type:                  | hopfield_pooling                          |
+------------------------------+-------------------------------------------+
| Loss Metric:                 | huber                                     |
+------------------------------+-------------------------------------------+
| Sequence Length:             | 20                                        |
+------------------------------+-------------------------------------------+
| Learning Rate:               | 0.000                                     |
+------------------------------+-------------------------------------------+
| Target Update Steps:         | 100                                       |
+------------------------------+-------------------------------------------+
| Optimizer:                   | rmsprop                                   |
+------------------------------+-------------------------------------------+
| Hopfield Inverse Temperature | 0.100                                     |
+------------------------------+-------------------------------------------+
| Scale Q-values with lr       | yes                                       |
+------------------------------+-------------------------------------------+
| Hard or Soft Update          | hard                                      |
+------------------------------+-------------------------------------------+
| Polyak Factor                | None                                      |
+------------------------------+-------------------------------------------+
| Make POMDP                   | Train: False, Hidden dims: [1], mask      |
|                              | Evaluation: False, Hidden dims: [1], mask |
+------------------------------+-------------------------------------------+
---------------
| TRAINING... |
---------------
| Episode:   1 | Epsilon:  0.88 | Reward:   3.0 | Average Reward: 3.000 | Steps:    75 | Total Reward:   3.0|
| Episode:   2 | Epsilon:  0.86 | Reward:   1.0 | Average Reward: 2.000 | Steps:   119 | Total Reward:   4.0|
| Episode:   3 | Epsilon:  0.85 | Reward:   1.0 | Average Reward: 1.667 | Steps:   169 | Total Reward:   5.0|
| Episode:   4 | Epsilon:  0.83 | Reward:   1.0 | Average Reward: 1.500 | Steps:   211 | Total Reward:   6.0|
| Episode:   5 | Epsilon:  0.81 | Reward:   2.0 | Average Reward: 1.600 | Steps:   265 | Total Reward:   8.0|
| Episode:   6 | Epsilon:  0.79 | Reward:   2.0 | Average Reward: 1.667 | Steps:   327 | Total Reward:  10.0|
| Episode:   7 | Epsilon:  0.77 | Reward:   0.0 | Average Reward: 1.429 | Steps:   357 | Total Reward:  10.0|
| Episode:   8 | Epsilon:  0.76 | Reward:   0.0 | Average Reward: 1.250 | Steps:   391 | Total Reward:  10.0|
| Episode:   9 | Epsilon:  0.74 | Reward:   2.0 | Average Reward: 1.333 | Steps:   453 | Total Reward:  12.0|
| Episode:  10 | Epsilon:  0.73 | Reward:   3.0 | Average Reward: 1.500 | Steps:   524 | Total Reward:  15.0|
| Episode:  11 | Epsilon:  0.71 | Reward:   0.0 | Average Reward: 1.364 | Steps:   557 | Total Reward:  15.0|
| Episode:  12 | Epsilon:  0.70 | Reward:   1.0 | Average Reward: 1.333 | Steps:   596 | Total Reward:  16.0|
| Episode:  13 | Epsilon:  0.68 | Reward:   1.0 | Average Reward: 1.308 | Steps:   635 | Total Reward:  17.0|
| Episode:  14 | Epsilon:  0.67 | Reward:   2.0 | Average Reward: 1.357 | Steps:   691 | Total Reward:  19.0|
| Episode:  15 | Epsilon:  0.65 | Reward:   1.0 | Average Reward: 1.333 | Steps:   738 | Total Reward:  20.0|
| Episode:  16 | Epsilon:  0.64 | Reward:   1.0 | Average Reward: 1.312 | Steps:   786 | Total Reward:  21.0|
| Episode:  17 | Epsilon:  0.63 | Reward:   2.0 | Average Reward: 1.353 | Steps:   841 | Total Reward:  23.0|
| Episode:  18 | Epsilon:  0.61 | Reward:   2.0 | Average Reward: 1.389 | Steps:   898 | Total Reward:  25.0|
| Episode:  19 | Epsilon:  0.60 | Reward:   0.0 | Average Reward: 1.316 | Steps:   928 | Total Reward:  25.0|
| Episode:  20 | Epsilon:  0.59 | Reward:   0.0 | Average Reward: 1.250 | Steps:   962 | Total Reward:  25.0|
| Episode:  21 | Epsilon:  0.58 | Reward:   0.0 | Average Reward: 1.190 | Steps:   993 | Total Reward:  25.0|
| Episode:  22 | Epsilon:  0.56 | Reward:   0.0 | Average Reward: 1.136 | Steps:  1025 | Total Reward:  25.0|
| Episode:  23 | Epsilon:  0.55 | Reward:   2.0 | Average Reward: 1.174 | Steps:  1083 | Total Reward:  27.0|
| Episode:  24 | Epsilon:  0.54 | Reward:   5.0 | Average Reward: 1.333 | Steps:  1175 | Total Reward:  32.0|
| Episode:  25 | Epsilon:  0.53 | Reward:   0.0 | Average Reward: 1.280 | Steps:  1207 | Total Reward:  32.0|
| Episode:  26 | Epsilon:  0.52 | Reward:   2.0 | Average Reward: 1.308 | Steps:  1264 | Total Reward:  34.0|
| Episode:  27 | Epsilon:  0.51 | Reward:   3.0 | Average Reward: 1.370 | Steps:  1338 | Total Reward:  37.0|
| Episode:  28 | Epsilon:  0.50 | Reward:   2.0 | Average Reward: 1.393 | Steps:  1399 | Total Reward:  39.0|
| Episode:  29 | Epsilon:  0.49 | Reward:   2.0 | Average Reward: 1.414 | Steps:  1455 | Total Reward:  41.0|
| Episode:  30 | Epsilon:  0.48 | Reward:   3.0 | Average Reward: 1.467 | Steps:  1527 | Total Reward:  44.0|
| Episode:  31 | Epsilon:  0.47 | Reward:   3.0 | Average Reward: 1.516 | Steps:  1600 | Total Reward:  47.0|
| Episode:  32 | Epsilon:  0.46 | Reward:   2.0 | Average Reward: 1.531 | Steps:  1655 | Total Reward:  49.0|
| Episode:  33 | Epsilon:  0.45 | Reward:   4.0 | Average Reward: 1.606 | Steps:  1733 | Total Reward:  53.0|
| Episode:  34 | Epsilon:  0.44 | Reward:   1.0 | Average Reward: 1.588 | Steps:  1774 | Total Reward:  54.0|
| Episode:  35 | Epsilon:  0.44 | Reward:   1.0 | Average Reward: 1.571 | Steps:  1822 | Total Reward:  55.0|
| Episode:  36 | Epsilon:  0.43 | Reward:   0.0 | Average Reward: 1.528 | Steps:  1852 | Total Reward:  55.0|
| Episode:  37 | Epsilon:  0.42 | Reward:   6.0 | Average Reward: 1.649 | Steps:  1977 | Total Reward:  61.0|
| Episode:  38 | Epsilon:  0.41 | Reward:   0.0 | Average Reward: 1.605 | Steps:  2009 | Total Reward:  61.0|
| Episode:  39 | Epsilon:  0.40 | Reward:   0.0 | Average Reward: 1.564 | Steps:  2043 | Total Reward:  61.0|
| Episode:  40 | Epsilon:  0.40 | Reward:   2.0 | Average Reward: 1.575 | Steps:  2102 | Total Reward:  63.0|
| Episode:  41 | Epsilon:  0.39 | Reward:   0.0 | Average Reward: 1.537 | Steps:  2132 | Total Reward:  63.0|
| Episode:  42 | Epsilon:  0.38 | Reward:   1.0 | Average Reward: 1.524 | Steps:  2180 | Total Reward:  64.0|
| Episode:  43 | Epsilon:  0.37 | Reward:   1.0 | Average Reward: 1.512 | Steps:  2227 | Total Reward:  65.0|
| Episode:  44 | Epsilon:  0.37 | Reward:   3.0 | Average Reward: 1.545 | Steps:  2298 | Total Reward:  68.0|
| Episode:  45 | Epsilon:  0.36 | Reward:   3.0 | Average Reward: 1.578 | Steps:  2372 | Total Reward:  71.0|
| Episode:  46 | Epsilon:  0.35 | Reward:   0.0 | Average Reward: 1.543 | Steps:  2402 | Total Reward:  71.0|
| Episode:  47 | Epsilon:  0.35 | Reward:   0.0 | Average Reward: 1.511 | Steps:  2433 | Total Reward:  71.0|
| Episode:  48 | Epsilon:  0.34 | Reward:   2.0 | Average Reward: 1.521 | Steps:  2491 | Total Reward:  73.0|
| Episode:  49 | Epsilon:  0.34 | Reward:   4.0 | Average Reward: 1.571 | Steps:  2580 | Total Reward:  77.0|
| Episode:  50 | Epsilon:  0.33 | Reward:   1.0 | Average Reward: 1.560 | Steps:  2625 | Total Reward:  78.0|
| Episode:  51 | Epsilon:  0.32 | Reward:   2.0 | Average Reward: 1.569 | Steps:  2689 | Total Reward:  80.0|
| Episode:  52 | Epsilon:  0.32 | Reward:   1.0 | Average Reward: 1.558 | Steps:  2740 | Total Reward:  81.0|
| Episode:  53 | Epsilon:  0.31 | Reward:   3.0 | Average Reward: 1.585 | Steps:  2814 | Total Reward:  84.0|
| Episode:  54 | Epsilon:  0.31 | Reward:   0.0 | Average Reward: 1.556 | Steps:  2847 | Total Reward:  84.0|
| Episode:  55 | Epsilon:  0.30 | Reward:   3.0 | Average Reward: 1.582 | Steps:  2928 | Total Reward:  87.0|
| Episode:  56 | Epsilon:  0.30 | Reward:   0.0 | Average Reward: 1.554 | Steps:  2961 | Total Reward:  87.0|
| Episode:  57 | Epsilon:  0.29 | Reward:   0.0 | Average Reward: 1.526 | Steps:  2994 | Total Reward:  87.0|
| Episode:  58 | Epsilon:  0.29 | Reward:   0.0 | Average Reward: 1.500 | Steps:  3027 | Total Reward:  87.0|
| Episode:  59 | Epsilon:  0.28 | Reward:   0.0 | Average Reward: 1.475 | Steps:  3060 | Total Reward:  87.0|
| Episode:  60 | Epsilon:  0.28 | Reward:   2.0 | Average Reward: 1.483 | Steps:  3116 | Total Reward:  89.0|
| Episode:  61 | Epsilon:  0.27 | Reward:   1.0 | Average Reward: 1.475 | Steps:  3166 | Total Reward:  90.0|
| Episode:  62 | Epsilon:  0.27 | Reward:   1.0 | Average Reward: 1.468 | Steps:  3215 | Total Reward:  91.0|
| Episode:  63 | Epsilon:  0.27 | Reward:   2.0 | Average Reward: 1.476 | Steps:  3278 | Total Reward:  93.0|
| Episode:  64 | Epsilon:  0.26 | Reward:   4.0 | Average Reward: 1.516 | Steps:  3373 | Total Reward:  97.0|
| Episode:  65 | Epsilon:  0.26 | Reward:   2.0 | Average Reward: 1.523 | Steps:  3431 | Total Reward:  99.0|
| Episode:  66 | Epsilon:  0.25 | Reward:   1.0 | Average Reward: 1.515 | Steps:  3479 | Total Reward: 100.0|
| Episode:  67 | Epsilon:  0.25 | Reward:   2.0 | Average Reward: 1.522 | Steps:  3544 | Total Reward: 102.0|
| Episode:  68 | Epsilon:  0.25 | Reward:   4.0 | Average Reward: 1.559 | Steps:  3633 | Total Reward: 106.0|
| Episode:  69 | Epsilon:  0.24 | Reward:   2.0 | Average Reward: 1.565 | Steps:  3697 | Total Reward: 108.0|
| Episode:  70 | Epsilon:  0.24 | Reward:   2.0 | Average Reward: 1.571 | Steps:  3752 | Total Reward: 110.0|
| Episode:  71 | Epsilon:  0.24 | Reward:   0.0 | Average Reward: 1.549 | Steps:  3783 | Total Reward: 110.0|
| Episode:  72 | Epsilon:  0.23 | Reward:   3.0 | Average Reward: 1.569 | Steps:  3850 | Total Reward: 113.0|
| Episode:  73 | Epsilon:  0.23 | Reward:   3.0 | Average Reward: 1.589 | Steps:  3924 | Total Reward: 116.0|
| Episode:  74 | Epsilon:  0.23 | Reward:   1.0 | Average Reward: 1.581 | Steps:  3973 | Total Reward: 117.0|
| Episode:  75 | Epsilon:  0.22 | Reward:   2.0 | Average Reward: 1.587 | Steps:  4035 | Total Reward: 119.0|
| Episode:  76 | Epsilon:  0.22 | Reward:   1.0 | Average Reward: 1.579 | Steps:  4082 | Total Reward: 120.0|
| Episode:  77 | Epsilon:  0.22 | Reward:   1.0 | Average Reward: 1.571 | Steps:  4131 | Total Reward: 121.0|
| Episode:  78 | Epsilon:  0.21 | Reward:   2.0 | Average Reward: 1.577 | Steps:  4186 | Total Reward: 123.0|
| Episode:  79 | Epsilon:  0.21 | Reward:   3.0 | Average Reward: 1.595 | Steps:  4261 | Total Reward: 126.0|
| Episode:  80 | Epsilon:  0.21 | Reward:   2.0 | Average Reward: 1.600 | Steps:  4326 | Total Reward: 128.0|
| Episode:  81 | Epsilon:  0.21 | Reward:   2.0 | Average Reward: 1.605 | Steps:  4384 | Total Reward: 130.0|
| Episode:  82 | Epsilon:  0.20 | Reward:   5.0 | Average Reward: 1.646 | Steps:  4490 | Total Reward: 135.0|
| Episode:  83 | Epsilon:  0.20 | Reward:   1.0 | Average Reward: 1.639 | Steps:  4537 | Total Reward: 136.0|
| Episode:  84 | Epsilon:  0.20 | Reward:   0.0 | Average Reward: 1.619 | Steps:  4572 | Total Reward: 136.0|
| Episode:  85 | Epsilon:  0.20 | Reward:   0.0 | Average Reward: 1.600 | Steps:  4606 | Total Reward: 136.0|
| Episode:  86 | Epsilon:  0.19 | Reward:   2.0 | Average Reward: 1.605 | Steps:  4662 | Total Reward: 138.0|
| Episode:  87 | Epsilon:  0.19 | Reward:   2.0 | Average Reward: 1.609 | Steps:  4719 | Total Reward: 140.0|
| Episode:  88 | Epsilon:  0.19 | Reward:   0.0 | Average Reward: 1.591 | Steps:  4753 | Total Reward: 140.0|
| Episode:  89 | Epsilon:  0.19 | Reward:   0.0 | Average Reward: 1.573 | Steps:  4784 | Total Reward: 140.0|
| Episode:  90 | Epsilon:  0.18 | Reward:   0.0 | Average Reward: 1.556 | Steps:  4819 | Total Reward: 140.0|
| Episode:  91 | Epsilon:  0.18 | Reward:   1.0 | Average Reward: 1.549 | Steps:  4868 | Total Reward: 141.0|
| Episode:  92 | Epsilon:  0.18 | Reward:   0.0 | Average Reward: 1.533 | Steps:  4898 | Total Reward: 141.0|
| Episode:  93 | Epsilon:  0.18 | Reward:   2.0 | Average Reward: 1.538 | Steps:  4956 | Total Reward: 143.0|
| Episode:  94 | Epsilon:  0.18 | Reward:   2.0 | Average Reward: 1.543 | Steps:  5010 | Total Reward: 145.0|
| Episode:  95 | Epsilon:  0.17 | Reward:   2.0 | Average Reward: 1.547 | Steps:  5070 | Total Reward: 147.0|
| Episode:  96 | Epsilon:  0.17 | Reward:   4.0 | Average Reward: 1.573 | Steps:  5168 | Total Reward: 151.0|
| Episode:  97 | Epsilon:  0.17 | Reward:   2.0 | Average Reward: 1.577 | Steps:  5226 | Total Reward: 153.0|
| Episode:  98 | Epsilon:  0.17 | Reward:   3.0 | Average Reward: 1.592 | Steps:  5300 | Total Reward: 156.0|
| Episode:  99 | Epsilon:  0.17 | Reward:   1.0 | Average Reward: 1.586 | Steps:  5348 | Total Reward: 157.0|
| Episode: 100 | Epsilon:  0.17 | Reward:   5.0 | Average Reward: 1.620 | Steps:  5438 | Total Reward: 162.0|
| Episode: 101 | Epsilon:  0.16 | Reward:   2.0 | Average Reward: 1.610 | Steps:  5493 | Total Reward: 164.0|
| Episode: 102 | Epsilon:  0.16 | Reward:   3.0 | Average Reward: 1.630 | Steps:  5565 | Total Reward: 167.0|
| Episode: 103 | Epsilon:  0.16 | Reward:   0.0 | Average Reward: 1.620 | Steps:  5600 | Total Reward: 167.0|
| Episode: 104 | Epsilon:  0.16 | Reward:   2.0 | Average Reward: 1.630 | Steps:  5660 | Total Reward: 169.0|
| Episode: 105 | Epsilon:  0.16 | Reward:   3.0 | Average Reward: 1.640 | Steps:  5734 | Total Reward: 172.0|
| Episode: 106 | Epsilon:  0.16 | Reward:   0.0 | Average Reward: 1.620 | Steps:  5765 | Total Reward: 172.0|
| Episode: 107 | Epsilon:  0.16 | Reward:   0.0 | Average Reward: 1.620 | Steps:  5796 | Total Reward: 172.0|
| Episode: 108 | Epsilon:  0.15 | Reward:   6.0 | Average Reward: 1.680 | Steps:  5917 | Total Reward: 178.0|
| Episode: 109 | Epsilon:  0.15 | Reward:   1.0 | Average Reward: 1.670 | Steps:  5966 | Total Reward: 179.0|
| Episode: 110 | Epsilon:  0.15 | Reward:   3.0 | Average Reward: 1.670 | Steps:  6034 | Total Reward: 182.0|
| Episode: 111 | Epsilon:  0.15 | Reward:   5.0 | Average Reward: 1.720 | Steps:  6133 | Total Reward: 187.0|
| Episode: 112 | Epsilon:  0.15 | Reward:   3.0 | Average Reward: 1.740 | Steps:  6208 | Total Reward: 190.0|
| Episode: 113 | Epsilon:  0.15 | Reward:   3.0 | Average Reward: 1.760 | Steps:  6285 | Total Reward: 193.0|
| Episode: 114 | Epsilon:  0.15 | Reward:   2.0 | Average Reward: 1.760 | Steps:  6344 | Total Reward: 195.0|
| Episode: 115 | Epsilon:  0.15 | Reward:   2.0 | Average Reward: 1.770 | Steps:  6401 | Total Reward: 197.0|
| Episode: 116 | Epsilon:  0.14 | Reward:   0.0 | Average Reward: 1.760 | Steps:  6434 | Total Reward: 197.0|
| Episode: 117 | Epsilon:  0.14 | Reward:   5.0 | Average Reward: 1.790 | Steps:  6534 | Total Reward: 202.0|
| Episode: 118 | Epsilon:  0.14 | Reward:   2.0 | Average Reward: 1.790 | Steps:  6588 | Total Reward: 204.0|
| Episode: 119 | Epsilon:  0.14 | Reward:   0.0 | Average Reward: 1.790 | Steps:  6620 | Total Reward: 204.0|
| Episode: 120 | Epsilon:  0.14 | Reward:   0.0 | Average Reward: 1.790 | Steps:  6652 | Total Reward: 204.0|
| Episode: 121 | Epsilon:  0.14 | Reward:   1.0 | Average Reward: 1.800 | Steps:  6700 | Total Reward: 205.0|
| Episode: 122 | Epsilon:  0.14 | Reward:   2.0 | Average Reward: 1.820 | Steps:  6758 | Total Reward: 207.0|
| Episode: 123 | Epsilon:  0.14 | Reward:   2.0 | Average Reward: 1.820 | Steps:  6818 | Total Reward: 209.0|
| Episode: 124 | Epsilon:  0.14 | Reward:   1.0 | Average Reward: 1.780 | Steps:  6863 | Total Reward: 210.0|
| Episode: 125 | Epsilon:  0.14 | Reward:   3.0 | Average Reward: 1.810 | Steps:  6936 | Total Reward: 213.0|
| Episode: 126 | Epsilon:  0.13 | Reward:   1.0 | Average Reward: 1.800 | Steps:  6979 | Total Reward: 214.0|
| Episode: 127 | Epsilon:  0.13 | Reward:   3.0 | Average Reward: 1.800 | Steps:  7051 | Total Reward: 217.0|
| Episode: 128 | Epsilon:  0.13 | Reward:   0.0 | Average Reward: 1.780 | Steps:  7083 | Total Reward: 217.0|
| Episode: 129 | Epsilon:  0.13 | Reward:   2.0 | Average Reward: 1.780 | Steps:  7150 | Total Reward: 219.0|
| Episode: 130 | Epsilon:  0.13 | Reward:   1.0 | Average Reward: 1.760 | Steps:  7198 | Total Reward: 220.0|
| Episode: 131 | Epsilon:  0.13 | Reward:   4.0 | Average Reward: 1.770 | Steps:  7294 | Total Reward: 224.0|
| Episode: 132 | Epsilon:  0.13 | Reward:   5.0 | Average Reward: 1.800 | Steps:  7403 | Total Reward: 229.0|
| Episode: 133 | Epsilon:  0.13 | Reward:   0.0 | Average Reward: 1.760 | Steps:  7437 | Total Reward: 229.0|
| Episode: 134 | Epsilon:  0.13 | Reward:   0.0 | Average Reward: 1.750 | Steps:  7469 | Total Reward: 229.0|
| Episode: 135 | Epsilon:  0.13 | Reward:   4.0 | Average Reward: 1.780 | Steps:  7552 | Total Reward: 233.0|
| Episode: 136 | Epsilon:  0.13 | Reward:   7.0 | Average Reward: 1.850 | Steps:  7672 | Total Reward: 240.0|
| Episode: 137 | Epsilon:  0.13 | Reward:   1.0 | Average Reward: 1.800 | Steps:  7720 | Total Reward: 241.0|
| Episode: 138 | Epsilon:  0.13 | Reward:   2.0 | Average Reward: 1.820 | Steps:  7775 | Total Reward: 243.0|
| Episode: 139 | Epsilon:  0.12 | Reward:   0.0 | Average Reward: 1.820 | Steps:  7807 | Total Reward: 243.0|
| Episode: 140 | Epsilon:  0.12 | Reward:   2.0 | Average Reward: 1.820 | Steps:  7864 | Total Reward: 245.0|
| Episode: 141 | Epsilon:  0.12 | Reward:   0.0 | Average Reward: 1.820 | Steps:  7893 | Total Reward: 245.0|
| Episode: 142 | Epsilon:  0.12 | Reward:   2.0 | Average Reward: 1.830 | Steps:  7947 | Total Reward: 247.0|
| Episode: 143 | Epsilon:  0.12 | Reward:   2.0 | Average Reward: 1.840 | Steps:  8003 | Total Reward: 249.0|
| Episode: 144 | Epsilon:  0.12 | Reward:   1.0 | Average Reward: 1.820 | Steps:  8049 | Total Reward: 250.0|
| Episode: 145 | Epsilon:  0.12 | Reward:   2.0 | Average Reward: 1.810 | Steps:  8109 | Total Reward: 252.0|
| Episode: 146 | Epsilon:  0.12 | Reward:   0.0 | Average Reward: 1.810 | Steps:  8143 | Total Reward: 252.0|
| Episode: 147 | Epsilon:  0.12 | Reward:   2.0 | Average Reward: 1.830 | Steps:  8201 | Total Reward: 254.0|
| Episode: 148 | Epsilon:  0.12 | Reward:   0.0 | Average Reward: 1.810 | Steps:  8233 | Total Reward: 254.0|
| Episode: 149 | Epsilon:  0.12 | Reward:   0.0 | Average Reward: 1.770 | Steps:  8266 | Total Reward: 254.0|
| Episode: 150 | Epsilon:  0.12 | Reward:   5.0 | Average Reward: 1.810 | Steps:  8371 | Total Reward: 259.0|
| Episode: 151 | Epsilon:  0.12 | Reward:   3.0 | Average Reward: 1.820 | Steps:  8447 | Total Reward: 262.0|
| Episode: 152 | Epsilon:  0.12 | Reward:   2.0 | Average Reward: 1.830 | Steps:  8504 | Total Reward: 264.0|
| Episode: 153 | Epsilon:  0.12 | Reward:   2.0 | Average Reward: 1.820 | Steps:  8567 | Total Reward: 266.0|
| Episode: 154 | Epsilon:  0.12 | Reward:   2.0 | Average Reward: 1.840 | Steps:  8630 | Total Reward: 268.0|
| Episode: 155 | Epsilon:  0.12 | Reward:   3.0 | Average Reward: 1.840 | Steps:  8702 | Total Reward: 271.0|
| Episode: 156 | Epsilon:  0.12 | Reward:   2.0 | Average Reward: 1.860 | Steps:  8760 | Total Reward: 273.0|
| Episode: 157 | Epsilon:  0.12 | Reward:   2.0 | Average Reward: 1.880 | Steps:  8819 | Total Reward: 275.0|
| Episode: 158 | Epsilon:  0.12 | Reward:   0.0 | Average Reward: 1.880 | Steps:  8853 | Total Reward: 275.0|
| Episode: 159 | Epsilon:  0.12 | Reward:   0.0 | Average Reward: 1.880 | Steps:  8883 | Total Reward: 275.0|
| Episode: 160 | Epsilon:  0.11 | Reward:   2.0 | Average Reward: 1.880 | Steps:  8950 | Total Reward: 277.0|
| Episode: 161 | Epsilon:  0.11 | Reward:   2.0 | Average Reward: 1.890 | Steps:  9008 | Total Reward: 279.0|
| Episode: 162 | Epsilon:  0.11 | Reward:   2.0 | Average Reward: 1.900 | Steps:  9073 | Total Reward: 281.0|
| Episode: 163 | Epsilon:  0.11 | Reward:   0.0 | Average Reward: 1.880 | Steps:  9107 | Total Reward: 281.0|
| Episode: 164 | Epsilon:  0.11 | Reward:   0.0 | Average Reward: 1.840 | Steps:  9139 | Total Reward: 281.0|
| Episode: 165 | Epsilon:  0.11 | Reward:   3.0 | Average Reward: 1.850 | Steps:  9212 | Total Reward: 284.0|
| Episode: 166 | Epsilon:  0.11 | Reward:   1.0 | Average Reward: 1.850 | Steps:  9261 | Total Reward: 285.0|
| Episode: 167 | Epsilon:  0.11 | Reward:   2.0 | Average Reward: 1.850 | Steps:  9320 | Total Reward: 287.0|
| Episode: 168 | Epsilon:  0.11 | Reward:   0.0 | Average Reward: 1.810 | Steps:  9354 | Total Reward: 287.0|
| Episode: 169 | Epsilon:  0.11 | Reward:   4.0 | Average Reward: 1.830 | Steps:  9443 | Total Reward: 291.0|
| Episode: 170 | Epsilon:  0.11 | Reward:   3.0 | Average Reward: 1.840 | Steps:  9515 | Total Reward: 294.0|
| Episode: 171 | Epsilon:  0.11 | Reward:   1.0 | Average Reward: 1.850 | Steps:  9563 | Total Reward: 295.0|
| Episode: 172 | Epsilon:  0.11 | Reward:   3.0 | Average Reward: 1.850 | Steps:  9639 | Total Reward: 298.0|
| Episode: 173 | Epsilon:  0.11 | Reward:   2.0 | Average Reward: 1.840 | Steps:  9697 | Total Reward: 300.0|
| Episode: 174 | Epsilon:  0.11 | Reward:   0.0 | Average Reward: 1.830 | Steps:  9728 | Total Reward: 300.0|
| Episode: 175 | Epsilon:  0.11 | Reward:   0.0 | Average Reward: 1.810 | Steps:  9762 | Total Reward: 300.0|
| Episode: 176 | Epsilon:  0.11 | Reward:   2.0 | Average Reward: 1.820 | Steps:  9820 | Total Reward: 302.0|
| Episode: 177 | Epsilon:  0.11 | Reward:   2.0 | Average Reward: 1.830 | Steps:  9878 | Total Reward: 304.0|
| Episode: 178 | Epsilon:  0.11 | Reward:   6.0 | Average Reward: 1.870 | Steps:  9990 | Total Reward: 310.0|
| Episode: 179 | Epsilon:  0.11 | Reward:   4.0 | Average Reward: 1.880 | Steps: 10080 | Total Reward: 314.0|
| Episode: 180 | Epsilon:  0.11 | Reward:   3.0 | Average Reward: 1.890 | Steps: 10155 | Total Reward: 317.0|
| Episode: 181 | Epsilon:  0.11 | Reward:   2.0 | Average Reward: 1.890 | Steps: 10212 | Total Reward: 319.0|
| Episode: 182 | Epsilon:  0.11 | Reward:   3.0 | Average Reward: 1.870 | Steps: 10288 | Total Reward: 322.0|
| Episode: 183 | Epsilon:  0.11 | Reward:   2.0 | Average Reward: 1.880 | Steps: 10346 | Total Reward: 324.0|
| Episode: 184 | Epsilon:  0.11 | Reward:   2.0 | Average Reward: 1.900 | Steps: 10402 | Total Reward: 326.0|
| Episode: 185 | Epsilon:  0.11 | Reward:   2.0 | Average Reward: 1.920 | Steps: 10463 | Total Reward: 328.0|
| Episode: 186 | Epsilon:  0.11 | Reward:   2.0 | Average Reward: 1.920 | Steps: 10523 | Total Reward: 330.0|
| Episode: 187 | Epsilon:  0.11 | Reward:   4.0 | Average Reward: 1.940 | Steps: 10618 | Total Reward: 334.0|
| Episode: 188 | Epsilon:  0.11 | Reward:   2.0 | Average Reward: 1.960 | Steps: 10676 | Total Reward: 336.0|
| Episode: 189 | Epsilon:  0.11 | Reward:   2.0 | Average Reward: 1.980 | Steps: 10742 | Total Reward: 338.0|
| Episode: 190 | Epsilon:  0.11 | Reward:   3.0 | Average Reward: 2.010 | Steps: 10816 | Total Reward: 341.0|
| Episode: 191 | Epsilon:  0.11 | Reward:   3.0 | Average Reward: 2.030 | Steps: 10890 | Total Reward: 344.0|
| Episode: 192 | Epsilon:  0.11 | Reward:   3.0 | Average Reward: 2.060 | Steps: 10965 | Total Reward: 347.0|
| Episode: 193 | Epsilon:  0.11 | Reward:   2.0 | Average Reward: 2.060 | Steps: 11024 | Total Reward: 349.0|
| Episode: 194 | Epsilon:  0.11 | Reward:   0.0 | Average Reward: 2.040 | Steps: 11058 | Total Reward: 349.0|
| Episode: 195 | Epsilon:  0.11 | Reward:   1.0 | Average Reward: 2.030 | Steps: 11103 | Total Reward: 350.0|
| Episode: 196 | Epsilon:  0.11 | Reward:   4.0 | Average Reward: 2.030 | Steps: 11185 | Total Reward: 354.0|
| Episode: 197 | Epsilon:  0.11 | Reward:   0.0 | Average Reward: 2.010 | Steps: 11218 | Total Reward: 354.0|
| Episode: 198 | Epsilon:  0.11 | Reward:   0.0 | Average Reward: 1.980 | Steps: 11250 | Total Reward: 354.0|
| Episode: 199 | Epsilon:  0.11 | Reward:   3.0 | Average Reward: 2.000 | Steps: 11324 | Total Reward: 357.0|
| Episode: 200 | Epsilon:  0.11 | Reward:   0.0 | Average Reward: 1.950 | Steps: 11359 | Total Reward: 357.0|
| Episode: 201 | Epsilon:  0.11 | Reward:   3.0 | Average Reward: 1.960 | Steps: 11433 | Total Reward: 360.0|
| Episode: 202 | Epsilon:  0.11 | Reward:   2.0 | Average Reward: 1.950 | Steps: 11488 | Total Reward: 362.0|
| Episode: 203 | Epsilon:  0.11 | Reward:   1.0 | Average Reward: 1.960 | Steps: 11537 | Total Reward: 363.0|
| Episode: 204 | Epsilon:  0.10 | Reward:   1.0 | Average Reward: 1.950 | Steps: 11586 | Total Reward: 364.0|
| Episode: 205 | Epsilon:  0.10 | Reward:   2.0 | Average Reward: 1.940 | Steps: 11643 | Total Reward: 366.0|
| Episode: 206 | Epsilon:  0.10 | Reward:   2.0 | Average Reward: 1.960 | Steps: 11700 | Total Reward: 368.0|
| Episode: 207 | Epsilon:  0.10 | Reward:   3.0 | Average Reward: 1.990 | Steps: 11774 | Total Reward: 371.0|
| Episode: 208 | Epsilon:  0.10 | Reward:   0.0 | Average Reward: 1.930 | Steps: 11807 | Total Reward: 371.0|
| Episode: 209 | Epsilon:  0.10 | Reward:   2.0 | Average Reward: 1.940 | Steps: 11864 | Total Reward: 373.0|
| Episode: 210 | Epsilon:  0.10 | Reward:   3.0 | Average Reward: 1.940 | Steps: 11942 | Total Reward: 376.0|
| Episode: 211 | Epsilon:  0.10 | Reward:   1.0 | Average Reward: 1.900 | Steps: 11992 | Total Reward: 377.0|
| Episode: 212 | Epsilon:  0.10 | Reward:   0.0 | Average Reward: 1.870 | Steps: 12025 | Total Reward: 377.0|
| Episode: 213 | Epsilon:  0.10 | Reward:   4.0 | Average Reward: 1.880 | Steps: 12116 | Total Reward: 381.0|
| Episode: 214 | Epsilon:  0.10 | Reward:   3.0 | Average Reward: 1.890 | Steps: 12183 | Total Reward: 384.0|
| Episode: 215 | Epsilon:  0.10 | Reward:   0.0 | Average Reward: 1.870 | Steps: 12215 | Total Reward: 384.0|
| Episode: 216 | Epsilon:  0.10 | Reward:   2.0 | Average Reward: 1.890 | Steps: 12274 | Total Reward: 386.0|
| Episode: 217 | Epsilon:  0.10 | Reward:   7.0 | Average Reward: 1.910 | Steps: 12407 | Total Reward: 393.0|
| Episode: 218 | Epsilon:  0.10 | Reward:   2.0 | Average Reward: 1.910 | Steps: 12463 | Total Reward: 395.0|
| Episode: 219 | Epsilon:  0.10 | Reward:   3.0 | Average Reward: 1.940 | Steps: 12535 | Total Reward: 398.0|
| Episode: 220 | Epsilon:  0.10 | Reward:   2.0 | Average Reward: 1.960 | Steps: 12600 | Total Reward: 400.0|
| Episode: 221 | Epsilon:  0.10 | Reward:   2.0 | Average Reward: 1.970 | Steps: 12656 | Total Reward: 402.0|
| Episode: 222 | Epsilon:  0.10 | Reward:   2.0 | Average Reward: 1.970 | Steps: 12715 | Total Reward: 404.0|
| Episode: 223 | Epsilon:  0.10 | Reward:   1.0 | Average Reward: 1.960 | Steps: 12766 | Total Reward: 405.0|
| Episode: 224 | Epsilon:  0.10 | Reward:   2.0 | Average Reward: 1.970 | Steps: 12831 | Total Reward: 407.0|
| Episode: 225 | Epsilon:  0.10 | Reward:   0.0 | Average Reward: 1.940 | Steps: 12863 | Total Reward: 407.0|
| Episode: 226 | Epsilon:  0.10 | Reward:   0.0 | Average Reward: 1.930 | Steps: 12895 | Total Reward: 407.0|
| Episode: 227 | Epsilon:  0.10 | Reward:   2.0 | Average Reward: 1.920 | Steps: 12953 | Total Reward: 409.0|
| Episode: 228 | Epsilon:  0.10 | Reward:   1.0 | Average Reward: 1.930 | Steps: 13000 | Total Reward: 410.0|
| Episode: 229 | Epsilon:  0.10 | Reward:   0.0 | Average Reward: 1.910 | Steps: 13033 | Total Reward: 410.0|
| Episode: 230 | Epsilon:  0.10 | Reward:   1.0 | Average Reward: 1.910 | Steps: 13080 | Total Reward: 411.0|
| Episode: 231 | Epsilon:  0.10 | Reward:   5.0 | Average Reward: 1.920 | Steps: 13183 | Total Reward: 416.0|
| Episode: 232 | Epsilon:  0.10 | Reward:   0.0 | Average Reward: 1.870 | Steps: 13216 | Total Reward: 416.0|
| Episode: 233 | Epsilon:  0.10 | Reward:   1.0 | Average Reward: 1.880 | Steps: 13264 | Total Reward: 417.0|
| Episode: 234 | Epsilon:  0.10 | Reward:   3.0 | Average Reward: 1.910 | Steps: 13339 | Total Reward: 420.0|
| Episode: 235 | Epsilon:  0.10 | Reward:   0.0 | Average Reward: 1.870 | Steps: 13369 | Total Reward: 420.0|
| Episode: 236 | Epsilon:  0.10 | Reward:   0.0 | Average Reward: 1.800 | Steps: 13404 | Total Reward: 420.0|
| Episode: 237 | Epsilon:  0.10 | Reward:   0.0 | Average Reward: 1.790 | Steps: 13434 | Total Reward: 420.0|
| Episode: 238 | Epsilon:  0.10 | Reward:   4.0 | Average Reward: 1.810 | Steps: 13524 | Total Reward: 424.0|
| Episode: 239 | Epsilon:  0.10 | Reward:   4.0 | Average Reward: 1.850 | Steps: 13610 | Total Reward: 428.0|
| Episode: 240 | Epsilon:  0.10 | Reward:   4.0 | Average Reward: 1.870 | Steps: 13702 | Total Reward: 432.0|
| Episode: 241 | Epsilon:  0.10 | Reward:   2.0 | Average Reward: 1.890 | Steps: 13760 | Total Reward: 434.0|
| Episode: 242 | Epsilon:  0.10 | Reward:   0.0 | Average Reward: 1.870 | Steps: 13792 | Total Reward: 434.0|
| Episode: 243 | Epsilon:  0.10 | Reward:   0.0 | Average Reward: 1.850 | Steps: 13824 | Total Reward: 434.0|
| Episode: 244 | Epsilon:  0.10 | Reward:   2.0 | Average Reward: 1.860 | Steps: 13881 | Total Reward: 436.0|
| Episode: 245 | Epsilon:  0.10 | Reward:   3.0 | Average Reward: 1.870 | Steps: 13956 | Total Reward: 439.0|
| Episode: 246 | Epsilon:  0.10 | Reward:   3.0 | Average Reward: 1.900 | Steps: 14030 | Total Reward: 442.0|
| Episode: 247 | Epsilon:  0.10 | Reward:   4.0 | Average Reward: 1.920 | Steps: 14120 | Total Reward: 446.0|
| Episode: 248 | Epsilon:  0.10 | Reward:   2.0 | Average Reward: 1.940 | Steps: 14176 | Total Reward: 448.0|
| Episode: 249 | Epsilon:  0.10 | Reward:   0.0 | Average Reward: 1.940 | Steps: 14207 | Total Reward: 448.0|
| Episode: 250 | Epsilon:  0.10 | Reward:   0.0 | Average Reward: 1.890 | Steps: 14241 | Total Reward: 448.0|
| Episode: 251 | Epsilon:  0.10 | Reward:   2.0 | Average Reward: 1.880 | Steps: 14297 | Total Reward: 450.0|
| Episode: 252 | Epsilon:  0.10 | Reward:   1.0 | Average Reward: 1.870 | Steps: 14346 | Total Reward: 451.0|
| Episode: 253 | Epsilon:  0.10 | Reward:   2.0 | Average Reward: 1.870 | Steps: 14402 | Total Reward: 453.0|
| Episode: 254 | Epsilon:  0.10 | Reward:   2.0 | Average Reward: 1.870 | Steps: 14461 | Total Reward: 455.0|
| Episode: 255 | Epsilon:  0.10 | Reward:   3.0 | Average Reward: 1.870 | Steps: 14534 | Total Reward: 458.0|
| Episode: 256 | Epsilon:  0.10 | Reward:   0.0 | Average Reward: 1.850 | Steps: 14566 | Total Reward: 458.0|
| Episode: 257 | Epsilon:  0.10 | Reward:   0.0 | Average Reward: 1.830 | Steps: 14598 | Total Reward: 458.0|
| Episode: 258 | Epsilon:  0.10 | Reward:   2.0 | Average Reward: 1.850 | Steps: 14654 | Total Reward: 460.0|
| Episode: 259 | Epsilon:  0.10 | Reward:   1.0 | Average Reward: 1.860 | Steps: 14703 | Total Reward: 461.0|
| Episode: 260 | Epsilon:  0.10 | Reward:   2.0 | Average Reward: 1.860 | Steps: 14769 | Total Reward: 463.0|
| Episode: 261 | Epsilon:  0.10 | Reward:   2.0 | Average Reward: 1.860 | Steps: 14834 | Total Reward: 465.0|
| Episode: 262 | Epsilon:  0.10 | Reward:   3.0 | Average Reward: 1.870 | Steps: 14909 | Total Reward: 468.0|
| Episode: 263 | Epsilon:  0.10 | Reward:   0.0 | Average Reward: 1.870 | Steps: 14942 | Total Reward: 468.0|
| Episode: 264 | Epsilon:  0.10 | Reward:   2.0 | Average Reward: 1.890 | Steps: 15002 | Total Reward: 470.0|
| Episode: 265 | Epsilon:  0.10 | Reward:   1.0 | Average Reward: 1.870 | Steps: 15049 | Total Reward: 471.0|
| Episode: 266 | Epsilon:  0.10 | Reward:   2.0 | Average Reward: 1.880 | Steps: 15116 | Total Reward: 473.0|
| Episode: 267 | Epsilon:  0.10 | Reward:   3.0 | Average Reward: 1.890 | Steps: 15191 | Total Reward: 476.0|
| Episode: 268 | Epsilon:  0.10 | Reward:   1.0 | Average Reward: 1.900 | Steps: 15240 | Total Reward: 477.0|
| Episode: 269 | Epsilon:  0.10 | Reward:   2.0 | Average Reward: 1.880 | Steps: 15298 | Total Reward: 479.0|
| Episode: 270 | Epsilon:  0.10 | Reward:   1.0 | Average Reward: 1.860 | Steps: 15347 | Total Reward: 480.0|
| Episode: 271 | Epsilon:  0.10 | Reward:   4.0 | Average Reward: 1.890 | Steps: 15430 | Total Reward: 484.0|
| Episode: 272 | Epsilon:  0.10 | Reward:   3.0 | Average Reward: 1.890 | Steps: 15504 | Total Reward: 487.0|
| Episode: 273 | Epsilon:  0.10 | Reward:   4.0 | Average Reward: 1.910 | Steps: 15594 | Total Reward: 491.0|
| Episode: 274 | Epsilon:  0.10 | Reward:   2.0 | Average Reward: 1.930 | Steps: 15651 | Total Reward: 493.0|
| Episode: 275 | Epsilon:  0.10 | Reward:   1.0 | Average Reward: 1.940 | Steps: 15699 | Total Reward: 494.0|
| Episode: 276 | Epsilon:  0.10 | Reward:   1.0 | Average Reward: 1.930 | Steps: 15748 | Total Reward: 495.0|
| Episode: 277 | Epsilon:  0.10 | Reward:   3.0 | Average Reward: 1.940 | Steps: 15821 | Total Reward: 498.0|
| Episode: 278 | Epsilon:  0.10 | Reward:   2.0 | Average Reward: 1.900 | Steps: 15878 | Total Reward: 500.0|
| Episode: 279 | Epsilon:  0.10 | Reward:   4.0 | Average Reward: 1.900 | Steps: 15962 | Total Reward: 504.0|
| Episode: 280 | Epsilon:  0.10 | Reward:   0.0 | Average Reward: 1.870 | Steps: 15993 | Total Reward: 504.0|
| Episode: 281 | Epsilon:  0.10 | Reward:   7.0 | Average Reward: 1.920 | Steps: 16137 | Total Reward: 511.0|
| Episode: 282 | Epsilon:  0.10 | Reward:   1.0 | Average Reward: 1.900 | Steps: 16183 | Total Reward: 512.0|
| Episode: 283 | Epsilon:  0.10 | Reward:   4.0 | Average Reward: 1.920 | Steps: 16271 | Total Reward: 516.0|
| Episode: 284 | Epsilon:  0.10 | Reward:   0.0 | Average Reward: 1.900 | Steps: 16305 | Total Reward: 516.0|
| Episode: 285 | Epsilon:  0.10 | Reward:   0.0 | Average Reward: 1.880 | Steps: 16337 | Total Reward: 516.0|
| Episode: 286 | Epsilon:  0.10 | Reward:   1.0 | Average Reward: 1.870 | Steps: 16386 | Total Reward: 517.0|
| Episode: 287 | Epsilon:  0.10 | Reward:   2.0 | Average Reward: 1.850 | Steps: 16450 | Total Reward: 519.0|
| Episode: 288 | Epsilon:  0.10 | Reward:   2.0 | Average Reward: 1.850 | Steps: 16516 | Total Reward: 521.0|
| Episode: 289 | Epsilon:  0.10 | Reward:   5.0 | Average Reward: 1.880 | Steps: 16615 | Total Reward: 526.0|
| Episode: 290 | Epsilon:  0.10 | Reward:   0.0 | Average Reward: 1.850 | Steps: 16647 | Total Reward: 526.0|
| Episode: 291 | Epsilon:  0.10 | Reward:   0.0 | Average Reward: 1.820 | Steps: 16682 | Total Reward: 526.0|
| Episode: 292 | Epsilon:  0.10 | Reward:   1.0 | Average Reward: 1.800 | Steps: 16730 | Total Reward: 527.0|
| Episode: 293 | Epsilon:  0.10 | Reward:   0.0 | Average Reward: 1.780 | Steps: 16765 | Total Reward: 527.0|
| Episode: 294 | Epsilon:  0.10 | Reward:   0.0 | Average Reward: 1.780 | Steps: 16796 | Total Reward: 527.0|
| Episode: 295 | Epsilon:  0.10 | Reward:   2.0 | Average Reward: 1.790 | Steps: 16854 | Total Reward: 529.0|
| Episode: 296 | Epsilon:  0.10 | Reward:   2.0 | Average Reward: 1.770 | Steps: 16911 | Total Reward: 531.0|
| Episode: 297 | Epsilon:  0.10 | Reward:   2.0 | Average Reward: 1.790 | Steps: 16968 | Total Reward: 533.0|
| Episode: 298 | Epsilon:  0.10 | Reward:   3.0 | Average Reward: 1.820 | Steps: 17040 | Total Reward: 536.0|
| Episode: 299 | Epsilon:  0.10 | Reward:   3.0 | Average Reward: 1.820 | Steps: 17114 | Total Reward: 539.0|
| Episode: 300 | Epsilon:  0.10 | Reward:   4.0 | Average Reward: 1.860 | Steps: 17204 | Total Reward: 543.0|
| Episode: 301 | Epsilon:  0.10 | Reward:   0.0 | Average Reward: 1.830 | Steps: 17238 | Total Reward: 543.0|
| Episode: 302 | Epsilon:  0.10 | Reward:   0.0 | Average Reward: 1.810 | Steps: 17269 | Total Reward: 543.0|
| Episode: 303 | Epsilon:  0.10 | Reward:   0.0 | Average Reward: 1.800 | Steps: 17301 | Total Reward: 543.0|
| Episode: 304 | Epsilon:  0.10 | Reward:   3.0 | Average Reward: 1.820 | Steps: 17374 | Total Reward: 546.0|
| Episode: 305 | Epsilon:  0.10 | Reward:   3.0 | Average Reward: 1.830 | Steps: 17453 | Total Reward: 549.0|
| Episode: 306 | Epsilon:  0.10 | Reward:   1.0 | Average Reward: 1.820 | Steps: 17500 | Total Reward: 550.0|
| Episode: 307 | Epsilon:  0.10 | Reward:   3.0 | Average Reward: 1.820 | Steps: 17573 | Total Reward: 553.0|
| Episode: 308 | Epsilon:  0.10 | Reward:   0.0 | Average Reward: 1.820 | Steps: 17607 | Total Reward: 553.0|
| Episode: 309 | Epsilon:  0.10 | Reward:   1.0 | Average Reward: 1.810 | Steps: 17655 | Total Reward: 554.0|
| Episode: 310 | Epsilon:  0.10 | Reward:   4.0 | Average Reward: 1.820 | Steps: 17743 | Total Reward: 558.0|
| Episode: 311 | Epsilon:  0.10 | Reward:   3.0 | Average Reward: 1.840 | Steps: 17819 | Total Reward: 561.0|
| Episode: 312 | Epsilon:  0.10 | Reward:   2.0 | Average Reward: 1.860 | Steps: 17876 | Total Reward: 563.0|
| Episode: 313 | Epsilon:  0.10 | Reward:   3.0 | Average Reward: 1.850 | Steps: 17947 | Total Reward: 566.0|
| Episode: 314 | Epsilon:  0.10 | Reward:   2.0 | Average Reward: 1.840 | Steps: 18005 | Total Reward: 568.0|
| Episode: 315 | Epsilon:  0.10 | Reward:   1.0 | Average Reward: 1.850 | Steps: 18053 | Total Reward: 569.0|
| Episode: 316 | Epsilon:  0.10 | Reward:   3.0 | Average Reward: 1.860 | Steps: 18129 | Total Reward: 572.0|
| Episode: 317 | Epsilon:  0.10 | Reward:   3.0 | Average Reward: 1.820 | Steps: 18199 | Total Reward: 575.0|
| Episode: 318 | Epsilon:  0.10 | Reward:   0.0 | Average Reward: 1.800 | Steps: 18232 | Total Reward: 575.0|
| Episode: 319 | Epsilon:  0.10 | Reward:   0.0 | Average Reward: 1.770 | Steps: 18265 | Total Reward: 575.0|
| Episode: 320 | Epsilon:  0.10 | Reward:   0.0 | Average Reward: 1.750 | Steps: 18298 | Total Reward: 575.0|
| Episode: 321 | Epsilon:  0.10 | Reward:   2.0 | Average Reward: 1.750 | Steps: 18364 | Total Reward: 577.0|
| Episode: 322 | Epsilon:  0.10 | Reward:   0.0 | Average Reward: 1.730 | Steps: 18397 | Total Reward: 577.0|
| Episode: 323 | Epsilon:  0.10 | Reward:   2.0 | Average Reward: 1.740 | Steps: 18453 | Total Reward: 579.0|
| Episode: 324 | Epsilon:  0.10 | Reward:   3.0 | Average Reward: 1.750 | Steps: 18527 | Total Reward: 582.0|
| Episode: 325 | Epsilon:  0.10 | Reward:   2.0 | Average Reward: 1.770 | Steps: 18585 | Total Reward: 584.0|
| Episode: 326 | Epsilon:  0.10 | Reward:   4.0 | Average Reward: 1.810 | Steps: 18674 | Total Reward: 588.0|
| Episode: 327 | Epsilon:  0.10 | Reward:   0.0 | Average Reward: 1.790 | Steps: 18707 | Total Reward: 588.0|
| Episode: 328 | Epsilon:  0.10 | Reward:   2.0 | Average Reward: 1.800 | Steps: 18766 | Total Reward: 590.0|
| Episode: 329 | Epsilon:  0.10 | Reward:   4.0 | Average Reward: 1.840 | Steps: 18857 | Total Reward: 594.0|
| Episode: 330 | Epsilon:  0.10 | Reward:   2.0 | Average Reward: 1.850 | Steps: 18916 | Total Reward: 596.0|
| Episode: 331 | Epsilon:  0.10 | Reward:   2.0 | Average Reward: 1.820 | Steps: 18975 | Total Reward: 598.0|
| Episode: 332 | Epsilon:  0.10 | Reward:   0.0 | Average Reward: 1.820 | Steps: 19009 | Total Reward: 598.0|
| Episode: 333 | Epsilon:  0.10 | Reward:   2.0 | Average Reward: 1.830 | Steps: 19067 | Total Reward: 600.0|
| Episode: 334 | Epsilon:  0.10 | Reward:   1.0 | Average Reward: 1.810 | Steps: 19117 | Total Reward: 601.0|
| Episode: 335 | Epsilon:  0.10 | Reward:   2.0 | Average Reward: 1.830 | Steps: 19183 | Total Reward: 603.0|
| Episode: 336 | Epsilon:  0.10 | Reward:   3.0 | Average Reward: 1.860 | Steps: 19257 | Total Reward: 606.0|
| Episode: 337 | Epsilon:  0.10 | Reward:   7.0 | Average Reward: 1.930 | Steps: 19397 | Total Reward: 613.0|
| Episode: 338 | Epsilon:  0.10 | Reward:   4.0 | Average Reward: 1.930 | Steps: 19481 | Total Reward: 617.0|
| Episode: 339 | Epsilon:  0.10 | Reward:   3.0 | Average Reward: 1.920 | Steps: 19555 | Total Reward: 620.0|
| Episode: 340 | Epsilon:  0.10 | Reward:   1.0 | Average Reward: 1.890 | Steps: 19602 | Total Reward: 621.0|
| Episode: 341 | Epsilon:  0.10 | Reward:   3.0 | Average Reward: 1.900 | Steps: 19677 | Total Reward: 624.0|
| Episode: 342 | Epsilon:  0.10 | Reward:   2.0 | Average Reward: 1.920 | Steps: 19735 | Total Reward: 626.0|
| Episode: 343 | Epsilon:  0.10 | Reward:   2.0 | Average Reward: 1.940 | Steps: 19791 | Total Reward: 628.0|
| Episode: 344 | Epsilon:  0.10 | Reward:   5.0 | Average Reward: 1.970 | Steps: 19899 | Total Reward: 633.0|
| Episode: 345 | Epsilon:  0.10 | Reward:   2.0 | Average Reward: 1.960 | Steps: 19955 | Total Reward: 635.0|
| Episode: 346 | Epsilon:  0.10 | Reward:   3.0 | Average Reward: 1.960 | Steps: 20027 | Total Reward: 638.0|
| Episode: 347 | Epsilon:  0.10 | Reward:   1.0 | Average Reward: 1.930 | Steps: 20076 | Total Reward: 639.0|
| Episode: 348 | Epsilon:  0.10 | Reward:   2.0 | Average Reward: 1.930 | Steps: 20134 | Total Reward: 641.0|
| Episode: 349 | Epsilon:  0.10 | Reward:   2.0 | Average Reward: 1.950 | Steps: 20199 | Total Reward: 643.0|
| Episode: 350 | Epsilon:  0.10 | Reward:   2.0 | Average Reward: 1.970 | Steps: 20256 | Total Reward: 645.0|
| Episode: 351 | Epsilon:  0.10 | Reward:   2.0 | Average Reward: 1.970 | Steps: 20315 | Total Reward: 647.0|
| Episode: 352 | Epsilon:  0.10 | Reward:   3.0 | Average Reward: 1.990 | Steps: 20389 | Total Reward: 650.0|
| Episode: 353 | Epsilon:  0.10 | Reward:   2.0 | Average Reward: 1.990 | Steps: 20455 | Total Reward: 652.0|
| Episode: 354 | Epsilon:  0.10 | Reward:   0.0 | Average Reward: 1.970 | Steps: 20488 | Total Reward: 652.0|
| Episode: 355 | Epsilon:  0.10 | Reward:   2.0 | Average Reward: 1.960 | Steps: 20547 | Total Reward: 654.0|
| Episode: 356 | Epsilon:  0.10 | Reward:   0.0 | Average Reward: 1.960 | Steps: 20578 | Total Reward: 654.0|
| Episode: 357 | Epsilon:  0.10 | Reward:   4.0 | Average Reward: 2.000 | Steps: 20663 | Total Reward: 658.0|
| Episode: 358 | Epsilon:  0.10 | Reward:   5.0 | Average Reward: 2.030 | Steps: 20769 | Total Reward: 663.0|
| Episode: 359 | Epsilon:  0.10 | Reward:   2.0 | Average Reward: 2.040 | Steps: 20827 | Total Reward: 665.0|
| Episode: 360 | Epsilon:  0.10 | Reward:   5.0 | Average Reward: 2.070 | Steps: 20937 | Total Reward: 670.0|
| Episode: 361 | Epsilon:  0.10 | Reward:   2.0 | Average Reward: 2.070 | Steps: 20996 | Total Reward: 672.0|
| Episode: 362 | Epsilon:  0.10 | Reward:   4.0 | Average Reward: 2.080 | Steps: 21081 | Total Reward: 676.0|
| Episode: 363 | Epsilon:  0.10 | Reward:   0.0 | Average Reward: 2.080 | Steps: 21116 | Total Reward: 676.0|
| Episode: 364 | Epsilon:  0.10 | Reward:   2.0 | Average Reward: 2.080 | Steps: 21175 | Total Reward: 678.0|
| Episode: 365 | Epsilon:  0.10 | Reward:   2.0 | Average Reward: 2.090 | Steps: 21232 | Total Reward: 680.0|
| Episode: 366 | Epsilon:  0.10 | Reward:   3.0 | Average Reward: 2.100 | Steps: 21307 | Total Reward: 683.0|
| Episode: 367 | Epsilon:  0.10 | Reward:   0.0 | Average Reward: 2.070 | Steps: 21339 | Total Reward: 683.0|
| Episode: 368 | Epsilon:  0.10 | Reward:   2.0 | Average Reward: 2.080 | Steps: 21399 | Total Reward: 685.0|
| Episode: 369 | Epsilon:  0.10 | Reward:   3.0 | Average Reward: 2.090 | Steps: 21466 | Total Reward: 688.0|
| Episode: 370 | Epsilon:  0.10 | Reward:   2.0 | Average Reward: 2.100 | Steps: 21523 | Total Reward: 690.0|
| Episode: 371 | Epsilon:  0.10 | Reward:   0.0 | Average Reward: 2.060 | Steps: 21556 | Total Reward: 690.0|
| Episode: 372 | Epsilon:  0.10 | Reward:   3.0 | Average Reward: 2.060 | Steps: 21627 | Total Reward: 693.0|
| Episode: 373 | Epsilon:  0.10 | Reward:   3.0 | Average Reward: 2.050 | Steps: 21699 | Total Reward: 696.0|
| Episode: 374 | Epsilon:  0.10 | Reward:   2.0 | Average Reward: 2.050 | Steps: 21756 | Total Reward: 698.0|
| Episode: 375 | Epsilon:  0.10 | Reward:   0.0 | Average Reward: 2.040 | Steps: 21788 | Total Reward: 698.0|
| Episode: 376 | Epsilon:  0.10 | Reward:   3.0 | Average Reward: 2.060 | Steps: 21863 | Total Reward: 701.0|
| Episode: 377 | Epsilon:  0.10 | Reward:   0.0 | Average Reward: 2.030 | Steps: 21898 | Total Reward: 701.0|
| Episode: 378 | Epsilon:  0.10 | Reward:   0.0 | Average Reward: 2.010 | Steps: 21930 | Total Reward: 701.0|
| Episode: 379 | Epsilon:  0.10 | Reward:   7.0 | Average Reward: 2.040 | Steps: 22050 | Total Reward: 708.0|
| Episode: 380 | Epsilon:  0.10 | Reward:   2.0 | Average Reward: 2.060 | Steps: 22108 | Total Reward: 710.0|
| Episode: 381 | Epsilon:  0.10 | Reward:   3.0 | Average Reward: 2.020 | Steps: 22183 | Total Reward: 713.0|
| Episode: 382 | Epsilon:  0.10 | Reward:   2.0 | Average Reward: 2.030 | Steps: 22242 | Total Reward: 715.0|
| Episode: 383 | Epsilon:  0.10 | Reward:   0.0 | Average Reward: 1.990 | Steps: 22275 | Total Reward: 715.0|
| Episode: 384 | Epsilon:  0.10 | Reward:   0.0 | Average Reward: 1.990 | Steps: 22308 | Total Reward: 715.0|
| Episode: 385 | Epsilon:  0.10 | Reward:   0.0 | Average Reward: 1.990 | Steps: 22342 | Total Reward: 715.0|
| Episode: 386 | Epsilon:  0.10 | Reward:   3.0 | Average Reward: 2.010 | Steps: 22414 | Total Reward: 718.0|
| Episode: 387 | Epsilon:  0.10 | Reward:   2.0 | Average Reward: 2.010 | Steps: 22474 | Total Reward: 720.0|
| Episode: 388 | Epsilon:  0.10 | Reward:   0.0 | Average Reward: 1.990 | Steps: 22506 | Total Reward: 720.0|
| Episode: 389 | Epsilon:  0.10 | Reward:   4.0 | Average Reward: 1.980 | Steps: 22597 | Total Reward: 724.0|
| Episode: 390 | Epsilon:  0.10 | Reward:   1.0 | Average Reward: 1.990 | Steps: 22646 | Total Reward: 725.0|
| Episode: 391 | Epsilon:  0.10 | Reward:   2.0 | Average Reward: 2.010 | Steps: 22706 | Total Reward: 727.0|
| Episode: 392 | Epsilon:  0.10 | Reward:   2.0 | Average Reward: 2.020 | Steps: 22765 | Total Reward: 729.0|
| Episode: 393 | Epsilon:  0.10 | Reward:   0.0 | Average Reward: 2.020 | Steps: 22799 | Total Reward: 729.0|
| Episode: 394 | Epsilon:  0.10 | Reward:   3.0 | Average Reward: 2.050 | Steps: 22873 | Total Reward: 732.0|
| Episode: 395 | Epsilon:  0.10 | Reward:   3.0 | Average Reward: 2.060 | Steps: 22946 | Total Reward: 735.0|
| Episode: 396 | Epsilon:  0.10 | Reward:   2.0 | Average Reward: 2.060 | Steps: 23002 | Total Reward: 737.0|
| Episode: 397 | Epsilon:  0.10 | Reward:   0.0 | Average Reward: 2.040 | Steps: 23036 | Total Reward: 737.0|
| Episode: 398 | Epsilon:  0.10 | Reward:   3.0 | Average Reward: 2.040 | Steps: 23102 | Total Reward: 740.0|
| Episode: 399 | Epsilon:  0.10 | Reward:   2.0 | Average Reward: 2.030 | Steps: 23160 | Total Reward: 742.0|
| Episode: 400 | Epsilon:  0.10 | Reward:   0.0 | Average Reward: 1.990 | Steps: 23192 | Total Reward: 742.0|
| Episode: 401 | Epsilon:  0.10 | Reward:   1.0 | Average Reward: 2.000 | Steps: 23240 | Total Reward: 743.0|
| Episode: 402 | Epsilon:  0.10 | Reward:   2.0 | Average Reward: 2.020 | Steps: 23296 | Total Reward: 745.0|
| Episode: 403 | Epsilon:  0.10 | Reward:   0.0 | Average Reward: 2.020 | Steps: 23326 | Total Reward: 745.0|
| Episode: 404 | Epsilon:  0.10 | Reward:   3.0 | Average Reward: 2.020 | Steps: 23398 | Total Reward: 748.0|
| Episode: 405 | Epsilon:  0.10 | Reward:   0.0 | Average Reward: 1.990 | Steps: 23433 | Total Reward: 748.0|
| Episode: 406 | Epsilon:  0.10 | Reward:   2.0 | Average Reward: 2.000 | Steps: 23491 | Total Reward: 750.0|
| Episode: 407 | Epsilon:  0.10 | Reward:   0.0 | Average Reward: 1.970 | Steps: 23525 | Total Reward: 750.0|
| Episode: 408 | Epsilon:  0.10 | Reward:   3.0 | Average Reward: 2.000 | Steps: 23599 | Total Reward: 753.0|
| Episode: 409 | Epsilon:  0.10 | Reward:   4.0 | Average Reward: 2.030 | Steps: 23685 | Total Reward: 757.0|
| Episode: 410 | Epsilon:  0.10 | Reward:   0.0 | Average Reward: 1.990 | Steps: 23718 | Total Reward: 757.0|
| Episode: 411 | Epsilon:  0.10 | Reward:   0.0 | Average Reward: 1.960 | Steps: 23751 | Total Reward: 757.0|
| Episode: 412 | Epsilon:  0.10 | Reward:   1.0 | Average Reward: 1.950 | Steps: 23800 | Total Reward: 758.0|
| Episode: 413 | Epsilon:  0.10 | Reward:   0.0 | Average Reward: 1.920 | Steps: 23833 | Total Reward: 758.0|
| Episode: 414 | Epsilon:  0.10 | Reward:   0.0 | Average Reward: 1.900 | Steps: 23864 | Total Reward: 758.0|
| Episode: 415 | Epsilon:  0.10 | Reward:   3.0 | Average Reward: 1.920 | Steps: 23944 | Total Reward: 761.0|
| Episode: 416 | Epsilon:  0.10 | Reward:   2.0 | Average Reward: 1.910 | Steps: 24002 | Total Reward: 763.0|
| Episode: 417 | Epsilon:  0.10 | Reward:   3.0 | Average Reward: 1.910 | Steps: 24075 | Total Reward: 766.0|
| Episode: 418 | Epsilon:  0.10 | Reward:   2.0 | Average Reward: 1.930 | Steps: 24133 | Total Reward: 768.0|
| Episode: 419 | Epsilon:  0.10 | Reward:   4.0 | Average Reward: 1.970 | Steps: 24215 | Total Reward: 772.0|
| Episode: 420 | Epsilon:  0.10 | Reward:   2.0 | Average Reward: 1.990 | Steps: 24272 | Total Reward: 774.0|
| Episode: 421 | Epsilon:  0.10 | Reward:   0.0 | Average Reward: 1.970 | Steps: 24305 | Total Reward: 774.0|
| Episode: 422 | Epsilon:  0.10 | Reward:   2.0 | Average Reward: 1.990 | Steps: 24374 | Total Reward: 776.0|
| Episode: 423 | Epsilon:  0.10 | Reward:   2.0 | Average Reward: 1.990 | Steps: 24430 | Total Reward: 778.0|
| Episode: 424 | Epsilon:  0.10 | Reward:   0.0 | Average Reward: 1.960 | Steps: 24462 | Total Reward: 778.0|
| Episode: 425 | Epsilon:  0.10 | Reward:   0.0 | Average Reward: 1.940 | Steps: 24495 | Total Reward: 778.0|
| Episode: 426 | Epsilon:  0.10 | Reward:   0.0 | Average Reward: 1.900 | Steps: 24529 | Total Reward: 778.0|
| Episode: 427 | Epsilon:  0.10 | Reward:   0.0 | Average Reward: 1.900 | Steps: 24561 | Total Reward: 778.0|
| Episode: 428 | Epsilon:  0.10 | Reward:   0.0 | Average Reward: 1.880 | Steps: 24595 | Total Reward: 778.0|
| Episode: 429 | Epsilon:  0.10 | Reward:   2.0 | Average Reward: 1.860 | Steps: 24650 | Total Reward: 780.0|
| Episode: 430 | Epsilon:  0.10 | Reward:   6.0 | Average Reward: 1.900 | Steps: 24774 | Total Reward: 786.0|
| Episode: 431 | Epsilon:  0.10 | Reward:   0.0 | Average Reward: 1.880 | Steps: 24806 | Total Reward: 786.0|
| Episode: 432 | Epsilon:  0.10 | Reward:   2.0 | Average Reward: 1.900 | Steps: 24864 | Total Reward: 788.0|
| Episode: 433 | Epsilon:  0.10 | Reward:   4.0 | Average Reward: 1.920 | Steps: 24954 | Total Reward: 792.0|
| Episode: 434 | Epsilon:  0.10 | Reward:   2.0 | Average Reward: 1.930 | Steps: 25010 | Total Reward: 794.0|
| Episode: 435 | Epsilon:  0.10 | Reward:   2.0 | Average Reward: 1.930 | Steps: 25070 | Total Reward: 796.0|
| Episode: 436 | Epsilon:  0.10 | Reward:   1.0 | Average Reward: 1.910 | Steps: 25118 | Total Reward: 797.0|
| Episode: 437 | Epsilon:  0.10 | Reward:   1.0 | Average Reward: 1.850 | Steps: 25166 | Total Reward: 798.0|
| Episode: 438 | Epsilon:  0.10 | Reward:   0.0 | Average Reward: 1.810 | Steps: 25200 | Total Reward: 798.0|
| Episode: 439 | Epsilon:  0.10 | Reward:   5.0 | Average Reward: 1.830 | Steps: 25308 | Total Reward: 803.0|
| Episode: 440 | Epsilon:  0.10 | Reward:   3.0 | Average Reward: 1.850 | Steps: 25384 | Total Reward: 806.0|
| Episode: 441 | Epsilon:  0.10 | Reward:   0.0 | Average Reward: 1.820 | Steps: 25417 | Total Reward: 806.0|
| Episode: 442 | Epsilon:  0.10 | Reward:   3.0 | Average Reward: 1.830 | Steps: 25491 | Total Reward: 809.0|
| Episode: 443 | Epsilon:  0.10 | Reward:   2.0 | Average Reward: 1.830 | Steps: 25548 | Total Reward: 811.0|
| Episode: 444 | Epsilon:  0.10 | Reward:   4.0 | Average Reward: 1.820 | Steps: 25646 | Total Reward: 815.0|
| Episode: 445 | Epsilon:  0.10 | Reward:   2.0 | Average Reward: 1.820 | Steps: 25704 | Total Reward: 817.0|
| Episode: 446 | Epsilon:  0.10 | Reward:   2.0 | Average Reward: 1.810 | Steps: 25767 | Total Reward: 819.0|
| Episode: 447 | Epsilon:  0.10 | Reward:   4.0 | Average Reward: 1.840 | Steps: 25852 | Total Reward: 823.0|
| Episode: 448 | Epsilon:  0.10 | Reward:   4.0 | Average Reward: 1.860 | Steps: 25937 | Total Reward: 827.0|
| Episode: 449 | Epsilon:  0.10 | Reward:   1.0 | Average Reward: 1.850 | Steps: 25984 | Total Reward: 828.0|
| Episode: 450 | Epsilon:  0.10 | Reward:   3.0 | Average Reward: 1.860 | Steps: 26060 | Total Reward: 831.0|
| Episode: 451 | Epsilon:  0.10 | Reward:   2.0 | Average Reward: 1.860 | Steps: 26119 | Total Reward: 833.0|
| Episode: 452 | Epsilon:  0.10 | Reward:   2.0 | Average Reward: 1.850 | Steps: 26178 | Total Reward: 835.0|
| Episode: 453 | Epsilon:  0.10 | Reward:   3.0 | Average Reward: 1.860 | Steps: 26253 | Total Reward: 838.0|
| Episode: 454 | Epsilon:  0.10 | Reward:   3.0 | Average Reward: 1.890 | Steps: 26328 | Total Reward: 841.0|
| Episode: 455 | Epsilon:  0.10 | Reward:   2.0 | Average Reward: 1.890 | Steps: 26387 | Total Reward: 843.0|
| Episode: 456 | Epsilon:  0.10 | Reward:   2.0 | Average Reward: 1.910 | Steps: 26446 | Total Reward: 845.0|
| Episode: 457 | Epsilon:  0.10 | Reward:   2.0 | Average Reward: 1.890 | Steps: 26504 | Total Reward: 847.0|
| Episode: 458 | Epsilon:  0.10 | Reward:   3.0 | Average Reward: 1.870 | Steps: 26578 | Total Reward: 850.0|
| Episode: 459 | Epsilon:  0.10 | Reward:   3.0 | Average Reward: 1.880 | Steps: 26653 | Total Reward: 853.0|
| Episode: 460 | Epsilon:  0.10 | Reward:   2.0 | Average Reward: 1.850 | Steps: 26709 | Total Reward: 855.0|
| Episode: 461 | Epsilon:  0.10 | Reward:   5.0 | Average Reward: 1.880 | Steps: 26817 | Total Reward: 860.0|
| Episode: 462 | Epsilon:  0.10 | Reward:   1.0 | Average Reward: 1.850 | Steps: 26867 | Total Reward: 861.0|
| Episode: 463 | Epsilon:  0.10 | Reward:   2.0 | Average Reward: 1.870 | Steps: 26925 | Total Reward: 863.0|
| Episode: 464 | Epsilon:  0.10 | Reward:   4.0 | Average Reward: 1.890 | Steps: 27013 | Total Reward: 867.0|
| Episode: 465 | Epsilon:  0.10 | Reward:   1.0 | Average Reward: 1.880 | Steps: 27060 | Total Reward: 868.0|
| Episode: 466 | Epsilon:  0.10 | Reward:   3.0 | Average Reward: 1.880 | Steps: 27134 | Total Reward: 871.0|
| Episode: 467 | Epsilon:  0.10 | Reward:   2.0 | Average Reward: 1.900 | Steps: 27193 | Total Reward: 873.0|
| Episode: 468 | Epsilon:  0.10 | Reward:   2.0 | Average Reward: 1.900 | Steps: 27260 | Total Reward: 875.0|
| Episode: 469 | Epsilon:  0.10 | Reward:   3.0 | Average Reward: 1.900 | Steps: 27346 | Total Reward: 878.0|
| Episode: 470 | Epsilon:  0.10 | Reward:   2.0 | Average Reward: 1.900 | Steps: 27405 | Total Reward: 880.0|
| Episode: 471 | Epsilon:  0.10 | Reward:   2.0 | Average Reward: 1.920 | Steps: 27462 | Total Reward: 882.0|
| Episode: 472 | Epsilon:  0.10 | Reward:   0.0 | Average Reward: 1.890 | Steps: 27493 | Total Reward: 882.0|
| Episode: 473 | Epsilon:  0.10 | Reward:   3.0 | Average Reward: 1.890 | Steps: 27569 | Total Reward: 885.0|
| Episode: 474 | Epsilon:  0.10 | Reward:   1.0 | Average Reward: 1.880 | Steps: 27618 | Total Reward: 886.0|
| Episode: 475 | Epsilon:  0.10 | Reward:   0.0 | Average Reward: 1.880 | Steps: 27653 | Total Reward: 886.0|
| Episode: 476 | Epsilon:  0.10 | Reward:   0.0 | Average Reward: 1.850 | Steps: 27685 | Total Reward: 886.0|
| Episode: 477 | Epsilon:  0.10 | Reward:   3.0 | Average Reward: 1.880 | Steps: 27758 | Total Reward: 889.0|
| Episode: 478 | Epsilon:  0.10 | Reward:   2.0 | Average Reward: 1.900 | Steps: 27816 | Total Reward: 891.0|
| Episode: 479 | Epsilon:  0.10 | Reward:   3.0 | Average Reward: 1.860 | Steps: 27891 | Total Reward: 894.0|
| Episode: 480 | Epsilon:  0.10 | Reward:   2.0 | Average Reward: 1.860 | Steps: 27950 | Total Reward: 896.0|
| Episode: 481 | Epsilon:  0.10 | Reward:   1.0 | Average Reward: 1.840 | Steps: 27998 | Total Reward: 897.0|
| Episode: 482 | Epsilon:  0.10 | Reward:   2.0 | Average Reward: 1.840 | Steps: 28057 | Total Reward: 899.0|
| Episode: 483 | Epsilon:  0.10 | Reward:   0.0 | Average Reward: 1.840 | Steps: 28090 | Total Reward: 899.0|
| Episode: 484 | Epsilon:  0.10 | Reward:   1.0 | Average Reward: 1.850 | Steps: 28140 | Total Reward: 900.0|
| Episode: 485 | Epsilon:  0.10 | Reward:   1.0 | Average Reward: 1.860 | Steps: 28190 | Total Reward: 901.0|
| Episode: 486 | Epsilon:  0.10 | Reward:   3.0 | Average Reward: 1.860 | Steps: 28265 | Total Reward: 904.0|
| Episode: 487 | Epsilon:  0.10 | Reward:   3.0 | Average Reward: 1.870 | Steps: 28344 | Total Reward: 907.0|
| Episode: 488 | Epsilon:  0.10 | Reward:   3.0 | Average Reward: 1.900 | Steps: 28418 | Total Reward: 910.0|
| Episode: 489 | Epsilon:  0.10 | Reward:   3.0 | Average Reward: 1.890 | Steps: 28493 | Total Reward: 913.0|
| Episode: 490 | Epsilon:  0.10 | Reward:   0.0 | Average Reward: 1.880 | Steps: 28526 | Total Reward: 913.0|
| Episode: 491 | Epsilon:  0.10 | Reward:   0.0 | Average Reward: 1.860 | Steps: 28557 | Total Reward: 913.0|
| Episode: 492 | Epsilon:  0.10 | Reward:   1.0 | Average Reward: 1.850 | Steps: 28605 | Total Reward: 914.0|
| Episode: 493 | Epsilon:  0.10 | Reward:   2.0 | Average Reward: 1.870 | Steps: 28661 | Total Reward: 916.0|
| Episode: 494 | Epsilon:  0.10 | Reward:   6.0 | Average Reward: 1.900 | Steps: 28792 | Total Reward: 922.0|
| Episode: 495 | Epsilon:  0.10 | Reward:   0.0 | Average Reward: 1.870 | Steps: 28823 | Total Reward: 922.0|
| Episode: 496 | Epsilon:  0.10 | Reward:   3.0 | Average Reward: 1.880 | Steps: 28899 | Total Reward: 925.0|
| Episode: 497 | Epsilon:  0.10 | Reward:   0.0 | Average Reward: 1.880 | Steps: 28932 | Total Reward: 925.0|
| Episode: 498 | Epsilon:  0.10 | Reward:   2.0 | Average Reward: 1.870 | Steps: 28991 | Total Reward: 927.0|
| Episode: 499 | Epsilon:  0.10 | Reward:   2.0 | Average Reward: 1.870 | Steps: 29047 | Total Reward: 929.0|
| Episode: 500 | Epsilon:  0.10 | Reward:   5.0 | Average Reward: 1.920 | Steps: 29155 | Total Reward: 934.0|
| Episode: 501 | Epsilon:  0.10 | Reward:   3.0 | Average Reward: 1.940 | Steps: 29228 | Total Reward: 937.0|
| Episode: 502 | Epsilon:  0.10 | Reward:   4.0 | Average Reward: 1.960 | Steps: 29324 | Total Reward: 941.0|
| Episode: 503 | Epsilon:  0.10 | Reward:   0.0 | Average Reward: 1.960 | Steps: 29356 | Total Reward: 941.0|
| Episode: 504 | Epsilon:  0.10 | Reward:   3.0 | Average Reward: 1.960 | Steps: 29428 | Total Reward: 944.0|
| Episode: 505 | Epsilon:  0.10 | Reward:   2.0 | Average Reward: 1.980 | Steps: 29487 | Total Reward: 946.0|
| Episode: 506 | Epsilon:  0.10 | Reward:   3.0 | Average Reward: 1.990 | Steps: 29562 | Total Reward: 949.0|
| Episode: 507 | Epsilon:  0.10 | Reward:   1.0 | Average Reward: 2.000 | Steps: 29610 | Total Reward: 950.0|
| Episode: 508 | Epsilon:  0.10 | Reward:   0.0 | Average Reward: 1.970 | Steps: 29643 | Total Reward: 950.0|
| Episode: 509 | Epsilon:  0.10 | Reward:   2.0 | Average Reward: 1.950 | Steps: 29701 | Total Reward: 952.0|
| Episode: 510 | Epsilon:  0.10 | Reward:   3.0 | Average Reward: 1.980 | Steps: 29774 | Total Reward: 955.0|
| Episode: 511 | Epsilon:  0.10 | Reward:   2.0 | Average Reward: 2.000 | Steps: 29834 | Total Reward: 957.0|
| Episode: 512 | Epsilon:  0.10 | Reward:   0.0 | Average Reward: 1.990 | Steps: 29867 | Total Reward: 957.0|
| Episode: 513 | Epsilon:  0.10 | Reward:   2.0 | Average Reward: 2.010 | Steps: 29924 | Total Reward: 959.0|
| Episode: 514 | Epsilon:  0.10 | Reward:   4.0 | Average Reward: 2.050 | Steps: 30016 | Total Reward: 963.0|
| Episode: 515 | Epsilon:  0.10 | Reward:   2.0 | Average Reward: 2.040 | Steps: 30073 | Total Reward: 965.0|
| Episode: 516 | Epsilon:  0.10 | Reward:   2.0 | Average Reward: 2.040 | Steps: 30130 | Total Reward: 967.0|
| Episode: 517 | Epsilon:  0.10 | Reward:   3.0 | Average Reward: 2.040 | Steps: 30210 | Total Reward: 970.0|
| Episode: 518 | Epsilon:  0.10 | Reward:   1.0 | Average Reward: 2.030 | Steps: 30261 | Total Reward: 971.0|
| Episode: 519 | Epsilon:  0.10 | Reward:   0.0 | Average Reward: 1.990 | Steps: 30292 | Total Reward: 971.0|
| Episode: 520 | Epsilon:  0.10 | Reward:   3.0 | Average Reward: 2.000 | Steps: 30368 | Total Reward: 974.0|
| Episode: 521 | Epsilon:  0.10 | Reward:   1.0 | Average Reward: 2.010 | Steps: 30415 | Total Reward: 975.0|
| Episode: 522 | Epsilon:  0.10 | Reward:   4.0 | Average Reward: 2.030 | Steps: 30504 | Total Reward: 979.0|
| Episode: 523 | Epsilon:  0.10 | Reward:   2.0 | Average Reward: 2.030 | Steps: 30562 | Total Reward: 981.0|
| Episode: 524 | Epsilon:  0.10 | Reward:   2.0 | Average Reward: 2.050 | Steps: 30620 | Total Reward: 983.0|
| Episode: 525 | Epsilon:  0.10 | Reward:   0.0 | Average Reward: 2.050 | Steps: 30654 | Total Reward: 983.0|
| Episode: 526 | Epsilon:  0.10 | Reward:   2.0 | Average Reward: 2.070 | Steps: 30711 | Total Reward: 985.0|
| Episode: 527 | Epsilon:  0.10 | Reward:   0.0 | Average Reward: 2.070 | Steps: 30742 | Total Reward: 985.0|
| Episode: 528 | Epsilon:  0.10 | Reward:   2.0 | Average Reward: 2.090 | Steps: 30799 | Total Reward: 987.0|
| Episode: 529 | Epsilon:  0.10 | Reward:   2.0 | Average Reward: 2.090 | Steps: 30856 | Total Reward: 989.0|
| Episode: 530 | Epsilon:  0.10 | Reward:   0.0 | Average Reward: 2.030 | Steps: 30889 | Total Reward: 989.0|
| Episode: 531 | Epsilon:  0.10 | Reward:   0.0 | Average Reward: 2.030 | Steps: 30924 | Total Reward: 989.0|
| Episode: 532 | Epsilon:  0.10 | Reward:   4.0 | Average Reward: 2.050 | Steps: 31013 | Total Reward: 993.0|
| Episode: 533 | Epsilon:  0.10 | Reward:   1.0 | Average Reward: 2.020 | Steps: 31060 | Total Reward: 994.0|
| Episode: 534 | Epsilon:  0.10 | Reward:   0.0 | Average Reward: 2.000 | Steps: 31088 | Total Reward: 994.0|
| Episode: 535 | Epsilon:  0.10 | Reward:   2.0 | Average Reward: 2.000 | Steps: 31145 | Total Reward: 996.0|
| Episode: 536 | Epsilon:  0.10 | Reward:   2.0 | Average Reward: 2.010 | Steps: 31203 | Total Reward: 998.0|
| Episode: 537 | Epsilon:  0.10 | Reward:   0.0 | Average Reward: 2.000 | Steps: 31235 | Total Reward: 998.0|
| Episode: 538 | Epsilon:  0.10 | Reward:   3.0 | Average Reward: 2.030 | Steps: 31308 | Total Reward: 1001.0|
| Episode: 539 | Epsilon:  0.10 | Reward:   3.0 | Average Reward: 2.010 | Steps: 31382 | Total Reward: 1004.0|
| Episode: 540 | Epsilon:  0.10 | Reward:   2.0 | Average Reward: 2.000 | Steps: 31441 | Total Reward: 1006.0|
| Episode: 541 | Epsilon:  0.10 | Reward:   0.0 | Average Reward: 2.000 | Steps: 31471 | Total Reward: 1006.0|
| Episode: 542 | Epsilon:  0.10 | Reward:   3.0 | Average Reward: 2.000 | Steps: 31547 | Total Reward: 1009.0|
| Episode: 543 | Epsilon:  0.10 | Reward:   1.0 | Average Reward: 1.990 | Steps: 31597 | Total Reward: 1010.0|
| Episode: 544 | Epsilon:  0.10 | Reward:   1.0 | Average Reward: 1.960 | Steps: 31647 | Total Reward: 1011.0|
| Episode: 545 | Epsilon:  0.10 | Reward:   1.0 | Average Reward: 1.950 | Steps: 31689 | Total Reward: 1012.0|
| Episode: 546 | Epsilon:  0.10 | Reward:   5.0 | Average Reward: 1.980 | Steps: 31798 | Total Reward: 1017.0|
| Episode: 547 | Epsilon:  0.10 | Reward:   0.0 | Average Reward: 1.940 | Steps: 31832 | Total Reward: 1017.0|
| Episode: 548 | Epsilon:  0.10 | Reward:   2.0 | Average Reward: 1.920 | Steps: 31890 | Total Reward: 1019.0|
| Episode: 549 | Epsilon:  0.10 | Reward:   0.0 | Average Reward: 1.910 | Steps: 31924 | Total Reward: 1019.0|
| Episode: 550 | Epsilon:  0.10 | Reward:   6.0 | Average Reward: 1.940 | Steps: 32039 | Total Reward: 1025.0|
| Episode: 551 | Epsilon:  0.10 | Reward:   2.0 | Average Reward: 1.940 | Steps: 32095 | Total Reward: 1027.0|
| Episode: 552 | Epsilon:  0.10 | Reward:   1.0 | Average Reward: 1.930 | Steps: 32137 | Total Reward: 1028.0|
| Episode: 553 | Epsilon:  0.10 | Reward:   1.0 | Average Reward: 1.910 | Steps: 32185 | Total Reward: 1029.0|
| Episode: 554 | Epsilon:  0.10 | Reward:   2.0 | Average Reward: 1.900 | Steps: 32250 | Total Reward: 1031.0|
| Episode: 555 | Epsilon:  0.10 | Reward:   1.0 | Average Reward: 1.890 | Steps: 32299 | Total Reward: 1032.0|
| Episode: 556 | Epsilon:  0.10 | Reward:   1.0 | Average Reward: 1.880 | Steps: 32347 | Total Reward: 1033.0|
| Episode: 557 | Epsilon:  0.10 | Reward:   2.0 | Average Reward: 1.880 | Steps: 32402 | Total Reward: 1035.0|
| Episode: 558 | Epsilon:  0.10 | Reward:   2.0 | Average Reward: 1.870 | Steps: 32460 | Total Reward: 1037.0|
| Episode: 559 | Epsilon:  0.10 | Reward:   3.0 | Average Reward: 1.870 | Steps: 32536 | Total Reward: 1040.0|
| Episode: 560 | Epsilon:  0.10 | Reward:   2.0 | Average Reward: 1.870 | Steps: 32593 | Total Reward: 1042.0|
| Episode: 561 | Epsilon:  0.10 | Reward:   0.0 | Average Reward: 1.820 | Steps: 32627 | Total Reward: 1042.0|
| Episode: 562 | Epsilon:  0.10 | Reward:   4.0 | Average Reward: 1.850 | Steps: 32713 | Total Reward: 1046.0|
| Episode: 563 | Epsilon:  0.10 | Reward:   3.0 | Average Reward: 1.860 | Steps: 32787 | Total Reward: 1049.0|
| Episode: 564 | Epsilon:  0.10 | Reward:   2.0 | Average Reward: 1.840 | Steps: 32847 | Total Reward: 1051.0|
| Episode: 565 | Epsilon:  0.10 | Reward:   2.0 | Average Reward: 1.850 | Steps: 32904 | Total Reward: 1053.0|
| Episode: 566 | Epsilon:  0.10 | Reward:   0.0 | Average Reward: 1.820 | Steps: 32935 | Total Reward: 1053.0|
| Episode: 567 | Epsilon:  0.10 | Reward:   2.0 | Average Reward: 1.820 | Steps: 32994 | Total Reward: 1055.0|
| Episode: 568 | Epsilon:  0.10 | Reward:   3.0 | Average Reward: 1.830 | Steps: 33069 | Total Reward: 1058.0|
| Episode: 569 | Epsilon:  0.10 | Reward:   2.0 | Average Reward: 1.820 | Steps: 33124 | Total Reward: 1060.0|
| Episode: 570 | Epsilon:  0.10 | Reward:   3.0 | Average Reward: 1.830 | Steps: 33197 | Total Reward: 1063.0|
| Episode: 571 | Epsilon:  0.10 | Reward:   2.0 | Average Reward: 1.830 | Steps: 33256 | Total Reward: 1065.0|
| Episode: 572 | Epsilon:  0.10 | Reward:   0.0 | Average Reward: 1.830 | Steps: 33287 | Total Reward: 1065.0|
| Episode: 573 | Epsilon:  0.10 | Reward:   2.0 | Average Reward: 1.820 | Steps: 33345 | Total Reward: 1067.0|
| Episode: 574 | Epsilon:  0.10 | Reward:   5.0 | Average Reward: 1.860 | Steps: 33454 | Total Reward: 1072.0|
| Episode: 575 | Epsilon:  0.10 | Reward:   3.0 | Average Reward: 1.890 | Steps: 33527 | Total Reward: 1075.0|
| Episode: 576 | Epsilon:  0.10 | Reward:   2.0 | Average Reward: 1.910 | Steps: 33584 | Total Reward: 1077.0|
| Episode: 577 | Epsilon:  0.10 | Reward:   0.0 | Average Reward: 1.880 | Steps: 33615 | Total Reward: 1077.0|
| Episode: 578 | Epsilon:  0.10 | Reward:   1.0 | Average Reward: 1.870 | Steps: 33664 | Total Reward: 1078.0|
| Episode: 579 | Epsilon:  0.10 | Reward:   0.0 | Average Reward: 1.840 | Steps: 33698 | Total Reward: 1078.0|
| Episode: 580 | Epsilon:  0.10 | Reward:   3.0 | Average Reward: 1.850 | Steps: 33769 | Total Reward: 1081.0|
| Episode: 581 | Epsilon:  0.10 | Reward:   2.0 | Average Reward: 1.860 | Steps: 33825 | Total Reward: 1083.0|
| Episode: 582 | Epsilon:  0.10 | Reward:   2.0 | Average Reward: 1.860 | Steps: 33881 | Total Reward: 1085.0|
| Episode: 583 | Epsilon:  0.10 | Reward:   0.0 | Average Reward: 1.860 | Steps: 33913 | Total Reward: 1085.0|
| Episode: 584 | Epsilon:  0.10 | Reward:   1.0 | Average Reward: 1.860 | Steps: 33961 | Total Reward: 1086.0|
| Episode: 585 | Epsilon:  0.10 | Reward:   2.0 | Average Reward: 1.870 | Steps: 34018 | Total Reward: 1088.0|
| Episode: 586 | Epsilon:  0.10 | Reward:   2.0 | Average Reward: 1.860 | Steps: 34076 | Total Reward: 1090.0|
| Episode: 587 | Epsilon:  0.10 | Reward:   3.0 | Average Reward: 1.860 | Steps: 34149 | Total Reward: 1093.0|
| Episode: 588 | Epsilon:  0.10 | Reward:   2.0 | Average Reward: 1.850 | Steps: 34209 | Total Reward: 1095.0|
| Episode: 589 | Epsilon:  0.10 | Reward:   4.0 | Average Reward: 1.860 | Steps: 34294 | Total Reward: 1099.0|
| Episode: 590 | Epsilon:  0.10 | Reward:   0.0 | Average Reward: 1.860 | Steps: 34326 | Total Reward: 1099.0|
| Episode: 591 | Epsilon:  0.10 | Reward:   0.0 | Average Reward: 1.860 | Steps: 34359 | Total Reward: 1099.0|
| Episode: 592 | Epsilon:  0.10 | Reward:   3.0 | Average Reward: 1.880 | Steps: 34440 | Total Reward: 1102.0|
| Episode: 593 | Epsilon:  0.10 | Reward:   2.0 | Average Reward: 1.880 | Steps: 34498 | Total Reward: 1104.0|
| Episode: 594 | Epsilon:  0.10 | Reward:   3.0 | Average Reward: 1.850 | Steps: 34573 | Total Reward: 1107.0|
| Episode: 595 | Epsilon:  0.10 | Reward:   6.0 | Average Reward: 1.910 | Steps: 34689 | Total Reward: 1113.0|
| Episode: 596 | Epsilon:  0.10 | Reward:   3.0 | Average Reward: 1.910 | Steps: 34769 | Total Reward: 1116.0|
| Episode: 597 | Epsilon:  0.10 | Reward:   2.0 | Average Reward: 1.930 | Steps: 34827 | Total Reward: 1118.0|
| Episode: 598 | Epsilon:  0.10 | Reward:   0.0 | Average Reward: 1.910 | Steps: 34860 | Total Reward: 1118.0|
| Episode: 599 | Epsilon:  0.10 | Reward:   1.0 | Average Reward: 1.900 | Steps: 34910 | Total Reward: 1119.0|
| Episode: 600 | Epsilon:  0.10 | Reward:   3.0 | Average Reward: 1.880 | Steps: 34986 | Total Reward: 1122.0|
| Episode: 601 | Epsilon:  0.10 | Reward:   1.0 | Average Reward: 1.860 | Steps: 35034 | Total Reward: 1123.0|
| Episode: 602 | Epsilon:  0.10 | Reward:   1.0 | Average Reward: 1.830 | Steps: 35082 | Total Reward: 1124.0|
| Episode: 603 | Epsilon:  0.10 | Reward:   0.0 | Average Reward: 1.830 | Steps: 35116 | Total Reward: 1124.0|
| Episode: 604 | Epsilon:  0.10 | Reward:   4.0 | Average Reward: 1.840 | Steps: 35205 | Total Reward: 1128.0|
| Episode: 605 | Epsilon:  0.10 | Reward:   2.0 | Average Reward: 1.840 | Steps: 35262 | Total Reward: 1130.0|
| Episode: 606 | Epsilon:  0.10 | Reward:   2.0 | Average Reward: 1.830 | Steps: 35319 | Total Reward: 1132.0|
| Episode: 607 | Epsilon:  0.10 | Reward:   0.0 | Average Reward: 1.820 | Steps: 35350 | Total Reward: 1132.0|
| Episode: 608 | Epsilon:  0.10 | Reward:   3.0 | Average Reward: 1.850 | Steps: 35425 | Total Reward: 1135.0|
| Episode: 609 | Epsilon:  0.10 | Reward:   4.0 | Average Reward: 1.870 | Steps: 35510 | Total Reward: 1139.0|
| Episode: 610 | Epsilon:  0.10 | Reward:   2.0 | Average Reward: 1.860 | Steps: 35568 | Total Reward: 1141.0|
| Episode: 611 | Epsilon:  0.10 | Reward:   0.0 | Average Reward: 1.840 | Steps: 35600 | Total Reward: 1141.0|
| Episode: 612 | Epsilon:  0.10 | Reward:   2.0 | Average Reward: 1.860 | Steps: 35659 | Total Reward: 1143.0|
| Episode: 613 | Epsilon:  0.10 | Reward:   0.0 | Average Reward: 1.840 | Steps: 35691 | Total Reward: 1143.0|
| Episode: 614 | Epsilon:  0.10 | Reward:   1.0 | Average Reward: 1.810 | Steps: 35740 | Total Reward: 1144.0|
| Episode: 615 | Epsilon:  0.10 | Reward:   4.0 | Average Reward: 1.830 | Steps: 35825 | Total Reward: 1148.0|
| Episode: 616 | Epsilon:  0.10 | Reward:   0.0 | Average Reward: 1.810 | Steps: 35857 | Total Reward: 1148.0|
| Episode: 617 | Epsilon:  0.10 | Reward:   2.0 | Average Reward: 1.800 | Steps: 35924 | Total Reward: 1150.0|
| Episode: 618 | Epsilon:  0.10 | Reward:   1.0 | Average Reward: 1.800 | Steps: 35970 | Total Reward: 1151.0|
| Episode: 619 | Epsilon:  0.10 | Reward:   3.0 | Average Reward: 1.830 | Steps: 36050 | Total Reward: 1154.0|
| Episode: 620 | Epsilon:  0.10 | Reward:   0.0 | Average Reward: 1.800 | Steps: 36084 | Total Reward: 1154.0|
| Episode: 621 | Epsilon:  0.10 | Reward:   1.0 | Average Reward: 1.800 | Steps: 36133 | Total Reward: 1155.0|
| Episode: 622 | Epsilon:  0.10 | Reward:   2.0 | Average Reward: 1.780 | Steps: 36199 | Total Reward: 1157.0|
| Episode: 623 | Epsilon:  0.10 | Reward:   1.0 | Average Reward: 1.770 | Steps: 36249 | Total Reward: 1158.0|
| Episode: 624 | Epsilon:  0.10 | Reward:   2.0 | Average Reward: 1.770 | Steps: 36308 | Total Reward: 1160.0|
| Episode: 625 | Epsilon:  0.10 | Reward:   0.0 | Average Reward: 1.770 | Steps: 36342 | Total Reward: 1160.0|
| Episode: 626 | Epsilon:  0.10 | Reward:   0.0 | Average Reward: 1.750 | Steps: 36374 | Total Reward: 1160.0|
| Episode: 627 | Epsilon:  0.10 | Reward:   2.0 | Average Reward: 1.770 | Steps: 36431 | Total Reward: 1162.0|
| Episode: 628 | Epsilon:  0.10 | Reward:   2.0 | Average Reward: 1.770 | Steps: 36489 | Total Reward: 1164.0|
| Episode: 629 | Epsilon:  0.10 | Reward:   2.0 | Average Reward: 1.770 | Steps: 36548 | Total Reward: 1166.0|
| Episode: 630 | Epsilon:  0.10 | Reward:   2.0 | Average Reward: 1.790 | Steps: 36607 | Total Reward: 1168.0|
| Episode: 631 | Epsilon:  0.10 | Reward:   3.0 | Average Reward: 1.820 | Steps: 36681 | Total Reward: 1171.0|
| Episode: 632 | Epsilon:  0.10 | Reward:   2.0 | Average Reward: 1.800 | Steps: 36739 | Total Reward: 1173.0|
| Episode: 633 | Epsilon:  0.10 | Reward:   2.0 | Average Reward: 1.810 | Steps: 36798 | Total Reward: 1175.0|
| Episode: 634 | Epsilon:  0.10 | Reward:   3.0 | Average Reward: 1.840 | Steps: 36871 | Total Reward: 1178.0|
| Episode: 635 | Epsilon:  0.10 | Reward:   0.0 | Average Reward: 1.820 | Steps: 36905 | Total Reward: 1178.0|
| Episode: 636 | Epsilon:  0.10 | Reward:   3.0 | Average Reward: 1.830 | Steps: 36981 | Total Reward: 1181.0|
| Episode: 637 | Epsilon:  0.10 | Reward:   0.0 | Average Reward: 1.830 | Steps: 37013 | Total Reward: 1181.0|
| Episode: 638 | Epsilon:  0.10 | Reward:   3.0 | Average Reward: 1.830 | Steps: 37087 | Total Reward: 1184.0|
| Episode: 639 | Epsilon:  0.10 | Reward:   4.0 | Average Reward: 1.840 | Steps: 37177 | Total Reward: 1188.0|
| Episode: 640 | Epsilon:  0.10 | Reward:   2.0 | Average Reward: 1.840 | Steps: 37242 | Total Reward: 1190.0|
| Episode: 641 | Epsilon:  0.10 | Reward:   3.0 | Average Reward: 1.870 | Steps: 37315 | Total Reward: 1193.0|
| Episode: 642 | Epsilon:  0.10 | Reward:   2.0 | Average Reward: 1.860 | Steps: 37375 | Total Reward: 1195.0|
| Episode: 643 | Epsilon:  0.10 | Reward:   3.0 | Average Reward: 1.880 | Steps: 37448 | Total Reward: 1198.0|
| Episode: 644 | Epsilon:  0.10 | Reward:   2.0 | Average Reward: 1.890 | Steps: 37505 | Total Reward: 1200.0|
| Episode: 645 | Epsilon:  0.10 | Reward:   0.0 | Average Reward: 1.880 | Steps: 37536 | Total Reward: 1200.0|
| Episode: 646 | Epsilon:  0.10 | Reward:   4.0 | Average Reward: 1.870 | Steps: 37615 | Total Reward: 1204.0|
| Episode: 647 | Epsilon:  0.10 | Reward:   2.0 | Average Reward: 1.890 | Steps: 37673 | Total Reward: 1206.0|
| Episode: 648 | Epsilon:  0.10 | Reward:   2.0 | Average Reward: 1.890 | Steps: 37730 | Total Reward: 1208.0|
| Episode: 649 | Epsilon:  0.10 | Reward:   0.0 | Average Reward: 1.890 | Steps: 37763 | Total Reward: 1208.0|
| Episode: 650 | Epsilon:  0.10 | Reward:   0.0 | Average Reward: 1.830 | Steps: 37794 | Total Reward: 1208.0|
| Episode: 651 | Epsilon:  0.10 | Reward:   0.0 | Average Reward: 1.810 | Steps: 37829 | Total Reward: 1208.0|
| Episode: 652 | Epsilon:  0.10 | Reward:   2.0 | Average Reward: 1.820 | Steps: 37885 | Total Reward: 1210.0|
| Episode: 653 | Epsilon:  0.10 | Reward:   2.0 | Average Reward: 1.830 | Steps: 37942 | Total Reward: 1212.0|
| Episode: 654 | Epsilon:  0.10 | Reward:   2.0 | Average Reward: 1.830 | Steps: 37998 | Total Reward: 1214.0|
| Episode: 655 | Epsilon:  0.10 | Reward:   4.0 | Average Reward: 1.860 | Steps: 38081 | Total Reward: 1218.0|
| Episode: 656 | Epsilon:  0.10 | Reward:   2.0 | Average Reward: 1.870 | Steps: 38137 | Total Reward: 1220.0|
| Episode: 657 | Epsilon:  0.10 | Reward:   1.0 | Average Reward: 1.860 | Steps: 38186 | Total Reward: 1221.0|
| Episode: 658 | Epsilon:  0.10 | Reward:   3.0 | Average Reward: 1.870 | Steps: 38261 | Total Reward: 1224.0|
| Episode: 659 | Epsilon:  0.10 | Reward:   0.0 | Average Reward: 1.840 | Steps: 38294 | Total Reward: 1224.0|
| Episode: 660 | Epsilon:  0.10 | Reward:   1.0 | Average Reward: 1.830 | Steps: 38343 | Total Reward: 1225.0|
| Episode: 661 | Epsilon:  0.10 | Reward:   2.0 | Average Reward: 1.850 | Steps: 38403 | Total Reward: 1227.0|
| Episode: 662 | Epsilon:  0.10 | Reward:   2.0 | Average Reward: 1.830 | Steps: 38462 | Total Reward: 1229.0|
| Episode: 663 | Epsilon:  0.10 | Reward:   2.0 | Average Reward: 1.820 | Steps: 38528 | Total Reward: 1231.0|
| Episode: 664 | Epsilon:  0.10 | Reward:   3.0 | Average Reward: 1.830 | Steps: 38608 | Total Reward: 1234.0|
| Episode: 665 | Epsilon:  0.10 | Reward:   6.0 | Average Reward: 1.870 | Steps: 38728 | Total Reward: 1240.0|
| Episode: 666 | Epsilon:  0.10 | Reward:   2.0 | Average Reward: 1.890 | Steps: 38784 | Total Reward: 1242.0|
| Episode: 667 | Epsilon:  0.10 | Reward:   0.0 | Average Reward: 1.870 | Steps: 38818 | Total Reward: 1242.0|
| Episode: 668 | Epsilon:  0.10 | Reward:   2.0 | Average Reward: 1.860 | Steps: 38884 | Total Reward: 1244.0|
| Episode: 669 | Epsilon:  0.10 | Reward:   3.0 | Average Reward: 1.870 | Steps: 38956 | Total Reward: 1247.0|
| Episode: 670 | Epsilon:  0.10 | Reward:   3.0 | Average Reward: 1.870 | Steps: 39036 | Total Reward: 1250.0|
| Episode: 671 | Epsilon:  0.10 | Reward:   4.0 | Average Reward: 1.890 | Steps: 39121 | Total Reward: 1254.0|
| Episode: 672 | Epsilon:  0.10 | Reward:   0.0 | Average Reward: 1.890 | Steps: 39156 | Total Reward: 1254.0|
| Episode: 673 | Epsilon:  0.10 | Reward:   2.0 | Average Reward: 1.890 | Steps: 39212 | Total Reward: 1256.0|
| Episode: 674 | Epsilon:  0.10 | Reward:   1.0 | Average Reward: 1.850 | Steps: 39260 | Total Reward: 1257.0|
| Episode: 675 | Epsilon:  0.10 | Reward:   2.0 | Average Reward: 1.840 | Steps: 39321 | Total Reward: 1259.0|
| Episode: 676 | Epsilon:  0.10 | Reward:   0.0 | Average Reward: 1.820 | Steps: 39354 | Total Reward: 1259.0|
| Episode: 677 | Epsilon:  0.10 | Reward:   3.0 | Average Reward: 1.850 | Steps: 39428 | Total Reward: 1262.0|
| Episode: 678 | Epsilon:  0.10 | Reward:   3.0 | Average Reward: 1.870 | Steps: 39500 | Total Reward: 1265.0|
| Episode: 679 | Epsilon:  0.10 | Reward:   3.0 | Average Reward: 1.900 | Steps: 39574 | Total Reward: 1268.0|
| Episode: 680 | Epsilon:  0.10 | Reward:   2.0 | Average Reward: 1.890 | Steps: 39633 | Total Reward: 1270.0|
| Episode: 681 | Epsilon:  0.10 | Reward:   2.0 | Average Reward: 1.890 | Steps: 39693 | Total Reward: 1272.0|
| Episode: 682 | Epsilon:  0.10 | Reward:   1.0 | Average Reward: 1.880 | Steps: 39741 | Total Reward: 1273.0|
| Episode: 683 | Epsilon:  0.10 | Reward:   0.0 | Average Reward: 1.880 | Steps: 39775 | Total Reward: 1273.0|
| Episode: 684 | Epsilon:  0.10 | Reward:   2.0 | Average Reward: 1.890 | Steps: 39834 | Total Reward: 1275.0|
| Episode: 685 | Epsilon:  0.10 | Reward:   2.0 | Average Reward: 1.890 | Steps: 39898 | Total Reward: 1277.0|
| Episode: 686 | Epsilon:  0.10 | Reward:   1.0 | Average Reward: 1.880 | Steps: 39946 | Total Reward: 1278.0|
| Episode: 687 | Epsilon:  0.10 | Reward:   2.0 | Average Reward: 1.870 | Steps: 40006 | Total Reward: 1280.0|
| Episode: 688 | Epsilon:  0.10 | Reward:   3.0 | Average Reward: 1.880 | Steps: 40079 | Total Reward: 1283.0|
| Episode: 689 | Epsilon:  0.10 | Reward:   4.0 | Average Reward: 1.880 | Steps: 40168 | Total Reward: 1287.0|
