+------------------------+----------------------------+--------------------+
|                        |     Supported Features     |  Program Commands  |
+========================+============================+====================+
| Compatible Layers      | Hopfield Layer,            | hopfield,          |
|                        | HopfieldLayer Layer,       | hopfield_layer,    |
|                        | HopfieldPooling Layer,     | hopfield_pooling,  |
|                        | LSTM,                      | lstm,              |
|                        | GRU                        | gru                |
+------------------------+----------------------------+--------------------+
| Supported Loss Metrics | Huber Loss,                | huber,             |
|                        | Mean Absolute Error Loss,  | mae,               |
|                        | Mean Squared Error Loss,   | mse,               |
|                        | SmoothL1 Loss              | smooth_l1          |
+------------------------+----------------------------+--------------------+
| Supported Optimizers   | RMSprop (default),         | rmsprop,           |
|                        | AdamW,                     | adam,              |
|                        | Adam                       | adamW              |
+------------------------+----------------------------+--------------------+
| Episode:   1 | Epsilon:  0.90 | Reward: -129.28835320575385 | Average Reward: -129.288 | Steps:    71 | Total Reward: -129.28835320575385|
| Episode:   2 | Epsilon:  0.86 | Reward: -270.18347479158547 | Average Reward: -199.736 | Steps:   178 | Total Reward: -399.47182799733935|
| Episode:   3 | Epsilon:  0.82 | Reward: -465.7922694762411 | Average Reward: -288.421 | Steps:   258 | Total Reward: -865.2640974735795|
| Episode:   4 | Epsilon:  0.79 | Reward: -369.2806419391874 | Average Reward: -308.636 | Steps:   335 | Total Reward: -1234.5447394127668|
| Episode:   5 | Epsilon:  0.75 | Reward: -98.65241298150647 | Average Reward: -266.639 | Steps:   392 | Total Reward: -1333.1971523942718|
| Episode:   6 | Epsilon:  0.72 | Reward: -416.3784895062379 | Average Reward: -291.596 | Steps:   483 | Total Reward: -1749.5756419005088|
| Episode:   7 | Epsilon:  0.69 | Reward: -153.15565124484695 | Average Reward: -271.819 | Steps:   536 | Total Reward: -1902.731293145355|
| Episode:   8 | Epsilon:  0.66 | Reward: -141.84701483351415 | Average Reward: -255.572 | Steps:   594 | Total Reward: -2044.5783079788673|
| Episode:   9 | Epsilon:  0.64 | Reward: -561.9109931743873 | Average Reward: -289.610 | Steps:   691 | Total Reward: -2606.4893011532536|
| Episode:  10 | Epsilon:  0.61 | Reward: -397.51488733097506 | Average Reward: -300.400 | Steps:   766 | Total Reward: -3004.0041884842267|
| Episode:  11 | Epsilon:  0.59 | Reward: -365.58993152961966 | Average Reward: -306.327 | Steps:   844 | Total Reward: -3369.594120013845|
| Episode:  12 | Epsilon:  0.56 | Reward: -287.4573230587906 | Average Reward: -304.754 | Steps:   910 | Total Reward: -3657.051443072636|
| Episode:  13 | Epsilon:  0.54 | Reward: -571.1559596935947 | Average Reward: -325.247 | Steps:   995 | Total Reward: -4228.207402766233|
| Episode:  14 | Epsilon:  0.52 | Reward: -420.16527778330294 | Average Reward: -332.027 | Steps:  1073 | Total Reward: -4648.372680549536|
| Episode:  15 | Epsilon:  0.50 | Reward: -506.6902151248355 | Average Reward: -343.671 | Steps:  1160 | Total Reward: -5155.062895674369|
| Episode:  16 | Epsilon:  0.48 | Reward: -305.7748915228721 | Average Reward: -341.302 | Steps:  1226 | Total Reward: -5460.837787197242|
| Episode:  17 | Epsilon:  0.46 | Reward: -312.3422342203675 | Average Reward: -339.599 | Steps:  1293 | Total Reward: -5773.180021417607|
| Episode:  18 | Epsilon:  0.44 | Reward: -453.3320583833081 | Average Reward: -345.917 | Steps:  1360 | Total Reward: -6226.512079800914|
| Episode:  19 | Epsilon:  0.43 | Reward: -260.811139847848 | Average Reward: -341.438 | Steps:  1420 | Total Reward: -6487.323219648763|
| Episode:  20 | Epsilon:  0.41 | Reward: -368.64783247731134 | Average Reward: -342.799 | Steps:  1478 | Total Reward: -6855.971052126074|
| Episode:  21 | Epsilon:  0.39 | Reward: -435.4494605680486 | Average Reward: -347.211 | Steps:  1550 | Total Reward: -7291.420512694125|
| Episode:  22 | Epsilon:  0.38 | Reward: -480.79811159554623 | Average Reward: -353.283 | Steps:  1623 | Total Reward: -7772.2186242896705|
| Episode:  23 | Epsilon:  0.37 | Reward: -537.1557641411086 | Average Reward: -361.277 | Steps:  1685 | Total Reward: -8309.374388430777|
| Episode:  24 | Epsilon:  0.35 | Reward: -471.7408864367339 | Average Reward: -365.880 | Steps:  1768 | Total Reward: -8781.115274867507|
| Episode:  25 | Epsilon:  0.34 | Reward: -534.8094002884379 | Average Reward: -372.637 | Steps:  1827 | Total Reward: -9315.924675155944|
| Episode:  26 | Epsilon:  0.33 | Reward: -496.18781444943113 | Average Reward: -377.389 | Steps:  1909 | Total Reward: -9812.11248960538|
| Episode:  27 | Epsilon:  0.32 | Reward: -250.4685496796191 | Average Reward: -372.688 | Steps:  1963 | Total Reward: -10062.581039285003|
| Episode:  28 | Epsilon:  0.31 | Reward: -442.8790420800574 | Average Reward: -375.195 | Steps:  2046 | Total Reward: -10505.46008136506|
| Episode:  29 | Epsilon:  0.30 | Reward: -548.0144336800245 | Average Reward: -381.154 | Steps:  2165 | Total Reward: -11053.474515045085|
| Episode:  30 | Epsilon:  0.29 | Reward: -348.001696966781 | Average Reward: -380.049 | Steps:  2297 | Total Reward: -11401.476212011867|
| Episode:  31 | Epsilon:  0.28 | Reward: -277.3767081833179 | Average Reward: -376.737 | Steps:  2387 | Total Reward: -11678.852920195179|
| Episode:  32 | Epsilon:  0.27 | Reward: -296.7845296478422 | Average Reward: -374.239 | Steps:  2467 | Total Reward: -11975.637449843032|
| Episode:  33 | Epsilon:  0.26 | Reward: -1598.032934186468 | Average Reward: -411.323 | Steps:  2783 | Total Reward: -13573.67038402949|
| Episode:  34 | Epsilon:  0.25 | Reward: -232.6689674293268 | Average Reward: -406.069 | Steps:  2877 | Total Reward: -13806.339351458822|
| Episode:  35 | Epsilon:  0.25 | Reward: -1074.1042762223724 | Average Reward: -425.156 | Steps:  3080 | Total Reward: -14880.443627681198|
| Episode:  36 | Epsilon:  0.24 | Reward: -219.6863208046098 | Average Reward: -419.448 | Steps:  3142 | Total Reward: -15100.129948485801|
| Episode:  37 | Epsilon:  0.23 | Reward: -503.1108256182161 | Average Reward: -421.709 | Steps:  3210 | Total Reward: -15603.240774104017|
| Episode:  38 | Epsilon:  0.23 | Reward: -493.8005899685431 | Average Reward: -423.606 | Steps:  3311 | Total Reward: -16097.041364072567|
| Episode:  39 | Epsilon:  0.22 | Reward: -186.40141070185115 | Average Reward: -417.524 | Steps:  3421 | Total Reward: -16283.442774774423|
| Episode:  40 | Epsilon:  0.21 | Reward: -144.5828894159444 | Average Reward: -410.701 | Steps:  3511 | Total Reward: -16428.025664190372|
| Episode:  41 | Epsilon:  0.21 | Reward: -656.770929119488 | Average Reward: -416.702 | Steps:  3599 | Total Reward: -17084.796593309853|
| Episode:  42 | Epsilon:  0.20 | Reward: -301.35306743662863 | Average Reward: -413.956 | Steps:  3655 | Total Reward: -17386.149660746483|
| Episode:  43 | Epsilon:  0.20 | Reward: -161.69468669548584 | Average Reward: -408.089 | Steps:  3730 | Total Reward: -17547.844347441962|
| Episode:  44 | Epsilon:  0.19 | Reward: -159.53090994026272 | Average Reward: -402.440 | Steps:  3786 | Total Reward: -17707.375257382213|
| Episode:  45 | Epsilon:  0.19 | Reward: -533.199744773978 | Average Reward: -405.346 | Steps:  3876 | Total Reward: -18240.575002156198|
| Episode:  46 | Epsilon:  0.18 | Reward: -406.4802192355638 | Average Reward: -405.371 | Steps:  3957 | Total Reward: -18647.05522139174|
| Episode:  47 | Epsilon:  0.18 | Reward: -438.78277245650736 | Average Reward: -406.082 | Steps:  4062 | Total Reward: -19085.837993848236|
| Episode:  48 | Epsilon:  0.18 | Reward: -467.0897830917475 | Average Reward: -407.353 | Steps:  4168 | Total Reward: -19552.927776939974|
| Episode:  49 | Epsilon:  0.17 | Reward: -405.5591733556056 | Average Reward: -407.316 | Steps:  4243 | Total Reward: -19958.48695029557|
| Episode:  50 | Epsilon:  0.17 | Reward: -422.8499605163631 | Average Reward: -407.627 | Steps:  4326 | Total Reward: -20381.33691081193|
| Episode:  51 | Epsilon:  0.17 | Reward: -272.2241739531138 | Average Reward: -404.972 | Steps:  4410 | Total Reward: -20653.561084765035|
| Episode:  52 | Epsilon:  0.16 | Reward: -69.77091891804554 | Average Reward: -398.526 | Steps:  4478 | Total Reward: -20723.332003683077|
| Episode:  53 | Epsilon:  0.16 | Reward: 32.874554449115294 | Average Reward: -390.386 | Steps:  4535 | Total Reward: -20690.457449233953|
| Episode:  54 | Epsilon:  0.16 | Reward: -169.29280554115212 | Average Reward: -386.292 | Steps:  4609 | Total Reward: -20859.7502547751|
| Episode:  55 | Epsilon:  0.15 | Reward: -106.08198497876465 | Average Reward: -381.197 | Steps:  4689 | Total Reward: -20965.83223975386|
| Episode:  56 | Epsilon:  0.15 | Reward: -365.240625642293 | Average Reward: -380.912 | Steps:  4754 | Total Reward: -21331.072865396152|
| Episode:  57 | Epsilon:  0.15 | Reward: -100.70794074573845 | Average Reward: -375.996 | Steps:  4816 | Total Reward: -21431.780806141895|
| Episode:  58 | Epsilon:  0.15 | Reward: -357.68600516482724 | Average Reward: -375.680 | Steps:  4884 | Total Reward: -21789.466811306727|
| Episode:  59 | Epsilon:  0.14 | Reward: -286.32605249998653 | Average Reward: -374.166 | Steps:  4994 | Total Reward: -22075.792863806706|
| Episode:  60 | Epsilon:  0.14 | Reward: -187.35434768368526 | Average Reward: -371.052 | Steps:  5117 | Total Reward: -22263.147211490395|
| Episode:  61 | Epsilon:  0.14 | Reward: -723.2665958661055 | Average Reward: -376.826 | Steps:  5219 | Total Reward: -22986.413807356486|
| Episode:  62 | Epsilon:  0.14 | Reward: -540.3850535883287 | Average Reward: -379.464 | Steps:  5307 | Total Reward: -23526.7988609448|
| Episode:  63 | Epsilon:  0.14 | Reward: -433.54391793508427 | Average Reward: -380.323 | Steps:  5399 | Total Reward: -23960.34277887989|
| Episode:  64 | Epsilon:  0.13 | Reward: -251.2349752485418 | Average Reward: -378.306 | Steps:  5473 | Total Reward: -24211.577754128415|
| Episode:  65 | Epsilon:  0.13 | Reward: -48.543285711183714 | Average Reward: -373.233 | Steps:  5553 | Total Reward: -24260.12103983959|
| Episode:  66 | Epsilon:  0.13 | Reward: -250.91675133089709 | Average Reward: -371.379 | Steps:  5640 | Total Reward: -24511.03779117048|
| Episode:  67 | Epsilon:  0.13 | Reward: -441.15700294677924 | Average Reward: -372.421 | Steps:  5716 | Total Reward: -24952.19479411728|
| Episode:  68 | Epsilon:  0.13 | Reward: -207.69833329711054 | Average Reward: -369.998 | Steps:  5792 | Total Reward: -25159.89312741438|
| Episode:  69 | Epsilon:  0.13 | Reward: -300.61959531259913 | Average Reward: -368.993 | Steps:  5917 | Total Reward: -25460.512722726977|
| Episode:  70 | Epsilon:  0.13 | Reward: -368.1450290872426 | Average Reward: -368.981 | Steps:  5993 | Total Reward: -25828.657751814215|
| Episode:  71 | Epsilon:  0.12 | Reward: -349.498885168976 | Average Reward: -368.706 | Steps:  6072 | Total Reward: -26178.15663698319|
| Episode:  72 | Epsilon:  0.12 | Reward: -335.3015183581747 | Average Reward: -368.242 | Steps:  6154 | Total Reward: -26513.458155341363|
| Episode:  73 | Epsilon:  0.12 | Reward: -299.0765445532776 | Average Reward: -367.295 | Steps:  6242 | Total Reward: -26812.53469989464|
| Episode:  74 | Epsilon:  0.12 | Reward: -199.18463130549472 | Average Reward: -365.023 | Steps:  6400 | Total Reward: -27011.71933120014|
| Episode:  75 | Epsilon:  0.12 | Reward: -218.11614039843795 | Average Reward: -363.064 | Steps:  6470 | Total Reward: -27229.83547159857|
| Episode:  76 | Epsilon:  0.12 | Reward: -115.38806362624743 | Average Reward: -359.806 | Steps:  6542 | Total Reward: -27345.223535224817|
| Episode:  77 | Epsilon:  0.12 | Reward: -118.2654693784619 | Average Reward: -356.669 | Steps:  6605 | Total Reward: -27463.489004603285|
| Episode:  78 | Epsilon:  0.12 | Reward: -143.67180569888777 | Average Reward: -353.938 | Steps:  6695 | Total Reward: -27607.16081030216|
| Episode:  79 | Epsilon:  0.12 | Reward: -575.2499923369828 | Average Reward: -356.739 | Steps:  6790 | Total Reward: -28182.410802639137|
| Episode:  80 | Epsilon:  0.12 | Reward: -432.42585620771064 | Average Reward: -357.685 | Steps:  6865 | Total Reward: -28614.83665884686|
| Episode:  81 | Epsilon:  0.11 | Reward: -127.66575241955702 | Average Reward: -354.846 | Steps:  6977 | Total Reward: -28742.502411266418|
| Episode:  82 | Epsilon:  0.11 | Reward: -168.91817940603158 | Average Reward: -352.578 | Steps:  7052 | Total Reward: -28911.420590672464|
| Episode:  83 | Epsilon:  0.11 | Reward: -275.3026222797971 | Average Reward: -351.647 | Steps:  7115 | Total Reward: -29186.723212952256|
| Episode:  84 | Epsilon:  0.11 | Reward: -305.2247391226875 | Average Reward: -351.095 | Steps:  7231 | Total Reward: -29491.94795207492|
| Episode:  85 | Epsilon:  0.11 | Reward: -329.5112110759153 | Average Reward: -350.841 | Steps:  7322 | Total Reward: -29821.459163150826|
| Episode:  86 | Epsilon:  0.11 | Reward: -365.6140391557693 | Average Reward: -351.012 | Steps:  7418 | Total Reward: -30187.0732023066|
| Episode:  87 | Epsilon:  0.11 | Reward: -166.4549931476139 | Average Reward: -348.891 | Steps:  7488 | Total Reward: -30353.52819545422|
| Episode:  88 | Epsilon:  0.11 | Reward: -522.8563462191413 | Average Reward: -350.868 | Steps:  7568 | Total Reward: -30876.384541673357|
| Episode:  89 | Epsilon:  0.11 | Reward: -329.8228884948112 | Average Reward: -350.632 | Steps:  7689 | Total Reward: -31206.207430168175|
| Episode:  90 | Epsilon:  0.11 | Reward: -127.19678454500212 | Average Reward: -348.149 | Steps:  7781 | Total Reward: -31333.404214713184|
| Episode:  91 | Epsilon:  0.11 | Reward: -70.53428826405126 | Average Reward: -345.098 | Steps:  7837 | Total Reward: -31403.93850297723|
| Episode:  92 | Epsilon:  0.11 | Reward: -396.68812523605345 | Average Reward: -345.659 | Steps:  8010 | Total Reward: -31800.626628213304|
| Episode:  93 | Epsilon:  0.11 | Reward: -41.830352652904345 | Average Reward: -342.392 | Steps:  8072 | Total Reward: -31842.4569808662|
| Episode:  94 | Epsilon:  0.11 | Reward: -308.7370527980689 | Average Reward: -342.034 | Steps:  8147 | Total Reward: -32151.194033664273|
| Episode:  95 | Epsilon:  0.11 | Reward: -143.60901831239374 | Average Reward: -339.945 | Steps:  8244 | Total Reward: -32294.80305197664|
| Episode:  96 | Epsilon:  0.11 | Reward: -227.8052670729577 | Average Reward: -338.777 | Steps:  8312 | Total Reward: -32522.60831904958|
| Episode:  97 | Epsilon:  0.11 | Reward: -367.46780561566044 | Average Reward: -339.073 | Steps:  8422 | Total Reward: -32890.07612466524|
| Episode:  98 | Epsilon:  0.11 | Reward: -1082.2931531563504 | Average Reward: -346.657 | Steps:  8650 | Total Reward: -33972.36927782161|
| Episode:  99 | Epsilon:  0.11 | Reward: -659.4269852241158 | Average Reward: -349.816 | Steps:  8789 | Total Reward: -34631.79626304573|
| Episode: 100 | Epsilon:  0.11 | Reward: -949.6545162783046 | Average Reward: -355.815 | Steps:  9020 | Total Reward: -35581.450779324005|
| Episode: 101 | Epsilon:  0.11 | Reward: -670.2258452903878 | Average Reward: -361.224 | Steps:  9200 | Total Reward: -36251.67662461439|
| Episode: 102 | Epsilon:  0.11 | Reward: -496.92626456747473 | Average Reward: -363.491 | Steps:  9304 | Total Reward: -36748.602889181886|
| Episode: 103 | Epsilon:  0.10 | Reward: -439.3154021275929 | Average Reward: -363.227 | Steps:  9414 | Total Reward: -37187.9182913095|
| Episode: 104 | Epsilon:  0.10 | Reward: -372.6020794801579 | Average Reward: -363.260 | Steps:  9495 | Total Reward: -37560.52037078969|
| Episode: 105 | Epsilon:  0.10 | Reward: -325.9205673256573 | Average Reward: -365.532 | Steps:  9560 | Total Reward: -37886.440938115345|
| Episode: 106 | Epsilon:  0.10 | Reward: -509.6423098346194 | Average Reward: -366.465 | Steps:  9668 | Total Reward: -38396.08324794996|
| Episode: 107 | Epsilon:  0.10 | Reward: -521.8411405255425 | Average Reward: -370.152 | Steps:  9759 | Total Reward: -38917.92438847549|
| Episode: 108 | Epsilon:  0.10 | Reward: -549.4679421158655 | Average Reward: -374.228 | Steps:  9856 | Total Reward: -39467.39233059135|
| Episode: 109 | Epsilon:  0.10 | Reward: -635.0052284542223 | Average Reward: -374.959 | Steps:  9985 | Total Reward: -40102.397559045574|
| Episode: 110 | Epsilon:  0.10 | Reward: -615.4655481128889 | Average Reward: -377.139 | Steps: 10134 | Total Reward: -40717.863107158475|
| Episode: 111 | Epsilon:  0.10 | Reward: -150.79562704292005 | Average Reward: -374.991 | Steps: 10231 | Total Reward: -40868.65873420137|
| Episode: 112 | Epsilon:  0.10 | Reward: -462.7837000452782 | Average Reward: -376.744 | Steps: 10328 | Total Reward: -41331.44243424669|
| Episode: 113 | Epsilon:  0.10 | Reward: -612.8174731546163 | Average Reward: -377.161 | Steps: 10490 | Total Reward: -41944.25990740129|
| Episode: 114 | Epsilon:  0.10 | Reward: -332.5514519043278 | Average Reward: -376.284 | Steps: 10641 | Total Reward: -42276.811359305626|
| Episode: 115 | Epsilon:  0.10 | Reward: -471.327519918384 | Average Reward: -375.931 | Steps: 10771 | Total Reward: -42748.13887922405|
| Episode: 116 | Epsilon:  0.10 | Reward: -511.2293822728803 | Average Reward: -377.985 | Steps: 10916 | Total Reward: -43259.36826149695|
| Episode: 117 | Epsilon:  0.10 | Reward: -323.7619872130093 | Average Reward: -378.100 | Steps: 11009 | Total Reward: -43583.130248709946|
| Episode: 118 | Epsilon:  0.10 | Reward: -177.8839850573956 | Average Reward: -375.345 | Steps: 11089 | Total Reward: -43761.01423376733|
| Episode: 119 | Epsilon:  0.10 | Reward: -298.6618379950473 | Average Reward: -375.724 | Steps: 11165 | Total Reward: -44059.67607176233|
| Episode: 120 | Epsilon:  0.10 | Reward: -387.2623805372246 | Average Reward: -375.910 | Steps: 11256 | Total Reward: -44446.93845229959|
| Episode: 121 | Epsilon:  0.10 | Reward: -321.1448201556645 | Average Reward: -374.767 | Steps: 11348 | Total Reward: -44768.08327245527|
| Episode: 122 | Epsilon:  0.10 | Reward: -486.3079272399491 | Average Reward: -374.822 | Steps: 11441 | Total Reward: -45254.391199695216|
| Episode: 123 | Epsilon:  0.10 | Reward: -448.68321688683335 | Average Reward: -373.937 | Steps: 11542 | Total Reward: -45703.07441658204|
| Episode: 124 | Epsilon:  0.10 | Reward: -491.88861858422484 | Average Reward: -374.138 | Steps: 11659 | Total Reward: -46194.963035166285|
| Episode: 125 | Epsilon:  0.10 | Reward: -304.0100691807496 | Average Reward: -371.830 | Steps: 11757 | Total Reward: -46498.97310434706|
| Episode: 126 | Epsilon:  0.10 | Reward: -513.5606684456602 | Average Reward: -372.004 | Steps: 11853 | Total Reward: -47012.5337727927|
| Episode: 127 | Epsilon:  0.10 | Reward: -477.72122852442016 | Average Reward: -374.277 | Steps: 11951 | Total Reward: -47490.25500131715|
| Episode: 128 | Epsilon:  0.10 | Reward: -477.7784199625821 | Average Reward: -374.626 | Steps: 12037 | Total Reward: -47968.033421279746|
| Episode: 129 | Epsilon:  0.10 | Reward: -286.34194723734515 | Average Reward: -372.009 | Steps: 12145 | Total Reward: -48254.375368517096|
| Episode: 130 | Epsilon:  0.10 | Reward: -558.1096264092571 | Average Reward: -374.110 | Steps: 12268 | Total Reward: -48812.484994926366|
| Episode: 131 | Epsilon:  0.10 | Reward: -560.6325249558545 | Average Reward: -376.943 | Steps: 12369 | Total Reward: -49373.11751988224|
| Episode: 132 | Epsilon:  0.10 | Reward: -416.0681062449766 | Average Reward: -378.135 | Steps: 12509 | Total Reward: -49789.18562612722|
| Episode: 133 | Epsilon:  0.10 | Reward: -291.0944497551432 | Average Reward: -365.066 | Steps: 12598 | Total Reward: -50080.28007588238|
| Episode: 134 | Epsilon:  0.10 | Reward: -558.1371654218201 | Average Reward: -368.321 | Steps: 12693 | Total Reward: -50638.417241304196|
| Episode: 135 | Epsilon:  0.10 | Reward: -484.89472772131444 | Average Reward: -362.429 | Steps: 12816 | Total Reward: -51123.31196902552|
| Episode: 136 | Epsilon:  0.10 | Reward: -257.0050585897845 | Average Reward: -362.802 | Steps: 12898 | Total Reward: -51380.3170276153|
| Episode: 137 | Epsilon:  0.10 | Reward: -286.60576525712156 | Average Reward: -360.637 | Steps: 12998 | Total Reward: -51666.9227928724|
| Episode: 138 | Epsilon:  0.10 | Reward: -225.65816512898664 | Average Reward: -357.955 | Steps: 13072 | Total Reward: -51892.58095800139|
| Episode: 139 | Epsilon:  0.10 | Reward: -342.32595869894044 | Average Reward: -359.515 | Steps: 13149 | Total Reward: -52234.906916700325|
| Episode: 140 | Epsilon:  0.10 | Reward: -455.5339420124418 | Average Reward: -362.624 | Steps: 13250 | Total Reward: -52690.44085871276|
| Episode: 141 | Epsilon:  0.10 | Reward: -364.37383510761435 | Average Reward: -359.700 | Steps: 13333 | Total Reward: -53054.81469382038|
| Episode: 142 | Epsilon:  0.10 | Reward: -526.3151491614567 | Average Reward: -361.950 | Steps: 13467 | Total Reward: -53581.12984298181|
| Episode: 143 | Epsilon:  0.10 | Reward: -451.58751671877855 | Average Reward: -364.849 | Steps: 13618 | Total Reward: -54032.71735970059|
| Episode: 144 | Epsilon:  0.10 | Reward: -449.15986263494585 | Average Reward: -367.745 | Steps: 13717 | Total Reward: -54481.87722233553|
| Episode: 145 | Epsilon:  0.10 | Reward: -466.0384540008294 | Average Reward: -367.073 | Steps: 13820 | Total Reward: -54947.91567633638|
| Episode: 146 | Epsilon:  0.10 | Reward: -238.15775944133003 | Average Reward: -365.390 | Steps: 13914 | Total Reward: -55186.07343577771|
| Episode: 147 | Epsilon:  0.10 | Reward: -104.91184926038923 | Average Reward: -362.051 | Steps: 14031 | Total Reward: -55290.98528503809|
| Episode: 148 | Epsilon:  0.10 | Reward: -387.9976260002576 | Average Reward: -361.261 | Steps: 14130 | Total Reward: -55678.98291103835|
| Episode: 149 | Epsilon:  0.10 | Reward: -209.12931752886124 | Average Reward: -359.296 | Steps: 14235 | Total Reward: -55888.11222856722|
| Episode: 150 | Epsilon:  0.10 | Reward: -151.15725215810835 | Average Reward: -356.579 | Steps: 14384 | Total Reward: -56039.269480725314|
| Episode: 151 | Epsilon:  0.10 | Reward: -172.55448183903422 | Average Reward: -355.583 | Steps: 14458 | Total Reward: -56211.82396256432|
| Episode: 152 | Epsilon:  0.10 | Reward: -243.58684398298328 | Average Reward: -357.321 | Steps: 14571 | Total Reward: -56455.41080654727|
| Episode: 153 | Epsilon:  0.10 | Reward: -111.4887977400018 | Average Reward: -358.764 | Steps: 14717 | Total Reward: -56566.899604287246|
| Episode: 154 | Epsilon:  0.10 | Reward: -154.91881259922184 | Average Reward: -358.621 | Steps: 14857 | Total Reward: -56721.8184168865|
| Episode: 155 | Epsilon:  0.10 | Reward: -26.8116501534075 | Average Reward: -357.828 | Steps: 14980 | Total Reward: -56748.63006703987|
| Episode: 156 | Epsilon:  0.10 | Reward: -234.8528782707599 | Average Reward: -356.524 | Steps: 15091 | Total Reward: -56983.48294531062|
| Episode: 157 | Epsilon:  0.10 | Reward: -102.57047530512817 | Average Reward: -356.543 | Steps: 15202 | Total Reward: -57086.05342061577|
| Episode: 158 | Epsilon:  0.10 | Reward: -32.72260113445681 | Average Reward: -353.293 | Steps: 15335 | Total Reward: -57118.77602175021|
| Episode: 159 | Epsilon:  0.10 | Reward: -27.841010542682497 | Average Reward: -350.708 | Steps: 15487 | Total Reward: -57146.617032292874|
| Episode: 160 | Epsilon:  0.10 | Reward: -208.9671724868989 | Average Reward: -350.924 | Steps: 15615 | Total Reward: -57355.584204779785|
| Episode: 161 | Epsilon:  0.10 | Reward: -178.33483064568142 | Average Reward: -345.475 | Steps: 15727 | Total Reward: -57533.91903542547|
| Episode: 162 | Epsilon:  0.10 | Reward: -213.48525691468632 | Average Reward: -342.206 | Steps: 15825 | Total Reward: -57747.40429234014|
| Episode: 163 | Epsilon:  0.10 | Reward: -241.63822264572346 | Average Reward: -340.287 | Steps: 15941 | Total Reward: -57989.04251498588|
| Episode: 164 | Epsilon:  0.10 | Reward: -250.77937085464623 | Average Reward: -340.282 | Steps: 16045 | Total Reward: -58239.821885840545|
| Episode: 165 | Epsilon:  0.10 | Reward: -32.918949948190885 | Average Reward: -340.126 | Steps: 16176 | Total Reward: -58272.74083578872|
| Episode: 166 | Epsilon:  0.10 | Reward: -202.20298306585735 | Average Reward: -339.639 | Steps: 16288 | Total Reward: -58474.94381885456|
| Episode: 167 | Epsilon:  0.10 | Reward: -232.4374236240341 | Average Reward: -337.552 | Steps: 16411 | Total Reward: -58707.38124247858|
| Episode: 168 | Epsilon:  0.10 | Reward: -241.47464738216965 | Average Reward: -337.890 | Steps: 16524 | Total Reward: -58948.85588986075|
| Episode: 169 | Epsilon:  0.10 | Reward: -204.3493612660229 | Average Reward: -336.927 | Steps: 16639 | Total Reward: -59153.20525112683|
| Episode: 170 | Epsilon:  0.10 | Reward: -268.11858526149354 | Average Reward: -335.927 | Steps: 16783 | Total Reward: -59421.32383638833|
| Episode: 171 | Epsilon:  0.10 | Reward: -207.76890691048382 | Average Reward: -334.509 | Steps: 16907 | Total Reward: -59629.09274329881|
| Episode: 172 | Epsilon:  0.10 | Reward: -186.29355426230924 | Average Reward: -333.019 | Steps: 17011 | Total Reward: -59815.38629756108|
| Episode: 173 | Epsilon:  0.10 | Reward: -275.32593458976925 | Average Reward: -332.782 | Steps: 17161 | Total Reward: -60090.71223215085|
| Episode: 174 | Epsilon:  0.10 | Reward: -244.11497295635345 | Average Reward: -333.231 | Steps: 17300 | Total Reward: -60334.827205107176|
| Episode: 175 | Epsilon:  0.10 | Reward: -160.61856353751875 | Average Reward: -332.656 | Steps: 17476 | Total Reward: -60495.44576864469|
| Episode: 176 | Epsilon:  0.10 | Reward: -237.76628099563248 | Average Reward: -333.880 | Steps: 17644 | Total Reward: -60733.21204964035|
| Episode: 177 | Epsilon:  0.10 | Reward: -246.0645184033112 | Average Reward: -335.158 | Steps: 17785 | Total Reward: -60979.27656804368|
| Episode: 178 | Epsilon:  0.10 | Reward: -178.47049470477725 | Average Reward: -335.506 | Steps: 17910 | Total Reward: -61157.747062748436|
| Episode: 179 | Epsilon:  0.10 | Reward: -190.71974748066503 | Average Reward: -331.661 | Steps: 18025 | Total Reward: -61348.4668102291|
| Episode: 180 | Epsilon:  0.10 | Reward: -270.48696810511035 | Average Reward: -330.041 | Steps: 18184 | Total Reward: -61618.95377833421|
| Episode: 181 | Epsilon:  0.10 | Reward: -311.7064747839844 | Average Reward: -331.882 | Steps: 18350 | Total Reward: -61930.66025311816|
| Episode: 182 | Epsilon:  0.10 | Reward: -219.6218366319439 | Average Reward: -332.389 | Steps: 18468 | Total Reward: -62150.28208975008|
| Episode: 183 | Epsilon:  0.10 | Reward: -184.2299173095527 | Average Reward: -331.478 | Steps: 18663 | Total Reward: -62334.512007059646|
| Episode: 184 | Epsilon:  0.10 | Reward: -245.28770655980534 | Average Reward: -330.879 | Steps: 18823 | Total Reward: -62579.79971361945|
| Episode: 185 | Epsilon:  0.10 | Reward: -183.99380637433262 | Average Reward: -329.423 | Steps: 19041 | Total Reward: -62763.7935199938|
| Episode: 186 | Epsilon:  0.10 | Reward: -129.04458085218818 | Average Reward: -327.058 | Steps: 19216 | Total Reward: -62892.83810084598|
| Episode: 187 | Epsilon:  0.10 | Reward: -175.8848682479603 | Average Reward: -327.152 | Steps: 19389 | Total Reward: -63068.72296909397|
| Episode: 188 | Epsilon:  0.10 | Reward: -177.84894976225615 | Average Reward: -323.702 | Steps: 19683 | Total Reward: -63246.57191885633|
| Episode: 189 | Epsilon:  0.10 | Reward: -106.47850352217033 | Average Reward: -321.468 | Steps: 19764 | Total Reward: -63353.05042237851|
| Episode: 190 | Epsilon:  0.10 | Reward: -203.47745041965254 | Average Reward: -322.231 | Steps: 19852 | Total Reward: -63556.52787279816|
| Episode: 191 | Epsilon:  0.10 | Reward: -129.83965354893198 | Average Reward: -322.824 | Steps: 20079 | Total Reward: -63686.36752634703|
| Episode: 192 | Epsilon:  0.10 | Reward: -174.25396970485158 | Average Reward: -320.600 | Steps: 20279 | Total Reward: -63860.62149605191|
| Episode: 193 | Epsilon:  0.10 | Reward: -114.19017462410895 | Average Reward: -321.324 | Steps: 20444 | Total Reward: -63974.81167067595|
| Episode: 194 | Epsilon:  0.10 | Reward: -66.76097195375002 | Average Reward: -318.904 | Steps: 20628 | Total Reward: -64041.57264262967|
| Episode: 195 | Epsilon:  0.10 | Reward: -162.43677549123413 | Average Reward: -319.092 | Steps: 20838 | Total Reward: -64204.0094181209|
| Episode: 196 | Epsilon:  0.10 | Reward: -216.0183779497171 | Average Reward: -318.974 | Steps: 21051 | Total Reward: -64420.0277960706|
| Episode: 197 | Epsilon:  0.10 | Reward: -83.0836492503901 | Average Reward: -316.130 | Steps: 21253 | Total Reward: -64503.111445320996|
| Episode: 198 | Epsilon:  0.10 | Reward: -170.6019279827001 | Average Reward: -307.013 | Steps: 21461 | Total Reward: -64673.71337330374|
| Episode: 199 | Epsilon:  0.10 | Reward: -129.9387129012796 | Average Reward: -301.719 | Steps: 21736 | Total Reward: -64803.65208620501|
| Episode: 200 | Epsilon:  0.10 | Reward: -105.09684917999122 | Average Reward: -293.273 | Steps: 21914 | Total Reward: -64908.74893538502|
| Episode: 201 | Epsilon:  0.10 | Reward: -135.62531982779853 | Average Reward: -287.927 | Steps: 22117 | Total Reward: -65044.37425521281|
| Episode: 202 | Epsilon:  0.10 | Reward: -143.50427403106727 | Average Reward: -284.393 | Steps: 22372 | Total Reward: -65187.878529243855|
| Episode: 203 | Epsilon:  0.10 | Reward: -280.96193997071555 | Average Reward: -282.809 | Steps: 22519 | Total Reward: -65468.84046921458|
| Episode: 204 | Epsilon:  0.10 | Reward: -205.2228671854331 | Average Reward: -281.135 | Steps: 22778 | Total Reward: -65674.06333640004|
| Episode: 205 | Epsilon:  0.10 | Reward: -104.49102020732371 | Average Reward: -278.921 | Steps: 22923 | Total Reward: -65778.55435660739|
| Episode: 206 | Epsilon:  0.10 | Reward: -113.63558926997165 | Average Reward: -274.961 | Steps: 23052 | Total Reward: -65892.18994587734|
| Episode: 207 | Epsilon:  0.10 | Reward: -351.0643675941429 | Average Reward: -273.253 | Steps: 23414 | Total Reward: -66243.25431347144|
| Episode: 208 | Epsilon:  0.10 | Reward: -188.91856699829702 | Average Reward: -269.648 | Steps: 23588 | Total Reward: -66432.17288046963|
| Episode: 209 | Epsilon:  0.10 | Reward: -338.3891352335364 | Average Reward: -266.682 | Steps: 23766 | Total Reward: -66770.5620157031|
| Episode: 210 | Epsilon:  0.10 | Reward: -206.76753141474939 | Average Reward: -262.595 | Steps: 23875 | Total Reward: -66977.32954711776|
| Episode: 211 | Epsilon:  0.10 | Reward: -206.61369892539253 | Average Reward: -263.153 | Steps: 24155 | Total Reward: -67183.94324604308|
| Episode: 212 | Epsilon:  0.10 | Reward: -258.08014882969064 | Average Reward: -261.106 | Steps: 24297 | Total Reward: -67442.0233948728|
| Episode: 213 | Epsilon:  0.10 | Reward: -236.9693394874352 | Average Reward: -257.347 | Steps: 24557 | Total Reward: -67678.99273436016|
| Episode: 214 | Epsilon:  0.10 | Reward: -313.39711641677417 | Average Reward: -257.156 | Steps: 24752 | Total Reward: -67992.3898507768|
| Episode: 215 | Epsilon:  0.10 | Reward: -232.761109702408 | Average Reward: -254.770 | Steps: 24849 | Total Reward: -68225.15096047927|
| Episode: 216 | Epsilon:  0.10 | Reward: -200.13367247402022 | Average Reward: -251.659 | Steps: 24962 | Total Reward: -68425.28463295329|
| Episode: 217 | Epsilon:  0.10 | Reward: -234.45055492697531 | Average Reward: -250.766 | Steps: 25126 | Total Reward: -68659.73518788032|
| Episode: 218 | Epsilon:  0.10 | Reward: -161.53899108292484 | Average Reward: -250.603 | Steps: 25583 | Total Reward: -68821.27417896318|
| Episode: 219 | Epsilon:  0.10 | Reward: -142.42713974748102 | Average Reward: -249.040 | Steps: 25794 | Total Reward: -68963.70131871063|
| Episode: 220 | Epsilon:  0.10 | Reward: -264.89549058112345 | Average Reward: -247.817 | Steps: 26083 | Total Reward: -69228.5968092918|
| Episode: 221 | Epsilon:  0.10 | Reward: -288.34493531424596 | Average Reward: -247.489 | Steps: 26182 | Total Reward: -69516.94174460608|
| Episode: 222 | Epsilon:  0.10 | Reward: -231.61435897258627 | Average Reward: -244.942 | Steps: 26447 | Total Reward: -69748.55610357862|
| Episode: 223 | Epsilon:  0.10 | Reward: -248.22970386499372 | Average Reward: -242.937 | Steps: 26780 | Total Reward: -69996.78580744374|
| Episode: 224 | Epsilon:  0.10 | Reward: -307.3420696621366 | Average Reward: -241.092 | Steps: 27079 | Total Reward: -70304.12787710589|
| Episode: 225 | Epsilon:  0.10 | Reward: -232.54870293803071 | Average Reward: -240.377 | Steps: 27548 | Total Reward: -70536.67658004395|
| Episode: 226 | Epsilon:  0.10 | Reward: -205.71313363358934 | Average Reward: -237.299 | Steps: 27645 | Total Reward: -70742.3897136775|
| Episode: 227 | Epsilon:  0.10 | Reward: -241.15051862685942 | Average Reward: -234.933 | Steps: 28444 | Total Reward: -70983.54023230448|
| Episode: 228 | Epsilon:  0.10 | Reward: -532.6608362157157 | Average Reward: -235.482 | Steps: 28770 | Total Reward: -71516.20106852012|
| Episode: 229 | Epsilon:  0.10 | Reward: -253.5792479366848 | Average Reward: -235.154 | Steps: 29017 | Total Reward: -71769.7803164569|
| Episode: 230 | Epsilon:  0.10 | Reward: -142.22945790965628 | Average Reward: -230.995 | Steps: 29251 | Total Reward: -71912.00977436654|
| Episode: 231 | Epsilon:  0.10 | Reward: -271.01460022392627 | Average Reward: -228.099 | Steps: 29364 | Total Reward: -72183.02437459046|
| Episode: 232 | Epsilon:  0.10 | Reward: -205.34511686500255 | Average Reward: -225.992 | Steps: 29557 | Total Reward: -72388.3694914555|
| Episode: 233 | Epsilon:  0.10 | Reward: -253.75919770508355 | Average Reward: -225.618 | Steps: 29673 | Total Reward: -72642.12868916053|
| Episode: 234 | Epsilon:  0.10 | Reward: -247.99107145102505 | Average Reward: -222.517 | Steps: 29770 | Total Reward: -72890.11976061157|
| Episode: 235 | Epsilon:  0.10 | Reward: -203.06240955583831 | Average Reward: -219.699 | Steps: 29949 | Total Reward: -73093.1821701674|
| Episode: 236 | Epsilon:  0.10 | Reward: -100.554731483597 | Average Reward: -218.134 | Steps: 30140 | Total Reward: -73193.73690165095|
| Episode: 237 | Epsilon:  0.10 | Reward: -189.60213092699354 | Average Reward: -217.164 | Steps: 30324 | Total Reward: -73383.33903257789|
| Episode: 238 | Epsilon:  0.10 | Reward: -193.90187045635423 | Average Reward: -216.847 | Steps: 30547 | Total Reward: -73577.24090303434|
| Episode: 239 | Epsilon:  0.10 | Reward: -316.99612023247346 | Average Reward: -216.593 | Steps: 30799 | Total Reward: -73894.23702326688|
| Episode: 240 | Epsilon:  0.10 | Reward: -229.1813997870587 | Average Reward: -214.330 | Steps: 31032 | Total Reward: -74123.41842305392|
| Episode: 241 | Epsilon:  0.10 | Reward: -189.52575697550688 | Average Reward: -212.581 | Steps: 31262 | Total Reward: -74312.94418002939|
| Episode: 242 | Epsilon:  0.10 | Reward: -196.7347674021276 | Average Reward: -209.285 | Steps: 31641 | Total Reward: -74509.67894743162|
| Episode: 243 | Epsilon:  0.10 | Reward: -281.18687351840185 | Average Reward: -207.581 | Steps: 31873 | Total Reward: -74790.86582094997|
| Episode: 244 | Epsilon:  0.10 | Reward: -218.77914420111415 | Average Reward: -205.278 | Steps: 31977 | Total Reward: -75009.64496515109|
| Episode: 245 | Epsilon:  0.10 | Reward: -313.6373973858914 | Average Reward: -203.754 | Steps: 32166 | Total Reward: -75323.28236253707|
| Episode: 246 | Epsilon:  0.10 | Reward: -205.49055933167602 | Average Reward: -203.427 | Steps: 32342 | Total Reward: -75528.77292186877|
| Episode: 247 | Epsilon:  0.10 | Reward: -192.59424461280216 | Average Reward: -204.304 | Steps: 32461 | Total Reward: -75721.36716648156|
| Episode: 248 | Epsilon:  0.10 | Reward: -248.66096701812364 | Average Reward: -202.910 | Steps: 32647 | Total Reward: -75970.02813349974|
| Episode: 249 | Epsilon:  0.10 | Reward: -181.23054358829552 | Average Reward: -202.631 | Steps: 32901 | Total Reward: -76151.25867708815|
| Episode: 250 | Epsilon:  0.10 | Reward: -234.88661469134667 | Average Reward: -203.469 | Steps: 33095 | Total Reward: -76386.1452917795|
| Episode: 251 | Epsilon:  0.10 | Reward: -128.5584699981955 | Average Reward: -203.029 | Steps: 33208 | Total Reward: -76514.70376177771|
| Episode: 252 | Epsilon:  0.10 | Reward: -176.9878473662575 | Average Reward: -202.363 | Steps: 33314 | Total Reward: -76691.69160914388|
| Episode: 253 | Epsilon:  0.10 | Reward: -191.49962763146686 | Average Reward: -203.163 | Steps: 33424 | Total Reward: -76883.19123677538|
| Episode: 254 | Epsilon:  0.10 | Reward: -188.53548249941713 | Average Reward: -203.499 | Steps: 33652 | Total Reward: -77071.7267192748|
| Episode: 255 | Epsilon:  0.10 | Reward: -279.98845990357086 | Average Reward: -206.031 | Steps: 33817 | Total Reward: -77351.71517917835|
| Episode: 256 | Epsilon:  0.10 | Reward: -378.6896684470662 | Average Reward: -207.469 | Steps: 34228 | Total Reward: -77730.4048476254|
| Episode: 257 | Epsilon:  0.10 | Reward: -208.66360984957527 | Average Reward: -208.530 | Steps: 34366 | Total Reward: -77939.06845747503|
| Episode: 258 | Epsilon:  0.10 | Reward: -203.8678782754488 | Average Reward: -210.242 | Steps: 34532 | Total Reward: -78142.93633575048|
| Episode: 259 | Epsilon:  0.10 | Reward: -154.24983175252484 | Average Reward: -211.506 | Steps: 34671 | Total Reward: -78297.18616750289|
| Episode: 260 | Epsilon:  0.10 | Reward: -312.23086189579624 | Average Reward: -212.538 | Steps: 34806 | Total Reward: -78609.41702939868|
| Episode: 261 | Epsilon:  0.10 | Reward: -201.10296812846195 | Average Reward: -212.766 | Steps: 34956 | Total Reward: -78810.51999752717|
| Episode: 262 | Epsilon:  0.10 | Reward: -257.1045560693837 | Average Reward: -213.202 | Steps: 35089 | Total Reward: -79067.62455359662|
| Episode: 263 | Epsilon:  0.10 | Reward: -221.36043714792766 | Average Reward: -212.999 | Steps: 35300 | Total Reward: -79288.98499074453|
| Episode: 264 | Epsilon:  0.10 | Reward: -328.7947909070413 | Average Reward: -213.780 | Steps: 35737 | Total Reward: -79617.77978165152|
| Episode: 265 | Epsilon:  0.10 | Reward: -230.0198362555743 | Average Reward: -215.751 | Steps: 35892 | Total Reward: -79847.79961790706|
| Episode: 266 | Epsilon:  0.10 | Reward: -249.583839411742 | Average Reward: -216.224 | Steps: 36108 | Total Reward: -80097.38345731876|
| Episode: 267 | Epsilon:  0.10 | Reward: -282.2923648608175 | Average Reward: -216.723 | Steps: 36257 | Total Reward: -80379.6758221796|
| Episode: 268 | Epsilon:  0.10 | Reward: -144.42487705867654 | Average Reward: -215.752 | Steps: 36430 | Total Reward: -80524.10069923816|
| Episode: 269 | Epsilon:  0.10 | Reward: -302.40332759681223 | Average Reward: -216.733 | Steps: 36663 | Total Reward: -80826.50402683494|
| Episode: 270 | Epsilon:  0.10 | Reward: -197.19917641075614 | Average Reward: -216.024 | Steps: 36894 | Total Reward: -81023.70320324572|
| Episode: 271 | Epsilon:  0.10 | Reward: -268.2427457014239 | Average Reward: -216.629 | Steps: 36992 | Total Reward: -81291.94594894719|
| Episode: 272 | Epsilon:  0.10 | Reward: -88.62851898809328 | Average Reward: -215.652 | Steps: 37198 | Total Reward: -81380.57446793534|
| Episode: 273 | Epsilon:  0.10 | Reward: -128.96137938698303 | Average Reward: -214.188 | Steps: 37340 | Total Reward: -81509.5358473223|
| Episode: 274 | Epsilon:  0.10 | Reward: -76.04706210596399 | Average Reward: -212.508 | Steps: 37523 | Total Reward: -81585.58290942821|
| Episode: 275 | Epsilon:  0.10 | Reward: 4.267932449504627 | Average Reward: -210.859 | Steps: 37743 | Total Reward: -81581.3149769787|
| Episode: 276 | Epsilon:  0.10 | Reward: -175.48365477897684 | Average Reward: -210.236 | Steps: 37940 | Total Reward: -81756.79863175772|
| Episode: 277 | Epsilon:  0.10 | Reward: -111.24435080012677 | Average Reward: -208.888 | Steps: 38178 | Total Reward: -81868.04298255783|
| Episode: 278 | Epsilon:  0.10 | Reward: -102.80841018576002 | Average Reward: -208.131 | Steps: 38315 | Total Reward: -81970.8513927436|
| Episode: 279 | Epsilon:  0.10 | Reward: -113.05957228550739 | Average Reward: -207.354 | Steps: 38440 | Total Reward: -82083.9109650291|
| Episode: 280 | Epsilon:  0.10 | Reward: -280.6404071147543 | Average Reward: -207.456 | Steps: 38630 | Total Reward: -82364.55137214389|
| Episode: 281 | Epsilon:  0.10 | Reward: -297.4674686558602 | Average Reward: -207.314 | Steps: 38857 | Total Reward: -82662.01884079973|
| Episode: 282 | Epsilon:  0.10 | Reward: -248.3033828409728 | Average Reward: -207.600 | Steps: 39196 | Total Reward: -82910.32222364063|
| Episode: 283 | Epsilon:  0.10 | Reward: -205.94449453775422 | Average Reward: -207.818 | Steps: 39394 | Total Reward: -83116.26671817842|
| Episode: 284 | Epsilon:  0.10 | Reward: -233.50815111832893 | Average Reward: -207.700 | Steps: 39665 | Total Reward: -83349.77486929671|
| Episode: 285 | Epsilon:  0.10 | Reward: -319.543090937482 | Average Reward: -209.055 | Steps: 39833 | Total Reward: -83669.31796023418|
| Episode: 286 | Epsilon:  0.10 | Reward: -205.94368208540283 | Average Reward: -209.824 | Steps: 39994 | Total Reward: -83875.2616423196|
| Episode: 287 | Epsilon:  0.10 | Reward: -190.07619421519314 | Average Reward: -209.966 | Steps: 40139 | Total Reward: -84065.3378365348|
| Episode: 288 | Epsilon:  0.10 | Reward: -16.641089423561837 | Average Reward: -208.354 | Steps: 40439 | Total Reward: -84081.97892595833|
| Episode: 289 | Epsilon:  0.10 | Reward: -127.25545865253423 | Average Reward: -208.562 | Steps: 40559 | Total Reward: -84209.23438461083|
| Episode: 290 | Epsilon:  0.10 | Reward: -168.88462458351745 | Average Reward: -208.216 | Steps: 40726 | Total Reward: -84378.11900919434|
| Episode: 291 | Epsilon:  0.10 | Reward: -290.41662214057885 | Average Reward: -209.822 | Steps: 40883 | Total Reward: -84668.53563133483|
| Episode: 292 | Epsilon:  0.10 | Reward: -151.6067574925253 | Average Reward: -209.595 | Steps: 41033 | Total Reward: -84820.14238882733|
| Episode: 293 | Epsilon:  0.10 | Reward: -212.62973111036706 | Average Reward: -210.580 | Steps: 41347 | Total Reward: -85032.77211993757|
| Episode: 294 | Epsilon:  0.10 | Reward: -225.65238707287259 | Average Reward: -212.169 | Steps: 41519 | Total Reward: -85258.42450701041|
| Episode: 295 | Epsilon:  0.10 | Reward: -216.29256909501197 | Average Reward: -212.707 | Steps: 41757 | Total Reward: -85474.71707610543|
| Episode: 296 | Epsilon:  0.10 | Reward: -64.2401248813003 | Average Reward: -211.189 | Steps: 41904 | Total Reward: -85538.95720098678|
| Episode: 297 | Epsilon:  0.10 | Reward: -177.96985791077745 | Average Reward: -212.138 | Steps: 42055 | Total Reward: -85716.92705889762|
| Episode: 298 | Epsilon:  0.10 | Reward: -130.04132254283462 | Average Reward: -211.733 | Steps: 42247 | Total Reward: -85846.96838144041|
| Episode: 299 | Epsilon:  0.10 | Reward: -287.4415085587856 | Average Reward: -213.308 | Steps: 42400 | Total Reward: -86134.40988999922|
| Episode: 300 | Epsilon:  0.10 | Reward: -140.97026748394646 | Average Reward: -213.666 | Steps: 42571 | Total Reward: -86275.38015748317|
| Episode: 301 | Epsilon:  0.10 | Reward: -306.29218404724645 | Average Reward: -215.373 | Steps: 42746 | Total Reward: -86581.67234153043|
| Episode: 302 | Epsilon:  0.10 | Reward: -156.56130408622408 | Average Reward: -215.504 | Steps: 42875 | Total Reward: -86738.23364561667|
| Episode: 303 | Epsilon:  0.10 | Reward: -171.7906796463156 | Average Reward: -214.412 | Steps: 43103 | Total Reward: -86910.02432526297|
| Episode: 304 | Epsilon:  0.10 | Reward: -111.52286867329478 | Average Reward: -213.475 | Steps: 43442 | Total Reward: -87021.5471939363|
| Episode: 305 | Epsilon:  0.10 | Reward: 28.408649249986183 | Average Reward: -212.146 | Steps: 43641 | Total Reward: -86993.13854468627|
| Episode: 306 | Epsilon:  0.10 | Reward: -263.33534543478874 | Average Reward: -213.643 | Steps: 43860 | Total Reward: -87256.47389012104|
| Episode: 307 | Epsilon:  0.10 | Reward: -94.83507601260061 | Average Reward: -211.081 | Steps: 44033 | Total Reward: -87351.30896613364|
| Episode: 308 | Epsilon:  0.10 | Reward: -173.67953779831612 | Average Reward: -210.928 | Steps: 44222 | Total Reward: -87524.98850393196|
| Episode: 309 | Epsilon:  0.10 | Reward: -185.4572907234541 | Average Reward: -209.399 | Steps: 44364 | Total Reward: -87710.44579465543|
| Episode: 310 | Epsilon:  0.10 | Reward: -263.5745691122204 | Average Reward: -209.967 | Steps: 44489 | Total Reward: -87974.02036376769|
| Episode: 311 | Epsilon:  0.10 | Reward: -166.4230233054683 | Average Reward: -209.565 | Steps: 44581 | Total Reward: -88140.44338707314|
| Episode: 312 | Epsilon:  0.10 | Reward: -74.84370958969322 | Average Reward: -207.733 | Steps: 44831 | Total Reward: -88215.28709666281|
| Episode: 313 | Epsilon:  0.10 | Reward: -194.5967748290539 | Average Reward: -207.309 | Steps: 45115 | Total Reward: -88409.88387149185|
| Episode: 314 | Epsilon:  0.10 | Reward: -47.232560611328886 | Average Reward: -204.647 | Steps: 45327 | Total Reward: -88457.11643210324|
| Episode: 315 | Epsilon:  0.10 | Reward: -316.9653274318879 | Average Reward: -205.489 | Steps: 45518 | Total Reward: -88774.0817595351|
| Episode: 316 | Epsilon:  0.10 | Reward: -232.62353671175285 | Average Reward: -205.814 | Steps: 45729 | Total Reward: -89006.70529624682|
| Episode: 317 | Epsilon:  0.10 | Reward: -173.8178033452291 | Average Reward: -205.208 | Steps: 46016 | Total Reward: -89180.52309959194|
| Episode: 318 | Epsilon:  0.10 | Reward: -335.723747292812 | Average Reward: -206.950 | Steps: 46204 | Total Reward: -89516.24684688474|
| Episode: 319 | Epsilon:  0.10 | Reward: -178.04426533107582 | Average Reward: -207.306 | Steps: 46359 | Total Reward: -89694.29111221588|
| Episode: 320 | Epsilon:  0.10 | Reward: -141.8764810259894 | Average Reward: -206.076 | Steps: 46537 | Total Reward: -89836.16759324192|
| Episode: 321 | Epsilon:  0.10 | Reward: -150.6637644332841 | Average Reward: -204.699 | Steps: 46674 | Total Reward: -89986.83135767518|
| Episode: 322 | Epsilon:  0.10 | Reward: -179.03580063767382 | Average Reward: -204.173 | Steps: 46786 | Total Reward: -90165.86715831287|
| Episode: 323 | Epsilon:  0.10 | Reward: -253.3384102263116 | Average Reward: -204.224 | Steps: 46939 | Total Reward: -90419.20556853908|
| Episode: 324 | Epsilon:  0.10 | Reward: -87.7113669367188 | Average Reward: -202.028 | Steps: 47071 | Total Reward: -90506.91693547582|
| Episode: 325 | Epsilon:  0.10 | Reward: -359.79813409034466 | Average Reward: -203.300 | Steps: 47385 | Total Reward: -90866.71506956629|
| Episode: 326 | Epsilon:  0.10 | Reward: -218.97046243262062 | Average Reward: -203.433 | Steps: 47562 | Total Reward: -91085.68553199894|
| Episode: 327 | Epsilon:  0.10 | Reward: -273.39498346411347 | Average Reward: -203.755 | Steps: 47717 | Total Reward: -91359.08051546298|
| Episode: 328 | Epsilon:  0.10 | Reward: -276.7087163674376 | Average Reward: -201.196 | Steps: 47877 | Total Reward: -91635.7892318304|
| Episode: 329 | Epsilon:  0.10 | Reward: -235.91074379974611 | Average Reward: -201.019 | Steps: 48060 | Total Reward: -91871.69997563011|
| Episode: 330 | Epsilon:  0.10 | Reward: -289.8686505873419 | Average Reward: -202.496 | Steps: 48194 | Total Reward: -92161.56862621746|
| Episode: 331 | Epsilon:  0.10 | Reward: -78.36353040746806 | Average Reward: -200.569 | Steps: 48355 | Total Reward: -92239.93215662485|
| Episode: 332 | Epsilon:  0.10 | Reward: -214.92837661951683 | Average Reward: -200.665 | Steps: 48505 | Total Reward: -92454.86053324437|
| Episode: 333 | Epsilon:  0.10 | Reward: -121.8837618534765 | Average Reward: -199.346 | Steps: 48636 | Total Reward: -92576.74429509787|
| Episode: 334 | Epsilon:  0.10 | Reward: -395.4046851144468 | Average Reward: -200.820 | Steps: 48786 | Total Reward: -92972.14898021243|
| Episode: 335 | Epsilon:  0.10 | Reward: -199.70958966127432 | Average Reward: -200.787 | Steps: 48941 | Total Reward: -93171.8585698736|
| Episode: 336 | Epsilon:  0.10 | Reward: -152.71258024134403 | Average Reward: -201.308 | Steps: 49076 | Total Reward: -93324.57115011493|
| Episode: 337 | Epsilon:  0.10 | Reward: -237.45710572327798 | Average Reward: -201.787 | Steps: 49278 | Total Reward: -93562.02825583826|
| Episode: 338 | Epsilon:  0.10 | Reward: -214.66364608871095 | Average Reward: -201.995 | Steps: 49657 | Total Reward: -93776.69190192688|
| Episode: 339 | Epsilon:  0.10 | Reward: -215.10425236358816 | Average Reward: -200.976 | Steps: 49907 | Total Reward: -93991.7961542905|
| Episode: 340 | Epsilon:  0.10 | Reward: -302.17508334859383 | Average Reward: -201.706 | Steps: 50200 | Total Reward: -94293.97123763908|
| Episode: 341 | Epsilon:  0.10 | Reward: -106.2947409929938 | Average Reward: -200.873 | Steps: 50485 | Total Reward: -94400.26597863201|
| Episode: 342 | Epsilon:  0.10 | Reward: -225.9953902074335 | Average Reward: -201.166 | Steps: 50682 | Total Reward: -94626.2613688395|
| Episode: 343 | Epsilon:  0.10 | Reward: -424.2571625743741 | Average Reward: -202.597 | Steps: 50964 | Total Reward: -95050.51853141395|
| Episode: 344 | Epsilon:  0.10 | Reward: -162.6898402573111 | Average Reward: -202.036 | Steps: 51201 | Total Reward: -95213.20837167127|
| Episode: 345 | Epsilon:  0.10 | Reward: -44.17432569932147 | Average Reward: -199.341 | Steps: 51416 | Total Reward: -95257.38269737065|
| Episode: 346 | Epsilon:  0.10 | Reward: -163.3859750665471 | Average Reward: -198.920 | Steps: 51625 | Total Reward: -95420.76867243713|
| Episode: 347 | Epsilon:  0.10 | Reward: -156.34806240144422 | Average Reward: -198.557 | Steps: 51860 | Total Reward: -95577.11673483864|
| Episode: 348 | Epsilon:  0.10 | Reward: -261.5138068536253 | Average Reward: -198.686 | Steps: 52171 | Total Reward: -95838.63054169226|
| Episode: 349 | Epsilon:  0.10 | Reward: -197.42825182566213 | Average Reward: -198.848 | Steps: 52320 | Total Reward: -96036.05879351789|
| Episode: 350 | Epsilon:  0.10 | Reward: -295.17105379403995 | Average Reward: -199.451 | Steps: 52680 | Total Reward: -96331.2298473119|
| Episode: 351 | Epsilon:  0.10 | Reward: -358.7579353936029 | Average Reward: -201.753 | Steps: 52861 | Total Reward: -96689.98778270559|
| Episode: 352 | Epsilon:  0.10 | Reward: -230.7063942594194 | Average Reward: -202.290 | Steps: 53161 | Total Reward: -96920.69417696494|
| Episode: 353 | Epsilon:  0.10 | Reward: -81.14725111543274 | Average Reward: -201.187 | Steps: 53304 | Total Reward: -97001.84142808043|
| Episode: 354 | Epsilon:  0.10 | Reward: -259.2237505568678 | Average Reward: -201.893 | Steps: 53486 | Total Reward: -97261.0651786373|
| Episode: 355 | Epsilon:  0.10 | Reward: -241.86689185293363 | Average Reward: -201.512 | Steps: 53686 | Total Reward: -97502.93207049028|
| Episode: 356 | Epsilon:  0.10 | Reward: -324.29016907126663 | Average Reward: -200.968 | Steps: 53879 | Total Reward: -97827.22223956158|
| Episode: 357 | Epsilon:  0.10 | Reward: -73.55116279562377 | Average Reward: -199.617 | Steps: 54075 | Total Reward: -97900.77340235724|
| Episode: 358 | Epsilon:  0.10 | Reward: -288.3992766784387 | Average Reward: -200.462 | Steps: 54244 | Total Reward: -98189.17267903572|
| Episode: 359 | Epsilon:  0.10 | Reward: -327.8004943382773 | Average Reward: -202.198 | Steps: 54510 | Total Reward: -98516.97317337389|
| Episode: 360 | Epsilon:  0.10 | Reward: -163.4128628549817 | Average Reward: -200.710 | Steps: 54731 | Total Reward: -98680.38603622888|
| Episode: 361 | Epsilon:  0.10 | Reward: -200.6313531405936 | Average Reward: -200.705 | Steps: 55034 | Total Reward: -98881.01738936936|
| Episode: 362 | Epsilon:  0.10 | Reward: -168.22316268451704 | Average Reward: -199.816 | Steps: 55140 | Total Reward: -99049.24055205389|
| Episode: 363 | Epsilon:  0.10 | Reward: -306.5562783475526 | Average Reward: -200.668 | Steps: 55274 | Total Reward: -99355.79683040146|
| Episode: 364 | Epsilon:  0.10 | Reward: -410.952114891676 | Average Reward: -201.490 | Steps: 55689 | Total Reward: -99766.74894529289|
| Episode: 365 | Epsilon:  0.10 | Reward: -157.87347744992286 | Average Reward: -200.768 | Steps: 55899 | Total Reward: -99924.62242274286|
| Episode: 366 | Epsilon:  0.10 | Reward: -264.90636424163074 | Average Reward: -200.921 | Steps: 56088 | Total Reward: -100189.52878698452|
| Episode: 367 | Epsilon:  0.10 | Reward: -49.986538512993334 | Average Reward: -198.598 | Steps: 56227 | Total Reward: -100239.51532549752|
| Episode: 368 | Epsilon:  0.10 | Reward: -265.95753532716526 | Average Reward: -199.814 | Steps: 56644 | Total Reward: -100505.47286082462|
| Episode: 369 | Epsilon:  0.10 | Reward: -212.41537027695327 | Average Reward: -198.914 | Steps: 56938 | Total Reward: -100717.8882311015|
| Episode: 370 | Epsilon:  0.10 | Reward: -239.30207280673068 | Average Reward: -199.335 | Steps: 57129 | Total Reward: -100957.19030390822|
| Episode: 371 | Epsilon:  0.10 | Reward: -35.34437844421994 | Average Reward: -197.006 | Steps: 57286 | Total Reward: -100992.53468235237|
| Episode: 372 | Epsilon:  0.10 | Reward: -197.77994915737096 | Average Reward: -198.097 | Steps: 57596 | Total Reward: -101190.31463150971|
| Episode: 373 | Epsilon:  0.10 | Reward: -121.97378778075523 | Average Reward: -198.028 | Steps: 57708 | Total Reward: -101312.28841929046|
| Episode: 374 | Epsilon:  0.10 | Reward: -246.3279543432828 | Average Reward: -199.730 | Steps: 57863 | Total Reward: -101558.61637363382|
| Episode: 375 | Epsilon:  0.10 | Reward: -273.9716463462855 | Average Reward: -202.513 | Steps: 58084 | Total Reward: -101832.58801998016|
| Episode: 376 | Epsilon:  0.10 | Reward: -268.9140006036273 | Average Reward: -203.447 | Steps: 58330 | Total Reward: -102101.50202058381|
| Episode: 377 | Epsilon:  0.10 | Reward: -164.31416839111102 | Average Reward: -203.978 | Steps: 58470 | Total Reward: -102265.81618897492|
| Episode: 378 | Epsilon:  0.10 | Reward: -78.79210103681294 | Average Reward: -203.738 | Steps: 58595 | Total Reward: -102344.60829001176|
| Episode: 379 | Epsilon:  0.10 | Reward: -277.18071087940643 | Average Reward: -205.379 | Steps: 58764 | Total Reward: -102621.78900089116|
| Episode: 380 | Epsilon:  0.10 | Reward: -120.62203948224493 | Average Reward: -203.779 | Steps: 58949 | Total Reward: -102742.41104037348|
| Episode: 381 | Epsilon:  0.10 | Reward: -248.60349192779032 | Average Reward: -203.290 | Steps: 59144 | Total Reward: -102991.01453230146|
| Episode: 382 | Epsilon:  0.10 | Reward: -68.76024822437927 | Average Reward: -201.495 | Steps: 59414 | Total Reward: -103059.77478052593|
| Episode: 383 | Epsilon:  0.10 | Reward: -22.106940536376214 | Average Reward: -199.656 | Steps: 59556 | Total Reward: -103081.88172106235|
| Episode: 384 | Epsilon:  0.10 | Reward: -105.2601605055282 | Average Reward: -198.374 | Steps: 59672 | Total Reward: -103187.14188156786|
| Episode: 385 | Epsilon:  0.10 | Reward: -137.3892235530074 | Average Reward: -196.552 | Steps: 59897 | Total Reward: -103324.53110512084|
| Episode: 386 | Epsilon:  0.10 | Reward: -106.81030054993215 | Average Reward: -195.561 | Steps: 60091 | Total Reward: -103431.34140567078|
| Episode: 387 | Epsilon:  0.10 | Reward: -326.2885427077447 | Average Reward: -196.923 | Steps: 60274 | Total Reward: -103757.62994837847|
| Episode: 388 | Epsilon:  0.10 | Reward: -198.61019306613656 | Average Reward: -198.743 | Steps: 60498 | Total Reward: -103956.24014144455|
| Episode: 389 | Epsilon:  0.10 | Reward: -189.65781414620454 | Average Reward: -199.367 | Steps: 60697 | Total Reward: -104145.89795559074|
| Episode: 390 | Epsilon:  0.10 | Reward: -271.09478987368664 | Average Reward: -200.389 | Steps: 60874 | Total Reward: -104416.9927454644|
| Episode: 391 | Epsilon:  0.10 | Reward: -118.44021876262572 | Average Reward: -198.669 | Steps: 61141 | Total Reward: -104535.43296422707|
| Episode: 392 | Epsilon:  0.10 | Reward: -263.76759517934545 | Average Reward: -199.791 | Steps: 61342 | Total Reward: -104799.20055940641|
| Episode: 393 | Epsilon:  0.10 | Reward: -39.51481619407936 | Average Reward: -198.059 | Steps: 61590 | Total Reward: -104838.71537560046|
| Episode: 394 | Epsilon:  0.10 | Reward: 51.10927583886718 | Average Reward: -195.292 | Steps: 61800 | Total Reward: -104787.60609976159|
| Episode: 395 | Epsilon:  0.10 | Reward: -450.83140255978935 | Average Reward: -197.637 | Steps: 61981 | Total Reward: -105238.4375023214|
| Episode: 396 | Epsilon:  0.10 | Reward: -99.50422460102095 | Average Reward: -197.990 | Steps: 62166 | Total Reward: -105337.94172692239|
| Episode: 397 | Epsilon:  0.10 | Reward: -98.53392098798984 | Average Reward: -197.195 | Steps: 62266 | Total Reward: -105436.47564791032|
| Episode: 398 | Epsilon:  0.10 | Reward: -265.9864477467178 | Average Reward: -198.555 | Steps: 62437 | Total Reward: -105702.46209565699|
| Episode: 399 | Epsilon:  0.10 | Reward: -57.882621943175224 | Average Reward: -196.259 | Steps: 62724 | Total Reward: -105760.34471760009|
| Episode: 400 | Epsilon:  0.10 | Reward: -79.2088139397378 | Average Reward: -195.642 | Steps: 62879 | Total Reward: -105839.5535315398|
| Episode: 401 | Epsilon:  0.10 | Reward: -330.4284207580409 | Average Reward: -195.883 | Steps: 63232 | Total Reward: -106169.98195229773|
| Episode: 402 | Epsilon:  0.10 | Reward: -359.2022531945918 | Average Reward: -197.910 | Steps: 63578 | Total Reward: -106529.18420549232|
| Episode: 403 | Epsilon:  0.10 | Reward: -158.35185642956318 | Average Reward: -197.775 | Steps: 63807 | Total Reward: -106687.53606192178|
| Episode: 404 | Epsilon:  0.10 | Reward: -151.27921574957278 | Average Reward: -198.173 | Steps: 64048 | Total Reward: -106838.81527767131|
| Episode: 405 | Epsilon:  0.10 | Reward: -252.85380536503615 | Average Reward: -200.985 | Steps: 64246 | Total Reward: -107091.66908303628|
| Episode: 406 | Epsilon:  0.10 | Reward: -219.52638583198137 | Average Reward: -200.547 | Steps: 64563 | Total Reward: -107311.19546886827|
| Episode: 407 | Epsilon:  0.10 | Reward: -141.39280080493296 | Average Reward: -201.013 | Steps: 64826 | Total Reward: -107452.5882696733|
| Episode: 408 | Epsilon:  0.10 | Reward: -39.64283478039161 | Average Reward: -199.672 | Steps: 65074 | Total Reward: -107492.23110445362|
| Episode: 409 | Epsilon:  0.10 | Reward: -124.33354915518237 | Average Reward: -199.061 | Steps: 65280 | Total Reward: -107616.56465360872|
| Episode: 410 | Epsilon:  0.10 | Reward: -80.23390606498387 | Average Reward: -197.228 | Steps: 65468 | Total Reward: -107696.79855967376|
| Episode: 411 | Epsilon:  0.10 | Reward: -324.72187304043416 | Average Reward: -198.811 | Steps: 65714 | Total Reward: -108021.52043271424|
| Episode: 412 | Epsilon:  0.10 | Reward: -247.27736859655442 | Average Reward: -200.535 | Steps: 65864 | Total Reward: -108268.79780131081|
| Episode: 413 | Epsilon:  0.10 | Reward: -214.5006362375629 | Average Reward: -200.734 | Steps: 66218 | Total Reward: -108483.29843754848|
| Episode: 414 | Epsilon:  0.10 | Reward: -285.024946911201 | Average Reward: -203.112 | Steps: 66342 | Total Reward: -108768.32338445967|
| Episode: 415 | Epsilon:  0.10 | Reward: -238.8451707575846 | Average Reward: -202.331 | Steps: 66591 | Total Reward: -109007.16855521721|
| Episode: 416 | Epsilon:  0.10 | Reward: -205.93573543140508 | Average Reward: -202.064 | Steps: 66776 | Total Reward: -109213.10429064876|
| Episode: 417 | Epsilon:  0.10 | Reward: -267.72869933567074 | Average Reward: -203.003 | Steps: 67020 | Total Reward: -109480.83298998442|
| Episode: 418 | Epsilon:  0.10 | Reward: -276.85739167231077 | Average Reward: -202.414 | Steps: 67201 | Total Reward: -109757.69038165676|
| Episode: 419 | Epsilon:  0.10 | Reward: -127.76525513584406 | Average Reward: -201.912 | Steps: 67442 | Total Reward: -109885.45563679254|
| Episode: 420 | Epsilon:  0.10 | Reward: -129.14858661348617 | Average Reward: -201.784 | Steps: 67590 | Total Reward: -110014.60422340604|
| Episode: 421 | Epsilon:  0.10 | Reward: -63.78537742631833 | Average Reward: -200.916 | Steps: 68010 | Total Reward: -110078.38960083226|
| Episode: 422 | Epsilon:  0.10 | Reward: -125.94139974880622 | Average Reward: -200.385 | Steps: 68197 | Total Reward: -110204.33100058102|
| Episode: 423 | Epsilon:  0.10 | Reward: -251.49679648971227 | Average Reward: -200.366 | Steps: 68375 | Total Reward: -110455.8277970708|
| Episode: 424 | Epsilon:  0.10 | Reward: -98.75778057445562 | Average Reward: -200.477 | Steps: 68640 | Total Reward: -110554.58557764537|
| Episode: 425 | Epsilon:  0.10 | Reward: -375.9017568385641 | Average Reward: -200.638 | Steps: 68898 | Total Reward: -110930.48733448402|
| Episode: 426 | Epsilon:  0.10 | Reward: -181.91136962085614 | Average Reward: -200.267 | Steps: 69151 | Total Reward: -111112.39870410482|
| Episode: 427 | Epsilon:  0.10 | Reward: -165.27926409074763 | Average Reward: -199.186 | Steps: 69622 | Total Reward: -111277.6779681955|
| Episode: 428 | Epsilon:  0.10 | Reward: -163.536489813235 | Average Reward: -198.054 | Steps: 69780 | Total Reward: -111441.2144580087|
| Episode: 429 | Epsilon:  0.10 | Reward: -179.49700939499007 | Average Reward: -197.490 | Steps: 69952 | Total Reward: -111620.71146740363|
| Episode: 430 | Epsilon:  0.10 | Reward: -4.284056048114309 | Average Reward: -194.634 | Steps: 70104 | Total Reward: -111624.9955234517|
| Episode: 431 | Epsilon:  0.10 | Reward: -240.65598991246466 | Average Reward: -196.257 | Steps: 70501 | Total Reward: -111865.6515133643|
| Episode: 432 | Epsilon:  0.10 | Reward: -318.7569848294147 | Average Reward: -197.295 | Steps: 70652 | Total Reward: -112184.40849819369|
| Episode: 433 | Epsilon:  0.10 | Reward: -87.99221879110864 | Average Reward: -196.957 | Steps: 70863 | Total Reward: -112272.40071698473|
| Episode: 434 | Epsilon:  0.10 | Reward: -216.32428971650913 | Average Reward: -195.166 | Steps: 71185 | Total Reward: -112488.72500670134|
| Episode: 435 | Epsilon:  0.10 | Reward: -195.32455668652855 | Average Reward: -195.122 | Steps: 71454 | Total Reward: -112684.04956338796|
| Episode: 436 | Epsilon:  0.10 | Reward: -328.5211322186686 | Average Reward: -196.880 | Steps: 71692 | Total Reward: -113012.57069560664|
| Episode: 437 | Epsilon:  0.10 | Reward: -151.40664262769252 | Average Reward: -196.019 | Steps: 71893 | Total Reward: -113163.97733823437|
| Episode: 438 | Epsilon:  0.10 | Reward: -235.82659293899928 | Average Reward: -196.231 | Steps: 72196 | Total Reward: -113399.80393117321|
| Episode: 439 | Epsilon:  0.10 | Reward: -335.2227438162403 | Average Reward: -197.432 | Steps: 72504 | Total Reward: -113735.02667498944|
| Episode: 440 | Epsilon:  0.10 | Reward: -267.14530521425246 | Average Reward: -197.082 | Steps: 72670 | Total Reward: -114002.17198020374|
| Episode: 441 | Epsilon:  0.10 | Reward: -51.10643656979079 | Average Reward: -196.530 | Steps: 72863 | Total Reward: -114053.27841677357|
| Episode: 442 | Epsilon:  0.10 | Reward: -143.11005147909935 | Average Reward: -195.701 | Steps: 73210 | Total Reward: -114196.3884682528|
| Episode: 443 | Epsilon:  0.10 | Reward: -284.6134022538955 | Average Reward: -194.305 | Steps: 73598 | Total Reward: -114481.00187050668|
| Episode: 444 | Epsilon:  0.10 | Reward: -233.3272350321287 | Average Reward: -195.011 | Steps: 73781 | Total Reward: -114714.32910553883|
| Episode: 445 | Epsilon:  0.10 | Reward: -223.34216997108948 | Average Reward: -196.803 | Steps: 73983 | Total Reward: -114937.6712755098|
| Episode: 446 | Epsilon:  0.10 | Reward: -157.05850989760458 | Average Reward: -196.740 | Steps: 74213 | Total Reward: -115094.72978540752|
| Episode: 447 | Epsilon:  0.10 | Reward: -108.29098835047117 | Average Reward: -196.259 | Steps: 74606 | Total Reward: -115203.02077375806|
| Episode: 448 | Epsilon:  0.10 | Reward: -113.20031256610402 | Average Reward: -194.776 | Steps: 74745 | Total Reward: -115316.22108632412|
| Episode: 449 | Epsilon:  0.10 | Reward: -442.452973262524 | Average Reward: -197.226 | Steps: 75068 | Total Reward: -115758.67405958667|
| Episode: 450 | Epsilon:  0.10 | Reward: -160.2072219999058 | Average Reward: -195.877 | Steps: 75326 | Total Reward: -115918.88128158654|
| Episode: 451 | Epsilon:  0.10 | Reward: -186.19519937730394 | Average Reward: -194.151 | Steps: 75497 | Total Reward: -116105.0764809638|
| Episode: 452 | Epsilon:  0.10 | Reward: -141.1773075602972 | Average Reward: -193.256 | Steps: 75864 | Total Reward: -116246.25378852403|
| Episode: 453 | Epsilon:  0.10 | Reward: -117.46510489400386 | Average Reward: -193.619 | Steps: 76258 | Total Reward: -116363.71889341812|
| Episode: 454 | Epsilon:  0.10 | Reward: 181.57327912635643 | Average Reward: -189.211 | Steps: 76655 | Total Reward: -116182.14561429161|
| Episode: 455 | Epsilon:  0.10 | Reward: -91.90122972123277 | Average Reward: -187.711 | Steps: 76838 | Total Reward: -116274.04684401282|
| Episode: 456 | Epsilon:  0.10 | Reward: -208.87698842973725 | Average Reward: -186.557 | Steps: 77031 | Total Reward: -116482.92383244258|
| Episode: 457 | Epsilon:  0.10 | Reward: -42.649597262175746 | Average Reward: -186.248 | Steps: 77284 | Total Reward: -116525.57342970472|
| Episode: 458 | Epsilon:  0.10 | Reward: -360.2762814524776 | Average Reward: -186.967 | Steps: 77634 | Total Reward: -116885.84971115724|
| Episode: 459 | Epsilon:  0.10 | Reward: -347.6049205750762 | Average Reward: -187.165 | Steps: 77989 | Total Reward: -117233.45463173225|
| Episode: 460 | Epsilon:  0.10 | Reward: -86.92705772237753 | Average Reward: -186.400 | Steps: 78253 | Total Reward: -117320.38168945472|
| Episode: 461 | Epsilon:  0.10 | Reward: -204.84434902202605 | Average Reward: -186.442 | Steps: 78388 | Total Reward: -117525.22603847677|
| Episode: 462 | Epsilon:  0.10 | Reward: -60.777354620972886 | Average Reward: -185.368 | Steps: 78578 | Total Reward: -117586.00339309771|
| Episode: 463 | Epsilon:  0.10 | Reward: -88.18271744351294 | Average Reward: -183.184 | Steps: 78833 | Total Reward: -117674.18611054122|
| Episode: 464 | Epsilon:  0.10 | Reward: -104.1700363607686 | Average Reward: -180.116 | Steps: 78953 | Total Reward: -117778.35614690198|
| Episode: 465 | Epsilon:  0.10 | Reward: -254.64000431771825 | Average Reward: -181.084 | Steps: 79334 | Total Reward: -118032.99615121978|
| Episode: 466 | Epsilon:  0.10 | Reward: -104.4496051831425 | Average Reward: -179.479 | Steps: 79530 | Total Reward: -118137.44575640294|
| Episode: 467 | Epsilon:  0.10 | Reward: -99.72064113506786 | Average Reward: -179.977 | Steps: 79731 | Total Reward: -118237.16639753802|
| Episode: 468 | Epsilon:  0.10 | Reward: -217.34732407578332 | Average Reward: -179.490 | Steps: 79909 | Total Reward: -118454.51372161374|
| Episode: 469 | Epsilon:  0.10 | Reward: -209.34548670954484 | Average Reward: -179.460 | Steps: 80103 | Total Reward: -118663.8592083232|
| Episode: 470 | Epsilon:  0.10 | Reward: -183.9670460364136 | Average Reward: -178.906 | Steps: 80299 | Total Reward: -118847.82625435971|
| Episode: 471 | Epsilon:  0.10 | Reward: -20.219943537518475 | Average Reward: -178.755 | Steps: 80526 | Total Reward: -118868.04619789725|
| Episode: 472 | Epsilon:  0.10 | Reward: 5.634822823848026 | Average Reward: -176.721 | Steps: 80737 | Total Reward: -118862.41137507343|
