+------------------------+----------------------------+--------------------+
|                        |     Supported Features     |  Program Commands  |
+========================+============================+====================+
| Compatible Layers      | Hopfield Layer,            | hopfield,          |
|                        | HopfieldLayer Layer,       | hopfield_layer,    |
|                        | HopfieldPooling Layer,     | hopfield_pooling,  |
|                        | LSTM,                      | lstm,              |
|                        | GRU                        | gru                |
+------------------------+----------------------------+--------------------+
| Supported Loss Metrics | Huber Loss,                | huber,             |
|                        | Mean Absolute Error Loss,  | mae,               |
|                        | Mean Squared Error Loss,   | mse,               |
|                        | SmoothL1 Loss              | smooth_l1          |
+------------------------+----------------------------+--------------------+
| Supported Optimizers   | RMSprop (default),         | rmsprop,           |
|                        | AdamW,                     | adam,              |
|                        | Adam,                      | adamW,             |
|                        | SGD                        |  sgd               |
+------------------------+----------------------------+--------------------+
+------------------------------+------------------------------------------+
|          Parameter           |                  Value                   |
+==============================+==========================================+
| Layer Type:                  | hopfield_pooling                         |
+------------------------------+------------------------------------------+
| Loss Metric:                 | mse                                      |
+------------------------------+------------------------------------------+
| Sequence Length:             | 20                                       |
+------------------------------+------------------------------------------+
| Learning Rate:               | 0.000                                    |
+------------------------------+------------------------------------------+
| Target Update Steps:         | 100                                      |
+------------------------------+------------------------------------------+
| Optimizer:                   | rmsprop                                  |
+------------------------------+------------------------------------------+
| Weight Decay:                | 0                                        |
+------------------------------+------------------------------------------+
| Hopfield Inverse Temperature | 0.100                                    |
+------------------------------+------------------------------------------+
| Scale Q-values with lr       | False                                    |
+------------------------------+------------------------------------------+
| Hard or Soft Update          | True                                     |
+------------------------------+------------------------------------------+
| Polyak Factor                | None                                     |
+------------------------------+------------------------------------------+
| Make POMDP                   | Train: False, Hidden dims: [1], mask     |
|                              | Evaluation: True, Hidden dims: [1], mask |
+------------------------------+------------------------------------------+
---------------
| TRAINING... |
---------------
| Episode:   1 | Epsilon:  0.89 | Reward:   0.0 | Average Reward: 0.000 | Steps:   155 | Total Reward:   0.0|
| Episode:   2 | Epsilon:  0.89 | Reward:   0.0 | Average Reward: 0.000 | Steps:   310 | Total Reward:   0.0|
| Episode:   3 | Epsilon:  0.88 | Reward:   9.0 | Average Reward: 3.000 | Steps:   880 | Total Reward:   9.0|
| Episode:   4 | Epsilon:  0.87 | Reward:   0.0 | Average Reward: 2.250 | Steps:  1038 | Total Reward:   9.0|
| Episode:   5 | Epsilon:  0.86 | Reward:   0.0 | Average Reward: 1.800 | Steps:  1192 | Total Reward:   9.0|
| Episode:   6 | Epsilon:  0.85 | Reward:   1.0 | Average Reward: 1.667 | Steps:  1401 | Total Reward:  10.0|
| Episode:   7 | Epsilon:  0.85 | Reward:   2.0 | Average Reward: 1.714 | Steps:  1683 | Total Reward:  12.0|
| Episode:   8 | Epsilon:  0.84 | Reward:   3.0 | Average Reward: 1.875 | Steps:  1944 | Total Reward:  15.0|
| Episode:   9 | Epsilon:  0.83 | Reward:   8.0 | Average Reward: 2.556 | Steps:  2547 | Total Reward:  23.0|
| Episode:  10 | Epsilon:  0.83 | Reward:   3.0 | Average Reward: 2.600 | Steps:  2837 | Total Reward:  26.0|
| Episode:  11 | Epsilon:  0.82 | Reward:   1.0 | Average Reward: 2.455 | Steps:  3041 | Total Reward:  27.0|
| Episode:  12 | Epsilon:  0.81 | Reward:   1.0 | Average Reward: 2.333 | Steps:  3256 | Total Reward:  28.0|
| Episode:  13 | Epsilon:  0.80 | Reward:   2.0 | Average Reward: 2.308 | Steps:  3483 | Total Reward:  30.0|
| Episode:  14 | Epsilon:  0.80 | Reward:   4.0 | Average Reward: 2.429 | Steps:  3809 | Total Reward:  34.0|
| Episode:  15 | Epsilon:  0.79 | Reward:   0.0 | Average Reward: 2.267 | Steps:  3962 | Total Reward:  34.0|
| Episode:  16 | Epsilon:  0.78 | Reward:   0.0 | Average Reward: 2.125 | Steps:  4110 | Total Reward:  34.0|
| Episode:  17 | Epsilon:  0.78 | Reward:   1.0 | Average Reward: 2.059 | Steps:  4294 | Total Reward:  35.0|
| Episode:  18 | Epsilon:  0.77 | Reward:   0.0 | Average Reward: 1.944 | Steps:  4445 | Total Reward:  35.0|
| Episode:  19 | Epsilon:  0.76 | Reward:   4.0 | Average Reward: 2.053 | Steps:  4798 | Total Reward:  39.0|
| Episode:  20 | Epsilon:  0.76 | Reward:   0.0 | Average Reward: 1.950 | Steps:  4954 | Total Reward:  39.0|
| Episode:  21 | Epsilon:  0.75 | Reward:   2.0 | Average Reward: 1.952 | Steps:  5201 | Total Reward:  41.0|
| Episode:  22 | Epsilon:  0.74 | Reward:   3.0 | Average Reward: 2.000 | Steps:  5494 | Total Reward:  44.0|
| Episode:  23 | Epsilon:  0.74 | Reward:   3.0 | Average Reward: 2.043 | Steps:  5813 | Total Reward:  47.0|
| Episode:  24 | Epsilon:  0.73 | Reward:   2.0 | Average Reward: 2.042 | Steps:  6094 | Total Reward:  49.0|
| Episode:  25 | Epsilon:  0.72 | Reward:   3.0 | Average Reward: 2.080 | Steps:  6377 | Total Reward:  52.0|
| Episode:  26 | Epsilon:  0.72 | Reward:   1.0 | Average Reward: 2.038 | Steps:  6593 | Total Reward:  53.0|
| Episode:  27 | Epsilon:  0.71 | Reward:   1.0 | Average Reward: 2.000 | Steps:  6801 | Total Reward:  54.0|
| Episode:  28 | Epsilon:  0.71 | Reward:   2.0 | Average Reward: 2.000 | Steps:  7092 | Total Reward:  56.0|
| Episode:  29 | Epsilon:  0.70 | Reward:   0.0 | Average Reward: 1.931 | Steps:  7249 | Total Reward:  56.0|
| Episode:  30 | Epsilon:  0.69 | Reward:   2.0 | Average Reward: 1.933 | Steps:  7506 | Total Reward:  58.0|
| Episode:  31 | Epsilon:  0.69 | Reward:   0.0 | Average Reward: 1.871 | Steps:  7658 | Total Reward:  58.0|
| Episode:  32 | Epsilon:  0.68 | Reward:   0.0 | Average Reward: 1.812 | Steps:  7807 | Total Reward:  58.0|
| Episode:  33 | Epsilon:  0.68 | Reward:   1.0 | Average Reward: 1.788 | Steps:  8018 | Total Reward:  59.0|
| Episode:  34 | Epsilon:  0.67 | Reward:   1.0 | Average Reward: 1.765 | Steps:  8238 | Total Reward:  60.0|
| Episode:  35 | Epsilon:  0.66 | Reward:   0.0 | Average Reward: 1.714 | Steps:  8392 | Total Reward:  60.0|
| Episode:  36 | Epsilon:  0.66 | Reward:   4.0 | Average Reward: 1.778 | Steps:  8766 | Total Reward:  64.0|
| Episode:  37 | Epsilon:  0.65 | Reward:   3.0 | Average Reward: 1.811 | Steps:  9081 | Total Reward:  67.0|
| Episode:  38 | Epsilon:  0.65 | Reward:   1.0 | Average Reward: 1.789 | Steps:  9260 | Total Reward:  68.0|
| Episode:  39 | Epsilon:  0.64 | Reward:   1.0 | Average Reward: 1.769 | Steps:  9475 | Total Reward:  69.0|
| Episode:  40 | Epsilon:  0.64 | Reward:   0.0 | Average Reward: 1.725 | Steps:  9629 | Total Reward:  69.0|
| Episode:  41 | Epsilon:  0.63 | Reward:   2.0 | Average Reward: 1.732 | Steps:  9917 | Total Reward:  71.0|
| Episode:  42 | Epsilon:  0.63 | Reward:   4.0 | Average Reward: 1.786 | Steps: 10300 | Total Reward:  75.0|
| Episode:  43 | Epsilon:  0.62 | Reward:   0.0 | Average Reward: 1.744 | Steps: 10448 | Total Reward:  75.0|
| Episode:  44 | Epsilon:  0.62 | Reward:   0.0 | Average Reward: 1.705 | Steps: 10600 | Total Reward:  75.0|
| Episode:  45 | Epsilon:  0.61 | Reward:   2.0 | Average Reward: 1.711 | Steps: 10851 | Total Reward:  77.0|
| Episode:  46 | Epsilon:  0.61 | Reward:   2.0 | Average Reward: 1.717 | Steps: 11100 | Total Reward:  79.0|
| Episode:  47 | Epsilon:  0.60 | Reward:   1.0 | Average Reward: 1.702 | Steps: 11319 | Total Reward:  80.0|
| Episode:  48 | Epsilon:  0.60 | Reward:   4.0 | Average Reward: 1.750 | Steps: 11742 | Total Reward:  84.0|
| Episode:  49 | Epsilon:  0.59 | Reward:   0.0 | Average Reward: 1.714 | Steps: 11889 | Total Reward:  84.0|
| Episode:  50 | Epsilon:  0.59 | Reward:   3.0 | Average Reward: 1.740 | Steps: 12198 | Total Reward:  87.0|
| Episode:  51 | Epsilon:  0.58 | Reward:   3.0 | Average Reward: 1.765 | Steps: 12488 | Total Reward:  90.0|
| Episode:  52 | Epsilon:  0.58 | Reward:   1.0 | Average Reward: 1.750 | Steps: 12699 | Total Reward:  91.0|
| Episode:  53 | Epsilon:  0.57 | Reward:   3.0 | Average Reward: 1.774 | Steps: 13036 | Total Reward:  94.0|
| Episode:  54 | Epsilon:  0.57 | Reward:   2.0 | Average Reward: 1.778 | Steps: 13290 | Total Reward:  96.0|
| Episode:  55 | Epsilon:  0.56 | Reward:   1.0 | Average Reward: 1.764 | Steps: 13478 | Total Reward:  97.0|
| Episode:  56 | Epsilon:  0.56 | Reward:   3.0 | Average Reward: 1.786 | Steps: 13761 | Total Reward: 100.0|
| Episode:  57 | Epsilon:  0.55 | Reward:   1.0 | Average Reward: 1.772 | Steps: 13951 | Total Reward: 101.0|
| Episode:  58 | Epsilon:  0.55 | Reward:   2.0 | Average Reward: 1.776 | Steps: 14200 | Total Reward: 103.0|
| Episode:  59 | Epsilon:  0.54 | Reward:   2.0 | Average Reward: 1.780 | Steps: 14450 | Total Reward: 105.0|
| Episode:  60 | Epsilon:  0.54 | Reward:   3.0 | Average Reward: 1.800 | Steps: 14746 | Total Reward: 108.0|
| Episode:  61 | Epsilon:  0.54 | Reward:   1.0 | Average Reward: 1.787 | Steps: 14962 | Total Reward: 109.0|
| Episode:  62 | Epsilon:  0.53 | Reward:   0.0 | Average Reward: 1.758 | Steps: 15119 | Total Reward: 109.0|
| Episode:  63 | Epsilon:  0.53 | Reward:   7.0 | Average Reward: 1.841 | Steps: 15628 | Total Reward: 116.0|
| Episode:  64 | Epsilon:  0.52 | Reward:   2.0 | Average Reward: 1.844 | Steps: 15878 | Total Reward: 118.0|
| Episode:  65 | Epsilon:  0.52 | Reward:   0.0 | Average Reward: 1.815 | Steps: 16031 | Total Reward: 118.0|
| Episode:  66 | Epsilon:  0.51 | Reward:   3.0 | Average Reward: 1.833 | Steps: 16341 | Total Reward: 121.0|
| Episode:  67 | Epsilon:  0.51 | Reward:   2.0 | Average Reward: 1.836 | Steps: 16593 | Total Reward: 123.0|
| Episode:  68 | Epsilon:  0.51 | Reward:   2.0 | Average Reward: 1.838 | Steps: 16839 | Total Reward: 125.0|
| Episode:  69 | Epsilon:  0.50 | Reward:   2.0 | Average Reward: 1.841 | Steps: 17089 | Total Reward: 127.0|
| Episode:  70 | Epsilon:  0.50 | Reward:   0.0 | Average Reward: 1.814 | Steps: 17237 | Total Reward: 127.0|
| Episode:  71 | Epsilon:  0.49 | Reward:   3.0 | Average Reward: 1.831 | Steps: 17554 | Total Reward: 130.0|
| Episode:  72 | Epsilon:  0.49 | Reward:   1.0 | Average Reward: 1.819 | Steps: 17746 | Total Reward: 131.0|
| Episode:  73 | Epsilon:  0.49 | Reward:   0.0 | Average Reward: 1.795 | Steps: 17903 | Total Reward: 131.0|
| Episode:  74 | Epsilon:  0.48 | Reward:   4.0 | Average Reward: 1.824 | Steps: 18290 | Total Reward: 135.0|
| Episode:  75 | Epsilon:  0.48 | Reward:   2.0 | Average Reward: 1.827 | Steps: 18541 | Total Reward: 137.0|
| Episode:  76 | Epsilon:  0.47 | Reward:   1.0 | Average Reward: 1.816 | Steps: 18751 | Total Reward: 138.0|
| Episode:  77 | Epsilon:  0.47 | Reward:   1.0 | Average Reward: 1.805 | Steps: 18974 | Total Reward: 139.0|
| Episode:  78 | Epsilon:  0.47 | Reward:   2.0 | Average Reward: 1.808 | Steps: 19223 | Total Reward: 141.0|
| Episode:  79 | Epsilon:  0.46 | Reward:   0.0 | Average Reward: 1.785 | Steps: 19368 | Total Reward: 141.0|
| Episode:  80 | Epsilon:  0.46 | Reward:   0.0 | Average Reward: 1.762 | Steps: 19514 | Total Reward: 141.0|
| Episode:  81 | Epsilon:  0.46 | Reward:   2.0 | Average Reward: 1.765 | Steps: 19768 | Total Reward: 143.0|
| Episode:  82 | Epsilon:  0.45 | Reward:   4.0 | Average Reward: 1.793 | Steps: 20139 | Total Reward: 147.0|
| Episode:  83 | Epsilon:  0.45 | Reward:   2.0 | Average Reward: 1.795 | Steps: 20396 | Total Reward: 149.0|
| Episode:  84 | Epsilon:  0.45 | Reward:   1.0 | Average Reward: 1.786 | Steps: 20617 | Total Reward: 150.0|
| Episode:  85 | Epsilon:  0.44 | Reward:   2.0 | Average Reward: 1.788 | Steps: 20876 | Total Reward: 152.0|
| Episode:  86 | Epsilon:  0.44 | Reward:   1.0 | Average Reward: 1.779 | Steps: 21093 | Total Reward: 153.0|
| Episode:  87 | Epsilon:  0.44 | Reward:   0.0 | Average Reward: 1.759 | Steps: 21243 | Total Reward: 153.0|
| Episode:  88 | Epsilon:  0.43 | Reward:   0.0 | Average Reward: 1.739 | Steps: 21397 | Total Reward: 153.0|
| Episode:  89 | Epsilon:  0.43 | Reward:   2.0 | Average Reward: 1.742 | Steps: 21640 | Total Reward: 155.0|
| Episode:  90 | Epsilon:  0.43 | Reward:   0.0 | Average Reward: 1.722 | Steps: 21797 | Total Reward: 155.0|
| Episode:  91 | Epsilon:  0.42 | Reward:   4.0 | Average Reward: 1.747 | Steps: 22161 | Total Reward: 159.0|
| Episode:  92 | Epsilon:  0.42 | Reward:   2.0 | Average Reward: 1.750 | Steps: 22422 | Total Reward: 161.0|
| Episode:  93 | Epsilon:  0.42 | Reward:   1.0 | Average Reward: 1.742 | Steps: 22636 | Total Reward: 162.0|
| Episode:  94 | Epsilon:  0.41 | Reward:   0.0 | Average Reward: 1.723 | Steps: 22786 | Total Reward: 162.0|
| Episode:  95 | Epsilon:  0.41 | Reward:   3.0 | Average Reward: 1.737 | Steps: 23065 | Total Reward: 165.0|
| Episode:  96 | Epsilon:  0.41 | Reward:   2.0 | Average Reward: 1.740 | Steps: 23324 | Total Reward: 167.0|
| Episode:  97 | Epsilon:  0.40 | Reward:   3.0 | Average Reward: 1.753 | Steps: 23666 | Total Reward: 170.0|
| Episode:  98 | Epsilon:  0.40 | Reward:   2.0 | Average Reward: 1.755 | Steps: 23913 | Total Reward: 172.0|
| Episode:  99 | Epsilon:  0.40 | Reward:   2.0 | Average Reward: 1.758 | Steps: 24172 | Total Reward: 174.0|
| Episode: 100 | Epsilon:  0.39 | Reward:   3.0 | Average Reward: 1.770 | Steps: 24456 | Total Reward: 177.0|
| Episode: 101 | Epsilon:  0.39 | Reward:   2.0 | Average Reward: 1.790 | Steps: 24704 | Total Reward: 179.0|
| Episode: 102 | Epsilon:  0.39 | Reward:   0.0 | Average Reward: 1.790 | Steps: 24857 | Total Reward: 179.0|
| Episode: 103 | Epsilon:  0.39 | Reward:   1.0 | Average Reward: 1.710 | Steps: 25043 | Total Reward: 180.0|
| Episode: 104 | Epsilon:  0.38 | Reward:   4.0 | Average Reward: 1.750 | Steps: 25416 | Total Reward: 184.0|
| Episode: 105 | Epsilon:  0.38 | Reward:   0.0 | Average Reward: 1.750 | Steps: 25566 | Total Reward: 184.0|
| Episode: 106 | Epsilon:  0.38 | Reward:   1.0 | Average Reward: 1.750 | Steps: 25780 | Total Reward: 185.0|
| Episode: 107 | Epsilon:  0.37 | Reward:   3.0 | Average Reward: 1.760 | Steps: 26099 | Total Reward: 188.0|
| Episode: 108 | Epsilon:  0.37 | Reward:   0.0 | Average Reward: 1.730 | Steps: 26250 | Total Reward: 188.0|
| Episode: 109 | Epsilon:  0.37 | Reward:   1.0 | Average Reward: 1.660 | Steps: 26437 | Total Reward: 189.0|
| Episode: 110 | Epsilon:  0.37 | Reward:   2.0 | Average Reward: 1.650 | Steps: 26689 | Total Reward: 191.0|
| Episode: 111 | Epsilon:  0.36 | Reward:   1.0 | Average Reward: 1.650 | Steps: 26877 | Total Reward: 192.0|
| Episode: 112 | Epsilon:  0.36 | Reward:   4.0 | Average Reward: 1.680 | Steps: 27222 | Total Reward: 196.0|
| Episode: 113 | Epsilon:  0.36 | Reward:   3.0 | Average Reward: 1.690 | Steps: 27537 | Total Reward: 199.0|
| Episode: 114 | Epsilon:  0.36 | Reward:   0.0 | Average Reward: 1.650 | Steps: 27684 | Total Reward: 199.0|
| Episode: 115 | Epsilon:  0.35 | Reward:   3.0 | Average Reward: 1.680 | Steps: 28031 | Total Reward: 202.0|
| Episode: 116 | Epsilon:  0.35 | Reward:   0.0 | Average Reward: 1.680 | Steps: 28183 | Total Reward: 202.0|
| Episode: 117 | Epsilon:  0.35 | Reward:   3.0 | Average Reward: 1.700 | Steps: 28505 | Total Reward: 205.0|
| Episode: 118 | Epsilon:  0.35 | Reward:   0.0 | Average Reward: 1.700 | Steps: 28652 | Total Reward: 205.0|
| Episode: 119 | Epsilon:  0.34 | Reward:   0.0 | Average Reward: 1.660 | Steps: 28795 | Total Reward: 205.0|
| Episode: 120 | Epsilon:  0.34 | Reward:   3.0 | Average Reward: 1.690 | Steps: 29092 | Total Reward: 208.0|
| Episode: 121 | Epsilon:  0.34 | Reward:   2.0 | Average Reward: 1.690 | Steps: 29348 | Total Reward: 210.0|
| Episode: 122 | Epsilon:  0.34 | Reward:   0.0 | Average Reward: 1.660 | Steps: 29501 | Total Reward: 210.0|
| Episode: 123 | Epsilon:  0.33 | Reward:   2.0 | Average Reward: 1.650 | Steps: 29783 | Total Reward: 212.0|
| Episode: 124 | Epsilon:  0.33 | Reward:   0.0 | Average Reward: 1.630 | Steps: 29930 | Total Reward: 212.0|
| Episode: 125 | Epsilon:  0.33 | Reward:   2.0 | Average Reward: 1.620 | Steps: 30208 | Total Reward: 214.0|
| Episode: 126 | Epsilon:  0.33 | Reward:   0.0 | Average Reward: 1.610 | Steps: 30358 | Total Reward: 214.0|
| Episode: 127 | Epsilon:  0.33 | Reward:   2.0 | Average Reward: 1.620 | Steps: 30638 | Total Reward: 216.0|
| Episode: 128 | Epsilon:  0.32 | Reward:   2.0 | Average Reward: 1.620 | Steps: 30886 | Total Reward: 218.0|
| Episode: 129 | Epsilon:  0.32 | Reward:   1.0 | Average Reward: 1.630 | Steps: 31069 | Total Reward: 219.0|
| Episode: 130 | Epsilon:  0.32 | Reward:   0.0 | Average Reward: 1.610 | Steps: 31218 | Total Reward: 219.0|
| Episode: 131 | Epsilon:  0.32 | Reward:   2.0 | Average Reward: 1.630 | Steps: 31468 | Total Reward: 221.0|
| Episode: 132 | Epsilon:  0.31 | Reward:   0.0 | Average Reward: 1.630 | Steps: 31621 | Total Reward: 221.0|
| Episode: 133 | Epsilon:  0.31 | Reward:   2.0 | Average Reward: 1.640 | Steps: 31872 | Total Reward: 223.0|
| Episode: 134 | Epsilon:  0.31 | Reward:   1.0 | Average Reward: 1.640 | Steps: 32079 | Total Reward: 224.0|
| Episode: 135 | Epsilon:  0.31 | Reward:   2.0 | Average Reward: 1.660 | Steps: 32333 | Total Reward: 226.0|
| Episode: 136 | Epsilon:  0.31 | Reward:   2.0 | Average Reward: 1.640 | Steps: 32585 | Total Reward: 228.0|
| Episode: 137 | Epsilon:  0.30 | Reward:   2.0 | Average Reward: 1.630 | Steps: 32835 | Total Reward: 230.0|
| Episode: 138 | Epsilon:  0.30 | Reward:   2.0 | Average Reward: 1.640 | Steps: 33080 | Total Reward: 232.0|
| Episode: 139 | Epsilon:  0.30 | Reward:   1.0 | Average Reward: 1.640 | Steps: 33269 | Total Reward: 233.0|
| Episode: 140 | Epsilon:  0.30 | Reward:   3.0 | Average Reward: 1.670 | Steps: 33610 | Total Reward: 236.0|
| Episode: 141 | Epsilon:  0.30 | Reward:   2.0 | Average Reward: 1.670 | Steps: 33856 | Total Reward: 238.0|
| Episode: 142 | Epsilon:  0.29 | Reward:   0.0 | Average Reward: 1.630 | Steps: 34004 | Total Reward: 238.0|
| Episode: 143 | Epsilon:  0.29 | Reward:   2.0 | Average Reward: 1.650 | Steps: 34242 | Total Reward: 240.0|
| Episode: 144 | Epsilon:  0.29 | Reward:   1.0 | Average Reward: 1.660 | Steps: 34435 | Total Reward: 241.0|
| Episode: 145 | Epsilon:  0.29 | Reward:   1.0 | Average Reward: 1.650 | Steps: 34648 | Total Reward: 242.0|
| Episode: 146 | Epsilon:  0.29 | Reward:   4.0 | Average Reward: 1.670 | Steps: 35027 | Total Reward: 246.0|
| Episode: 147 | Epsilon:  0.28 | Reward:   0.0 | Average Reward: 1.660 | Steps: 35178 | Total Reward: 246.0|
| Episode: 148 | Epsilon:  0.28 | Reward:   3.0 | Average Reward: 1.650 | Steps: 35497 | Total Reward: 249.0|
| Episode: 149 | Epsilon:  0.28 | Reward:   2.0 | Average Reward: 1.670 | Steps: 35750 | Total Reward: 251.0|
| Episode: 150 | Epsilon:  0.28 | Reward:   0.0 | Average Reward: 1.640 | Steps: 35903 | Total Reward: 251.0|
| Episode: 151 | Epsilon:  0.28 | Reward:   1.0 | Average Reward: 1.620 | Steps: 36090 | Total Reward: 252.0|
| Episode: 152 | Epsilon:  0.28 | Reward:   0.0 | Average Reward: 1.610 | Steps: 36235 | Total Reward: 252.0|
| Episode: 153 | Epsilon:  0.27 | Reward:   0.0 | Average Reward: 1.580 | Steps: 36391 | Total Reward: 252.0|
| Episode: 154 | Epsilon:  0.27 | Reward:   1.0 | Average Reward: 1.570 | Steps: 36582 | Total Reward: 253.0|
| Episode: 155 | Epsilon:  0.27 | Reward:   0.0 | Average Reward: 1.560 | Steps: 36741 | Total Reward: 253.0|
| Episode: 156 | Epsilon:  0.27 | Reward:   3.0 | Average Reward: 1.560 | Steps: 37022 | Total Reward: 256.0|
| Episode: 157 | Epsilon:  0.27 | Reward:   0.0 | Average Reward: 1.550 | Steps: 37180 | Total Reward: 256.0|
| Episode: 158 | Epsilon:  0.27 | Reward:   3.0 | Average Reward: 1.560 | Steps: 37492 | Total Reward: 259.0|
| Episode: 159 | Epsilon:  0.26 | Reward:   3.0 | Average Reward: 1.570 | Steps: 37782 | Total Reward: 262.0|
| Episode: 160 | Epsilon:  0.26 | Reward:   0.0 | Average Reward: 1.540 | Steps: 37938 | Total Reward: 262.0|
| Episode: 161 | Epsilon:  0.26 | Reward:   5.0 | Average Reward: 1.580 | Steps: 38352 | Total Reward: 267.0|
| Episode: 162 | Epsilon:  0.26 | Reward:   0.0 | Average Reward: 1.580 | Steps: 38503 | Total Reward: 267.0|
| Episode: 163 | Epsilon:  0.26 | Reward:   2.0 | Average Reward: 1.530 | Steps: 38751 | Total Reward: 269.0|
| Episode: 164 | Epsilon:  0.26 | Reward:   2.0 | Average Reward: 1.530 | Steps: 38973 | Total Reward: 271.0|
| Episode: 165 | Epsilon:  0.25 | Reward:   1.0 | Average Reward: 1.540 | Steps: 39180 | Total Reward: 272.0|
| Episode: 166 | Epsilon:  0.25 | Reward:   3.0 | Average Reward: 1.540 | Steps: 39497 | Total Reward: 275.0|
| Episode: 167 | Epsilon:  0.25 | Reward:   3.0 | Average Reward: 1.550 | Steps: 39777 | Total Reward: 278.0|
| Episode: 168 | Epsilon:  0.25 | Reward:   4.0 | Average Reward: 1.570 | Steps: 40114 | Total Reward: 282.0|
| Episode: 169 | Epsilon:  0.25 | Reward:   4.0 | Average Reward: 1.590 | Steps: 40492 | Total Reward: 286.0|
| Episode: 170 | Epsilon:  0.25 | Reward:   2.0 | Average Reward: 1.610 | Steps: 40748 | Total Reward: 288.0|
| Episode: 171 | Epsilon:  0.24 | Reward:   0.0 | Average Reward: 1.580 | Steps: 40895 | Total Reward: 288.0|
| Episode: 172 | Epsilon:  0.24 | Reward:   0.0 | Average Reward: 1.570 | Steps: 41045 | Total Reward: 288.0|
| Episode: 173 | Epsilon:  0.24 | Reward:   2.0 | Average Reward: 1.590 | Steps: 41324 | Total Reward: 290.0|
| Episode: 174 | Epsilon:  0.24 | Reward:   0.0 | Average Reward: 1.550 | Steps: 41476 | Total Reward: 290.0|
| Episode: 175 | Epsilon:  0.24 | Reward:   3.0 | Average Reward: 1.560 | Steps: 41822 | Total Reward: 293.0|
| Episode: 176 | Epsilon:  0.24 | Reward:   1.0 | Average Reward: 1.560 | Steps: 42028 | Total Reward: 294.0|
| Episode: 177 | Epsilon:  0.24 | Reward:   3.0 | Average Reward: 1.580 | Steps: 42373 | Total Reward: 297.0|
| Episode: 178 | Epsilon:  0.24 | Reward:   2.0 | Average Reward: 1.580 | Steps: 42626 | Total Reward: 299.0|
| Episode: 179 | Epsilon:  0.23 | Reward:   0.0 | Average Reward: 1.580 | Steps: 42774 | Total Reward: 299.0|
| Episode: 180 | Epsilon:  0.23 | Reward:   1.0 | Average Reward: 1.590 | Steps: 42978 | Total Reward: 300.0|
| Episode: 181 | Epsilon:  0.23 | Reward:   1.0 | Average Reward: 1.580 | Steps: 43191 | Total Reward: 301.0|
| Episode: 182 | Epsilon:  0.23 | Reward:   2.0 | Average Reward: 1.560 | Steps: 43434 | Total Reward: 303.0|
| Episode: 183 | Epsilon:  0.23 | Reward:   2.0 | Average Reward: 1.560 | Steps: 43686 | Total Reward: 305.0|
| Episode: 184 | Epsilon:  0.23 | Reward:   3.0 | Average Reward: 1.580 | Steps: 44005 | Total Reward: 308.0|
| Episode: 185 | Epsilon:  0.23 | Reward:   1.0 | Average Reward: 1.570 | Steps: 44195 | Total Reward: 309.0|
| Episode: 186 | Epsilon:  0.22 | Reward:   1.0 | Average Reward: 1.570 | Steps: 44414 | Total Reward: 310.0|
| Episode: 187 | Epsilon:  0.22 | Reward:   2.0 | Average Reward: 1.590 | Steps: 44698 | Total Reward: 312.0|
| Episode: 188 | Epsilon:  0.22 | Reward:   2.0 | Average Reward: 1.610 | Steps: 44947 | Total Reward: 314.0|
| Episode: 189 | Epsilon:  0.22 | Reward:   2.0 | Average Reward: 1.610 | Steps: 45221 | Total Reward: 316.0|
| Episode: 190 | Epsilon:  0.22 | Reward:   3.0 | Average Reward: 1.640 | Steps: 45536 | Total Reward: 319.0|
| Episode: 191 | Epsilon:  0.22 | Reward:   2.0 | Average Reward: 1.620 | Steps: 45797 | Total Reward: 321.0|
| Episode: 192 | Epsilon:  0.22 | Reward:   0.0 | Average Reward: 1.600 | Steps: 45941 | Total Reward: 321.0|
| Episode: 193 | Epsilon:  0.22 | Reward:   5.0 | Average Reward: 1.640 | Steps: 46388 | Total Reward: 326.0|
| Episode: 194 | Epsilon:  0.22 | Reward:   1.0 | Average Reward: 1.650 | Steps: 46579 | Total Reward: 327.0|
| Episode: 195 | Epsilon:  0.21 | Reward:   2.0 | Average Reward: 1.640 | Steps: 46827 | Total Reward: 329.0|
| Episode: 196 | Epsilon:  0.21 | Reward:   2.0 | Average Reward: 1.640 | Steps: 47111 | Total Reward: 331.0|
| Episode: 197 | Epsilon:  0.21 | Reward:   0.0 | Average Reward: 1.610 | Steps: 47259 | Total Reward: 331.0|
| Episode: 198 | Epsilon:  0.21 | Reward:   1.0 | Average Reward: 1.600 | Steps: 47478 | Total Reward: 332.0|
| Episode: 199 | Epsilon:  0.21 | Reward:   3.0 | Average Reward: 1.610 | Steps: 47794 | Total Reward: 335.0|
| Episode: 200 | Epsilon:  0.21 | Reward:   0.0 | Average Reward: 1.580 | Steps: 47958 | Total Reward: 335.0|
| Episode: 201 | Epsilon:  0.21 | Reward:   0.0 | Average Reward: 1.560 | Steps: 48107 | Total Reward: 335.0|
| Episode: 202 | Epsilon:  0.21 | Reward:   2.0 | Average Reward: 1.580 | Steps: 48353 | Total Reward: 337.0|
| Episode: 203 | Epsilon:  0.21 | Reward:   2.0 | Average Reward: 1.590 | Steps: 48584 | Total Reward: 339.0|
| Episode: 204 | Epsilon:  0.20 | Reward:   0.0 | Average Reward: 1.550 | Steps: 48744 | Total Reward: 339.0|
| Episode: 205 | Epsilon:  0.20 | Reward:   2.0 | Average Reward: 1.570 | Steps: 48991 | Total Reward: 341.0|
| Episode: 206 | Epsilon:  0.20 | Reward:   0.0 | Average Reward: 1.560 | Steps: 49141 | Total Reward: 341.0|
| Episode: 207 | Epsilon:  0.20 | Reward:   4.0 | Average Reward: 1.570 | Steps: 49491 | Total Reward: 345.0|
| Episode: 208 | Epsilon:  0.20 | Reward:   0.0 | Average Reward: 1.570 | Steps: 49638 | Total Reward: 345.0|
| Episode: 209 | Epsilon:  0.20 | Reward:   2.0 | Average Reward: 1.580 | Steps: 49888 | Total Reward: 347.0|
| Episode: 210 | Epsilon:  0.20 | Reward:   1.0 | Average Reward: 1.570 | Steps: 50073 | Total Reward: 348.0|
| Episode: 211 | Epsilon:  0.20 | Reward:   1.0 | Average Reward: 1.570 | Steps: 50276 | Total Reward: 349.0|
| Episode: 212 | Epsilon:  0.20 | Reward:   3.0 | Average Reward: 1.560 | Steps: 50544 | Total Reward: 352.0|
| Episode: 213 | Epsilon:  0.20 | Reward:   1.0 | Average Reward: 1.540 | Steps: 50735 | Total Reward: 353.0|
| Episode: 214 | Epsilon:  0.19 | Reward:   2.0 | Average Reward: 1.560 | Steps: 50964 | Total Reward: 355.0|
| Episode: 215 | Epsilon:  0.19 | Reward:   2.0 | Average Reward: 1.550 | Steps: 51197 | Total Reward: 357.0|
| Episode: 216 | Epsilon:  0.19 | Reward:   1.0 | Average Reward: 1.560 | Steps: 51426 | Total Reward: 358.0|
| Episode: 217 | Epsilon:  0.19 | Reward:   1.0 | Average Reward: 1.540 | Steps: 51621 | Total Reward: 359.0|
| Episode: 218 | Epsilon:  0.19 | Reward:   2.0 | Average Reward: 1.560 | Steps: 51858 | Total Reward: 361.0|
| Episode: 219 | Epsilon:  0.19 | Reward:   1.0 | Average Reward: 1.570 | Steps: 52130 | Total Reward: 362.0|
| Episode: 220 | Epsilon:  0.19 | Reward:   1.0 | Average Reward: 1.550 | Steps: 52328 | Total Reward: 363.0|
| Episode: 221 | Epsilon:  0.19 | Reward:   1.0 | Average Reward: 1.540 | Steps: 52525 | Total Reward: 364.0|
| Episode: 222 | Epsilon:  0.19 | Reward:   0.0 | Average Reward: 1.540 | Steps: 52679 | Total Reward: 364.0|
| Episode: 223 | Epsilon:  0.19 | Reward:   3.0 | Average Reward: 1.550 | Steps: 52959 | Total Reward: 367.0|
| Episode: 224 | Epsilon:  0.19 | Reward:   6.0 | Average Reward: 1.610 | Steps: 53401 | Total Reward: 373.0|
| Episode: 225 | Epsilon:  0.18 | Reward:   2.0 | Average Reward: 1.610 | Steps: 53637 | Total Reward: 375.0|
| Episode: 226 | Epsilon:  0.18 | Reward:   0.0 | Average Reward: 1.610 | Steps: 53791 | Total Reward: 375.0|
| Episode: 227 | Epsilon:  0.18 | Reward:   1.0 | Average Reward: 1.600 | Steps: 53990 | Total Reward: 376.0|
| Episode: 228 | Epsilon:  0.18 | Reward:   0.0 | Average Reward: 1.580 | Steps: 54148 | Total Reward: 376.0|
| Episode: 229 | Epsilon:  0.18 | Reward:   1.0 | Average Reward: 1.580 | Steps: 54347 | Total Reward: 377.0|
| Episode: 230 | Epsilon:  0.18 | Reward:   1.0 | Average Reward: 1.590 | Steps: 54586 | Total Reward: 378.0|
| Episode: 231 | Epsilon:  0.18 | Reward:   0.0 | Average Reward: 1.570 | Steps: 54808 | Total Reward: 378.0|
| Episode: 232 | Epsilon:  0.18 | Reward:   0.0 | Average Reward: 1.570 | Steps: 54976 | Total Reward: 378.0|
| Episode: 233 | Epsilon:  0.18 | Reward:   3.0 | Average Reward: 1.580 | Steps: 55282 | Total Reward: 381.0|
| Episode: 234 | Epsilon:  0.18 | Reward:   1.0 | Average Reward: 1.580 | Steps: 55478 | Total Reward: 382.0|
| Episode: 235 | Epsilon:  0.18 | Reward:   1.0 | Average Reward: 1.570 | Steps: 55668 | Total Reward: 383.0|
| Episode: 236 | Epsilon:  0.18 | Reward:   2.0 | Average Reward: 1.570 | Steps: 55899 | Total Reward: 385.0|
| Episode: 237 | Epsilon:  0.17 | Reward:   0.0 | Average Reward: 1.550 | Steps: 56051 | Total Reward: 385.0|
| Episode: 238 | Epsilon:  0.17 | Reward:   1.0 | Average Reward: 1.540 | Steps: 56246 | Total Reward: 386.0|
| Episode: 239 | Epsilon:  0.17 | Reward:   0.0 | Average Reward: 1.530 | Steps: 56402 | Total Reward: 386.0|
| Episode: 240 | Epsilon:  0.17 | Reward:   3.0 | Average Reward: 1.530 | Steps: 56716 | Total Reward: 389.0|
| Episode: 241 | Epsilon:  0.17 | Reward:   1.0 | Average Reward: 1.520 | Steps: 56906 | Total Reward: 390.0|
| Episode: 242 | Epsilon:  0.17 | Reward:   1.0 | Average Reward: 1.530 | Steps: 57095 | Total Reward: 391.0|
| Episode: 243 | Epsilon:  0.17 | Reward:   1.0 | Average Reward: 1.520 | Steps: 57315 | Total Reward: 392.0|
| Episode: 244 | Epsilon:  0.17 | Reward:   0.0 | Average Reward: 1.510 | Steps: 57470 | Total Reward: 392.0|
| Episode: 245 | Epsilon:  0.17 | Reward:   0.0 | Average Reward: 1.500 | Steps: 57625 | Total Reward: 392.0|
| Episode: 246 | Epsilon:  0.17 | Reward:   0.0 | Average Reward: 1.460 | Steps: 57771 | Total Reward: 392.0|
| Episode: 247 | Epsilon:  0.17 | Reward:   1.0 | Average Reward: 1.470 | Steps: 57997 | Total Reward: 393.0|
| Episode: 248 | Epsilon:  0.17 | Reward:   1.0 | Average Reward: 1.450 | Steps: 58195 | Total Reward: 394.0|
| Episode: 249 | Epsilon:  0.17 | Reward:   1.0 | Average Reward: 1.440 | Steps: 58383 | Total Reward: 395.0|
| Episode: 250 | Epsilon:  0.17 | Reward:   3.0 | Average Reward: 1.470 | Steps: 58657 | Total Reward: 398.0|
| Episode: 251 | Epsilon:  0.17 | Reward:   1.0 | Average Reward: 1.470 | Steps: 58843 | Total Reward: 399.0|
| Episode: 252 | Epsilon:  0.16 | Reward:   0.0 | Average Reward: 1.470 | Steps: 58999 | Total Reward: 399.0|
| Episode: 253 | Epsilon:  0.16 | Reward:   1.0 | Average Reward: 1.480 | Steps: 59195 | Total Reward: 400.0|
| Episode: 254 | Epsilon:  0.16 | Reward:   1.0 | Average Reward: 1.480 | Steps: 59383 | Total Reward: 401.0|
| Episode: 255 | Epsilon:  0.16 | Reward:   2.0 | Average Reward: 1.500 | Steps: 59614 | Total Reward: 403.0|
| Episode: 256 | Epsilon:  0.16 | Reward:   1.0 | Average Reward: 1.480 | Steps: 59806 | Total Reward: 404.0|
| Episode: 257 | Epsilon:  0.16 | Reward:   2.0 | Average Reward: 1.500 | Steps: 60040 | Total Reward: 406.0|
| Episode: 258 | Epsilon:  0.16 | Reward:   1.0 | Average Reward: 1.480 | Steps: 60237 | Total Reward: 407.0|
| Episode: 259 | Epsilon:  0.16 | Reward:   2.0 | Average Reward: 1.470 | Steps: 60562 | Total Reward: 409.0|
| Episode: 260 | Epsilon:  0.16 | Reward:   2.0 | Average Reward: 1.490 | Steps: 60886 | Total Reward: 411.0|
| Episode: 261 | Epsilon:  0.16 | Reward:   0.0 | Average Reward: 1.440 | Steps: 61033 | Total Reward: 411.0|
| Episode: 262 | Epsilon:  0.16 | Reward:   2.0 | Average Reward: 1.460 | Steps: 61293 | Total Reward: 413.0|
| Episode: 263 | Epsilon:  0.16 | Reward:   1.0 | Average Reward: 1.450 | Steps: 61491 | Total Reward: 414.0|
| Episode: 264 | Epsilon:  0.16 | Reward:   2.0 | Average Reward: 1.450 | Steps: 61724 | Total Reward: 416.0|
| Episode: 265 | Epsilon:  0.16 | Reward:   1.0 | Average Reward: 1.450 | Steps: 61913 | Total Reward: 417.0|
| Episode: 266 | Epsilon:  0.16 | Reward:   0.0 | Average Reward: 1.420 | Steps: 62071 | Total Reward: 417.0|
| Episode: 267 | Epsilon:  0.16 | Reward:   1.0 | Average Reward: 1.400 | Steps: 62264 | Total Reward: 418.0|
| Episode: 268 | Epsilon:  0.15 | Reward:   0.0 | Average Reward: 1.360 | Steps: 62447 | Total Reward: 418.0|
| Episode: 269 | Epsilon:  0.15 | Reward:   1.0 | Average Reward: 1.330 | Steps: 62646 | Total Reward: 419.0|
| Episode: 270 | Epsilon:  0.15 | Reward:   1.0 | Average Reward: 1.320 | Steps: 62835 | Total Reward: 420.0|
| Episode: 271 | Epsilon:  0.15 | Reward:   1.0 | Average Reward: 1.330 | Steps: 63025 | Total Reward: 421.0|
| Episode: 272 | Epsilon:  0.15 | Reward:   1.0 | Average Reward: 1.340 | Steps: 63215 | Total Reward: 422.0|
| Episode: 273 | Epsilon:  0.15 | Reward:   1.0 | Average Reward: 1.330 | Steps: 63404 | Total Reward: 423.0|
| Episode: 274 | Epsilon:  0.15 | Reward:   2.0 | Average Reward: 1.350 | Steps: 63638 | Total Reward: 425.0|
| Episode: 275 | Epsilon:  0.15 | Reward:   0.0 | Average Reward: 1.320 | Steps: 63791 | Total Reward: 425.0|
| Episode: 276 | Epsilon:  0.15 | Reward:   1.0 | Average Reward: 1.320 | Steps: 63986 | Total Reward: 426.0|
| Episode: 277 | Epsilon:  0.15 | Reward:   0.0 | Average Reward: 1.290 | Steps: 64140 | Total Reward: 426.0|
| Episode: 278 | Epsilon:  0.15 | Reward:   0.0 | Average Reward: 1.270 | Steps: 64291 | Total Reward: 426.0|
| Episode: 279 | Epsilon:  0.15 | Reward:   1.0 | Average Reward: 1.280 | Steps: 64483 | Total Reward: 427.0|
| Episode: 280 | Epsilon:  0.15 | Reward:   2.0 | Average Reward: 1.290 | Steps: 64725 | Total Reward: 429.0|
| Episode: 281 | Epsilon:  0.15 | Reward:   1.0 | Average Reward: 1.290 | Steps: 64913 | Total Reward: 430.0|
| Episode: 282 | Epsilon:  0.15 | Reward:   2.0 | Average Reward: 1.290 | Steps: 65148 | Total Reward: 432.0|
| Episode: 283 | Epsilon:  0.15 | Reward:   0.0 | Average Reward: 1.270 | Steps: 65326 | Total Reward: 432.0|
| Episode: 284 | Epsilon:  0.15 | Reward:   2.0 | Average Reward: 1.260 | Steps: 65552 | Total Reward: 434.0|
| Episode: 285 | Epsilon:  0.15 | Reward:   1.0 | Average Reward: 1.260 | Steps: 65748 | Total Reward: 435.0|
| Episode: 286 | Epsilon:  0.15 | Reward:   2.0 | Average Reward: 1.270 | Steps: 65977 | Total Reward: 437.0|
| Episode: 287 | Epsilon:  0.15 | Reward:   7.0 | Average Reward: 1.320 | Steps: 66468 | Total Reward: 444.0|
| Episode: 288 | Epsilon:  0.14 | Reward:   0.0 | Average Reward: 1.300 | Steps: 66628 | Total Reward: 444.0|
| Episode: 289 | Epsilon:  0.14 | Reward:   0.0 | Average Reward: 1.280 | Steps: 66779 | Total Reward: 444.0|
| Episode: 290 | Epsilon:  0.14 | Reward:   1.0 | Average Reward: 1.260 | Steps: 66969 | Total Reward: 445.0|
| Episode: 291 | Epsilon:  0.14 | Reward:   1.0 | Average Reward: 1.250 | Steps: 67157 | Total Reward: 446.0|
| Episode: 292 | Epsilon:  0.14 | Reward:   1.0 | Average Reward: 1.260 | Steps: 67348 | Total Reward: 447.0|
| Episode: 293 | Epsilon:  0.14 | Reward:   2.0 | Average Reward: 1.230 | Steps: 67583 | Total Reward: 449.0|
| Episode: 294 | Epsilon:  0.14 | Reward:   3.0 | Average Reward: 1.250 | Steps: 67903 | Total Reward: 452.0|
| Episode: 295 | Epsilon:  0.14 | Reward:   2.0 | Average Reward: 1.250 | Steps: 68136 | Total Reward: 454.0|
| Episode: 296 | Epsilon:  0.14 | Reward:   1.0 | Average Reward: 1.240 | Steps: 68325 | Total Reward: 455.0|
| Episode: 297 | Epsilon:  0.14 | Reward:   2.0 | Average Reward: 1.260 | Steps: 68566 | Total Reward: 457.0|
| Episode: 298 | Epsilon:  0.14 | Reward:   1.0 | Average Reward: 1.260 | Steps: 68759 | Total Reward: 458.0|
| Episode: 299 | Epsilon:  0.14 | Reward:   1.0 | Average Reward: 1.240 | Steps: 68950 | Total Reward: 459.0|
| Episode: 300 | Epsilon:  0.14 | Reward:   1.0 | Average Reward: 1.250 | Steps: 69138 | Total Reward: 460.0|
| Episode: 301 | Epsilon:  0.14 | Reward:   1.0 | Average Reward: 1.260 | Steps: 69329 | Total Reward: 461.0|
| Episode: 302 | Epsilon:  0.14 | Reward:   1.0 | Average Reward: 1.250 | Steps: 69536 | Total Reward: 462.0|
| Episode: 303 | Epsilon:  0.14 | Reward:   1.0 | Average Reward: 1.240 | Steps: 69740 | Total Reward: 463.0|
| Episode: 304 | Epsilon:  0.14 | Reward:   1.0 | Average Reward: 1.250 | Steps: 69923 | Total Reward: 464.0|
| Episode: 305 | Epsilon:  0.14 | Reward:   2.0 | Average Reward: 1.250 | Steps: 70155 | Total Reward: 466.0|
| Episode: 306 | Epsilon:  0.14 | Reward:   2.0 | Average Reward: 1.270 | Steps: 70394 | Total Reward: 468.0|
| Episode: 307 | Epsilon:  0.14 | Reward:   2.0 | Average Reward: 1.250 | Steps: 70624 | Total Reward: 470.0|
| Episode: 308 | Epsilon:  0.14 | Reward:   2.0 | Average Reward: 1.270 | Steps: 70871 | Total Reward: 472.0|
| Episode: 309 | Epsilon:  0.14 | Reward:   2.0 | Average Reward: 1.270 | Steps: 71111 | Total Reward: 474.0|
| Episode: 310 | Epsilon:  0.14 | Reward:   2.0 | Average Reward: 1.280 | Steps: 71345 | Total Reward: 476.0|
| Episode: 311 | Epsilon:  0.14 | Reward:   4.0 | Average Reward: 1.310 | Steps: 71743 | Total Reward: 480.0|
| Episode: 312 | Epsilon:  0.14 | Reward:   3.0 | Average Reward: 1.310 | Steps: 72041 | Total Reward: 483.0|
| Episode: 313 | Epsilon:  0.14 | Reward:   1.0 | Average Reward: 1.310 | Steps: 72238 | Total Reward: 484.0|
| Episode: 314 | Epsilon:  0.13 | Reward:   2.0 | Average Reward: 1.310 | Steps: 72492 | Total Reward: 486.0|
| Episode: 315 | Epsilon:  0.13 | Reward:   2.0 | Average Reward: 1.310 | Steps: 72714 | Total Reward: 488.0|
| Episode: 316 | Epsilon:  0.13 | Reward:   1.0 | Average Reward: 1.310 | Steps: 72906 | Total Reward: 489.0|
| Episode: 317 | Epsilon:  0.13 | Reward:   1.0 | Average Reward: 1.310 | Steps: 73101 | Total Reward: 490.0|
| Episode: 318 | Epsilon:  0.13 | Reward:   0.0 | Average Reward: 1.290 | Steps: 73254 | Total Reward: 490.0|
| Episode: 319 | Epsilon:  0.13 | Reward:   1.0 | Average Reward: 1.290 | Steps: 73444 | Total Reward: 491.0|
| Episode: 320 | Epsilon:  0.13 | Reward:   1.0 | Average Reward: 1.290 | Steps: 73634 | Total Reward: 492.0|
| Episode: 321 | Epsilon:  0.13 | Reward:   3.0 | Average Reward: 1.310 | Steps: 73911 | Total Reward: 495.0|
| Episode: 322 | Epsilon:  0.13 | Reward:   2.0 | Average Reward: 1.330 | Steps: 74142 | Total Reward: 497.0|
| Episode: 323 | Epsilon:  0.13 | Reward:   0.0 | Average Reward: 1.300 | Steps: 74294 | Total Reward: 497.0|
| Episode: 324 | Epsilon:  0.13 | Reward:   0.0 | Average Reward: 1.240 | Steps: 74444 | Total Reward: 497.0|
| Episode: 325 | Epsilon:  0.13 | Reward:   2.0 | Average Reward: 1.240 | Steps: 74674 | Total Reward: 499.0|
| Episode: 326 | Epsilon:  0.13 | Reward:   4.0 | Average Reward: 1.280 | Steps: 74990 | Total Reward: 503.0|
| Episode: 327 | Epsilon:  0.13 | Reward:   2.0 | Average Reward: 1.290 | Steps: 75224 | Total Reward: 505.0|
| Episode: 328 | Epsilon:  0.13 | Reward:   1.0 | Average Reward: 1.300 | Steps: 75410 | Total Reward: 506.0|
| Episode: 329 | Epsilon:  0.13 | Reward:   1.0 | Average Reward: 1.300 | Steps: 75602 | Total Reward: 507.0|
| Episode: 330 | Epsilon:  0.13 | Reward:   1.0 | Average Reward: 1.300 | Steps: 75794 | Total Reward: 508.0|
| Episode: 331 | Epsilon:  0.13 | Reward:   1.0 | Average Reward: 1.310 | Steps: 75990 | Total Reward: 509.0|
| Episode: 332 | Epsilon:  0.13 | Reward:   4.0 | Average Reward: 1.350 | Steps: 76306 | Total Reward: 513.0|
| Episode: 333 | Epsilon:  0.13 | Reward:   2.0 | Average Reward: 1.340 | Steps: 76526 | Total Reward: 515.0|
| Episode: 334 | Epsilon:  0.13 | Reward:   0.0 | Average Reward: 1.330 | Steps: 76678 | Total Reward: 515.0|
| Episode: 335 | Epsilon:  0.13 | Reward:   1.0 | Average Reward: 1.330 | Steps: 76877 | Total Reward: 516.0|
| Episode: 336 | Epsilon:  0.13 | Reward:   0.0 | Average Reward: 1.310 | Steps: 77027 | Total Reward: 516.0|
| Episode: 337 | Epsilon:  0.13 | Reward:   1.0 | Average Reward: 1.320 | Steps: 77224 | Total Reward: 517.0|
| Episode: 338 | Epsilon:  0.13 | Reward:   2.0 | Average Reward: 1.330 | Steps: 77451 | Total Reward: 519.0|
| Episode: 339 | Epsilon:  0.13 | Reward:   1.0 | Average Reward: 1.340 | Steps: 77641 | Total Reward: 520.0|
| Episode: 340 | Epsilon:  0.13 | Reward:   1.0 | Average Reward: 1.320 | Steps: 77836 | Total Reward: 521.0|
| Episode: 341 | Epsilon:  0.13 | Reward:   0.0 | Average Reward: 1.310 | Steps: 77993 | Total Reward: 521.0|
| Episode: 342 | Epsilon:  0.13 | Reward:   1.0 | Average Reward: 1.310 | Steps: 78198 | Total Reward: 522.0|
| Episode: 343 | Epsilon:  0.13 | Reward:   3.0 | Average Reward: 1.330 | Steps: 78466 | Total Reward: 525.0|
| Episode: 344 | Epsilon:  0.13 | Reward:   1.0 | Average Reward: 1.340 | Steps: 78659 | Total Reward: 526.0|
| Episode: 345 | Epsilon:  0.13 | Reward:   2.0 | Average Reward: 1.360 | Steps: 78890 | Total Reward: 528.0|
| Episode: 346 | Epsilon:  0.13 | Reward:   3.0 | Average Reward: 1.390 | Steps: 79186 | Total Reward: 531.0|
| Episode: 347 | Epsilon:  0.12 | Reward:   0.0 | Average Reward: 1.380 | Steps: 79336 | Total Reward: 531.0|
| Episode: 348 | Epsilon:  0.12 | Reward:   1.0 | Average Reward: 1.380 | Steps: 79526 | Total Reward: 532.0|
| Episode: 349 | Epsilon:  0.12 | Reward:   3.0 | Average Reward: 1.400 | Steps: 79797 | Total Reward: 535.0|
| Episode: 350 | Epsilon:  0.12 | Reward:   0.0 | Average Reward: 1.370 | Steps: 79950 | Total Reward: 535.0|
| Episode: 351 | Epsilon:  0.12 | Reward:   1.0 | Average Reward: 1.370 | Steps: 80136 | Total Reward: 536.0|
| Episode: 352 | Epsilon:  0.12 | Reward:   3.0 | Average Reward: 1.400 | Steps: 80411 | Total Reward: 539.0|
| Episode: 353 | Epsilon:  0.12 | Reward:   3.0 | Average Reward: 1.420 | Steps: 80750 | Total Reward: 542.0|
| Episode: 354 | Epsilon:  0.12 | Reward:   1.0 | Average Reward: 1.420 | Steps: 80940 | Total Reward: 543.0|
| Episode: 355 | Epsilon:  0.12 | Reward:   1.0 | Average Reward: 1.410 | Steps: 81134 | Total Reward: 544.0|
| Episode: 356 | Epsilon:  0.12 | Reward:   1.0 | Average Reward: 1.410 | Steps: 81325 | Total Reward: 545.0|
| Episode: 357 | Epsilon:  0.12 | Reward:   1.0 | Average Reward: 1.400 | Steps: 81516 | Total Reward: 546.0|
| Episode: 358 | Epsilon:  0.12 | Reward:   1.0 | Average Reward: 1.400 | Steps: 81711 | Total Reward: 547.0|
| Episode: 359 | Epsilon:  0.12 | Reward:   2.0 | Average Reward: 1.400 | Steps: 81942 | Total Reward: 549.0|
| Episode: 360 | Epsilon:  0.12 | Reward:   2.0 | Average Reward: 1.400 | Steps: 82285 | Total Reward: 551.0|
| Episode: 361 | Epsilon:  0.12 | Reward:   2.0 | Average Reward: 1.420 | Steps: 82510 | Total Reward: 553.0|
| Episode: 362 | Epsilon:  0.12 | Reward:   1.0 | Average Reward: 1.410 | Steps: 82696 | Total Reward: 554.0|
| Episode: 363 | Epsilon:  0.12 | Reward:   0.0 | Average Reward: 1.400 | Steps: 82851 | Total Reward: 554.0|
| Episode: 364 | Epsilon:  0.12 | Reward:   2.0 | Average Reward: 1.400 | Steps: 83077 | Total Reward: 556.0|
| Episode: 365 | Epsilon:  0.12 | Reward:   1.0 | Average Reward: 1.400 | Steps: 83267 | Total Reward: 557.0|
| Episode: 366 | Epsilon:  0.12 | Reward:   3.0 | Average Reward: 1.430 | Steps: 83541 | Total Reward: 560.0|
| Episode: 367 | Epsilon:  0.12 | Reward:   2.0 | Average Reward: 1.440 | Steps: 83776 | Total Reward: 562.0|
| Episode: 368 | Epsilon:  0.12 | Reward:   2.0 | Average Reward: 1.460 | Steps: 84010 | Total Reward: 564.0|
| Episode: 369 | Epsilon:  0.12 | Reward:   1.0 | Average Reward: 1.460 | Steps: 84199 | Total Reward: 565.0|
| Episode: 370 | Epsilon:  0.12 | Reward:   1.0 | Average Reward: 1.460 | Steps: 84388 | Total Reward: 566.0|
| Episode: 371 | Epsilon:  0.12 | Reward:   1.0 | Average Reward: 1.460 | Steps: 84585 | Total Reward: 567.0|
| Episode: 372 | Epsilon:  0.12 | Reward:   2.0 | Average Reward: 1.470 | Steps: 84815 | Total Reward: 569.0|
| Episode: 373 | Epsilon:  0.12 | Reward:   2.0 | Average Reward: 1.480 | Steps: 85043 | Total Reward: 571.0|
| Episode: 374 | Epsilon:  0.12 | Reward:   2.0 | Average Reward: 1.480 | Steps: 85275 | Total Reward: 573.0|
| Episode: 375 | Epsilon:  0.12 | Reward:   1.0 | Average Reward: 1.490 | Steps: 85511 | Total Reward: 574.0|
| Episode: 376 | Epsilon:  0.12 | Reward:   1.0 | Average Reward: 1.490 | Steps: 85704 | Total Reward: 575.0|
| Episode: 377 | Epsilon:  0.12 | Reward:   2.0 | Average Reward: 1.510 | Steps: 85985 | Total Reward: 577.0|
| Episode: 378 | Epsilon:  0.12 | Reward:   1.0 | Average Reward: 1.520 | Steps: 86178 | Total Reward: 578.0|
| Episode: 379 | Epsilon:  0.12 | Reward:   1.0 | Average Reward: 1.520 | Steps: 86416 | Total Reward: 579.0|
| Episode: 380 | Epsilon:  0.12 | Reward:   1.0 | Average Reward: 1.510 | Steps: 86721 | Total Reward: 580.0|
| Episode: 381 | Epsilon:  0.12 | Reward:   1.0 | Average Reward: 1.510 | Steps: 86913 | Total Reward: 581.0|
| Episode: 382 | Epsilon:  0.12 | Reward:   1.0 | Average Reward: 1.500 | Steps: 87104 | Total Reward: 582.0|
| Episode: 383 | Epsilon:  0.12 | Reward:   0.0 | Average Reward: 1.500 | Steps: 87258 | Total Reward: 582.0|
| Episode: 384 | Epsilon:  0.12 | Reward:   2.0 | Average Reward: 1.500 | Steps: 87487 | Total Reward: 584.0|
| Episode: 385 | Epsilon:  0.12 | Reward:   0.0 | Average Reward: 1.490 | Steps: 87644 | Total Reward: 584.0|
| Episode: 386 | Epsilon:  0.12 | Reward:   0.0 | Average Reward: 1.470 | Steps: 87806 | Total Reward: 584.0|
| Episode: 387 | Epsilon:  0.12 | Reward:   2.0 | Average Reward: 1.420 | Steps: 88041 | Total Reward: 586.0|
| Episode: 388 | Epsilon:  0.12 | Reward:   2.0 | Average Reward: 1.440 | Steps: 88275 | Total Reward: 588.0|
| Episode: 389 | Epsilon:  0.12 | Reward:   2.0 | Average Reward: 1.460 | Steps: 88510 | Total Reward: 590.0|
| Episode: 390 | Epsilon:  0.12 | Reward:   1.0 | Average Reward: 1.460 | Steps: 88698 | Total Reward: 591.0|
| Episode: 391 | Epsilon:  0.12 | Reward:   3.0 | Average Reward: 1.480 | Steps: 88991 | Total Reward: 594.0|
| Episode: 392 | Epsilon:  0.12 | Reward:   2.0 | Average Reward: 1.490 | Steps: 89219 | Total Reward: 596.0|
| Episode: 393 | Epsilon:  0.12 | Reward:   0.0 | Average Reward: 1.470 | Steps: 89372 | Total Reward: 596.0|
| Episode: 394 | Epsilon:  0.12 | Reward:   3.0 | Average Reward: 1.470 | Steps: 89651 | Total Reward: 599.0|
| Episode: 395 | Epsilon:  0.12 | Reward:   3.0 | Average Reward: 1.480 | Steps: 89932 | Total Reward: 602.0|
| Episode: 396 | Epsilon:  0.12 | Reward:   3.0 | Average Reward: 1.500 | Steps: 90203 | Total Reward: 605.0|
| Episode: 397 | Epsilon:  0.12 | Reward:   3.0 | Average Reward: 1.510 | Steps: 90477 | Total Reward: 608.0|
| Episode: 398 | Epsilon:  0.11 | Reward:   1.0 | Average Reward: 1.510 | Steps: 90666 | Total Reward: 609.0|
| Episode: 399 | Epsilon:  0.11 | Reward:   3.0 | Average Reward: 1.530 | Steps: 90931 | Total Reward: 612.0|
| Episode: 400 | Epsilon:  0.11 | Reward:   1.0 | Average Reward: 1.530 | Steps: 91125 | Total Reward: 613.0|
| Episode: 401 | Epsilon:  0.11 | Reward:   1.0 | Average Reward: 1.530 | Steps: 91316 | Total Reward: 614.0|
| Episode: 402 | Epsilon:  0.11 | Reward:   1.0 | Average Reward: 1.530 | Steps: 91506 | Total Reward: 615.0|
| Episode: 403 | Epsilon:  0.11 | Reward:   1.0 | Average Reward: 1.530 | Steps: 91704 | Total Reward: 616.0|
| Episode: 404 | Epsilon:  0.11 | Reward:   3.0 | Average Reward: 1.550 | Steps: 91996 | Total Reward: 619.0|
| Episode: 405 | Epsilon:  0.11 | Reward:   3.0 | Average Reward: 1.560 | Steps: 92276 | Total Reward: 622.0|
| Episode: 406 | Epsilon:  0.11 | Reward:   3.0 | Average Reward: 1.570 | Steps: 92541 | Total Reward: 625.0|
| Episode: 407 | Epsilon:  0.11 | Reward:   2.0 | Average Reward: 1.570 | Steps: 92768 | Total Reward: 627.0|
| Episode: 408 | Epsilon:  0.11 | Reward:   2.0 | Average Reward: 1.570 | Steps: 92995 | Total Reward: 629.0|
| Episode: 409 | Epsilon:  0.11 | Reward:   0.0 | Average Reward: 1.550 | Steps: 93148 | Total Reward: 629.0|
| Episode: 410 | Epsilon:  0.11 | Reward:   3.0 | Average Reward: 1.560 | Steps: 93415 | Total Reward: 632.0|
| Episode: 411 | Epsilon:  0.11 | Reward:   1.0 | Average Reward: 1.530 | Steps: 93603 | Total Reward: 633.0|
| Episode: 412 | Epsilon:  0.11 | Reward:   1.0 | Average Reward: 1.510 | Steps: 93783 | Total Reward: 634.0|
| Episode: 413 | Epsilon:  0.11 | Reward:   1.0 | Average Reward: 1.510 | Steps: 93972 | Total Reward: 635.0|
| Episode: 414 | Epsilon:  0.11 | Reward:   0.0 | Average Reward: 1.490 | Steps: 94122 | Total Reward: 635.0|
| Episode: 415 | Epsilon:  0.11 | Reward:   2.0 | Average Reward: 1.490 | Steps: 94353 | Total Reward: 637.0|
| Episode: 416 | Epsilon:  0.11 | Reward:   1.0 | Average Reward: 1.490 | Steps: 94543 | Total Reward: 638.0|
| Episode: 417 | Epsilon:  0.11 | Reward:   2.0 | Average Reward: 1.500 | Steps: 94773 | Total Reward: 640.0|
| Episode: 418 | Epsilon:  0.11 | Reward:   3.0 | Average Reward: 1.530 | Steps: 95059 | Total Reward: 643.0|
| Episode: 419 | Epsilon:  0.11 | Reward:   2.0 | Average Reward: 1.540 | Steps: 95293 | Total Reward: 645.0|
| Episode: 420 | Epsilon:  0.11 | Reward:   1.0 | Average Reward: 1.540 | Steps: 95487 | Total Reward: 646.0|
| Episode: 421 | Epsilon:  0.11 | Reward:   1.0 | Average Reward: 1.520 | Steps: 95679 | Total Reward: 647.0|
| Episode: 422 | Epsilon:  0.11 | Reward:   0.0 | Average Reward: 1.500 | Steps: 95829 | Total Reward: 647.0|
| Episode: 423 | Epsilon:  0.11 | Reward:   1.0 | Average Reward: 1.510 | Steps: 96017 | Total Reward: 648.0|
| Episode: 424 | Epsilon:  0.11 | Reward:   0.0 | Average Reward: 1.510 | Steps: 96169 | Total Reward: 648.0|
| Episode: 425 | Epsilon:  0.11 | Reward:   1.0 | Average Reward: 1.500 | Steps: 96362 | Total Reward: 649.0|
| Episode: 426 | Epsilon:  0.11 | Reward:   2.0 | Average Reward: 1.480 | Steps: 96592 | Total Reward: 651.0|
| Episode: 427 | Epsilon:  0.11 | Reward:   0.0 | Average Reward: 1.460 | Steps: 96749 | Total Reward: 651.0|
| Episode: 428 | Epsilon:  0.11 | Reward:   3.0 | Average Reward: 1.480 | Steps: 97041 | Total Reward: 654.0|
| Episode: 429 | Epsilon:  0.11 | Reward:   2.0 | Average Reward: 1.490 | Steps: 97275 | Total Reward: 656.0|
| Episode: 430 | Epsilon:  0.11 | Reward:   2.0 | Average Reward: 1.500 | Steps: 97510 | Total Reward: 658.0|
| Episode: 431 | Epsilon:  0.11 | Reward:   2.0 | Average Reward: 1.510 | Steps: 97744 | Total Reward: 660.0|
| Episode: 432 | Epsilon:  0.11 | Reward:   2.0 | Average Reward: 1.490 | Steps: 97973 | Total Reward: 662.0|
| Episode: 433 | Epsilon:  0.11 | Reward:   2.0 | Average Reward: 1.490 | Steps: 98198 | Total Reward: 664.0|
| Episode: 434 | Epsilon:  0.11 | Reward:   1.0 | Average Reward: 1.500 | Steps: 98384 | Total Reward: 665.0|
| Episode: 435 | Epsilon:  0.11 | Reward:   1.0 | Average Reward: 1.500 | Steps: 98579 | Total Reward: 666.0|
| Episode: 436 | Epsilon:  0.11 | Reward:   0.0 | Average Reward: 1.500 | Steps: 98741 | Total Reward: 666.0|
| Episode: 437 | Epsilon:  0.11 | Reward:   2.0 | Average Reward: 1.510 | Steps: 98972 | Total Reward: 668.0|
| Episode: 438 | Epsilon:  0.11 | Reward:   0.0 | Average Reward: 1.490 | Steps: 99120 | Total Reward: 668.0|
| Episode: 439 | Epsilon:  0.11 | Reward:   2.0 | Average Reward: 1.500 | Steps: 99350 | Total Reward: 670.0|
| Episode: 440 | Epsilon:  0.11 | Reward:   2.0 | Average Reward: 1.510 | Steps: 99634 | Total Reward: 672.0|
| Episode: 441 | Epsilon:  0.11 | Reward:   2.0 | Average Reward: 1.530 | Steps: 99976 | Total Reward: 674.0|
| Episode: 442 | Epsilon:  0.11 | Reward:   0.0 | Average Reward: 1.520 | Steps: 100129 | Total Reward: 674.0|
| Episode: 443 | Epsilon:  0.11 | Reward:   1.0 | Average Reward: 1.500 | Steps: 100317 | Total Reward: 675.0|
| Episode: 444 | Epsilon:  0.11 | Reward:   1.0 | Average Reward: 1.500 | Steps: 100519 | Total Reward: 676.0|
| Episode: 445 | Epsilon:  0.11 | Reward:   1.0 | Average Reward: 1.490 | Steps: 100714 | Total Reward: 677.0|
| Episode: 446 | Epsilon:  0.11 | Reward:   0.0 | Average Reward: 1.460 | Steps: 100863 | Total Reward: 677.0|
| Episode: 447 | Epsilon:  0.11 | Reward:   2.0 | Average Reward: 1.480 | Steps: 101111 | Total Reward: 679.0|
| Episode: 448 | Epsilon:  0.11 | Reward:   2.0 | Average Reward: 1.490 | Steps: 101344 | Total Reward: 681.0|
| Episode: 449 | Epsilon:  0.11 | Reward:   1.0 | Average Reward: 1.470 | Steps: 101537 | Total Reward: 682.0|
| Episode: 450 | Epsilon:  0.11 | Reward:   1.0 | Average Reward: 1.480 | Steps: 101729 | Total Reward: 683.0|
| Episode: 451 | Epsilon:  0.11 | Reward:   2.0 | Average Reward: 1.490 | Steps: 101960 | Total Reward: 685.0|
| Episode: 452 | Epsilon:  0.11 | Reward:   1.0 | Average Reward: 1.470 | Steps: 102149 | Total Reward: 686.0|
| Episode: 453 | Epsilon:  0.11 | Reward:   1.0 | Average Reward: 1.450 | Steps: 102337 | Total Reward: 687.0|
| Episode: 454 | Epsilon:  0.11 | Reward:   0.0 | Average Reward: 1.440 | Steps: 102497 | Total Reward: 687.0|
| Episode: 455 | Epsilon:  0.11 | Reward:   1.0 | Average Reward: 1.440 | Steps: 102684 | Total Reward: 688.0|
| Episode: 456 | Epsilon:  0.11 | Reward:   2.0 | Average Reward: 1.450 | Steps: 102916 | Total Reward: 690.0|
| Episode: 457 | Epsilon:  0.11 | Reward:   1.0 | Average Reward: 1.450 | Steps: 103104 | Total Reward: 691.0|
| Episode: 458 | Epsilon:  0.11 | Reward:   2.0 | Average Reward: 1.460 | Steps: 103339 | Total Reward: 693.0|
| Episode: 459 | Epsilon:  0.11 | Reward:   1.0 | Average Reward: 1.450 | Steps: 103530 | Total Reward: 694.0|
| Episode: 460 | Epsilon:  0.11 | Reward:   2.0 | Average Reward: 1.450 | Steps: 103757 | Total Reward: 696.0|
| Episode: 461 | Epsilon:  0.11 | Reward:   1.0 | Average Reward: 1.440 | Steps: 103965 | Total Reward: 697.0|
| Episode: 462 | Epsilon:  0.11 | Reward:   1.0 | Average Reward: 1.440 | Steps: 104155 | Total Reward: 698.0|
| Episode: 463 | Epsilon:  0.11 | Reward:   1.0 | Average Reward: 1.450 | Steps: 104374 | Total Reward: 699.0|
| Episode: 464 | Epsilon:  0.11 | Reward:   1.0 | Average Reward: 1.440 | Steps: 104563 | Total Reward: 700.0|
| Episode: 465 | Epsilon:  0.11 | Reward:   0.0 | Average Reward: 1.430 | Steps: 104718 | Total Reward: 700.0|
| Episode: 466 | Epsilon:  0.11 | Reward:   1.0 | Average Reward: 1.410 | Steps: 104913 | Total Reward: 701.0|
| Episode: 467 | Epsilon:  0.11 | Reward:   0.0 | Average Reward: 1.390 | Steps: 105062 | Total Reward: 701.0|
| Episode: 468 | Epsilon:  0.11 | Reward:   1.0 | Average Reward: 1.380 | Steps: 105251 | Total Reward: 702.0|
| Episode: 469 | Epsilon:  0.11 | Reward:   1.0 | Average Reward: 1.380 | Steps: 105446 | Total Reward: 703.0|
| Episode: 470 | Epsilon:  0.11 | Reward:   2.0 | Average Reward: 1.390 | Steps: 105683 | Total Reward: 705.0|
| Episode: 471 | Epsilon:  0.11 | Reward:   1.0 | Average Reward: 1.390 | Steps: 105962 | Total Reward: 706.0|
| Episode: 472 | Epsilon:  0.11 | Reward:   1.0 | Average Reward: 1.380 | Steps: 106195 | Total Reward: 707.0|
| Episode: 473 | Epsilon:  0.11 | Reward:   1.0 | Average Reward: 1.370 | Steps: 106408 | Total Reward: 708.0|
| Episode: 474 | Epsilon:  0.11 | Reward:   1.0 | Average Reward: 1.360 | Steps: 106593 | Total Reward: 709.0|
| Episode: 475 | Epsilon:  0.11 | Reward:   2.0 | Average Reward: 1.370 | Steps: 106826 | Total Reward: 711.0|
| Episode: 476 | Epsilon:  0.11 | Reward:   3.0 | Average Reward: 1.390 | Steps: 107088 | Total Reward: 714.0|
| Episode: 477 | Epsilon:  0.11 | Reward:   1.0 | Average Reward: 1.380 | Steps: 107283 | Total Reward: 715.0|
| Episode: 478 | Epsilon:  0.11 | Reward:   6.0 | Average Reward: 1.430 | Steps: 107730 | Total Reward: 721.0|
| Episode: 479 | Epsilon:  0.11 | Reward:   2.0 | Average Reward: 1.440 | Steps: 107962 | Total Reward: 723.0|
| Episode: 480 | Epsilon:  0.11 | Reward:   3.0 | Average Reward: 1.460 | Steps: 108241 | Total Reward: 726.0|
| Episode: 481 | Epsilon:  0.11 | Reward:   1.0 | Average Reward: 1.460 | Steps: 108431 | Total Reward: 727.0|
| Episode: 482 | Epsilon:  0.11 | Reward:   2.0 | Average Reward: 1.470 | Steps: 108665 | Total Reward: 729.0|
| Episode: 483 | Epsilon:  0.11 | Reward:   2.0 | Average Reward: 1.490 | Steps: 108896 | Total Reward: 731.0|
| Episode: 484 | Epsilon:  0.11 | Reward:   2.0 | Average Reward: 1.490 | Steps: 109129 | Total Reward: 733.0|
| Episode: 485 | Epsilon:  0.11 | Reward:   1.0 | Average Reward: 1.500 | Steps: 109328 | Total Reward: 734.0|
| Episode: 486 | Epsilon:  0.11 | Reward:   2.0 | Average Reward: 1.520 | Steps: 109566 | Total Reward: 736.0|
| Episode: 487 | Epsilon:  0.11 | Reward:   1.0 | Average Reward: 1.510 | Steps: 109762 | Total Reward: 737.0|
| Episode: 488 | Epsilon:  0.11 | Reward:   2.0 | Average Reward: 1.510 | Steps: 109989 | Total Reward: 739.0|
| Episode: 489 | Epsilon:  0.11 | Reward:   5.0 | Average Reward: 1.540 | Steps: 110362 | Total Reward: 744.0|
| Episode: 490 | Epsilon:  0.11 | Reward:   1.0 | Average Reward: 1.540 | Steps: 110556 | Total Reward: 745.0|
| Episode: 491 | Epsilon:  0.11 | Reward:   1.0 | Average Reward: 1.520 | Steps: 110742 | Total Reward: 746.0|
| Episode: 492 | Epsilon:  0.11 | Reward:   1.0 | Average Reward: 1.510 | Steps: 110941 | Total Reward: 747.0|
| Episode: 493 | Epsilon:  0.11 | Reward:   1.0 | Average Reward: 1.520 | Steps: 111127 | Total Reward: 748.0|
| Episode: 494 | Epsilon:  0.11 | Reward:   1.0 | Average Reward: 1.500 | Steps: 111322 | Total Reward: 749.0|
| Episode: 495 | Epsilon:  0.11 | Reward:   1.0 | Average Reward: 1.480 | Steps: 111513 | Total Reward: 750.0|
| Episode: 496 | Epsilon:  0.11 | Reward:   3.0 | Average Reward: 1.480 | Steps: 111781 | Total Reward: 753.0|
| Episode: 497 | Epsilon:  0.11 | Reward:   3.0 | Average Reward: 1.480 | Steps: 112066 | Total Reward: 756.0|
| Episode: 498 | Epsilon:  0.11 | Reward:   2.0 | Average Reward: 1.490 | Steps: 112296 | Total Reward: 758.0|
| Episode: 499 | Epsilon:  0.11 | Reward:   2.0 | Average Reward: 1.480 | Steps: 112522 | Total Reward: 760.0|
| Episode: 500 | Epsilon:  0.11 | Reward:   2.0 | Average Reward: 1.490 | Steps: 112749 | Total Reward: 762.0|
| Episode: 501 | Epsilon:  0.11 | Reward:   2.0 | Average Reward: 1.500 | Steps: 112973 | Total Reward: 764.0|
| Episode: 502 | Epsilon:  0.11 | Reward:   1.0 | Average Reward: 1.500 | Steps: 113171 | Total Reward: 765.0|
| Episode: 503 | Epsilon:  0.11 | Reward:   2.0 | Average Reward: 1.510 | Steps: 113401 | Total Reward: 767.0|
| Episode: 504 | Epsilon:  0.11 | Reward:   0.0 | Average Reward: 1.480 | Steps: 113552 | Total Reward: 767.0|
| Episode: 505 | Epsilon:  0.11 | Reward:   0.0 | Average Reward: 1.450 | Steps: 113700 | Total Reward: 767.0|
| Episode: 506 | Epsilon:  0.11 | Reward:   0.0 | Average Reward: 1.420 | Steps: 113856 | Total Reward: 767.0|
| Episode: 507 | Epsilon:  0.11 | Reward:   2.0 | Average Reward: 1.420 | Steps: 114092 | Total Reward: 769.0|
| Episode: 508 | Epsilon:  0.10 | Reward:   1.0 | Average Reward: 1.410 | Steps: 114292 | Total Reward: 770.0|
| Episode: 509 | Epsilon:  0.10 | Reward:   0.0 | Average Reward: 1.410 | Steps: 114450 | Total Reward: 770.0|
| Episode: 510 | Epsilon:  0.10 | Reward:   4.0 | Average Reward: 1.420 | Steps: 114783 | Total Reward: 774.0|
| Episode: 511 | Epsilon:  0.10 | Reward:   0.0 | Average Reward: 1.410 | Steps: 114934 | Total Reward: 774.0|
| Episode: 512 | Epsilon:  0.10 | Reward:   0.0 | Average Reward: 1.400 | Steps: 115088 | Total Reward: 774.0|
| Episode: 513 | Epsilon:  0.10 | Reward:   0.0 | Average Reward: 1.390 | Steps: 115242 | Total Reward: 774.0|
| Episode: 514 | Epsilon:  0.10 | Reward:   1.0 | Average Reward: 1.400 | Steps: 115434 | Total Reward: 775.0|
| Episode: 515 | Epsilon:  0.10 | Reward:   2.0 | Average Reward: 1.400 | Steps: 115671 | Total Reward: 777.0|
| Episode: 516 | Epsilon:  0.10 | Reward:   0.0 | Average Reward: 1.390 | Steps: 115820 | Total Reward: 777.0|
| Episode: 517 | Epsilon:  0.10 | Reward:   1.0 | Average Reward: 1.380 | Steps: 116012 | Total Reward: 778.0|
| Episode: 518 | Epsilon:  0.10 | Reward:   0.0 | Average Reward: 1.350 | Steps: 116166 | Total Reward: 778.0|
| Episode: 519 | Epsilon:  0.10 | Reward:   2.0 | Average Reward: 1.350 | Steps: 116402 | Total Reward: 780.0|
| Episode: 520 | Epsilon:  0.10 | Reward:   1.0 | Average Reward: 1.350 | Steps: 116674 | Total Reward: 781.0|
| Episode: 521 | Epsilon:  0.10 | Reward:   1.0 | Average Reward: 1.350 | Steps: 116888 | Total Reward: 782.0|
| Episode: 522 | Epsilon:  0.10 | Reward:   3.0 | Average Reward: 1.380 | Steps: 117157 | Total Reward: 785.0|
| Episode: 523 | Epsilon:  0.10 | Reward:   1.0 | Average Reward: 1.380 | Steps: 117352 | Total Reward: 786.0|
| Episode: 524 | Epsilon:  0.10 | Reward:   2.0 | Average Reward: 1.400 | Steps: 117588 | Total Reward: 788.0|
| Episode: 525 | Epsilon:  0.10 | Reward:   3.0 | Average Reward: 1.420 | Steps: 117861 | Total Reward: 791.0|
| Episode: 526 | Epsilon:  0.10 | Reward:   0.0 | Average Reward: 1.400 | Steps: 118017 | Total Reward: 791.0|
| Episode: 527 | Epsilon:  0.10 | Reward:   2.0 | Average Reward: 1.420 | Steps: 118243 | Total Reward: 793.0|
| Episode: 528 | Epsilon:  0.10 | Reward:   1.0 | Average Reward: 1.400 | Steps: 118434 | Total Reward: 794.0|
| Episode: 529 | Epsilon:  0.10 | Reward:   1.0 | Average Reward: 1.390 | Steps: 118630 | Total Reward: 795.0|
| Episode: 530 | Epsilon:  0.10 | Reward:   1.0 | Average Reward: 1.380 | Steps: 118825 | Total Reward: 796.0|
| Episode: 531 | Epsilon:  0.10 | Reward:   1.0 | Average Reward: 1.370 | Steps: 119016 | Total Reward: 797.0|
| Episode: 532 | Epsilon:  0.10 | Reward:   0.0 | Average Reward: 1.350 | Steps: 119170 | Total Reward: 797.0|
| Episode: 533 | Epsilon:  0.10 | Reward:   1.0 | Average Reward: 1.340 | Steps: 119362 | Total Reward: 798.0|
| Episode: 534 | Epsilon:  0.10 | Reward:   1.0 | Average Reward: 1.340 | Steps: 119553 | Total Reward: 799.0|
| Episode: 535 | Epsilon:  0.10 | Reward:   0.0 | Average Reward: 1.330 | Steps: 119703 | Total Reward: 799.0|
| Episode: 536 | Epsilon:  0.10 | Reward:   1.0 | Average Reward: 1.340 | Steps: 119895 | Total Reward: 800.0|
| Episode: 537 | Epsilon:  0.10 | Reward:   2.0 | Average Reward: 1.340 | Steps: 120131 | Total Reward: 802.0|
| Episode: 538 | Epsilon:  0.10 | Reward:   1.0 | Average Reward: 1.350 | Steps: 120318 | Total Reward: 803.0|
| Episode: 539 | Epsilon:  0.10 | Reward:   1.0 | Average Reward: 1.340 | Steps: 120509 | Total Reward: 804.0|
| Episode: 540 | Epsilon:  0.10 | Reward:   1.0 | Average Reward: 1.330 | Steps: 120705 | Total Reward: 805.0|
| Episode: 541 | Epsilon:  0.10 | Reward:   2.0 | Average Reward: 1.330 | Steps: 120960 | Total Reward: 807.0|
| Episode: 542 | Epsilon:  0.10 | Reward:   2.0 | Average Reward: 1.350 | Steps: 121197 | Total Reward: 809.0|
| Episode: 543 | Epsilon:  0.10 | Reward:   2.0 | Average Reward: 1.360 | Steps: 121427 | Total Reward: 811.0|
| Episode: 544 | Epsilon:  0.10 | Reward:   3.0 | Average Reward: 1.380 | Steps: 121704 | Total Reward: 814.0|
| Episode: 545 | Epsilon:  0.10 | Reward:   2.0 | Average Reward: 1.390 | Steps: 121939 | Total Reward: 816.0|
| Episode: 546 | Epsilon:  0.10 | Reward:   3.0 | Average Reward: 1.420 | Steps: 122218 | Total Reward: 819.0|
| Episode: 547 | Epsilon:  0.10 | Reward:   0.0 | Average Reward: 1.400 | Steps: 122368 | Total Reward: 819.0|
| Episode: 548 | Epsilon:  0.10 | Reward:   1.0 | Average Reward: 1.390 | Steps: 122556 | Total Reward: 820.0|
| Episode: 549 | Epsilon:  0.10 | Reward:   2.0 | Average Reward: 1.400 | Steps: 122795 | Total Reward: 822.0|
| Episode: 550 | Epsilon:  0.10 | Reward:   0.0 | Average Reward: 1.390 | Steps: 122963 | Total Reward: 822.0|
| Episode: 551 | Epsilon:  0.10 | Reward:   0.0 | Average Reward: 1.370 | Steps: 123116 | Total Reward: 822.0|
| Episode: 552 | Epsilon:  0.10 | Reward:   1.0 | Average Reward: 1.370 | Steps: 123307 | Total Reward: 823.0|
| Episode: 553 | Epsilon:  0.10 | Reward:   1.0 | Average Reward: 1.370 | Steps: 123504 | Total Reward: 824.0|
| Episode: 554 | Epsilon:  0.10 | Reward:   1.0 | Average Reward: 1.380 | Steps: 123702 | Total Reward: 825.0|
| Episode: 555 | Epsilon:  0.10 | Reward:   0.0 | Average Reward: 1.370 | Steps: 123873 | Total Reward: 825.0|
| Episode: 556 | Epsilon:  0.10 | Reward:   0.0 | Average Reward: 1.350 | Steps: 124022 | Total Reward: 825.0|
| Episode: 557 | Epsilon:  0.10 | Reward:   2.0 | Average Reward: 1.360 | Steps: 124252 | Total Reward: 827.0|
| Episode: 558 | Epsilon:  0.10 | Reward:   3.0 | Average Reward: 1.370 | Steps: 124639 | Total Reward: 830.0|
| Episode: 559 | Epsilon:  0.10 | Reward:   2.0 | Average Reward: 1.380 | Steps: 124874 | Total Reward: 832.0|
| Episode: 560 | Epsilon:  0.10 | Reward:   2.0 | Average Reward: 1.380 | Steps: 125094 | Total Reward: 834.0|
| Episode: 561 | Epsilon:  0.10 | Reward:   2.0 | Average Reward: 1.390 | Steps: 125355 | Total Reward: 836.0|
| Episode: 562 | Epsilon:  0.10 | Reward:   1.0 | Average Reward: 1.390 | Steps: 125547 | Total Reward: 837.0|
| Episode: 563 | Epsilon:  0.10 | Reward:   0.0 | Average Reward: 1.380 | Steps: 125801 | Total Reward: 837.0|
| Episode: 564 | Epsilon:  0.10 | Reward:   2.0 | Average Reward: 1.390 | Steps: 126036 | Total Reward: 839.0|
| Episode: 565 | Epsilon:  0.10 | Reward:   2.0 | Average Reward: 1.410 | Steps: 126260 | Total Reward: 841.0|
| Episode: 566 | Epsilon:  0.10 | Reward:   1.0 | Average Reward: 1.410 | Steps: 126454 | Total Reward: 842.0|
| Episode: 567 | Epsilon:  0.10 | Reward:   5.0 | Average Reward: 1.460 | Steps: 126869 | Total Reward: 847.0|
| Episode: 568 | Epsilon:  0.10 | Reward:   2.0 | Average Reward: 1.470 | Steps: 127105 | Total Reward: 849.0|
| Episode: 569 | Epsilon:  0.10 | Reward:   0.0 | Average Reward: 1.460 | Steps: 127255 | Total Reward: 849.0|
| Episode: 570 | Epsilon:  0.10 | Reward:   2.0 | Average Reward: 1.460 | Steps: 127492 | Total Reward: 851.0|
| Episode: 571 | Epsilon:  0.10 | Reward:   0.0 | Average Reward: 1.450 | Steps: 127741 | Total Reward: 851.0|
| Episode: 572 | Epsilon:  0.10 | Reward:   2.0 | Average Reward: 1.460 | Steps: 128019 | Total Reward: 853.0|
| Episode: 573 | Epsilon:  0.10 | Reward:   2.0 | Average Reward: 1.470 | Steps: 128251 | Total Reward: 855.0|
| Episode: 574 | Epsilon:  0.10 | Reward:   1.0 | Average Reward: 1.470 | Steps: 128443 | Total Reward: 856.0|
| Episode: 575 | Epsilon:  0.10 | Reward:   1.0 | Average Reward: 1.460 | Steps: 128632 | Total Reward: 857.0|
| Episode: 576 | Epsilon:  0.10 | Reward:   0.0 | Average Reward: 1.430 | Steps: 128788 | Total Reward: 857.0|
| Episode: 577 | Epsilon:  0.10 | Reward:   1.0 | Average Reward: 1.430 | Steps: 128975 | Total Reward: 858.0|
| Episode: 578 | Epsilon:  0.10 | Reward:   0.0 | Average Reward: 1.370 | Steps: 129130 | Total Reward: 858.0|
| Episode: 579 | Epsilon:  0.10 | Reward:   1.0 | Average Reward: 1.360 | Steps: 129314 | Total Reward: 859.0|
| Episode: 580 | Epsilon:  0.10 | Reward:   2.0 | Average Reward: 1.350 | Steps: 129549 | Total Reward: 861.0|
| Episode: 581 | Epsilon:  0.10 | Reward:   3.0 | Average Reward: 1.370 | Steps: 129825 | Total Reward: 864.0|
| Episode: 582 | Epsilon:  0.10 | Reward:   3.0 | Average Reward: 1.380 | Steps: 130097 | Total Reward: 867.0|
| Episode: 583 | Epsilon:  0.10 | Reward:   3.0 | Average Reward: 1.390 | Steps: 130376 | Total Reward: 870.0|
| Episode: 584 | Epsilon:  0.10 | Reward:   3.0 | Average Reward: 1.400 | Steps: 130672 | Total Reward: 873.0|
| Episode: 585 | Epsilon:  0.10 | Reward:   1.0 | Average Reward: 1.400 | Steps: 130861 | Total Reward: 874.0|
| Episode: 586 | Epsilon:  0.10 | Reward:   2.0 | Average Reward: 1.400 | Steps: 131096 | Total Reward: 876.0|
| Episode: 587 | Epsilon:  0.10 | Reward:   2.0 | Average Reward: 1.410 | Steps: 131325 | Total Reward: 878.0|
| Episode: 588 | Epsilon:  0.10 | Reward:   2.0 | Average Reward: 1.410 | Steps: 131578 | Total Reward: 880.0|
| Episode: 589 | Epsilon:  0.10 | Reward:   0.0 | Average Reward: 1.360 | Steps: 131731 | Total Reward: 880.0|
| Episode: 590 | Epsilon:  0.10 | Reward:   0.0 | Average Reward: 1.350 | Steps: 131883 | Total Reward: 880.0|
| Episode: 591 | Epsilon:  0.10 | Reward:   4.0 | Average Reward: 1.380 | Steps: 132203 | Total Reward: 884.0|
| Episode: 592 | Epsilon:  0.10 | Reward:   2.0 | Average Reward: 1.390 | Steps: 132440 | Total Reward: 886.0|
| Episode: 593 | Epsilon:  0.10 | Reward:   0.0 | Average Reward: 1.380 | Steps: 132594 | Total Reward: 886.0|
| Episode: 594 | Epsilon:  0.10 | Reward:   0.0 | Average Reward: 1.370 | Steps: 132748 | Total Reward: 886.0|
| Episode: 595 | Epsilon:  0.10 | Reward:   0.0 | Average Reward: 1.360 | Steps: 132902 | Total Reward: 886.0|
| Episode: 596 | Epsilon:  0.10 | Reward:   1.0 | Average Reward: 1.340 | Steps: 133096 | Total Reward: 887.0|
| Episode: 597 | Epsilon:  0.10 | Reward:   4.0 | Average Reward: 1.350 | Steps: 133434 | Total Reward: 891.0|
| Episode: 598 | Epsilon:  0.10 | Reward:   3.0 | Average Reward: 1.360 | Steps: 133703 | Total Reward: 894.0|
| Episode: 599 | Epsilon:  0.10 | Reward:   1.0 | Average Reward: 1.350 | Steps: 133900 | Total Reward: 895.0|
| Episode: 600 | Epsilon:  0.10 | Reward:   1.0 | Average Reward: 1.340 | Steps: 134094 | Total Reward: 896.0|
