+------------------------+----------------------------+--------------------+
|                        |     Supported Features     |  Program Commands  |
+========================+============================+====================+
| Compatible Layers      | Hopfield Layer,            | hopfield,          |
|                        | HopfieldLayer Layer,       | hopfield_layer,    |
|                        | HopfieldPooling Layer,     | hopfield_pooling,  |
|                        | LSTM,                      | lstm,              |
|                        | GRU                        | gru                |
+------------------------+----------------------------+--------------------+
| Supported Loss Metrics | Huber Loss,                | huber,             |
|                        | Mean Absolute Error Loss,  | mae,               |
|                        | Mean Squared Error Loss,   | mse,               |
|                        | SmoothL1 Loss              | smooth_l1          |
+------------------------+----------------------------+--------------------+
| Supported Optimizers   | RMSprop (default),         | rmsprop,           |
|                        | AdamW,                     | adam,              |
|                        | Adam                       | adamW              |
+------------------------+----------------------------+--------------------+
| Episode:   1 | Epsilon:  0.90 | Reward: -127.9085098837067 | Average Reward: -127.909 | Steps:    73 | Total Reward: -127.9085098837067|
| Episode:   2 | Epsilon:  0.86 | Reward: -118.57971393791063 | Average Reward: -123.244 | Steps:   158 | Total Reward: -246.48822382161754|
| Episode:   3 | Epsilon:  0.82 | Reward: -409.7510807661936 | Average Reward: -218.746 | Steps:   267 | Total Reward: -656.2393045878104|
| Episode:   4 | Epsilon:  0.79 | Reward: -440.9608147247771 | Average Reward: -274.300 | Steps:   382 | Total Reward: -1097.200119312587|
| Episode:   5 | Epsilon:  0.75 | Reward: -311.3194261009777 | Average Reward: -281.704 | Steps:   450 | Total Reward: -1408.5195454135642|
| Episode:   6 | Epsilon:  0.72 | Reward: -128.95219802368678 | Average Reward: -256.245 | Steps:   526 | Total Reward: -1537.4717434372503|
| Episode:   7 | Epsilon:  0.69 | Reward: -309.94540613583354 | Average Reward: -263.917 | Steps:   611 | Total Reward: -1847.4171495730832|
| Episode:   8 | Epsilon:  0.66 | Reward: -442.1121349061104 | Average Reward: -286.191 | Steps:   684 | Total Reward: -2289.529284479194|
| Episode:   9 | Epsilon:  0.64 | Reward: -455.47515356329717 | Average Reward: -305.000 | Steps:   780 | Total Reward: -2745.0044380424915|
| Episode:  10 | Epsilon:  0.61 | Reward: -341.1038121445374 | Average Reward: -308.611 | Steps:   868 | Total Reward: -3086.1082501870283|
| Episode:  11 | Epsilon:  0.59 | Reward: -210.6462747931031 | Average Reward: -299.705 | Steps:   929 | Total Reward: -3296.7545249801315|
| Episode:  12 | Epsilon:  0.56 | Reward: -323.01304127829076 | Average Reward: -301.647 | Steps:  1003 | Total Reward: -3619.767566258421|
| Episode:  13 | Epsilon:  0.54 | Reward: -682.4347100712591 | Average Reward: -330.939 | Steps:  1094 | Total Reward: -4302.202276329684|
| Episode:  14 | Epsilon:  0.52 | Reward: -492.57397653216987 | Average Reward: -342.484 | Steps:  1193 | Total Reward: -4794.776252861851|
| Episode:  15 | Epsilon:  0.50 | Reward: -576.3556196007407 | Average Reward: -358.075 | Steps:  1271 | Total Reward: -5371.131872462593|
| Episode:  16 | Epsilon:  0.48 | Reward: -319.1293641130886 | Average Reward: -355.641 | Steps:  1324 | Total Reward: -5690.261236575683|
| Episode:  17 | Epsilon:  0.46 | Reward: -297.0945550384902 | Average Reward: -352.197 | Steps:  1391 | Total Reward: -5987.355791614175|
| Episode:  18 | Epsilon:  0.44 | Reward: -460.07436594991657 | Average Reward: -358.191 | Steps:  1469 | Total Reward: -6447.430157564092|
| Episode:  19 | Epsilon:  0.43 | Reward: -566.2364677161374 | Average Reward: -369.140 | Steps:  1555 | Total Reward: -7013.66662528023|
| Episode:  20 | Epsilon:  0.41 | Reward: -330.58527225381795 | Average Reward: -367.213 | Steps:  1609 | Total Reward: -7344.251897534051|
| Episode:  21 | Epsilon:  0.39 | Reward: -451.40466795947657 | Average Reward: -371.222 | Steps:  1696 | Total Reward: -7795.656565493527|
| Episode:  22 | Epsilon:  0.38 | Reward: -521.3203591505347 | Average Reward: -378.044 | Steps:  1775 | Total Reward: -8316.976924644063|
| Episode:  23 | Epsilon:  0.37 | Reward: -350.4459859564124 | Average Reward: -376.844 | Steps:  1833 | Total Reward: -8667.422910600473|
| Episode:  24 | Epsilon:  0.35 | Reward: -634.5290056224491 | Average Reward: -387.581 | Steps:  1918 | Total Reward: -9301.951916222923|
| Episode:  25 | Epsilon:  0.34 | Reward: -245.56517316096156 | Average Reward: -381.901 | Steps:  1990 | Total Reward: -9547.517089383884|
| Episode:  26 | Epsilon:  0.33 | Reward: -178.23419226466342 | Average Reward: -374.067 | Steps:  2084 | Total Reward: -9725.751281648541|
| Episode:  27 | Epsilon:  0.32 | Reward: -79.84278351537455 | Average Reward: -363.170 | Steps:  2181 | Total Reward: -9805.594065163916|
| Episode:  28 | Epsilon:  0.31 | Reward: -625.4395918792935 | Average Reward: -372.537 | Steps:  2318 | Total Reward: -10431.033657043212|
| Episode:  29 | Epsilon:  0.30 | Reward: -234.7957359301675 | Average Reward: -367.787 | Steps:  2432 | Total Reward: -10665.829392973388|
| Episode:  30 | Epsilon:  0.29 | Reward: -706.5176041514511 | Average Reward: -379.078 | Steps:  2602 | Total Reward: -11372.34699712485|
| Episode:  31 | Epsilon:  0.28 | Reward: -650.3447412286289 | Average Reward: -387.829 | Steps:  2741 | Total Reward: -12022.691738353478|
| Episode:  32 | Epsilon:  0.27 | Reward: -935.0063514164282 | Average Reward: -404.928 | Steps:  2924 | Total Reward: -12957.698089769896|
| Episode:  33 | Epsilon:  0.26 | Reward: -605.8349170044621 | Average Reward: -411.016 | Steps:  3027 | Total Reward: -13563.533006774363|
| Episode:  34 | Epsilon:  0.25 | Reward: -644.1801373670934 | Average Reward: -417.874 | Steps:  3120 | Total Reward: -14207.713144141459|
| Episode:  35 | Epsilon:  0.25 | Reward: -3176.9327162435693 | Average Reward: -496.704 | Steps:  3551 | Total Reward: -17384.645860385004|
| Episode:  36 | Epsilon:  0.24 | Reward: -683.4100120254581 | Average Reward: -501.890 | Steps:  3676 | Total Reward: -18068.055872410456|
| Episode:  37 | Epsilon:  0.23 | Reward: -420.13814840000066 | Average Reward: -499.681 | Steps:  3746 | Total Reward: -18488.194020810457|
| Episode:  38 | Epsilon:  0.23 | Reward: -202.86168647135418 | Average Reward: -491.870 | Steps:  3881 | Total Reward: -18691.055707281823|
| Episode:  39 | Epsilon:  0.22 | Reward: -397.6723337457726 | Average Reward: -489.455 | Steps:  3970 | Total Reward: -19088.728041027585|
| Episode:  40 | Epsilon:  0.21 | Reward: -465.8449787549669 | Average Reward: -488.864 | Steps:  4038 | Total Reward: -19554.573019782554|
| Episode:  41 | Epsilon:  0.21 | Reward: -549.0557403987522 | Average Reward: -490.332 | Steps:  4101 | Total Reward: -20103.628760181306|
| Episode:  42 | Epsilon:  0.20 | Reward: -545.7730750160747 | Average Reward: -491.652 | Steps:  4176 | Total Reward: -20649.401835197372|
| Episode:  43 | Epsilon:  0.20 | Reward: -579.4167651961 | Average Reward: -493.693 | Steps:  4235 | Total Reward: -21228.818600393482|
| Episode:  44 | Epsilon:  0.19 | Reward: -103.01313236575481 | Average Reward: -484.814 | Steps:  4302 | Total Reward: -21331.83173275924|
| Episode:  45 | Epsilon:  0.19 | Reward: -123.39565122674993 | Average Reward: -476.783 | Steps:  4366 | Total Reward: -21455.22738398597|
| Episode:  46 | Epsilon:  0.18 | Reward: -275.8817729517813 | Average Reward: -472.415 | Steps:  4423 | Total Reward: -21731.109156937753|
| Episode:  47 | Epsilon:  0.18 | Reward: -272.71999411585546 | Average Reward: -468.167 | Steps:  4481 | Total Reward: -22003.829151053607|
| Episode:  48 | Epsilon:  0.18 | Reward: -381.2812108298615 | Average Reward: -466.356 | Steps:  4543 | Total Reward: -22385.110361883475|
| Episode:  49 | Epsilon:  0.17 | Reward: -414.8931859532645 | Average Reward: -465.306 | Steps:  4617 | Total Reward: -22800.00354783674|
| Episode:  50 | Epsilon:  0.17 | Reward: -344.50271828091854 | Average Reward: -462.890 | Steps:  4695 | Total Reward: -23144.50626611766|
| Episode:  51 | Epsilon:  0.17 | Reward: -332.3453731966466 | Average Reward: -460.330 | Steps:  4787 | Total Reward: -23476.851639314315|
| Episode:  52 | Epsilon:  0.16 | Reward: -441.71021719960464 | Average Reward: -459.972 | Steps:  4872 | Total Reward: -23918.56185651392|
| Episode:  53 | Epsilon:  0.16 | Reward: -170.52034963437478 | Average Reward: -454.511 | Steps:  4942 | Total Reward: -24089.082206148276|
| Episode:  54 | Epsilon:  0.16 | Reward: -346.1098599232643 | Average Reward: -452.504 | Steps:  5018 | Total Reward: -24435.192066071537|
| Episode:  55 | Epsilon:  0.15 | Reward: -486.41166194222177 | Average Reward: -453.120 | Steps:  5156 | Total Reward: -24921.603728013753|
| Episode:  56 | Epsilon:  0.15 | Reward: -484.65211303959325 | Average Reward: -453.683 | Steps:  5308 | Total Reward: -25406.255841053342|
| Episode:  57 | Epsilon:  0.15 | Reward: -518.8666838271803 | Average Reward: -454.827 | Steps:  5400 | Total Reward: -25925.122524880517|
| Episode:  58 | Epsilon:  0.15 | Reward: -495.8264794949781 | Average Reward: -455.534 | Steps:  5561 | Total Reward: -26420.94900437549|
| Episode:  59 | Epsilon:  0.14 | Reward: -437.4148121113511 | Average Reward: -455.227 | Steps:  5642 | Total Reward: -26858.363816486846|
| Episode:  60 | Epsilon:  0.14 | Reward: -272.20719577841186 | Average Reward: -452.176 | Steps:  5704 | Total Reward: -27130.571012265256|
| Episode:  61 | Epsilon:  0.14 | Reward: -412.749920745823 | Average Reward: -451.530 | Steps:  5790 | Total Reward: -27543.320933011088|
| Episode:  62 | Epsilon:  0.14 | Reward: -432.9926569064787 | Average Reward: -451.231 | Steps:  5869 | Total Reward: -27976.313589917554|
| Episode:  63 | Epsilon:  0.14 | Reward: -509.2493775006722 | Average Reward: -452.152 | Steps:  5966 | Total Reward: -28485.56296741824|
| Episode:  64 | Epsilon:  0.13 | Reward: -435.660949139913 | Average Reward: -451.894 | Steps:  6109 | Total Reward: -28921.223916558156|
| Episode:  65 | Epsilon:  0.13 | Reward: -455.3249167423425 | Average Reward: -451.947 | Steps:  6220 | Total Reward: -29376.54883330051|
| Episode:  66 | Epsilon:  0.13 | Reward: -508.1316945493525 | Average Reward: -452.798 | Steps:  6340 | Total Reward: -29884.680527849872|
| Episode:  67 | Epsilon:  0.13 | Reward: -360.1210211497564 | Average Reward: -451.415 | Steps:  6421 | Total Reward: -30244.801548999625|
| Episode:  68 | Epsilon:  0.13 | Reward: -478.6064747203074 | Average Reward: -451.815 | Steps:  6521 | Total Reward: -30723.408023719938|
| Episode:  69 | Epsilon:  0.13 | Reward: -439.5989052312716 | Average Reward: -451.638 | Steps:  6619 | Total Reward: -31163.006928951192|
| Episode:  70 | Epsilon:  0.13 | Reward: -486.4367899341315 | Average Reward: -452.135 | Steps:  6781 | Total Reward: -31649.443718885326|
| Episode:  71 | Epsilon:  0.12 | Reward: -527.8449884326959 | Average Reward: -453.201 | Steps:  6876 | Total Reward: -32177.288707318017|
| Episode:  72 | Epsilon:  0.12 | Reward: -581.4849808991986 | Average Reward: -454.983 | Steps:  6972 | Total Reward: -32758.77368821722|
| Episode:  73 | Epsilon:  0.12 | Reward: -551.1021420936004 | Average Reward: -456.300 | Steps:  7052 | Total Reward: -33309.87583031081|
| Episode:  74 | Epsilon:  0.12 | Reward: -425.0611988953129 | Average Reward: -455.878 | Steps:  7121 | Total Reward: -33734.937029206136|
| Episode:  75 | Epsilon:  0.12 | Reward: -475.8187579385924 | Average Reward: -456.143 | Steps:  7214 | Total Reward: -34210.755787144735|
| Episode:  76 | Epsilon:  0.12 | Reward: -315.2384930180426 | Average Reward: -454.289 | Steps:  7287 | Total Reward: -34525.994280162784|
| Episode:  77 | Epsilon:  0.12 | Reward: -275.671502684335 | Average Reward: -451.970 | Steps:  7380 | Total Reward: -34801.665782847136|
| Episode:  78 | Epsilon:  0.12 | Reward: -291.5735811185351 | Average Reward: -449.913 | Steps:  7470 | Total Reward: -35093.23936396565|
| Episode:  79 | Epsilon:  0.12 | Reward: -173.05181301162435 | Average Reward: -446.409 | Steps:  7573 | Total Reward: -35266.29117697726|
| Episode:  80 | Epsilon:  0.12 | Reward: -289.35945480243265 | Average Reward: -444.446 | Steps:  7636 | Total Reward: -35555.65063177968|
| Episode:  81 | Epsilon:  0.11 | Reward: -159.70322419264681 | Average Reward: -440.930 | Steps:  7723 | Total Reward: -35715.353855972324|
| Episode:  82 | Epsilon:  0.11 | Reward: -209.50691615480093 | Average Reward: -438.108 | Steps:  7779 | Total Reward: -35924.860772127126|
| Episode:  83 | Epsilon:  0.11 | Reward: -321.45794879657694 | Average Reward: -436.703 | Steps:  7858 | Total Reward: -36246.31872092368|
| Episode:  84 | Epsilon:  0.11 | Reward: -161.14048098660976 | Average Reward: -433.422 | Steps:  7941 | Total Reward: -36407.45920191026|
| Episode:  85 | Epsilon:  0.11 | Reward: -79.78322594210425 | Average Reward: -429.262 | Steps:  7996 | Total Reward: -36487.242427852354|
| Episode:  86 | Epsilon:  0.11 | Reward: -284.044334463979 | Average Reward: -427.573 | Steps:  8067 | Total Reward: -36771.28676231632|
| Episode:  87 | Epsilon:  0.11 | Reward: -56.28756314434008 | Average Reward: -423.305 | Steps:  8164 | Total Reward: -36827.57432546067|
| Episode:  88 | Epsilon:  0.11 | Reward: -220.44496694562577 | Average Reward: -421.000 | Steps:  8256 | Total Reward: -37048.01929240629|
| Episode:  89 | Epsilon:  0.11 | Reward: -321.6169563777599 | Average Reward: -419.884 | Steps:  8342 | Total Reward: -37369.63624878404|
| Episode:  90 | Epsilon:  0.11 | Reward: -211.45410541907273 | Average Reward: -417.568 | Steps:  8406 | Total Reward: -37581.09035420311|
| Episode:  91 | Epsilon:  0.11 | Reward: -195.4347951423443 | Average Reward: -415.127 | Steps:  8463 | Total Reward: -37776.52514934543|
| Episode:  92 | Epsilon:  0.11 | Reward: -370.1487873498112 | Average Reward: -414.638 | Steps:  8574 | Total Reward: -38146.673936695246|
| Episode:  93 | Epsilon:  0.11 | Reward: -355.8519551208484 | Average Reward: -414.006 | Steps:  8652 | Total Reward: -38502.52589181608|
| Episode:  94 | Epsilon:  0.11 | Reward: -241.20389783096135 | Average Reward: -412.167 | Steps:  8716 | Total Reward: -38743.72978964705|
| Episode:  95 | Epsilon:  0.11 | Reward: -231.8876853144198 | Average Reward: -410.270 | Steps:  8817 | Total Reward: -38975.61747496148|
| Episode:  96 | Epsilon:  0.11 | Reward: -282.11675352506313 | Average Reward: -408.935 | Steps:  8917 | Total Reward: -39257.734228486566|
| Episode:  97 | Epsilon:  0.11 | Reward: -225.1128285809197 | Average Reward: -407.040 | Steps:  8976 | Total Reward: -39482.84705706748|
| Episode:  98 | Epsilon:  0.11 | Reward: -186.68580606392447 | Average Reward: -404.791 | Steps:  9097 | Total Reward: -39669.53286313142|
| Episode:  99 | Epsilon:  0.11 | Reward: -270.3155397664269 | Average Reward: -403.433 | Steps:  9204 | Total Reward: -39939.84840289787|
| Episode: 100 | Epsilon:  0.11 | Reward: -268.8868434499011 | Average Reward: -402.087 | Steps:  9318 | Total Reward: -40208.735246347795|
| Episode: 101 | Epsilon:  0.11 | Reward: -249.9170592436818 | Average Reward: -403.307 | Steps:  9410 | Total Reward: -40458.65230559147|
| Episode: 102 | Epsilon:  0.11 | Reward: -228.01838016207506 | Average Reward: -404.402 | Steps:  9548 | Total Reward: -40686.67068575355|
| Episode: 103 | Epsilon:  0.10 | Reward: -255.14567763927795 | Average Reward: -402.856 | Steps:  9653 | Total Reward: -40941.81636339286|
| Episode: 104 | Epsilon:  0.10 | Reward: -502.98951623585685 | Average Reward: -403.476 | Steps:  9722 | Total Reward: -41444.80587962869|
| Episode: 105 | Epsilon:  0.10 | Reward: -220.40319862616937 | Average Reward: -402.567 | Steps:  9842 | Total Reward: -41665.20907825486|
| Episode: 106 | Epsilon:  0.10 | Reward: -386.51810088722846 | Average Reward: -405.143 | Steps:  9948 | Total Reward: -42051.72717914209|
| Episode: 107 | Epsilon:  0.10 | Reward: -371.36026006807015 | Average Reward: -405.757 | Steps: 10052 | Total Reward: -42423.08743921009|
| Episode: 108 | Epsilon:  0.10 | Reward: -667.4120203766304 | Average Reward: -408.010 | Steps: 10143 | Total Reward: -43090.4994595867|
| Episode: 109 | Epsilon:  0.10 | Reward: -323.4691004045593 | Average Reward: -406.690 | Steps: 10284 | Total Reward: -43413.968559991255|
| Episode: 110 | Epsilon:  0.10 | Reward: -443.5331134942986 | Average Reward: -407.714 | Steps: 10370 | Total Reward: -43857.50167348553|
| Episode: 111 | Epsilon:  0.10 | Reward: -221.07852802694356 | Average Reward: -407.818 | Steps: 10511 | Total Reward: -44078.58020151246|
| Episode: 112 | Epsilon:  0.10 | Reward: -303.11475343472205 | Average Reward: -407.619 | Steps: 10618 | Total Reward: -44381.694954947205|
| Episode: 113 | Epsilon:  0.10 | Reward: -379.9949074972759 | Average Reward: -404.595 | Steps: 10711 | Total Reward: -44761.68986244447|
| Episode: 114 | Epsilon:  0.10 | Reward: -298.43689199221797 | Average Reward: -402.654 | Steps: 10809 | Total Reward: -45060.1267544367|
| Episode: 115 | Epsilon:  0.10 | Reward: -276.2373952764498 | Average Reward: -399.652 | Steps: 10937 | Total Reward: -45336.364149713125|
| Episode: 116 | Epsilon:  0.10 | Reward: -300.8532692476539 | Average Reward: -399.470 | Steps: 11071 | Total Reward: -45637.2174189608|
| Episode: 117 | Epsilon:  0.10 | Reward: -518.7159468522611 | Average Reward: -401.686 | Steps: 11173 | Total Reward: -46155.933365813085|
| Episode: 118 | Epsilon:  0.10 | Reward: -399.30937044705496 | Average Reward: -401.078 | Steps: 11266 | Total Reward: -46555.24273626017|
| Episode: 119 | Epsilon:  0.10 | Reward: -438.04202964282763 | Average Reward: -399.796 | Steps: 11381 | Total Reward: -46993.284765903|
| Episode: 120 | Epsilon:  0.10 | Reward: -348.6619181571343 | Average Reward: -399.977 | Steps: 11523 | Total Reward: -47341.946684060116|
| Episode: 121 | Epsilon:  0.10 | Reward: -311.04358170981186 | Average Reward: -398.573 | Steps: 11615 | Total Reward: -47652.9902657699|
| Episode: 122 | Epsilon:  0.10 | Reward: -544.5892721302044 | Average Reward: -398.806 | Steps: 11709 | Total Reward: -48197.57953790011|
| Episode: 123 | Epsilon:  0.10 | Reward: -438.5472162156274 | Average Reward: -399.687 | Steps: 11799 | Total Reward: -48636.126754115714|
| Episode: 124 | Epsilon:  0.10 | Reward: -349.3076758930316 | Average Reward: -396.835 | Steps: 11964 | Total Reward: -48985.434430008776|
| Episode: 125 | Epsilon:  0.10 | Reward: -398.0820391822039 | Average Reward: -398.360 | Steps: 12055 | Total Reward: -49383.51646919098|
| Episode: 126 | Epsilon:  0.10 | Reward: -381.3755530870931 | Average Reward: -400.391 | Steps: 12181 | Total Reward: -49764.89202227813|
| Episode: 127 | Epsilon:  0.10 | Reward: -406.959666694151 | Average Reward: -403.663 | Steps: 12270 | Total Reward: -50171.851688972216|
| Episode: 128 | Epsilon:  0.10 | Reward: -384.7212684423792 | Average Reward: -401.255 | Steps: 12371 | Total Reward: -50556.57295741459|
| Episode: 129 | Epsilon:  0.10 | Reward: -151.0428937074694 | Average Reward: -400.418 | Steps: 12506 | Total Reward: -50707.61585112204|
| Episode: 130 | Epsilon:  0.10 | Reward: -344.3384358007521 | Average Reward: -396.796 | Steps: 12656 | Total Reward: -51051.95428692276|
| Episode: 131 | Epsilon:  0.10 | Reward: -287.64420009614196 | Average Reward: -393.169 | Steps: 12758 | Total Reward: -51339.59848701893|
| Episode: 132 | Epsilon:  0.10 | Reward: -230.6946701997437 | Average Reward: -386.126 | Steps: 12845 | Total Reward: -51570.29315721866|
| Episode: 133 | Epsilon:  0.10 | Reward: -386.12567758316277 | Average Reward: -383.929 | Steps: 13087 | Total Reward: -51956.41883480184|
| Episode: 134 | Epsilon:  0.10 | Reward: -252.37198463235325 | Average Reward: -380.011 | Steps: 13210 | Total Reward: -52208.790819434216|
| Episode: 135 | Epsilon:  0.10 | Reward: -240.27822206216382 | Average Reward: -350.644 | Steps: 13337 | Total Reward: -52449.069041496325|
| Episode: 136 | Epsilon:  0.10 | Reward: -233.23916340091282 | Average Reward: -346.143 | Steps: 13428 | Total Reward: -52682.30820489727|
| Episode: 137 | Epsilon:  0.10 | Reward: -210.27615143091776 | Average Reward: -344.044 | Steps: 13535 | Total Reward: -52892.5843563282|
| Episode: 138 | Epsilon:  0.10 | Reward: -224.43369419210597 | Average Reward: -344.260 | Steps: 13658 | Total Reward: -53117.018050520295|
| Episode: 139 | Epsilon:  0.10 | Reward: -321.57263882703216 | Average Reward: -343.499 | Steps: 13893 | Total Reward: -53438.590689347344|
| Episode: 140 | Epsilon:  0.10 | Reward: -120.67112093035914 | Average Reward: -340.047 | Steps: 14079 | Total Reward: -53559.261810277676|
| Episode: 141 | Epsilon:  0.10 | Reward: -282.4017326803874 | Average Reward: -337.380 | Steps: 14260 | Total Reward: -53841.663542958086|
| Episode: 142 | Epsilon:  0.10 | Reward: -387.71630860667034 | Average Reward: -335.800 | Steps: 14494 | Total Reward: -54229.3798515648|
| Episode: 143 | Epsilon:  0.10 | Reward: -206.74366191049813 | Average Reward: -332.073 | Steps: 14607 | Total Reward: -54436.12351347529|
| Episode: 144 | Epsilon:  0.10 | Reward: -135.44209418946326 | Average Reward: -332.397 | Steps: 14777 | Total Reward: -54571.565607664714|
| Episode: 145 | Epsilon:  0.10 | Reward: -111.82061803735094 | Average Reward: -332.282 | Steps: 14913 | Total Reward: -54683.386225702045|
| Episode: 146 | Epsilon:  0.10 | Reward: -242.8590738168991 | Average Reward: -331.951 | Steps: 15014 | Total Reward: -54926.24529951892|
| Episode: 147 | Epsilon:  0.10 | Reward: -245.2822141488108 | Average Reward: -331.677 | Steps: 15133 | Total Reward: -55171.527513667716|
| Episode: 148 | Epsilon:  0.10 | Reward: -276.7852293140895 | Average Reward: -330.632 | Steps: 15311 | Total Reward: -55448.31274298179|
| Episode: 149 | Epsilon:  0.10 | Reward: -191.37171961624585 | Average Reward: -328.397 | Steps: 15433 | Total Reward: -55639.68446259805|
| Episode: 150 | Epsilon:  0.10 | Reward: -190.15380891716202 | Average Reward: -326.853 | Steps: 15540 | Total Reward: -55829.83827151525|
| Episode: 151 | Epsilon:  0.10 | Reward: -126.46461502091682 | Average Reward: -324.795 | Steps: 15700 | Total Reward: -55956.30288653616|
| Episode: 152 | Epsilon:  0.10 | Reward: -48.27596875443824 | Average Reward: -320.860 | Steps: 15881 | Total Reward: -56004.57885529062|
| Episode: 153 | Epsilon:  0.10 | Reward: -78.79684835324683 | Average Reward: -319.943 | Steps: 16092 | Total Reward: -56083.375703643884|
| Episode: 154 | Epsilon:  0.10 | Reward: -97.65218131772747 | Average Reward: -317.458 | Steps: 16228 | Total Reward: -56181.027884961586|
| Episode: 155 | Epsilon:  0.10 | Reward: -346.41272735380244 | Average Reward: -316.058 | Steps: 16363 | Total Reward: -56527.44061231538|
| Episode: 156 | Epsilon:  0.10 | Reward: -213.3061344371826 | Average Reward: -313.345 | Steps: 16474 | Total Reward: -56740.746746752535|
| Episode: 157 | Epsilon:  0.10 | Reward: -105.27384078660302 | Average Reward: -309.209 | Steps: 16631 | Total Reward: -56846.020587539155|
| Episode: 158 | Epsilon:  0.10 | Reward: -180.17500319658023 | Average Reward: -306.052 | Steps: 16845 | Total Reward: -57026.195590735755|
| Episode: 159 | Epsilon:  0.10 | Reward: -97.31093212920005 | Average Reward: -302.651 | Steps: 16997 | Total Reward: -57123.50652286494|
| Episode: 160 | Epsilon:  0.10 | Reward: -94.1259439559242 | Average Reward: -300.871 | Steps: 17182 | Total Reward: -57217.63246682086|
| Episode: 161 | Epsilon:  0.10 | Reward: -158.40806802082963 | Average Reward: -298.327 | Steps: 17387 | Total Reward: -57376.040534841646|
| Episode: 162 | Epsilon:  0.10 | Reward: -158.0426878246052 | Average Reward: -295.578 | Steps: 17543 | Total Reward: -57534.0832226663|
| Episode: 163 | Epsilon:  0.10 | Reward: -249.9045224272431 | Average Reward: -292.984 | Steps: 17666 | Total Reward: -57783.987745093546|
| Episode: 164 | Epsilon:  0.10 | Reward: -289.2848280336678 | Average Reward: -291.520 | Steps: 17799 | Total Reward: -58073.27257312717|
| Episode: 165 | Epsilon:  0.10 | Reward: -257.92177966322123 | Average Reward: -289.546 | Steps: 17933 | Total Reward: -58331.19435279039|
| Episode: 166 | Epsilon:  0.10 | Reward: -213.2990373527035 | Average Reward: -286.598 | Steps: 18052 | Total Reward: -58544.49339014309|
| Episode: 167 | Epsilon:  0.10 | Reward: -202.01627080605923 | Average Reward: -285.017 | Steps: 18168 | Total Reward: -58746.50966094918|
| Episode: 168 | Epsilon:  0.10 | Reward: -178.93948382840716 | Average Reward: -282.020 | Steps: 18264 | Total Reward: -58925.4491447776|
| Episode: 169 | Epsilon:  0.10 | Reward: -231.05303593836075 | Average Reward: -279.935 | Steps: 18462 | Total Reward: -59156.50218071597|
| Episode: 170 | Epsilon:  0.10 | Reward: -121.08078941248787 | Average Reward: -276.281 | Steps: 18612 | Total Reward: -59277.58297012846|
| Episode: 171 | Epsilon:  0.10 | Reward: -157.10303914468335 | Average Reward: -272.574 | Steps: 18737 | Total Reward: -59434.68600927307|
| Episode: 172 | Epsilon:  0.10 | Reward: -164.0007628923575 | Average Reward: -268.399 | Steps: 18850 | Total Reward: -59598.68677216543|
| Episode: 173 | Epsilon:  0.10 | Reward: -63.441945566954274 | Average Reward: -263.523 | Steps: 18999 | Total Reward: -59662.12871773237|
| Episode: 174 | Epsilon:  0.10 | Reward: -194.69914182609693 | Average Reward: -261.219 | Steps: 19124 | Total Reward: -59856.82785955845|
| Episode: 175 | Epsilon:  0.10 | Reward: -298.6220191393693 | Average Reward: -259.447 | Steps: 19258 | Total Reward: -60155.44987869783|
| Episode: 176 | Epsilon:  0.10 | Reward: -87.37530284906697 | Average Reward: -257.168 | Steps: 19400 | Total Reward: -60242.82518154682|
| Episode: 177 | Epsilon:  0.10 | Reward: -167.29790878987686 | Average Reward: -256.085 | Steps: 19556 | Total Reward: -60410.12309033672|
| Episode: 178 | Epsilon:  0.10 | Reward: -182.70380944936775 | Average Reward: -254.996 | Steps: 19682 | Total Reward: -60592.82689978609|
| Episode: 179 | Epsilon:  0.10 | Reward: -146.64116665009496 | Average Reward: -254.732 | Steps: 19789 | Total Reward: -60739.46806643618|
| Episode: 180 | Epsilon:  0.10 | Reward: -99.95473391265062 | Average Reward: -252.838 | Steps: 19933 | Total Reward: -60839.42280034881|
| Episode: 181 | Epsilon:  0.10 | Reward: -161.81048813839647 | Average Reward: -252.859 | Steps: 20068 | Total Reward: -61001.233288487216|
| Episode: 182 | Epsilon:  0.10 | Reward: -243.814745702342 | Average Reward: -253.202 | Steps: 20202 | Total Reward: -61245.04803418957|
| Episode: 183 | Epsilon:  0.10 | Reward: -239.3780641513965 | Average Reward: -252.381 | Steps: 20355 | Total Reward: -61484.4260983409|
| Episode: 184 | Epsilon:  0.10 | Reward: -226.19838106919508 | Average Reward: -253.032 | Steps: 20520 | Total Reward: -61710.62447941007|
| Episode: 185 | Epsilon:  0.10 | Reward: -232.51254773627034 | Average Reward: -254.559 | Steps: 20650 | Total Reward: -61943.1370271464|
| Episode: 186 | Epsilon:  0.10 | Reward: -218.09682917313884 | Average Reward: -253.899 | Steps: 20786 | Total Reward: -62161.233856319515|
| Episode: 187 | Epsilon:  0.10 | Reward: -149.9806736260124 | Average Reward: -254.836 | Steps: 20908 | Total Reward: -62311.214529945544|
| Episode: 188 | Epsilon:  0.10 | Reward: -163.49455558480213 | Average Reward: -254.267 | Steps: 21020 | Total Reward: -62474.70908553037|
| Episode: 189 | Epsilon:  0.10 | Reward: -158.39106494252587 | Average Reward: -252.635 | Steps: 21119 | Total Reward: -62633.100150472885|
| Episode: 190 | Epsilon:  0.10 | Reward: -271.4482444921497 | Average Reward: -253.235 | Steps: 21291 | Total Reward: -62904.54839496504|
| Episode: 191 | Epsilon:  0.10 | Reward: -234.46782160159 | Average Reward: -253.625 | Steps: 21394 | Total Reward: -63139.01621656663|
| Episode: 192 | Epsilon:  0.10 | Reward: -251.27908605697758 | Average Reward: -252.436 | Steps: 21503 | Total Reward: -63390.2953026236|
| Episode: 193 | Epsilon:  0.10 | Reward: -197.68869093255563 | Average Reward: -250.855 | Steps: 21597 | Total Reward: -63587.98399355615|
| Episode: 194 | Epsilon:  0.10 | Reward: -166.34018184326334 | Average Reward: -250.106 | Steps: 21699 | Total Reward: -63754.32417539943|
| Episode: 195 | Epsilon:  0.10 | Reward: -257.80459935758597 | Average Reward: -250.365 | Steps: 21802 | Total Reward: -64012.12877475702|
| Episode: 196 | Epsilon:  0.10 | Reward: -167.09714863581638 | Average Reward: -249.215 | Steps: 21909 | Total Reward: -64179.2259233928|
| Episode: 197 | Epsilon:  0.10 | Reward: -222.2275054842139 | Average Reward: -249.186 | Steps: 22012 | Total Reward: -64401.453428877016|
| Episode: 198 | Epsilon:  0.10 | Reward: -694.9764171724285 | Average Reward: -254.269 | Steps: 22166 | Total Reward: -65096.42984604943|
| Episode: 199 | Epsilon:  0.10 | Reward: -265.8762969587043 | Average Reward: -254.225 | Steps: 22283 | Total Reward: -65362.30614300813|
| Episode: 200 | Epsilon:  0.10 | Reward: -257.90717890279905 | Average Reward: -254.115 | Steps: 22403 | Total Reward: -65620.21332191094|
| Episode: 201 | Epsilon:  0.10 | Reward: -89.27159874273389 | Average Reward: -252.508 | Steps: 22544 | Total Reward: -65709.48492065367|
| Episode: 202 | Epsilon:  0.10 | Reward: -147.18616189188833 | Average Reward: -251.700 | Steps: 22633 | Total Reward: -65856.67108254551|
| Episode: 203 | Epsilon:  0.10 | Reward: -247.79396895777384 | Average Reward: -251.626 | Steps: 22741 | Total Reward: -66104.46505150323|
| Episode: 204 | Epsilon:  0.10 | Reward: -154.3351963664271 | Average Reward: -248.140 | Steps: 22869 | Total Reward: -66258.8002478696|
| Episode: 205 | Epsilon:  0.10 | Reward: -251.2743348904964 | Average Reward: -248.449 | Steps: 22973 | Total Reward: -66510.07458276012|
| Episode: 206 | Epsilon:  0.10 | Reward: -124.47381499290636 | Average Reward: -245.828 | Steps: 23075 | Total Reward: -66634.54839775304|
| Episode: 207 | Epsilon:  0.10 | Reward: -211.0450528886969 | Average Reward: -244.225 | Steps: 23163 | Total Reward: -66845.59345064167|
| Episode: 208 | Epsilon:  0.10 | Reward: -304.2923676908036 | Average Reward: -240.594 | Steps: 23249 | Total Reward: -67149.88581833245|
| Episode: 209 | Epsilon:  0.10 | Reward: -164.12037588075353 | Average Reward: -239.000 | Steps: 23346 | Total Reward: -67314.00619421323|
| Episode: 210 | Epsilon:  0.10 | Reward: -271.4222981132849 | Average Reward: -237.279 | Steps: 23432 | Total Reward: -67585.42849232654|
| Episode: 211 | Epsilon:  0.10 | Reward: -196.5040835289776 | Average Reward: -237.034 | Steps: 23591 | Total Reward: -67781.93257585556|
| Episode: 212 | Epsilon:  0.10 | Reward: -249.38712938372788 | Average Reward: -236.496 | Steps: 23691 | Total Reward: -68031.31970523924|
| Episode: 213 | Epsilon:  0.10 | Reward: -187.12093798485864 | Average Reward: -234.568 | Steps: 23795 | Total Reward: -68218.44064322415|
| Episode: 214 | Epsilon:  0.10 | Reward: -251.88233865397612 | Average Reward: -234.102 | Steps: 23892 | Total Reward: -68470.32298187818|
| Episode: 215 | Epsilon:  0.10 | Reward: -172.98442342798035 | Average Reward: -233.069 | Steps: 23987 | Total Reward: -68643.3074053062|
| Episode: 216 | Epsilon:  0.10 | Reward: -125.76960254055741 | Average Reward: -231.319 | Steps: 24088 | Total Reward: -68769.07700784669|
| Episode: 217 | Epsilon:  0.10 | Reward: -120.28543743412845 | Average Reward: -227.334 | Steps: 24178 | Total Reward: -68889.3624452809|
| Episode: 218 | Epsilon:  0.10 | Reward: -315.577504554342 | Average Reward: -226.497 | Steps: 24308 | Total Reward: -69204.93994983524|
| Episode: 219 | Epsilon:  0.10 | Reward: -411.5078615345346 | Average Reward: -226.232 | Steps: 24481 | Total Reward: -69616.44781136978|
| Episode: 220 | Epsilon:  0.10 | Reward: -128.81910096609818 | Average Reward: -224.033 | Steps: 24557 | Total Reward: -69745.26691233586|
| Episode: 221 | Epsilon:  0.10 | Reward: -254.1844437022126 | Average Reward: -223.465 | Steps: 24647 | Total Reward: -69999.45135603807|
| Episode: 222 | Epsilon:  0.10 | Reward: -247.65534508278947 | Average Reward: -220.495 | Steps: 24748 | Total Reward: -70247.10670112087|
| Episode: 223 | Epsilon:  0.10 | Reward: -325.9483897814364 | Average Reward: -219.369 | Steps: 24900 | Total Reward: -70573.0550909023|
| Episode: 224 | Epsilon:  0.10 | Reward: -119.7031122353343 | Average Reward: -217.073 | Steps: 24981 | Total Reward: -70692.75820313765|
| Episode: 225 | Epsilon:  0.10 | Reward: -287.1085711797696 | Average Reward: -215.964 | Steps: 25088 | Total Reward: -70979.86677431737|
| Episode: 226 | Epsilon:  0.10 | Reward: -264.4480719447539 | Average Reward: -214.794 | Steps: 25174 | Total Reward: -71244.31484626215|
| Episode: 227 | Epsilon:  0.10 | Reward: -181.4297080919785 | Average Reward: -212.539 | Steps: 25298 | Total Reward: -71425.74455435415|
| Episode: 228 | Epsilon:  0.10 | Reward: -218.84527970759297 | Average Reward: -210.880 | Steps: 25411 | Total Reward: -71644.58983406176|
| Episode: 229 | Epsilon:  0.10 | Reward: -252.6249715416201 | Average Reward: -211.896 | Steps: 25522 | Total Reward: -71897.21480560336|
| Episode: 230 | Epsilon:  0.10 | Reward: -197.79655799991053 | Average Reward: -210.431 | Steps: 25658 | Total Reward: -72095.0113636033|
| Episode: 231 | Epsilon:  0.10 | Reward: -230.11660044732125 | Average Reward: -209.855 | Steps: 25783 | Total Reward: -72325.12796405064|
| Episode: 232 | Epsilon:  0.10 | Reward: -320.9232007195117 | Average Reward: -210.758 | Steps: 25909 | Total Reward: -72646.05116477008|
| Episode: 233 | Epsilon:  0.10 | Reward: -155.70149562763697 | Average Reward: -208.453 | Steps: 26045 | Total Reward: -72801.7526603976|
| Episode: 234 | Epsilon:  0.10 | Reward: -411.42938248802324 | Average Reward: -210.044 | Steps: 26224 | Total Reward: -73213.18204288562|
| Episode: 235 | Epsilon:  0.10 | Reward: -113.06000746188744 | Average Reward: -208.772 | Steps: 26376 | Total Reward: -73326.24205034754|
| Episode: 236 | Epsilon:  0.10 | Reward: -166.6800976948436 | Average Reward: -208.106 | Steps: 26562 | Total Reward: -73492.92214804246|
| Episode: 237 | Epsilon:  0.10 | Reward: -125.87875132180822 | Average Reward: -207.262 | Steps: 26675 | Total Reward: -73618.80089936427|
| Episode: 238 | Epsilon:  0.10 | Reward: -182.68620449392083 | Average Reward: -206.845 | Steps: 26847 | Total Reward: -73801.48710385828|
| Episode: 239 | Epsilon:  0.10 | Reward: -79.36322807361111 | Average Reward: -204.423 | Steps: 26961 | Total Reward: -73880.85033193186|
| Episode: 240 | Epsilon:  0.10 | Reward: -101.50226137655487 | Average Reward: -204.231 | Steps: 27100 | Total Reward: -73982.35259330843|
| Episode: 241 | Epsilon:  0.10 | Reward: -162.273335051848 | Average Reward: -203.030 | Steps: 27217 | Total Reward: -74144.6259283603|
| Episode: 242 | Epsilon:  0.10 | Reward: -136.00091108494743 | Average Reward: -200.512 | Steps: 27307 | Total Reward: -74280.62683944523|
| Episode: 243 | Epsilon:  0.10 | Reward: -140.21431717868296 | Average Reward: -199.847 | Steps: 27472 | Total Reward: -74420.84115662386|
| Episode: 244 | Epsilon:  0.10 | Reward: -182.55108928344555 | Average Reward: -200.318 | Steps: 27687 | Total Reward: -74603.3922459072|
| Episode: 245 | Epsilon:  0.10 | Reward: -66.95299705225621 | Average Reward: -199.870 | Steps: 27833 | Total Reward: -74670.3452429595|
| Episode: 246 | Epsilon:  0.10 | Reward: -117.3507077326169 | Average Reward: -198.615 | Steps: 27936 | Total Reward: -74787.69595069214|
| Episode: 247 | Epsilon:  0.10 | Reward: -199.49875170270786 | Average Reward: -198.157 | Steps: 28143 | Total Reward: -74987.19470239489|
| Episode: 248 | Epsilon:  0.10 | Reward: -215.45158080934968 | Average Reward: -197.543 | Steps: 28286 | Total Reward: -75202.64628320425|
| Episode: 249 | Epsilon:  0.10 | Reward: -120.12309074966377 | Average Reward: -196.831 | Steps: 28411 | Total Reward: -75322.76937395385|
| Episode: 250 | Epsilon:  0.10 | Reward: -150.36377113847857 | Average Reward: -196.433 | Steps: 28492 | Total Reward: -75473.1331450924|
| Episode: 251 | Epsilon:  0.10 | Reward: -85.83948036793993 | Average Reward: -196.027 | Steps: 28725 | Total Reward: -75558.97262546043|
| Episode: 252 | Epsilon:  0.10 | Reward: -84.85490801588213 | Average Reward: -196.392 | Steps: 28940 | Total Reward: -75643.82753347629|
| Episode: 253 | Epsilon:  0.10 | Reward: -488.7377065780793 | Average Reward: -200.492 | Steps: 29143 | Total Reward: -76132.56524005445|
| Episode: 254 | Epsilon:  0.10 | Reward: -94.9235012250985 | Average Reward: -200.465 | Steps: 29362 | Total Reward: -76227.48874127962|
| Episode: 255 | Epsilon:  0.10 | Reward: -184.7587061460951 | Average Reward: -198.848 | Steps: 29446 | Total Reward: -76412.24744742569|
| Episode: 256 | Epsilon:  0.10 | Reward: -434.7759409352357 | Average Reward: -201.063 | Steps: 29577 | Total Reward: -76847.02338836093|
| Episode: 257 | Epsilon:  0.10 | Reward: -332.05869956946634 | Average Reward: -203.331 | Steps: 29710 | Total Reward: -77179.0820879304|
| Episode: 258 | Epsilon:  0.10 | Reward: -120.96995366605105 | Average Reward: -202.739 | Steps: 29834 | Total Reward: -77300.05204159643|
| Episode: 259 | Epsilon:  0.10 | Reward: -178.4011117146738 | Average Reward: -203.549 | Steps: 29980 | Total Reward: -77478.4531533111|
| Episode: 260 | Epsilon:  0.10 | Reward: -253.33888041594778 | Average Reward: -205.142 | Steps: 30157 | Total Reward: -77731.792033727|
| Episode: 261 | Epsilon:  0.10 | Reward: -194.82884424936395 | Average Reward: -205.506 | Steps: 30314 | Total Reward: -77926.6208779764|
| Episode: 262 | Epsilon:  0.10 | Reward: -67.04523701110489 | Average Reward: -204.596 | Steps: 30404 | Total Reward: -77993.66611498747|
| Episode: 263 | Epsilon:  0.10 | Reward: -145.29377632271425 | Average Reward: -203.550 | Steps: 30640 | Total Reward: -78138.95989131018|
| Episode: 264 | Epsilon:  0.10 | Reward: -200.51625825536814 | Average Reward: -202.662 | Steps: 30822 | Total Reward: -78339.47614956558|
| Episode: 265 | Epsilon:  0.10 | Reward: -106.92999781497505 | Average Reward: -201.152 | Steps: 31062 | Total Reward: -78446.4061473805|
| Episode: 266 | Epsilon:  0.10 | Reward: -265.02267616900076 | Average Reward: -201.669 | Steps: 31213 | Total Reward: -78711.42882354945|
| Episode: 267 | Epsilon:  0.10 | Reward: -329.801458082564 | Average Reward: -202.947 | Steps: 31427 | Total Reward: -79041.23028163202|
| Episode: 268 | Epsilon:  0.10 | Reward: -14.193252287960618 | Average Reward: -201.300 | Steps: 31556 | Total Reward: -79055.42353391992|
| Episode: 269 | Epsilon:  0.10 | Reward: -146.39560341278718 | Average Reward: -200.453 | Steps: 31688 | Total Reward: -79201.81913733267|
| Episode: 270 | Epsilon:  0.10 | Reward: -251.95933434841962 | Average Reward: -201.762 | Steps: 31832 | Total Reward: -79453.77847168107|
| Episode: 271 | Epsilon:  0.10 | Reward: -338.99050518307143 | Average Reward: -203.581 | Steps: 32068 | Total Reward: -79792.7689768642|
| Episode: 272 | Epsilon:  0.10 | Reward: -245.84385615730136 | Average Reward: -204.399 | Steps: 32192 | Total Reward: -80038.61283302143|
| Episode: 273 | Epsilon:  0.10 | Reward: -121.10987726255304 | Average Reward: -204.976 | Steps: 32331 | Total Reward: -80159.72271028401|
| Episode: 274 | Epsilon:  0.10 | Reward: -199.07793592900433 | Average Reward: -205.020 | Steps: 32476 | Total Reward: -80358.80064621299|
| Episode: 275 | Epsilon:  0.10 | Reward: -247.913933581607 | Average Reward: -204.513 | Steps: 32595 | Total Reward: -80606.7145797946|
| Episode: 276 | Epsilon:  0.10 | Reward: -291.6139671267963 | Average Reward: -206.555 | Steps: 32752 | Total Reward: -80898.3285469214|
| Episode: 277 | Epsilon:  0.10 | Reward: -125.33764956256822 | Average Reward: -206.135 | Steps: 32884 | Total Reward: -81023.66619648394|
| Episode: 278 | Epsilon:  0.10 | Reward: -150.5150678304879 | Average Reward: -205.814 | Steps: 33021 | Total Reward: -81174.18126431448|
| Episode: 279 | Epsilon:  0.10 | Reward: -120.43084304746618 | Average Reward: -205.551 | Steps: 33220 | Total Reward: -81294.6121073619|
| Episode: 280 | Epsilon:  0.10 | Reward: -297.7977344425693 | Average Reward: -207.530 | Steps: 33305 | Total Reward: -81592.40984180443|
| Episode: 281 | Epsilon:  0.10 | Reward: -141.61824876243475 | Average Reward: -207.328 | Steps: 33432 | Total Reward: -81734.02809056686|
| Episode: 282 | Epsilon:  0.10 | Reward: -210.1475767007704 | Average Reward: -206.991 | Steps: 33550 | Total Reward: -81944.17566726761|
| Episode: 283 | Epsilon:  0.10 | Reward: -203.44116527574295 | Average Reward: -206.632 | Steps: 33652 | Total Reward: -82147.61683254335|
| Episode: 284 | Epsilon:  0.10 | Reward: -241.54142243429348 | Average Reward: -206.785 | Steps: 33806 | Total Reward: -82389.1582549777|
| Episode: 285 | Epsilon:  0.10 | Reward: -79.52438210564978 | Average Reward: -205.255 | Steps: 33983 | Total Reward: -82468.6826370833|
| Episode: 286 | Epsilon:  0.10 | Reward: -162.36173249757127 | Average Reward: -204.698 | Steps: 34069 | Total Reward: -82631.04436958079|
| Episode: 287 | Epsilon:  0.10 | Reward: -146.06815613159807 | Average Reward: -204.659 | Steps: 34215 | Total Reward: -82777.11252571235|
| Episode: 288 | Epsilon:  0.10 | Reward: -61.08863943765971 | Average Reward: -203.635 | Steps: 34383 | Total Reward: -82838.20116515002|
| Episode: 289 | Epsilon:  0.10 | Reward: -270.3379215237196 | Average Reward: -204.754 | Steps: 34489 | Total Reward: -83108.53908667364|
| Episode: 290 | Epsilon:  0.10 | Reward: -314.1296363690783 | Average Reward: -205.181 | Steps: 34633 | Total Reward: -83422.66872304275|
| Episode: 291 | Epsilon:  0.10 | Reward: -78.33398186684485 | Average Reward: -203.620 | Steps: 34797 | Total Reward: -83501.00270490957|
| Episode: 292 | Epsilon:  0.10 | Reward: -162.54104053860365 | Average Reward: -202.732 | Steps: 34908 | Total Reward: -83663.5437454483|
| Episode: 293 | Epsilon:  0.10 | Reward: -531.6380047153539 | Average Reward: -206.072 | Steps: 35056 | Total Reward: -84195.18175016371|
| Episode: 294 | Epsilon:  0.10 | Reward: -150.79316677584558 | Average Reward: -205.917 | Steps: 35143 | Total Reward: -84345.97491693957|
| Episode: 295 | Epsilon:  0.10 | Reward: -153.9221759082591 | Average Reward: -204.878 | Steps: 35360 | Total Reward: -84499.89709284784|
| Episode: 296 | Epsilon:  0.10 | Reward: -225.8654487684774 | Average Reward: -205.465 | Steps: 35462 | Total Reward: -84725.76254161636|
| Episode: 297 | Epsilon:  0.10 | Reward: -250.16043210421057 | Average Reward: -205.745 | Steps: 35623 | Total Reward: -84975.9229737206|
| Episode: 298 | Epsilon:  0.10 | Reward: -253.9452045849273 | Average Reward: -201.334 | Steps: 35757 | Total Reward: -85229.86817830543|
| Episode: 299 | Epsilon:  0.10 | Reward: -403.7897277245392 | Average Reward: -202.714 | Steps: 35929 | Total Reward: -85633.65790602997|
| Episode: 300 | Epsilon:  0.10 | Reward: -282.34450628086745 | Average Reward: -202.958 | Steps: 36018 | Total Reward: -85916.00241231086|
| Episode: 301 | Epsilon:  0.10 | Reward: -341.20001374325454 | Average Reward: -205.477 | Steps: 36335 | Total Reward: -86257.20242605395|
| Episode: 302 | Epsilon:  0.10 | Reward: -520.7090918838609 | Average Reward: -209.212 | Steps: 36478 | Total Reward: -86777.91151793786|
| Episode: 303 | Epsilon:  0.10 | Reward: -142.62382856857568 | Average Reward: -208.161 | Steps: 36613 | Total Reward: -86920.53534650641|
| Episode: 304 | Epsilon:  0.10 | Reward: -218.1892675166905 | Average Reward: -208.799 | Steps: 36787 | Total Reward: -87138.72461402309|
| Episode: 305 | Epsilon:  0.10 | Reward: -115.25915397111044 | Average Reward: -207.439 | Steps: 36918 | Total Reward: -87253.98376799411|
| Episode: 306 | Epsilon:  0.10 | Reward: -415.5531014339414 | Average Reward: -210.350 | Steps: 37062 | Total Reward: -87669.53686942815|
| Episode: 307 | Epsilon:  0.10 | Reward: -14.167792541051853 | Average Reward: -208.381 | Steps: 37226 | Total Reward: -87683.70466196915|
| Episode: 308 | Epsilon:  0.10 | Reward: -300.6793843726101 | Average Reward: -208.345 | Steps: 37420 | Total Reward: -87984.3840463418|
| Episode: 309 | Epsilon:  0.10 | Reward: -249.6174908052768 | Average Reward: -209.200 | Steps: 37741 | Total Reward: -88234.00153714721|
| Episode: 310 | Epsilon:  0.10 | Reward: -170.9578657251584 | Average Reward: -208.195 | Steps: 37873 | Total Reward: -88404.95940287248|
| Episode: 311 | Epsilon:  0.10 | Reward: -242.2847662654221 | Average Reward: -208.653 | Steps: 38042 | Total Reward: -88647.24416913798|
| Episode: 312 | Epsilon:  0.10 | Reward: -115.97602163851438 | Average Reward: -207.319 | Steps: 38196 | Total Reward: -88763.22019077651|
| Episode: 313 | Epsilon:  0.10 | Reward: -75.85610620183918 | Average Reward: -206.206 | Steps: 38342 | Total Reward: -88839.07629697831|
| Episode: 314 | Epsilon:  0.10 | Reward: -123.79415032013625 | Average Reward: -204.925 | Steps: 38483 | Total Reward: -88962.87044729847|
| Episode: 315 | Epsilon:  0.10 | Reward: -27.899775960759314 | Average Reward: -203.475 | Steps: 38681 | Total Reward: -88990.77022325926|
| Episode: 316 | Epsilon:  0.10 | Reward: -409.87095771762466 | Average Reward: -206.316 | Steps: 38832 | Total Reward: -89400.64118097689|
| Episode: 317 | Epsilon:  0.10 | Reward: -201.11485276620215 | Average Reward: -207.124 | Steps: 38956 | Total Reward: -89601.7560337431|
| Episode: 318 | Epsilon:  0.10 | Reward: -224.38004593315026 | Average Reward: -206.212 | Steps: 39082 | Total Reward: -89826.13607967627|
| Episode: 319 | Epsilon:  0.10 | Reward: -233.1722251763939 | Average Reward: -204.429 | Steps: 39216 | Total Reward: -90059.3083048527|
| Episode: 320 | Epsilon:  0.10 | Reward: 3.6962093732487062 | Average Reward: -203.103 | Steps: 39355 | Total Reward: -90055.61209547949|
| Episode: 321 | Epsilon:  0.10 | Reward: -199.9113978338759 | Average Reward: -202.561 | Steps: 39493 | Total Reward: -90255.5234933133|
| Episode: 322 | Epsilon:  0.10 | Reward: -24.03186668317332 | Average Reward: -200.324 | Steps: 39703 | Total Reward: -90279.55535999646|
| Episode: 323 | Epsilon:  0.10 | Reward: -146.4763639938395 | Average Reward: -198.530 | Steps: 39836 | Total Reward: -90426.03172399035|
| Episode: 324 | Epsilon:  0.10 | Reward: 66.14737668291059 | Average Reward: -196.671 | Steps: 40017 | Total Reward: -90359.88434730741|
| Episode: 325 | Epsilon:  0.10 | Reward: 54.4763607142238 | Average Reward: -193.255 | Steps: 40181 | Total Reward: -90305.40798659314|
| Episode: 326 | Epsilon:  0.10 | Reward: -240.47997870939594 | Average Reward: -193.016 | Steps: 40298 | Total Reward: -90545.88796530257|
| Episode: 327 | Epsilon:  0.10 | Reward: -230.24728093005098 | Average Reward: -193.504 | Steps: 40413 | Total Reward: -90776.13524623265|
| Episode: 328 | Epsilon:  0.10 | Reward: -126.13824628773686 | Average Reward: -192.577 | Steps: 40566 | Total Reward: -90902.27349252046|
| Episode: 329 | Epsilon:  0.10 | Reward: -80.13878894450868 | Average Reward: -190.852 | Steps: 40753 | Total Reward: -90982.41228146499|
| Episode: 330 | Epsilon:  0.10 | Reward: -195.4266418633053 | Average Reward: -190.828 | Steps: 40882 | Total Reward: -91177.83892332819|
| Episode: 331 | Epsilon:  0.10 | Reward: -216.2116395876509 | Average Reward: -190.689 | Steps: 41047 | Total Reward: -91394.05056291589|
| Episode: 332 | Epsilon:  0.10 | Reward: -279.0319737187408 | Average Reward: -190.270 | Steps: 41313 | Total Reward: -91673.0825366345|
| Episode: 333 | Epsilon:  0.10 | Reward: -87.93509241920681 | Average Reward: -189.593 | Steps: 41403 | Total Reward: -91761.01762905372|
| Episode: 334 | Epsilon:  0.10 | Reward: 16.211697269356648 | Average Reward: -185.316 | Steps: 41499 | Total Reward: -91744.80593178429|
| Episode: 335 | Epsilon:  0.10 | Reward: -45.0866956223917 | Average Reward: -184.637 | Steps: 41687 | Total Reward: -91789.89262740668|
| Episode: 336 | Epsilon:  0.10 | Reward: -255.91920300050785 | Average Reward: -185.529 | Steps: 41904 | Total Reward: -92045.81183040721|
| Episode: 337 | Epsilon:  0.10 | Reward: -37.40221159638806 | Average Reward: -184.644 | Steps: 42113 | Total Reward: -92083.21404200364|
| Episode: 338 | Epsilon:  0.10 | Reward: -290.93237378578783 | Average Reward: -185.727 | Steps: 42268 | Total Reward: -92374.14641578952|
| Episode: 339 | Epsilon:  0.10 | Reward: -247.7091506537396 | Average Reward: -187.410 | Steps: 42384 | Total Reward: -92621.85556644316|
| Episode: 340 | Epsilon:  0.10 | Reward: -215.1626873134782 | Average Reward: -188.547 | Steps: 42529 | Total Reward: -92837.01825375667|
| Episode: 341 | Epsilon:  0.10 | Reward: -69.40544914500775 | Average Reward: -187.618 | Steps: 42695 | Total Reward: -92906.42370290158|
| Episode: 342 | Epsilon:  0.10 | Reward: -28.63846226626316 | Average Reward: -186.544 | Steps: 42806 | Total Reward: -92935.06216516787|
| Episode: 343 | Epsilon:  0.10 | Reward: -322.74399260891175 | Average Reward: -188.370 | Steps: 42998 | Total Reward: -93257.80615777672|
| Episode: 344 | Epsilon:  0.10 | Reward: -248.72447045275172 | Average Reward: -189.031 | Steps: 43142 | Total Reward: -93506.53062822942|
| Episode: 345 | Epsilon:  0.10 | Reward: -734.6756569102744 | Average Reward: -195.709 | Steps: 43347 | Total Reward: -94241.20628513968|
| Episode: 346 | Epsilon:  0.10 | Reward: -83.22761130573534 | Average Reward: -195.367 | Steps: 43532 | Total Reward: -94324.43389644538|
| Episode: 347 | Epsilon:  0.10 | Reward: -65.20005959272513 | Average Reward: -194.024 | Steps: 43689 | Total Reward: -94389.63395603812|
| Episode: 348 | Epsilon:  0.10 | Reward: -72.79442411338684 | Average Reward: -192.598 | Steps: 43970 | Total Reward: -94462.42838015172|
| Episode: 349 | Epsilon:  0.10 | Reward: -67.85631174131575 | Average Reward: -192.075 | Steps: 44101 | Total Reward: -94530.28469189306|
| Episode: 350 | Epsilon:  0.10 | Reward: -338.81925006101994 | Average Reward: -193.960 | Steps: 44288 | Total Reward: -94869.10394195394|
| Episode: 351 | Epsilon:  0.10 | Reward: -535.6042688575067 | Average Reward: -198.457 | Steps: 44453 | Total Reward: -95404.70821081154|
| Episode: 352 | Epsilon:  0.10 | Reward: -331.2002637654322 | Average Reward: -200.921 | Steps: 44747 | Total Reward: -95735.90847457695|
| Episode: 353 | Epsilon:  0.10 | Reward: -294.4700356146368 | Average Reward: -198.978 | Steps: 44884 | Total Reward: -96030.37851019159|
| Episode: 354 | Epsilon:  0.10 | Reward: -102.27958671829919 | Average Reward: -199.052 | Steps: 45065 | Total Reward: -96132.65809690995|
| Episode: 355 | Epsilon:  0.10 | Reward: -319.2602896081395 | Average Reward: -200.397 | Steps: 45218 | Total Reward: -96451.91838651804|
| Episode: 356 | Epsilon:  0.10 | Reward: -73.80024129757425 | Average Reward: -196.787 | Steps: 45386 | Total Reward: -96525.71862781564|
| Episode: 357 | Epsilon:  0.10 | Reward: -235.96176093669143 | Average Reward: -195.826 | Steps: 45692 | Total Reward: -96761.68038875243|
| Episode: 358 | Epsilon:  0.10 | Reward: -273.37242196315265 | Average Reward: -197.350 | Steps: 45875 | Total Reward: -97035.05281071561|
| Episode: 359 | Epsilon:  0.10 | Reward: -364.692832373694 | Average Reward: -199.213 | Steps: 46000 | Total Reward: -97399.74564308934|
| Episode: 360 | Epsilon:  0.10 | Reward: -185.40575135283805 | Average Reward: -198.534 | Steps: 46182 | Total Reward: -97585.15139444223|
| Episode: 361 | Epsilon:  0.10 | Reward: -58.71151636322528 | Average Reward: -197.172 | Steps: 46386 | Total Reward: -97643.86291080552|
| Episode: 362 | Epsilon:  0.10 | Reward: -395.27284532288354 | Average Reward: -200.455 | Steps: 46510 | Total Reward: -98039.13575612845|
| Episode: 363 | Epsilon:  0.10 | Reward: -162.86121358495404 | Average Reward: -200.630 | Steps: 46628 | Total Reward: -98201.99696971344|
| Episode: 364 | Epsilon:  0.10 | Reward: -302.70028545850414 | Average Reward: -201.652 | Steps: 46823 | Total Reward: -98504.69725517178|
| Episode: 365 | Epsilon:  0.10 | Reward: -90.06380386372753 | Average Reward: -201.484 | Steps: 46930 | Total Reward: -98594.76105903545|
| Episode: 366 | Epsilon:  0.10 | Reward: -389.3051891919357 | Average Reward: -202.726 | Steps: 47075 | Total Reward: -98984.0662482275|
| Episode: 367 | Epsilon:  0.10 | Reward: -115.01273808482078 | Average Reward: -200.578 | Steps: 47227 | Total Reward: -99099.07898631234|
| Episode: 368 | Epsilon:  0.10 | Reward: -222.37357990746446 | Average Reward: -202.660 | Steps: 47356 | Total Reward: -99321.45256621983|
| Episode: 369 | Epsilon:  0.10 | Reward: -103.80867713692462 | Average Reward: -202.234 | Steps: 47459 | Total Reward: -99425.2612433567|
| Episode: 370 | Epsilon:  0.10 | Reward: -163.79291349141565 | Average Reward: -201.353 | Steps: 47578 | Total Reward: -99589.05415684816|
| Episode: 371 | Epsilon:  0.10 | Reward: -352.8574031165689 | Average Reward: -201.491 | Steps: 47870 | Total Reward: -99941.91155996465|
| Episode: 372 | Epsilon:  0.10 | Reward: -255.30391498873803 | Average Reward: -201.586 | Steps: 48059 | Total Reward: -100197.21547495342|
| Episode: 373 | Epsilon:  0.10 | Reward: -289.214398582417 | Average Reward: -203.267 | Steps: 48183 | Total Reward: -100486.42987353586|
| Episode: 374 | Epsilon:  0.10 | Reward: -325.47923965923826 | Average Reward: -204.531 | Steps: 48329 | Total Reward: -100811.90911319508|
| Episode: 375 | Epsilon:  0.10 | Reward: -428.23229353043024 | Average Reward: -206.334 | Steps: 48677 | Total Reward: -101240.14140672554|
| Episode: 376 | Epsilon:  0.10 | Reward: -145.57413735043988 | Average Reward: -204.874 | Steps: 48952 | Total Reward: -101385.71554407587|
| Episode: 377 | Epsilon:  0.10 | Reward: -352.1375345699555 | Average Reward: -207.142 | Steps: 49107 | Total Reward: -101737.85307864583|
| Episode: 378 | Epsilon:  0.10 | Reward: -1190.6570260684932 | Average Reward: -217.543 | Steps: 49391 | Total Reward: -102928.51010471443|
| Episode: 379 | Epsilon:  0.10 | Reward: -96.46786163312937 | Average Reward: -217.304 | Steps: 49535 | Total Reward: -103024.97796634758|
| Episode: 380 | Epsilon:  0.10 | Reward: -93.96174693559719 | Average Reward: -215.265 | Steps: 49660 | Total Reward: -103118.93971328315|
| Episode: 381 | Epsilon:  0.10 | Reward: -614.9776912000416 | Average Reward: -219.999 | Steps: 49954 | Total Reward: -103733.9174044832|
| Episode: 382 | Epsilon:  0.10 | Reward: -109.75934246371025 | Average Reward: -218.995 | Steps: 50082 | Total Reward: -103843.67674694686|
| Episode: 383 | Epsilon:  0.10 | Reward: -97.23225899989704 | Average Reward: -217.933 | Steps: 50217 | Total Reward: -103940.90900594671|
| Episode: 384 | Epsilon:  0.10 | Reward: -407.68323108151 | Average Reward: -219.594 | Steps: 50392 | Total Reward: -104348.59223702828|
| Episode: 385 | Epsilon:  0.10 | Reward: -159.63762104271376 | Average Reward: -220.395 | Steps: 50531 | Total Reward: -104508.22985807112|
| Episode: 386 | Epsilon:  0.10 | Reward: -67.40243788575285 | Average Reward: -219.446 | Steps: 50668 | Total Reward: -104575.63229595686|
| Episode: 387 | Epsilon:  0.10 | Reward: -499.72312618668616 | Average Reward: -222.982 | Steps: 50853 | Total Reward: -105075.35542214346|
| Episode: 388 | Epsilon:  0.10 | Reward: -199.11557612903172 | Average Reward: -224.363 | Steps: 50966 | Total Reward: -105274.4709982725|
| Episode: 389 | Epsilon:  0.10 | Reward: -124.35272855648478 | Average Reward: -222.903 | Steps: 51099 | Total Reward: -105398.82372682894|
| Episode: 390 | Epsilon:  0.10 | Reward: -259.3852372786996 | Average Reward: -222.355 | Steps: 51304 | Total Reward: -105658.2089641077|
| Episode: 391 | Epsilon:  0.10 | Reward: -118.16239112487511 | Average Reward: -222.754 | Steps: 51426 | Total Reward: -105776.37135523258|
| Episode: 392 | Epsilon:  0.10 | Reward: -121.14161168354087 | Average Reward: -222.340 | Steps: 51566 | Total Reward: -105897.5129669161|
| Episode: 393 | Epsilon:  0.10 | Reward: -51.21443479765692 | Average Reward: -217.535 | Steps: 51704 | Total Reward: -105948.72740171374|
| Episode: 394 | Epsilon:  0.10 | Reward: -310.1909470786934 | Average Reward: -219.129 | Steps: 51828 | Total Reward: -106258.91834879249|
| Episode: 395 | Epsilon:  0.10 | Reward: -444.1538884938342 | Average Reward: -222.032 | Steps: 51950 | Total Reward: -106703.0722372864|
| Episode: 396 | Epsilon:  0.10 | Reward: -72.28286418875388 | Average Reward: -220.496 | Steps: 52085 | Total Reward: -106775.35510147519|
| Episode: 397 | Epsilon:  0.10 | Reward: -264.3494465686041 | Average Reward: -220.638 | Steps: 52208 | Total Reward: -107039.70454804382|
| Episode: 398 | Epsilon:  0.10 | Reward: -107.70887836073886 | Average Reward: -219.175 | Steps: 52332 | Total Reward: -107147.41342640456|
| Episode: 399 | Epsilon:  0.10 | Reward: -205.18715612864827 | Average Reward: -217.189 | Steps: 52459 | Total Reward: -107352.6005825332|
| Episode: 400 | Epsilon:  0.10 | Reward: -543.7717448986728 | Average Reward: -219.804 | Steps: 52635 | Total Reward: -107896.37232743177|
| Episode: 401 | Epsilon:  0.10 | Reward: -534.5697630693312 | Average Reward: -221.737 | Steps: 52816 | Total Reward: -108430.94209050114|
| Episode: 402 | Epsilon:  0.10 | Reward: -293.1372737719479 | Average Reward: -219.462 | Steps: 53085 | Total Reward: -108724.07936427303|
| Episode: 403 | Epsilon:  0.10 | Reward: -273.1492099000226 | Average Reward: -220.767 | Steps: 53223 | Total Reward: -108997.22857417302|
| Episode: 404 | Epsilon:  0.10 | Reward: -260.6715224238051 | Average Reward: -221.192 | Steps: 53343 | Total Reward: -109257.90009659686|
| Episode: 405 | Epsilon:  0.10 | Reward: -434.94525428989095 | Average Reward: -224.389 | Steps: 53549 | Total Reward: -109692.84535088674|
| Episode: 406 | Epsilon:  0.10 | Reward: -269.0826954174413 | Average Reward: -222.924 | Steps: 53717 | Total Reward: -109961.92804630422|
| Episode: 407 | Epsilon:  0.10 | Reward: -152.4739717510102 | Average Reward: -224.307 | Steps: 54027 | Total Reward: -110114.40201805526|
| Episode: 408 | Epsilon:  0.10 | Reward: -272.8337531154326 | Average Reward: -224.029 | Steps: 54141 | Total Reward: -110387.23577117069|
| Episode: 409 | Epsilon:  0.10 | Reward: -120.79894775120424 | Average Reward: -222.740 | Steps: 54255 | Total Reward: -110508.03471892193|
| Episode: 410 | Epsilon:  0.10 | Reward: -325.98598552921914 | Average Reward: -224.291 | Steps: 54609 | Total Reward: -110834.02070445109|
| Episode: 411 | Epsilon:  0.10 | Reward: -296.4952020226407 | Average Reward: -224.833 | Steps: 54784 | Total Reward: -111130.5159064738|
| Episode: 412 | Epsilon:  0.10 | Reward: -205.60154039862053 | Average Reward: -225.729 | Steps: 54907 | Total Reward: -111336.11744687248|
| Episode: 413 | Epsilon:  0.10 | Reward: -339.906325871646 | Average Reward: -228.369 | Steps: 55199 | Total Reward: -111676.02377274403|
| Episode: 414 | Epsilon:  0.10 | Reward: -67.15892885246704 | Average Reward: -227.803 | Steps: 55311 | Total Reward: -111743.18270159645|
| Episode: 415 | Epsilon:  0.10 | Reward: -232.33674234137416 | Average Reward: -229.847 | Steps: 55539 | Total Reward: -111975.5194439379|
| Episode: 416 | Epsilon:  0.10 | Reward: -156.03381904693265 | Average Reward: -227.309 | Steps: 55662 | Total Reward: -112131.55326298493|
| Episode: 417 | Epsilon:  0.10 | Reward: -155.21456314196269 | Average Reward: -226.850 | Steps: 55784 | Total Reward: -112286.7678261269|
| Episode: 418 | Epsilon:  0.10 | Reward: -1035.8103457387674 | Average Reward: -234.964 | Steps: 56128 | Total Reward: -113322.57817186575|
| Episode: 419 | Epsilon:  0.10 | Reward: -145.2609028951042 | Average Reward: -234.085 | Steps: 56249 | Total Reward: -113467.83907476092|
| Episode: 420 | Epsilon:  0.10 | Reward: -213.18387547944948 | Average Reward: -236.254 | Steps: 56377 | Total Reward: -113681.02295024025|
| Episode: 421 | Epsilon:  0.10 | Reward: -110.97662827956108 | Average Reward: -235.365 | Steps: 56499 | Total Reward: -113791.99957851983|
| Episode: 422 | Epsilon:  0.10 | Reward: -309.8354419237751 | Average Reward: -238.223 | Steps: 56647 | Total Reward: -114101.83502044361|
| Episode: 423 | Epsilon:  0.10 | Reward: -202.48612150799903 | Average Reward: -238.783 | Steps: 56805 | Total Reward: -114304.32114195163|
| Episode: 424 | Epsilon:  0.10 | Reward: -239.61362455376053 | Average Reward: -241.841 | Steps: 57133 | Total Reward: -114543.93476650536|
| Episode: 425 | Epsilon:  0.10 | Reward: -265.053665662374 | Average Reward: -245.036 | Steps: 57307 | Total Reward: -114808.98843216768|
| Episode: 426 | Epsilon:  0.10 | Reward: -268.71423321300756 | Average Reward: -245.318 | Steps: 57481 | Total Reward: -115077.70266538068|
| Episode: 427 | Epsilon:  0.10 | Reward: -22.645890507120313 | Average Reward: -243.242 | Steps: 57687 | Total Reward: -115100.34855588776|
| Episode: 428 | Epsilon:  0.10 | Reward: -249.31045808424858 | Average Reward: -244.474 | Steps: 57820 | Total Reward: -115349.65901397208|
| Episode: 429 | Epsilon:  0.10 | Reward: -248.3680596734222 | Average Reward: -246.156 | Steps: 57996 | Total Reward: -115598.02707364559|
| Episode: 430 | Epsilon:  0.10 | Reward: -14.10474485183724 | Average Reward: -244.343 | Steps: 58085 | Total Reward: -115612.1318184974|
| Episode: 431 | Epsilon:  0.10 | Reward: -207.44343156057985 | Average Reward: -244.255 | Steps: 58209 | Total Reward: -115819.57525005794|
| Episode: 432 | Epsilon:  0.10 | Reward: -129.24777461176848 | Average Reward: -242.757 | Steps: 58335 | Total Reward: -115948.82302466976|
| Episode: 433 | Epsilon:  0.10 | Reward: -185.26573190035754 | Average Reward: -243.731 | Steps: 58411 | Total Reward: -116134.08875657016|
| Episode: 434 | Epsilon:  0.10 | Reward: -153.7630304424173 | Average Reward: -245.430 | Steps: 58548 | Total Reward: -116287.85178701265|
| Episode: 435 | Epsilon:  0.10 | Reward: -113.45329280595519 | Average Reward: -246.114 | Steps: 58664 | Total Reward: -116401.30507981857|
| Episode: 436 | Epsilon:  0.10 | Reward: -269.7187432972843 | Average Reward: -246.252 | Steps: 58801 | Total Reward: -116671.02382311584|
| Episode: 437 | Epsilon:  0.10 | Reward: -318.6777286358213 | Average Reward: -249.065 | Steps: 59046 | Total Reward: -116989.70155175166|
| Episode: 438 | Epsilon:  0.10 | Reward: -144.86424643762365 | Average Reward: -247.604 | Steps: 59143 | Total Reward: -117134.5657981893|
| Episode: 439 | Epsilon:  0.10 | Reward: -226.05088164659605 | Average Reward: -247.388 | Steps: 59280 | Total Reward: -117360.61667983592|
| Episode: 440 | Epsilon:  0.10 | Reward: -91.46499655307741 | Average Reward: -246.151 | Steps: 59400 | Total Reward: -117452.081676389|
| Episode: 441 | Epsilon:  0.10 | Reward: -237.55375346602054 | Average Reward: -247.832 | Steps: 59555 | Total Reward: -117689.6354298551|
| Episode: 442 | Epsilon:  0.10 | Reward: -380.3795828411614 | Average Reward: -251.350 | Steps: 59686 | Total Reward: -118070.0150126963|
| Episode: 443 | Epsilon:  0.10 | Reward: -109.0225442000985 | Average Reward: -249.212 | Steps: 59824 | Total Reward: -118179.03755689642|
| Episode: 444 | Epsilon:  0.10 | Reward: -292.2615051138417 | Average Reward: -249.648 | Steps: 59961 | Total Reward: -118471.29906201025|
| Episode: 445 | Epsilon:  0.10 | Reward: -247.3127343203851 | Average Reward: -244.774 | Steps: 60111 | Total Reward: -118718.61179633069|
| Episode: 446 | Epsilon:  0.10 | Reward: -325.38196911157996 | Average Reward: -247.196 | Steps: 60238 | Total Reward: -119043.9937654423|
| Episode: 447 | Epsilon:  0.10 | Reward: -191.9344964578891 | Average Reward: -248.463 | Steps: 60387 | Total Reward: -119235.92826190018|
| Episode: 448 | Epsilon:  0.10 | Reward: -189.17401787594648 | Average Reward: -249.627 | Steps: 60551 | Total Reward: -119425.10227977617|
| Episode: 449 | Epsilon:  0.10 | Reward: -145.80181415770159 | Average Reward: -250.406 | Steps: 60694 | Total Reward: -119570.90409393387|
| Episode: 450 | Epsilon:  0.10 | Reward: -384.99574290984845 | Average Reward: -250.868 | Steps: 60891 | Total Reward: -119955.8998368437|
| Episode: 451 | Epsilon:  0.10 | Reward: -238.21878396977723 | Average Reward: -247.894 | Steps: 61093 | Total Reward: -120194.11862081346|
| Episode: 452 | Epsilon:  0.10 | Reward: -226.02379568479427 | Average Reward: -246.842 | Steps: 61210 | Total Reward: -120420.14241649826|
| Episode: 453 | Epsilon:  0.10 | Reward: -142.55561113064445 | Average Reward: -245.323 | Steps: 61351 | Total Reward: -120562.69802762888|
| Episode: 454 | Epsilon:  0.10 | Reward: -38.034589347078494 | Average Reward: -244.681 | Steps: 61514 | Total Reward: -120600.73261697592|
| Episode: 455 | Epsilon:  0.10 | Reward: -60.05517176393705 | Average Reward: -242.089 | Steps: 61623 | Total Reward: -120660.78778873985|
| Episode: 456 | Epsilon:  0.10 | Reward: -154.3603649292998 | Average Reward: -242.894 | Steps: 61744 | Total Reward: -120815.14815366919|
| Episode: 457 | Epsilon:  0.10 | Reward: -220.67503804415838 | Average Reward: -242.741 | Steps: 61849 | Total Reward: -121035.8231917133|
| Episode: 458 | Epsilon:  0.10 | Reward: 32.3835309192674 | Average Reward: -239.684 | Steps: 62849 | Total Reward: -121003.43966079417|
| Episode: 459 | Epsilon:  0.10 | Reward: -224.93701871203217 | Average Reward: -238.286 | Steps: 62952 | Total Reward: -121228.37667950625|
| Episode: 460 | Epsilon:  0.10 | Reward: -335.2332917328072 | Average Reward: -239.785 | Steps: 63172 | Total Reward: -121563.60997123904|
| Episode: 461 | Epsilon:  0.10 | Reward: -231.99040696148225 | Average Reward: -241.517 | Steps: 63392 | Total Reward: -121795.60037820057|
| Episode: 462 | Epsilon:  0.10 | Reward: -229.3151082439021 | Average Reward: -239.858 | Steps: 63555 | Total Reward: -122024.91548644436|
| Episode: 463 | Epsilon:  0.10 | Reward: -173.8655181356527 | Average Reward: -239.968 | Steps: 63742 | Total Reward: -122198.78100458003|
| Episode: 464 | Epsilon:  0.10 | Reward: -351.44354960739474 | Average Reward: -240.455 | Steps: 63888 | Total Reward: -122550.22455418744|
| Episode: 465 | Epsilon:  0.10 | Reward: -67.04618348703522 | Average Reward: -240.225 | Steps: 64062 | Total Reward: -122617.27073767447|
| Episode: 466 | Epsilon:  0.10 | Reward: -225.52131753692333 | Average Reward: -238.587 | Steps: 64178 | Total Reward: -122842.79205521132|
| Episode: 467 | Epsilon:  0.10 | Reward: -352.4564735085818 | Average Reward: -240.962 | Steps: 64325 | Total Reward: -123195.2485287199|
| Episode: 468 | Epsilon:  0.10 | Reward: -355.75725555230275 | Average Reward: -242.296 | Steps: 64480 | Total Reward: -123551.00578427229|
| Episode: 469 | Epsilon:  0.10 | Reward: -378.68540714439587 | Average Reward: -245.044 | Steps: 64703 | Total Reward: -123929.69119141671|
| Episode: 470 | Epsilon:  0.10 | Reward: -395.1756305853087 | Average Reward: -247.358 | Steps: 64818 | Total Reward: -124324.86682200208|
| Episode: 471 | Epsilon:  0.10 | Reward: -283.36244441096494 | Average Reward: -246.663 | Steps: 64961 | Total Reward: -124608.22926641295|
| Episode: 472 | Epsilon:  0.10 | Reward: -89.6141533904631 | Average Reward: -245.006 | Steps: 65079 | Total Reward: -124697.84341980335|
| Episode: 473 | Epsilon:  0.10 | Reward: -499.25894711716984 | Average Reward: -247.107 | Steps: 65197 | Total Reward: -125197.10236692055|
