+------------------------+----------------------------+--------------------+
|                        |     Supported Features     |  Program Commands  |
+========================+============================+====================+
| Compatible Layers      | Hopfield Layer,            | hopfield,          |
|                        | HopfieldLayer Layer,       | hopfield_layer,    |
|                        | HopfieldPooling Layer,     | hopfield_pooling,  |
|                        | LSTM,                      | lstm,              |
|                        | GRU                        | gru                |
+------------------------+----------------------------+--------------------+
| Supported Loss Metrics | Huber Loss,                | huber,             |
|                        | Mean Absolute Error Loss,  | mae,               |
|                        | Mean Squared Error Loss,   | mse,               |
|                        | SmoothL1 Loss              | smooth_l1          |
+------------------------+----------------------------+--------------------+
| Supported Optimizers   | RMSprop (default),         | rmsprop,           |
|                        | AdamW,                     | adam,              |
|                        | Adam,                      | adamW,             |
|                        | SGD                        |  sgd               |
+------------------------+----------------------------+--------------------+
+------------------------------+------------------------------------------+
|          Parameter           |                  Value                   |
+==============================+==========================================+
| Layer Type:                  | gru                                      |
+------------------------------+------------------------------------------+
| Loss Metric:                 | mse                                      |
+------------------------------+------------------------------------------+
| Sequence Length:             | 20                                       |
+------------------------------+------------------------------------------+
| Learning Rate:               | 0.001                                    |
+------------------------------+------------------------------------------+
| Target Update Steps:         | 100                                      |
+------------------------------+------------------------------------------+
| Optimizer:                   | rmsprop                                  |
+------------------------------+------------------------------------------+
| Weight Decay:                | 0                                        |
+------------------------------+------------------------------------------+
| Hopfield Inverse Temperature | 0.100                                    |
+------------------------------+------------------------------------------+
| Scale Q-values with lr       | False                                    |
+------------------------------+------------------------------------------+
| Hard or Soft Update          | True                                     |
+------------------------------+------------------------------------------+
| Polyak Factor                | None                                     |
+------------------------------+------------------------------------------+
| Make POMDP                   | Train: False, Hidden dims: [1], mask     |
|                              | Evaluation: True, Hidden dims: [1], mask |
+------------------------------+------------------------------------------+
---------------
| TRAINING... |
---------------
| Episode:   1 | Epsilon:  0.89 | Reward:   3.0 | Average Reward: 3.000 | Steps:   314 | Total Reward:   3.0|
| Episode:   2 | Epsilon:  0.89 | Reward:   0.0 | Average Reward: 1.500 | Steps:   468 | Total Reward:   3.0|
| Episode:   3 | Epsilon:  0.88 | Reward:   0.0 | Average Reward: 1.000 | Steps:   620 | Total Reward:   3.0|
| Episode:   4 | Epsilon:  0.87 | Reward:   1.0 | Average Reward: 1.000 | Steps:   835 | Total Reward:   4.0|
| Episode:   5 | Epsilon:  0.86 | Reward:   5.0 | Average Reward: 1.800 | Steps:  1257 | Total Reward:   9.0|
| Episode:   6 | Epsilon:  0.85 | Reward:   0.0 | Average Reward: 1.500 | Steps:  1412 | Total Reward:   9.0|
| Episode:   7 | Epsilon:  0.85 | Reward:   0.0 | Average Reward: 1.286 | Steps:  1564 | Total Reward:   9.0|
| Episode:   8 | Epsilon:  0.84 | Reward:   1.0 | Average Reward: 1.250 | Steps:  1757 | Total Reward:  10.0|
| Episode:   9 | Epsilon:  0.83 | Reward:   3.0 | Average Reward: 1.444 | Steps:  2038 | Total Reward:  13.0|
| Episode:  10 | Epsilon:  0.83 | Reward:   1.0 | Average Reward: 1.400 | Steps:  2255 | Total Reward:  14.0|
| Episode:  11 | Epsilon:  0.82 | Reward:   0.0 | Average Reward: 1.273 | Steps:  2405 | Total Reward:  14.0|
| Episode:  12 | Epsilon:  0.81 | Reward:   2.0 | Average Reward: 1.333 | Steps:  2657 | Total Reward:  16.0|
| Episode:  13 | Epsilon:  0.80 | Reward:   1.0 | Average Reward: 1.308 | Steps:  2878 | Total Reward:  17.0|
| Episode:  14 | Epsilon:  0.80 | Reward:   0.0 | Average Reward: 1.214 | Steps:  3028 | Total Reward:  17.0|
| Episode:  15 | Epsilon:  0.79 | Reward:   0.0 | Average Reward: 1.133 | Steps:  3187 | Total Reward:  17.0|
| Episode:  16 | Epsilon:  0.78 | Reward:   0.0 | Average Reward: 1.062 | Steps:  3338 | Total Reward:  17.0|
| Episode:  17 | Epsilon:  0.78 | Reward:   5.0 | Average Reward: 1.294 | Steps:  3775 | Total Reward:  22.0|
| Episode:  18 | Epsilon:  0.77 | Reward:   1.0 | Average Reward: 1.278 | Steps:  3989 | Total Reward:  23.0|
| Episode:  19 | Epsilon:  0.76 | Reward:   4.0 | Average Reward: 1.421 | Steps:  4374 | Total Reward:  27.0|
| Episode:  20 | Epsilon:  0.76 | Reward:   4.0 | Average Reward: 1.550 | Steps:  4754 | Total Reward:  31.0|
| Episode:  21 | Epsilon:  0.75 | Reward:   2.0 | Average Reward: 1.571 | Steps:  5004 | Total Reward:  33.0|
| Episode:  22 | Epsilon:  0.74 | Reward:   3.0 | Average Reward: 1.636 | Steps:  5291 | Total Reward:  36.0|
| Episode:  23 | Epsilon:  0.74 | Reward:   0.0 | Average Reward: 1.565 | Steps:  5450 | Total Reward:  36.0|
| Episode:  24 | Epsilon:  0.73 | Reward:   4.0 | Average Reward: 1.667 | Steps:  5800 | Total Reward:  40.0|
| Episode:  25 | Epsilon:  0.72 | Reward:   0.0 | Average Reward: 1.600 | Steps:  5950 | Total Reward:  40.0|
| Episode:  26 | Epsilon:  0.72 | Reward:   1.0 | Average Reward: 1.577 | Steps:  6159 | Total Reward:  41.0|
| Episode:  27 | Epsilon:  0.71 | Reward:   0.0 | Average Reward: 1.519 | Steps:  6311 | Total Reward:  41.0|
| Episode:  28 | Epsilon:  0.71 | Reward:   0.0 | Average Reward: 1.464 | Steps:  6468 | Total Reward:  41.0|
| Episode:  29 | Epsilon:  0.70 | Reward:   1.0 | Average Reward: 1.448 | Steps:  6663 | Total Reward:  42.0|
| Episode:  30 | Epsilon:  0.69 | Reward:   2.0 | Average Reward: 1.467 | Steps:  6911 | Total Reward:  44.0|
| Episode:  31 | Epsilon:  0.69 | Reward:   1.0 | Average Reward: 1.452 | Steps:  7118 | Total Reward:  45.0|
| Episode:  32 | Epsilon:  0.68 | Reward:   3.0 | Average Reward: 1.500 | Steps:  7443 | Total Reward:  48.0|
| Episode:  33 | Epsilon:  0.68 | Reward:   2.0 | Average Reward: 1.515 | Steps:  7696 | Total Reward:  50.0|
| Episode:  34 | Epsilon:  0.67 | Reward:   0.0 | Average Reward: 1.471 | Steps:  7850 | Total Reward:  50.0|
| Episode:  35 | Epsilon:  0.66 | Reward:   3.0 | Average Reward: 1.514 | Steps:  8195 | Total Reward:  53.0|
| Episode:  36 | Epsilon:  0.66 | Reward:   2.0 | Average Reward: 1.528 | Steps:  8454 | Total Reward:  55.0|
| Episode:  37 | Epsilon:  0.65 | Reward:   2.0 | Average Reward: 1.541 | Steps:  8711 | Total Reward:  57.0|
| Episode:  38 | Epsilon:  0.65 | Reward:   0.0 | Average Reward: 1.500 | Steps:  8865 | Total Reward:  57.0|
| Episode:  39 | Epsilon:  0.64 | Reward:   1.0 | Average Reward: 1.487 | Steps:  9057 | Total Reward:  58.0|
| Episode:  40 | Epsilon:  0.64 | Reward:   1.0 | Average Reward: 1.475 | Steps:  9276 | Total Reward:  59.0|
| Episode:  41 | Epsilon:  0.63 | Reward:   0.0 | Average Reward: 1.439 | Steps:  9432 | Total Reward:  59.0|
| Episode:  42 | Epsilon:  0.63 | Reward:   1.0 | Average Reward: 1.429 | Steps:  9644 | Total Reward:  60.0|
| Episode:  43 | Epsilon:  0.62 | Reward:   1.0 | Average Reward: 1.419 | Steps:  9865 | Total Reward:  61.0|
| Episode:  44 | Epsilon:  0.62 | Reward:   0.0 | Average Reward: 1.386 | Steps: 10021 | Total Reward:  61.0|
| Episode:  45 | Epsilon:  0.61 | Reward:   1.0 | Average Reward: 1.378 | Steps: 10234 | Total Reward:  62.0|
| Episode:  46 | Epsilon:  0.61 | Reward:   0.0 | Average Reward: 1.348 | Steps: 10393 | Total Reward:  62.0|
| Episode:  47 | Epsilon:  0.60 | Reward:   1.0 | Average Reward: 1.340 | Steps: 10614 | Total Reward:  63.0|
| Episode:  48 | Epsilon:  0.60 | Reward:   1.0 | Average Reward: 1.333 | Steps: 10806 | Total Reward:  64.0|
| Episode:  49 | Epsilon:  0.59 | Reward:   4.0 | Average Reward: 1.388 | Steps: 11176 | Total Reward:  68.0|
| Episode:  50 | Epsilon:  0.59 | Reward:   4.0 | Average Reward: 1.440 | Steps: 11543 | Total Reward:  72.0|
| Episode:  51 | Epsilon:  0.58 | Reward:   2.0 | Average Reward: 1.451 | Steps: 11797 | Total Reward:  74.0|
| Episode:  52 | Epsilon:  0.58 | Reward:   2.0 | Average Reward: 1.462 | Steps: 12085 | Total Reward:  76.0|
| Episode:  53 | Epsilon:  0.57 | Reward:   3.0 | Average Reward: 1.491 | Steps: 12390 | Total Reward:  79.0|
| Episode:  54 | Epsilon:  0.57 | Reward:   1.0 | Average Reward: 1.481 | Steps: 12585 | Total Reward:  80.0|
| Episode:  55 | Epsilon:  0.56 | Reward:   0.0 | Average Reward: 1.455 | Steps: 12741 | Total Reward:  80.0|
| Episode:  56 | Epsilon:  0.56 | Reward:   5.0 | Average Reward: 1.518 | Steps: 13144 | Total Reward:  85.0|
| Episode:  57 | Epsilon:  0.55 | Reward:   0.0 | Average Reward: 1.491 | Steps: 13309 | Total Reward:  85.0|
| Episode:  58 | Epsilon:  0.55 | Reward:   1.0 | Average Reward: 1.483 | Steps: 13524 | Total Reward:  86.0|
| Episode:  59 | Epsilon:  0.54 | Reward:   3.0 | Average Reward: 1.508 | Steps: 13821 | Total Reward:  89.0|
| Episode:  60 | Epsilon:  0.54 | Reward:   4.0 | Average Reward: 1.550 | Steps: 14175 | Total Reward:  93.0|
| Episode:  61 | Epsilon:  0.54 | Reward:   1.0 | Average Reward: 1.541 | Steps: 14387 | Total Reward:  94.0|
| Episode:  62 | Epsilon:  0.53 | Reward:   3.0 | Average Reward: 1.565 | Steps: 14709 | Total Reward:  97.0|
| Episode:  63 | Epsilon:  0.53 | Reward:   1.0 | Average Reward: 1.556 | Steps: 14922 | Total Reward:  98.0|
| Episode:  64 | Epsilon:  0.52 | Reward:   6.0 | Average Reward: 1.625 | Steps: 15383 | Total Reward: 104.0|
| Episode:  65 | Epsilon:  0.52 | Reward:   2.0 | Average Reward: 1.631 | Steps: 15647 | Total Reward: 106.0|
| Episode:  66 | Epsilon:  0.51 | Reward:   1.0 | Average Reward: 1.621 | Steps: 15858 | Total Reward: 107.0|
| Episode:  67 | Epsilon:  0.51 | Reward:   0.0 | Average Reward: 1.597 | Steps: 16014 | Total Reward: 107.0|
| Episode:  68 | Epsilon:  0.51 | Reward:   1.0 | Average Reward: 1.588 | Steps: 16209 | Total Reward: 108.0|
| Episode:  69 | Epsilon:  0.50 | Reward:   2.0 | Average Reward: 1.594 | Steps: 16466 | Total Reward: 110.0|
| Episode:  70 | Epsilon:  0.50 | Reward:   3.0 | Average Reward: 1.614 | Steps: 16756 | Total Reward: 113.0|
| Episode:  71 | Epsilon:  0.49 | Reward:   0.0 | Average Reward: 1.592 | Steps: 16907 | Total Reward: 113.0|
| Episode:  72 | Epsilon:  0.49 | Reward:   0.0 | Average Reward: 1.569 | Steps: 17061 | Total Reward: 113.0|
| Episode:  73 | Epsilon:  0.49 | Reward:   2.0 | Average Reward: 1.575 | Steps: 17318 | Total Reward: 115.0|
| Episode:  74 | Epsilon:  0.48 | Reward:   0.0 | Average Reward: 1.554 | Steps: 17472 | Total Reward: 115.0|
| Episode:  75 | Epsilon:  0.48 | Reward:   1.0 | Average Reward: 1.547 | Steps: 17667 | Total Reward: 116.0|
| Episode:  76 | Epsilon:  0.47 | Reward:   0.0 | Average Reward: 1.526 | Steps: 17820 | Total Reward: 116.0|
| Episode:  77 | Epsilon:  0.47 | Reward:   0.0 | Average Reward: 1.506 | Steps: 17977 | Total Reward: 116.0|
| Episode:  78 | Epsilon:  0.47 | Reward:   0.0 | Average Reward: 1.487 | Steps: 18134 | Total Reward: 116.0|
| Episode:  79 | Epsilon:  0.46 | Reward:   0.0 | Average Reward: 1.468 | Steps: 18282 | Total Reward: 116.0|
| Episode:  80 | Epsilon:  0.46 | Reward:   0.0 | Average Reward: 1.450 | Steps: 18436 | Total Reward: 116.0|
| Episode:  81 | Epsilon:  0.46 | Reward:   0.0 | Average Reward: 1.432 | Steps: 18589 | Total Reward: 116.0|
| Episode:  82 | Epsilon:  0.45 | Reward:   0.0 | Average Reward: 1.415 | Steps: 18746 | Total Reward: 116.0|
| Episode:  83 | Epsilon:  0.45 | Reward:   3.0 | Average Reward: 1.434 | Steps: 19059 | Total Reward: 119.0|
| Episode:  84 | Epsilon:  0.45 | Reward:   2.0 | Average Reward: 1.440 | Steps: 19378 | Total Reward: 121.0|
| Episode:  85 | Epsilon:  0.44 | Reward:   0.0 | Average Reward: 1.424 | Steps: 19531 | Total Reward: 121.0|
| Episode:  86 | Epsilon:  0.44 | Reward:   2.0 | Average Reward: 1.430 | Steps: 19784 | Total Reward: 123.0|
| Episode:  87 | Epsilon:  0.44 | Reward:   1.0 | Average Reward: 1.425 | Steps: 19977 | Total Reward: 124.0|
| Episode:  88 | Epsilon:  0.43 | Reward:   3.0 | Average Reward: 1.443 | Steps: 20267 | Total Reward: 127.0|
| Episode:  89 | Epsilon:  0.43 | Reward:   2.0 | Average Reward: 1.449 | Steps: 20527 | Total Reward: 129.0|
| Episode:  90 | Epsilon:  0.43 | Reward:   0.0 | Average Reward: 1.433 | Steps: 20689 | Total Reward: 129.0|
| Episode:  91 | Epsilon:  0.42 | Reward:   2.0 | Average Reward: 1.440 | Steps: 20942 | Total Reward: 131.0|
| Episode:  92 | Epsilon:  0.42 | Reward:   2.0 | Average Reward: 1.446 | Steps: 21195 | Total Reward: 133.0|
| Episode:  93 | Epsilon:  0.42 | Reward:   0.0 | Average Reward: 1.430 | Steps: 21348 | Total Reward: 133.0|
| Episode:  94 | Epsilon:  0.41 | Reward:   3.0 | Average Reward: 1.447 | Steps: 21658 | Total Reward: 136.0|
| Episode:  95 | Epsilon:  0.41 | Reward:   1.0 | Average Reward: 1.442 | Steps: 21871 | Total Reward: 137.0|
| Episode:  96 | Epsilon:  0.41 | Reward:   0.0 | Average Reward: 1.427 | Steps: 22021 | Total Reward: 137.0|
| Episode:  97 | Epsilon:  0.40 | Reward:   0.0 | Average Reward: 1.412 | Steps: 22173 | Total Reward: 137.0|
| Episode:  98 | Epsilon:  0.40 | Reward:   2.0 | Average Reward: 1.418 | Steps: 22433 | Total Reward: 139.0|
| Episode:  99 | Epsilon:  0.40 | Reward:   0.0 | Average Reward: 1.404 | Steps: 22586 | Total Reward: 139.0|
| Episode: 100 | Epsilon:  0.39 | Reward:   1.0 | Average Reward: 1.400 | Steps: 22813 | Total Reward: 140.0|
| Episode: 101 | Epsilon:  0.39 | Reward:   0.0 | Average Reward: 1.370 | Steps: 22964 | Total Reward: 140.0|
| Episode: 102 | Epsilon:  0.39 | Reward:   1.0 | Average Reward: 1.380 | Steps: 23146 | Total Reward: 141.0|
| Episode: 103 | Epsilon:  0.39 | Reward:   0.0 | Average Reward: 1.380 | Steps: 23301 | Total Reward: 141.0|
| Episode: 104 | Epsilon:  0.38 | Reward:   0.0 | Average Reward: 1.370 | Steps: 23458 | Total Reward: 141.0|
| Episode: 105 | Epsilon:  0.38 | Reward:   4.0 | Average Reward: 1.360 | Steps: 23840 | Total Reward: 145.0|
| Episode: 106 | Epsilon:  0.38 | Reward:   0.0 | Average Reward: 1.360 | Steps: 23991 | Total Reward: 145.0|
| Episode: 107 | Epsilon:  0.37 | Reward:   2.0 | Average Reward: 1.380 | Steps: 24239 | Total Reward: 147.0|
| Episode: 108 | Epsilon:  0.37 | Reward:   4.0 | Average Reward: 1.410 | Steps: 24619 | Total Reward: 151.0|
| Episode: 109 | Epsilon:  0.37 | Reward:   0.0 | Average Reward: 1.380 | Steps: 24768 | Total Reward: 151.0|
| Episode: 110 | Epsilon:  0.37 | Reward:   1.0 | Average Reward: 1.380 | Steps: 24994 | Total Reward: 152.0|
| Episode: 111 | Epsilon:  0.36 | Reward:   3.0 | Average Reward: 1.410 | Steps: 25288 | Total Reward: 155.0|
| Episode: 112 | Epsilon:  0.36 | Reward:   4.0 | Average Reward: 1.430 | Steps: 25672 | Total Reward: 159.0|
| Episode: 113 | Epsilon:  0.36 | Reward:   2.0 | Average Reward: 1.440 | Steps: 25922 | Total Reward: 161.0|
| Episode: 114 | Epsilon:  0.36 | Reward:   0.0 | Average Reward: 1.440 | Steps: 26075 | Total Reward: 161.0|
| Episode: 115 | Epsilon:  0.35 | Reward:   0.0 | Average Reward: 1.440 | Steps: 26225 | Total Reward: 161.0|
| Episode: 116 | Epsilon:  0.35 | Reward:   0.0 | Average Reward: 1.440 | Steps: 26374 | Total Reward: 161.0|
| Episode: 117 | Epsilon:  0.35 | Reward:   3.0 | Average Reward: 1.420 | Steps: 26685 | Total Reward: 164.0|
| Episode: 118 | Epsilon:  0.35 | Reward:   1.0 | Average Reward: 1.420 | Steps: 26868 | Total Reward: 165.0|
| Episode: 119 | Epsilon:  0.34 | Reward:   1.0 | Average Reward: 1.390 | Steps: 27086 | Total Reward: 166.0|
| Episode: 120 | Epsilon:  0.34 | Reward:   1.0 | Average Reward: 1.360 | Steps: 27299 | Total Reward: 167.0|
| Episode: 121 | Epsilon:  0.34 | Reward:   0.0 | Average Reward: 1.340 | Steps: 27450 | Total Reward: 167.0|
| Episode: 122 | Epsilon:  0.34 | Reward:   0.0 | Average Reward: 1.310 | Steps: 27607 | Total Reward: 167.0|
| Episode: 123 | Epsilon:  0.33 | Reward:   0.0 | Average Reward: 1.310 | Steps: 27767 | Total Reward: 167.0|
| Episode: 124 | Epsilon:  0.33 | Reward:   2.0 | Average Reward: 1.290 | Steps: 28049 | Total Reward: 169.0|
| Episode: 125 | Epsilon:  0.33 | Reward:   2.0 | Average Reward: 1.310 | Steps: 28324 | Total Reward: 171.0|
| Episode: 126 | Epsilon:  0.33 | Reward:   2.0 | Average Reward: 1.320 | Steps: 28572 | Total Reward: 173.0|
| Episode: 127 | Epsilon:  0.33 | Reward:   3.0 | Average Reward: 1.350 | Steps: 28865 | Total Reward: 176.0|
| Episode: 128 | Epsilon:  0.32 | Reward:   2.0 | Average Reward: 1.370 | Steps: 29109 | Total Reward: 178.0|
| Episode: 129 | Epsilon:  0.32 | Reward:   1.0 | Average Reward: 1.370 | Steps: 29325 | Total Reward: 179.0|
| Episode: 130 | Epsilon:  0.32 | Reward:   2.0 | Average Reward: 1.370 | Steps: 29577 | Total Reward: 181.0|
| Episode: 131 | Epsilon:  0.32 | Reward:   2.0 | Average Reward: 1.380 | Steps: 29832 | Total Reward: 183.0|
| Episode: 132 | Epsilon:  0.31 | Reward:   0.0 | Average Reward: 1.350 | Steps: 29986 | Total Reward: 183.0|
| Episode: 133 | Epsilon:  0.31 | Reward:   0.0 | Average Reward: 1.330 | Steps: 30136 | Total Reward: 183.0|
| Episode: 134 | Epsilon:  0.31 | Reward:   2.0 | Average Reward: 1.350 | Steps: 30386 | Total Reward: 185.0|
| Episode: 135 | Epsilon:  0.31 | Reward:   1.0 | Average Reward: 1.330 | Steps: 30601 | Total Reward: 186.0|
| Episode: 136 | Epsilon:  0.31 | Reward:   2.0 | Average Reward: 1.330 | Steps: 30889 | Total Reward: 188.0|
| Episode: 137 | Epsilon:  0.30 | Reward:   1.0 | Average Reward: 1.320 | Steps: 31093 | Total Reward: 189.0|
| Episode: 138 | Epsilon:  0.30 | Reward:   2.0 | Average Reward: 1.340 | Steps: 31373 | Total Reward: 191.0|
| Episode: 139 | Epsilon:  0.30 | Reward:   1.0 | Average Reward: 1.340 | Steps: 31575 | Total Reward: 192.0|
| Episode: 140 | Epsilon:  0.30 | Reward:   0.0 | Average Reward: 1.330 | Steps: 31729 | Total Reward: 192.0|
| Episode: 141 | Epsilon:  0.30 | Reward:   4.0 | Average Reward: 1.370 | Steps: 32079 | Total Reward: 196.0|
| Episode: 142 | Epsilon:  0.29 | Reward:   2.0 | Average Reward: 1.380 | Steps: 32332 | Total Reward: 198.0|
| Episode: 143 | Epsilon:  0.29 | Reward:   0.0 | Average Reward: 1.370 | Steps: 32482 | Total Reward: 198.0|
| Episode: 144 | Epsilon:  0.29 | Reward:   2.0 | Average Reward: 1.390 | Steps: 32738 | Total Reward: 200.0|
| Episode: 145 | Epsilon:  0.29 | Reward:   0.0 | Average Reward: 1.380 | Steps: 32903 | Total Reward: 200.0|
| Episode: 146 | Epsilon:  0.29 | Reward:   0.0 | Average Reward: 1.380 | Steps: 33061 | Total Reward: 200.0|
| Episode: 147 | Epsilon:  0.28 | Reward:   1.0 | Average Reward: 1.380 | Steps: 33279 | Total Reward: 201.0|
| Episode: 148 | Epsilon:  0.28 | Reward:   0.0 | Average Reward: 1.370 | Steps: 33436 | Total Reward: 201.0|
| Episode: 149 | Epsilon:  0.28 | Reward:   2.0 | Average Reward: 1.350 | Steps: 33686 | Total Reward: 203.0|
| Episode: 150 | Epsilon:  0.28 | Reward:   2.0 | Average Reward: 1.330 | Steps: 33939 | Total Reward: 205.0|
| Episode: 151 | Epsilon:  0.28 | Reward:   2.0 | Average Reward: 1.330 | Steps: 34189 | Total Reward: 207.0|
| Episode: 152 | Epsilon:  0.28 | Reward:   1.0 | Average Reward: 1.320 | Steps: 34382 | Total Reward: 208.0|
| Episode: 153 | Epsilon:  0.27 | Reward:   2.0 | Average Reward: 1.310 | Steps: 34637 | Total Reward: 210.0|
| Episode: 154 | Epsilon:  0.27 | Reward:   1.0 | Average Reward: 1.310 | Steps: 34877 | Total Reward: 211.0|
| Episode: 155 | Epsilon:  0.27 | Reward:   1.0 | Average Reward: 1.320 | Steps: 35096 | Total Reward: 212.0|
| Episode: 156 | Epsilon:  0.27 | Reward:   0.0 | Average Reward: 1.270 | Steps: 35254 | Total Reward: 212.0|
| Episode: 157 | Epsilon:  0.27 | Reward:   3.0 | Average Reward: 1.300 | Steps: 35589 | Total Reward: 215.0|
| Episode: 158 | Epsilon:  0.27 | Reward:   1.0 | Average Reward: 1.300 | Steps: 35804 | Total Reward: 216.0|
| Episode: 159 | Epsilon:  0.26 | Reward:   2.0 | Average Reward: 1.290 | Steps: 36085 | Total Reward: 218.0|
| Episode: 160 | Epsilon:  0.26 | Reward:   4.0 | Average Reward: 1.290 | Steps: 36443 | Total Reward: 222.0|
| Episode: 161 | Epsilon:  0.26 | Reward:   0.0 | Average Reward: 1.280 | Steps: 36623 | Total Reward: 222.0|
| Episode: 162 | Epsilon:  0.26 | Reward:   0.0 | Average Reward: 1.250 | Steps: 36778 | Total Reward: 222.0|
| Episode: 163 | Epsilon:  0.26 | Reward:   0.0 | Average Reward: 1.240 | Steps: 36928 | Total Reward: 222.0|
| Episode: 164 | Epsilon:  0.26 | Reward:   0.0 | Average Reward: 1.180 | Steps: 37087 | Total Reward: 222.0|
| Episode: 165 | Epsilon:  0.25 | Reward:   0.0 | Average Reward: 1.160 | Steps: 37241 | Total Reward: 222.0|
| Episode: 166 | Epsilon:  0.25 | Reward:   1.0 | Average Reward: 1.160 | Steps: 37470 | Total Reward: 223.0|
| Episode: 167 | Epsilon:  0.25 | Reward:   2.0 | Average Reward: 1.180 | Steps: 37755 | Total Reward: 225.0|
| Episode: 168 | Epsilon:  0.25 | Reward:   5.0 | Average Reward: 1.220 | Steps: 38182 | Total Reward: 230.0|
| Episode: 169 | Epsilon:  0.25 | Reward:   4.0 | Average Reward: 1.240 | Steps: 38549 | Total Reward: 234.0|
| Episode: 170 | Epsilon:  0.25 | Reward:   1.0 | Average Reward: 1.220 | Steps: 38742 | Total Reward: 235.0|
| Episode: 171 | Epsilon:  0.24 | Reward:   2.0 | Average Reward: 1.240 | Steps: 38991 | Total Reward: 237.0|
| Episode: 172 | Epsilon:  0.24 | Reward:   1.0 | Average Reward: 1.250 | Steps: 39183 | Total Reward: 238.0|
| Episode: 173 | Epsilon:  0.24 | Reward:   0.0 | Average Reward: 1.230 | Steps: 39336 | Total Reward: 238.0|
| Episode: 174 | Epsilon:  0.24 | Reward:   2.0 | Average Reward: 1.250 | Steps: 39591 | Total Reward: 240.0|
| Episode: 175 | Epsilon:  0.24 | Reward:   2.0 | Average Reward: 1.260 | Steps: 39848 | Total Reward: 242.0|
| Episode: 176 | Epsilon:  0.24 | Reward:   3.0 | Average Reward: 1.290 | Steps: 40166 | Total Reward: 245.0|
| Episode: 177 | Epsilon:  0.24 | Reward:   2.0 | Average Reward: 1.310 | Steps: 40449 | Total Reward: 247.0|
| Episode: 178 | Epsilon:  0.24 | Reward:   1.0 | Average Reward: 1.320 | Steps: 40665 | Total Reward: 248.0|
| Episode: 179 | Epsilon:  0.23 | Reward:   1.0 | Average Reward: 1.330 | Steps: 40854 | Total Reward: 249.0|
| Episode: 180 | Epsilon:  0.23 | Reward:   5.0 | Average Reward: 1.380 | Steps: 41272 | Total Reward: 254.0|
| Episode: 181 | Epsilon:  0.23 | Reward:   2.0 | Average Reward: 1.400 | Steps: 41529 | Total Reward: 256.0|
| Episode: 182 | Epsilon:  0.23 | Reward:   0.0 | Average Reward: 1.400 | Steps: 41739 | Total Reward: 256.0|
| Episode: 183 | Epsilon:  0.23 | Reward:   0.0 | Average Reward: 1.370 | Steps: 41896 | Total Reward: 256.0|
| Episode: 184 | Epsilon:  0.23 | Reward:   2.0 | Average Reward: 1.370 | Steps: 42151 | Total Reward: 258.0|
| Episode: 185 | Epsilon:  0.23 | Reward:   2.0 | Average Reward: 1.390 | Steps: 42396 | Total Reward: 260.0|
| Episode: 186 | Epsilon:  0.22 | Reward:   2.0 | Average Reward: 1.390 | Steps: 42660 | Total Reward: 262.0|
| Episode: 187 | Epsilon:  0.22 | Reward:   0.0 | Average Reward: 1.380 | Steps: 42817 | Total Reward: 262.0|
| Episode: 188 | Epsilon:  0.22 | Reward:   3.0 | Average Reward: 1.380 | Steps: 43163 | Total Reward: 265.0|
| Episode: 189 | Epsilon:  0.22 | Reward:   1.0 | Average Reward: 1.370 | Steps: 43378 | Total Reward: 266.0|
| Episode: 190 | Epsilon:  0.22 | Reward:   0.0 | Average Reward: 1.370 | Steps: 43532 | Total Reward: 266.0|
| Episode: 191 | Epsilon:  0.22 | Reward:   1.0 | Average Reward: 1.360 | Steps: 43719 | Total Reward: 267.0|
| Episode: 192 | Epsilon:  0.22 | Reward:   1.0 | Average Reward: 1.350 | Steps: 43941 | Total Reward: 268.0|
| Episode: 193 | Epsilon:  0.22 | Reward:   1.0 | Average Reward: 1.360 | Steps: 44183 | Total Reward: 269.0|
| Episode: 194 | Epsilon:  0.22 | Reward:   2.0 | Average Reward: 1.350 | Steps: 44445 | Total Reward: 271.0|
| Episode: 195 | Epsilon:  0.21 | Reward:   1.0 | Average Reward: 1.350 | Steps: 44632 | Total Reward: 272.0|
| Episode: 196 | Epsilon:  0.21 | Reward:   0.0 | Average Reward: 1.350 | Steps: 44780 | Total Reward: 272.0|
| Episode: 197 | Epsilon:  0.21 | Reward:   0.0 | Average Reward: 1.350 | Steps: 44926 | Total Reward: 272.0|
| Episode: 198 | Epsilon:  0.21 | Reward:   0.0 | Average Reward: 1.330 | Steps: 45078 | Total Reward: 272.0|
| Episode: 199 | Epsilon:  0.21 | Reward:   0.0 | Average Reward: 1.330 | Steps: 45229 | Total Reward: 272.0|
| Episode: 200 | Epsilon:  0.21 | Reward:   0.0 | Average Reward: 1.320 | Steps: 45386 | Total Reward: 272.0|
| Episode: 201 | Epsilon:  0.21 | Reward:   0.0 | Average Reward: 1.320 | Steps: 45538 | Total Reward: 272.0|
| Episode: 202 | Epsilon:  0.21 | Reward:   2.0 | Average Reward: 1.330 | Steps: 45827 | Total Reward: 274.0|
| Episode: 203 | Epsilon:  0.21 | Reward:   0.0 | Average Reward: 1.330 | Steps: 45982 | Total Reward: 274.0|
| Episode: 204 | Epsilon:  0.20 | Reward:   1.0 | Average Reward: 1.340 | Steps: 46174 | Total Reward: 275.0|
| Episode: 205 | Epsilon:  0.20 | Reward:   0.0 | Average Reward: 1.300 | Steps: 46329 | Total Reward: 275.0|
| Episode: 206 | Epsilon:  0.20 | Reward:   1.0 | Average Reward: 1.310 | Steps: 46583 | Total Reward: 276.0|
| Episode: 207 | Epsilon:  0.20 | Reward:   2.0 | Average Reward: 1.310 | Steps: 46831 | Total Reward: 278.0|
| Episode: 208 | Epsilon:  0.20 | Reward:   0.0 | Average Reward: 1.270 | Steps: 46978 | Total Reward: 278.0|
| Episode: 209 | Epsilon:  0.20 | Reward:   0.0 | Average Reward: 1.270 | Steps: 47126 | Total Reward: 278.0|
| Episode: 210 | Epsilon:  0.20 | Reward:   2.0 | Average Reward: 1.280 | Steps: 47380 | Total Reward: 280.0|
| Episode: 211 | Epsilon:  0.20 | Reward:   3.0 | Average Reward: 1.280 | Steps: 47699 | Total Reward: 283.0|
| Episode: 212 | Epsilon:  0.20 | Reward:   1.0 | Average Reward: 1.250 | Steps: 47917 | Total Reward: 284.0|
| Episode: 213 | Epsilon:  0.20 | Reward:   0.0 | Average Reward: 1.230 | Steps: 48068 | Total Reward: 284.0|
| Episode: 214 | Epsilon:  0.19 | Reward:   2.0 | Average Reward: 1.250 | Steps: 48347 | Total Reward: 286.0|
| Episode: 215 | Epsilon:  0.19 | Reward:   3.0 | Average Reward: 1.280 | Steps: 48633 | Total Reward: 289.0|
| Episode: 216 | Epsilon:  0.19 | Reward:   0.0 | Average Reward: 1.280 | Steps: 48790 | Total Reward: 289.0|
| Episode: 217 | Epsilon:  0.19 | Reward:   0.0 | Average Reward: 1.250 | Steps: 48947 | Total Reward: 289.0|
| Episode: 218 | Epsilon:  0.19 | Reward:   2.0 | Average Reward: 1.260 | Steps: 49202 | Total Reward: 291.0|
| Episode: 219 | Epsilon:  0.19 | Reward:   0.0 | Average Reward: 1.250 | Steps: 49352 | Total Reward: 291.0|
| Episode: 220 | Epsilon:  0.19 | Reward:   3.0 | Average Reward: 1.270 | Steps: 49667 | Total Reward: 294.0|
| Episode: 221 | Epsilon:  0.19 | Reward:   3.0 | Average Reward: 1.300 | Steps: 49973 | Total Reward: 297.0|
| Episode: 222 | Epsilon:  0.19 | Reward:   4.0 | Average Reward: 1.340 | Steps: 50355 | Total Reward: 301.0|
| Episode: 223 | Epsilon:  0.19 | Reward:   0.0 | Average Reward: 1.340 | Steps: 50508 | Total Reward: 301.0|
| Episode: 224 | Epsilon:  0.19 | Reward:   0.0 | Average Reward: 1.320 | Steps: 50662 | Total Reward: 301.0|
| Episode: 225 | Epsilon:  0.18 | Reward:   1.0 | Average Reward: 1.310 | Steps: 50878 | Total Reward: 302.0|
| Episode: 226 | Epsilon:  0.18 | Reward:   1.0 | Average Reward: 1.300 | Steps: 51089 | Total Reward: 303.0|
| Episode: 227 | Epsilon:  0.18 | Reward:   1.0 | Average Reward: 1.280 | Steps: 51306 | Total Reward: 304.0|
| Episode: 228 | Epsilon:  0.18 | Reward:   2.0 | Average Reward: 1.280 | Steps: 51587 | Total Reward: 306.0|
| Episode: 229 | Epsilon:  0.18 | Reward:   4.0 | Average Reward: 1.310 | Steps: 51966 | Total Reward: 310.0|
| Episode: 230 | Epsilon:  0.18 | Reward:   0.0 | Average Reward: 1.290 | Steps: 52115 | Total Reward: 310.0|
| Episode: 231 | Epsilon:  0.18 | Reward:   1.0 | Average Reward: 1.280 | Steps: 52303 | Total Reward: 311.0|
| Episode: 232 | Epsilon:  0.18 | Reward:   2.0 | Average Reward: 1.300 | Steps: 52550 | Total Reward: 313.0|
| Episode: 233 | Epsilon:  0.18 | Reward:   2.0 | Average Reward: 1.320 | Steps: 52800 | Total Reward: 315.0|
| Episode: 234 | Epsilon:  0.18 | Reward:   2.0 | Average Reward: 1.320 | Steps: 53042 | Total Reward: 317.0|
| Episode: 235 | Epsilon:  0.18 | Reward:   0.0 | Average Reward: 1.310 | Steps: 53201 | Total Reward: 317.0|
| Episode: 236 | Epsilon:  0.18 | Reward:   2.0 | Average Reward: 1.310 | Steps: 53449 | Total Reward: 319.0|
| Episode: 237 | Epsilon:  0.17 | Reward:   2.0 | Average Reward: 1.320 | Steps: 53707 | Total Reward: 321.0|
| Episode: 238 | Epsilon:  0.17 | Reward:   2.0 | Average Reward: 1.320 | Steps: 53937 | Total Reward: 323.0|
| Episode: 239 | Epsilon:  0.17 | Reward:   2.0 | Average Reward: 1.330 | Steps: 54190 | Total Reward: 325.0|
| Episode: 240 | Epsilon:  0.17 | Reward:   5.0 | Average Reward: 1.380 | Steps: 54647 | Total Reward: 330.0|
| Episode: 241 | Epsilon:  0.17 | Reward:   0.0 | Average Reward: 1.340 | Steps: 54798 | Total Reward: 330.0|
| Episode: 242 | Epsilon:  0.17 | Reward:   0.0 | Average Reward: 1.320 | Steps: 54948 | Total Reward: 330.0|
| Episode: 243 | Epsilon:  0.17 | Reward:   5.0 | Average Reward: 1.370 | Steps: 55393 | Total Reward: 335.0|
| Episode: 244 | Epsilon:  0.17 | Reward:   1.0 | Average Reward: 1.360 | Steps: 55580 | Total Reward: 336.0|
| Episode: 245 | Epsilon:  0.17 | Reward:   0.0 | Average Reward: 1.360 | Steps: 55723 | Total Reward: 336.0|
| Episode: 246 | Epsilon:  0.17 | Reward:   2.0 | Average Reward: 1.380 | Steps: 55974 | Total Reward: 338.0|
| Episode: 247 | Epsilon:  0.17 | Reward:   0.0 | Average Reward: 1.370 | Steps: 56120 | Total Reward: 338.0|
| Episode: 248 | Epsilon:  0.17 | Reward:   1.0 | Average Reward: 1.380 | Steps: 56334 | Total Reward: 339.0|
| Episode: 249 | Epsilon:  0.17 | Reward:   2.0 | Average Reward: 1.380 | Steps: 56579 | Total Reward: 341.0|
| Episode: 250 | Epsilon:  0.17 | Reward:   2.0 | Average Reward: 1.380 | Steps: 56806 | Total Reward: 343.0|
| Episode: 251 | Epsilon:  0.17 | Reward:   2.0 | Average Reward: 1.380 | Steps: 57064 | Total Reward: 345.0|
| Episode: 252 | Epsilon:  0.16 | Reward:   3.0 | Average Reward: 1.400 | Steps: 57381 | Total Reward: 348.0|
| Episode: 253 | Epsilon:  0.16 | Reward:   6.0 | Average Reward: 1.440 | Steps: 57856 | Total Reward: 354.0|
| Episode: 254 | Epsilon:  0.16 | Reward:   2.0 | Average Reward: 1.450 | Steps: 58111 | Total Reward: 356.0|
| Episode: 255 | Epsilon:  0.16 | Reward:   2.0 | Average Reward: 1.460 | Steps: 58364 | Total Reward: 358.0|
| Episode: 256 | Epsilon:  0.16 | Reward:   1.0 | Average Reward: 1.470 | Steps: 58580 | Total Reward: 359.0|
| Episode: 257 | Epsilon:  0.16 | Reward:   2.0 | Average Reward: 1.460 | Steps: 58830 | Total Reward: 361.0|
| Episode: 258 | Epsilon:  0.16 | Reward:   3.0 | Average Reward: 1.480 | Steps: 59143 | Total Reward: 364.0|
| Episode: 259 | Epsilon:  0.16 | Reward:   0.0 | Average Reward: 1.460 | Steps: 59294 | Total Reward: 364.0|
| Episode: 260 | Epsilon:  0.16 | Reward:   2.0 | Average Reward: 1.440 | Steps: 59540 | Total Reward: 366.0|
| Episode: 261 | Epsilon:  0.16 | Reward:   2.0 | Average Reward: 1.460 | Steps: 59792 | Total Reward: 368.0|
| Episode: 262 | Epsilon:  0.16 | Reward:   1.0 | Average Reward: 1.470 | Steps: 59982 | Total Reward: 369.0|
| Episode: 263 | Epsilon:  0.16 | Reward:   2.0 | Average Reward: 1.490 | Steps: 60232 | Total Reward: 371.0|
| Episode: 264 | Epsilon:  0.16 | Reward:   3.0 | Average Reward: 1.520 | Steps: 60548 | Total Reward: 374.0|
| Episode: 265 | Epsilon:  0.16 | Reward:   2.0 | Average Reward: 1.540 | Steps: 60795 | Total Reward: 376.0|
| Episode: 266 | Epsilon:  0.16 | Reward:   1.0 | Average Reward: 1.540 | Steps: 60980 | Total Reward: 377.0|
| Episode: 267 | Epsilon:  0.16 | Reward:   0.0 | Average Reward: 1.520 | Steps: 61131 | Total Reward: 377.0|
| Episode: 268 | Epsilon:  0.15 | Reward:   2.0 | Average Reward: 1.490 | Steps: 61386 | Total Reward: 379.0|
| Episode: 269 | Epsilon:  0.15 | Reward:   2.0 | Average Reward: 1.470 | Steps: 61634 | Total Reward: 381.0|
| Episode: 270 | Epsilon:  0.15 | Reward:   3.0 | Average Reward: 1.490 | Steps: 61956 | Total Reward: 384.0|
| Episode: 271 | Epsilon:  0.15 | Reward:   3.0 | Average Reward: 1.500 | Steps: 62296 | Total Reward: 387.0|
| Episode: 272 | Epsilon:  0.15 | Reward:   3.0 | Average Reward: 1.520 | Steps: 62608 | Total Reward: 390.0|
| Episode: 273 | Epsilon:  0.15 | Reward:   0.0 | Average Reward: 1.520 | Steps: 62756 | Total Reward: 390.0|
| Episode: 274 | Epsilon:  0.15 | Reward:   0.0 | Average Reward: 1.500 | Steps: 62902 | Total Reward: 390.0|
| Episode: 275 | Epsilon:  0.15 | Reward:   3.0 | Average Reward: 1.510 | Steps: 63253 | Total Reward: 393.0|
| Episode: 276 | Epsilon:  0.15 | Reward:   2.0 | Average Reward: 1.500 | Steps: 63498 | Total Reward: 395.0|
| Episode: 277 | Epsilon:  0.15 | Reward:   1.0 | Average Reward: 1.490 | Steps: 63706 | Total Reward: 396.0|
| Episode: 278 | Epsilon:  0.15 | Reward:   2.0 | Average Reward: 1.500 | Steps: 63955 | Total Reward: 398.0|
| Episode: 279 | Epsilon:  0.15 | Reward:   3.0 | Average Reward: 1.520 | Steps: 64258 | Total Reward: 401.0|
| Episode: 280 | Epsilon:  0.15 | Reward:   2.0 | Average Reward: 1.490 | Steps: 64509 | Total Reward: 403.0|
| Episode: 281 | Epsilon:  0.15 | Reward:   1.0 | Average Reward: 1.480 | Steps: 64721 | Total Reward: 404.0|
| Episode: 282 | Epsilon:  0.15 | Reward:   0.0 | Average Reward: 1.480 | Steps: 64863 | Total Reward: 404.0|
| Episode: 283 | Epsilon:  0.15 | Reward:   0.0 | Average Reward: 1.480 | Steps: 65022 | Total Reward: 404.0|
| Episode: 284 | Epsilon:  0.15 | Reward:   1.0 | Average Reward: 1.470 | Steps: 65235 | Total Reward: 405.0|
| Episode: 285 | Epsilon:  0.15 | Reward:   2.0 | Average Reward: 1.470 | Steps: 65485 | Total Reward: 407.0|
| Episode: 286 | Epsilon:  0.15 | Reward:   1.0 | Average Reward: 1.460 | Steps: 65670 | Total Reward: 408.0|
| Episode: 287 | Epsilon:  0.15 | Reward:   0.0 | Average Reward: 1.460 | Steps: 65818 | Total Reward: 408.0|
| Episode: 288 | Epsilon:  0.14 | Reward:   2.0 | Average Reward: 1.450 | Steps: 66065 | Total Reward: 410.0|
| Episode: 289 | Epsilon:  0.14 | Reward:   2.0 | Average Reward: 1.460 | Steps: 66317 | Total Reward: 412.0|
| Episode: 290 | Epsilon:  0.14 | Reward:   2.0 | Average Reward: 1.480 | Steps: 66559 | Total Reward: 414.0|
| Episode: 291 | Epsilon:  0.14 | Reward:   0.0 | Average Reward: 1.470 | Steps: 66712 | Total Reward: 414.0|
| Episode: 292 | Epsilon:  0.14 | Reward:   6.0 | Average Reward: 1.520 | Steps: 67188 | Total Reward: 420.0|
| Episode: 293 | Epsilon:  0.14 | Reward:   2.0 | Average Reward: 1.530 | Steps: 67433 | Total Reward: 422.0|
| Episode: 294 | Epsilon:  0.14 | Reward:   1.0 | Average Reward: 1.520 | Steps: 67644 | Total Reward: 423.0|
| Episode: 295 | Epsilon:  0.14 | Reward:   0.0 | Average Reward: 1.510 | Steps: 67792 | Total Reward: 423.0|
| Episode: 296 | Epsilon:  0.14 | Reward:   2.0 | Average Reward: 1.530 | Steps: 68042 | Total Reward: 425.0|
| Episode: 297 | Epsilon:  0.14 | Reward:   2.0 | Average Reward: 1.550 | Steps: 68292 | Total Reward: 427.0|
| Episode: 298 | Epsilon:  0.14 | Reward:   1.0 | Average Reward: 1.560 | Steps: 68499 | Total Reward: 428.0|
| Episode: 299 | Epsilon:  0.14 | Reward:   2.0 | Average Reward: 1.580 | Steps: 68750 | Total Reward: 430.0|
| Episode: 300 | Epsilon:  0.14 | Reward:   2.0 | Average Reward: 1.600 | Steps: 69022 | Total Reward: 432.0|
| Episode: 301 | Epsilon:  0.14 | Reward:   3.0 | Average Reward: 1.630 | Steps: 69335 | Total Reward: 435.0|
| Episode: 302 | Epsilon:  0.14 | Reward:   0.0 | Average Reward: 1.610 | Steps: 69478 | Total Reward: 435.0|
| Episode: 303 | Epsilon:  0.14 | Reward:   2.0 | Average Reward: 1.630 | Steps: 69717 | Total Reward: 437.0|
| Episode: 304 | Epsilon:  0.14 | Reward:   1.0 | Average Reward: 1.630 | Steps: 69903 | Total Reward: 438.0|
| Episode: 305 | Epsilon:  0.14 | Reward:   0.0 | Average Reward: 1.630 | Steps: 70054 | Total Reward: 438.0|
| Episode: 306 | Epsilon:  0.14 | Reward:   1.0 | Average Reward: 1.630 | Steps: 70248 | Total Reward: 439.0|
| Episode: 307 | Epsilon:  0.14 | Reward:   2.0 | Average Reward: 1.630 | Steps: 70500 | Total Reward: 441.0|
| Episode: 308 | Epsilon:  0.14 | Reward:   1.0 | Average Reward: 1.640 | Steps: 70712 | Total Reward: 442.0|
| Episode: 309 | Epsilon:  0.14 | Reward:   2.0 | Average Reward: 1.660 | Steps: 70960 | Total Reward: 444.0|
| Episode: 310 | Epsilon:  0.14 | Reward:   0.0 | Average Reward: 1.640 | Steps: 71107 | Total Reward: 444.0|
| Episode: 311 | Epsilon:  0.14 | Reward:   2.0 | Average Reward: 1.630 | Steps: 71389 | Total Reward: 446.0|
| Episode: 312 | Epsilon:  0.14 | Reward:   0.0 | Average Reward: 1.620 | Steps: 71536 | Total Reward: 446.0|
| Episode: 313 | Epsilon:  0.14 | Reward:   1.0 | Average Reward: 1.630 | Steps: 71752 | Total Reward: 447.0|
| Episode: 314 | Epsilon:  0.13 | Reward:   3.0 | Average Reward: 1.640 | Steps: 72066 | Total Reward: 450.0|
| Episode: 315 | Epsilon:  0.13 | Reward:   2.0 | Average Reward: 1.630 | Steps: 72310 | Total Reward: 452.0|
| Episode: 316 | Epsilon:  0.13 | Reward:   3.0 | Average Reward: 1.660 | Steps: 72637 | Total Reward: 455.0|
| Episode: 317 | Epsilon:  0.13 | Reward:   2.0 | Average Reward: 1.680 | Steps: 72887 | Total Reward: 457.0|
| Episode: 318 | Epsilon:  0.13 | Reward:   0.0 | Average Reward: 1.660 | Steps: 73036 | Total Reward: 457.0|
| Episode: 319 | Epsilon:  0.13 | Reward:   2.0 | Average Reward: 1.680 | Steps: 73281 | Total Reward: 459.0|
| Episode: 320 | Epsilon:  0.13 | Reward:   4.0 | Average Reward: 1.690 | Steps: 73659 | Total Reward: 463.0|
| Episode: 321 | Epsilon:  0.13 | Reward:   0.0 | Average Reward: 1.660 | Steps: 73815 | Total Reward: 463.0|
| Episode: 322 | Epsilon:  0.13 | Reward:   3.0 | Average Reward: 1.650 | Steps: 74125 | Total Reward: 466.0|
| Episode: 323 | Epsilon:  0.13 | Reward:   0.0 | Average Reward: 1.650 | Steps: 74267 | Total Reward: 466.0|
| Episode: 324 | Epsilon:  0.13 | Reward:   1.0 | Average Reward: 1.660 | Steps: 74471 | Total Reward: 467.0|
| Episode: 325 | Epsilon:  0.13 | Reward:   3.0 | Average Reward: 1.680 | Steps: 74779 | Total Reward: 470.0|
| Episode: 326 | Epsilon:  0.13 | Reward:   0.0 | Average Reward: 1.670 | Steps: 74923 | Total Reward: 470.0|
| Episode: 327 | Epsilon:  0.13 | Reward:   4.0 | Average Reward: 1.700 | Steps: 75297 | Total Reward: 474.0|
| Episode: 328 | Epsilon:  0.13 | Reward:   2.0 | Average Reward: 1.700 | Steps: 75577 | Total Reward: 476.0|
| Episode: 329 | Epsilon:  0.13 | Reward:   1.0 | Average Reward: 1.670 | Steps: 75757 | Total Reward: 477.0|
| Episode: 330 | Epsilon:  0.13 | Reward:   4.0 | Average Reward: 1.710 | Steps: 76115 | Total Reward: 481.0|
| Episode: 331 | Epsilon:  0.13 | Reward:   2.0 | Average Reward: 1.720 | Steps: 76367 | Total Reward: 483.0|
| Episode: 332 | Epsilon:  0.13 | Reward:   2.0 | Average Reward: 1.720 | Steps: 76621 | Total Reward: 485.0|
| Episode: 333 | Epsilon:  0.13 | Reward:   0.0 | Average Reward: 1.700 | Steps: 76771 | Total Reward: 485.0|
| Episode: 334 | Epsilon:  0.13 | Reward:   4.0 | Average Reward: 1.720 | Steps: 77156 | Total Reward: 489.0|
| Episode: 335 | Epsilon:  0.13 | Reward:   4.0 | Average Reward: 1.760 | Steps: 77513 | Total Reward: 493.0|
| Episode: 336 | Epsilon:  0.13 | Reward:   2.0 | Average Reward: 1.760 | Steps: 77763 | Total Reward: 495.0|
| Episode: 337 | Epsilon:  0.13 | Reward:   4.0 | Average Reward: 1.780 | Steps: 78136 | Total Reward: 499.0|
| Episode: 338 | Epsilon:  0.13 | Reward:   2.0 | Average Reward: 1.780 | Steps: 78385 | Total Reward: 501.0|
| Episode: 339 | Epsilon:  0.13 | Reward:   0.0 | Average Reward: 1.760 | Steps: 78534 | Total Reward: 501.0|
| Episode: 340 | Epsilon:  0.13 | Reward:   2.0 | Average Reward: 1.730 | Steps: 78818 | Total Reward: 503.0|
| Episode: 341 | Epsilon:  0.13 | Reward:   1.0 | Average Reward: 1.740 | Steps: 79006 | Total Reward: 504.0|
| Episode: 342 | Epsilon:  0.13 | Reward:   0.0 | Average Reward: 1.740 | Steps: 79159 | Total Reward: 504.0|
| Episode: 343 | Epsilon:  0.13 | Reward:   4.0 | Average Reward: 1.730 | Steps: 79531 | Total Reward: 508.0|
| Episode: 344 | Epsilon:  0.13 | Reward:   2.0 | Average Reward: 1.740 | Steps: 79778 | Total Reward: 510.0|
| Episode: 345 | Epsilon:  0.13 | Reward:   2.0 | Average Reward: 1.760 | Steps: 80030 | Total Reward: 512.0|
| Episode: 346 | Epsilon:  0.13 | Reward:   0.0 | Average Reward: 1.740 | Steps: 80180 | Total Reward: 512.0|
| Episode: 347 | Epsilon:  0.12 | Reward:   3.0 | Average Reward: 1.770 | Steps: 80497 | Total Reward: 515.0|
| Episode: 348 | Epsilon:  0.12 | Reward:   2.0 | Average Reward: 1.780 | Steps: 80743 | Total Reward: 517.0|
| Episode: 349 | Epsilon:  0.12 | Reward:   2.0 | Average Reward: 1.780 | Steps: 81025 | Total Reward: 519.0|
| Episode: 350 | Epsilon:  0.12 | Reward:   2.0 | Average Reward: 1.780 | Steps: 81274 | Total Reward: 521.0|
| Episode: 351 | Epsilon:  0.12 | Reward:   2.0 | Average Reward: 1.780 | Steps: 81521 | Total Reward: 523.0|
| Episode: 352 | Epsilon:  0.12 | Reward:   1.0 | Average Reward: 1.760 | Steps: 81733 | Total Reward: 524.0|
| Episode: 353 | Epsilon:  0.12 | Reward:   4.0 | Average Reward: 1.740 | Steps: 82114 | Total Reward: 528.0|
| Episode: 354 | Epsilon:  0.12 | Reward:   4.0 | Average Reward: 1.760 | Steps: 82480 | Total Reward: 532.0|
| Episode: 355 | Epsilon:  0.12 | Reward:   2.0 | Average Reward: 1.760 | Steps: 82729 | Total Reward: 534.0|
| Episode: 356 | Epsilon:  0.12 | Reward:   2.0 | Average Reward: 1.770 | Steps: 82983 | Total Reward: 536.0|
| Episode: 357 | Epsilon:  0.12 | Reward:   0.0 | Average Reward: 1.750 | Steps: 83137 | Total Reward: 536.0|
| Episode: 358 | Epsilon:  0.12 | Reward:   2.0 | Average Reward: 1.740 | Steps: 83390 | Total Reward: 538.0|
| Episode: 359 | Epsilon:  0.12 | Reward:   2.0 | Average Reward: 1.760 | Steps: 83639 | Total Reward: 540.0|
| Episode: 360 | Epsilon:  0.12 | Reward:   2.0 | Average Reward: 1.760 | Steps: 83883 | Total Reward: 542.0|
| Episode: 361 | Epsilon:  0.12 | Reward:   1.0 | Average Reward: 1.750 | Steps: 84064 | Total Reward: 543.0|
| Episode: 362 | Epsilon:  0.12 | Reward:   3.0 | Average Reward: 1.770 | Steps: 84356 | Total Reward: 546.0|
| Episode: 363 | Epsilon:  0.12 | Reward:   2.0 | Average Reward: 1.770 | Steps: 84604 | Total Reward: 548.0|
| Episode: 364 | Epsilon:  0.12 | Reward:   0.0 | Average Reward: 1.740 | Steps: 84755 | Total Reward: 548.0|
| Episode: 365 | Epsilon:  0.12 | Reward:   0.0 | Average Reward: 1.720 | Steps: 84905 | Total Reward: 548.0|
| Episode: 366 | Epsilon:  0.12 | Reward:   0.0 | Average Reward: 1.710 | Steps: 85054 | Total Reward: 548.0|
| Episode: 367 | Epsilon:  0.12 | Reward:   0.0 | Average Reward: 1.710 | Steps: 85200 | Total Reward: 548.0|
| Episode: 368 | Epsilon:  0.12 | Reward:   2.0 | Average Reward: 1.710 | Steps: 85454 | Total Reward: 550.0|
| Episode: 369 | Epsilon:  0.12 | Reward:   3.0 | Average Reward: 1.720 | Steps: 85773 | Total Reward: 553.0|
| Episode: 370 | Epsilon:  0.12 | Reward:   1.0 | Average Reward: 1.700 | Steps: 85955 | Total Reward: 554.0|
| Episode: 371 | Epsilon:  0.12 | Reward:   2.0 | Average Reward: 1.690 | Steps: 86230 | Total Reward: 556.0|
| Episode: 372 | Epsilon:  0.12 | Reward:   1.0 | Average Reward: 1.670 | Steps: 86440 | Total Reward: 557.0|
| Episode: 373 | Epsilon:  0.12 | Reward:   1.0 | Average Reward: 1.680 | Steps: 86652 | Total Reward: 558.0|
| Episode: 374 | Epsilon:  0.12 | Reward:   2.0 | Average Reward: 1.700 | Steps: 86905 | Total Reward: 560.0|
| Episode: 375 | Epsilon:  0.12 | Reward:   3.0 | Average Reward: 1.700 | Steps: 87226 | Total Reward: 563.0|
| Episode: 376 | Epsilon:  0.12 | Reward:   2.0 | Average Reward: 1.700 | Steps: 87479 | Total Reward: 565.0|
| Episode: 377 | Epsilon:  0.12 | Reward:   0.0 | Average Reward: 1.690 | Steps: 87625 | Total Reward: 565.0|
| Episode: 378 | Epsilon:  0.12 | Reward:   2.0 | Average Reward: 1.690 | Steps: 87873 | Total Reward: 567.0|
| Episode: 379 | Epsilon:  0.12 | Reward:   0.0 | Average Reward: 1.660 | Steps: 88022 | Total Reward: 567.0|
| Episode: 380 | Epsilon:  0.12 | Reward:   1.0 | Average Reward: 1.650 | Steps: 88233 | Total Reward: 568.0|
| Episode: 381 | Epsilon:  0.12 | Reward:   2.0 | Average Reward: 1.660 | Steps: 88487 | Total Reward: 570.0|
| Episode: 382 | Epsilon:  0.12 | Reward:   1.0 | Average Reward: 1.670 | Steps: 88699 | Total Reward: 571.0|
| Episode: 383 | Epsilon:  0.12 | Reward:   0.0 | Average Reward: 1.670 | Steps: 88847 | Total Reward: 571.0|
| Episode: 384 | Epsilon:  0.12 | Reward:   1.0 | Average Reward: 1.670 | Steps: 89067 | Total Reward: 572.0|
| Episode: 385 | Epsilon:  0.12 | Reward:   3.0 | Average Reward: 1.680 | Steps: 89359 | Total Reward: 575.0|
| Episode: 386 | Epsilon:  0.12 | Reward:   2.0 | Average Reward: 1.690 | Steps: 89605 | Total Reward: 577.0|
| Episode: 387 | Epsilon:  0.12 | Reward:   0.0 | Average Reward: 1.690 | Steps: 89754 | Total Reward: 577.0|
| Episode: 388 | Epsilon:  0.12 | Reward:   0.0 | Average Reward: 1.670 | Steps: 89905 | Total Reward: 577.0|
| Episode: 389 | Epsilon:  0.12 | Reward:   1.0 | Average Reward: 1.660 | Steps: 90117 | Total Reward: 578.0|
| Episode: 390 | Epsilon:  0.12 | Reward:   3.0 | Average Reward: 1.670 | Steps: 90405 | Total Reward: 581.0|
| Episode: 391 | Epsilon:  0.12 | Reward:   2.0 | Average Reward: 1.690 | Steps: 90679 | Total Reward: 583.0|
| Episode: 392 | Epsilon:  0.12 | Reward:   0.0 | Average Reward: 1.630 | Steps: 90828 | Total Reward: 583.0|
| Episode: 393 | Epsilon:  0.12 | Reward:   0.0 | Average Reward: 1.610 | Steps: 90980 | Total Reward: 583.0|
| Episode: 394 | Epsilon:  0.12 | Reward:   0.0 | Average Reward: 1.600 | Steps: 91131 | Total Reward: 583.0|
| Episode: 395 | Epsilon:  0.12 | Reward:   2.0 | Average Reward: 1.620 | Steps: 91381 | Total Reward: 585.0|
| Episode: 396 | Epsilon:  0.12 | Reward:   2.0 | Average Reward: 1.620 | Steps: 91637 | Total Reward: 587.0|
| Episode: 397 | Epsilon:  0.12 | Reward:   2.0 | Average Reward: 1.620 | Steps: 91879 | Total Reward: 589.0|
| Episode: 398 | Epsilon:  0.11 | Reward:   0.0 | Average Reward: 1.610 | Steps: 92029 | Total Reward: 589.0|
| Episode: 399 | Epsilon:  0.11 | Reward:   2.0 | Average Reward: 1.610 | Steps: 92279 | Total Reward: 591.0|
| Episode: 400 | Epsilon:  0.11 | Reward:   0.0 | Average Reward: 1.590 | Steps: 92426 | Total Reward: 591.0|
| Episode: 401 | Epsilon:  0.11 | Reward:   0.0 | Average Reward: 1.560 | Steps: 92579 | Total Reward: 591.0|
| Episode: 402 | Epsilon:  0.11 | Reward:   0.0 | Average Reward: 1.560 | Steps: 92727 | Total Reward: 591.0|
| Episode: 403 | Epsilon:  0.11 | Reward:   0.0 | Average Reward: 1.540 | Steps: 92880 | Total Reward: 591.0|
| Episode: 404 | Epsilon:  0.11 | Reward:   4.0 | Average Reward: 1.570 | Steps: 93259 | Total Reward: 595.0|
| Episode: 405 | Epsilon:  0.11 | Reward:   0.0 | Average Reward: 1.570 | Steps: 93415 | Total Reward: 595.0|
| Episode: 406 | Epsilon:  0.11 | Reward:   0.0 | Average Reward: 1.560 | Steps: 93562 | Total Reward: 595.0|
| Episode: 407 | Epsilon:  0.11 | Reward:   2.0 | Average Reward: 1.560 | Steps: 93813 | Total Reward: 597.0|
| Episode: 408 | Epsilon:  0.11 | Reward:   0.0 | Average Reward: 1.550 | Steps: 93961 | Total Reward: 597.0|
