+------------------------+----------------------------+--------------------+
|                        |     Supported Features     |  Program Commands  |
+========================+============================+====================+
| Compatible Layers      | Hopfield Layer,            | hopfield,          |
|                        | HopfieldLayer Layer,       | hopfield_layer,    |
|                        | HopfieldPooling Layer,     | hopfield_pooling,  |
|                        | LSTM,                      | lstm,              |
|                        | GRU                        | gru                |
+------------------------+----------------------------+--------------------+
| Supported Loss Metrics | Huber Loss,                | huber,             |
|                        | Mean Absolute Error Loss,  | mae,               |
|                        | Mean Squared Error Loss,   | mse,               |
|                        | SmoothL1 Loss              | smooth_l1          |
+------------------------+----------------------------+--------------------+
| Supported Optimizers   | RMSprop (default),         | rmsprop,           |
|                        | AdamW,                     | adam,              |
|                        | Adam                       | adamW              |
+------------------------+----------------------------+--------------------+
| Episode:   1 | Epsilon:  0.90 | Reward: -180.1757478500743 | Average Reward: -180.176 | Steps:   180 | Total Reward: -180.1757478500743|
| Episode:   2 | Epsilon:  0.86 | Reward: -258.0865393499884 | Average Reward: -219.131 | Steps:   298 | Total Reward: -438.26228720006253|
| Episode:   3 | Epsilon:  0.82 | Reward: -210.38671045168323 | Average Reward: -216.216 | Steps:   902 | Total Reward: -648.6489976517449|
| Episode:   4 | Epsilon:  0.79 | Reward: -220.99020735680625 | Average Reward: -217.410 | Steps:  1077 | Total Reward: -869.6392050085503|
| Episode:   5 | Epsilon:  0.75 | Reward: -181.57834523991355 | Average Reward: -210.244 | Steps:  1284 | Total Reward: -1051.2175502484624|
| Episode:   6 | Epsilon:  0.72 | Reward: -110.61479813454976 | Average Reward: -193.639 | Steps:  1449 | Total Reward: -1161.8323483830113|
| Episode:   7 | Epsilon:  0.69 | Reward: -486.97448670089466 | Average Reward: -235.544 | Steps:  1589 | Total Reward: -1648.8068350839048|
| Episode:   8 | Epsilon:  0.66 | Reward: -57.67236873511982 | Average Reward: -213.310 | Steps:  1716 | Total Reward: -1706.4792038190237|
| Episode:   9 | Epsilon:  0.64 | Reward: -339.3977306097413 | Average Reward: -227.320 | Steps:  1814 | Total Reward: -2045.8769344287637|
| Episode:  10 | Epsilon:  0.61 | Reward: -313.768451241941 | Average Reward: -235.965 | Steps:  1916 | Total Reward: -2359.645385670705|
| Episode:  11 | Epsilon:  0.59 | Reward: -283.2483617493822 | Average Reward: -240.263 | Steps:  2027 | Total Reward: -2642.893747420084|
| Episode:  12 | Epsilon:  0.56 | Reward: 6.6754590371850355 | Average Reward: -219.685 | Steps:  2170 | Total Reward: -2636.2182883828996|
| Episode:  13 | Epsilon:  0.54 | Reward: -76.41289171475474 | Average Reward: -208.664 | Steps:  2322 | Total Reward: -2712.631180097652|
| Episode:  14 | Epsilon:  0.52 | Reward: -209.57241650296874 | Average Reward: -208.729 | Steps:  2435 | Total Reward: -2922.203596600618|
| Episode:  15 | Epsilon:  0.50 | Reward: -2.9972013746119615 | Average Reward: -195.013 | Steps:  2574 | Total Reward: -2925.200797975229|
| Episode:  16 | Epsilon:  0.48 | Reward: -21.509446732375864 | Average Reward: -184.169 | Steps:  2725 | Total Reward: -2946.7102447076013|
| Episode:  17 | Epsilon:  0.46 | Reward: -92.84438282319255 | Average Reward: -178.797 | Steps:  2882 | Total Reward: -3039.554627530793|
| Episode:  18 | Epsilon:  0.44 | Reward: 1.9450820944182823 | Average Reward: -168.756 | Steps:  3023 | Total Reward: -3037.6095454363726|
| Episode:  19 | Epsilon:  0.43 | Reward: -98.70615352524382 | Average Reward: -165.069 | Steps:  3122 | Total Reward: -3136.315698961617|
| Episode:  20 | Epsilon:  0.41 | Reward: -81.29601895149071 | Average Reward: -160.881 | Steps:  3242 | Total Reward: -3217.611717913108|
| Episode:  21 | Epsilon:  0.39 | Reward: -130.3943227119524 | Average Reward: -159.429 | Steps:  3414 | Total Reward: -3348.0060406250595|
| Episode:  22 | Epsilon:  0.38 | Reward: -163.63446780296044 | Average Reward: -159.620 | Steps:  3533 | Total Reward: -3511.6405084280186|
| Episode:  23 | Epsilon:  0.37 | Reward: -289.57567188467897 | Average Reward: -165.270 | Steps:  3725 | Total Reward: -3801.2161803126946|
| Episode:  24 | Epsilon:  0.35 | Reward: -216.0092326862154 | Average Reward: -167.384 | Steps:  3896 | Total Reward: -4017.2254129989124|
| Episode:  25 | Epsilon:  0.34 | Reward: -17.16889605678527 | Average Reward: -161.376 | Steps:  4042 | Total Reward: -4034.3943090556977|
| Episode:  26 | Epsilon:  0.33 | Reward: -149.03686303606463 | Average Reward: -160.901 | Steps:  4234 | Total Reward: -4183.431172091765|
| Episode:  27 | Epsilon:  0.32 | Reward: -313.6687395661719 | Average Reward: -166.559 | Steps:  4443 | Total Reward: -4497.099911657936|
| Episode:  28 | Epsilon:  0.31 | Reward: -191.24650872767518 | Average Reward: -167.441 | Steps:  4591 | Total Reward: -4688.346420385604|
| Episode:  29 | Epsilon:  0.30 | Reward: -54.51667806571176 | Average Reward: -163.547 | Steps:  4755 | Total Reward: -4742.863098451317|
| Episode:  30 | Epsilon:  0.29 | Reward: -114.26455957573688 | Average Reward: -161.904 | Steps:  4908 | Total Reward: -4857.127658027053|
| Episode:  31 | Epsilon:  0.28 | Reward: -241.35147573842443 | Average Reward: -164.467 | Steps:  5124 | Total Reward: -5098.47913376548|
| Episode:  32 | Epsilon:  0.27 | Reward: -502.2913950993485 | Average Reward: -175.024 | Steps:  5252 | Total Reward: -5600.770528864834|
| Episode:  33 | Epsilon:  0.26 | Reward: -111.76869003541249 | Average Reward: -173.107 | Steps:  5385 | Total Reward: -5712.539218900247|
| Episode:  34 | Epsilon:  0.25 | Reward: 208.9827104789274 | Average Reward: -161.869 | Steps:  6237 | Total Reward: -5503.5565084213285|
| Episode:  35 | Epsilon:  0.25 | Reward: -266.6119248633239 | Average Reward: -164.862 | Steps:  6423 | Total Reward: -5770.1684332846535|
| Episode:  36 | Epsilon:  0.24 | Reward: -279.7482997292635 | Average Reward: -168.053 | Steps:  6779 | Total Reward: -6049.91673301392|
| Episode:  37 | Epsilon:  0.23 | Reward: -10.134391422438 | Average Reward: -163.785 | Steps:  7011 | Total Reward: -6060.05112443636|
| Episode:  38 | Epsilon:  0.23 | Reward: -163.24748789893232 | Average Reward: -163.771 | Steps:  7160 | Total Reward: -6223.298612335288|
| Episode:  39 | Epsilon:  0.22 | Reward: -256.3865344898734 | Average Reward: -166.146 | Steps:  7264 | Total Reward: -6479.685146825159|
| Episode:  40 | Epsilon:  0.21 | Reward: -255.02043501514407 | Average Reward: -168.368 | Steps:  7437 | Total Reward: -6734.705581840309|
| Episode:  41 | Epsilon:  0.21 | Reward: -334.5303804855613 | Average Reward: -172.420 | Steps:  7677 | Total Reward: -7069.2359623258735|
| Episode:  42 | Epsilon:  0.20 | Reward: -217.43808654934367 | Average Reward: -173.492 | Steps:  7884 | Total Reward: -7286.67404887522|
| Episode:  43 | Epsilon:  0.20 | Reward: -96.85972264527396 | Average Reward: -171.710 | Steps:  8020 | Total Reward: -7383.533771520491|
| Episode:  44 | Epsilon:  0.19 | Reward: -268.8517096985078 | Average Reward: -173.918 | Steps:  8227 | Total Reward: -7652.385481218998|
| Episode:  45 | Epsilon:  0.19 | Reward: -309.00744098169866 | Average Reward: -176.920 | Steps:  8401 | Total Reward: -7961.3929222006955|
| Episode:  46 | Epsilon:  0.18 | Reward: -326.1565887100062 | Average Reward: -180.164 | Steps:  8572 | Total Reward: -8287.549510910696|
| Episode:  47 | Epsilon:  0.18 | Reward: -216.8130766244392 | Average Reward: -180.944 | Steps:  8779 | Total Reward: -8504.36258753515|
| Episode:  48 | Epsilon:  0.18 | Reward: -28.83746275521321 | Average Reward: -177.775 | Steps:  8898 | Total Reward: -8533.200050290368|
| Episode:  49 | Epsilon:  0.17 | Reward: -204.89964017255284 | Average Reward: -178.329 | Steps:  9076 | Total Reward: -8738.099690462934|
| Episode:  50 | Epsilon:  0.17 | Reward: -257.992558796755 | Average Reward: -179.922 | Steps:  9237 | Total Reward: -8996.092249259691|
| Episode:  51 | Epsilon:  0.17 | Reward: -458.0104250302706 | Average Reward: -185.375 | Steps:  9390 | Total Reward: -9454.102674289961|
| Episode:  52 | Epsilon:  0.16 | Reward: -147.3939513625692 | Average Reward: -184.644 | Steps:  9616 | Total Reward: -9601.496625652511|
| Episode:  53 | Epsilon:  0.16 | Reward: -336.3576287395821 | Average Reward: -187.507 | Steps:  9734 | Total Reward: -9937.854254392098|
| Episode:  54 | Epsilon:  0.16 | Reward: -376.3789247418499 | Average Reward: -191.004 | Steps:  9938 | Total Reward: -10314.233179133946|
| Episode:  55 | Epsilon:  0.15 | Reward: -262.2760280094469 | Average Reward: -192.300 | Steps: 10106 | Total Reward: -10576.509207143394|
| Episode:  56 | Epsilon:  0.15 | Reward: -322.3904159017534 | Average Reward: -194.623 | Steps: 10258 | Total Reward: -10898.899623045158|
| Episode:  57 | Epsilon:  0.15 | Reward: -191.08305912156223 | Average Reward: -194.561 | Steps: 10424 | Total Reward: -11089.982682166708|
| Episode:  58 | Epsilon:  0.15 | Reward: -477.31109429502663 | Average Reward: -199.436 | Steps: 10517 | Total Reward: -11567.293776461744|
| Episode:  59 | Epsilon:  0.14 | Reward: -240.56833128242366 | Average Reward: -200.133 | Steps: 10669 | Total Reward: -11807.862107744153|
| Episode:  60 | Epsilon:  0.14 | Reward: -293.99979202865177 | Average Reward: -201.698 | Steps: 10826 | Total Reward: -12101.86189977281|
| Episode:  61 | Epsilon:  0.14 | Reward: -364.58341000104303 | Average Reward: -204.368 | Steps: 11032 | Total Reward: -12466.445309773842|
| Episode:  62 | Epsilon:  0.14 | Reward: -176.9563570242244 | Average Reward: -203.926 | Steps: 11174 | Total Reward: -12643.401666798067|
| Episode:  63 | Epsilon:  0.14 | Reward: -256.8615444903605 | Average Reward: -204.766 | Steps: 11351 | Total Reward: -12900.263211288433|
| Episode:  64 | Epsilon:  0.13 | Reward: -178.87006896468895 | Average Reward: -204.361 | Steps: 11514 | Total Reward: -13079.133280253125|
| Episode:  65 | Epsilon:  0.13 | Reward: -302.80206048239177 | Average Reward: -205.876 | Steps: 11671 | Total Reward: -13381.935340735503|
| Episode:  66 | Epsilon:  0.13 | Reward: -187.90229064779396 | Average Reward: -205.604 | Steps: 11812 | Total Reward: -13569.83763138329|
| Episode:  67 | Epsilon:  0.13 | Reward: -277.01776154330366 | Average Reward: -206.669 | Steps: 11952 | Total Reward: -13846.855392926596|
| Episode:  68 | Epsilon:  0.13 | Reward: -369.1035655505161 | Average Reward: -209.058 | Steps: 12106 | Total Reward: -14215.958958477107|
| Episode:  69 | Epsilon:  0.13 | Reward: -282.94021061460285 | Average Reward: -210.129 | Steps: 12242 | Total Reward: -14498.899169091714|
| Episode:  70 | Epsilon:  0.13 | Reward: -246.12901516145962 | Average Reward: -210.643 | Steps: 12354 | Total Reward: -14745.028184253177|
| Episode:  71 | Epsilon:  0.12 | Reward: -268.2115054964431 | Average Reward: -211.454 | Steps: 12451 | Total Reward: -15013.239689749618|
| Episode:  72 | Epsilon:  0.12 | Reward: -59.61176466061387 | Average Reward: -209.345 | Steps: 12600 | Total Reward: -15072.851454410224|
| Episode:  73 | Epsilon:  0.12 | Reward: -285.94130402880677 | Average Reward: -210.394 | Steps: 12694 | Total Reward: -15358.792758439027|
| Episode:  74 | Epsilon:  0.12 | Reward: -178.90166528576404 | Average Reward: -209.969 | Steps: 12817 | Total Reward: -15537.69442372479|
| Episode:  75 | Epsilon:  0.12 | Reward: -295.4040650524345 | Average Reward: -211.108 | Steps: 12993 | Total Reward: -15833.098488777205|
| Episode:  76 | Epsilon:  0.12 | Reward: -72.30882224530667 | Average Reward: -209.282 | Steps: 13131 | Total Reward: -15905.407311022514|
| Episode:  77 | Epsilon:  0.12 | Reward: -183.35627486775422 | Average Reward: -208.945 | Steps: 13242 | Total Reward: -16088.763585890267|
| Episode:  78 | Epsilon:  0.12 | Reward: -90.28335163442401 | Average Reward: -207.424 | Steps: 13405 | Total Reward: -16179.046937524696|
| Episode:  79 | Epsilon:  0.12 | Reward: -304.5032668781263 | Average Reward: -208.653 | Steps: 13542 | Total Reward: -16483.550204402825|
| Episode:  80 | Epsilon:  0.12 | Reward: -90.27201970980848 | Average Reward: -207.173 | Steps: 13717 | Total Reward: -16573.822224112613|
| Episode:  81 | Epsilon:  0.11 | Reward: -29.96807656261872 | Average Reward: -204.985 | Steps: 13852 | Total Reward: -16603.790300675235|
| Episode:  82 | Epsilon:  0.11 | Reward: -64.00492141208801 | Average Reward: -203.266 | Steps: 14026 | Total Reward: -16667.79522208733|
| Episode:  83 | Epsilon:  0.11 | Reward: -277.1994823978292 | Average Reward: -204.157 | Steps: 14192 | Total Reward: -16944.994704485165|
| Episode:  84 | Epsilon:  0.11 | Reward: -305.174738530833 | Average Reward: -205.359 | Steps: 14367 | Total Reward: -17250.169443015977|
| Episode:  85 | Epsilon:  0.11 | Reward: -338.055302383906 | Average Reward: -206.920 | Steps: 14522 | Total Reward: -17588.2247453999|
| Episode:  86 | Epsilon:  0.11 | Reward: -286.1143457345049 | Average Reward: -207.841 | Steps: 14709 | Total Reward: -17874.33909113441|
| Episode:  87 | Epsilon:  0.11 | Reward: 2.579299038622338 | Average Reward: -205.423 | Steps: 14849 | Total Reward: -17871.759792095778|
| Episode:  88 | Epsilon:  0.11 | Reward: -253.39577669428763 | Average Reward: -205.968 | Steps: 15028 | Total Reward: -18125.155568790055|
| Episode:  89 | Epsilon:  0.11 | Reward: -384.464957882335 | Average Reward: -207.973 | Steps: 15164 | Total Reward: -18509.620526672385|
| Episode:  90 | Epsilon:  0.11 | Reward: -37.01316792065592 | Average Reward: -206.074 | Steps: 15307 | Total Reward: -18546.633694593027|
| Episode:  91 | Epsilon:  0.11 | Reward: -482.2357931630384 | Average Reward: -209.108 | Steps: 15482 | Total Reward: -19028.86948775606|
| Episode:  92 | Epsilon:  0.11 | Reward: -441.1335982730626 | Average Reward: -211.630 | Steps: 15673 | Total Reward: -19470.003086029137|
| Episode:  93 | Epsilon:  0.11 | Reward: -239.45345416491458 | Average Reward: -211.930 | Steps: 15879 | Total Reward: -19709.456540194078|
| Episode:  94 | Epsilon:  0.11 | Reward: -474.23648735134077 | Average Reward: -214.720 | Steps: 16023 | Total Reward: -20183.69302754542|
| Episode:  95 | Epsilon:  0.11 | Reward: -267.62943578094166 | Average Reward: -215.277 | Steps: 16174 | Total Reward: -20451.322463326378|
| Episode:  96 | Epsilon:  0.11 | Reward: -421.4992699953596 | Average Reward: -217.425 | Steps: 16278 | Total Reward: -20872.821733321754|
| Episode:  97 | Epsilon:  0.11 | Reward: -82.87018377564287 | Average Reward: -216.038 | Steps: 16565 | Total Reward: -20955.691917097378|
| Episode:  98 | Epsilon:  0.11 | Reward: -293.0518527514398 | Average Reward: -216.824 | Steps: 16711 | Total Reward: -21248.743769848817|
| Episode:  99 | Epsilon:  0.11 | Reward: -285.61553923296947 | Average Reward: -217.519 | Steps: 16882 | Total Reward: -21534.359309081778|
| Episode: 100 | Epsilon:  0.11 | Reward: -342.4889760932918 | Average Reward: -218.768 | Steps: 17050 | Total Reward: -21876.848285175045|
| Episode: 101 | Epsilon:  0.11 | Reward: -269.80632664370285 | Average Reward: -219.665 | Steps: 17218 | Total Reward: -22146.65461181875|
| Episode: 102 | Epsilon:  0.11 | Reward: -369.2926193543654 | Average Reward: -220.777 | Steps: 17360 | Total Reward: -22515.947231173082|
| Episode: 103 | Epsilon:  0.10 | Reward: -231.185157514894 | Average Reward: -220.985 | Steps: 17527 | Total Reward: -22747.132388687995|
| Episode: 104 | Epsilon:  0.10 | Reward: -391.5742247824761 | Average Reward: -222.691 | Steps: 17621 | Total Reward: -23138.7066134705|
| Episode: 105 | Epsilon:  0.10 | Reward: -32.337424261165694 | Average Reward: -221.198 | Steps: 17759 | Total Reward: -23171.044037731663|
| Episode: 106 | Epsilon:  0.10 | Reward: -76.334563346157 | Average Reward: -220.855 | Steps: 17870 | Total Reward: -23247.378601077806|
| Episode: 107 | Epsilon:  0.10 | Reward: -153.74980160643156 | Average Reward: -217.523 | Steps: 18005 | Total Reward: -23401.12840268425|
| Episode: 108 | Epsilon:  0.10 | Reward: -83.86075328108868 | Average Reward: -217.785 | Steps: 18142 | Total Reward: -23484.989155965326|
| Episode: 109 | Epsilon:  0.10 | Reward: -493.88504915631773 | Average Reward: -219.330 | Steps: 18287 | Total Reward: -23978.874205121654|
| Episode: 110 | Epsilon:  0.10 | Reward: -372.72007560376346 | Average Reward: -219.919 | Steps: 18481 | Total Reward: -24351.594280725414|
| Episode: 111 | Epsilon:  0.10 | Reward: -243.94834414555635 | Average Reward: -219.526 | Steps: 18636 | Total Reward: -24595.542624870974|
| Episode: 112 | Epsilon:  0.10 | Reward: -341.28065322307896 | Average Reward: -223.006 | Steps: 18815 | Total Reward: -24936.82327809403|
| Episode: 113 | Epsilon:  0.10 | Reward: -462.44521903976977 | Average Reward: -226.866 | Steps: 18954 | Total Reward: -25399.268497133788|
| Episode: 114 | Epsilon:  0.10 | Reward: -79.13270293957385 | Average Reward: -225.562 | Steps: 19136 | Total Reward: -25478.401200073353|
| Episode: 115 | Epsilon:  0.10 | Reward: -281.4777481190359 | Average Reward: -228.347 | Steps: 19304 | Total Reward: -25759.878948192385|
| Episode: 116 | Epsilon:  0.10 | Reward: -348.60390678330475 | Average Reward: -231.618 | Steps: 19437 | Total Reward: -26108.482854975664|
| Episode: 117 | Epsilon:  0.10 | Reward: -145.2274587292319 | Average Reward: -232.142 | Steps: 19606 | Total Reward: -26253.71031370489|
| Episode: 118 | Epsilon:  0.10 | Reward: -417.4288910958169 | Average Reward: -236.335 | Steps: 19779 | Total Reward: -26671.139204800707|
| Episode: 119 | Epsilon:  0.10 | Reward: -447.86951384291547 | Average Reward: -239.827 | Steps: 19922 | Total Reward: -27119.0087186436|
| Episode: 120 | Epsilon:  0.10 | Reward: -58.99934088588958 | Average Reward: -239.604 | Steps: 20112 | Total Reward: -27178.008059529493|
| Episode: 121 | Epsilon:  0.10 | Reward: -339.1108500102376 | Average Reward: -241.691 | Steps: 20245 | Total Reward: -27517.11890953972|
| Episode: 122 | Epsilon:  0.10 | Reward: -102.78538885818179 | Average Reward: -241.083 | Steps: 20373 | Total Reward: -27619.904298397898|
| Episode: 123 | Epsilon:  0.10 | Reward: -189.17949401019536 | Average Reward: -240.079 | Steps: 20543 | Total Reward: -27809.08379240809|
| Episode: 124 | Epsilon:  0.10 | Reward: -167.14520076469162 | Average Reward: -239.590 | Steps: 20719 | Total Reward: -27976.228993172786|
| Episode: 125 | Epsilon:  0.10 | Reward: -121.09980504124348 | Average Reward: -240.629 | Steps: 20852 | Total Reward: -28097.328798214025|
| Episode: 126 | Epsilon:  0.10 | Reward: -223.16105868773136 | Average Reward: -241.371 | Steps: 21008 | Total Reward: -28320.48985690176|
| Episode: 127 | Epsilon:  0.10 | Reward: -372.7604004542589 | Average Reward: -241.962 | Steps: 21162 | Total Reward: -28693.250257356027|
| Episode: 128 | Epsilon:  0.10 | Reward: -250.5961977142876 | Average Reward: -242.555 | Steps: 21332 | Total Reward: -28943.84645507032|
| Episode: 129 | Epsilon:  0.10 | Reward: -309.9796623106962 | Average Reward: -245.110 | Steps: 21506 | Total Reward: -29253.82611738101|
| Episode: 130 | Epsilon:  0.10 | Reward: -54.5801824667636 | Average Reward: -244.513 | Steps: 21682 | Total Reward: -29308.406299847768|
| Episode: 131 | Epsilon:  0.10 | Reward: -255.68253566717482 | Average Reward: -244.656 | Steps: 21809 | Total Reward: -29564.088835514947|
| Episode: 132 | Epsilon:  0.10 | Reward: -331.20222921452955 | Average Reward: -242.945 | Steps: 21928 | Total Reward: -29895.291064729474|
| Episode: 133 | Epsilon:  0.10 | Reward: -20.612023358629884 | Average Reward: -242.034 | Steps: 22107 | Total Reward: -29915.903088088082|
| Episode: 134 | Epsilon:  0.10 | Reward: -265.8357271145818 | Average Reward: -246.782 | Steps: 22249 | Total Reward: -30181.738815202647|
| Episode: 135 | Epsilon:  0.10 | Reward: -42.81541799913752 | Average Reward: -244.544 | Steps: 22458 | Total Reward: -30224.554233201783|
| Episode: 136 | Epsilon:  0.10 | Reward: -106.18090340505114 | Average Reward: -242.808 | Steps: 22567 | Total Reward: -30330.735136606825|
| Episode: 137 | Epsilon:  0.10 | Reward: -289.01052243019853 | Average Reward: -245.597 | Steps: 22676 | Total Reward: -30619.74565903701|
| Episode: 138 | Epsilon:  0.10 | Reward: -254.08389930023586 | Average Reward: -246.505 | Steps: 22807 | Total Reward: -30873.82955833726|
| Episode: 139 | Epsilon:  0.10 | Reward: -254.7300394952882 | Average Reward: -246.489 | Steps: 23043 | Total Reward: -31128.559597832555|
| Episode: 140 | Epsilon:  0.10 | Reward: -81.8150233966176 | Average Reward: -244.757 | Steps: 23246 | Total Reward: -31210.374621229173|
| Episode: 141 | Epsilon:  0.10 | Reward: -138.07973419540156 | Average Reward: -242.792 | Steps: 23390 | Total Reward: -31348.454355424583|
| Episode: 142 | Epsilon:  0.10 | Reward: 79.04189760637801 | Average Reward: -239.827 | Steps: 24390 | Total Reward: -31269.41245781823|
| Episode: 143 | Epsilon:  0.10 | Reward: -371.65377671793584 | Average Reward: -242.575 | Steps: 24588 | Total Reward: -31641.066234536185|
| Episode: 144 | Epsilon:  0.10 | Reward: -246.92328553355213 | Average Reward: -242.356 | Steps: 24768 | Total Reward: -31887.989520069747|
| Episode: 145 | Epsilon:  0.10 | Reward: -95.21370686713257 | Average Reward: -240.218 | Steps: 24958 | Total Reward: -31983.203226936897|
| Episode: 146 | Epsilon:  0.10 | Reward: -337.77543135917483 | Average Reward: -240.334 | Steps: 25100 | Total Reward: -32320.978658296077|
| Episode: 147 | Epsilon:  0.10 | Reward: -348.6528173116168 | Average Reward: -241.653 | Steps: 25262 | Total Reward: -32669.63147560771|
| Episode: 148 | Epsilon:  0.10 | Reward: -201.02259717885454 | Average Reward: -243.375 | Steps: 25391 | Total Reward: -32870.654072786565|
| Episode: 149 | Epsilon:  0.10 | Reward: -138.90182567648526 | Average Reward: -242.715 | Steps: 25638 | Total Reward: -33009.555898463026|
| Episode: 150 | Epsilon:  0.10 | Reward: -254.26534690720828 | Average Reward: -242.677 | Steps: 25839 | Total Reward: -33263.821245370214|
| Episode: 151 | Epsilon:  0.10 | Reward: -30.294262134696126 | Average Reward: -238.400 | Steps: 26027 | Total Reward: -33294.11550750491|
| Episode: 152 | Epsilon:  0.10 | Reward: -324.1957908558891 | Average Reward: -240.168 | Steps: 26272 | Total Reward: -33618.31129836081|
| Episode: 153 | Epsilon:  0.10 | Reward: -320.359512238312 | Average Reward: -240.008 | Steps: 26415 | Total Reward: -33938.670810599135|
| Episode: 154 | Epsilon:  0.10 | Reward: -395.38406746216634 | Average Reward: -240.198 | Steps: 26552 | Total Reward: -34334.05487806129|
| Episode: 155 | Epsilon:  0.10 | Reward: -209.18855558855688 | Average Reward: -239.667 | Steps: 26700 | Total Reward: -34543.24343364984|
| Episode: 156 | Epsilon:  0.10 | Reward: -430.37207490652094 | Average Reward: -240.747 | Steps: 26892 | Total Reward: -34973.61550855639|
| Episode: 157 | Epsilon:  0.10 | Reward: -57.6412602383006 | Average Reward: -239.413 | Steps: 27078 | Total Reward: -35031.25676879463|
| Episode: 158 | Epsilon:  0.10 | Reward: -365.64033879899335 | Average Reward: -238.296 | Steps: 27246 | Total Reward: -35396.897107593606|
| Episode: 159 | Epsilon:  0.10 | Reward: 228.60311773449456 | Average Reward: -233.604 | Steps: 27678 | Total Reward: -35168.2939898591|
| Episode: 160 | Epsilon:  0.10 | Reward: -188.94783740684676 | Average Reward: -232.554 | Steps: 27841 | Total Reward: -35357.24182726595|
| Episode: 161 | Epsilon:  0.10 | Reward: -389.6476867307674 | Average Reward: -232.804 | Steps: 28061 | Total Reward: -35746.88951399679|
| Episode: 162 | Epsilon:  0.10 | Reward: -13.790480346177034 | Average Reward: -231.173 | Steps: 28198 | Total Reward: -35760.67999434301|
| Episode: 163 | Epsilon:  0.10 | Reward: -251.9703656021472 | Average Reward: -231.124 | Steps: 28383 | Total Reward: -36012.650359945146|
| Episode: 164 | Epsilon:  0.10 | Reward: -18.10780039012772 | Average Reward: -229.516 | Steps: 28580 | Total Reward: -36030.7581603353|
| Episode: 165 | Epsilon:  0.10 | Reward: -218.42771608636116 | Average Reward: -228.673 | Steps: 28761 | Total Reward: -36249.18587642166|
| Episode: 166 | Epsilon:  0.10 | Reward: -206.34806656105476 | Average Reward: -228.857 | Steps: 28932 | Total Reward: -36455.53394298277|
| Episode: 167 | Epsilon:  0.10 | Reward: -89.73867506445755 | Average Reward: -226.984 | Steps: 29117 | Total Reward: -36545.272618047275|
| Episode: 168 | Epsilon:  0.10 | Reward: -271.23277291594974 | Average Reward: -226.005 | Steps: 29277 | Total Reward: -36816.505390963226|
| Episode: 169 | Epsilon:  0.10 | Reward: -231.6355179833686 | Average Reward: -225.492 | Steps: 29454 | Total Reward: -37048.140908946596|
| Episode: 170 | Epsilon:  0.10 | Reward: -77.55427806972166 | Average Reward: -223.807 | Steps: 29611 | Total Reward: -37125.69518701631|
| Episode: 171 | Epsilon:  0.10 | Reward: -50.131118884917115 | Average Reward: -221.626 | Steps: 29748 | Total Reward: -37175.826305901224|
| Episode: 172 | Epsilon:  0.10 | Reward: -132.0106052076033 | Average Reward: -222.350 | Steps: 29891 | Total Reward: -37307.83691110885|
| Episode: 173 | Epsilon:  0.10 | Reward: -53.547152432429755 | Average Reward: -220.026 | Steps: 30033 | Total Reward: -37361.38406354128|
| Episode: 174 | Epsilon:  0.10 | Reward: -323.62120031168183 | Average Reward: -221.473 | Steps: 30254 | Total Reward: -37685.00526385298|
| Episode: 175 | Epsilon:  0.10 | Reward: -189.3638056068553 | Average Reward: -220.413 | Steps: 30469 | Total Reward: -37874.36906945981|
| Episode: 176 | Epsilon:  0.10 | Reward: -241.26492684041042 | Average Reward: -222.102 | Steps: 30716 | Total Reward: -38115.633996300225|
| Episode: 177 | Epsilon:  0.10 | Reward: -187.86599001888698 | Average Reward: -222.147 | Steps: 30916 | Total Reward: -38303.499986319075|
| Episode: 178 | Epsilon:  0.10 | Reward: -171.62643554236422 | Average Reward: -222.961 | Steps: 31068 | Total Reward: -38475.1264218614|
| Episode: 179 | Epsilon:  0.10 | Reward: -112.81287034615134 | Average Reward: -221.044 | Steps: 31257 | Total Reward: -38587.93929220757|
| Episode: 180 | Epsilon:  0.10 | Reward: -245.3108922616515 | Average Reward: -222.594 | Steps: 31429 | Total Reward: -38833.25018446917|
| Episode: 181 | Epsilon:  0.10 | Reward: -231.48311274466244 | Average Reward: -224.609 | Steps: 31670 | Total Reward: -39064.733297213854|
| Episode: 182 | Epsilon:  0.10 | Reward: -156.63319663588243 | Average Reward: -225.536 | Steps: 31880 | Total Reward: -39221.36649384978|
| Episode: 183 | Epsilon:  0.10 | Reward: -74.52528084860495 | Average Reward: -223.509 | Steps: 32074 | Total Reward: -39295.89177469842|
| Episode: 184 | Epsilon:  0.10 | Reward: -249.93018578134792 | Average Reward: -222.957 | Steps: 32277 | Total Reward: -39545.82196047983|
| Episode: 185 | Epsilon:  0.10 | Reward: 19.97706920285526 | Average Reward: -219.376 | Steps: 32473 | Total Reward: -39525.84489127694|
| Episode: 186 | Epsilon:  0.10 | Reward: -36.061109450211276 | Average Reward: -216.876 | Steps: 32747 | Total Reward: -39561.906000727155|
| Episode: 187 | Epsilon:  0.10 | Reward: -129.3230351944573 | Average Reward: -218.195 | Steps: 33054 | Total Reward: -39691.229035921664|
| Episode: 188 | Epsilon:  0.10 | Reward: -201.71733724834903 | Average Reward: -217.678 | Steps: 33239 | Total Reward: -39892.94637317001|
| Episode: 189 | Epsilon:  0.10 | Reward: -151.6171226942185 | Average Reward: -215.349 | Steps: 33459 | Total Reward: -40044.563495864146|
| Episode: 190 | Epsilon:  0.10 | Reward: -138.56267778785 | Average Reward: -216.365 | Steps: 33663 | Total Reward: -40183.126173651995|
| Episode: 191 | Epsilon:  0.10 | Reward: -62.36963532340524 | Average Reward: -212.166 | Steps: 33879 | Total Reward: -40245.49580897542|
| Episode: 192 | Epsilon:  0.10 | Reward: -215.6931492997014 | Average Reward: -209.912 | Steps: 34081 | Total Reward: -40461.1889582751|
| Episode: 193 | Epsilon:  0.10 | Reward: -72.81193575164409 | Average Reward: -208.245 | Steps: 34343 | Total Reward: -40534.00089402673|
| Episode: 194 | Epsilon:  0.10 | Reward: -73.84883483470085 | Average Reward: -204.242 | Steps: 34539 | Total Reward: -40607.8497288614|
| Episode: 195 | Epsilon:  0.10 | Reward: 52.081088696296376 | Average Reward: -201.044 | Steps: 34791 | Total Reward: -40555.768640165086|
| Episode: 196 | Epsilon:  0.10 | Reward: -311.2516174733932 | Average Reward: -199.942 | Steps: 35006 | Total Reward: -40867.02025763846|
| Episode: 197 | Epsilon:  0.10 | Reward: -93.8673725813283 | Average Reward: -200.052 | Steps: 35202 | Total Reward: -40960.88763021976|
| Episode: 198 | Epsilon:  0.10 | Reward: -15.212927671863525 | Average Reward: -197.274 | Steps: 35423 | Total Reward: -40976.10055789161|
| Episode: 199 | Epsilon:  0.10 | Reward: -316.4388466005556 | Average Reward: -197.582 | Steps: 35693 | Total Reward: -41292.539404492185|
| Episode: 200 | Epsilon:  0.10 | Reward: -79.98548732240215 | Average Reward: -194.957 | Steps: 35846 | Total Reward: -41372.52489181458|
| Episode: 201 | Epsilon:  0.10 | Reward: 113.78075469631747 | Average Reward: -191.121 | Steps: 36846 | Total Reward: -41258.74413711823|
| Episode: 202 | Epsilon:  0.10 | Reward: -105.8276578068122 | Average Reward: -188.486 | Steps: 37022 | Total Reward: -41364.57179492508|
| Episode: 203 | Epsilon:  0.10 | Reward: -154.77598252669912 | Average Reward: -187.722 | Steps: 37268 | Total Reward: -41519.34777745174|
| Episode: 204 | Epsilon:  0.10 | Reward: -44.44274750409194 | Average Reward: -184.251 | Steps: 37491 | Total Reward: -41563.79052495585|
| Episode: 205 | Epsilon:  0.10 | Reward: -73.19563930794186 | Average Reward: -184.659 | Steps: 37664 | Total Reward: -41636.986164263806|
| Episode: 206 | Epsilon:  0.10 | Reward: -54.295181219869896 | Average Reward: -184.439 | Steps: 37852 | Total Reward: -41691.2813454837|
| Episode: 207 | Epsilon:  0.10 | Reward: -235.69152148155885 | Average Reward: -185.258 | Steps: 38043 | Total Reward: -41926.97286696532|
| Episode: 208 | Epsilon:  0.10 | Reward: -393.3140830606908 | Average Reward: -188.353 | Steps: 38277 | Total Reward: -42320.286950025984|
| Episode: 209 | Epsilon:  0.10 | Reward: -26.76637397954633 | Average Reward: -183.682 | Steps: 38513 | Total Reward: -42347.053324005596|
| Episode: 210 | Epsilon:  0.10 | Reward: -119.59925371861348 | Average Reward: -181.151 | Steps: 38659 | Total Reward: -42466.652577724206|
| Episode: 211 | Epsilon:  0.10 | Reward: -224.4264373391375 | Average Reward: -180.955 | Steps: 38846 | Total Reward: -42691.07901506335|
| Episode: 212 | Epsilon:  0.10 | Reward: -82.13317350230214 | Average Reward: -178.364 | Steps: 38998 | Total Reward: -42773.21218856568|
| Episode: 213 | Epsilon:  0.10 | Reward: -99.00105406777497 | Average Reward: -174.729 | Steps: 39119 | Total Reward: -42872.21324263346|
| Episode: 214 | Epsilon:  0.10 | Reward: -55.22110925721863 | Average Reward: -174.490 | Steps: 39261 | Total Reward: -42927.43435189067|
| Episode: 215 | Epsilon:  0.10 | Reward: -272.3785826017572 | Average Reward: -174.399 | Steps: 39473 | Total Reward: -43199.81293449239|
| Episode: 216 | Epsilon:  0.10 | Reward: -47.63389531508905 | Average Reward: -171.390 | Steps: 39672 | Total Reward: -43247.44682980747|
| Episode: 217 | Epsilon:  0.10 | Reward: -463.43627896545854 | Average Reward: -174.572 | Steps: 39916 | Total Reward: -43710.88310877289|
| Episode: 218 | Epsilon:  0.10 | Reward: -237.3228839626168 | Average Reward: -172.771 | Steps: 40120 | Total Reward: -43948.205992735464|
| Episode: 219 | Epsilon:  0.10 | Reward: -127.01105307944283 | Average Reward: -169.562 | Steps: 40263 | Total Reward: -44075.21704581494|
| Episode: 220 | Epsilon:  0.10 | Reward: -231.1635231338058 | Average Reward: -171.284 | Steps: 40419 | Total Reward: -44306.38056894871|
| Episode: 221 | Epsilon:  0.10 | Reward: -261.2800133124463 | Average Reward: -170.505 | Steps: 40622 | Total Reward: -44567.66058226112|
| Episode: 222 | Epsilon:  0.10 | Reward: -85.67913848822333 | Average Reward: -170.334 | Steps: 40755 | Total Reward: -44653.33972074931|
| Episode: 223 | Epsilon:  0.10 | Reward: -281.7512258498906 | Average Reward: -171.260 | Steps: 40911 | Total Reward: -44935.090946599186|
| Episode: 224 | Epsilon:  0.10 | Reward: -236.7613204940638 | Average Reward: -171.956 | Steps: 41050 | Total Reward: -45171.85226709327|
| Episode: 225 | Epsilon:  0.10 | Reward: -167.69538582472745 | Average Reward: -172.422 | Steps: 41244 | Total Reward: -45339.547652918045|
| Episode: 226 | Epsilon:  0.10 | Reward: -1.3994811090530845 | Average Reward: -170.205 | Steps: 41469 | Total Reward: -45340.94713402709|
| Episode: 227 | Epsilon:  0.10 | Reward: -276.1597036339577 | Average Reward: -169.239 | Steps: 41677 | Total Reward: -45617.106837661035|
| Episode: 228 | Epsilon:  0.10 | Reward: -503.713510473615 | Average Reward: -171.770 | Steps: 41779 | Total Reward: -46120.820348134635|
| Episode: 229 | Epsilon:  0.10 | Reward: -139.99468774204993 | Average Reward: -170.070 | Steps: 41908 | Total Reward: -46260.81503587667|
| Episode: 230 | Epsilon:  0.10 | Reward: -75.9521499237592 | Average Reward: -170.284 | Steps: 42098 | Total Reward: -46336.76718580043|
| Episode: 231 | Epsilon:  0.10 | Reward: 122.69450448485475 | Average Reward: -166.500 | Steps: 43098 | Total Reward: -46214.0726813156|
| Episode: 232 | Epsilon:  0.10 | Reward: -490.27610428221584 | Average Reward: -168.091 | Steps: 43205 | Total Reward: -46704.34878559787|
| Episode: 233 | Epsilon:  0.10 | Reward: -500.3125195533575 | Average Reward: -172.888 | Steps: 43313 | Total Reward: -47204.66130515125|
| Episode: 234 | Epsilon:  0.10 | Reward: -302.48695154634964 | Average Reward: -173.254 | Steps: 43580 | Total Reward: -47507.148256697576|
| Episode: 235 | Epsilon:  0.10 | Reward: -459.81823398417316 | Average Reward: -177.424 | Steps: 43686 | Total Reward: -47966.96649068174|
| Episode: 236 | Epsilon:  0.10 | Reward: -22.950083437216037 | Average Reward: -176.592 | Steps: 43813 | Total Reward: -47989.916574118935|
| Episode: 237 | Epsilon:  0.10 | Reward: -31.740714484071276 | Average Reward: -174.019 | Steps: 44001 | Total Reward: -48021.65728860296|
| Episode: 238 | Epsilon:  0.10 | Reward: -68.74771018391587 | Average Reward: -172.166 | Steps: 44159 | Total Reward: -48090.40499878686|
| Episode: 239 | Epsilon:  0.10 | Reward: -302.1042534284288 | Average Reward: -172.639 | Steps: 44419 | Total Reward: -48392.509252215285|
| Episode: 240 | Epsilon:  0.10 | Reward: -48.913572453971526 | Average Reward: -172.310 | Steps: 44559 | Total Reward: -48441.422824669324|
| Episode: 241 | Epsilon:  0.10 | Reward: -258.0197886624803 | Average Reward: -173.510 | Steps: 44746 | Total Reward: -48699.44261333177|
| Episode: 242 | Epsilon:  0.10 | Reward: -180.2741842386082 | Average Reward: -176.103 | Steps: 44995 | Total Reward: -48879.71679757037|
| Episode: 243 | Epsilon:  0.10 | Reward: -252.93803731245424 | Average Reward: -174.916 | Steps: 45196 | Total Reward: -49132.65483488282|
| Episode: 244 | Epsilon:  0.10 | Reward: -184.55533648415815 | Average Reward: -174.292 | Steps: 45463 | Total Reward: -49317.210171366976|
| Episode: 245 | Epsilon:  0.10 | Reward: -112.12348751479902 | Average Reward: -174.461 | Steps: 45612 | Total Reward: -49429.33365888178|
| Episode: 246 | Epsilon:  0.10 | Reward: -244.7283719825553 | Average Reward: -173.531 | Steps: 45762 | Total Reward: -49674.06203086433|
| Episode: 247 | Epsilon:  0.10 | Reward: 20.181453539842977 | Average Reward: -169.842 | Steps: 45987 | Total Reward: -49653.88057732452|
| Episode: 248 | Epsilon:  0.10 | Reward: -154.2324739260864 | Average Reward: -169.375 | Steps: 46140 | Total Reward: -49808.1130512506|
| Episode: 249 | Epsilon:  0.10 | Reward: -357.93644448990597 | Average Reward: -171.565 | Steps: 46467 | Total Reward: -50166.049495740495|
| Episode: 250 | Epsilon:  0.10 | Reward: -125.83975955623913 | Average Reward: -170.281 | Steps: 46628 | Total Reward: -50291.88925529673|
| Episode: 251 | Epsilon:  0.10 | Reward: -249.39440436897496 | Average Reward: -172.472 | Steps: 46856 | Total Reward: -50541.28365966576|
| Episode: 252 | Epsilon:  0.10 | Reward: -136.88220792229833 | Average Reward: -170.599 | Steps: 46978 | Total Reward: -50678.16586758804|
| Episode: 253 | Epsilon:  0.10 | Reward: -156.75763521585287 | Average Reward: -168.963 | Steps: 47275 | Total Reward: -50834.92350280389|
| Episode: 254 | Epsilon:  0.10 | Reward: -205.65714910645903 | Average Reward: -167.065 | Steps: 47391 | Total Reward: -51040.58065191034|
| Episode: 255 | Epsilon:  0.10 | Reward: -370.27874135708987 | Average Reward: -168.676 | Steps: 47512 | Total Reward: -51410.85939326745|
| Episode: 256 | Epsilon:  0.10 | Reward: -204.10446625409998 | Average Reward: -166.413 | Steps: 47710 | Total Reward: -51614.963859521566|
| Episode: 257 | Epsilon:  0.10 | Reward: -184.50891026603833 | Average Reward: -167.682 | Steps: 47844 | Total Reward: -51799.472769787586|
| Episode: 258 | Epsilon:  0.10 | Reward: -335.5862185858422 | Average Reward: -167.382 | Steps: 48117 | Total Reward: -52135.058988373356|
| Episode: 259 | Epsilon:  0.10 | Reward: -74.81139900922796 | Average Reward: -170.416 | Steps: 48256 | Total Reward: -52209.87038738258|
| Episode: 260 | Epsilon:  0.10 | Reward: -318.32493533744366 | Average Reward: -171.710 | Steps: 48392 | Total Reward: -52528.19532272001|
| Episode: 261 | Epsilon:  0.10 | Reward: -139.67186758454153 | Average Reward: -169.210 | Steps: 48630 | Total Reward: -52667.86719030451|
| Episode: 262 | Epsilon:  0.10 | Reward: -216.27720484374487 | Average Reward: -171.235 | Steps: 48797 | Total Reward: -52884.14439514826|
| Episode: 263 | Epsilon:  0.10 | Reward: -217.46763151383988 | Average Reward: -170.890 | Steps: 48934 | Total Reward: -53101.61202666208|
| Episode: 264 | Epsilon:  0.10 | Reward: -242.09756491305978 | Average Reward: -173.130 | Steps: 49097 | Total Reward: -53343.70959157511|
| Episode: 265 | Epsilon:  0.10 | Reward: -343.9849391236735 | Average Reward: -174.385 | Steps: 49227 | Total Reward: -53687.69453069876|
| Episode: 266 | Epsilon:  0.10 | Reward: -255.34022217764576 | Average Reward: -174.875 | Steps: 49424 | Total Reward: -53943.034752876425|
| Episode: 267 | Epsilon:  0.10 | Reward: -207.28071032864085 | Average Reward: -176.050 | Steps: 49554 | Total Reward: -54150.31546320505|
| Episode: 268 | Epsilon:  0.10 | Reward: -232.12434597495158 | Average Reward: -175.659 | Steps: 49763 | Total Reward: -54382.43980918|
| Episode: 269 | Epsilon:  0.10 | Reward: -177.99136887839973 | Average Reward: -175.123 | Steps: 49935 | Total Reward: -54560.431178058396|
| Episode: 270 | Epsilon:  0.10 | Reward: -252.62400986619366 | Average Reward: -176.874 | Steps: 50032 | Total Reward: -54813.055187924576|
| Episode: 271 | Epsilon:  0.10 | Reward: -277.66832369508506 | Average Reward: -179.149 | Steps: 50174 | Total Reward: -55090.72351161965|
| Episode: 272 | Epsilon:  0.10 | Reward: -272.82665113153325 | Average Reward: -180.557 | Steps: 50395 | Total Reward: -55363.55016275115|
| Episode: 273 | Epsilon:  0.10 | Reward: -236.59940163257758 | Average Reward: -182.388 | Steps: 50588 | Total Reward: -55600.149564383726|
| Episode: 274 | Epsilon:  0.10 | Reward: -283.1115680507747 | Average Reward: -181.983 | Steps: 50726 | Total Reward: -55883.26113243449|
| Episode: 275 | Epsilon:  0.10 | Reward: -186.74681885074875 | Average Reward: -181.956 | Steps: 50849 | Total Reward: -56070.00795128522|
| Episode: 276 | Epsilon:  0.10 | Reward: -31.55590033035837 | Average Reward: -179.859 | Steps: 51003 | Total Reward: -56101.56385161552|
| Episode: 277 | Epsilon:  0.10 | Reward: 49.00541126277565 | Average Reward: -177.491 | Steps: 51157 | Total Reward: -56052.55844035276|
| Episode: 278 | Epsilon:  0.10 | Reward: -236.04055247478337 | Average Reward: -178.135 | Steps: 51366 | Total Reward: -56288.59899282758|
| Episode: 279 | Epsilon:  0.10 | Reward: -310.41385835953787 | Average Reward: -180.111 | Steps: 51542 | Total Reward: -56599.01285118714|
| Episode: 280 | Epsilon:  0.10 | Reward: -293.03340405242244 | Average Reward: -180.588 | Steps: 51686 | Total Reward: -56892.04625523959|
| Episode: 281 | Epsilon:  0.10 | Reward: -290.27010436169587 | Average Reward: -181.176 | Steps: 51812 | Total Reward: -57182.31635960123|
| Episode: 282 | Epsilon:  0.10 | Reward: -311.25126468722453 | Average Reward: -182.722 | Steps: 52009 | Total Reward: -57493.567624288415|
| Episode: 283 | Epsilon:  0.10 | Reward: -197.59900454412906 | Average Reward: -183.953 | Steps: 52307 | Total Reward: -57691.16662883252|
| Episode: 284 | Epsilon:  0.10 | Reward: -338.51737562190453 | Average Reward: -184.839 | Steps: 52564 | Total Reward: -58029.68400445445|
| Episode: 285 | Epsilon:  0.10 | Reward: -336.290459070946 | Average Reward: -188.401 | Steps: 52694 | Total Reward: -58365.97446352539|
| Episode: 286 | Epsilon:  0.10 | Reward: -343.147988927042 | Average Reward: -191.472 | Steps: 52923 | Total Reward: -58709.12245245242|
| Episode: 287 | Epsilon:  0.10 | Reward: -253.25903446566204 | Average Reward: -192.712 | Steps: 53123 | Total Reward: -58962.38148691809|
| Episode: 288 | Epsilon:  0.10 | Reward: -206.3628654454058 | Average Reward: -192.758 | Steps: 53419 | Total Reward: -59168.744352363465|
| Episode: 289 | Epsilon:  0.10 | Reward: -206.2192759002691 | Average Reward: -193.304 | Steps: 53640 | Total Reward: -59374.963628263715|
| Episode: 290 | Epsilon:  0.10 | Reward: -261.23503249540306 | Average Reward: -194.531 | Steps: 53777 | Total Reward: -59636.198660759124|
| Episode: 291 | Epsilon:  0.10 | Reward: -295.6965852151168 | Average Reward: -196.864 | Steps: 53961 | Total Reward: -59931.895245974214|
| Episode: 292 | Epsilon:  0.10 | Reward: -342.9672467474189 | Average Reward: -198.137 | Steps: 54100 | Total Reward: -60274.862492721644|
| Episode: 293 | Epsilon:  0.10 | Reward: -33.93816384832047 | Average Reward: -197.748 | Steps: 54224 | Total Reward: -60308.80065656994|
| Episode: 294 | Epsilon:  0.10 | Reward: -198.5657318158988 | Average Reward: -198.995 | Steps: 54388 | Total Reward: -60507.36638838583|
| Episode: 295 | Epsilon:  0.10 | Reward: -189.70295336886704 | Average Reward: -201.413 | Steps: 54541 | Total Reward: -60697.069341754686|
| Episode: 296 | Epsilon:  0.10 | Reward: 5.507436116753766 | Average Reward: -198.245 | Steps: 54796 | Total Reward: -60691.561905637915|
| Episode: 297 | Epsilon:  0.10 | Reward: -57.3497607666234 | Average Reward: -197.880 | Steps: 54945 | Total Reward: -60748.91166640451|
| Episode: 298 | Epsilon:  0.10 | Reward: -120.665342241003 | Average Reward: -198.935 | Steps: 55219 | Total Reward: -60869.577008645516|
| Episode: 299 | Epsilon:  0.10 | Reward: -194.05394627622496 | Average Reward: -197.711 | Steps: 55387 | Total Reward: -61063.63095492176|
| Episode: 300 | Epsilon:  0.10 | Reward: -109.56868183509977 | Average Reward: -198.007 | Steps: 55532 | Total Reward: -61173.199636756864|
| Episode: 301 | Epsilon:  0.10 | Reward: -269.5194468540695 | Average Reward: -201.840 | Steps: 55772 | Total Reward: -61442.71908361092|
| Episode: 302 | Epsilon:  0.10 | Reward: -230.4224383262174 | Average Reward: -203.086 | Steps: 55908 | Total Reward: -61673.1415219371|
| Episode: 303 | Epsilon:  0.10 | Reward: -388.34261170001713 | Average Reward: -205.421 | Steps: 56031 | Total Reward: -62061.48413363708|
| Episode: 304 | Epsilon:  0.10 | Reward: -303.2623419574252 | Average Reward: -208.010 | Steps: 56262 | Total Reward: -62364.74647559453|
| Episode: 305 | Epsilon:  0.10 | Reward: -214.8808082940006 | Average Reward: -209.426 | Steps: 56378 | Total Reward: -62579.627283888505|
| Episode: 306 | Epsilon:  0.10 | Reward: -243.14032681643883 | Average Reward: -211.315 | Steps: 56577 | Total Reward: -62822.767610704905|
| Episode: 307 | Epsilon:  0.10 | Reward: -84.87555179662488 | Average Reward: -209.807 | Steps: 56755 | Total Reward: -62907.64316250153|
| Episode: 308 | Epsilon:  0.10 | Reward: -327.66121697443293 | Average Reward: -209.150 | Steps: 57006 | Total Reward: -63235.304379475965|
| Episode: 309 | Epsilon:  0.10 | Reward: -295.33841537847684 | Average Reward: -211.836 | Steps: 57142 | Total Reward: -63530.64279485445|
| Episode: 310 | Epsilon:  0.10 | Reward: -40.58962365154402 | Average Reward: -211.046 | Steps: 57277 | Total Reward: -63571.232418505984|
| Episode: 311 | Epsilon:  0.10 | Reward: -187.39865352188264 | Average Reward: -210.676 | Steps: 57431 | Total Reward: -63758.631072027885|
| Episode: 312 | Epsilon:  0.10 | Reward: 14.666890905670073 | Average Reward: -209.708 | Steps: 57605 | Total Reward: -63743.9641811222|
| Episode: 313 | Epsilon:  0.10 | Reward: -292.5273046018933 | Average Reward: -211.643 | Steps: 57809 | Total Reward: -64036.49148572414|
| Episode: 314 | Epsilon:  0.10 | Reward: -261.2102069555353 | Average Reward: -213.703 | Steps: 57982 | Total Reward: -64297.70169267968|
| Episode: 315 | Epsilon:  0.10 | Reward: -99.09953159336108 | Average Reward: -211.970 | Steps: 58212 | Total Reward: -64396.80122427302|
| Episode: 316 | Epsilon:  0.10 | Reward: -142.86886806229637 | Average Reward: -212.922 | Steps: 58543 | Total Reward: -64539.670092335255|
| Episode: 317 | Epsilon:  0.10 | Reward: -156.4621768105606 | Average Reward: -209.852 | Steps: 58765 | Total Reward: -64696.132269145826|
| Episode: 318 | Epsilon:  0.10 | Reward: -297.5173918350396 | Average Reward: -210.454 | Steps: 58992 | Total Reward: -64993.64966098091|
| Episode: 319 | Epsilon:  0.10 | Reward: -528.3191095559782 | Average Reward: -214.468 | Steps: 59264 | Total Reward: -65521.96877053683|
| Episode: 320 | Epsilon:  0.10 | Reward: -206.59612895165742 | Average Reward: -214.222 | Steps: 59424 | Total Reward: -65728.56489948848|
| Episode: 321 | Epsilon:  0.10 | Reward: -248.935716318274 | Average Reward: -214.098 | Steps: 59642 | Total Reward: -65977.50061580683|
| Episode: 322 | Epsilon:  0.10 | Reward: -290.9529384494242 | Average Reward: -216.151 | Steps: 59916 | Total Reward: -66268.45355425631|
| Episode: 323 | Epsilon:  0.10 | Reward: -172.19015210916814 | Average Reward: -215.056 | Steps: 60108 | Total Reward: -66440.64370636543|
| Episode: 324 | Epsilon:  0.10 | Reward: -190.43967006631294 | Average Reward: -214.592 | Steps: 60271 | Total Reward: -66631.08337643178|
| Episode: 325 | Epsilon:  0.10 | Reward: -276.73724548530566 | Average Reward: -215.683 | Steps: 60467 | Total Reward: -66907.82062191711|
| Episode: 326 | Epsilon:  0.10 | Reward: -389.3653863987007 | Average Reward: -219.562 | Steps: 60614 | Total Reward: -67297.18600831572|
| Episode: 327 | Epsilon:  0.10 | Reward: -32.303918905112596 | Average Reward: -217.124 | Steps: 60747 | Total Reward: -67329.48992722084|
| Episode: 328 | Epsilon:  0.10 | Reward: -441.11960746570776 | Average Reward: -216.498 | Steps: 61019 | Total Reward: -67770.60953468658|
| Episode: 329 | Epsilon:  0.10 | Reward: -298.68790703829734 | Average Reward: -218.085 | Steps: 61155 | Total Reward: -68069.29744172486|
| Episode: 330 | Epsilon:  0.10 | Reward: -236.37326491878736 | Average Reward: -219.689 | Steps: 61291 | Total Reward: -68305.67070664366|
| Episode: 331 | Epsilon:  0.10 | Reward: -186.18391162677233 | Average Reward: -222.778 | Steps: 61427 | Total Reward: -68491.85461827055|
| Episode: 332 | Epsilon:  0.10 | Reward: -231.7160386662022 | Average Reward: -220.192 | Steps: 61598 | Total Reward: -68723.57065693675|
| Episode: 333 | Epsilon:  0.10 | Reward: -150.37574235334608 | Average Reward: -216.693 | Steps: 61774 | Total Reward: -68873.94639929009|
| Episode: 334 | Epsilon:  0.10 | Reward: -186.86060991355828 | Average Reward: -215.537 | Steps: 61973 | Total Reward: -69060.80700920367|
| Episode: 335 | Epsilon:  0.10 | Reward: -273.9080465814974 | Average Reward: -213.677 | Steps: 62213 | Total Reward: -69334.71505578516|
| Episode: 336 | Epsilon:  0.10 | Reward: -121.02991620309429 | Average Reward: -214.658 | Steps: 62346 | Total Reward: -69455.74497198842|
| Episode: 337 | Epsilon:  0.10 | Reward: -190.561965568836 | Average Reward: -216.246 | Steps: 62489 | Total Reward: -69646.30693755724|
| Episode: 338 | Epsilon:  0.10 | Reward: -221.33734126862655 | Average Reward: -217.772 | Steps: 62646 | Total Reward: -69867.64427882593|
| Episode: 339 | Epsilon:  0.10 | Reward: -219.21525860349453 | Average Reward: -216.944 | Steps: 62834 | Total Reward: -70086.85953742935|
| Episode: 340 | Epsilon:  0.10 | Reward: -111.41669868512678 | Average Reward: -217.569 | Steps: 62963 | Total Reward: -70198.2762361145|
| Episode: 341 | Epsilon:  0.10 | Reward: -319.10310751652054 | Average Reward: -218.179 | Steps: 63122 | Total Reward: -70517.37934363104|
| Episode: 342 | Epsilon:  0.10 | Reward: -284.6024119801825 | Average Reward: -219.223 | Steps: 63336 | Total Reward: -70801.98175561124|
| Episode: 343 | Epsilon:  0.10 | Reward: -177.88670702498644 | Average Reward: -218.472 | Steps: 63472 | Total Reward: -70979.86846263615|
| Episode: 344 | Epsilon:  0.10 | Reward: -130.11238901761845 | Average Reward: -217.928 | Steps: 63620 | Total Reward: -71109.98085165369|
| Episode: 345 | Epsilon:  0.10 | Reward: -218.2839516427208 | Average Reward: -218.989 | Steps: 63804 | Total Reward: -71328.26480329645|
| Episode: 346 | Epsilon:  0.10 | Reward: -276.5199389538715 | Average Reward: -219.307 | Steps: 63996 | Total Reward: -71604.78474225031|
| Episode: 347 | Epsilon:  0.10 | Reward: -279.2417015196779 | Average Reward: -222.301 | Steps: 64138 | Total Reward: -71884.02644377001|
| Episode: 348 | Epsilon:  0.10 | Reward: -229.5915812307982 | Average Reward: -223.055 | Steps: 64257 | Total Reward: -72113.6180250007|
| Episode: 349 | Epsilon:  0.10 | Reward: -254.93242127313218 | Average Reward: -222.025 | Steps: 64390 | Total Reward: -72368.5504462739|
| Episode: 350 | Epsilon:  0.10 | Reward: -191.51049614691635 | Average Reward: -222.682 | Steps: 64556 | Total Reward: -72560.0609424209|
| Episode: 351 | Epsilon:  0.10 | Reward: -86.38831927250546 | Average Reward: -221.052 | Steps: 64691 | Total Reward: -72646.44926169334|
| Episode: 352 | Epsilon:  0.10 | Reward: -236.10252794624049 | Average Reward: -222.044 | Steps: 64816 | Total Reward: -72882.5517896396|
| Episode: 353 | Epsilon:  0.10 | Reward: 3.680428304092885 | Average Reward: -220.439 | Steps: 64995 | Total Reward: -72878.87136133558|
| Episode: 354 | Epsilon:  0.10 | Reward: -342.3731008447296 | Average Reward: -221.807 | Steps: 65188 | Total Reward: -73221.24446218036|
| Episode: 355 | Epsilon:  0.10 | Reward: -282.99169317501196 | Average Reward: -220.934 | Steps: 65455 | Total Reward: -73504.23615535535|
| Episode: 356 | Epsilon:  0.10 | Reward: -270.61816533976366 | Average Reward: -221.599 | Steps: 65662 | Total Reward: -73774.8543206952|
| Episode: 357 | Epsilon:  0.10 | Reward: -35.969831244565356 | Average Reward: -220.114 | Steps: 65791 | Total Reward: -73810.82415193974|
| Episode: 358 | Epsilon:  0.10 | Reward: -236.8499129551839 | Average Reward: -219.126 | Steps: 65902 | Total Reward: -74047.6740648949|
| Episode: 359 | Epsilon:  0.10 | Reward: -328.57178975144734 | Average Reward: -221.664 | Steps: 66053 | Total Reward: -74376.24585464637|
| Episode: 360 | Epsilon:  0.10 | Reward: -92.80554507838434 | Average Reward: -219.409 | Steps: 66227 | Total Reward: -74469.0513997247|
| Episode: 361 | Epsilon:  0.10 | Reward: -262.7423190960078 | Average Reward: -220.639 | Steps: 66426 | Total Reward: -74731.79371882066|
| Episode: 362 | Epsilon:  0.10 | Reward: -28.843180896682625 | Average Reward: -218.765 | Steps: 66673 | Total Reward: -74760.63689971743|
| Episode: 363 | Epsilon:  0.10 | Reward: -212.2681539381374 | Average Reward: -218.713 | Steps: 66809 | Total Reward: -74972.90505365562|
| Episode: 364 | Epsilon:  0.10 | Reward: -108.57310352088994 | Average Reward: -217.378 | Steps: 66929 | Total Reward: -75081.47815717653|
| Episode: 365 | Epsilon:  0.10 | Reward: -63.995560528901734 | Average Reward: -214.578 | Steps: 67144 | Total Reward: -75145.47371770554|
| Episode: 366 | Epsilon:  0.10 | Reward: -179.69725436677703 | Average Reward: -213.821 | Steps: 67474 | Total Reward: -75325.17097207232|
| Episode: 367 | Epsilon:  0.10 | Reward: -100.84707226136734 | Average Reward: -212.757 | Steps: 67603 | Total Reward: -75426.01804433374|
| Episode: 368 | Epsilon:  0.10 | Reward: -262.98052468916444 | Average Reward: -213.066 | Steps: 67693 | Total Reward: -75688.99856902288|
| Episode: 369 | Epsilon:  0.10 | Reward: -96.31086524453943 | Average Reward: -212.249 | Steps: 67837 | Total Reward: -75785.30943426744|
| Episode: 370 | Epsilon:  0.10 | Reward: -254.4783143882018 | Average Reward: -212.267 | Steps: 68055 | Total Reward: -76039.78774865565|
| Episode: 371 | Epsilon:  0.10 | Reward: -213.81429629744605 | Average Reward: -211.629 | Steps: 68231 | Total Reward: -76253.60204495308|
| Episode: 372 | Epsilon:  0.10 | Reward: -121.99472735748058 | Average Reward: -210.120 | Steps: 68429 | Total Reward: -76375.59677231051|
| Episode: 373 | Epsilon:  0.10 | Reward: -252.14289084964702 | Average Reward: -210.276 | Steps: 68663 | Total Reward: -76627.7396631602|
| Episode: 374 | Epsilon:  0.10 | Reward: -211.70986617937308 | Average Reward: -209.562 | Steps: 68937 | Total Reward: -76839.4495293397|
| Episode: 375 | Epsilon:  0.10 | Reward: -235.15639722154307 | Average Reward: -210.046 | Steps: 69136 | Total Reward: -77074.60592656118|
| Episode: 376 | Epsilon:  0.10 | Reward: -145.69863112446228 | Average Reward: -211.187 | Steps: 69288 | Total Reward: -77220.30455768565|
| Episode: 377 | Epsilon:  0.10 | Reward: -217.806444848177 | Average Reward: -213.856 | Steps: 69571 | Total Reward: -77438.11100253375|
| Episode: 378 | Epsilon:  0.10 | Reward: -178.24800175855032 | Average Reward: -213.278 | Steps: 69782 | Total Reward: -77616.3590042923|
| Episode: 379 | Epsilon:  0.10 | Reward: -277.24427977342447 | Average Reward: -212.946 | Steps: 69952 | Total Reward: -77893.60328406577|
| Episode: 380 | Epsilon:  0.10 | Reward: -40.87265792214048 | Average Reward: -210.424 | Steps: 70080 | Total Reward: -77934.47594198785|
| Episode: 381 | Epsilon:  0.10 | Reward: -252.2945462254578 | Average Reward: -210.045 | Steps: 70367 | Total Reward: -78186.77048821324|
| Episode: 382 | Epsilon:  0.10 | Reward: -210.11775653671805 | Average Reward: -209.033 | Steps: 70592 | Total Reward: -78396.88824474995|
| Episode: 383 | Epsilon:  0.10 | Reward: -275.12660616561845 | Average Reward: -209.808 | Steps: 70782 | Total Reward: -78672.01485091557|
| Episode: 384 | Epsilon:  0.10 | Reward: -28.569044036585368 | Average Reward: -206.709 | Steps: 71096 | Total Reward: -78700.58389495214|
| Episode: 385 | Epsilon:  0.10 | Reward: -5.411673051994811 | Average Reward: -203.400 | Steps: 71264 | Total Reward: -78705.99556800417|
| Episode: 386 | Epsilon:  0.10 | Reward: -85.18730416478358 | Average Reward: -200.821 | Steps: 71526 | Total Reward: -78791.18287216892|
| Episode: 387 | Epsilon:  0.10 | Reward: -224.51424041883556 | Average Reward: -200.533 | Steps: 71671 | Total Reward: -79015.6971125877|
| Episode: 388 | Epsilon:  0.10 | Reward: -44.546851883875476 | Average Reward: -198.915 | Steps: 71797 | Total Reward: -79060.24396447167|
| Episode: 389 | Epsilon:  0.10 | Reward: -317.01570708691463 | Average Reward: -200.023 | Steps: 71952 | Total Reward: -79377.25967155848|
| Episode: 390 | Epsilon:  0.10 | Reward: -207.06006141213587 | Average Reward: -199.481 | Steps: 72085 | Total Reward: -79584.31973297065|
| Episode: 391 | Epsilon:  0.10 | Reward: -132.8202347634031 | Average Reward: -197.852 | Steps: 72219 | Total Reward: -79717.1399677341|
| Episode: 392 | Epsilon:  0.10 | Reward: -274.40434445121366 | Average Reward: -197.167 | Steps: 72425 | Total Reward: -79991.54431218517|
| Episode: 393 | Epsilon:  0.10 | Reward: -195.45374403482478 | Average Reward: -198.782 | Steps: 72580 | Total Reward: -80186.99805621995|
| Episode: 394 | Epsilon:  0.10 | Reward: -126.77274678424591 | Average Reward: -198.064 | Steps: 72859 | Total Reward: -80313.77080300418|
| Episode: 395 | Epsilon:  0.10 | Reward: -108.6860259791794 | Average Reward: -197.254 | Steps: 73128 | Total Reward: -80422.45682898331|
| Episode: 396 | Epsilon:  0.10 | Reward: -196.31966105559042 | Average Reward: -199.272 | Steps: 73346 | Total Reward: -80618.77649003883|
| Episode: 397 | Epsilon:  0.10 | Reward: -551.7054590496166 | Average Reward: -204.216 | Steps: 73538 | Total Reward: -81170.48194908851|
| Episode: 398 | Epsilon:  0.10 | Reward: -251.06651104283105 | Average Reward: -205.520 | Steps: 73777 | Total Reward: -81421.54846013131|
| Episode: 399 | Epsilon:  0.10 | Reward: -131.66631219776258 | Average Reward: -204.896 | Steps: 73974 | Total Reward: -81553.2147723291|
| Episode: 400 | Epsilon:  0.10 | Reward: -305.2675795328828 | Average Reward: -206.853 | Steps: 74142 | Total Reward: -81858.48235186192|
| Episode: 401 | Epsilon:  0.10 | Reward: -226.5539063665156 | Average Reward: -206.423 | Steps: 74546 | Total Reward: -82085.03625822857|
| Episode: 402 | Epsilon:  0.10 | Reward: -290.7157199114523 | Average Reward: -207.026 | Steps: 74717 | Total Reward: -82375.75197813999|
| Episode: 403 | Epsilon:  0.10 | Reward: -75.04613440659676 | Average Reward: -203.893 | Steps: 74855 | Total Reward: -82450.79811254663|
| Episode: 404 | Epsilon:  0.10 | Reward: -558.9173199107838 | Average Reward: -206.450 | Steps: 75098 | Total Reward: -83009.71543245728|
| Episode: 405 | Epsilon:  0.10 | Reward: -224.43470349168553 | Average Reward: -206.545 | Steps: 75304 | Total Reward: -83234.15013594896|
| Episode: 406 | Epsilon:  0.10 | Reward: -229.1054988695296 | Average Reward: -206.405 | Steps: 75483 | Total Reward: -83463.25563481847|
| Episode: 407 | Epsilon:  0.10 | Reward: -369.5575634143906 | Average Reward: -209.252 | Steps: 75666 | Total Reward: -83832.81319823286|
| Episode: 408 | Epsilon:  0.10 | Reward: -132.17140723194717 | Average Reward: -207.297 | Steps: 75825 | Total Reward: -83964.98460546482|
| Episode: 409 | Epsilon:  0.10 | Reward: -256.4523238847694 | Average Reward: -206.908 | Steps: 76022 | Total Reward: -84221.43692934958|
