+------------------------+----------------------------+--------------------+
|                        |     Supported Features     |  Program Commands  |
+========================+============================+====================+
| Compatible Layers      | Hopfield Layer,            | hopfield,          |
|                        | HopfieldLayer Layer,       | hopfield_layer,    |
|                        | HopfieldPooling Layer,     | hopfield_pooling,  |
|                        | LSTM,                      | lstm,              |
|                        | GRU                        | gru                |
+------------------------+----------------------------+--------------------+
| Supported Loss Metrics | Huber Loss,                | huber,             |
|                        | Mean Absolute Error Loss,  | mae,               |
|                        | Mean Squared Error Loss,   | mse,               |
|                        | SmoothL1 Loss              | smooth_l1          |
+------------------------+----------------------------+--------------------+
| Supported Optimizers   | RMSprop (default),         | rmsprop,           |
|                        | AdamW,                     | adam,              |
|                        | Adam,                      | adamW,             |
|                        | SGD                        |  sgd               |
+------------------------+----------------------------+--------------------+
+------------------------------+------------------------------------------+
|          Parameter           |                  Value                   |
+==============================+==========================================+
| Layer Type:                  | hopfield_pooling                         |
+------------------------------+------------------------------------------+
| Loss Metric:                 | smooth_l1                                |
+------------------------------+------------------------------------------+
| Sequence Length:             | 20                                       |
+------------------------------+------------------------------------------+
| Learning Rate:               | 0.000                                    |
+------------------------------+------------------------------------------+
| Target Update Steps:         | 1000                                     |
+------------------------------+------------------------------------------+
| Optimizer:                   | rmsprop                                  |
+------------------------------+------------------------------------------+
| Weight Decay:                | 0                                        |
+------------------------------+------------------------------------------+
| Hopfield Inverse Temperature | 0.100                                    |
+------------------------------+------------------------------------------+
| Scale Q-values with lr       | False                                    |
+------------------------------+------------------------------------------+
| Hard or Soft Update          | True                                     |
+------------------------------+------------------------------------------+
| Polyak Factor                | None                                     |
+------------------------------+------------------------------------------+
| Make POMDP                   | Train: False, Hidden dims: [1], mask     |
|                              | Evaluation: True, Hidden dims: [1], mask |
+------------------------------+------------------------------------------+
---------------
| TRAINING... |
---------------
| Episode:   1 | Epsilon:  0.89 | Reward:   0.0 | Average Reward: 0.000 | Steps:   154 | Total Reward:   0.0|
| Episode:   2 | Epsilon:  0.89 | Reward:   0.0 | Average Reward: 0.000 | Steps:   311 | Total Reward:   0.0|
| Episode:   3 | Epsilon:  0.88 | Reward:   2.0 | Average Reward: 0.667 | Steps:   557 | Total Reward:   2.0|
| Episode:   4 | Epsilon:  0.87 | Reward:   2.0 | Average Reward: 1.000 | Steps:   813 | Total Reward:   4.0|
| Episode:   5 | Epsilon:  0.86 | Reward:   0.0 | Average Reward: 0.800 | Steps:   960 | Total Reward:   4.0|
| Episode:   6 | Epsilon:  0.85 | Reward:   3.0 | Average Reward: 1.167 | Steps:  1282 | Total Reward:   7.0|
| Episode:   7 | Epsilon:  0.85 | Reward:   2.0 | Average Reward: 1.286 | Steps:  1536 | Total Reward:   9.0|
| Episode:   8 | Epsilon:  0.84 | Reward:   3.0 | Average Reward: 1.500 | Steps:  1886 | Total Reward:  12.0|
| Episode:   9 | Epsilon:  0.83 | Reward:   0.0 | Average Reward: 1.333 | Steps:  2043 | Total Reward:  12.0|
| Episode:  10 | Epsilon:  0.83 | Reward:   5.0 | Average Reward: 1.700 | Steps:  2478 | Total Reward:  17.0|
| Episode:  11 | Epsilon:  0.82 | Reward:   4.0 | Average Reward: 1.909 | Steps:  2857 | Total Reward:  21.0|
| Episode:  12 | Epsilon:  0.81 | Reward:   2.0 | Average Reward: 1.917 | Steps:  3108 | Total Reward:  23.0|
| Episode:  13 | Epsilon:  0.80 | Reward:   1.0 | Average Reward: 1.846 | Steps:  3326 | Total Reward:  24.0|
| Episode:  14 | Epsilon:  0.80 | Reward:   2.0 | Average Reward: 1.857 | Steps:  3585 | Total Reward:  26.0|
| Episode:  15 | Epsilon:  0.79 | Reward:   2.0 | Average Reward: 1.867 | Steps:  3837 | Total Reward:  28.0|
| Episode:  16 | Epsilon:  0.78 | Reward:   0.0 | Average Reward: 1.750 | Steps:  3987 | Total Reward:  28.0|
| Episode:  17 | Epsilon:  0.78 | Reward:   2.0 | Average Reward: 1.765 | Steps:  4235 | Total Reward:  30.0|
| Episode:  18 | Epsilon:  0.77 | Reward:   3.0 | Average Reward: 1.833 | Steps:  4547 | Total Reward:  33.0|
| Episode:  19 | Epsilon:  0.76 | Reward:   2.0 | Average Reward: 1.842 | Steps:  4810 | Total Reward:  35.0|
| Episode:  20 | Epsilon:  0.76 | Reward:   0.0 | Average Reward: 1.750 | Steps:  4966 | Total Reward:  35.0|
| Episode:  21 | Epsilon:  0.75 | Reward:   2.0 | Average Reward: 1.762 | Steps:  5225 | Total Reward:  37.0|
| Episode:  22 | Epsilon:  0.74 | Reward:   2.0 | Average Reward: 1.773 | Steps:  5478 | Total Reward:  39.0|
| Episode:  23 | Epsilon:  0.74 | Reward:   3.0 | Average Reward: 1.826 | Steps:  5796 | Total Reward:  42.0|
| Episode:  24 | Epsilon:  0.73 | Reward:   2.0 | Average Reward: 1.833 | Steps:  6050 | Total Reward:  44.0|
| Episode:  25 | Epsilon:  0.72 | Reward:   2.0 | Average Reward: 1.840 | Steps:  6303 | Total Reward:  46.0|
| Episode:  26 | Epsilon:  0.72 | Reward:   3.0 | Average Reward: 1.885 | Steps:  6617 | Total Reward:  49.0|
| Episode:  27 | Epsilon:  0.71 | Reward:   3.0 | Average Reward: 1.926 | Steps:  6934 | Total Reward:  52.0|
| Episode:  28 | Epsilon:  0.71 | Reward:   2.0 | Average Reward: 1.929 | Steps:  7179 | Total Reward:  54.0|
| Episode:  29 | Epsilon:  0.70 | Reward:   3.0 | Average Reward: 1.966 | Steps:  7498 | Total Reward:  57.0|
| Episode:  30 | Epsilon:  0.69 | Reward:   2.0 | Average Reward: 1.967 | Steps:  7766 | Total Reward:  59.0|
| Episode:  31 | Epsilon:  0.69 | Reward:   0.0 | Average Reward: 1.903 | Steps:  7924 | Total Reward:  59.0|
| Episode:  32 | Epsilon:  0.68 | Reward:   2.0 | Average Reward: 1.906 | Steps:  8172 | Total Reward:  61.0|
| Episode:  33 | Epsilon:  0.68 | Reward:   0.0 | Average Reward: 1.848 | Steps:  8321 | Total Reward:  61.0|
| Episode:  34 | Epsilon:  0.67 | Reward:   4.0 | Average Reward: 1.912 | Steps:  8706 | Total Reward:  65.0|
| Episode:  35 | Epsilon:  0.66 | Reward:   0.0 | Average Reward: 1.857 | Steps:  8861 | Total Reward:  65.0|
| Episode:  36 | Epsilon:  0.66 | Reward:   3.0 | Average Reward: 1.889 | Steps:  9189 | Total Reward:  68.0|
| Episode:  37 | Epsilon:  0.65 | Reward:   2.0 | Average Reward: 1.892 | Steps:  9442 | Total Reward:  70.0|
| Episode:  38 | Epsilon:  0.65 | Reward:   3.0 | Average Reward: 1.921 | Steps:  9756 | Total Reward:  73.0|
| Episode:  39 | Epsilon:  0.64 | Reward:   2.0 | Average Reward: 1.923 | Steps: 10008 | Total Reward:  75.0|
| Episode:  40 | Epsilon:  0.64 | Reward:   0.0 | Average Reward: 1.875 | Steps: 10161 | Total Reward:  75.0|
| Episode:  41 | Epsilon:  0.63 | Reward:   2.0 | Average Reward: 1.878 | Steps: 10407 | Total Reward:  77.0|
| Episode:  42 | Epsilon:  0.63 | Reward:   3.0 | Average Reward: 1.905 | Steps: 10718 | Total Reward:  80.0|
| Episode:  43 | Epsilon:  0.62 | Reward:   3.0 | Average Reward: 1.930 | Steps: 11032 | Total Reward:  83.0|
| Episode:  44 | Epsilon:  0.62 | Reward:   3.0 | Average Reward: 1.955 | Steps: 11339 | Total Reward:  86.0|
| Episode:  45 | Epsilon:  0.61 | Reward:   4.0 | Average Reward: 2.000 | Steps: 11712 | Total Reward:  90.0|
| Episode:  46 | Epsilon:  0.61 | Reward:   0.0 | Average Reward: 1.957 | Steps: 11864 | Total Reward:  90.0|
| Episode:  47 | Epsilon:  0.60 | Reward:   2.0 | Average Reward: 1.957 | Steps: 12110 | Total Reward:  92.0|
| Episode:  48 | Epsilon:  0.60 | Reward:   0.0 | Average Reward: 1.917 | Steps: 12267 | Total Reward:  92.0|
| Episode:  49 | Epsilon:  0.59 | Reward:   2.0 | Average Reward: 1.918 | Steps: 12519 | Total Reward:  94.0|
| Episode:  50 | Epsilon:  0.59 | Reward:   0.0 | Average Reward: 1.880 | Steps: 12672 | Total Reward:  94.0|
| Episode:  51 | Epsilon:  0.58 | Reward:   0.0 | Average Reward: 1.843 | Steps: 12830 | Total Reward:  94.0|
| Episode:  52 | Epsilon:  0.58 | Reward:   2.0 | Average Reward: 1.846 | Steps: 13088 | Total Reward:  96.0|
| Episode:  53 | Epsilon:  0.57 | Reward:   0.0 | Average Reward: 1.811 | Steps: 13241 | Total Reward:  96.0|
| Episode:  54 | Epsilon:  0.57 | Reward:   3.0 | Average Reward: 1.833 | Steps: 13548 | Total Reward:  99.0|
| Episode:  55 | Epsilon:  0.56 | Reward:   0.0 | Average Reward: 1.800 | Steps: 13702 | Total Reward:  99.0|
| Episode:  56 | Epsilon:  0.56 | Reward:   3.0 | Average Reward: 1.821 | Steps: 14019 | Total Reward: 102.0|
| Episode:  57 | Epsilon:  0.55 | Reward:   4.0 | Average Reward: 1.860 | Steps: 14401 | Total Reward: 106.0|
| Episode:  58 | Epsilon:  0.55 | Reward:   4.0 | Average Reward: 1.897 | Steps: 14792 | Total Reward: 110.0|
| Episode:  59 | Epsilon:  0.54 | Reward:   3.0 | Average Reward: 1.915 | Steps: 15104 | Total Reward: 113.0|
| Episode:  60 | Epsilon:  0.54 | Reward:   2.0 | Average Reward: 1.917 | Steps: 15356 | Total Reward: 115.0|
| Episode:  61 | Epsilon:  0.54 | Reward:   0.0 | Average Reward: 1.885 | Steps: 15505 | Total Reward: 115.0|
| Episode:  62 | Epsilon:  0.53 | Reward:   3.0 | Average Reward: 1.903 | Steps: 15830 | Total Reward: 118.0|
| Episode:  63 | Epsilon:  0.53 | Reward:   2.0 | Average Reward: 1.905 | Steps: 16099 | Total Reward: 120.0|
| Episode:  64 | Epsilon:  0.52 | Reward:   2.0 | Average Reward: 1.906 | Steps: 16355 | Total Reward: 122.0|
| Episode:  65 | Epsilon:  0.52 | Reward:   0.0 | Average Reward: 1.877 | Steps: 16504 | Total Reward: 122.0|
| Episode:  66 | Epsilon:  0.51 | Reward:   3.0 | Average Reward: 1.894 | Steps: 16821 | Total Reward: 125.0|
| Episode:  67 | Epsilon:  0.51 | Reward:   2.0 | Average Reward: 1.896 | Steps: 17073 | Total Reward: 127.0|
| Episode:  68 | Epsilon:  0.51 | Reward:   3.0 | Average Reward: 1.912 | Steps: 17398 | Total Reward: 130.0|
| Episode:  69 | Epsilon:  0.50 | Reward:   0.0 | Average Reward: 1.884 | Steps: 17553 | Total Reward: 130.0|
| Episode:  70 | Epsilon:  0.50 | Reward:   0.0 | Average Reward: 1.857 | Steps: 17710 | Total Reward: 130.0|
| Episode:  71 | Epsilon:  0.49 | Reward:   4.0 | Average Reward: 1.887 | Steps: 18103 | Total Reward: 134.0|
| Episode:  72 | Epsilon:  0.49 | Reward:   3.0 | Average Reward: 1.903 | Steps: 18420 | Total Reward: 137.0|
| Episode:  73 | Epsilon:  0.49 | Reward:   0.0 | Average Reward: 1.877 | Steps: 18576 | Total Reward: 137.0|
| Episode:  74 | Epsilon:  0.48 | Reward:   3.0 | Average Reward: 1.892 | Steps: 18889 | Total Reward: 140.0|
| Episode:  75 | Epsilon:  0.48 | Reward:   2.0 | Average Reward: 1.893 | Steps: 19145 | Total Reward: 142.0|
| Episode:  76 | Epsilon:  0.47 | Reward:   3.0 | Average Reward: 1.908 | Steps: 19461 | Total Reward: 145.0|
| Episode:  77 | Epsilon:  0.47 | Reward:   3.0 | Average Reward: 1.922 | Steps: 19772 | Total Reward: 148.0|
| Episode:  78 | Epsilon:  0.47 | Reward:   3.0 | Average Reward: 1.936 | Steps: 20086 | Total Reward: 151.0|
| Episode:  79 | Epsilon:  0.46 | Reward:   2.0 | Average Reward: 1.937 | Steps: 20344 | Total Reward: 153.0|
| Episode:  80 | Epsilon:  0.46 | Reward:   2.0 | Average Reward: 1.938 | Steps: 20592 | Total Reward: 155.0|
| Episode:  81 | Epsilon:  0.46 | Reward:   4.0 | Average Reward: 1.963 | Steps: 20976 | Total Reward: 159.0|
| Episode:  82 | Epsilon:  0.45 | Reward:   2.0 | Average Reward: 1.963 | Steps: 21233 | Total Reward: 161.0|
| Episode:  83 | Epsilon:  0.45 | Reward:   0.0 | Average Reward: 1.940 | Steps: 21385 | Total Reward: 161.0|
| Episode:  84 | Epsilon:  0.45 | Reward:   2.0 | Average Reward: 1.940 | Steps: 21633 | Total Reward: 163.0|
| Episode:  85 | Epsilon:  0.44 | Reward:   0.0 | Average Reward: 1.918 | Steps: 21788 | Total Reward: 163.0|
| Episode:  86 | Epsilon:  0.44 | Reward:   0.0 | Average Reward: 1.895 | Steps: 21942 | Total Reward: 163.0|
| Episode:  87 | Epsilon:  0.44 | Reward:   0.0 | Average Reward: 1.874 | Steps: 22095 | Total Reward: 163.0|
| Episode:  88 | Epsilon:  0.43 | Reward:   3.0 | Average Reward: 1.886 | Steps: 22408 | Total Reward: 166.0|
| Episode:  89 | Epsilon:  0.43 | Reward:   4.0 | Average Reward: 1.910 | Steps: 22798 | Total Reward: 170.0|
| Episode:  90 | Epsilon:  0.43 | Reward:   0.0 | Average Reward: 1.889 | Steps: 22950 | Total Reward: 170.0|
| Episode:  91 | Epsilon:  0.42 | Reward:   2.0 | Average Reward: 1.890 | Steps: 23202 | Total Reward: 172.0|
| Episode:  92 | Epsilon:  0.42 | Reward:   2.0 | Average Reward: 1.891 | Steps: 23465 | Total Reward: 174.0|
| Episode:  93 | Epsilon:  0.42 | Reward:   0.0 | Average Reward: 1.871 | Steps: 23622 | Total Reward: 174.0|
| Episode:  94 | Epsilon:  0.41 | Reward:   0.0 | Average Reward: 1.851 | Steps: 23774 | Total Reward: 174.0|
| Episode:  95 | Epsilon:  0.41 | Reward:   0.0 | Average Reward: 1.832 | Steps: 23925 | Total Reward: 174.0|
| Episode:  96 | Epsilon:  0.41 | Reward:   2.0 | Average Reward: 1.833 | Steps: 24178 | Total Reward: 176.0|
| Episode:  97 | Epsilon:  0.40 | Reward:   2.0 | Average Reward: 1.835 | Steps: 24426 | Total Reward: 178.0|
| Episode:  98 | Epsilon:  0.40 | Reward:   3.0 | Average Reward: 1.847 | Steps: 24741 | Total Reward: 181.0|
| Episode:  99 | Epsilon:  0.40 | Reward:   3.0 | Average Reward: 1.859 | Steps: 25055 | Total Reward: 184.0|
| Episode: 100 | Epsilon:  0.39 | Reward:   2.0 | Average Reward: 1.860 | Steps: 25306 | Total Reward: 186.0|
| Episode: 101 | Epsilon:  0.39 | Reward:   2.0 | Average Reward: 1.880 | Steps: 25555 | Total Reward: 188.0|
| Episode: 102 | Epsilon:  0.39 | Reward:   2.0 | Average Reward: 1.900 | Steps: 25811 | Total Reward: 190.0|
| Episode: 103 | Epsilon:  0.39 | Reward:   2.0 | Average Reward: 1.900 | Steps: 26061 | Total Reward: 192.0|
| Episode: 104 | Epsilon:  0.38 | Reward:   0.0 | Average Reward: 1.880 | Steps: 26217 | Total Reward: 192.0|
| Episode: 105 | Epsilon:  0.38 | Reward:   2.0 | Average Reward: 1.900 | Steps: 26471 | Total Reward: 194.0|
| Episode: 106 | Epsilon:  0.38 | Reward:   0.0 | Average Reward: 1.870 | Steps: 26624 | Total Reward: 194.0|
| Episode: 107 | Epsilon:  0.37 | Reward:   0.0 | Average Reward: 1.850 | Steps: 26777 | Total Reward: 194.0|
| Episode: 108 | Epsilon:  0.37 | Reward:   2.0 | Average Reward: 1.840 | Steps: 27040 | Total Reward: 196.0|
| Episode: 109 | Epsilon:  0.37 | Reward:   0.0 | Average Reward: 1.840 | Steps: 27185 | Total Reward: 196.0|
| Episode: 110 | Epsilon:  0.37 | Reward:   2.0 | Average Reward: 1.810 | Steps: 27434 | Total Reward: 198.0|
| Episode: 111 | Epsilon:  0.36 | Reward:   2.0 | Average Reward: 1.790 | Steps: 27704 | Total Reward: 200.0|
| Episode: 112 | Epsilon:  0.36 | Reward:   2.0 | Average Reward: 1.790 | Steps: 27965 | Total Reward: 202.0|
| Episode: 113 | Epsilon:  0.36 | Reward:   2.0 | Average Reward: 1.800 | Steps: 28219 | Total Reward: 204.0|
| Episode: 114 | Epsilon:  0.36 | Reward:   0.0 | Average Reward: 1.780 | Steps: 28376 | Total Reward: 204.0|
| Episode: 115 | Epsilon:  0.35 | Reward:   2.0 | Average Reward: 1.780 | Steps: 28633 | Total Reward: 206.0|
| Episode: 116 | Epsilon:  0.35 | Reward:   0.0 | Average Reward: 1.780 | Steps: 28786 | Total Reward: 206.0|
| Episode: 117 | Epsilon:  0.35 | Reward:   5.0 | Average Reward: 1.810 | Steps: 29242 | Total Reward: 211.0|
| Episode: 118 | Epsilon:  0.35 | Reward:   2.0 | Average Reward: 1.800 | Steps: 29497 | Total Reward: 213.0|
| Episode: 119 | Epsilon:  0.34 | Reward:   2.0 | Average Reward: 1.800 | Steps: 29750 | Total Reward: 215.0|
| Episode: 120 | Epsilon:  0.34 | Reward:   2.0 | Average Reward: 1.820 | Steps: 30006 | Total Reward: 217.0|
| Episode: 121 | Epsilon:  0.34 | Reward:   2.0 | Average Reward: 1.820 | Steps: 30258 | Total Reward: 219.0|
| Episode: 122 | Epsilon:  0.34 | Reward:   3.0 | Average Reward: 1.830 | Steps: 30576 | Total Reward: 222.0|
| Episode: 123 | Epsilon:  0.33 | Reward:   0.0 | Average Reward: 1.800 | Steps: 30733 | Total Reward: 222.0|
| Episode: 124 | Epsilon:  0.33 | Reward:   2.0 | Average Reward: 1.800 | Steps: 30990 | Total Reward: 224.0|
| Episode: 125 | Epsilon:  0.33 | Reward:   0.0 | Average Reward: 1.780 | Steps: 31143 | Total Reward: 224.0|
| Episode: 126 | Epsilon:  0.33 | Reward:   0.0 | Average Reward: 1.750 | Steps: 31294 | Total Reward: 224.0|
| Episode: 127 | Epsilon:  0.33 | Reward:   2.0 | Average Reward: 1.740 | Steps: 31545 | Total Reward: 226.0|
| Episode: 128 | Epsilon:  0.32 | Reward:   0.0 | Average Reward: 1.720 | Steps: 31693 | Total Reward: 226.0|
| Episode: 129 | Epsilon:  0.32 | Reward:   2.0 | Average Reward: 1.710 | Steps: 31956 | Total Reward: 228.0|
| Episode: 130 | Epsilon:  0.32 | Reward:   4.0 | Average Reward: 1.730 | Steps: 32335 | Total Reward: 232.0|
| Episode: 131 | Epsilon:  0.32 | Reward:   3.0 | Average Reward: 1.760 | Steps: 32663 | Total Reward: 235.0|
| Episode: 132 | Epsilon:  0.31 | Reward:   3.0 | Average Reward: 1.770 | Steps: 32984 | Total Reward: 238.0|
| Episode: 133 | Epsilon:  0.31 | Reward:   2.0 | Average Reward: 1.790 | Steps: 33240 | Total Reward: 240.0|
| Episode: 134 | Epsilon:  0.31 | Reward:   0.0 | Average Reward: 1.750 | Steps: 33398 | Total Reward: 240.0|
| Episode: 135 | Epsilon:  0.31 | Reward:   0.0 | Average Reward: 1.750 | Steps: 33555 | Total Reward: 240.0|
| Episode: 136 | Epsilon:  0.31 | Reward:   4.0 | Average Reward: 1.760 | Steps: 33937 | Total Reward: 244.0|
| Episode: 137 | Epsilon:  0.30 | Reward:   2.0 | Average Reward: 1.760 | Steps: 34187 | Total Reward: 246.0|
| Episode: 138 | Epsilon:  0.30 | Reward:   2.0 | Average Reward: 1.750 | Steps: 34444 | Total Reward: 248.0|
| Episode: 139 | Epsilon:  0.30 | Reward:   0.0 | Average Reward: 1.730 | Steps: 34599 | Total Reward: 248.0|
| Episode: 140 | Epsilon:  0.30 | Reward:   0.0 | Average Reward: 1.730 | Steps: 34759 | Total Reward: 248.0|
| Episode: 141 | Epsilon:  0.30 | Reward:   0.0 | Average Reward: 1.710 | Steps: 34918 | Total Reward: 248.0|
| Episode: 142 | Epsilon:  0.29 | Reward:   0.0 | Average Reward: 1.680 | Steps: 35066 | Total Reward: 248.0|
| Episode: 143 | Epsilon:  0.29 | Reward:   2.0 | Average Reward: 1.670 | Steps: 35311 | Total Reward: 250.0|
| Episode: 144 | Epsilon:  0.29 | Reward:   2.0 | Average Reward: 1.660 | Steps: 35564 | Total Reward: 252.0|
| Episode: 145 | Epsilon:  0.29 | Reward:   2.0 | Average Reward: 1.640 | Steps: 35813 | Total Reward: 254.0|
| Episode: 146 | Epsilon:  0.29 | Reward:   0.0 | Average Reward: 1.640 | Steps: 35965 | Total Reward: 254.0|
| Episode: 147 | Epsilon:  0.28 | Reward:   4.0 | Average Reward: 1.660 | Steps: 36349 | Total Reward: 258.0|
| Episode: 148 | Epsilon:  0.28 | Reward:   0.0 | Average Reward: 1.660 | Steps: 36509 | Total Reward: 258.0|
| Episode: 149 | Epsilon:  0.28 | Reward:   3.0 | Average Reward: 1.670 | Steps: 36818 | Total Reward: 261.0|
| Episode: 150 | Epsilon:  0.28 | Reward:   0.0 | Average Reward: 1.670 | Steps: 36981 | Total Reward: 261.0|
| Episode: 151 | Epsilon:  0.28 | Reward:   2.0 | Average Reward: 1.690 | Steps: 37235 | Total Reward: 263.0|
| Episode: 152 | Epsilon:  0.28 | Reward:   0.0 | Average Reward: 1.670 | Steps: 37389 | Total Reward: 263.0|
| Episode: 153 | Epsilon:  0.27 | Reward:   4.0 | Average Reward: 1.710 | Steps: 37766 | Total Reward: 267.0|
| Episode: 154 | Epsilon:  0.27 | Reward:   0.0 | Average Reward: 1.680 | Steps: 37917 | Total Reward: 267.0|
| Episode: 155 | Epsilon:  0.27 | Reward:   2.0 | Average Reward: 1.700 | Steps: 38170 | Total Reward: 269.0|
| Episode: 156 | Epsilon:  0.27 | Reward:   2.0 | Average Reward: 1.690 | Steps: 38423 | Total Reward: 271.0|
| Episode: 157 | Epsilon:  0.27 | Reward:   0.0 | Average Reward: 1.650 | Steps: 38573 | Total Reward: 271.0|
| Episode: 158 | Epsilon:  0.27 | Reward:   4.0 | Average Reward: 1.650 | Steps: 38954 | Total Reward: 275.0|
| Episode: 159 | Epsilon:  0.26 | Reward:   4.0 | Average Reward: 1.660 | Steps: 39332 | Total Reward: 279.0|
| Episode: 160 | Epsilon:  0.26 | Reward:   3.0 | Average Reward: 1.670 | Steps: 39662 | Total Reward: 282.0|
| Episode: 161 | Epsilon:  0.26 | Reward:   2.0 | Average Reward: 1.690 | Steps: 39918 | Total Reward: 284.0|
| Episode: 162 | Epsilon:  0.26 | Reward:   3.0 | Average Reward: 1.690 | Steps: 40240 | Total Reward: 287.0|
| Episode: 163 | Epsilon:  0.26 | Reward:   0.0 | Average Reward: 1.670 | Steps: 40389 | Total Reward: 287.0|
| Episode: 164 | Epsilon:  0.26 | Reward:   2.0 | Average Reward: 1.670 | Steps: 40645 | Total Reward: 289.0|
| Episode: 165 | Epsilon:  0.25 | Reward:   3.0 | Average Reward: 1.700 | Steps: 40963 | Total Reward: 292.0|
| Episode: 166 | Epsilon:  0.25 | Reward:   0.0 | Average Reward: 1.670 | Steps: 41113 | Total Reward: 292.0|
| Episode: 167 | Epsilon:  0.25 | Reward:   2.0 | Average Reward: 1.670 | Steps: 41363 | Total Reward: 294.0|
| Episode: 168 | Epsilon:  0.25 | Reward:   3.0 | Average Reward: 1.670 | Steps: 41677 | Total Reward: 297.0|
| Episode: 169 | Epsilon:  0.25 | Reward:   2.0 | Average Reward: 1.690 | Steps: 41923 | Total Reward: 299.0|
| Episode: 170 | Epsilon:  0.25 | Reward:   4.0 | Average Reward: 1.730 | Steps: 42305 | Total Reward: 303.0|
| Episode: 171 | Epsilon:  0.24 | Reward:   2.0 | Average Reward: 1.710 | Steps: 42554 | Total Reward: 305.0|
| Episode: 172 | Epsilon:  0.24 | Reward:   2.0 | Average Reward: 1.700 | Steps: 42812 | Total Reward: 307.0|
| Episode: 173 | Epsilon:  0.24 | Reward:   4.0 | Average Reward: 1.740 | Steps: 43193 | Total Reward: 311.0|
| Episode: 174 | Epsilon:  0.24 | Reward:   0.0 | Average Reward: 1.710 | Steps: 43345 | Total Reward: 311.0|
| Episode: 175 | Epsilon:  0.24 | Reward:   0.0 | Average Reward: 1.690 | Steps: 43502 | Total Reward: 311.0|
| Episode: 176 | Epsilon:  0.24 | Reward:   0.0 | Average Reward: 1.660 | Steps: 43650 | Total Reward: 311.0|
| Episode: 177 | Epsilon:  0.24 | Reward:   2.0 | Average Reward: 1.650 | Steps: 43903 | Total Reward: 313.0|
| Episode: 178 | Epsilon:  0.24 | Reward:   5.0 | Average Reward: 1.670 | Steps: 44355 | Total Reward: 318.0|
| Episode: 179 | Epsilon:  0.23 | Reward:   3.0 | Average Reward: 1.680 | Steps: 44672 | Total Reward: 321.0|
| Episode: 180 | Epsilon:  0.23 | Reward:   3.0 | Average Reward: 1.690 | Steps: 44986 | Total Reward: 324.0|
| Episode: 181 | Epsilon:  0.23 | Reward:   2.0 | Average Reward: 1.670 | Steps: 45242 | Total Reward: 326.0|
| Episode: 182 | Epsilon:  0.23 | Reward:   0.0 | Average Reward: 1.650 | Steps: 45402 | Total Reward: 326.0|
| Episode: 183 | Epsilon:  0.23 | Reward:   3.0 | Average Reward: 1.680 | Steps: 45718 | Total Reward: 329.0|
| Episode: 184 | Epsilon:  0.23 | Reward:   2.0 | Average Reward: 1.680 | Steps: 45968 | Total Reward: 331.0|
| Episode: 185 | Epsilon:  0.23 | Reward:   4.0 | Average Reward: 1.720 | Steps: 46361 | Total Reward: 335.0|
| Episode: 186 | Epsilon:  0.22 | Reward:   2.0 | Average Reward: 1.740 | Steps: 46610 | Total Reward: 337.0|
| Episode: 187 | Epsilon:  0.22 | Reward:   3.0 | Average Reward: 1.770 | Steps: 46932 | Total Reward: 340.0|
| Episode: 188 | Epsilon:  0.22 | Reward:   2.0 | Average Reward: 1.760 | Steps: 47181 | Total Reward: 342.0|
| Episode: 189 | Epsilon:  0.22 | Reward:   2.0 | Average Reward: 1.740 | Steps: 47436 | Total Reward: 344.0|
| Episode: 190 | Epsilon:  0.22 | Reward:   2.0 | Average Reward: 1.760 | Steps: 47691 | Total Reward: 346.0|
| Episode: 191 | Epsilon:  0.22 | Reward:   2.0 | Average Reward: 1.760 | Steps: 47947 | Total Reward: 348.0|
| Episode: 192 | Epsilon:  0.22 | Reward:   0.0 | Average Reward: 1.740 | Steps: 48104 | Total Reward: 348.0|
| Episode: 193 | Epsilon:  0.22 | Reward:   3.0 | Average Reward: 1.770 | Steps: 48415 | Total Reward: 351.0|
| Episode: 194 | Epsilon:  0.22 | Reward:   2.0 | Average Reward: 1.790 | Steps: 48667 | Total Reward: 353.0|
| Episode: 195 | Epsilon:  0.21 | Reward:   2.0 | Average Reward: 1.810 | Steps: 48921 | Total Reward: 355.0|
| Episode: 196 | Epsilon:  0.21 | Reward:   2.0 | Average Reward: 1.810 | Steps: 49178 | Total Reward: 357.0|
| Episode: 197 | Epsilon:  0.21 | Reward:   2.0 | Average Reward: 1.810 | Steps: 49428 | Total Reward: 359.0|
| Episode: 198 | Epsilon:  0.21 | Reward:   2.0 | Average Reward: 1.800 | Steps: 49685 | Total Reward: 361.0|
| Episode: 199 | Epsilon:  0.21 | Reward:   2.0 | Average Reward: 1.790 | Steps: 49936 | Total Reward: 363.0|
| Episode: 200 | Epsilon:  0.21 | Reward:   3.0 | Average Reward: 1.800 | Steps: 50258 | Total Reward: 366.0|
| Episode: 201 | Epsilon:  0.21 | Reward:   2.0 | Average Reward: 1.800 | Steps: 50517 | Total Reward: 368.0|
| Episode: 202 | Epsilon:  0.21 | Reward:   2.0 | Average Reward: 1.800 | Steps: 50795 | Total Reward: 370.0|
| Episode: 203 | Epsilon:  0.21 | Reward:   2.0 | Average Reward: 1.800 | Steps: 51045 | Total Reward: 372.0|
| Episode: 204 | Epsilon:  0.20 | Reward:   2.0 | Average Reward: 1.820 | Steps: 51300 | Total Reward: 374.0|
| Episode: 205 | Epsilon:  0.20 | Reward:   2.0 | Average Reward: 1.820 | Steps: 51567 | Total Reward: 376.0|
| Episode: 206 | Epsilon:  0.20 | Reward:   3.0 | Average Reward: 1.850 | Steps: 51890 | Total Reward: 379.0|
| Episode: 207 | Epsilon:  0.20 | Reward:   2.0 | Average Reward: 1.870 | Steps: 52141 | Total Reward: 381.0|
| Episode: 208 | Epsilon:  0.20 | Reward:   2.0 | Average Reward: 1.870 | Steps: 52401 | Total Reward: 383.0|
| Episode: 209 | Epsilon:  0.20 | Reward:   0.0 | Average Reward: 1.870 | Steps: 52548 | Total Reward: 383.0|
| Episode: 210 | Epsilon:  0.20 | Reward:   3.0 | Average Reward: 1.880 | Steps: 52863 | Total Reward: 386.0|
| Episode: 211 | Epsilon:  0.20 | Reward:   2.0 | Average Reward: 1.880 | Steps: 53122 | Total Reward: 388.0|
| Episode: 212 | Epsilon:  0.20 | Reward:   0.0 | Average Reward: 1.860 | Steps: 53273 | Total Reward: 388.0|
| Episode: 213 | Epsilon:  0.20 | Reward:   2.0 | Average Reward: 1.860 | Steps: 53518 | Total Reward: 390.0|
| Episode: 214 | Epsilon:  0.19 | Reward:   3.0 | Average Reward: 1.890 | Steps: 53837 | Total Reward: 393.0|
| Episode: 215 | Epsilon:  0.19 | Reward:   2.0 | Average Reward: 1.890 | Steps: 54086 | Total Reward: 395.0|
| Episode: 216 | Epsilon:  0.19 | Reward:   4.0 | Average Reward: 1.930 | Steps: 54477 | Total Reward: 399.0|
| Episode: 217 | Epsilon:  0.19 | Reward:   2.0 | Average Reward: 1.900 | Steps: 54728 | Total Reward: 401.0|
| Episode: 218 | Epsilon:  0.19 | Reward:   3.0 | Average Reward: 1.910 | Steps: 55061 | Total Reward: 404.0|
| Episode: 219 | Epsilon:  0.19 | Reward:   3.0 | Average Reward: 1.920 | Steps: 55380 | Total Reward: 407.0|
| Episode: 220 | Epsilon:  0.19 | Reward:   3.0 | Average Reward: 1.930 | Steps: 55738 | Total Reward: 410.0|
| Episode: 221 | Epsilon:  0.19 | Reward:   3.0 | Average Reward: 1.940 | Steps: 56059 | Total Reward: 413.0|
| Episode: 222 | Epsilon:  0.19 | Reward:   3.0 | Average Reward: 1.940 | Steps: 56375 | Total Reward: 416.0|
| Episode: 223 | Epsilon:  0.19 | Reward:   0.0 | Average Reward: 1.940 | Steps: 56525 | Total Reward: 416.0|
| Episode: 224 | Epsilon:  0.19 | Reward:   3.0 | Average Reward: 1.950 | Steps: 56839 | Total Reward: 419.0|
| Episode: 225 | Epsilon:  0.18 | Reward:   2.0 | Average Reward: 1.970 | Steps: 57118 | Total Reward: 421.0|
| Episode: 226 | Epsilon:  0.18 | Reward:   3.0 | Average Reward: 2.000 | Steps: 57439 | Total Reward: 424.0|
| Episode: 227 | Epsilon:  0.18 | Reward:   3.0 | Average Reward: 2.010 | Steps: 57758 | Total Reward: 427.0|
| Episode: 228 | Epsilon:  0.18 | Reward:   0.0 | Average Reward: 2.010 | Steps: 57909 | Total Reward: 427.0|
| Episode: 229 | Epsilon:  0.18 | Reward:   2.0 | Average Reward: 2.010 | Steps: 58166 | Total Reward: 429.0|
| Episode: 230 | Epsilon:  0.18 | Reward:   2.0 | Average Reward: 1.990 | Steps: 58425 | Total Reward: 431.0|
| Episode: 231 | Epsilon:  0.18 | Reward:   2.0 | Average Reward: 1.980 | Steps: 58726 | Total Reward: 433.0|
| Episode: 232 | Epsilon:  0.18 | Reward:   2.0 | Average Reward: 1.970 | Steps: 58973 | Total Reward: 435.0|
| Episode: 233 | Epsilon:  0.18 | Reward:   4.0 | Average Reward: 1.990 | Steps: 59355 | Total Reward: 439.0|
| Episode: 234 | Epsilon:  0.18 | Reward:   3.0 | Average Reward: 2.020 | Steps: 59668 | Total Reward: 442.0|
| Episode: 235 | Epsilon:  0.18 | Reward:   2.0 | Average Reward: 2.040 | Steps: 59926 | Total Reward: 444.0|
| Episode: 236 | Epsilon:  0.18 | Reward:   3.0 | Average Reward: 2.030 | Steps: 60241 | Total Reward: 447.0|
| Episode: 237 | Epsilon:  0.17 | Reward:   3.0 | Average Reward: 2.040 | Steps: 60563 | Total Reward: 450.0|
| Episode: 238 | Epsilon:  0.17 | Reward:   2.0 | Average Reward: 2.040 | Steps: 60811 | Total Reward: 452.0|
| Episode: 239 | Epsilon:  0.17 | Reward:   2.0 | Average Reward: 2.060 | Steps: 61070 | Total Reward: 454.0|
| Episode: 240 | Epsilon:  0.17 | Reward:   0.0 | Average Reward: 2.060 | Steps: 61225 | Total Reward: 454.0|
| Episode: 241 | Epsilon:  0.17 | Reward:   3.0 | Average Reward: 2.090 | Steps: 61540 | Total Reward: 457.0|
| Episode: 242 | Epsilon:  0.17 | Reward:   3.0 | Average Reward: 2.120 | Steps: 61866 | Total Reward: 460.0|
| Episode: 243 | Epsilon:  0.17 | Reward:   3.0 | Average Reward: 2.130 | Steps: 62185 | Total Reward: 463.0|
| Episode: 244 | Epsilon:  0.17 | Reward:   3.0 | Average Reward: 2.140 | Steps: 62506 | Total Reward: 466.0|
| Episode: 245 | Epsilon:  0.17 | Reward:   2.0 | Average Reward: 2.140 | Steps: 62760 | Total Reward: 468.0|
| Episode: 246 | Epsilon:  0.17 | Reward:   2.0 | Average Reward: 2.160 | Steps: 63016 | Total Reward: 470.0|
| Episode: 247 | Epsilon:  0.17 | Reward:   0.0 | Average Reward: 2.120 | Steps: 63168 | Total Reward: 470.0|
| Episode: 248 | Epsilon:  0.17 | Reward:   2.0 | Average Reward: 2.140 | Steps: 63423 | Total Reward: 472.0|
| Episode: 249 | Epsilon:  0.17 | Reward:   0.0 | Average Reward: 2.110 | Steps: 63574 | Total Reward: 472.0|
| Episode: 250 | Epsilon:  0.17 | Reward:   3.0 | Average Reward: 2.140 | Steps: 63892 | Total Reward: 475.0|
| Episode: 251 | Epsilon:  0.17 | Reward:   2.0 | Average Reward: 2.140 | Steps: 64148 | Total Reward: 477.0|
| Episode: 252 | Epsilon:  0.16 | Reward:   0.0 | Average Reward: 2.140 | Steps: 64301 | Total Reward: 477.0|
| Episode: 253 | Epsilon:  0.16 | Reward:   0.0 | Average Reward: 2.100 | Steps: 64455 | Total Reward: 477.0|
| Episode: 254 | Epsilon:  0.16 | Reward:   0.0 | Average Reward: 2.100 | Steps: 64603 | Total Reward: 477.0|
| Episode: 255 | Epsilon:  0.16 | Reward:   0.0 | Average Reward: 2.080 | Steps: 64768 | Total Reward: 477.0|
| Episode: 256 | Epsilon:  0.16 | Reward:   2.0 | Average Reward: 2.080 | Steps: 65017 | Total Reward: 479.0|
| Episode: 257 | Epsilon:  0.16 | Reward:   4.0 | Average Reward: 2.120 | Steps: 65399 | Total Reward: 483.0|
| Episode: 258 | Epsilon:  0.16 | Reward:   0.0 | Average Reward: 2.080 | Steps: 65554 | Total Reward: 483.0|
| Episode: 259 | Epsilon:  0.16 | Reward:   0.0 | Average Reward: 2.040 | Steps: 65712 | Total Reward: 483.0|
| Episode: 260 | Epsilon:  0.16 | Reward:   3.0 | Average Reward: 2.040 | Steps: 66029 | Total Reward: 486.0|
| Episode: 261 | Epsilon:  0.16 | Reward:   3.0 | Average Reward: 2.050 | Steps: 66348 | Total Reward: 489.0|
| Episode: 262 | Epsilon:  0.16 | Reward:   3.0 | Average Reward: 2.050 | Steps: 66721 | Total Reward: 492.0|
| Episode: 263 | Epsilon:  0.16 | Reward:   0.0 | Average Reward: 2.050 | Steps: 66870 | Total Reward: 492.0|
| Episode: 264 | Epsilon:  0.16 | Reward:   2.0 | Average Reward: 2.050 | Steps: 67193 | Total Reward: 494.0|
| Episode: 265 | Epsilon:  0.16 | Reward:   2.0 | Average Reward: 2.040 | Steps: 67450 | Total Reward: 496.0|
| Episode: 266 | Epsilon:  0.16 | Reward:   2.0 | Average Reward: 2.060 | Steps: 67737 | Total Reward: 498.0|
| Episode: 267 | Epsilon:  0.16 | Reward:   3.0 | Average Reward: 2.070 | Steps: 68058 | Total Reward: 501.0|
| Episode: 268 | Epsilon:  0.15 | Reward:   4.0 | Average Reward: 2.080 | Steps: 68449 | Total Reward: 505.0|
| Episode: 269 | Epsilon:  0.15 | Reward:   2.0 | Average Reward: 2.080 | Steps: 68707 | Total Reward: 507.0|
| Episode: 270 | Epsilon:  0.15 | Reward:   0.0 | Average Reward: 2.040 | Steps: 68916 | Total Reward: 507.0|
| Episode: 271 | Epsilon:  0.15 | Reward:   0.0 | Average Reward: 2.020 | Steps: 69067 | Total Reward: 507.0|
| Episode: 272 | Epsilon:  0.15 | Reward:   3.0 | Average Reward: 2.030 | Steps: 69387 | Total Reward: 510.0|
| Episode: 273 | Epsilon:  0.15 | Reward:   2.0 | Average Reward: 2.010 | Steps: 69639 | Total Reward: 512.0|
| Episode: 274 | Epsilon:  0.15 | Reward:   0.0 | Average Reward: 2.010 | Steps: 69789 | Total Reward: 512.0|
| Episode: 275 | Epsilon:  0.15 | Reward:   0.0 | Average Reward: 2.010 | Steps: 69944 | Total Reward: 512.0|
| Episode: 276 | Epsilon:  0.15 | Reward:   0.0 | Average Reward: 2.010 | Steps: 70098 | Total Reward: 512.0|
| Episode: 277 | Epsilon:  0.15 | Reward:   2.0 | Average Reward: 2.010 | Steps: 70362 | Total Reward: 514.0|
| Episode: 278 | Epsilon:  0.15 | Reward:   0.0 | Average Reward: 1.960 | Steps: 70508 | Total Reward: 514.0|
| Episode: 279 | Epsilon:  0.15 | Reward:   2.0 | Average Reward: 1.950 | Steps: 70761 | Total Reward: 516.0|
| Episode: 280 | Epsilon:  0.15 | Reward:   3.0 | Average Reward: 1.950 | Steps: 71076 | Total Reward: 519.0|
| Episode: 281 | Epsilon:  0.15 | Reward:   3.0 | Average Reward: 1.960 | Steps: 71397 | Total Reward: 522.0|
| Episode: 282 | Epsilon:  0.15 | Reward:   2.0 | Average Reward: 1.980 | Steps: 71653 | Total Reward: 524.0|
| Episode: 283 | Epsilon:  0.15 | Reward:   3.0 | Average Reward: 1.980 | Steps: 71967 | Total Reward: 527.0|
| Episode: 284 | Epsilon:  0.15 | Reward:   0.0 | Average Reward: 1.960 | Steps: 72118 | Total Reward: 527.0|
| Episode: 285 | Epsilon:  0.15 | Reward:   2.0 | Average Reward: 1.940 | Steps: 72376 | Total Reward: 529.0|
| Episode: 286 | Epsilon:  0.15 | Reward:   2.0 | Average Reward: 1.940 | Steps: 72633 | Total Reward: 531.0|
| Episode: 287 | Epsilon:  0.15 | Reward:   2.0 | Average Reward: 1.930 | Steps: 72888 | Total Reward: 533.0|
| Episode: 288 | Epsilon:  0.14 | Reward:   4.0 | Average Reward: 1.950 | Steps: 73268 | Total Reward: 537.0|
| Episode: 289 | Epsilon:  0.14 | Reward:   2.0 | Average Reward: 1.950 | Steps: 73524 | Total Reward: 539.0|
| Episode: 290 | Epsilon:  0.14 | Reward:   3.0 | Average Reward: 1.960 | Steps: 73844 | Total Reward: 542.0|
| Episode: 291 | Epsilon:  0.14 | Reward:   0.0 | Average Reward: 1.940 | Steps: 73993 | Total Reward: 542.0|
| Episode: 292 | Epsilon:  0.14 | Reward:   3.0 | Average Reward: 1.970 | Steps: 74301 | Total Reward: 545.0|
| Episode: 293 | Epsilon:  0.14 | Reward:   2.0 | Average Reward: 1.960 | Steps: 74559 | Total Reward: 547.0|
| Episode: 294 | Epsilon:  0.14 | Reward:   2.0 | Average Reward: 1.960 | Steps: 74809 | Total Reward: 549.0|
| Episode: 295 | Epsilon:  0.14 | Reward:   3.0 | Average Reward: 1.970 | Steps: 75126 | Total Reward: 552.0|
| Episode: 296 | Epsilon:  0.14 | Reward:   2.0 | Average Reward: 1.970 | Steps: 75378 | Total Reward: 554.0|
| Episode: 297 | Epsilon:  0.14 | Reward:   3.0 | Average Reward: 1.980 | Steps: 75697 | Total Reward: 557.0|
| Episode: 298 | Epsilon:  0.14 | Reward:   2.0 | Average Reward: 1.980 | Steps: 75958 | Total Reward: 559.0|
| Episode: 299 | Epsilon:  0.14 | Reward:   3.0 | Average Reward: 1.990 | Steps: 76270 | Total Reward: 562.0|
| Episode: 300 | Epsilon:  0.14 | Reward:   2.0 | Average Reward: 1.980 | Steps: 76525 | Total Reward: 564.0|
| Episode: 301 | Epsilon:  0.14 | Reward:   3.0 | Average Reward: 1.990 | Steps: 76832 | Total Reward: 567.0|
| Episode: 302 | Epsilon:  0.14 | Reward:   2.0 | Average Reward: 1.990 | Steps: 77082 | Total Reward: 569.0|
| Episode: 303 | Epsilon:  0.14 | Reward:   2.0 | Average Reward: 1.990 | Steps: 77341 | Total Reward: 571.0|
| Episode: 304 | Epsilon:  0.14 | Reward:   2.0 | Average Reward: 1.990 | Steps: 77593 | Total Reward: 573.0|
| Episode: 305 | Epsilon:  0.14 | Reward:   4.0 | Average Reward: 2.010 | Steps: 77977 | Total Reward: 577.0|
| Episode: 306 | Epsilon:  0.14 | Reward:   2.0 | Average Reward: 2.000 | Steps: 78235 | Total Reward: 579.0|
| Episode: 307 | Epsilon:  0.14 | Reward:   3.0 | Average Reward: 2.010 | Steps: 78547 | Total Reward: 582.0|
| Episode: 308 | Epsilon:  0.14 | Reward:   4.0 | Average Reward: 2.030 | Steps: 78995 | Total Reward: 586.0|
| Episode: 309 | Epsilon:  0.14 | Reward:   3.0 | Average Reward: 2.060 | Steps: 79309 | Total Reward: 589.0|
| Episode: 310 | Epsilon:  0.14 | Reward:   0.0 | Average Reward: 2.030 | Steps: 79464 | Total Reward: 589.0|
| Episode: 311 | Epsilon:  0.14 | Reward:   0.0 | Average Reward: 2.010 | Steps: 79635 | Total Reward: 589.0|
| Episode: 312 | Epsilon:  0.14 | Reward:   2.0 | Average Reward: 2.030 | Steps: 79888 | Total Reward: 591.0|
| Episode: 313 | Epsilon:  0.14 | Reward:   0.0 | Average Reward: 2.010 | Steps: 80045 | Total Reward: 591.0|
| Episode: 314 | Epsilon:  0.13 | Reward:   5.0 | Average Reward: 2.030 | Steps: 80496 | Total Reward: 596.0|
| Episode: 315 | Epsilon:  0.13 | Reward:   3.0 | Average Reward: 2.040 | Steps: 80809 | Total Reward: 599.0|
| Episode: 316 | Epsilon:  0.13 | Reward:   3.0 | Average Reward: 2.030 | Steps: 81121 | Total Reward: 602.0|
| Episode: 317 | Epsilon:  0.13 | Reward:   0.0 | Average Reward: 2.010 | Steps: 81273 | Total Reward: 602.0|
| Episode: 318 | Epsilon:  0.13 | Reward:   3.0 | Average Reward: 2.010 | Steps: 81591 | Total Reward: 605.0|
| Episode: 319 | Epsilon:  0.13 | Reward:   3.0 | Average Reward: 2.010 | Steps: 81901 | Total Reward: 608.0|
| Episode: 320 | Epsilon:  0.13 | Reward:   3.0 | Average Reward: 2.010 | Steps: 82227 | Total Reward: 611.0|
| Episode: 321 | Epsilon:  0.13 | Reward:   0.0 | Average Reward: 1.980 | Steps: 82385 | Total Reward: 611.0|
| Episode: 322 | Epsilon:  0.13 | Reward:   3.0 | Average Reward: 1.980 | Steps: 82694 | Total Reward: 614.0|
| Episode: 323 | Epsilon:  0.13 | Reward:   3.0 | Average Reward: 2.010 | Steps: 83071 | Total Reward: 617.0|
| Episode: 324 | Epsilon:  0.13 | Reward:   2.0 | Average Reward: 2.000 | Steps: 83322 | Total Reward: 619.0|
| Episode: 325 | Epsilon:  0.13 | Reward:   0.0 | Average Reward: 1.980 | Steps: 83479 | Total Reward: 619.0|
| Episode: 326 | Epsilon:  0.13 | Reward:   2.0 | Average Reward: 1.970 | Steps: 83735 | Total Reward: 621.0|
| Episode: 327 | Epsilon:  0.13 | Reward:   0.0 | Average Reward: 1.940 | Steps: 83885 | Total Reward: 621.0|
| Episode: 328 | Epsilon:  0.13 | Reward:   3.0 | Average Reward: 1.970 | Steps: 84209 | Total Reward: 624.0|
| Episode: 329 | Epsilon:  0.13 | Reward:   2.0 | Average Reward: 1.970 | Steps: 84459 | Total Reward: 626.0|
| Episode: 330 | Epsilon:  0.13 | Reward:   0.0 | Average Reward: 1.950 | Steps: 84615 | Total Reward: 626.0|
| Episode: 331 | Epsilon:  0.13 | Reward:   3.0 | Average Reward: 1.960 | Steps: 85004 | Total Reward: 629.0|
| Episode: 332 | Epsilon:  0.13 | Reward:   0.0 | Average Reward: 1.940 | Steps: 85182 | Total Reward: 629.0|
| Episode: 333 | Epsilon:  0.13 | Reward:   2.0 | Average Reward: 1.920 | Steps: 85429 | Total Reward: 631.0|
| Episode: 334 | Epsilon:  0.13 | Reward:   2.0 | Average Reward: 1.910 | Steps: 85678 | Total Reward: 633.0|
| Episode: 335 | Epsilon:  0.13 | Reward:   2.0 | Average Reward: 1.910 | Steps: 85930 | Total Reward: 635.0|
| Episode: 336 | Epsilon:  0.13 | Reward:   3.0 | Average Reward: 1.910 | Steps: 86243 | Total Reward: 638.0|
| Episode: 337 | Epsilon:  0.13 | Reward:   2.0 | Average Reward: 1.900 | Steps: 86500 | Total Reward: 640.0|
| Episode: 338 | Epsilon:  0.13 | Reward:   2.0 | Average Reward: 1.900 | Steps: 86751 | Total Reward: 642.0|
| Episode: 339 | Epsilon:  0.13 | Reward:   2.0 | Average Reward: 1.900 | Steps: 87006 | Total Reward: 644.0|
| Episode: 340 | Epsilon:  0.13 | Reward:   3.0 | Average Reward: 1.930 | Steps: 87327 | Total Reward: 647.0|
| Episode: 341 | Epsilon:  0.13 | Reward:   3.0 | Average Reward: 1.930 | Steps: 87642 | Total Reward: 650.0|
| Episode: 342 | Epsilon:  0.13 | Reward:   2.0 | Average Reward: 1.920 | Steps: 87923 | Total Reward: 652.0|
| Episode: 343 | Epsilon:  0.13 | Reward:   5.0 | Average Reward: 1.940 | Steps: 88385 | Total Reward: 657.0|
| Episode: 344 | Epsilon:  0.13 | Reward:   3.0 | Average Reward: 1.940 | Steps: 88706 | Total Reward: 660.0|
| Episode: 345 | Epsilon:  0.13 | Reward:   4.0 | Average Reward: 1.960 | Steps: 89085 | Total Reward: 664.0|
| Episode: 346 | Epsilon:  0.13 | Reward:   0.0 | Average Reward: 1.940 | Steps: 89236 | Total Reward: 664.0|
| Episode: 347 | Epsilon:  0.12 | Reward:   0.0 | Average Reward: 1.940 | Steps: 89388 | Total Reward: 664.0|
| Episode: 348 | Epsilon:  0.12 | Reward:   2.0 | Average Reward: 1.940 | Steps: 89722 | Total Reward: 666.0|
| Episode: 349 | Epsilon:  0.12 | Reward:   3.0 | Average Reward: 1.970 | Steps: 90044 | Total Reward: 669.0|
| Episode: 350 | Epsilon:  0.12 | Reward:   3.0 | Average Reward: 1.970 | Steps: 90366 | Total Reward: 672.0|
| Episode: 351 | Epsilon:  0.12 | Reward:   2.0 | Average Reward: 1.970 | Steps: 90618 | Total Reward: 674.0|
| Episode: 352 | Epsilon:  0.12 | Reward:   0.0 | Average Reward: 1.970 | Steps: 90776 | Total Reward: 674.0|
| Episode: 353 | Epsilon:  0.12 | Reward:   0.0 | Average Reward: 1.970 | Steps: 90932 | Total Reward: 674.0|
| Episode: 354 | Epsilon:  0.12 | Reward:   4.0 | Average Reward: 2.010 | Steps: 91329 | Total Reward: 678.0|
| Episode: 355 | Epsilon:  0.12 | Reward:   3.0 | Average Reward: 2.040 | Steps: 91679 | Total Reward: 681.0|
| Episode: 356 | Epsilon:  0.12 | Reward:   0.0 | Average Reward: 2.020 | Steps: 91833 | Total Reward: 681.0|
| Episode: 357 | Epsilon:  0.12 | Reward:   3.0 | Average Reward: 2.010 | Steps: 92149 | Total Reward: 684.0|
| Episode: 358 | Epsilon:  0.12 | Reward:   0.0 | Average Reward: 2.010 | Steps: 92303 | Total Reward: 684.0|
| Episode: 359 | Epsilon:  0.12 | Reward:   0.0 | Average Reward: 2.010 | Steps: 92466 | Total Reward: 684.0|
| Episode: 360 | Epsilon:  0.12 | Reward:   3.0 | Average Reward: 2.010 | Steps: 92790 | Total Reward: 687.0|
| Episode: 361 | Epsilon:  0.12 | Reward:   2.0 | Average Reward: 2.000 | Steps: 93048 | Total Reward: 689.0|
| Episode: 362 | Epsilon:  0.12 | Reward:   2.0 | Average Reward: 1.990 | Steps: 93303 | Total Reward: 691.0|
| Episode: 363 | Epsilon:  0.12 | Reward:   2.0 | Average Reward: 2.010 | Steps: 93559 | Total Reward: 693.0|
| Episode: 364 | Epsilon:  0.12 | Reward:   3.0 | Average Reward: 2.020 | Steps: 93880 | Total Reward: 696.0|
| Episode: 365 | Epsilon:  0.12 | Reward:   0.0 | Average Reward: 2.000 | Steps: 94032 | Total Reward: 696.0|
| Episode: 366 | Epsilon:  0.12 | Reward:   2.0 | Average Reward: 2.000 | Steps: 94290 | Total Reward: 698.0|
| Episode: 367 | Epsilon:  0.12 | Reward:   3.0 | Average Reward: 2.000 | Steps: 94702 | Total Reward: 701.0|
| Episode: 368 | Epsilon:  0.12 | Reward:   2.0 | Average Reward: 1.980 | Steps: 94953 | Total Reward: 703.0|
| Episode: 369 | Epsilon:  0.12 | Reward:   2.0 | Average Reward: 1.980 | Steps: 95212 | Total Reward: 705.0|
| Episode: 370 | Epsilon:  0.12 | Reward:   2.0 | Average Reward: 2.000 | Steps: 95504 | Total Reward: 707.0|
| Episode: 371 | Epsilon:  0.12 | Reward:   0.0 | Average Reward: 2.000 | Steps: 95663 | Total Reward: 707.0|
| Episode: 372 | Epsilon:  0.12 | Reward:   2.0 | Average Reward: 1.990 | Steps: 95916 | Total Reward: 709.0|
| Episode: 373 | Epsilon:  0.12 | Reward:   3.0 | Average Reward: 2.000 | Steps: 96234 | Total Reward: 712.0|
| Episode: 374 | Epsilon:  0.12 | Reward:   2.0 | Average Reward: 2.020 | Steps: 96497 | Total Reward: 714.0|
| Episode: 375 | Epsilon:  0.12 | Reward:   3.0 | Average Reward: 2.050 | Steps: 96815 | Total Reward: 717.0|
| Episode: 376 | Epsilon:  0.12 | Reward:   0.0 | Average Reward: 2.050 | Steps: 96971 | Total Reward: 717.0|
| Episode: 377 | Epsilon:  0.12 | Reward:   2.0 | Average Reward: 2.050 | Steps: 97221 | Total Reward: 719.0|
| Episode: 378 | Epsilon:  0.12 | Reward:   3.0 | Average Reward: 2.080 | Steps: 97549 | Total Reward: 722.0|
| Episode: 379 | Epsilon:  0.12 | Reward:   2.0 | Average Reward: 2.080 | Steps: 97807 | Total Reward: 724.0|
| Episode: 380 | Epsilon:  0.12 | Reward:   2.0 | Average Reward: 2.070 | Steps: 98058 | Total Reward: 726.0|
| Episode: 381 | Epsilon:  0.12 | Reward:   0.0 | Average Reward: 2.040 | Steps: 98216 | Total Reward: 726.0|
| Episode: 382 | Epsilon:  0.12 | Reward:   3.0 | Average Reward: 2.050 | Steps: 98533 | Total Reward: 729.0|
| Episode: 383 | Epsilon:  0.12 | Reward:   0.0 | Average Reward: 2.020 | Steps: 98690 | Total Reward: 729.0|
| Episode: 384 | Epsilon:  0.12 | Reward:   4.0 | Average Reward: 2.060 | Steps: 99063 | Total Reward: 733.0|
| Episode: 385 | Epsilon:  0.12 | Reward:   0.0 | Average Reward: 2.040 | Steps: 99217 | Total Reward: 733.0|
| Episode: 386 | Epsilon:  0.12 | Reward:   4.0 | Average Reward: 2.060 | Steps: 99597 | Total Reward: 737.0|
| Episode: 387 | Epsilon:  0.12 | Reward:   3.0 | Average Reward: 2.070 | Steps: 99911 | Total Reward: 740.0|
| Episode: 388 | Epsilon:  0.12 | Reward:   2.0 | Average Reward: 2.050 | Steps: 100160 | Total Reward: 742.0|
| Episode: 389 | Epsilon:  0.12 | Reward:   3.0 | Average Reward: 2.060 | Steps: 100482 | Total Reward: 745.0|
| Episode: 390 | Epsilon:  0.12 | Reward:   2.0 | Average Reward: 2.050 | Steps: 100738 | Total Reward: 747.0|
| Episode: 391 | Epsilon:  0.12 | Reward:   2.0 | Average Reward: 2.070 | Steps: 100986 | Total Reward: 749.0|
| Episode: 392 | Epsilon:  0.12 | Reward:   0.0 | Average Reward: 2.040 | Steps: 101159 | Total Reward: 749.0|
| Episode: 393 | Epsilon:  0.12 | Reward:   2.0 | Average Reward: 2.040 | Steps: 101410 | Total Reward: 751.0|
| Episode: 394 | Epsilon:  0.12 | Reward:   2.0 | Average Reward: 2.040 | Steps: 101663 | Total Reward: 753.0|
| Episode: 395 | Epsilon:  0.12 | Reward:   0.0 | Average Reward: 2.010 | Steps: 101813 | Total Reward: 753.0|
| Episode: 396 | Epsilon:  0.12 | Reward:   2.0 | Average Reward: 2.010 | Steps: 102075 | Total Reward: 755.0|
| Episode: 397 | Epsilon:  0.12 | Reward:   3.0 | Average Reward: 2.010 | Steps: 102395 | Total Reward: 758.0|
| Episode: 398 | Epsilon:  0.11 | Reward:   0.0 | Average Reward: 1.990 | Steps: 102545 | Total Reward: 758.0|
| Episode: 399 | Epsilon:  0.11 | Reward:   2.0 | Average Reward: 1.980 | Steps: 102801 | Total Reward: 760.0|
| Episode: 400 | Epsilon:  0.11 | Reward:   0.0 | Average Reward: 1.960 | Steps: 102963 | Total Reward: 760.0|
| Episode: 401 | Epsilon:  0.11 | Reward:   0.0 | Average Reward: 1.930 | Steps: 103197 | Total Reward: 760.0|
| Episode: 402 | Epsilon:  0.11 | Reward:   0.0 | Average Reward: 1.910 | Steps: 103350 | Total Reward: 760.0|
| Episode: 403 | Epsilon:  0.11 | Reward:   0.0 | Average Reward: 1.890 | Steps: 103505 | Total Reward: 760.0|
| Episode: 404 | Epsilon:  0.11 | Reward:   1.0 | Average Reward: 1.880 | Steps: 103694 | Total Reward: 761.0|
| Episode: 405 | Epsilon:  0.11 | Reward:   0.0 | Average Reward: 1.840 | Steps: 103869 | Total Reward: 761.0|
| Episode: 406 | Epsilon:  0.11 | Reward:   2.0 | Average Reward: 1.840 | Steps: 104127 | Total Reward: 763.0|
| Episode: 407 | Epsilon:  0.11 | Reward:   0.0 | Average Reward: 1.810 | Steps: 104280 | Total Reward: 763.0|
| Episode: 408 | Epsilon:  0.11 | Reward:   0.0 | Average Reward: 1.770 | Steps: 104430 | Total Reward: 763.0|
| Episode: 409 | Epsilon:  0.11 | Reward:   0.0 | Average Reward: 1.740 | Steps: 104579 | Total Reward: 763.0|
| Episode: 410 | Epsilon:  0.11 | Reward:   0.0 | Average Reward: 1.740 | Steps: 104729 | Total Reward: 763.0|
| Episode: 411 | Epsilon:  0.11 | Reward:   2.0 | Average Reward: 1.760 | Steps: 104985 | Total Reward: 765.0|
| Episode: 412 | Epsilon:  0.11 | Reward:   3.0 | Average Reward: 1.770 | Steps: 105317 | Total Reward: 768.0|
| Episode: 413 | Epsilon:  0.11 | Reward:   2.0 | Average Reward: 1.790 | Steps: 105571 | Total Reward: 770.0|
| Episode: 414 | Epsilon:  0.11 | Reward:   2.0 | Average Reward: 1.760 | Steps: 105822 | Total Reward: 772.0|
| Episode: 415 | Epsilon:  0.11 | Reward:   3.0 | Average Reward: 1.760 | Steps: 106137 | Total Reward: 775.0|
| Episode: 416 | Epsilon:  0.11 | Reward:   0.0 | Average Reward: 1.730 | Steps: 106289 | Total Reward: 775.0|
| Episode: 417 | Epsilon:  0.11 | Reward:   2.0 | Average Reward: 1.750 | Steps: 106547 | Total Reward: 777.0|
| Episode: 418 | Epsilon:  0.11 | Reward:   2.0 | Average Reward: 1.740 | Steps: 106793 | Total Reward: 779.0|
| Episode: 419 | Epsilon:  0.11 | Reward:   4.0 | Average Reward: 1.750 | Steps: 107216 | Total Reward: 783.0|
| Episode: 420 | Epsilon:  0.11 | Reward:   0.0 | Average Reward: 1.720 | Steps: 107374 | Total Reward: 783.0|
| Episode: 421 | Epsilon:  0.11 | Reward:   0.0 | Average Reward: 1.720 | Steps: 107523 | Total Reward: 783.0|
| Episode: 422 | Epsilon:  0.11 | Reward:   3.0 | Average Reward: 1.720 | Steps: 107838 | Total Reward: 786.0|
| Episode: 423 | Epsilon:  0.11 | Reward:   4.0 | Average Reward: 1.730 | Steps: 108228 | Total Reward: 790.0|
| Episode: 424 | Epsilon:  0.11 | Reward:   0.0 | Average Reward: 1.710 | Steps: 108379 | Total Reward: 790.0|
| Episode: 425 | Epsilon:  0.11 | Reward:   0.0 | Average Reward: 1.710 | Steps: 108532 | Total Reward: 790.0|
| Episode: 426 | Epsilon:  0.11 | Reward:   0.0 | Average Reward: 1.690 | Steps: 108683 | Total Reward: 790.0|
| Episode: 427 | Epsilon:  0.11 | Reward:   0.0 | Average Reward: 1.690 | Steps: 108836 | Total Reward: 790.0|
| Episode: 428 | Epsilon:  0.11 | Reward:   2.0 | Average Reward: 1.680 | Steps: 109086 | Total Reward: 792.0|
| Episode: 429 | Epsilon:  0.11 | Reward:   3.0 | Average Reward: 1.690 | Steps: 109443 | Total Reward: 795.0|
| Episode: 430 | Epsilon:  0.11 | Reward:   2.0 | Average Reward: 1.710 | Steps: 109713 | Total Reward: 797.0|
| Episode: 431 | Epsilon:  0.11 | Reward:   0.0 | Average Reward: 1.680 | Steps: 109866 | Total Reward: 797.0|
| Episode: 432 | Epsilon:  0.11 | Reward:   3.0 | Average Reward: 1.710 | Steps: 110182 | Total Reward: 800.0|
| Episode: 433 | Epsilon:  0.11 | Reward:   2.0 | Average Reward: 1.710 | Steps: 110435 | Total Reward: 802.0|
| Episode: 434 | Epsilon:  0.11 | Reward:   2.0 | Average Reward: 1.710 | Steps: 110680 | Total Reward: 804.0|
| Episode: 435 | Epsilon:  0.11 | Reward:   2.0 | Average Reward: 1.710 | Steps: 110935 | Total Reward: 806.0|
| Episode: 436 | Epsilon:  0.11 | Reward:   0.0 | Average Reward: 1.680 | Steps: 111092 | Total Reward: 806.0|
| Episode: 437 | Epsilon:  0.11 | Reward:   3.0 | Average Reward: 1.690 | Steps: 111409 | Total Reward: 809.0|
| Episode: 438 | Epsilon:  0.11 | Reward:   2.0 | Average Reward: 1.690 | Steps: 111661 | Total Reward: 811.0|
| Episode: 439 | Epsilon:  0.11 | Reward:   2.0 | Average Reward: 1.690 | Steps: 111916 | Total Reward: 813.0|
| Episode: 440 | Epsilon:  0.11 | Reward:   3.0 | Average Reward: 1.690 | Steps: 112237 | Total Reward: 816.0|
| Episode: 441 | Epsilon:  0.11 | Reward:   2.0 | Average Reward: 1.680 | Steps: 112491 | Total Reward: 818.0|
| Episode: 442 | Epsilon:  0.11 | Reward:   2.0 | Average Reward: 1.680 | Steps: 112743 | Total Reward: 820.0|
| Episode: 443 | Epsilon:  0.11 | Reward:   4.0 | Average Reward: 1.670 | Steps: 113131 | Total Reward: 824.0|
| Episode: 444 | Epsilon:  0.11 | Reward:   2.0 | Average Reward: 1.660 | Steps: 113381 | Total Reward: 826.0|
| Episode: 445 | Epsilon:  0.11 | Reward:   0.0 | Average Reward: 1.620 | Steps: 113533 | Total Reward: 826.0|
| Episode: 446 | Epsilon:  0.11 | Reward:   3.0 | Average Reward: 1.650 | Steps: 113855 | Total Reward: 829.0|
| Episode: 447 | Epsilon:  0.11 | Reward:   3.0 | Average Reward: 1.680 | Steps: 114171 | Total Reward: 832.0|
| Episode: 448 | Epsilon:  0.11 | Reward:   3.0 | Average Reward: 1.690 | Steps: 114496 | Total Reward: 835.0|
| Episode: 449 | Epsilon:  0.11 | Reward:   3.0 | Average Reward: 1.690 | Steps: 114820 | Total Reward: 838.0|
| Episode: 450 | Epsilon:  0.11 | Reward:   0.0 | Average Reward: 1.660 | Steps: 114976 | Total Reward: 838.0|
| Episode: 451 | Epsilon:  0.11 | Reward:   0.0 | Average Reward: 1.640 | Steps: 115132 | Total Reward: 838.0|
| Episode: 452 | Epsilon:  0.11 | Reward:   2.0 | Average Reward: 1.660 | Steps: 115387 | Total Reward: 840.0|
| Episode: 453 | Epsilon:  0.11 | Reward:   0.0 | Average Reward: 1.660 | Steps: 115537 | Total Reward: 840.0|
| Episode: 454 | Epsilon:  0.11 | Reward:   0.0 | Average Reward: 1.620 | Steps: 115692 | Total Reward: 840.0|
| Episode: 455 | Epsilon:  0.11 | Reward:   2.0 | Average Reward: 1.610 | Steps: 115940 | Total Reward: 842.0|
| Episode: 456 | Epsilon:  0.11 | Reward:   3.0 | Average Reward: 1.640 | Steps: 116259 | Total Reward: 845.0|
| Episode: 457 | Epsilon:  0.11 | Reward:   2.0 | Average Reward: 1.630 | Steps: 116509 | Total Reward: 847.0|
| Episode: 458 | Epsilon:  0.11 | Reward:   0.0 | Average Reward: 1.630 | Steps: 116661 | Total Reward: 847.0|
| Episode: 459 | Epsilon:  0.11 | Reward:   0.0 | Average Reward: 1.630 | Steps: 116817 | Total Reward: 847.0|
| Episode: 460 | Epsilon:  0.11 | Reward:   0.0 | Average Reward: 1.600 | Steps: 116969 | Total Reward: 847.0|
