+------------------------+----------------------------+--------------------+
|                        |     Supported Features     |  Program Commands  |
+========================+============================+====================+
| Compatible Layers      | Hopfield Layer,            | hopfield,          |
|                        | HopfieldLayer Layer,       | hopfield_layer,    |
|                        | HopfieldPooling Layer,     | hopfield_pooling,  |
|                        | LSTM,                      | lstm,              |
|                        | GRU                        | gru                |
+------------------------+----------------------------+--------------------+
| Supported Loss Metrics | Huber Loss,                | huber,             |
|                        | Mean Absolute Error Loss,  | mae,               |
|                        | Mean Squared Error Loss,   | mse,               |
|                        | SmoothL1 Loss              | smooth_l1          |
+------------------------+----------------------------+--------------------+
| Supported Optimizers   | RMSprop (default),         | rmsprop,           |
|                        | AdamW,                     | adam,              |
|                        | Adam,                      | adamW,             |
|                        | SGD                        |  sgd               |
+------------------------+----------------------------+--------------------+
+------------------------------+------------------------------------------+
|          Parameter           |                  Value                   |
+==============================+==========================================+
| Layer Type:                  | hopfield_pooling                         |
+------------------------------+------------------------------------------+
| Loss Metric:                 | mse                                      |
+------------------------------+------------------------------------------+
| Sequence Length:             | 20                                       |
+------------------------------+------------------------------------------+
| Learning Rate:               | 0.001                                    |
+------------------------------+------------------------------------------+
| Target Update Steps:         | 1000                                     |
+------------------------------+------------------------------------------+
| Optimizer:                   | rmsprop                                  |
+------------------------------+------------------------------------------+
| Weight Decay:                | 0                                        |
+------------------------------+------------------------------------------+
| Hopfield Inverse Temperature | 0.100                                    |
+------------------------------+------------------------------------------+
| Scale Q-values with lr       | False                                    |
+------------------------------+------------------------------------------+
| Hard or Soft Update          | True                                     |
+------------------------------+------------------------------------------+
| Polyak Factor                | None                                     |
+------------------------------+------------------------------------------+
| Make POMDP                   | Train: False, Hidden dims: [1], mask     |
|                              | Evaluation: True, Hidden dims: [1], mask |
+------------------------------+------------------------------------------+
---------------
| TRAINING... |
---------------
| Episode:   1 | Epsilon:  0.89 | Reward:   2.0 | Average Reward: 2.000 | Steps:   285 | Total Reward:   2.0|
| Episode:   2 | Epsilon:  0.89 | Reward:   0.0 | Average Reward: 1.000 | Steps:   438 | Total Reward:   2.0|
| Episode:   3 | Epsilon:  0.88 | Reward:   4.0 | Average Reward: 2.000 | Steps:   830 | Total Reward:   6.0|
| Episode:   4 | Epsilon:  0.87 | Reward:   4.0 | Average Reward: 2.500 | Steps:  1155 | Total Reward:  10.0|
| Episode:   5 | Epsilon:  0.86 | Reward:   2.0 | Average Reward: 2.400 | Steps:  1428 | Total Reward:  12.0|
| Episode:   6 | Epsilon:  0.85 | Reward:   0.0 | Average Reward: 2.000 | Steps:  1580 | Total Reward:  12.0|
| Episode:   7 | Epsilon:  0.85 | Reward:   2.0 | Average Reward: 2.000 | Steps:  1840 | Total Reward:  14.0|
| Episode:   8 | Epsilon:  0.84 | Reward:   0.0 | Average Reward: 1.750 | Steps:  1998 | Total Reward:  14.0|
| Episode:   9 | Epsilon:  0.83 | Reward:   4.0 | Average Reward: 2.000 | Steps:  2358 | Total Reward:  18.0|
| Episode:  10 | Epsilon:  0.83 | Reward:   3.0 | Average Reward: 2.100 | Steps:  2675 | Total Reward:  21.0|
| Episode:  11 | Epsilon:  0.82 | Reward:   3.0 | Average Reward: 2.182 | Steps:  2995 | Total Reward:  24.0|
| Episode:  12 | Epsilon:  0.81 | Reward:   3.0 | Average Reward: 2.250 | Steps:  3314 | Total Reward:  27.0|
| Episode:  13 | Epsilon:  0.80 | Reward:   2.0 | Average Reward: 2.231 | Steps:  3565 | Total Reward:  29.0|
| Episode:  14 | Epsilon:  0.80 | Reward:   0.0 | Average Reward: 2.071 | Steps:  3721 | Total Reward:  29.0|
| Episode:  15 | Epsilon:  0.79 | Reward:   3.0 | Average Reward: 2.133 | Steps:  4034 | Total Reward:  32.0|
| Episode:  16 | Epsilon:  0.78 | Reward:   2.0 | Average Reward: 2.125 | Steps:  4278 | Total Reward:  34.0|
| Episode:  17 | Epsilon:  0.78 | Reward:   5.0 | Average Reward: 2.294 | Steps:  4726 | Total Reward:  39.0|
| Episode:  18 | Epsilon:  0.77 | Reward:   0.0 | Average Reward: 2.167 | Steps:  4878 | Total Reward:  39.0|
| Episode:  19 | Epsilon:  0.76 | Reward:   3.0 | Average Reward: 2.211 | Steps:  5196 | Total Reward:  42.0|
| Episode:  20 | Epsilon:  0.76 | Reward:   0.0 | Average Reward: 2.100 | Steps:  5352 | Total Reward:  42.0|
| Episode:  21 | Epsilon:  0.75 | Reward:   2.0 | Average Reward: 2.095 | Steps:  5608 | Total Reward:  44.0|
| Episode:  22 | Epsilon:  0.74 | Reward:   2.0 | Average Reward: 2.091 | Steps:  5859 | Total Reward:  46.0|
| Episode:  23 | Epsilon:  0.74 | Reward:   2.0 | Average Reward: 2.087 | Steps:  6115 | Total Reward:  48.0|
| Episode:  24 | Epsilon:  0.73 | Reward:   2.0 | Average Reward: 2.083 | Steps:  6377 | Total Reward:  50.0|
| Episode:  25 | Epsilon:  0.72 | Reward:   2.0 | Average Reward: 2.080 | Steps:  6624 | Total Reward:  52.0|
| Episode:  26 | Epsilon:  0.72 | Reward:   3.0 | Average Reward: 2.115 | Steps:  6934 | Total Reward:  55.0|
| Episode:  27 | Epsilon:  0.71 | Reward:   2.0 | Average Reward: 2.111 | Steps:  7187 | Total Reward:  57.0|
| Episode:  28 | Epsilon:  0.71 | Reward:   2.0 | Average Reward: 2.107 | Steps:  7434 | Total Reward:  59.0|
| Episode:  29 | Epsilon:  0.70 | Reward:   2.0 | Average Reward: 2.103 | Steps:  7693 | Total Reward:  61.0|
| Episode:  30 | Epsilon:  0.69 | Reward:   2.0 | Average Reward: 2.100 | Steps:  7949 | Total Reward:  63.0|
| Episode:  31 | Epsilon:  0.69 | Reward:   3.0 | Average Reward: 2.129 | Steps:  8297 | Total Reward:  66.0|
| Episode:  32 | Epsilon:  0.68 | Reward:   3.0 | Average Reward: 2.156 | Steps:  8612 | Total Reward:  69.0|
| Episode:  33 | Epsilon:  0.68 | Reward:   2.0 | Average Reward: 2.152 | Steps:  8861 | Total Reward:  71.0|
| Episode:  34 | Epsilon:  0.67 | Reward:   3.0 | Average Reward: 2.176 | Steps:  9176 | Total Reward:  74.0|
| Episode:  35 | Epsilon:  0.66 | Reward:   2.0 | Average Reward: 2.171 | Steps:  9428 | Total Reward:  76.0|
| Episode:  36 | Epsilon:  0.66 | Reward:   3.0 | Average Reward: 2.194 | Steps:  9739 | Total Reward:  79.0|
| Episode:  37 | Epsilon:  0.65 | Reward:   2.0 | Average Reward: 2.189 | Steps:  9991 | Total Reward:  81.0|
| Episode:  38 | Epsilon:  0.65 | Reward:   3.0 | Average Reward: 2.211 | Steps: 10315 | Total Reward:  84.0|
| Episode:  39 | Epsilon:  0.64 | Reward:   3.0 | Average Reward: 2.231 | Steps: 10632 | Total Reward:  87.0|
| Episode:  40 | Epsilon:  0.64 | Reward:   0.0 | Average Reward: 2.175 | Steps: 10788 | Total Reward:  87.0|
| Episode:  41 | Epsilon:  0.63 | Reward:   2.0 | Average Reward: 2.171 | Steps: 11042 | Total Reward:  89.0|
| Episode:  42 | Epsilon:  0.63 | Reward:   2.0 | Average Reward: 2.167 | Steps: 11303 | Total Reward:  91.0|
| Episode:  43 | Epsilon:  0.62 | Reward:   2.0 | Average Reward: 2.163 | Steps: 11553 | Total Reward:  93.0|
| Episode:  44 | Epsilon:  0.62 | Reward:   0.0 | Average Reward: 2.114 | Steps: 11704 | Total Reward:  93.0|
| Episode:  45 | Epsilon:  0.61 | Reward:   2.0 | Average Reward: 2.111 | Steps: 11962 | Total Reward:  95.0|
| Episode:  46 | Epsilon:  0.61 | Reward:   2.0 | Average Reward: 2.109 | Steps: 12218 | Total Reward:  97.0|
| Episode:  47 | Epsilon:  0.60 | Reward:   2.0 | Average Reward: 2.106 | Steps: 12479 | Total Reward:  99.0|
| Episode:  48 | Epsilon:  0.60 | Reward:   3.0 | Average Reward: 2.125 | Steps: 12806 | Total Reward: 102.0|
| Episode:  49 | Epsilon:  0.59 | Reward:   3.0 | Average Reward: 2.143 | Steps: 13130 | Total Reward: 105.0|
| Episode:  50 | Epsilon:  0.59 | Reward:   3.0 | Average Reward: 2.160 | Steps: 13455 | Total Reward: 108.0|
| Episode:  51 | Epsilon:  0.58 | Reward:   3.0 | Average Reward: 2.176 | Steps: 13775 | Total Reward: 111.0|
| Episode:  52 | Epsilon:  0.58 | Reward:   3.0 | Average Reward: 2.192 | Steps: 14097 | Total Reward: 114.0|
| Episode:  53 | Epsilon:  0.57 | Reward:   3.0 | Average Reward: 2.208 | Steps: 14411 | Total Reward: 117.0|
| Episode:  54 | Epsilon:  0.57 | Reward:   0.0 | Average Reward: 2.167 | Steps: 14564 | Total Reward: 117.0|
| Episode:  55 | Epsilon:  0.56 | Reward:   0.0 | Average Reward: 2.127 | Steps: 14718 | Total Reward: 117.0|
| Episode:  56 | Epsilon:  0.56 | Reward:   3.0 | Average Reward: 2.143 | Steps: 15039 | Total Reward: 120.0|
| Episode:  57 | Epsilon:  0.55 | Reward:   2.0 | Average Reward: 2.140 | Steps: 15293 | Total Reward: 122.0|
| Episode:  58 | Epsilon:  0.55 | Reward:   2.0 | Average Reward: 2.138 | Steps: 15546 | Total Reward: 124.0|
| Episode:  59 | Epsilon:  0.54 | Reward:   3.0 | Average Reward: 2.153 | Steps: 15861 | Total Reward: 127.0|
| Episode:  60 | Epsilon:  0.54 | Reward:   0.0 | Average Reward: 2.117 | Steps: 16015 | Total Reward: 127.0|
| Episode:  61 | Epsilon:  0.54 | Reward:   3.0 | Average Reward: 2.131 | Steps: 16333 | Total Reward: 130.0|
| Episode:  62 | Epsilon:  0.53 | Reward:   4.0 | Average Reward: 2.161 | Steps: 16718 | Total Reward: 134.0|
| Episode:  63 | Epsilon:  0.53 | Reward:   0.0 | Average Reward: 2.127 | Steps: 16873 | Total Reward: 134.0|
| Episode:  64 | Epsilon:  0.52 | Reward:   4.0 | Average Reward: 2.156 | Steps: 17248 | Total Reward: 138.0|
| Episode:  65 | Epsilon:  0.52 | Reward:   3.0 | Average Reward: 2.169 | Steps: 17565 | Total Reward: 141.0|
| Episode:  66 | Epsilon:  0.51 | Reward:   3.0 | Average Reward: 2.182 | Steps: 17887 | Total Reward: 144.0|
| Episode:  67 | Epsilon:  0.51 | Reward:   3.0 | Average Reward: 2.194 | Steps: 18208 | Total Reward: 147.0|
| Episode:  68 | Epsilon:  0.51 | Reward:   3.0 | Average Reward: 2.206 | Steps: 18520 | Total Reward: 150.0|
| Episode:  69 | Epsilon:  0.50 | Reward:   3.0 | Average Reward: 2.217 | Steps: 18833 | Total Reward: 153.0|
| Episode:  70 | Epsilon:  0.50 | Reward:   0.0 | Average Reward: 2.186 | Steps: 18990 | Total Reward: 153.0|
| Episode:  71 | Epsilon:  0.49 | Reward:   4.0 | Average Reward: 2.211 | Steps: 19374 | Total Reward: 157.0|
| Episode:  72 | Epsilon:  0.49 | Reward:   4.0 | Average Reward: 2.236 | Steps: 19749 | Total Reward: 161.0|
| Episode:  73 | Epsilon:  0.49 | Reward:   2.0 | Average Reward: 2.233 | Steps: 20007 | Total Reward: 163.0|
| Episode:  74 | Epsilon:  0.48 | Reward:   0.0 | Average Reward: 2.203 | Steps: 20170 | Total Reward: 163.0|
| Episode:  75 | Epsilon:  0.48 | Reward:   0.0 | Average Reward: 2.173 | Steps: 20324 | Total Reward: 163.0|
| Episode:  76 | Epsilon:  0.47 | Reward:   2.0 | Average Reward: 2.171 | Steps: 20580 | Total Reward: 165.0|
| Episode:  77 | Epsilon:  0.47 | Reward:   4.0 | Average Reward: 2.195 | Steps: 20971 | Total Reward: 169.0|
| Episode:  78 | Epsilon:  0.47 | Reward:   2.0 | Average Reward: 2.192 | Steps: 21229 | Total Reward: 171.0|
| Episode:  79 | Epsilon:  0.46 | Reward:   0.0 | Average Reward: 2.165 | Steps: 21384 | Total Reward: 171.0|
| Episode:  80 | Epsilon:  0.46 | Reward:   3.0 | Average Reward: 2.175 | Steps: 21699 | Total Reward: 174.0|
| Episode:  81 | Epsilon:  0.46 | Reward:   0.0 | Average Reward: 2.148 | Steps: 21847 | Total Reward: 174.0|
| Episode:  82 | Epsilon:  0.45 | Reward:   2.0 | Average Reward: 2.146 | Steps: 22097 | Total Reward: 176.0|
| Episode:  83 | Epsilon:  0.45 | Reward:   2.0 | Average Reward: 2.145 | Steps: 22354 | Total Reward: 178.0|
| Episode:  84 | Epsilon:  0.45 | Reward:   0.0 | Average Reward: 2.119 | Steps: 22518 | Total Reward: 178.0|
| Episode:  85 | Epsilon:  0.44 | Reward:   2.0 | Average Reward: 2.118 | Steps: 22775 | Total Reward: 180.0|
| Episode:  86 | Epsilon:  0.44 | Reward:   2.0 | Average Reward: 2.116 | Steps: 23016 | Total Reward: 182.0|
| Episode:  87 | Epsilon:  0.44 | Reward:   3.0 | Average Reward: 2.126 | Steps: 23332 | Total Reward: 185.0|
| Episode:  88 | Epsilon:  0.43 | Reward:   0.0 | Average Reward: 2.102 | Steps: 23489 | Total Reward: 185.0|
| Episode:  89 | Epsilon:  0.43 | Reward:   2.0 | Average Reward: 2.101 | Steps: 23742 | Total Reward: 187.0|
| Episode:  90 | Epsilon:  0.43 | Reward:   0.0 | Average Reward: 2.078 | Steps: 23895 | Total Reward: 187.0|
| Episode:  91 | Epsilon:  0.42 | Reward:   3.0 | Average Reward: 2.088 | Steps: 24215 | Total Reward: 190.0|
| Episode:  92 | Epsilon:  0.42 | Reward:   4.0 | Average Reward: 2.109 | Steps: 24597 | Total Reward: 194.0|
| Episode:  93 | Epsilon:  0.42 | Reward:   2.0 | Average Reward: 2.108 | Steps: 24844 | Total Reward: 196.0|
| Episode:  94 | Epsilon:  0.41 | Reward:   3.0 | Average Reward: 2.117 | Steps: 25169 | Total Reward: 199.0|
| Episode:  95 | Epsilon:  0.41 | Reward:   0.0 | Average Reward: 2.095 | Steps: 25321 | Total Reward: 199.0|
| Episode:  96 | Epsilon:  0.41 | Reward:   2.0 | Average Reward: 2.094 | Steps: 25586 | Total Reward: 201.0|
| Episode:  97 | Epsilon:  0.40 | Reward:   4.0 | Average Reward: 2.113 | Steps: 25978 | Total Reward: 205.0|
| Episode:  98 | Epsilon:  0.40 | Reward:   0.0 | Average Reward: 2.092 | Steps: 26132 | Total Reward: 205.0|
| Episode:  99 | Epsilon:  0.40 | Reward:   3.0 | Average Reward: 2.101 | Steps: 26441 | Total Reward: 208.0|
| Episode: 100 | Epsilon:  0.39 | Reward:   4.0 | Average Reward: 2.120 | Steps: 26832 | Total Reward: 212.0|
| Episode: 101 | Epsilon:  0.39 | Reward:   3.0 | Average Reward: 2.130 | Steps: 27152 | Total Reward: 215.0|
| Episode: 102 | Epsilon:  0.39 | Reward:   2.0 | Average Reward: 2.150 | Steps: 27406 | Total Reward: 217.0|
| Episode: 103 | Epsilon:  0.39 | Reward:   0.0 | Average Reward: 2.110 | Steps: 27556 | Total Reward: 217.0|
| Episode: 104 | Epsilon:  0.38 | Reward:   4.0 | Average Reward: 2.110 | Steps: 27931 | Total Reward: 221.0|
| Episode: 105 | Epsilon:  0.38 | Reward:   2.0 | Average Reward: 2.110 | Steps: 28188 | Total Reward: 223.0|
| Episode: 106 | Epsilon:  0.38 | Reward:   2.0 | Average Reward: 2.130 | Steps: 28444 | Total Reward: 225.0|
| Episode: 107 | Epsilon:  0.37 | Reward:   4.0 | Average Reward: 2.150 | Steps: 28826 | Total Reward: 229.0|
| Episode: 108 | Epsilon:  0.37 | Reward:   0.0 | Average Reward: 2.150 | Steps: 28981 | Total Reward: 229.0|
| Episode: 109 | Epsilon:  0.37 | Reward:   3.0 | Average Reward: 2.140 | Steps: 29299 | Total Reward: 232.0|
| Episode: 110 | Epsilon:  0.37 | Reward:   3.0 | Average Reward: 2.140 | Steps: 29609 | Total Reward: 235.0|
| Episode: 111 | Epsilon:  0.36 | Reward:   2.0 | Average Reward: 2.130 | Steps: 29860 | Total Reward: 237.0|
| Episode: 112 | Epsilon:  0.36 | Reward:   2.0 | Average Reward: 2.120 | Steps: 30113 | Total Reward: 239.0|
| Episode: 113 | Epsilon:  0.36 | Reward:   0.0 | Average Reward: 2.100 | Steps: 30270 | Total Reward: 239.0|
| Episode: 114 | Epsilon:  0.36 | Reward:   2.0 | Average Reward: 2.120 | Steps: 30529 | Total Reward: 241.0|
| Episode: 115 | Epsilon:  0.35 | Reward:   4.0 | Average Reward: 2.130 | Steps: 30905 | Total Reward: 245.0|
| Episode: 116 | Epsilon:  0.35 | Reward:   2.0 | Average Reward: 2.130 | Steps: 31163 | Total Reward: 247.0|
| Episode: 117 | Epsilon:  0.35 | Reward:   2.0 | Average Reward: 2.100 | Steps: 31414 | Total Reward: 249.0|
| Episode: 118 | Epsilon:  0.35 | Reward:   2.0 | Average Reward: 2.120 | Steps: 31670 | Total Reward: 251.0|
| Episode: 119 | Epsilon:  0.34 | Reward:   2.0 | Average Reward: 2.110 | Steps: 31926 | Total Reward: 253.0|
| Episode: 120 | Epsilon:  0.34 | Reward:   2.0 | Average Reward: 2.130 | Steps: 32176 | Total Reward: 255.0|
| Episode: 121 | Epsilon:  0.34 | Reward:   2.0 | Average Reward: 2.130 | Steps: 32429 | Total Reward: 257.0|
| Episode: 122 | Epsilon:  0.34 | Reward:   2.0 | Average Reward: 2.130 | Steps: 32672 | Total Reward: 259.0|
| Episode: 123 | Epsilon:  0.33 | Reward:   3.0 | Average Reward: 2.140 | Steps: 32996 | Total Reward: 262.0|
| Episode: 124 | Epsilon:  0.33 | Reward:   5.0 | Average Reward: 2.170 | Steps: 33460 | Total Reward: 267.0|
| Episode: 125 | Epsilon:  0.33 | Reward:   3.0 | Average Reward: 2.180 | Steps: 33774 | Total Reward: 270.0|
| Episode: 126 | Epsilon:  0.33 | Reward:   0.0 | Average Reward: 2.150 | Steps: 33930 | Total Reward: 270.0|
| Episode: 127 | Epsilon:  0.33 | Reward:   2.0 | Average Reward: 2.150 | Steps: 34194 | Total Reward: 272.0|
| Episode: 128 | Epsilon:  0.32 | Reward:   3.0 | Average Reward: 2.160 | Steps: 34527 | Total Reward: 275.0|
| Episode: 129 | Epsilon:  0.32 | Reward:   4.0 | Average Reward: 2.180 | Steps: 34909 | Total Reward: 279.0|
| Episode: 130 | Epsilon:  0.32 | Reward:   2.0 | Average Reward: 2.180 | Steps: 35162 | Total Reward: 281.0|
| Episode: 131 | Epsilon:  0.32 | Reward:   2.0 | Average Reward: 2.170 | Steps: 35419 | Total Reward: 283.0|
| Episode: 132 | Epsilon:  0.31 | Reward:   4.0 | Average Reward: 2.180 | Steps: 35799 | Total Reward: 287.0|
| Episode: 133 | Epsilon:  0.31 | Reward:   3.0 | Average Reward: 2.190 | Steps: 36120 | Total Reward: 290.0|
| Episode: 134 | Epsilon:  0.31 | Reward:   0.0 | Average Reward: 2.160 | Steps: 36275 | Total Reward: 290.0|
| Episode: 135 | Epsilon:  0.31 | Reward:   2.0 | Average Reward: 2.160 | Steps: 36532 | Total Reward: 292.0|
| Episode: 136 | Epsilon:  0.31 | Reward:   2.0 | Average Reward: 2.150 | Steps: 36787 | Total Reward: 294.0|
| Episode: 137 | Epsilon:  0.30 | Reward:   2.0 | Average Reward: 2.150 | Steps: 37044 | Total Reward: 296.0|
| Episode: 138 | Epsilon:  0.30 | Reward:   0.0 | Average Reward: 2.120 | Steps: 37194 | Total Reward: 296.0|
| Episode: 139 | Epsilon:  0.30 | Reward:   0.0 | Average Reward: 2.090 | Steps: 37350 | Total Reward: 296.0|
| Episode: 140 | Epsilon:  0.30 | Reward:   3.0 | Average Reward: 2.120 | Steps: 37665 | Total Reward: 299.0|
| Episode: 141 | Epsilon:  0.30 | Reward:   3.0 | Average Reward: 2.130 | Steps: 37992 | Total Reward: 302.0|
| Episode: 142 | Epsilon:  0.29 | Reward:   4.0 | Average Reward: 2.150 | Steps: 38370 | Total Reward: 306.0|
| Episode: 143 | Epsilon:  0.29 | Reward:   2.0 | Average Reward: 2.150 | Steps: 38621 | Total Reward: 308.0|
| Episode: 144 | Epsilon:  0.29 | Reward:   0.0 | Average Reward: 2.150 | Steps: 38774 | Total Reward: 308.0|
| Episode: 145 | Epsilon:  0.29 | Reward:   2.0 | Average Reward: 2.150 | Steps: 39029 | Total Reward: 310.0|
| Episode: 146 | Epsilon:  0.29 | Reward:   3.0 | Average Reward: 2.160 | Steps: 39348 | Total Reward: 313.0|
| Episode: 147 | Epsilon:  0.28 | Reward:   3.0 | Average Reward: 2.170 | Steps: 39671 | Total Reward: 316.0|
| Episode: 148 | Epsilon:  0.28 | Reward:   2.0 | Average Reward: 2.160 | Steps: 39934 | Total Reward: 318.0|
| Episode: 149 | Epsilon:  0.28 | Reward:   3.0 | Average Reward: 2.160 | Steps: 40245 | Total Reward: 321.0|
| Episode: 150 | Epsilon:  0.28 | Reward:   0.0 | Average Reward: 2.130 | Steps: 40405 | Total Reward: 321.0|
| Episode: 151 | Epsilon:  0.28 | Reward:   3.0 | Average Reward: 2.130 | Steps: 40747 | Total Reward: 324.0|
| Episode: 152 | Epsilon:  0.28 | Reward:   0.0 | Average Reward: 2.100 | Steps: 40917 | Total Reward: 324.0|
| Episode: 153 | Epsilon:  0.27 | Reward:   3.0 | Average Reward: 2.100 | Steps: 41235 | Total Reward: 327.0|
| Episode: 154 | Epsilon:  0.27 | Reward:   3.0 | Average Reward: 2.130 | Steps: 41560 | Total Reward: 330.0|
| Episode: 155 | Epsilon:  0.27 | Reward:   3.0 | Average Reward: 2.160 | Steps: 41876 | Total Reward: 333.0|
| Episode: 156 | Epsilon:  0.27 | Reward:   3.0 | Average Reward: 2.160 | Steps: 42192 | Total Reward: 336.0|
| Episode: 157 | Epsilon:  0.27 | Reward:   2.0 | Average Reward: 2.160 | Steps: 42441 | Total Reward: 338.0|
| Episode: 158 | Epsilon:  0.27 | Reward:   2.0 | Average Reward: 2.160 | Steps: 42727 | Total Reward: 340.0|
| Episode: 159 | Epsilon:  0.26 | Reward:   2.0 | Average Reward: 2.150 | Steps: 42981 | Total Reward: 342.0|
| Episode: 160 | Epsilon:  0.26 | Reward:   3.0 | Average Reward: 2.180 | Steps: 43304 | Total Reward: 345.0|
| Episode: 161 | Epsilon:  0.26 | Reward:   0.0 | Average Reward: 2.150 | Steps: 43466 | Total Reward: 345.0|
| Episode: 162 | Epsilon:  0.26 | Reward:   2.0 | Average Reward: 2.130 | Steps: 43723 | Total Reward: 347.0|
| Episode: 163 | Epsilon:  0.26 | Reward:   0.0 | Average Reward: 2.130 | Steps: 43882 | Total Reward: 347.0|
| Episode: 164 | Epsilon:  0.26 | Reward:   2.0 | Average Reward: 2.110 | Steps: 44134 | Total Reward: 349.0|
| Episode: 165 | Epsilon:  0.25 | Reward:   3.0 | Average Reward: 2.110 | Steps: 44440 | Total Reward: 352.0|
| Episode: 166 | Epsilon:  0.25 | Reward:   0.0 | Average Reward: 2.080 | Steps: 44603 | Total Reward: 352.0|
| Episode: 167 | Epsilon:  0.25 | Reward:   2.0 | Average Reward: 2.070 | Steps: 44851 | Total Reward: 354.0|
| Episode: 168 | Epsilon:  0.25 | Reward:   2.0 | Average Reward: 2.060 | Steps: 45104 | Total Reward: 356.0|
| Episode: 169 | Epsilon:  0.25 | Reward:   2.0 | Average Reward: 2.050 | Steps: 45362 | Total Reward: 358.0|
| Episode: 170 | Epsilon:  0.25 | Reward:   2.0 | Average Reward: 2.070 | Steps: 45618 | Total Reward: 360.0|
| Episode: 171 | Epsilon:  0.24 | Reward:   0.0 | Average Reward: 2.030 | Steps: 45778 | Total Reward: 360.0|
| Episode: 172 | Epsilon:  0.24 | Reward:   2.0 | Average Reward: 2.010 | Steps: 46034 | Total Reward: 362.0|
| Episode: 173 | Epsilon:  0.24 | Reward:   2.0 | Average Reward: 2.010 | Steps: 46295 | Total Reward: 364.0|
| Episode: 174 | Epsilon:  0.24 | Reward:   3.0 | Average Reward: 2.040 | Steps: 46613 | Total Reward: 367.0|
| Episode: 175 | Epsilon:  0.24 | Reward:   2.0 | Average Reward: 2.060 | Steps: 46863 | Total Reward: 369.0|
| Episode: 176 | Epsilon:  0.24 | Reward:   0.0 | Average Reward: 2.040 | Steps: 47017 | Total Reward: 369.0|
| Episode: 177 | Epsilon:  0.24 | Reward:   0.0 | Average Reward: 2.000 | Steps: 47168 | Total Reward: 369.0|
| Episode: 178 | Epsilon:  0.24 | Reward:   2.0 | Average Reward: 2.000 | Steps: 47424 | Total Reward: 371.0|
| Episode: 179 | Epsilon:  0.23 | Reward:   3.0 | Average Reward: 2.030 | Steps: 47746 | Total Reward: 374.0|
| Episode: 180 | Epsilon:  0.23 | Reward:   3.0 | Average Reward: 2.030 | Steps: 48069 | Total Reward: 377.0|
| Episode: 181 | Epsilon:  0.23 | Reward:   2.0 | Average Reward: 2.050 | Steps: 48325 | Total Reward: 379.0|
| Episode: 182 | Epsilon:  0.23 | Reward:   0.0 | Average Reward: 2.030 | Steps: 48505 | Total Reward: 379.0|
| Episode: 183 | Epsilon:  0.23 | Reward:   4.0 | Average Reward: 2.050 | Steps: 48886 | Total Reward: 383.0|
| Episode: 184 | Epsilon:  0.23 | Reward:   2.0 | Average Reward: 2.070 | Steps: 49235 | Total Reward: 385.0|
| Episode: 185 | Epsilon:  0.23 | Reward:   2.0 | Average Reward: 2.070 | Steps: 49484 | Total Reward: 387.0|
| Episode: 186 | Epsilon:  0.22 | Reward:   2.0 | Average Reward: 2.070 | Steps: 49744 | Total Reward: 389.0|
| Episode: 187 | Epsilon:  0.22 | Reward:   2.0 | Average Reward: 2.060 | Steps: 50009 | Total Reward: 391.0|
| Episode: 188 | Epsilon:  0.22 | Reward:   0.0 | Average Reward: 2.060 | Steps: 50163 | Total Reward: 391.0|
| Episode: 189 | Epsilon:  0.22 | Reward:   2.0 | Average Reward: 2.060 | Steps: 50436 | Total Reward: 393.0|
| Episode: 190 | Epsilon:  0.22 | Reward:   0.0 | Average Reward: 2.060 | Steps: 50588 | Total Reward: 393.0|
| Episode: 191 | Epsilon:  0.22 | Reward:   0.0 | Average Reward: 2.030 | Steps: 50742 | Total Reward: 393.0|
| Episode: 192 | Epsilon:  0.22 | Reward:   0.0 | Average Reward: 1.990 | Steps: 50891 | Total Reward: 393.0|
| Episode: 193 | Epsilon:  0.22 | Reward:   2.0 | Average Reward: 1.990 | Steps: 51145 | Total Reward: 395.0|
| Episode: 194 | Epsilon:  0.22 | Reward:   1.0 | Average Reward: 1.970 | Steps: 51362 | Total Reward: 396.0|
| Episode: 195 | Epsilon:  0.21 | Reward:   0.0 | Average Reward: 1.970 | Steps: 51507 | Total Reward: 396.0|
| Episode: 196 | Epsilon:  0.21 | Reward:   1.0 | Average Reward: 1.960 | Steps: 51733 | Total Reward: 397.0|
| Episode: 197 | Epsilon:  0.21 | Reward:   2.0 | Average Reward: 1.940 | Steps: 51997 | Total Reward: 399.0|
| Episode: 198 | Epsilon:  0.21 | Reward:   0.0 | Average Reward: 1.940 | Steps: 52152 | Total Reward: 399.0|
| Episode: 199 | Epsilon:  0.21 | Reward:   2.0 | Average Reward: 1.930 | Steps: 52430 | Total Reward: 401.0|
| Episode: 200 | Epsilon:  0.21 | Reward:   1.0 | Average Reward: 1.900 | Steps: 52648 | Total Reward: 402.0|
| Episode: 201 | Epsilon:  0.21 | Reward:   0.0 | Average Reward: 1.870 | Steps: 52807 | Total Reward: 402.0|
| Episode: 202 | Epsilon:  0.21 | Reward:   0.0 | Average Reward: 1.850 | Steps: 52958 | Total Reward: 402.0|
| Episode: 203 | Epsilon:  0.21 | Reward:   1.0 | Average Reward: 1.860 | Steps: 53174 | Total Reward: 403.0|
| Episode: 204 | Epsilon:  0.20 | Reward:   4.0 | Average Reward: 1.860 | Steps: 53520 | Total Reward: 407.0|
| Episode: 205 | Epsilon:  0.20 | Reward:   3.0 | Average Reward: 1.870 | Steps: 53815 | Total Reward: 410.0|
| Episode: 206 | Epsilon:  0.20 | Reward:   0.0 | Average Reward: 1.850 | Steps: 53971 | Total Reward: 410.0|
| Episode: 207 | Epsilon:  0.20 | Reward:   3.0 | Average Reward: 1.840 | Steps: 54290 | Total Reward: 413.0|
| Episode: 208 | Epsilon:  0.20 | Reward:   0.0 | Average Reward: 1.840 | Steps: 54454 | Total Reward: 413.0|
| Episode: 209 | Epsilon:  0.20 | Reward:   0.0 | Average Reward: 1.810 | Steps: 54605 | Total Reward: 413.0|
| Episode: 210 | Epsilon:  0.20 | Reward:   2.0 | Average Reward: 1.800 | Steps: 54855 | Total Reward: 415.0|
| Episode: 211 | Epsilon:  0.20 | Reward:   3.0 | Average Reward: 1.810 | Steps: 55194 | Total Reward: 418.0|
| Episode: 212 | Epsilon:  0.20 | Reward:   2.0 | Average Reward: 1.810 | Steps: 55428 | Total Reward: 420.0|
| Episode: 213 | Epsilon:  0.20 | Reward:   1.0 | Average Reward: 1.820 | Steps: 55641 | Total Reward: 421.0|
| Episode: 214 | Epsilon:  0.19 | Reward:   1.0 | Average Reward: 1.810 | Steps: 55854 | Total Reward: 422.0|
| Episode: 215 | Epsilon:  0.19 | Reward:   1.0 | Average Reward: 1.780 | Steps: 56076 | Total Reward: 423.0|
| Episode: 216 | Epsilon:  0.19 | Reward:   1.0 | Average Reward: 1.770 | Steps: 56287 | Total Reward: 424.0|
| Episode: 217 | Epsilon:  0.19 | Reward:   2.0 | Average Reward: 1.770 | Steps: 56542 | Total Reward: 426.0|
| Episode: 218 | Epsilon:  0.19 | Reward:   0.0 | Average Reward: 1.750 | Steps: 56698 | Total Reward: 426.0|
| Episode: 219 | Epsilon:  0.19 | Reward:   1.0 | Average Reward: 1.740 | Steps: 56911 | Total Reward: 427.0|
| Episode: 220 | Epsilon:  0.19 | Reward:   3.0 | Average Reward: 1.750 | Steps: 57251 | Total Reward: 430.0|
| Episode: 221 | Epsilon:  0.19 | Reward:   2.0 | Average Reward: 1.750 | Steps: 57507 | Total Reward: 432.0|
| Episode: 222 | Epsilon:  0.19 | Reward:   3.0 | Average Reward: 1.760 | Steps: 57792 | Total Reward: 435.0|
| Episode: 223 | Epsilon:  0.19 | Reward:   1.0 | Average Reward: 1.740 | Steps: 58008 | Total Reward: 436.0|
| Episode: 224 | Epsilon:  0.19 | Reward:   2.0 | Average Reward: 1.710 | Steps: 58299 | Total Reward: 438.0|
| Episode: 225 | Epsilon:  0.18 | Reward:   5.0 | Average Reward: 1.730 | Steps: 58665 | Total Reward: 443.0|
| Episode: 226 | Epsilon:  0.18 | Reward:   2.0 | Average Reward: 1.750 | Steps: 58951 | Total Reward: 445.0|
| Episode: 227 | Epsilon:  0.18 | Reward:   0.0 | Average Reward: 1.730 | Steps: 59102 | Total Reward: 445.0|
| Episode: 228 | Epsilon:  0.18 | Reward:   0.0 | Average Reward: 1.700 | Steps: 59258 | Total Reward: 445.0|
| Episode: 229 | Epsilon:  0.18 | Reward:   3.0 | Average Reward: 1.690 | Steps: 59605 | Total Reward: 448.0|
| Episode: 230 | Epsilon:  0.18 | Reward:   0.0 | Average Reward: 1.670 | Steps: 59756 | Total Reward: 448.0|
| Episode: 231 | Epsilon:  0.18 | Reward:   1.0 | Average Reward: 1.660 | Steps: 59949 | Total Reward: 449.0|
| Episode: 232 | Epsilon:  0.18 | Reward:   0.0 | Average Reward: 1.620 | Steps: 60105 | Total Reward: 449.0|
| Episode: 233 | Epsilon:  0.18 | Reward:   2.0 | Average Reward: 1.610 | Steps: 60357 | Total Reward: 451.0|
| Episode: 234 | Epsilon:  0.18 | Reward:   0.0 | Average Reward: 1.610 | Steps: 60509 | Total Reward: 451.0|
| Episode: 235 | Epsilon:  0.18 | Reward:   0.0 | Average Reward: 1.590 | Steps: 60658 | Total Reward: 451.0|
| Episode: 236 | Epsilon:  0.18 | Reward:   1.0 | Average Reward: 1.580 | Steps: 60852 | Total Reward: 452.0|
| Episode: 237 | Epsilon:  0.17 | Reward:   5.0 | Average Reward: 1.610 | Steps: 61307 | Total Reward: 457.0|
| Episode: 238 | Epsilon:  0.17 | Reward:   0.0 | Average Reward: 1.610 | Steps: 61463 | Total Reward: 457.0|
| Episode: 239 | Epsilon:  0.17 | Reward:   2.0 | Average Reward: 1.630 | Steps: 61752 | Total Reward: 459.0|
| Episode: 240 | Epsilon:  0.17 | Reward:   0.0 | Average Reward: 1.600 | Steps: 61901 | Total Reward: 459.0|
| Episode: 241 | Epsilon:  0.17 | Reward:   4.0 | Average Reward: 1.610 | Steps: 62290 | Total Reward: 463.0|
| Episode: 242 | Epsilon:  0.17 | Reward:   0.0 | Average Reward: 1.570 | Steps: 62443 | Total Reward: 463.0|
| Episode: 243 | Epsilon:  0.17 | Reward:   0.0 | Average Reward: 1.550 | Steps: 62597 | Total Reward: 463.0|
