+------------------------+----------------------------+--------------------+
|                        |     Supported Features     |  Program Commands  |
+========================+============================+====================+
| Compatible Layers      | Hopfield Layer,            | hopfield,          |
|                        | HopfieldLayer Layer,       | hopfield_layer,    |
|                        | HopfieldPooling Layer,     | hopfield_pooling,  |
|                        | LSTM,                      | lstm,              |
|                        | GRU                        | gru                |
+------------------------+----------------------------+--------------------+
| Supported Loss Metrics | Huber Loss,                | huber,             |
|                        | Mean Absolute Error Loss,  | mae,               |
|                        | Mean Squared Error Loss,   | mse,               |
|                        | SmoothL1 Loss              | smooth_l1          |
+------------------------+----------------------------+--------------------+
| Supported Optimizers   | RMSprop (default),         | rmsprop,           |
|                        | AdamW,                     | adam,              |
|                        | Adam,                      | adamW,             |
|                        | SGD                        |  sgd               |
+------------------------+----------------------------+--------------------+
+------------------------------+------------------------------------------+
|          Parameter           |                  Value                   |
+==============================+==========================================+
| Layer Type:                  | hopfield_pooling                         |
+------------------------------+------------------------------------------+
| Loss Metric:                 | smooth_l1                                |
+------------------------------+------------------------------------------+
| Sequence Length:             | 20                                       |
+------------------------------+------------------------------------------+
| Learning Rate:               | 0.001                                    |
+------------------------------+------------------------------------------+
| Target Update Steps:         | 100                                      |
+------------------------------+------------------------------------------+
| Optimizer:                   | rmsprop                                  |
+------------------------------+------------------------------------------+
| Weight Decay:                | 0                                        |
+------------------------------+------------------------------------------+
| Hopfield Inverse Temperature | 0.100                                    |
+------------------------------+------------------------------------------+
| Scale Q-values with lr       | False                                    |
+------------------------------+------------------------------------------+
| Hard or Soft Update          | True                                     |
+------------------------------+------------------------------------------+
| Polyak Factor                | None                                     |
+------------------------------+------------------------------------------+
| Make POMDP                   | Train: False, Hidden dims: [1], mask     |
|                              | Evaluation: True, Hidden dims: [1], mask |
+------------------------------+------------------------------------------+
---------------
| TRAINING... |
---------------
| Episode:   1 | Epsilon:  0.89 | Reward:   0.0 | Average Reward: 0.000 | Steps:   159 | Total Reward:   0.0|
| Episode:   2 | Epsilon:  0.89 | Reward:   1.0 | Average Reward: 0.500 | Steps:   370 | Total Reward:   1.0|
| Episode:   3 | Epsilon:  0.88 | Reward:   0.0 | Average Reward: 0.333 | Steps:   526 | Total Reward:   1.0|
| Episode:   4 | Epsilon:  0.87 | Reward:   0.0 | Average Reward: 0.250 | Steps:   680 | Total Reward:   1.0|
| Episode:   5 | Epsilon:  0.86 | Reward:   3.0 | Average Reward: 0.800 | Steps:  1024 | Total Reward:   4.0|
| Episode:   6 | Epsilon:  0.85 | Reward:   3.0 | Average Reward: 1.167 | Steps:  1314 | Total Reward:   7.0|
| Episode:   7 | Epsilon:  0.85 | Reward:   2.0 | Average Reward: 1.286 | Steps:  1598 | Total Reward:   9.0|
| Episode:   8 | Epsilon:  0.84 | Reward:   2.0 | Average Reward: 1.375 | Steps:  1855 | Total Reward:  11.0|
| Episode:   9 | Epsilon:  0.83 | Reward:   0.0 | Average Reward: 1.222 | Steps:  2005 | Total Reward:  11.0|
| Episode:  10 | Epsilon:  0.83 | Reward:   0.0 | Average Reward: 1.100 | Steps:  2160 | Total Reward:  11.0|
| Episode:  11 | Epsilon:  0.82 | Reward:   3.0 | Average Reward: 1.273 | Steps:  2476 | Total Reward:  14.0|
| Episode:  12 | Epsilon:  0.81 | Reward:   3.0 | Average Reward: 1.417 | Steps:  2758 | Total Reward:  17.0|
| Episode:  13 | Epsilon:  0.80 | Reward:   1.0 | Average Reward: 1.385 | Steps:  2948 | Total Reward:  18.0|
| Episode:  14 | Epsilon:  0.80 | Reward:   4.0 | Average Reward: 1.571 | Steps:  3302 | Total Reward:  22.0|
| Episode:  15 | Epsilon:  0.79 | Reward:   0.0 | Average Reward: 1.467 | Steps:  3448 | Total Reward:  22.0|
| Episode:  16 | Epsilon:  0.78 | Reward:   1.0 | Average Reward: 1.438 | Steps:  3638 | Total Reward:  23.0|
| Episode:  17 | Epsilon:  0.78 | Reward:   1.0 | Average Reward: 1.412 | Steps:  3829 | Total Reward:  24.0|
| Episode:  18 | Epsilon:  0.77 | Reward:   4.0 | Average Reward: 1.556 | Steps:  4206 | Total Reward:  28.0|
| Episode:  19 | Epsilon:  0.76 | Reward:   1.0 | Average Reward: 1.526 | Steps:  4401 | Total Reward:  29.0|
| Episode:  20 | Epsilon:  0.76 | Reward:   0.0 | Average Reward: 1.450 | Steps:  4558 | Total Reward:  29.0|
| Episode:  21 | Epsilon:  0.75 | Reward:   0.0 | Average Reward: 1.381 | Steps:  4704 | Total Reward:  29.0|
| Episode:  22 | Epsilon:  0.74 | Reward:   3.0 | Average Reward: 1.455 | Steps:  5023 | Total Reward:  32.0|
| Episode:  23 | Epsilon:  0.74 | Reward:   5.0 | Average Reward: 1.609 | Steps:  5458 | Total Reward:  37.0|
| Episode:  24 | Epsilon:  0.73 | Reward:   2.0 | Average Reward: 1.625 | Steps:  5702 | Total Reward:  39.0|
| Episode:  25 | Epsilon:  0.72 | Reward:   4.0 | Average Reward: 1.720 | Steps:  6086 | Total Reward:  43.0|
| Episode:  26 | Epsilon:  0.72 | Reward:   2.0 | Average Reward: 1.731 | Steps:  6316 | Total Reward:  45.0|
| Episode:  27 | Epsilon:  0.71 | Reward:   2.0 | Average Reward: 1.741 | Steps:  6569 | Total Reward:  47.0|
| Episode:  28 | Epsilon:  0.71 | Reward:   2.0 | Average Reward: 1.750 | Steps:  6825 | Total Reward:  49.0|
| Episode:  29 | Epsilon:  0.70 | Reward:   4.0 | Average Reward: 1.828 | Steps:  7202 | Total Reward:  53.0|
| Episode:  30 | Epsilon:  0.69 | Reward:   2.0 | Average Reward: 1.833 | Steps:  7435 | Total Reward:  55.0|
| Episode:  31 | Epsilon:  0.69 | Reward:   2.0 | Average Reward: 1.839 | Steps:  7685 | Total Reward:  57.0|
| Episode:  32 | Epsilon:  0.68 | Reward:   1.0 | Average Reward: 1.812 | Steps:  7873 | Total Reward:  58.0|
| Episode:  33 | Epsilon:  0.68 | Reward:   0.0 | Average Reward: 1.758 | Steps:  8028 | Total Reward:  58.0|
| Episode:  34 | Epsilon:  0.67 | Reward:   3.0 | Average Reward: 1.794 | Steps:  8345 | Total Reward:  61.0|
| Episode:  35 | Epsilon:  0.66 | Reward:   3.0 | Average Reward: 1.829 | Steps:  8681 | Total Reward:  64.0|
| Episode:  36 | Epsilon:  0.66 | Reward:   0.0 | Average Reward: 1.778 | Steps:  8837 | Total Reward:  64.0|
| Episode:  37 | Epsilon:  0.65 | Reward:   3.0 | Average Reward: 1.811 | Steps:  9189 | Total Reward:  67.0|
| Episode:  38 | Epsilon:  0.65 | Reward:   2.0 | Average Reward: 1.816 | Steps:  9445 | Total Reward:  69.0|
| Episode:  39 | Epsilon:  0.64 | Reward:   2.0 | Average Reward: 1.821 | Steps:  9701 | Total Reward:  71.0|
| Episode:  40 | Epsilon:  0.64 | Reward:   3.0 | Average Reward: 1.850 | Steps: 10010 | Total Reward:  74.0|
| Episode:  41 | Epsilon:  0.63 | Reward:   1.0 | Average Reward: 1.829 | Steps: 10227 | Total Reward:  75.0|
| Episode:  42 | Epsilon:  0.63 | Reward:   1.0 | Average Reward: 1.810 | Steps: 10436 | Total Reward:  76.0|
| Episode:  43 | Epsilon:  0.62 | Reward:   0.0 | Average Reward: 1.767 | Steps: 10595 | Total Reward:  76.0|
| Episode:  44 | Epsilon:  0.62 | Reward:   2.0 | Average Reward: 1.773 | Steps: 10876 | Total Reward:  78.0|
| Episode:  45 | Epsilon:  0.61 | Reward:   1.0 | Average Reward: 1.756 | Steps: 11091 | Total Reward:  79.0|
| Episode:  46 | Epsilon:  0.61 | Reward:   4.0 | Average Reward: 1.804 | Steps: 11471 | Total Reward:  83.0|
| Episode:  47 | Epsilon:  0.60 | Reward:   0.0 | Average Reward: 1.766 | Steps: 11617 | Total Reward:  83.0|
| Episode:  48 | Epsilon:  0.60 | Reward:   2.0 | Average Reward: 1.771 | Steps: 11876 | Total Reward:  85.0|
| Episode:  49 | Epsilon:  0.59 | Reward:   2.0 | Average Reward: 1.776 | Steps: 12133 | Total Reward:  87.0|
| Episode:  50 | Epsilon:  0.59 | Reward:   2.0 | Average Reward: 1.780 | Steps: 12409 | Total Reward:  89.0|
| Episode:  51 | Epsilon:  0.58 | Reward:   1.0 | Average Reward: 1.765 | Steps: 12605 | Total Reward:  90.0|
| Episode:  52 | Epsilon:  0.58 | Reward:   0.0 | Average Reward: 1.731 | Steps: 12753 | Total Reward:  90.0|
| Episode:  53 | Epsilon:  0.57 | Reward:   2.0 | Average Reward: 1.736 | Steps: 13005 | Total Reward:  92.0|
| Episode:  54 | Epsilon:  0.57 | Reward:   2.0 | Average Reward: 1.741 | Steps: 13258 | Total Reward:  94.0|
| Episode:  55 | Epsilon:  0.56 | Reward:   0.0 | Average Reward: 1.709 | Steps: 13408 | Total Reward:  94.0|
| Episode:  56 | Epsilon:  0.56 | Reward:   1.0 | Average Reward: 1.696 | Steps: 13624 | Total Reward:  95.0|
| Episode:  57 | Epsilon:  0.55 | Reward:   1.0 | Average Reward: 1.684 | Steps: 13838 | Total Reward:  96.0|
| Episode:  58 | Epsilon:  0.55 | Reward:   0.0 | Average Reward: 1.655 | Steps: 14000 | Total Reward:  96.0|
| Episode:  59 | Epsilon:  0.54 | Reward:   3.0 | Average Reward: 1.678 | Steps: 14348 | Total Reward:  99.0|
| Episode:  60 | Epsilon:  0.54 | Reward:   0.0 | Average Reward: 1.650 | Steps: 14496 | Total Reward:  99.0|
| Episode:  61 | Epsilon:  0.54 | Reward:   1.0 | Average Reward: 1.639 | Steps: 14696 | Total Reward: 100.0|
| Episode:  62 | Epsilon:  0.53 | Reward:   2.0 | Average Reward: 1.645 | Steps: 14975 | Total Reward: 102.0|
| Episode:  63 | Epsilon:  0.53 | Reward:   1.0 | Average Reward: 1.635 | Steps: 15170 | Total Reward: 103.0|
| Episode:  64 | Epsilon:  0.52 | Reward:   0.0 | Average Reward: 1.609 | Steps: 15324 | Total Reward: 103.0|
| Episode:  65 | Epsilon:  0.52 | Reward:   0.0 | Average Reward: 1.585 | Steps: 15487 | Total Reward: 103.0|
| Episode:  66 | Epsilon:  0.51 | Reward:   3.0 | Average Reward: 1.606 | Steps: 15825 | Total Reward: 106.0|
| Episode:  67 | Epsilon:  0.51 | Reward:   0.0 | Average Reward: 1.582 | Steps: 15980 | Total Reward: 106.0|
| Episode:  68 | Epsilon:  0.51 | Reward:   3.0 | Average Reward: 1.603 | Steps: 16299 | Total Reward: 109.0|
| Episode:  69 | Epsilon:  0.50 | Reward:   0.0 | Average Reward: 1.580 | Steps: 16456 | Total Reward: 109.0|
| Episode:  70 | Epsilon:  0.50 | Reward:   4.0 | Average Reward: 1.614 | Steps: 16838 | Total Reward: 113.0|
| Episode:  71 | Epsilon:  0.49 | Reward:   2.0 | Average Reward: 1.620 | Steps: 17096 | Total Reward: 115.0|
| Episode:  72 | Epsilon:  0.49 | Reward:   5.0 | Average Reward: 1.667 | Steps: 17506 | Total Reward: 120.0|
| Episode:  73 | Epsilon:  0.49 | Reward:   3.0 | Average Reward: 1.685 | Steps: 17827 | Total Reward: 123.0|
| Episode:  74 | Epsilon:  0.48 | Reward:   4.0 | Average Reward: 1.716 | Steps: 18179 | Total Reward: 127.0|
| Episode:  75 | Epsilon:  0.48 | Reward:   0.0 | Average Reward: 1.693 | Steps: 18329 | Total Reward: 127.0|
| Episode:  76 | Epsilon:  0.47 | Reward:   2.0 | Average Reward: 1.697 | Steps: 18576 | Total Reward: 129.0|
| Episode:  77 | Epsilon:  0.47 | Reward:   0.0 | Average Reward: 1.675 | Steps: 18737 | Total Reward: 129.0|
| Episode:  78 | Epsilon:  0.47 | Reward:   0.0 | Average Reward: 1.654 | Steps: 18890 | Total Reward: 129.0|
| Episode:  79 | Epsilon:  0.46 | Reward:   1.0 | Average Reward: 1.646 | Steps: 19085 | Total Reward: 130.0|
| Episode:  80 | Epsilon:  0.46 | Reward:   2.0 | Average Reward: 1.650 | Steps: 19343 | Total Reward: 132.0|
| Episode:  81 | Epsilon:  0.46 | Reward:   2.0 | Average Reward: 1.654 | Steps: 19594 | Total Reward: 134.0|
| Episode:  82 | Epsilon:  0.45 | Reward:   0.0 | Average Reward: 1.634 | Steps: 19749 | Total Reward: 134.0|
| Episode:  83 | Epsilon:  0.45 | Reward:   2.0 | Average Reward: 1.639 | Steps: 19992 | Total Reward: 136.0|
| Episode:  84 | Epsilon:  0.45 | Reward:   0.0 | Average Reward: 1.619 | Steps: 20137 | Total Reward: 136.0|
| Episode:  85 | Epsilon:  0.44 | Reward:   0.0 | Average Reward: 1.600 | Steps: 20293 | Total Reward: 136.0|
| Episode:  86 | Epsilon:  0.44 | Reward:   2.0 | Average Reward: 1.605 | Steps: 20551 | Total Reward: 138.0|
| Episode:  87 | Epsilon:  0.44 | Reward:   2.0 | Average Reward: 1.609 | Steps: 20799 | Total Reward: 140.0|
| Episode:  88 | Epsilon:  0.43 | Reward:   0.0 | Average Reward: 1.591 | Steps: 20965 | Total Reward: 140.0|
| Episode:  89 | Epsilon:  0.43 | Reward:   1.0 | Average Reward: 1.584 | Steps: 21155 | Total Reward: 141.0|
| Episode:  90 | Epsilon:  0.43 | Reward:   2.0 | Average Reward: 1.589 | Steps: 21416 | Total Reward: 143.0|
| Episode:  91 | Epsilon:  0.42 | Reward:   1.0 | Average Reward: 1.582 | Steps: 21607 | Total Reward: 144.0|
| Episode:  92 | Epsilon:  0.42 | Reward:   2.0 | Average Reward: 1.587 | Steps: 21860 | Total Reward: 146.0|
| Episode:  93 | Epsilon:  0.42 | Reward:   0.0 | Average Reward: 1.570 | Steps: 22035 | Total Reward: 146.0|
| Episode:  94 | Epsilon:  0.41 | Reward:   3.0 | Average Reward: 1.585 | Steps: 22333 | Total Reward: 149.0|
| Episode:  95 | Epsilon:  0.41 | Reward:   1.0 | Average Reward: 1.579 | Steps: 22530 | Total Reward: 150.0|
| Episode:  96 | Epsilon:  0.41 | Reward:   1.0 | Average Reward: 1.573 | Steps: 22748 | Total Reward: 151.0|
| Episode:  97 | Epsilon:  0.40 | Reward:   2.0 | Average Reward: 1.577 | Steps: 23001 | Total Reward: 153.0|
| Episode:  98 | Epsilon:  0.40 | Reward:   0.0 | Average Reward: 1.561 | Steps: 23150 | Total Reward: 153.0|
| Episode:  99 | Epsilon:  0.40 | Reward:   0.0 | Average Reward: 1.545 | Steps: 23303 | Total Reward: 153.0|
| Episode: 100 | Epsilon:  0.39 | Reward:   2.0 | Average Reward: 1.550 | Steps: 23584 | Total Reward: 155.0|
| Episode: 101 | Epsilon:  0.39 | Reward:   3.0 | Average Reward: 1.580 | Steps: 23939 | Total Reward: 158.0|
| Episode: 102 | Epsilon:  0.39 | Reward:   2.0 | Average Reward: 1.590 | Steps: 24186 | Total Reward: 160.0|
| Episode: 103 | Epsilon:  0.39 | Reward:   1.0 | Average Reward: 1.600 | Steps: 24372 | Total Reward: 161.0|
| Episode: 104 | Epsilon:  0.38 | Reward:   0.0 | Average Reward: 1.600 | Steps: 24522 | Total Reward: 161.0|
| Episode: 105 | Epsilon:  0.38 | Reward:   2.0 | Average Reward: 1.590 | Steps: 24765 | Total Reward: 163.0|
| Episode: 106 | Epsilon:  0.38 | Reward:   2.0 | Average Reward: 1.580 | Steps: 25016 | Total Reward: 165.0|
| Episode: 107 | Epsilon:  0.37 | Reward:   3.0 | Average Reward: 1.590 | Steps: 25312 | Total Reward: 168.0|
| Episode: 108 | Epsilon:  0.37 | Reward:   2.0 | Average Reward: 1.590 | Steps: 25559 | Total Reward: 170.0|
| Episode: 109 | Epsilon:  0.37 | Reward:   0.0 | Average Reward: 1.590 | Steps: 25721 | Total Reward: 170.0|
| Episode: 110 | Epsilon:  0.37 | Reward:   2.0 | Average Reward: 1.610 | Steps: 25977 | Total Reward: 172.0|
| Episode: 111 | Epsilon:  0.36 | Reward:   3.0 | Average Reward: 1.610 | Steps: 26294 | Total Reward: 175.0|
| Episode: 112 | Epsilon:  0.36 | Reward:   4.0 | Average Reward: 1.620 | Steps: 26686 | Total Reward: 179.0|
| Episode: 113 | Epsilon:  0.36 | Reward:   2.0 | Average Reward: 1.630 | Steps: 26966 | Total Reward: 181.0|
| Episode: 114 | Epsilon:  0.36 | Reward:   0.0 | Average Reward: 1.590 | Steps: 27121 | Total Reward: 181.0|
| Episode: 115 | Epsilon:  0.35 | Reward:   0.0 | Average Reward: 1.590 | Steps: 27273 | Total Reward: 181.0|
| Episode: 116 | Epsilon:  0.35 | Reward:   3.0 | Average Reward: 1.610 | Steps: 27594 | Total Reward: 184.0|
| Episode: 117 | Epsilon:  0.35 | Reward:   0.0 | Average Reward: 1.600 | Steps: 27779 | Total Reward: 184.0|
| Episode: 118 | Epsilon:  0.35 | Reward:   3.0 | Average Reward: 1.590 | Steps: 28123 | Total Reward: 187.0|
| Episode: 119 | Epsilon:  0.34 | Reward:   0.0 | Average Reward: 1.580 | Steps: 28278 | Total Reward: 187.0|
| Episode: 120 | Epsilon:  0.34 | Reward:   1.0 | Average Reward: 1.590 | Steps: 28466 | Total Reward: 188.0|
| Episode: 121 | Epsilon:  0.34 | Reward:   1.0 | Average Reward: 1.600 | Steps: 28657 | Total Reward: 189.0|
| Episode: 122 | Epsilon:  0.34 | Reward:   1.0 | Average Reward: 1.580 | Steps: 28850 | Total Reward: 190.0|
| Episode: 123 | Epsilon:  0.33 | Reward:   4.0 | Average Reward: 1.570 | Steps: 29201 | Total Reward: 194.0|
| Episode: 124 | Epsilon:  0.33 | Reward:   0.0 | Average Reward: 1.550 | Steps: 29351 | Total Reward: 194.0|
| Episode: 125 | Epsilon:  0.33 | Reward:   0.0 | Average Reward: 1.510 | Steps: 29501 | Total Reward: 194.0|
| Episode: 126 | Epsilon:  0.33 | Reward:   2.0 | Average Reward: 1.510 | Steps: 29763 | Total Reward: 196.0|
| Episode: 127 | Epsilon:  0.33 | Reward:   2.0 | Average Reward: 1.510 | Steps: 30032 | Total Reward: 198.0|
| Episode: 128 | Epsilon:  0.32 | Reward:   0.0 | Average Reward: 1.490 | Steps: 30186 | Total Reward: 198.0|
| Episode: 129 | Epsilon:  0.32 | Reward:   1.0 | Average Reward: 1.460 | Steps: 30382 | Total Reward: 199.0|
| Episode: 130 | Epsilon:  0.32 | Reward:   4.0 | Average Reward: 1.480 | Steps: 30738 | Total Reward: 203.0|
| Episode: 131 | Epsilon:  0.32 | Reward:   2.0 | Average Reward: 1.480 | Steps: 30994 | Total Reward: 205.0|
| Episode: 132 | Epsilon:  0.31 | Reward:   3.0 | Average Reward: 1.500 | Steps: 31315 | Total Reward: 208.0|
| Episode: 133 | Epsilon:  0.31 | Reward:   2.0 | Average Reward: 1.520 | Steps: 31566 | Total Reward: 210.0|
| Episode: 134 | Epsilon:  0.31 | Reward:   4.0 | Average Reward: 1.530 | Steps: 31977 | Total Reward: 214.0|
| Episode: 135 | Epsilon:  0.31 | Reward:   0.0 | Average Reward: 1.500 | Steps: 32126 | Total Reward: 214.0|
| Episode: 136 | Epsilon:  0.31 | Reward:   1.0 | Average Reward: 1.510 | Steps: 32315 | Total Reward: 215.0|
| Episode: 137 | Epsilon:  0.30 | Reward:   0.0 | Average Reward: 1.480 | Steps: 32471 | Total Reward: 215.0|
| Episode: 138 | Epsilon:  0.30 | Reward:   3.0 | Average Reward: 1.490 | Steps: 32792 | Total Reward: 218.0|
| Episode: 139 | Epsilon:  0.30 | Reward:   0.0 | Average Reward: 1.470 | Steps: 32953 | Total Reward: 218.0|
| Episode: 140 | Epsilon:  0.30 | Reward:   2.0 | Average Reward: 1.460 | Steps: 33214 | Total Reward: 220.0|
| Episode: 141 | Epsilon:  0.30 | Reward:   2.0 | Average Reward: 1.470 | Steps: 33472 | Total Reward: 222.0|
| Episode: 142 | Epsilon:  0.29 | Reward:   0.0 | Average Reward: 1.460 | Steps: 33628 | Total Reward: 222.0|
| Episode: 143 | Epsilon:  0.29 | Reward:   0.0 | Average Reward: 1.460 | Steps: 33773 | Total Reward: 222.0|
| Episode: 144 | Epsilon:  0.29 | Reward:   0.0 | Average Reward: 1.440 | Steps: 33932 | Total Reward: 222.0|
| Episode: 145 | Epsilon:  0.29 | Reward:   0.0 | Average Reward: 1.430 | Steps: 34081 | Total Reward: 222.0|
| Episode: 146 | Epsilon:  0.29 | Reward:   4.0 | Average Reward: 1.430 | Steps: 34442 | Total Reward: 226.0|
| Episode: 147 | Epsilon:  0.28 | Reward:   2.0 | Average Reward: 1.450 | Steps: 34698 | Total Reward: 228.0|
| Episode: 148 | Epsilon:  0.28 | Reward:   2.0 | Average Reward: 1.450 | Steps: 34954 | Total Reward: 230.0|
| Episode: 149 | Epsilon:  0.28 | Reward:   3.0 | Average Reward: 1.460 | Steps: 35275 | Total Reward: 233.0|
| Episode: 150 | Epsilon:  0.28 | Reward:   1.0 | Average Reward: 1.450 | Steps: 35478 | Total Reward: 234.0|
| Episode: 151 | Epsilon:  0.28 | Reward:   4.0 | Average Reward: 1.480 | Steps: 35857 | Total Reward: 238.0|
| Episode: 152 | Epsilon:  0.28 | Reward:   0.0 | Average Reward: 1.480 | Steps: 36008 | Total Reward: 238.0|
| Episode: 153 | Epsilon:  0.27 | Reward:   1.0 | Average Reward: 1.470 | Steps: 36224 | Total Reward: 239.0|
| Episode: 154 | Epsilon:  0.27 | Reward:   1.0 | Average Reward: 1.460 | Steps: 36407 | Total Reward: 240.0|
| Episode: 155 | Epsilon:  0.27 | Reward:   4.0 | Average Reward: 1.500 | Steps: 36791 | Total Reward: 244.0|
| Episode: 156 | Epsilon:  0.27 | Reward:   2.0 | Average Reward: 1.510 | Steps: 37049 | Total Reward: 246.0|
| Episode: 157 | Epsilon:  0.27 | Reward:   0.0 | Average Reward: 1.500 | Steps: 37208 | Total Reward: 246.0|
| Episode: 158 | Epsilon:  0.27 | Reward:   5.0 | Average Reward: 1.550 | Steps: 37623 | Total Reward: 251.0|
| Episode: 159 | Epsilon:  0.26 | Reward:   1.0 | Average Reward: 1.530 | Steps: 37835 | Total Reward: 252.0|
| Episode: 160 | Epsilon:  0.26 | Reward:   0.0 | Average Reward: 1.530 | Steps: 37989 | Total Reward: 252.0|
| Episode: 161 | Epsilon:  0.26 | Reward:   1.0 | Average Reward: 1.530 | Steps: 38204 | Total Reward: 253.0|
| Episode: 162 | Epsilon:  0.26 | Reward:   5.0 | Average Reward: 1.560 | Steps: 38632 | Total Reward: 258.0|
| Episode: 163 | Epsilon:  0.26 | Reward:   0.0 | Average Reward: 1.550 | Steps: 38788 | Total Reward: 258.0|
| Episode: 164 | Epsilon:  0.26 | Reward:   2.0 | Average Reward: 1.570 | Steps: 39052 | Total Reward: 260.0|
| Episode: 165 | Epsilon:  0.25 | Reward:   1.0 | Average Reward: 1.580 | Steps: 39265 | Total Reward: 261.0|
| Episode: 166 | Epsilon:  0.25 | Reward:   2.0 | Average Reward: 1.570 | Steps: 39519 | Total Reward: 263.0|
| Episode: 167 | Epsilon:  0.25 | Reward:   0.0 | Average Reward: 1.570 | Steps: 39676 | Total Reward: 263.0|
| Episode: 168 | Epsilon:  0.25 | Reward:   3.0 | Average Reward: 1.570 | Steps: 40030 | Total Reward: 266.0|
| Episode: 169 | Epsilon:  0.25 | Reward:   0.0 | Average Reward: 1.570 | Steps: 40186 | Total Reward: 266.0|
| Episode: 170 | Epsilon:  0.25 | Reward:   0.0 | Average Reward: 1.530 | Steps: 40342 | Total Reward: 266.0|
| Episode: 171 | Epsilon:  0.24 | Reward:   0.0 | Average Reward: 1.510 | Steps: 40494 | Total Reward: 266.0|
| Episode: 172 | Epsilon:  0.24 | Reward:   1.0 | Average Reward: 1.470 | Steps: 40687 | Total Reward: 267.0|
| Episode: 173 | Epsilon:  0.24 | Reward:   1.0 | Average Reward: 1.450 | Steps: 40880 | Total Reward: 268.0|
| Episode: 174 | Epsilon:  0.24 | Reward:   2.0 | Average Reward: 1.430 | Steps: 41126 | Total Reward: 270.0|
| Episode: 175 | Epsilon:  0.24 | Reward:   3.0 | Average Reward: 1.460 | Steps: 41462 | Total Reward: 273.0|
| Episode: 176 | Epsilon:  0.24 | Reward:   0.0 | Average Reward: 1.440 | Steps: 41608 | Total Reward: 273.0|
| Episode: 177 | Epsilon:  0.24 | Reward:   2.0 | Average Reward: 1.460 | Steps: 41858 | Total Reward: 275.0|
| Episode: 178 | Epsilon:  0.24 | Reward:   0.0 | Average Reward: 1.460 | Steps: 42014 | Total Reward: 275.0|
| Episode: 179 | Epsilon:  0.23 | Reward:   2.0 | Average Reward: 1.470 | Steps: 42278 | Total Reward: 277.0|
| Episode: 180 | Epsilon:  0.23 | Reward:   2.0 | Average Reward: 1.470 | Steps: 42530 | Total Reward: 279.0|
| Episode: 181 | Epsilon:  0.23 | Reward:   0.0 | Average Reward: 1.450 | Steps: 42682 | Total Reward: 279.0|
| Episode: 182 | Epsilon:  0.23 | Reward:   2.0 | Average Reward: 1.470 | Steps: 42935 | Total Reward: 281.0|
| Episode: 183 | Epsilon:  0.23 | Reward:   1.0 | Average Reward: 1.460 | Steps: 43131 | Total Reward: 282.0|
| Episode: 184 | Epsilon:  0.23 | Reward:   0.0 | Average Reward: 1.460 | Steps: 43284 | Total Reward: 282.0|
| Episode: 185 | Epsilon:  0.23 | Reward:   2.0 | Average Reward: 1.480 | Steps: 43548 | Total Reward: 284.0|
| Episode: 186 | Epsilon:  0.22 | Reward:   5.0 | Average Reward: 1.510 | Steps: 43979 | Total Reward: 289.0|
| Episode: 187 | Epsilon:  0.22 | Reward:   0.0 | Average Reward: 1.490 | Steps: 44129 | Total Reward: 289.0|
| Episode: 188 | Epsilon:  0.22 | Reward:   0.0 | Average Reward: 1.490 | Steps: 44285 | Total Reward: 289.0|
| Episode: 189 | Epsilon:  0.22 | Reward:   3.0 | Average Reward: 1.510 | Steps: 44618 | Total Reward: 292.0|
| Episode: 190 | Epsilon:  0.22 | Reward:   0.0 | Average Reward: 1.490 | Steps: 44806 | Total Reward: 292.0|
| Episode: 191 | Epsilon:  0.22 | Reward:   0.0 | Average Reward: 1.480 | Steps: 44967 | Total Reward: 292.0|
| Episode: 192 | Epsilon:  0.22 | Reward:   1.0 | Average Reward: 1.470 | Steps: 45183 | Total Reward: 293.0|
| Episode: 193 | Epsilon:  0.22 | Reward:   0.0 | Average Reward: 1.470 | Steps: 45331 | Total Reward: 293.0|
| Episode: 194 | Epsilon:  0.22 | Reward:   0.0 | Average Reward: 1.440 | Steps: 45491 | Total Reward: 293.0|
| Episode: 195 | Epsilon:  0.21 | Reward:   3.0 | Average Reward: 1.460 | Steps: 45840 | Total Reward: 296.0|
| Episode: 196 | Epsilon:  0.21 | Reward:   4.0 | Average Reward: 1.490 | Steps: 46254 | Total Reward: 300.0|
| Episode: 197 | Epsilon:  0.21 | Reward:   0.0 | Average Reward: 1.470 | Steps: 46407 | Total Reward: 300.0|
| Episode: 198 | Epsilon:  0.21 | Reward:   0.0 | Average Reward: 1.470 | Steps: 46558 | Total Reward: 300.0|
| Episode: 199 | Epsilon:  0.21 | Reward:   2.0 | Average Reward: 1.490 | Steps: 46845 | Total Reward: 302.0|
| Episode: 200 | Epsilon:  0.21 | Reward:   0.0 | Average Reward: 1.470 | Steps: 47003 | Total Reward: 302.0|
| Episode: 201 | Epsilon:  0.21 | Reward:   4.0 | Average Reward: 1.480 | Steps: 47398 | Total Reward: 306.0|
| Episode: 202 | Epsilon:  0.21 | Reward:   1.0 | Average Reward: 1.470 | Steps: 47591 | Total Reward: 307.0|
| Episode: 203 | Epsilon:  0.21 | Reward:   0.0 | Average Reward: 1.460 | Steps: 47748 | Total Reward: 307.0|
| Episode: 204 | Epsilon:  0.20 | Reward:   2.0 | Average Reward: 1.480 | Steps: 48005 | Total Reward: 309.0|
| Episode: 205 | Epsilon:  0.20 | Reward:   0.0 | Average Reward: 1.460 | Steps: 48162 | Total Reward: 309.0|
| Episode: 206 | Epsilon:  0.20 | Reward:   2.0 | Average Reward: 1.460 | Steps: 48450 | Total Reward: 311.0|
| Episode: 207 | Epsilon:  0.20 | Reward:   2.0 | Average Reward: 1.450 | Steps: 48702 | Total Reward: 313.0|
| Episode: 208 | Epsilon:  0.20 | Reward:   0.0 | Average Reward: 1.430 | Steps: 48857 | Total Reward: 313.0|
| Episode: 209 | Epsilon:  0.20 | Reward:   1.0 | Average Reward: 1.440 | Steps: 49073 | Total Reward: 314.0|
| Episode: 210 | Epsilon:  0.20 | Reward:   2.0 | Average Reward: 1.440 | Steps: 49318 | Total Reward: 316.0|
| Episode: 211 | Epsilon:  0.20 | Reward:   0.0 | Average Reward: 1.410 | Steps: 49475 | Total Reward: 316.0|
| Episode: 212 | Epsilon:  0.20 | Reward:   2.0 | Average Reward: 1.390 | Steps: 49727 | Total Reward: 318.0|
| Episode: 213 | Epsilon:  0.20 | Reward:   2.0 | Average Reward: 1.390 | Steps: 49977 | Total Reward: 320.0|
| Episode: 214 | Epsilon:  0.19 | Reward:   0.0 | Average Reward: 1.390 | Steps: 50132 | Total Reward: 320.0|
| Episode: 215 | Epsilon:  0.19 | Reward:   0.0 | Average Reward: 1.390 | Steps: 50289 | Total Reward: 320.0|
| Episode: 216 | Epsilon:  0.19 | Reward:   0.0 | Average Reward: 1.360 | Steps: 50449 | Total Reward: 320.0|
| Episode: 217 | Epsilon:  0.19 | Reward:   0.0 | Average Reward: 1.360 | Steps: 50603 | Total Reward: 320.0|
| Episode: 218 | Epsilon:  0.19 | Reward:   0.0 | Average Reward: 1.330 | Steps: 50766 | Total Reward: 320.0|
| Episode: 219 | Epsilon:  0.19 | Reward:   0.0 | Average Reward: 1.330 | Steps: 50917 | Total Reward: 320.0|
| Episode: 220 | Epsilon:  0.19 | Reward:   3.0 | Average Reward: 1.350 | Steps: 51246 | Total Reward: 323.0|
| Episode: 221 | Epsilon:  0.19 | Reward:   2.0 | Average Reward: 1.360 | Steps: 51505 | Total Reward: 325.0|
| Episode: 222 | Epsilon:  0.19 | Reward:   3.0 | Average Reward: 1.380 | Steps: 51823 | Total Reward: 328.0|
| Episode: 223 | Epsilon:  0.19 | Reward:   1.0 | Average Reward: 1.350 | Steps: 52065 | Total Reward: 329.0|
| Episode: 224 | Epsilon:  0.19 | Reward:   2.0 | Average Reward: 1.370 | Steps: 52323 | Total Reward: 331.0|
| Episode: 225 | Epsilon:  0.18 | Reward:   2.0 | Average Reward: 1.390 | Steps: 52573 | Total Reward: 333.0|
| Episode: 226 | Epsilon:  0.18 | Reward:   3.0 | Average Reward: 1.400 | Steps: 52857 | Total Reward: 336.0|
| Episode: 227 | Epsilon:  0.18 | Reward:   0.0 | Average Reward: 1.380 | Steps: 53031 | Total Reward: 336.0|
| Episode: 228 | Epsilon:  0.18 | Reward:   0.0 | Average Reward: 1.380 | Steps: 53179 | Total Reward: 336.0|
| Episode: 229 | Epsilon:  0.18 | Reward:   2.0 | Average Reward: 1.390 | Steps: 53435 | Total Reward: 338.0|
| Episode: 230 | Epsilon:  0.18 | Reward:   2.0 | Average Reward: 1.370 | Steps: 53706 | Total Reward: 340.0|
| Episode: 231 | Epsilon:  0.18 | Reward:   0.0 | Average Reward: 1.350 | Steps: 53855 | Total Reward: 340.0|
| Episode: 232 | Epsilon:  0.18 | Reward:   0.0 | Average Reward: 1.320 | Steps: 54035 | Total Reward: 340.0|
| Episode: 233 | Epsilon:  0.18 | Reward:   0.0 | Average Reward: 1.300 | Steps: 54188 | Total Reward: 340.0|
| Episode: 234 | Epsilon:  0.18 | Reward:   4.0 | Average Reward: 1.300 | Steps: 54655 | Total Reward: 344.0|
| Episode: 235 | Epsilon:  0.18 | Reward:   1.0 | Average Reward: 1.310 | Steps: 54873 | Total Reward: 345.0|
| Episode: 236 | Epsilon:  0.18 | Reward:   2.0 | Average Reward: 1.320 | Steps: 55125 | Total Reward: 347.0|
| Episode: 237 | Epsilon:  0.17 | Reward:   2.0 | Average Reward: 1.340 | Steps: 55380 | Total Reward: 349.0|
| Episode: 238 | Epsilon:  0.17 | Reward:   5.0 | Average Reward: 1.360 | Steps: 55835 | Total Reward: 354.0|
| Episode: 239 | Epsilon:  0.17 | Reward:   1.0 | Average Reward: 1.370 | Steps: 56047 | Total Reward: 355.0|
| Episode: 240 | Epsilon:  0.17 | Reward:   2.0 | Average Reward: 1.370 | Steps: 56302 | Total Reward: 357.0|
| Episode: 241 | Epsilon:  0.17 | Reward:   0.0 | Average Reward: 1.350 | Steps: 56455 | Total Reward: 357.0|
| Episode: 242 | Epsilon:  0.17 | Reward:   0.0 | Average Reward: 1.350 | Steps: 56606 | Total Reward: 357.0|
| Episode: 243 | Epsilon:  0.17 | Reward:   0.0 | Average Reward: 1.350 | Steps: 56759 | Total Reward: 357.0|
| Episode: 244 | Epsilon:  0.17 | Reward:   0.0 | Average Reward: 1.350 | Steps: 56919 | Total Reward: 357.0|
| Episode: 245 | Epsilon:  0.17 | Reward:   4.0 | Average Reward: 1.390 | Steps: 57298 | Total Reward: 361.0|
| Episode: 246 | Epsilon:  0.17 | Reward:   0.0 | Average Reward: 1.350 | Steps: 57458 | Total Reward: 361.0|
| Episode: 247 | Epsilon:  0.17 | Reward:   3.0 | Average Reward: 1.360 | Steps: 57797 | Total Reward: 364.0|
| Episode: 248 | Epsilon:  0.17 | Reward:   2.0 | Average Reward: 1.360 | Steps: 58078 | Total Reward: 366.0|
| Episode: 249 | Epsilon:  0.17 | Reward:   3.0 | Average Reward: 1.360 | Steps: 58369 | Total Reward: 369.0|
| Episode: 250 | Epsilon:  0.17 | Reward:   2.0 | Average Reward: 1.370 | Steps: 58628 | Total Reward: 371.0|
| Episode: 251 | Epsilon:  0.17 | Reward:   1.0 | Average Reward: 1.340 | Steps: 58850 | Total Reward: 372.0|
| Episode: 252 | Epsilon:  0.16 | Reward:   2.0 | Average Reward: 1.360 | Steps: 59161 | Total Reward: 374.0|
| Episode: 253 | Epsilon:  0.16 | Reward:   0.0 | Average Reward: 1.350 | Steps: 59326 | Total Reward: 374.0|
| Episode: 254 | Epsilon:  0.16 | Reward:   0.0 | Average Reward: 1.340 | Steps: 59477 | Total Reward: 374.0|
| Episode: 255 | Epsilon:  0.16 | Reward:   2.0 | Average Reward: 1.320 | Steps: 59749 | Total Reward: 376.0|
| Episode: 256 | Epsilon:  0.16 | Reward:   4.0 | Average Reward: 1.340 | Steps: 60142 | Total Reward: 380.0|
| Episode: 257 | Epsilon:  0.16 | Reward:   2.0 | Average Reward: 1.360 | Steps: 60393 | Total Reward: 382.0|
| Episode: 258 | Epsilon:  0.16 | Reward:   0.0 | Average Reward: 1.310 | Steps: 60550 | Total Reward: 382.0|
| Episode: 259 | Epsilon:  0.16 | Reward:   2.0 | Average Reward: 1.320 | Steps: 60805 | Total Reward: 384.0|
| Episode: 260 | Epsilon:  0.16 | Reward:   2.0 | Average Reward: 1.340 | Steps: 61052 | Total Reward: 386.0|
| Episode: 261 | Epsilon:  0.16 | Reward:   0.0 | Average Reward: 1.330 | Steps: 61205 | Total Reward: 386.0|
| Episode: 262 | Epsilon:  0.16 | Reward:   2.0 | Average Reward: 1.300 | Steps: 61453 | Total Reward: 388.0|
| Episode: 263 | Epsilon:  0.16 | Reward:   2.0 | Average Reward: 1.320 | Steps: 61705 | Total Reward: 390.0|
| Episode: 264 | Epsilon:  0.16 | Reward:   2.0 | Average Reward: 1.320 | Steps: 61989 | Total Reward: 392.0|
| Episode: 265 | Epsilon:  0.16 | Reward:   1.0 | Average Reward: 1.320 | Steps: 62273 | Total Reward: 393.0|
| Episode: 266 | Epsilon:  0.16 | Reward:   1.0 | Average Reward: 1.310 | Steps: 62473 | Total Reward: 394.0|
| Episode: 267 | Epsilon:  0.16 | Reward:   0.0 | Average Reward: 1.310 | Steps: 62626 | Total Reward: 394.0|
| Episode: 268 | Epsilon:  0.15 | Reward:   2.0 | Average Reward: 1.300 | Steps: 62884 | Total Reward: 396.0|
| Episode: 269 | Epsilon:  0.15 | Reward:   2.0 | Average Reward: 1.320 | Steps: 63118 | Total Reward: 398.0|
| Episode: 270 | Epsilon:  0.15 | Reward:   2.0 | Average Reward: 1.340 | Steps: 63456 | Total Reward: 400.0|
| Episode: 271 | Epsilon:  0.15 | Reward:   3.0 | Average Reward: 1.370 | Steps: 63803 | Total Reward: 403.0|
| Episode: 272 | Epsilon:  0.15 | Reward:   2.0 | Average Reward: 1.380 | Steps: 64025 | Total Reward: 405.0|
| Episode: 273 | Epsilon:  0.15 | Reward:   5.0 | Average Reward: 1.420 | Steps: 64426 | Total Reward: 410.0|
| Episode: 274 | Epsilon:  0.15 | Reward:   3.0 | Average Reward: 1.430 | Steps: 64747 | Total Reward: 413.0|
| Episode: 275 | Epsilon:  0.15 | Reward:   2.0 | Average Reward: 1.420 | Steps: 64995 | Total Reward: 415.0|
| Episode: 276 | Epsilon:  0.15 | Reward:   2.0 | Average Reward: 1.440 | Steps: 65252 | Total Reward: 417.0|
| Episode: 277 | Epsilon:  0.15 | Reward:   1.0 | Average Reward: 1.430 | Steps: 65477 | Total Reward: 418.0|
| Episode: 278 | Epsilon:  0.15 | Reward:   3.0 | Average Reward: 1.460 | Steps: 65777 | Total Reward: 421.0|
| Episode: 279 | Epsilon:  0.15 | Reward:   3.0 | Average Reward: 1.470 | Steps: 66105 | Total Reward: 424.0|
| Episode: 280 | Epsilon:  0.15 | Reward:   0.0 | Average Reward: 1.450 | Steps: 66255 | Total Reward: 424.0|
| Episode: 281 | Epsilon:  0.15 | Reward:   0.0 | Average Reward: 1.450 | Steps: 66411 | Total Reward: 424.0|
| Episode: 282 | Epsilon:  0.15 | Reward:   2.0 | Average Reward: 1.450 | Steps: 66660 | Total Reward: 426.0|
| Episode: 283 | Epsilon:  0.15 | Reward:   0.0 | Average Reward: 1.440 | Steps: 66813 | Total Reward: 426.0|
| Episode: 284 | Epsilon:  0.15 | Reward:   0.0 | Average Reward: 1.440 | Steps: 66971 | Total Reward: 426.0|
| Episode: 285 | Epsilon:  0.15 | Reward:   0.0 | Average Reward: 1.420 | Steps: 67123 | Total Reward: 426.0|
| Episode: 286 | Epsilon:  0.15 | Reward:   2.0 | Average Reward: 1.390 | Steps: 67399 | Total Reward: 428.0|
| Episode: 287 | Epsilon:  0.15 | Reward:   1.0 | Average Reward: 1.400 | Steps: 67591 | Total Reward: 429.0|
| Episode: 288 | Epsilon:  0.14 | Reward:   0.0 | Average Reward: 1.400 | Steps: 67743 | Total Reward: 429.0|
| Episode: 289 | Epsilon:  0.14 | Reward:   2.0 | Average Reward: 1.390 | Steps: 67998 | Total Reward: 431.0|
| Episode: 290 | Epsilon:  0.14 | Reward:   1.0 | Average Reward: 1.400 | Steps: 68213 | Total Reward: 432.0|
| Episode: 291 | Epsilon:  0.14 | Reward:   3.0 | Average Reward: 1.430 | Steps: 68539 | Total Reward: 435.0|
| Episode: 292 | Epsilon:  0.14 | Reward:   2.0 | Average Reward: 1.440 | Steps: 68789 | Total Reward: 437.0|
| Episode: 293 | Epsilon:  0.14 | Reward:   0.0 | Average Reward: 1.440 | Steps: 68951 | Total Reward: 437.0|
| Episode: 294 | Epsilon:  0.14 | Reward:   0.0 | Average Reward: 1.440 | Steps: 69108 | Total Reward: 437.0|
| Episode: 295 | Epsilon:  0.14 | Reward:   3.0 | Average Reward: 1.440 | Steps: 69427 | Total Reward: 440.0|
| Episode: 296 | Epsilon:  0.14 | Reward:   4.0 | Average Reward: 1.440 | Steps: 69787 | Total Reward: 444.0|
| Episode: 297 | Epsilon:  0.14 | Reward:   0.0 | Average Reward: 1.440 | Steps: 70010 | Total Reward: 444.0|
| Episode: 298 | Epsilon:  0.14 | Reward:   6.0 | Average Reward: 1.500 | Steps: 70555 | Total Reward: 450.0|
| Episode: 299 | Epsilon:  0.14 | Reward:   5.0 | Average Reward: 1.530 | Steps: 70963 | Total Reward: 455.0|
| Episode: 300 | Epsilon:  0.14 | Reward:   0.0 | Average Reward: 1.530 | Steps: 71120 | Total Reward: 455.0|
| Episode: 301 | Epsilon:  0.14 | Reward:   0.0 | Average Reward: 1.490 | Steps: 71269 | Total Reward: 455.0|
| Episode: 302 | Epsilon:  0.14 | Reward:   5.0 | Average Reward: 1.530 | Steps: 71720 | Total Reward: 460.0|
| Episode: 303 | Epsilon:  0.14 | Reward:   1.0 | Average Reward: 1.540 | Steps: 71937 | Total Reward: 461.0|
| Episode: 304 | Epsilon:  0.14 | Reward:   3.0 | Average Reward: 1.550 | Steps: 72252 | Total Reward: 464.0|
| Episode: 305 | Epsilon:  0.14 | Reward:   0.0 | Average Reward: 1.550 | Steps: 72407 | Total Reward: 464.0|
| Episode: 306 | Epsilon:  0.14 | Reward:   2.0 | Average Reward: 1.550 | Steps: 72669 | Total Reward: 466.0|
| Episode: 307 | Epsilon:  0.14 | Reward:   2.0 | Average Reward: 1.550 | Steps: 72928 | Total Reward: 468.0|
| Episode: 308 | Epsilon:  0.14 | Reward:   3.0 | Average Reward: 1.580 | Steps: 73216 | Total Reward: 471.0|
| Episode: 309 | Epsilon:  0.14 | Reward:   2.0 | Average Reward: 1.590 | Steps: 73466 | Total Reward: 473.0|
| Episode: 310 | Epsilon:  0.14 | Reward:   4.0 | Average Reward: 1.610 | Steps: 73825 | Total Reward: 477.0|
| Episode: 311 | Epsilon:  0.14 | Reward:   1.0 | Average Reward: 1.620 | Steps: 74060 | Total Reward: 478.0|
| Episode: 312 | Epsilon:  0.14 | Reward:   0.0 | Average Reward: 1.600 | Steps: 74214 | Total Reward: 478.0|
| Episode: 313 | Epsilon:  0.14 | Reward:   3.0 | Average Reward: 1.610 | Steps: 74530 | Total Reward: 481.0|
| Episode: 314 | Epsilon:  0.13 | Reward:   2.0 | Average Reward: 1.630 | Steps: 74791 | Total Reward: 483.0|
| Episode: 315 | Epsilon:  0.13 | Reward:   0.0 | Average Reward: 1.630 | Steps: 74946 | Total Reward: 483.0|
| Episode: 316 | Epsilon:  0.13 | Reward:   1.0 | Average Reward: 1.640 | Steps: 75162 | Total Reward: 484.0|
| Episode: 317 | Epsilon:  0.13 | Reward:   1.0 | Average Reward: 1.650 | Steps: 75352 | Total Reward: 485.0|
| Episode: 318 | Epsilon:  0.13 | Reward:   0.0 | Average Reward: 1.650 | Steps: 75502 | Total Reward: 485.0|
| Episode: 319 | Epsilon:  0.13 | Reward:   0.0 | Average Reward: 1.650 | Steps: 75658 | Total Reward: 485.0|
| Episode: 320 | Epsilon:  0.13 | Reward:   2.0 | Average Reward: 1.640 | Steps: 75914 | Total Reward: 487.0|
| Episode: 321 | Epsilon:  0.13 | Reward:   0.0 | Average Reward: 1.620 | Steps: 76071 | Total Reward: 487.0|
| Episode: 322 | Epsilon:  0.13 | Reward:   2.0 | Average Reward: 1.610 | Steps: 76325 | Total Reward: 489.0|
| Episode: 323 | Epsilon:  0.13 | Reward:   3.0 | Average Reward: 1.630 | Steps: 76652 | Total Reward: 492.0|
| Episode: 324 | Epsilon:  0.13 | Reward:   0.0 | Average Reward: 1.610 | Steps: 76807 | Total Reward: 492.0|
| Episode: 325 | Epsilon:  0.13 | Reward:   0.0 | Average Reward: 1.590 | Steps: 76953 | Total Reward: 492.0|
| Episode: 326 | Epsilon:  0.13 | Reward:   0.0 | Average Reward: 1.560 | Steps: 77105 | Total Reward: 492.0|
| Episode: 327 | Epsilon:  0.13 | Reward:   2.0 | Average Reward: 1.580 | Steps: 77359 | Total Reward: 494.0|
| Episode: 328 | Epsilon:  0.13 | Reward:   0.0 | Average Reward: 1.580 | Steps: 77519 | Total Reward: 494.0|
| Episode: 329 | Epsilon:  0.13 | Reward:   0.0 | Average Reward: 1.560 | Steps: 77671 | Total Reward: 494.0|
| Episode: 330 | Epsilon:  0.13 | Reward:   3.0 | Average Reward: 1.570 | Steps: 77964 | Total Reward: 497.0|
| Episode: 331 | Epsilon:  0.13 | Reward:   3.0 | Average Reward: 1.600 | Steps: 78285 | Total Reward: 500.0|
| Episode: 332 | Epsilon:  0.13 | Reward:   2.0 | Average Reward: 1.620 | Steps: 78536 | Total Reward: 502.0|
| Episode: 333 | Epsilon:  0.13 | Reward:   0.0 | Average Reward: 1.620 | Steps: 78724 | Total Reward: 502.0|
| Episode: 334 | Epsilon:  0.13 | Reward:   0.0 | Average Reward: 1.580 | Steps: 78883 | Total Reward: 502.0|
| Episode: 335 | Epsilon:  0.13 | Reward:   1.0 | Average Reward: 1.580 | Steps: 79098 | Total Reward: 503.0|
| Episode: 336 | Epsilon:  0.13 | Reward:   3.0 | Average Reward: 1.590 | Steps: 79424 | Total Reward: 506.0|
| Episode: 337 | Epsilon:  0.13 | Reward:   0.0 | Average Reward: 1.570 | Steps: 79578 | Total Reward: 506.0|
| Episode: 338 | Epsilon:  0.13 | Reward:   0.0 | Average Reward: 1.520 | Steps: 79789 | Total Reward: 506.0|
| Episode: 339 | Epsilon:  0.13 | Reward:   2.0 | Average Reward: 1.530 | Steps: 80065 | Total Reward: 508.0|
| Episode: 340 | Epsilon:  0.13 | Reward:   2.0 | Average Reward: 1.530 | Steps: 80334 | Total Reward: 510.0|
| Episode: 341 | Epsilon:  0.13 | Reward:   0.0 | Average Reward: 1.530 | Steps: 80492 | Total Reward: 510.0|
| Episode: 342 | Epsilon:  0.13 | Reward:   3.0 | Average Reward: 1.560 | Steps: 80806 | Total Reward: 513.0|
| Episode: 343 | Epsilon:  0.13 | Reward:   1.0 | Average Reward: 1.570 | Steps: 81022 | Total Reward: 514.0|
| Episode: 344 | Epsilon:  0.13 | Reward:   0.0 | Average Reward: 1.570 | Steps: 81169 | Total Reward: 514.0|
| Episode: 345 | Epsilon:  0.13 | Reward:   3.0 | Average Reward: 1.560 | Steps: 81479 | Total Reward: 517.0|
| Episode: 346 | Epsilon:  0.13 | Reward:   0.0 | Average Reward: 1.560 | Steps: 81629 | Total Reward: 517.0|
| Episode: 347 | Epsilon:  0.12 | Reward:   2.0 | Average Reward: 1.550 | Steps: 81890 | Total Reward: 519.0|
| Episode: 348 | Epsilon:  0.12 | Reward:   1.0 | Average Reward: 1.540 | Steps: 82079 | Total Reward: 520.0|
| Episode: 349 | Epsilon:  0.12 | Reward:   3.0 | Average Reward: 1.540 | Steps: 82374 | Total Reward: 523.0|
| Episode: 350 | Epsilon:  0.12 | Reward:   1.0 | Average Reward: 1.530 | Steps: 82586 | Total Reward: 524.0|
| Episode: 351 | Epsilon:  0.12 | Reward:   3.0 | Average Reward: 1.550 | Steps: 82867 | Total Reward: 527.0|
| Episode: 352 | Epsilon:  0.12 | Reward:   0.0 | Average Reward: 1.530 | Steps: 83022 | Total Reward: 527.0|
| Episode: 353 | Epsilon:  0.12 | Reward:   1.0 | Average Reward: 1.540 | Steps: 83239 | Total Reward: 528.0|
| Episode: 354 | Epsilon:  0.12 | Reward:   2.0 | Average Reward: 1.560 | Steps: 83497 | Total Reward: 530.0|
| Episode: 355 | Epsilon:  0.12 | Reward:   1.0 | Average Reward: 1.550 | Steps: 83721 | Total Reward: 531.0|
| Episode: 356 | Epsilon:  0.12 | Reward:   2.0 | Average Reward: 1.530 | Steps: 83973 | Total Reward: 533.0|
| Episode: 357 | Epsilon:  0.12 | Reward:   3.0 | Average Reward: 1.540 | Steps: 84268 | Total Reward: 536.0|
| Episode: 358 | Epsilon:  0.12 | Reward:   3.0 | Average Reward: 1.570 | Steps: 84586 | Total Reward: 539.0|
| Episode: 359 | Epsilon:  0.12 | Reward:   2.0 | Average Reward: 1.570 | Steps: 84842 | Total Reward: 541.0|
| Episode: 360 | Epsilon:  0.12 | Reward:   0.0 | Average Reward: 1.550 | Steps: 84998 | Total Reward: 541.0|
| Episode: 361 | Epsilon:  0.12 | Reward:   0.0 | Average Reward: 1.550 | Steps: 85148 | Total Reward: 541.0|
| Episode: 362 | Epsilon:  0.12 | Reward:   2.0 | Average Reward: 1.550 | Steps: 85515 | Total Reward: 543.0|
| Episode: 363 | Epsilon:  0.12 | Reward:   1.0 | Average Reward: 1.540 | Steps: 85736 | Total Reward: 544.0|
| Episode: 364 | Epsilon:  0.12 | Reward:   0.0 | Average Reward: 1.520 | Steps: 85888 | Total Reward: 544.0|
| Episode: 365 | Epsilon:  0.12 | Reward:   0.0 | Average Reward: 1.510 | Steps: 86038 | Total Reward: 544.0|
| Episode: 366 | Epsilon:  0.12 | Reward:   4.0 | Average Reward: 1.540 | Steps: 86369 | Total Reward: 548.0|
| Episode: 367 | Epsilon:  0.12 | Reward:   0.0 | Average Reward: 1.540 | Steps: 86559 | Total Reward: 548.0|
| Episode: 368 | Epsilon:  0.12 | Reward:   4.0 | Average Reward: 1.560 | Steps: 86921 | Total Reward: 552.0|
| Episode: 369 | Epsilon:  0.12 | Reward:   0.0 | Average Reward: 1.540 | Steps: 87078 | Total Reward: 552.0|
| Episode: 370 | Epsilon:  0.12 | Reward:   3.0 | Average Reward: 1.550 | Steps: 87427 | Total Reward: 555.0|
| Episode: 371 | Epsilon:  0.12 | Reward:   1.0 | Average Reward: 1.530 | Steps: 87623 | Total Reward: 556.0|
| Episode: 372 | Epsilon:  0.12 | Reward:   2.0 | Average Reward: 1.530 | Steps: 87990 | Total Reward: 558.0|
| Episode: 373 | Epsilon:  0.12 | Reward:   3.0 | Average Reward: 1.510 | Steps: 88315 | Total Reward: 561.0|
| Episode: 374 | Epsilon:  0.12 | Reward:   2.0 | Average Reward: 1.500 | Steps: 88567 | Total Reward: 563.0|
| Episode: 375 | Epsilon:  0.12 | Reward:   0.0 | Average Reward: 1.480 | Steps: 88726 | Total Reward: 563.0|
| Episode: 376 | Epsilon:  0.12 | Reward:   6.0 | Average Reward: 1.520 | Steps: 89187 | Total Reward: 569.0|
| Episode: 377 | Epsilon:  0.12 | Reward:   0.0 | Average Reward: 1.510 | Steps: 89412 | Total Reward: 569.0|
| Episode: 378 | Epsilon:  0.12 | Reward:   0.0 | Average Reward: 1.480 | Steps: 89572 | Total Reward: 569.0|
| Episode: 379 | Epsilon:  0.12 | Reward:   3.0 | Average Reward: 1.480 | Steps: 89894 | Total Reward: 572.0|
| Episode: 380 | Epsilon:  0.12 | Reward:   0.0 | Average Reward: 1.480 | Steps: 90049 | Total Reward: 572.0|
| Episode: 381 | Epsilon:  0.12 | Reward:   3.0 | Average Reward: 1.510 | Steps: 90339 | Total Reward: 575.0|
| Episode: 382 | Epsilon:  0.12 | Reward:   1.0 | Average Reward: 1.500 | Steps: 90535 | Total Reward: 576.0|
| Episode: 383 | Epsilon:  0.12 | Reward:   1.0 | Average Reward: 1.510 | Steps: 90726 | Total Reward: 577.0|
| Episode: 384 | Epsilon:  0.12 | Reward:   3.0 | Average Reward: 1.540 | Steps: 91014 | Total Reward: 580.0|
| Episode: 385 | Epsilon:  0.12 | Reward:   3.0 | Average Reward: 1.570 | Steps: 91358 | Total Reward: 583.0|
| Episode: 386 | Epsilon:  0.12 | Reward:   0.0 | Average Reward: 1.550 | Steps: 91514 | Total Reward: 583.0|
| Episode: 387 | Epsilon:  0.12 | Reward:   0.0 | Average Reward: 1.540 | Steps: 91669 | Total Reward: 583.0|
| Episode: 388 | Epsilon:  0.12 | Reward:   0.0 | Average Reward: 1.540 | Steps: 91829 | Total Reward: 583.0|
| Episode: 389 | Epsilon:  0.12 | Reward:   0.0 | Average Reward: 1.520 | Steps: 91997 | Total Reward: 583.0|
