+------------------------+----------------------------+--------------------+
|                        |     Supported Features     |  Program Commands  |
+========================+============================+====================+
| Compatible Layers      | Hopfield Layer,            | hopfield,          |
|                        | HopfieldLayer Layer,       | hopfield_layer,    |
|                        | HopfieldPooling Layer,     | hopfield_pooling,  |
|                        | LSTM,                      | lstm,              |
|                        | GRU                        | gru                |
+------------------------+----------------------------+--------------------+
| Supported Loss Metrics | Huber Loss,                | huber,             |
|                        | Mean Absolute Error Loss,  | mae,               |
|                        | Mean Squared Error Loss,   | mse,               |
|                        | SmoothL1 Loss              | smooth_l1          |
+------------------------+----------------------------+--------------------+
| Supported Optimizers   | RMSprop (default),         | rmsprop,           |
|                        | AdamW,                     | adam,              |
|                        | Adam                       | adamW              |
+------------------------+----------------------------+--------------------+
+------------------------------+---------+
|          Parameter           |  Value  |
+==============================+=========+
| Loss Metric:                 | huber   |
+------------------------------+---------+
| Sequence Length:             | 50      |
+------------------------------+---------+
| Learning Rate:               | 0.001   |
+------------------------------+---------+
| Update Target Steps:         | 10000   |
+------------------------------+---------+
| Optimizer:                   | rmsprop |
+------------------------------+---------+
| Hopfield Inverse Temperature | 0.100   |
+------------------------------+---------+
| Big or Small Loss            | no      |
+------------------------------+---------+
| Soft or Hard Update          | hard    |
+------------------------------+---------+
| Polyak Factor                | None    |
+------------------------------+---------+
| Episode:   1 | Epsilon:  0.90 | Reward: -110.01457127156968 | Average Reward: -110.015 | Steps:    61 | Total Reward: -110.01457127156968|
| Episode:   2 | Epsilon:  0.86 | Reward: -178.5415499948819 | Average Reward: -144.278 | Steps:   128 | Total Reward: -288.55612126645167|
| Episode:   3 | Epsilon:  0.82 | Reward: -180.78826918343282 | Average Reward: -156.448 | Steps:   190 | Total Reward: -469.344390449884|
| Episode:   4 | Epsilon:  0.78 | Reward: -203.6472605809298 | Average Reward: -168.248 | Steps:   276 | Total Reward: -672.9916510308136|
| Episode:   5 | Epsilon:  0.75 | Reward: -67.85982858814319 | Average Reward: -148.170 | Steps:   382 | Total Reward: -740.8514796189559|
| Episode:   6 | Epsilon:  0.71 | Reward: -100.83223061977657 | Average Reward: -140.281 | Steps:   442 | Total Reward: -841.6837102387324|
| Episode:   7 | Epsilon:  0.68 | Reward: -229.25659097600635 | Average Reward: -152.991 | Steps:   572 | Total Reward: -1070.9403012147382|
| Episode:   8 | Epsilon:  0.65 | Reward: -145.32058046496678 | Average Reward: -152.033 | Steps:   669 | Total Reward: -1216.2608816797049|
| Episode:   9 | Epsilon:  0.62 | Reward: -110.45550315018616 | Average Reward: -147.413 | Steps:   733 | Total Reward: -1326.716384829891|
| Episode:  10 | Epsilon:  0.59 | Reward: -123.07873105809713 | Average Reward: -144.980 | Steps:   814 | Total Reward: -1449.7951158879878|
| Episode:  11 | Epsilon:  0.57 | Reward: -112.35325482483714 | Average Reward: -142.013 | Steps:   879 | Total Reward: -1562.1483707128243|
| Episode:  12 | Epsilon:  0.54 | Reward: -136.8061685080551 | Average Reward: -141.580 | Steps:   941 | Total Reward: -1698.9545392208795|
| Episode:  13 | Epsilon:  0.52 | Reward: -134.3977816386729 | Average Reward: -141.027 | Steps:  1015 | Total Reward: -1833.3523208595525|
| Episode:  14 | Epsilon:  0.49 | Reward: -247.49352369539238 | Average Reward: -148.632 | Steps:  1092 | Total Reward: -2080.845844554946|
| Episode:  15 | Epsilon:  0.47 | Reward: -126.9941759413118 | Average Reward: -147.189 | Steps:  1166 | Total Reward: -2207.840020496257|
| Episode:  16 | Epsilon:  0.45 | Reward: -190.52946762027824 | Average Reward: -149.898 | Steps:  1258 | Total Reward: -2398.369488116533|
| Episode:  17 | Epsilon:  0.43 | Reward: -94.80892019558816 | Average Reward: -146.658 | Steps:  1318 | Total Reward: -2493.178408312122|
| Episode:  18 | Epsilon:  0.41 | Reward: -91.51320009662305 | Average Reward: -143.594 | Steps:  1375 | Total Reward: -2584.691608408745|
| Episode:  19 | Epsilon:  0.40 | Reward: -245.80885494902378 | Average Reward: -148.974 | Steps:  1474 | Total Reward: -2830.5004633577696|
| Episode:  20 | Epsilon:  0.38 | Reward: -157.45383557037795 | Average Reward: -149.398 | Steps:  1571 | Total Reward: -2987.9542989281445|
| Episode:  21 | Epsilon:  0.36 | Reward: -99.98311892491196 | Average Reward: -147.045 | Steps:  1640 | Total Reward: -3087.9374178530584|
| Episode:  22 | Epsilon:  0.35 | Reward: -128.16586656564084 | Average Reward: -146.187 | Steps:  1720 | Total Reward: -3216.1032844187007|
| Episode:  23 | Epsilon:  0.33 | Reward: -167.22984693142251 | Average Reward: -147.101 | Steps:  1789 | Total Reward: -3383.333131350123|
| Episode:  24 | Epsilon:  0.32 | Reward: -129.88824416313014 | Average Reward: -146.384 | Steps:  1859 | Total Reward: -3513.221375513253|
| Episode:  25 | Epsilon:  0.31 | Reward: -155.53251470351628 | Average Reward: -146.750 | Steps:  1945 | Total Reward: -3668.753890216768|
| Episode:  26 | Epsilon:  0.29 | Reward: -241.36144635807682 | Average Reward: -150.389 | Steps:  2046 | Total Reward: -3910.115336574845|
| Episode:  27 | Epsilon:  0.28 | Reward: -617.0208570257494 | Average Reward: -167.672 | Steps:  2144 | Total Reward: -4527.136193600594|
| Episode:  28 | Epsilon:  0.27 | Reward: -299.6912960950897 | Average Reward: -172.387 | Steps:  2224 | Total Reward: -4826.827489695682|
| Episode:  29 | Epsilon:  0.26 | Reward: -603.7149733655588 | Average Reward: -187.260 | Steps:  2332 | Total Reward: -5430.542463061239|
| Episode:  30 | Epsilon:  0.25 | Reward: -160.55750188063286 | Average Reward: -186.370 | Steps:  2404 | Total Reward: -5591.099964941871|
| Episode:  31 | Epsilon:  0.24 | Reward: -266.78923683947414 | Average Reward: -188.964 | Steps:  2486 | Total Reward: -5857.889201781343|
| Episode:  32 | Epsilon:  0.23 | Reward: -155.45482325382346 | Average Reward: -187.917 | Steps:  2581 | Total Reward: -6013.344025035166|
| Episode:  33 | Epsilon:  0.22 | Reward: -311.7634919398746 | Average Reward: -191.670 | Steps:  2654 | Total Reward: -6325.107516975038|
| Episode:  34 | Epsilon:  0.21 | Reward: -295.9501865930167 | Average Reward: -194.737 | Steps:  2733 | Total Reward: -6621.0577035680535|
| Episode:  35 | Epsilon:  0.21 | Reward: -130.45431775827234 | Average Reward: -192.900 | Steps:  2820 | Total Reward: -6751.512021326321|
| Episode:  36 | Epsilon:  0.20 | Reward: -205.94624019384685 | Average Reward: -193.263 | Steps:  2902 | Total Reward: -6957.458261520166|
| Episode:  37 | Epsilon:  0.19 | Reward: -287.11162240720785 | Average Reward: -195.799 | Steps:  3010 | Total Reward: -7244.569883927377|
| Episode:  38 | Epsilon:  0.18 | Reward: -218.25259564615777 | Average Reward: -196.390 | Steps:  3136 | Total Reward: -7462.822479573531|
| Episode:  39 | Epsilon:  0.18 | Reward: -452.37675070932636 | Average Reward: -202.954 | Steps:  3243 | Total Reward: -7915.199230282859|
| Episode:  40 | Epsilon:  0.17 | Reward: -126.61753699395892 | Average Reward: -201.045 | Steps:  3330 | Total Reward: -8041.816767276814|
| Episode:  41 | Epsilon:  0.17 | Reward: -98.43893799708711 | Average Reward: -198.543 | Steps:  3385 | Total Reward: -8140.255705273899|
| Episode:  42 | Epsilon:  0.16 | Reward: -245.95320237900643 | Average Reward: -199.672 | Steps:  3484 | Total Reward: -8386.208907652914|
| Episode:  43 | Epsilon:  0.15 | Reward: -25.196936471096123 | Average Reward: -195.614 | Steps:  3584 | Total Reward: -8411.405844124|
| Episode:  44 | Epsilon:  0.15 | Reward: -123.2837832454201 | Average Reward: -193.970 | Steps:  3641 | Total Reward: -8534.689627369416|
| Episode:  45 | Epsilon:  0.14 | Reward: -241.6437871062146 | Average Reward: -195.030 | Steps:  3692 | Total Reward: -8776.333414475637|
| Episode:  46 | Epsilon:  0.14 | Reward: -113.41097917724198 | Average Reward: -193.255 | Steps:  3791 | Total Reward: -8889.744393652887|
| Episode:  47 | Epsilon:  0.14 | Reward: -221.48060250184102 | Average Reward: -193.856 | Steps:  3885 | Total Reward: -9111.224996154728|
| Episode:  48 | Epsilon:  0.13 | Reward: -268.9919554054044 | Average Reward: -195.421 | Steps:  4020 | Total Reward: -9380.216951560125|
| Episode:  49 | Epsilon:  0.13 | Reward: -346.97618059854176 | Average Reward: -198.514 | Steps:  4076 | Total Reward: -9727.193132158667|
| Episode:  50 | Epsilon:  0.12 | Reward: -321.5373755085836 | Average Reward: -200.975 | Steps:  4144 | Total Reward: -10048.730507667247|
| Episode:  51 | Epsilon:  0.12 | Reward: -152.90386966131803 | Average Reward: -200.032 | Steps:  4247 | Total Reward: -10201.634377328563|
| Episode:  52 | Epsilon:  0.12 | Reward: -321.8694479964397 | Average Reward: -202.375 | Steps:  4347 | Total Reward: -10523.503825325008|
| Episode:  53 | Epsilon:  0.11 | Reward: -216.14663731352354 | Average Reward: -202.635 | Steps:  4402 | Total Reward: -10739.650462638532|
| Episode:  54 | Epsilon:  0.11 | Reward: -140.29983871563246 | Average Reward: -201.481 | Steps:  4480 | Total Reward: -10879.950301354162|
| Episode:  55 | Epsilon:  0.11 | Reward: -177.6167674972461 | Average Reward: -201.047 | Steps:  4566 | Total Reward: -11057.567068851406|
| Episode:  56 | Epsilon:  0.10 | Reward: -352.84005519019917 | Average Reward: -203.757 | Steps:  4673 | Total Reward: -11410.4071240416|
| Episode:  57 | Epsilon:  0.10 | Reward: -139.15181318352919 | Average Reward: -202.624 | Steps:  4750 | Total Reward: -11549.558937225129|
| Episode:  58 | Epsilon:  0.10 | Reward: -142.9941669502623 | Average Reward: -201.596 | Steps:  4807 | Total Reward: -11692.553104175395|
| Episode:  59 | Epsilon:  0.10 | Reward: -332.424397106226 | Average Reward: -203.813 | Steps:  4887 | Total Reward: -12024.97750128162|
| Episode:  60 | Epsilon:  0.09 | Reward: -166.9192465020849 | Average Reward: -203.198 | Steps:  4957 | Total Reward: -12191.896747783705|
| Episode:  61 | Epsilon:  0.09 | Reward: -147.80425363350588 | Average Reward: -202.290 | Steps:  5036 | Total Reward: -12339.701001417206|
| Episode:  62 | Epsilon:  0.09 | Reward: -445.50004734519314 | Average Reward: -206.213 | Steps:  5200 | Total Reward: -12785.201048762401|
| Episode:  63 | Epsilon:  0.09 | Reward: -124.82326191139778 | Average Reward: -204.921 | Steps:  5295 | Total Reward: -12910.024310673807|
| Episode:  64 | Epsilon:  0.09 | Reward: -283.8363053976281 | Average Reward: -206.154 | Steps:  5365 | Total Reward: -13193.86061607144|
| Episode:  65 | Epsilon:  0.08 | Reward: -100.64567768470141 | Average Reward: -204.531 | Steps:  5426 | Total Reward: -13294.506293756147|
| Episode:  66 | Epsilon:  0.08 | Reward: -371.42514209572767 | Average Reward: -207.060 | Steps:  5505 | Total Reward: -13665.931435851873|
| Episode:  67 | Epsilon:  0.08 | Reward: -554.5730158293104 | Average Reward: -212.246 | Steps:  5648 | Total Reward: -14220.504451681187|
| Episode:  68 | Epsilon:  0.08 | Reward: -128.89757134391306 | Average Reward: -211.021 | Steps:  5728 | Total Reward: -14349.402023025094|
| Episode:  69 | Epsilon:  0.08 | Reward: -160.13453522359708 | Average Reward: -210.283 | Steps:  5796 | Total Reward: -14509.536558248692|
| Episode:  70 | Epsilon:  0.08 | Reward: -172.5083416699295 | Average Reward: -209.743 | Steps:  5857 | Total Reward: -14682.04489991861|
| Episode:  71 | Epsilon:  0.08 | Reward: -208.675099153115 | Average Reward: -209.728 | Steps:  5934 | Total Reward: -14890.719999071724|
| Episode:  72 | Epsilon:  0.07 | Reward: -379.81185460629285 | Average Reward: -212.091 | Steps:  6040 | Total Reward: -15270.531853678014|
| Episode:  73 | Epsilon:  0.07 | Reward: -215.15578558887856 | Average Reward: -212.133 | Steps:  6135 | Total Reward: -15485.687639266896|
| Episode:  74 | Epsilon:  0.07 | Reward: -341.7424387690814 | Average Reward: -213.884 | Steps:  6220 | Total Reward: -15827.430078035986|
| Episode:  75 | Epsilon:  0.07 | Reward: -277.2655464709152 | Average Reward: -214.729 | Steps:  6407 | Total Reward: -16104.695624506905|
| Episode:  76 | Epsilon:  0.07 | Reward: -614.6440395220287 | Average Reward: -219.991 | Steps:  6660 | Total Reward: -16719.339664028932|
| Episode:  77 | Epsilon:  0.07 | Reward: -180.20178581231735 | Average Reward: -219.475 | Steps:  6761 | Total Reward: -16899.54144984125|
| Episode:  78 | Epsilon:  0.07 | Reward: -318.18524652195447 | Average Reward: -220.740 | Steps:  6906 | Total Reward: -17217.726696363203|
| Episode:  79 | Epsilon:  0.07 | Reward: -167.03300904244435 | Average Reward: -220.060 | Steps:  7007 | Total Reward: -17384.759705405628|
| Episode:  80 | Epsilon:  0.07 | Reward: -504.52462477941725 | Average Reward: -223.616 | Steps:  7188 | Total Reward: -17889.284330185055|
| Episode:  81 | Epsilon:  0.07 | Reward: -181.79671584204377 | Average Reward: -223.100 | Steps:  7277 | Total Reward: -18071.0810460271|
| Episode:  82 | Epsilon:  0.06 | Reward: -157.5789450683614 | Average Reward: -222.301 | Steps:  7432 | Total Reward: -18228.659991095472|
| Episode:  83 | Epsilon:  0.06 | Reward: -302.13567298198933 | Average Reward: -223.263 | Steps:  7570 | Total Reward: -18530.795664077497|
| Episode:  84 | Epsilon:  0.06 | Reward: -220.99142763651932 | Average Reward: -223.236 | Steps:  7698 | Total Reward: -18751.78709171402|
| Episode:  85 | Epsilon:  0.06 | Reward: -214.56455084552908 | Average Reward: -223.134 | Steps:  7798 | Total Reward: -18966.351642559534|
| Episode:  86 | Epsilon:  0.06 | Reward: -204.7593978532538 | Average Reward: -222.920 | Steps:  7917 | Total Reward: -19171.111040412805|
| Episode:  87 | Epsilon:  0.06 | Reward: -228.81553583776488 | Average Reward: -222.988 | Steps:  8074 | Total Reward: -19399.926576250567|
| Episode:  88 | Epsilon:  0.06 | Reward: -113.15227409655166 | Average Reward: -221.740 | Steps:  8191 | Total Reward: -19513.078850347112|
| Episode:  89 | Epsilon:  0.06 | Reward: -614.7812910143978 | Average Reward: -226.156 | Steps:  8345 | Total Reward: -20127.860141361514|
| Episode:  90 | Epsilon:  0.06 | Reward: -609.8628900714965 | Average Reward: -230.419 | Steps:  8510 | Total Reward: -20737.723031433015|
| Episode:  91 | Epsilon:  0.06 | Reward: -579.5923433350465 | Average Reward: -234.256 | Steps:  8611 | Total Reward: -21317.31537476805|
| Episode:  92 | Epsilon:  0.06 | Reward: -642.7398219237073 | Average Reward: -238.696 | Steps:  8700 | Total Reward: -21960.05519669178|
| Episode:  93 | Epsilon:  0.06 | Reward: -586.1792155325586 | Average Reward: -242.433 | Steps:  8928 | Total Reward: -22546.23441222436|
| Episode:  94 | Epsilon:  0.06 | Reward: -502.5569569017247 | Average Reward: -245.200 | Steps:  9012 | Total Reward: -23048.79136912608|
| Episode:  95 | Epsilon:  0.06 | Reward: -565.0444645819093 | Average Reward: -248.567 | Steps:  9111 | Total Reward: -23613.83583370798|
| Episode:  96 | Epsilon:  0.06 | Reward: -474.03359092085964 | Average Reward: -250.915 | Steps:  9204 | Total Reward: -24087.869424628847|
| Episode:  97 | Epsilon:  0.06 | Reward: -551.954759636613 | Average Reward: -254.019 | Steps:  9292 | Total Reward: -24639.824184265453|
| Episode:  98 | Epsilon:  0.06 | Reward: -175.13227579588442 | Average Reward: -253.214 | Steps:  9403 | Total Reward: -24814.95646006134|
| Episode:  99 | Epsilon:  0.06 | Reward: -475.28971723229387 | Average Reward: -255.457 | Steps:  9520 | Total Reward: -25290.246177293644|
| Episode: 100 | Epsilon:  0.06 | Reward: -424.6888783251919 | Average Reward: -257.149 | Steps:  9667 | Total Reward: -25714.93505561883|
| Episode: 101 | Epsilon:  0.06 | Reward: -395.0163087008484 | Average Reward: -259.999 | Steps:  9751 | Total Reward: -26109.951364319673|
| Episode: 102 | Epsilon:  0.06 | Reward: -414.6348639867339 | Average Reward: -262.360 | Steps:  9848 | Total Reward: -26524.586228306394|
| Episode: 103 | Epsilon:  0.06 | Reward: -356.55299926521155 | Average Reward: -264.118 | Steps: 10000 | Total Reward: -26881.139227571606|
| Episode: 104 | Epsilon:  0.05 | Reward: -369.1663594519792 | Average Reward: -265.773 | Steps: 10173 | Total Reward: -27250.305587023595|
| Episode: 105 | Epsilon:  0.05 | Reward: -198.66184074025435 | Average Reward: -267.081 | Steps: 10247 | Total Reward: -27448.96742776384|
| Episode: 106 | Epsilon:  0.05 | Reward: -362.4197609536979 | Average Reward: -269.697 | Steps: 10346 | Total Reward: -27811.387188717545|
| Episode: 107 | Epsilon:  0.05 | Reward: -485.28194053199087 | Average Reward: -272.257 | Steps: 10475 | Total Reward: -28296.669129249552|
| Episode: 108 | Epsilon:  0.05 | Reward: -388.16538214352704 | Average Reward: -274.686 | Steps: 10624 | Total Reward: -28684.834511393074|
| Episode: 109 | Epsilon:  0.05 | Reward: -248.0380366001615 | Average Reward: -276.062 | Steps: 10772 | Total Reward: -28932.872547993244|
| Episode: 110 | Epsilon:  0.05 | Reward: -384.5043855334278 | Average Reward: -278.676 | Steps: 10967 | Total Reward: -29317.37693352668|
| Episode: 111 | Epsilon:  0.05 | Reward: -366.26768017051717 | Average Reward: -281.215 | Steps: 11094 | Total Reward: -29683.644613697186|
| Episode: 112 | Epsilon:  0.05 | Reward: -206.61759535065397 | Average Reward: -281.913 | Steps: 11200 | Total Reward: -29890.26220904785|
| Episode: 113 | Epsilon:  0.05 | Reward: -146.56162237204228 | Average Reward: -282.035 | Steps: 11287 | Total Reward: -30036.823831419897|
| Episode: 114 | Epsilon:  0.05 | Reward: -320.224701341627 | Average Reward: -282.762 | Steps: 11469 | Total Reward: -30357.048532761513|
| Episode: 115 | Epsilon:  0.05 | Reward: -212.08370305365796 | Average Reward: -283.613 | Steps: 11608 | Total Reward: -30569.132235815166|
| Episode: 116 | Epsilon:  0.05 | Reward: -225.92186953442302 | Average Reward: -283.967 | Steps: 11780 | Total Reward: -30795.054105349598|
| Episode: 117 | Epsilon:  0.05 | Reward: -187.2018851533075 | Average Reward: -284.891 | Steps: 11881 | Total Reward: -30982.25599050291|
| Episode: 118 | Epsilon:  0.05 | Reward: -216.7156423098794 | Average Reward: -286.143 | Steps: 11994 | Total Reward: -31198.971632812783|
| Episode: 119 | Epsilon:  0.05 | Reward: -272.9370172692317 | Average Reward: -286.414 | Steps: 12085 | Total Reward: -31471.908650082023|
| Episode: 120 | Epsilon:  0.05 | Reward: -192.00037783411432 | Average Reward: -286.760 | Steps: 12190 | Total Reward: -31663.90902791614|
| Episode: 121 | Epsilon:  0.05 | Reward: -245.94776424242616 | Average Reward: -288.219 | Steps: 12259 | Total Reward: -31909.85679215856|
| Episode: 122 | Epsilon:  0.05 | Reward: -214.9229061255579 | Average Reward: -289.087 | Steps: 12399 | Total Reward: -32124.779698284125|
| Episode: 123 | Epsilon:  0.05 | Reward: -241.24858973810433 | Average Reward: -289.827 | Steps: 12508 | Total Reward: -32366.028288022204|
| Episode: 124 | Epsilon:  0.05 | Reward: -344.8448108612223 | Average Reward: -291.977 | Steps: 12751 | Total Reward: -32710.87309888343|
| Episode: 125 | Epsilon:  0.05 | Reward: -389.11532505204354 | Average Reward: -294.312 | Steps: 12889 | Total Reward: -33099.988423935465|
| Episode: 126 | Epsilon:  0.05 | Reward: -378.8183182998421 | Average Reward: -295.687 | Steps: 13210 | Total Reward: -33478.80674223528|
| Episode: 127 | Epsilon:  0.05 | Reward: -399.5329878349262 | Average Reward: -293.512 | Steps: 13383 | Total Reward: -33878.33973007025|
| Episode: 128 | Epsilon:  0.05 | Reward: -412.3464861368415 | Average Reward: -294.639 | Steps: 13515 | Total Reward: -34290.68621620711|
| Episode: 129 | Epsilon:  0.05 | Reward: -213.03717793898 | Average Reward: -290.732 | Steps: 13664 | Total Reward: -34503.72339414609|
| Episode: 130 | Epsilon:  0.05 | Reward: -286.19684287997694 | Average Reward: -291.988 | Steps: 13804 | Total Reward: -34789.92023702606|
| Episode: 131 | Epsilon:  0.05 | Reward: -332.38912488054484 | Average Reward: -292.644 | Steps: 13888 | Total Reward: -35122.30936190658|
| Episode: 132 | Epsilon:  0.05 | Reward: -233.46835183969966 | Average Reward: -293.424 | Steps: 14020 | Total Reward: -35355.77771374626|
| Episode: 133 | Epsilon:  0.05 | Reward: -296.1663080292216 | Average Reward: -293.268 | Steps: 14137 | Total Reward: -35651.94402177547|
| Episode: 134 | Epsilon:  0.05 | Reward: -256.13030348800686 | Average Reward: -292.870 | Steps: 14263 | Total Reward: -35908.074325263464|
| Episode: 135 | Epsilon:  0.05 | Reward: -379.9861411215879 | Average Reward: -295.365 | Steps: 14393 | Total Reward: -36288.06046638504|
| Episode: 136 | Epsilon:  0.05 | Reward: -308.96198620390044 | Average Reward: -296.396 | Steps: 14471 | Total Reward: -36597.02245258893|
| Episode: 137 | Epsilon:  0.05 | Reward: -429.1076373774671 | Average Reward: -297.816 | Steps: 14614 | Total Reward: -37026.13008996643|
| Episode: 138 | Epsilon:  0.05 | Reward: -289.5145895458693 | Average Reward: -298.528 | Steps: 14731 | Total Reward: -37315.64467951225|
| Episode: 139 | Epsilon:  0.05 | Reward: -198.86291873373844 | Average Reward: -295.993 | Steps: 14837 | Total Reward: -37514.50759824597|
| Episode: 140 | Epsilon:  0.05 | Reward: -215.84849182863104 | Average Reward: -296.885 | Steps: 14942 | Total Reward: -37730.35609007456|
| Episode: 141 | Epsilon:  0.05 | Reward: -305.5008041657507 | Average Reward: -298.956 | Steps: 15093 | Total Reward: -38035.856894240314|
| Episode: 142 | Epsilon:  0.05 | Reward: -368.9577681051037 | Average Reward: -300.186 | Steps: 15244 | Total Reward: -38404.8146623454|
| Episode: 143 | Epsilon:  0.05 | Reward: -251.7877210587649 | Average Reward: -302.452 | Steps: 15385 | Total Reward: -38656.60238340417|
| Episode: 144 | Epsilon:  0.05 | Reward: -244.23900594335507 | Average Reward: -303.662 | Steps: 15511 | Total Reward: -38900.841389347544|
| Episode: 145 | Epsilon:  0.05 | Reward: -375.31906476716557 | Average Reward: -304.998 | Steps: 15587 | Total Reward: -39276.1604541147|
| Episode: 146 | Epsilon:  0.05 | Reward: -311.15519984864113 | Average Reward: -306.976 | Steps: 15748 | Total Reward: -39587.315653963306|
| Episode: 147 | Epsilon:  0.05 | Reward: -237.13821661589648 | Average Reward: -307.132 | Steps: 15861 | Total Reward: -39824.45387057919|
| Episode: 148 | Epsilon:  0.05 | Reward: -508.3874687321131 | Average Reward: -309.526 | Steps: 16052 | Total Reward: -40332.84133931137|
| Episode: 149 | Epsilon:  0.05 | Reward: -434.989193802848 | Average Reward: -310.406 | Steps: 16181 | Total Reward: -40767.83053311422|
| Episode: 150 | Epsilon:  0.05 | Reward: -301.4266298486658 | Average Reward: -310.205 | Steps: 16298 | Total Reward: -41069.25716296292|
| Episode: 151 | Epsilon:  0.05 | Reward: -400.3331828490719 | Average Reward: -312.680 | Steps: 16432 | Total Reward: -41469.59034581202|
| Episode: 152 | Epsilon:  0.05 | Reward: -300.7130513152315 | Average Reward: -312.468 | Steps: 16553 | Total Reward: -41770.30339712723|
| Episode: 153 | Epsilon:  0.05 | Reward: -428.9564760833579 | Average Reward: -314.596 | Steps: 16672 | Total Reward: -42199.259873210605|
| Episode: 154 | Epsilon:  0.05 | Reward: -394.59502561472914 | Average Reward: -317.139 | Steps: 16782 | Total Reward: -42593.854898825346|
| Episode: 155 | Epsilon:  0.05 | Reward: -408.9123751671785 | Average Reward: -319.452 | Steps: 16898 | Total Reward: -43002.76727399253|
| Episode: 156 | Epsilon:  0.05 | Reward: -329.46333456483217 | Average Reward: -319.218 | Steps: 16975 | Total Reward: -43332.230608557344|
| Episode: 157 | Epsilon:  0.05 | Reward: -442.40247513813114 | Average Reward: -322.251 | Steps: 17154 | Total Reward: -43774.63308369552|
| Episode: 158 | Epsilon:  0.05 | Reward: -315.4292195143813 | Average Reward: -323.975 | Steps: 17275 | Total Reward: -44090.06230320993|
| Episode: 159 | Epsilon:  0.05 | Reward: -286.3369514998557 | Average Reward: -323.514 | Steps: 17399 | Total Reward: -44376.3992547098|
| Episode: 160 | Epsilon:  0.05 | Reward: -403.47698173130016 | Average Reward: -325.880 | Steps: 17550 | Total Reward: -44779.87623644111|
| Episode: 161 | Epsilon:  0.05 | Reward: -303.48813420739043 | Average Reward: -327.437 | Steps: 17673 | Total Reward: -45083.36437064851|
| Episode: 162 | Epsilon:  0.05 | Reward: -282.8330137653869 | Average Reward: -325.810 | Steps: 17775 | Total Reward: -45366.19738441386|
| Episode: 163 | Epsilon:  0.05 | Reward: -480.1648730485692 | Average Reward: -329.363 | Steps: 17942 | Total Reward: -45846.3622574624|
| Episode: 164 | Epsilon:  0.05 | Reward: -342.56076490024645 | Average Reward: -329.951 | Steps: 18113 | Total Reward: -46188.923022362644|
| Episode: 165 | Epsilon:  0.05 | Reward: -431.01511494811325 | Average Reward: -333.254 | Steps: 18223 | Total Reward: -46619.938137310746|
| Episode: 166 | Epsilon:  0.05 | Reward: -269.458304487573 | Average Reward: -332.235 | Steps: 18465 | Total Reward: -46889.39644179831|
| Episode: 167 | Epsilon:  0.05 | Reward: -423.6228499704492 | Average Reward: -330.925 | Steps: 18681 | Total Reward: -47313.01929176875|
| Episode: 168 | Epsilon:  0.05 | Reward: -258.49201443530245 | Average Reward: -332.221 | Steps: 18790 | Total Reward: -47571.51130620403|
| Episode: 169 | Epsilon:  0.05 | Reward: -297.413179764919 | Average Reward: -333.594 | Steps: 18894 | Total Reward: -47868.92448596896|
| Episode: 170 | Epsilon:  0.05 | Reward: -352.33434471883993 | Average Reward: -335.392 | Steps: 18982 | Total Reward: -48221.25883068778|
| Episode: 171 | Epsilon:  0.05 | Reward: -357.0473525651939 | Average Reward: -336.876 | Steps: 19148 | Total Reward: -48578.30618325295|
| Episode: 172 | Epsilon:  0.05 | Reward: -227.8556559610866 | Average Reward: -335.356 | Steps: 19253 | Total Reward: -48806.16183921407|
| Episode: 173 | Epsilon:  0.05 | Reward: -294.6747353013899 | Average Reward: -336.151 | Steps: 19378 | Total Reward: -49100.83657451546|
| Episode: 174 | Epsilon:  0.05 | Reward: -191.44719886216535 | Average Reward: -334.649 | Steps: 19478 | Total Reward: -49292.28377337763|
| Episode: 175 | Epsilon:  0.05 | Reward: -271.7272843375889 | Average Reward: -334.593 | Steps: 19581 | Total Reward: -49564.01105771521|
| Episode: 176 | Epsilon:  0.05 | Reward: -340.41774681020024 | Average Reward: -331.851 | Steps: 19687 | Total Reward: -49904.428804525414|
| Episode: 177 | Epsilon:  0.05 | Reward: -191.67922683669275 | Average Reward: -331.966 | Steps: 19802 | Total Reward: -50096.10803136209|
| Episode: 178 | Epsilon:  0.05 | Reward: -263.82174228264904 | Average Reward: -331.422 | Steps: 19934 | Total Reward: -50359.92977364471|
| Episode: 179 | Epsilon:  0.05 | Reward: -370.48456220131294 | Average Reward: -333.457 | Steps: 20103 | Total Reward: -50730.414335846035|
| Episode: 180 | Epsilon:  0.05 | Reward: -272.7180831785497 | Average Reward: -331.138 | Steps: 20180 | Total Reward: -51003.13241902457|
| Episode: 181 | Epsilon:  0.05 | Reward: -249.2431990290457 | Average Reward: -331.813 | Steps: 20283 | Total Reward: -51252.37561805363|
| Episode: 182 | Epsilon:  0.05 | Reward: -206.22411749288318 | Average Reward: -332.299 | Steps: 20424 | Total Reward: -51458.59973554652|
| Episode: 183 | Epsilon:  0.05 | Reward: -414.6465934805334 | Average Reward: -333.425 | Steps: 20585 | Total Reward: -51873.246329027046|
| Episode: 184 | Epsilon:  0.05 | Reward: -292.4463899518862 | Average Reward: -334.139 | Steps: 20776 | Total Reward: -52165.69271897892|
| Episode: 185 | Epsilon:  0.05 | Reward: -341.70000303789755 | Average Reward: -335.410 | Steps: 20941 | Total Reward: -52507.39272201678|
| Episode: 186 | Epsilon:  0.05 | Reward: -279.8435314439762 | Average Reward: -336.161 | Steps: 21075 | Total Reward: -52787.23625346077|
| Episode: 187 | Epsilon:  0.05 | Reward: -206.95607659488974 | Average Reward: -335.943 | Steps: 21156 | Total Reward: -52994.192330055645|
| Episode: 188 | Epsilon:  0.05 | Reward: -122.89284719230659 | Average Reward: -336.040 | Steps: 21332 | Total Reward: -53117.08517724791|
| Episode: 189 | Epsilon:  0.05 | Reward: -240.5731533434063 | Average Reward: -332.298 | Steps: 21444 | Total Reward: -53357.658330591286|
| Episode: 190 | Epsilon:  0.05 | Reward: -114.87735432921143 | Average Reward: -327.348 | Steps: 21622 | Total Reward: -53472.535684920476|
| Episode: 191 | Epsilon:  0.05 | Reward: -303.6861387309283 | Average Reward: -324.589 | Steps: 21762 | Total Reward: -53776.22182365135|
| Episode: 192 | Epsilon:  0.05 | Reward: -380.39017356925586 | Average Reward: -321.966 | Steps: 21886 | Total Reward: -54156.61199722063|
| Episode: 193 | Epsilon:  0.05 | Reward: -222.7067764066198 | Average Reward: -318.331 | Steps: 21986 | Total Reward: -54379.31877362724|
| Episode: 194 | Epsilon:  0.05 | Reward: -261.0449563389159 | Average Reward: -315.916 | Steps: 22085 | Total Reward: -54640.36372996616|
| Episode: 195 | Epsilon:  0.05 | Reward: -237.01043745691894 | Average Reward: -312.635 | Steps: 22227 | Total Reward: -54877.37416742309|
| Episode: 196 | Epsilon:  0.05 | Reward: -214.11264312156618 | Average Reward: -310.036 | Steps: 22472 | Total Reward: -55091.486810544666|
| Episode: 197 | Epsilon:  0.05 | Reward: -280.5606597394394 | Average Reward: -307.322 | Steps: 22562 | Total Reward: -55372.04747028408|
| Episode: 198 | Epsilon:  0.05 | Reward: -258.8745681384802 | Average Reward: -308.160 | Steps: 22699 | Total Reward: -55630.92203842253|
| Episode: 199 | Epsilon:  0.05 | Reward: -367.89678600043027 | Average Reward: -307.086 | Steps: 22819 | Total Reward: -55998.81882442294|
| Episode: 200 | Epsilon:  0.05 | Reward: -250.41142064691815 | Average Reward: -305.343 | Steps: 22927 | Total Reward: -56249.2302450699|
| Episode: 201 | Epsilon:  0.05 | Reward: -198.6245026550207 | Average Reward: -303.379 | Steps: 23017 | Total Reward: -56447.85474772492|
| Episode: 202 | Epsilon:  0.05 | Reward: -184.70138777352358 | Average Reward: -301.080 | Steps: 23165 | Total Reward: -56632.55613549847|
| Episode: 203 | Epsilon:  0.05 | Reward: -280.86225095925914 | Average Reward: -300.323 | Steps: 23273 | Total Reward: -56913.4183864577|
| Episode: 204 | Epsilon:  0.05 | Reward: -298.31064329629965 | Average Reward: -299.614 | Steps: 23460 | Total Reward: -57211.72902975399|
| Episode: 205 | Epsilon:  0.05 | Reward: -299.9493623172158 | Average Reward: -300.627 | Steps: 23634 | Total Reward: -57511.678392071226|
| Episode: 206 | Epsilon:  0.05 | Reward: -213.86160539581272 | Average Reward: -299.142 | Steps: 23840 | Total Reward: -57725.53999746705|
| Episode: 207 | Epsilon:  0.05 | Reward: -259.8401584686525 | Average Reward: -296.887 | Steps: 23936 | Total Reward: -57985.38015593572|
| Episode: 208 | Epsilon:  0.05 | Reward: -268.042062218716 | Average Reward: -295.686 | Steps: 24044 | Total Reward: -58253.42221815444|
| Episode: 209 | Epsilon:  0.05 | Reward: -289.5849218704734 | Average Reward: -296.101 | Steps: 24223 | Total Reward: -58543.00714002491|
| Episode: 210 | Epsilon:  0.05 | Reward: -368.4255259252824 | Average Reward: -295.941 | Steps: 24362 | Total Reward: -58911.43266595018|
| Episode: 211 | Epsilon:  0.05 | Reward: -521.8937913797661 | Average Reward: -297.497 | Steps: 24756 | Total Reward: -59433.32645733002|
| Episode: 212 | Epsilon:  0.05 | Reward: -184.46334777394776 | Average Reward: -297.275 | Steps: 24863 | Total Reward: -59617.789805103996|
| Episode: 213 | Epsilon:  0.05 | Reward: -231.57070981657 | Average Reward: -298.125 | Steps: 24960 | Total Reward: -59849.36051492059|
| Episode: 214 | Epsilon:  0.05 | Reward: -252.33646184494506 | Average Reward: -297.446 | Steps: 25045 | Total Reward: -60101.69697676555|
| Episode: 215 | Epsilon:  0.05 | Reward: -301.8571795351789 | Average Reward: -298.344 | Steps: 25186 | Total Reward: -60403.554156300735|
| Episode: 216 | Epsilon:  0.05 | Reward: -369.0765055312417 | Average Reward: -299.776 | Steps: 25325 | Total Reward: -60772.63066183196|
| Episode: 217 | Epsilon:  0.05 | Reward: -281.98236263119384 | Average Reward: -300.724 | Steps: 25455 | Total Reward: -61054.613024463186|
| Episode: 218 | Epsilon:  0.05 | Reward: -312.8103328857125 | Average Reward: -301.685 | Steps: 25600 | Total Reward: -61367.42335734889|
| Episode: 219 | Epsilon:  0.05 | Reward: -232.44167375312634 | Average Reward: -301.280 | Steps: 25737 | Total Reward: -61599.865031102025|
| Episode: 220 | Epsilon:  0.05 | Reward: -408.7045730701211 | Average Reward: -303.447 | Steps: 25867 | Total Reward: -62008.5696041721|
| Episode: 221 | Epsilon:  0.05 | Reward: -284.420222883969 | Average Reward: -303.831 | Steps: 26115 | Total Reward: -62292.989827056095|
| Episode: 222 | Epsilon:  0.05 | Reward: -313.8632541074911 | Average Reward: -304.821 | Steps: 26200 | Total Reward: -62606.8530811636|
| Episode: 223 | Epsilon:  0.05 | Reward: -298.34435272044107 | Average Reward: -305.392 | Steps: 26300 | Total Reward: -62905.197433884045|
| Episode: 224 | Epsilon:  0.05 | Reward: -270.2048118221394 | Average Reward: -304.645 | Steps: 26465 | Total Reward: -63175.40224570617|
| Episode: 225 | Epsilon:  0.05 | Reward: -267.0857788222744 | Average Reward: -303.425 | Steps: 26557 | Total Reward: -63442.488024528444|
| Episode: 226 | Epsilon:  0.05 | Reward: -222.2176821314147 | Average Reward: -301.859 | Steps: 26685 | Total Reward: -63664.70570665988|
| Episode: 227 | Epsilon:  0.05 | Reward: -270.7602280907974 | Average Reward: -300.571 | Steps: 26915 | Total Reward: -63935.465934750726|
| Episode: 228 | Epsilon:  0.05 | Reward: -308.9227943072593 | Average Reward: -299.537 | Steps: 27233 | Total Reward: -64244.38872905802|
| Episode: 229 | Epsilon:  0.05 | Reward: -261.0803163718203 | Average Reward: -300.017 | Steps: 27373 | Total Reward: -64505.46904542984|
| Episode: 230 | Epsilon:  0.05 | Reward: -295.6483234387762 | Average Reward: -300.112 | Steps: 27476 | Total Reward: -64801.11736886856|
| Episode: 231 | Epsilon:  0.05 | Reward: -342.39755269711713 | Average Reward: -300.212 | Steps: 27582 | Total Reward: -65143.51492156567|
| Episode: 232 | Epsilon:  0.05 | Reward: -196.12568591955738 | Average Reward: -299.839 | Steps: 27832 | Total Reward: -65339.64060748519|
| Episode: 233 | Epsilon:  0.05 | Reward: -287.43777545750766 | Average Reward: -299.751 | Steps: 27922 | Total Reward: -65627.07838294274|
| Episode: 234 | Epsilon:  0.05 | Reward: -243.05252004546318 | Average Reward: -299.621 | Steps: 28025 | Total Reward: -65870.13090298821|
| Episode: 235 | Epsilon:  0.05 | Reward: -316.75665992741483 | Average Reward: -298.988 | Steps: 28245 | Total Reward: -66186.88756291565|
| Episode: 236 | Epsilon:  0.05 | Reward: -246.91366164477935 | Average Reward: -298.368 | Steps: 28542 | Total Reward: -66433.80122456042|
| Episode: 237 | Epsilon:  0.05 | Reward: -351.25801478283034 | Average Reward: -297.589 | Steps: 28635 | Total Reward: -66785.05923934329|
| Episode: 238 | Epsilon:  0.05 | Reward: -253.1612050255735 | Average Reward: -297.226 | Steps: 28780 | Total Reward: -67038.22044436888|
| Episode: 239 | Epsilon:  0.05 | Reward: -298.65999794968855 | Average Reward: -298.224 | Steps: 28975 | Total Reward: -67336.88044231865|
| Episode: 240 | Epsilon:  0.05 | Reward: -265.219867915326 | Average Reward: -298.717 | Steps: 29081 | Total Reward: -67602.10031023399|
| Episode: 241 | Epsilon:  0.05 | Reward: -329.3259004575147 | Average Reward: -298.956 | Steps: 29178 | Total Reward: -67931.42621069151|
| Episode: 242 | Epsilon:  0.05 | Reward: -258.4029722205726 | Average Reward: -297.850 | Steps: 29303 | Total Reward: -68189.82918291212|
| Episode: 243 | Epsilon:  0.05 | Reward: -261.6906770500259 | Average Reward: -297.949 | Steps: 29410 | Total Reward: -68451.51985996218|
| Episode: 244 | Epsilon:  0.05 | Reward: -399.9531158200033 | Average Reward: -299.506 | Steps: 29706 | Total Reward: -68851.47297578213|
| Episode: 245 | Epsilon:  0.05 | Reward: -384.5465715320429 | Average Reward: -299.599 | Steps: 29811 | Total Reward: -69236.01954731418|
| Episode: 246 | Epsilon:  0.05 | Reward: -314.18022302212864 | Average Reward: -299.629 | Steps: 29881 | Total Reward: -69550.19977033634|
| Episode: 247 | Epsilon:  0.05 | Reward: -213.14690616879352 | Average Reward: -299.389 | Steps: 29985 | Total Reward: -69763.34667650516|
| Episode: 248 | Epsilon:  0.05 | Reward: -291.7861820723339 | Average Reward: -297.223 | Steps: 30183 | Total Reward: -70055.13285857739|
| Episode: 249 | Epsilon:  0.05 | Reward: -243.47776122657552 | Average Reward: -295.308 | Steps: 30427 | Total Reward: -70298.61061980402|
| Episode: 250 | Epsilon:  0.05 | Reward: -172.95103086775973 | Average Reward: -294.023 | Steps: 30533 | Total Reward: -70471.56165067182|
| Episode: 251 | Epsilon:  0.05 | Reward: -326.3513672783239 | Average Reward: -293.283 | Steps: 30729 | Total Reward: -70797.91301795031|
| Episode: 252 | Epsilon:  0.05 | Reward: -227.57103616252596 | Average Reward: -292.552 | Steps: 30829 | Total Reward: -71025.48405411279|
| Episode: 253 | Epsilon:  0.05 | Reward: -218.37184373321512 | Average Reward: -290.446 | Steps: 30948 | Total Reward: -71243.85589784598|
| Episode: 254 | Epsilon:  0.05 | Reward: -207.06806219816323 | Average Reward: -288.571 | Steps: 31082 | Total Reward: -71450.92396004414|
| Episode: 255 | Epsilon:  0.05 | Reward: -379.89338226363003 | Average Reward: -288.281 | Steps: 31229 | Total Reward: -71830.81734230775|
| Episode: 256 | Epsilon:  0.05 | Reward: -221.04625460171985 | Average Reward: -287.196 | Steps: 31331 | Total Reward: -72051.86359690946|
| Episode: 257 | Epsilon:  0.05 | Reward: -285.4180166027243 | Average Reward: -285.626 | Steps: 31449 | Total Reward: -72337.2816135121|
| Episode: 258 | Epsilon:  0.05 | Reward: -234.26633105377203 | Average Reward: -284.815 | Steps: 31569 | Total Reward: -72571.54794456586|
| Episode: 259 | Epsilon:  0.05 | Reward: -249.91141388669365 | Average Reward: -284.451 | Steps: 31692 | Total Reward: -72821.45935845253|
| Episode: 260 | Epsilon:  0.05 | Reward: -257.94317923838196 | Average Reward: -282.995 | Steps: 31788 | Total Reward: -73079.40253769093|
| Episode: 261 | Epsilon:  0.05 | Reward: -146.20829184048904 | Average Reward: -281.422 | Steps: 31889 | Total Reward: -73225.61082953142|
| Episode: 262 | Epsilon:  0.05 | Reward: -263.8849908102072 | Average Reward: -281.233 | Steps: 31995 | Total Reward: -73489.49582034165|
| Episode: 263 | Epsilon:  0.05 | Reward: -326.0459476343094 | Average Reward: -279.692 | Steps: 32127 | Total Reward: -73815.54176797601|
| Episode: 264 | Epsilon:  0.05 | Reward: -400.18501788482524 | Average Reward: -280.268 | Steps: 32248 | Total Reward: -74215.72678586087|
| Episode: 265 | Epsilon:  0.05 | Reward: -295.34909763119657 | Average Reward: -278.911 | Steps: 32322 | Total Reward: -74511.07588349209|
| Episode: 266 | Epsilon:  0.05 | Reward: -280.2544455763343 | Average Reward: -279.019 | Steps: 32649 | Total Reward: -74791.33032906841|
| Episode: 267 | Epsilon:  0.05 | Reward: -314.3114619965563 | Average Reward: -277.926 | Steps: 32813 | Total Reward: -75105.64179106505|
| Episode: 268 | Epsilon:  0.05 | Reward: -330.7068728946572 | Average Reward: -278.648 | Steps: 32936 | Total Reward: -75436.34866395977|
| Episode: 269 | Epsilon:  0.05 | Reward: -269.16584119477267 | Average Reward: -278.366 | Steps: 33074 | Total Reward: -75705.51450515456|
| Episode: 270 | Epsilon:  0.05 | Reward: -289.2145356671515 | Average Reward: -277.735 | Steps: 33197 | Total Reward: -75994.72904082178|
| Episode: 271 | Epsilon:  0.05 | Reward: -410.8787442811761 | Average Reward: -278.273 | Steps: 33318 | Total Reward: -76405.60778510297|
