+------------------------+----------------------------+--------------------+
|                        |     Supported Features     |  Program Commands  |
+========================+============================+====================+
| Compatible Layers      | Hopfield Layer,            | hopfield,          |
|                        | HopfieldLayer Layer,       | hopfield_layer,    |
|                        | HopfieldPooling Layer,     | hopfield_pooling,  |
|                        | LSTM,                      | lstm,              |
|                        | GRU                        | gru                |
+------------------------+----------------------------+--------------------+
| Supported Loss Metrics | Huber Loss,                | huber,             |
|                        | Mean Absolute Error Loss,  | mae,               |
|                        | Mean Squared Error Loss,   | mse,               |
|                        | SmoothL1 Loss              | smooth_l1          |
+------------------------+----------------------------+--------------------+
| Supported Optimizers   | RMSprop (default),         | rmsprop,           |
|                        | AdamW,                     | adam,              |
|                        | Adam,                      | adamW,             |
|                        | SGD                        |  sgd               |
+------------------------+----------------------------+--------------------+
+------------------------------+------------------------------------------+
|          Parameter           |                  Value                   |
+==============================+==========================================+
| Layer Type:                  | gru                                      |
+------------------------------+------------------------------------------+
| Loss Metric:                 | mse                                      |
+------------------------------+------------------------------------------+
| Sequence Length:             | 20                                       |
+------------------------------+------------------------------------------+
| Learning Rate:               | 0.000                                    |
+------------------------------+------------------------------------------+
| Target Update Steps:         | 100                                      |
+------------------------------+------------------------------------------+
| Optimizer:                   | rmsprop                                  |
+------------------------------+------------------------------------------+
| Weight Decay:                | 0                                        |
+------------------------------+------------------------------------------+
| Hopfield Inverse Temperature | 100                                      |
+------------------------------+------------------------------------------+
| Scale Q-values with lr       | False                                    |
+------------------------------+------------------------------------------+
| Hard or Soft Update          | True                                     |
+------------------------------+------------------------------------------+
| Polyak Factor                | None                                     |
+------------------------------+------------------------------------------+
| Make POMDP                   | Train: False, Hidden dims: [1], mask     |
|                              | Evaluation: True, Hidden dims: [1], mask |
+------------------------------+------------------------------------------+
---------------
| TRAINING... |
---------------
| Episode:   1 | Epsilon:  0.89 | Reward:   2.0 | Average Reward: 2.000 | Steps:   281 | Total Reward:   2.0|
| Episode:   2 | Epsilon:  0.89 | Reward:   2.0 | Average Reward: 2.000 | Steps:   535 | Total Reward:   4.0|
| Episode:   3 | Epsilon:  0.88 | Reward:   2.0 | Average Reward: 2.000 | Steps:   797 | Total Reward:   6.0|
| Episode:   4 | Epsilon:  0.87 | Reward:   2.0 | Average Reward: 2.000 | Steps:  1045 | Total Reward:   8.0|
| Episode:   5 | Epsilon:  0.86 | Reward:   0.0 | Average Reward: 1.600 | Steps:  1202 | Total Reward:   8.0|
| Episode:   6 | Epsilon:  0.85 | Reward:   0.0 | Average Reward: 1.333 | Steps:  1357 | Total Reward:   8.0|
| Episode:   7 | Epsilon:  0.85 | Reward:   1.0 | Average Reward: 1.286 | Steps:  1571 | Total Reward:   9.0|
| Episode:   8 | Epsilon:  0.84 | Reward:   3.0 | Average Reward: 1.500 | Steps:  1919 | Total Reward:  12.0|
| Episode:   9 | Epsilon:  0.83 | Reward:   0.0 | Average Reward: 1.333 | Steps:  2075 | Total Reward:  12.0|
| Episode:  10 | Epsilon:  0.83 | Reward:   2.0 | Average Reward: 1.400 | Steps:  2326 | Total Reward:  14.0|
| Episode:  11 | Epsilon:  0.82 | Reward:   3.0 | Average Reward: 1.545 | Steps:  2639 | Total Reward:  17.0|
| Episode:  12 | Epsilon:  0.81 | Reward:   0.0 | Average Reward: 1.417 | Steps:  2785 | Total Reward:  17.0|
| Episode:  13 | Epsilon:  0.80 | Reward:   0.0 | Average Reward: 1.308 | Steps:  2937 | Total Reward:  17.0|
| Episode:  14 | Epsilon:  0.80 | Reward:   3.0 | Average Reward: 1.429 | Steps:  3258 | Total Reward:  20.0|
| Episode:  15 | Epsilon:  0.79 | Reward:   3.0 | Average Reward: 1.533 | Steps:  3582 | Total Reward:  23.0|
| Episode:  16 | Epsilon:  0.78 | Reward:   2.0 | Average Reward: 1.562 | Steps:  3838 | Total Reward:  25.0|
| Episode:  17 | Epsilon:  0.78 | Reward:   3.0 | Average Reward: 1.647 | Steps:  4164 | Total Reward:  28.0|
| Episode:  18 | Epsilon:  0.77 | Reward:   2.0 | Average Reward: 1.667 | Steps:  4421 | Total Reward:  30.0|
| Episode:  19 | Epsilon:  0.76 | Reward:   0.0 | Average Reward: 1.579 | Steps:  4576 | Total Reward:  30.0|
| Episode:  20 | Epsilon:  0.76 | Reward:   0.0 | Average Reward: 1.500 | Steps:  4724 | Total Reward:  30.0|
| Episode:  21 | Epsilon:  0.75 | Reward:   2.0 | Average Reward: 1.524 | Steps:  4971 | Total Reward:  32.0|
| Episode:  22 | Epsilon:  0.74 | Reward:   2.0 | Average Reward: 1.545 | Steps:  5214 | Total Reward:  34.0|
| Episode:  23 | Epsilon:  0.74 | Reward:   3.0 | Average Reward: 1.609 | Steps:  5535 | Total Reward:  37.0|
| Episode:  24 | Epsilon:  0.73 | Reward:   5.0 | Average Reward: 1.750 | Steps:  6033 | Total Reward:  42.0|
| Episode:  25 | Epsilon:  0.72 | Reward:   2.0 | Average Reward: 1.760 | Steps:  6288 | Total Reward:  44.0|
| Episode:  26 | Epsilon:  0.72 | Reward:   3.0 | Average Reward: 1.808 | Steps:  6606 | Total Reward:  47.0|
| Episode:  27 | Epsilon:  0.71 | Reward:   3.0 | Average Reward: 1.852 | Steps:  6932 | Total Reward:  50.0|
| Episode:  28 | Epsilon:  0.71 | Reward:   0.0 | Average Reward: 1.786 | Steps:  7086 | Total Reward:  50.0|
| Episode:  29 | Epsilon:  0.70 | Reward:   2.0 | Average Reward: 1.793 | Steps:  7335 | Total Reward:  52.0|
| Episode:  30 | Epsilon:  0.69 | Reward:   1.0 | Average Reward: 1.767 | Steps:  7527 | Total Reward:  53.0|
| Episode:  31 | Epsilon:  0.69 | Reward:   3.0 | Average Reward: 1.806 | Steps:  7841 | Total Reward:  56.0|
| Episode:  32 | Epsilon:  0.68 | Reward:   2.0 | Average Reward: 1.812 | Steps:  8087 | Total Reward:  58.0|
| Episode:  33 | Epsilon:  0.68 | Reward:   3.0 | Average Reward: 1.848 | Steps:  8378 | Total Reward:  61.0|
| Episode:  34 | Epsilon:  0.67 | Reward:   3.0 | Average Reward: 1.882 | Steps:  8697 | Total Reward:  64.0|
| Episode:  35 | Epsilon:  0.66 | Reward:   3.0 | Average Reward: 1.914 | Steps:  9004 | Total Reward:  67.0|
| Episode:  36 | Epsilon:  0.66 | Reward:   3.0 | Average Reward: 1.944 | Steps:  9323 | Total Reward:  70.0|
| Episode:  37 | Epsilon:  0.65 | Reward:   3.0 | Average Reward: 1.973 | Steps:  9646 | Total Reward:  73.0|
| Episode:  38 | Epsilon:  0.65 | Reward:   4.0 | Average Reward: 2.026 | Steps: 10033 | Total Reward:  77.0|
| Episode:  39 | Epsilon:  0.64 | Reward:   3.0 | Average Reward: 2.051 | Steps: 10357 | Total Reward:  80.0|
| Episode:  40 | Epsilon:  0.64 | Reward:   4.0 | Average Reward: 2.100 | Steps: 10740 | Total Reward:  84.0|
| Episode:  41 | Epsilon:  0.63 | Reward:   2.0 | Average Reward: 2.098 | Steps: 10992 | Total Reward:  86.0|
| Episode:  42 | Epsilon:  0.63 | Reward:   0.0 | Average Reward: 2.048 | Steps: 11138 | Total Reward:  86.0|
| Episode:  43 | Epsilon:  0.62 | Reward:   2.0 | Average Reward: 2.047 | Steps: 11394 | Total Reward:  88.0|
| Episode:  44 | Epsilon:  0.62 | Reward:   0.0 | Average Reward: 2.000 | Steps: 11543 | Total Reward:  88.0|
| Episode:  45 | Epsilon:  0.61 | Reward:   3.0 | Average Reward: 2.022 | Steps: 11862 | Total Reward:  91.0|
| Episode:  46 | Epsilon:  0.61 | Reward:   3.0 | Average Reward: 2.043 | Steps: 12180 | Total Reward:  94.0|
| Episode:  47 | Epsilon:  0.60 | Reward:   2.0 | Average Reward: 2.043 | Steps: 12428 | Total Reward:  96.0|
| Episode:  48 | Epsilon:  0.60 | Reward:   2.0 | Average Reward: 2.042 | Steps: 12682 | Total Reward:  98.0|
| Episode:  49 | Epsilon:  0.59 | Reward:   3.0 | Average Reward: 2.061 | Steps: 13000 | Total Reward: 101.0|
| Episode:  50 | Epsilon:  0.59 | Reward:   0.0 | Average Reward: 2.020 | Steps: 13153 | Total Reward: 101.0|
| Episode:  51 | Epsilon:  0.58 | Reward:   2.0 | Average Reward: 2.020 | Steps: 13397 | Total Reward: 103.0|
| Episode:  52 | Epsilon:  0.58 | Reward:   2.0 | Average Reward: 2.019 | Steps: 13652 | Total Reward: 105.0|
| Episode:  53 | Epsilon:  0.57 | Reward:   2.0 | Average Reward: 2.019 | Steps: 13903 | Total Reward: 107.0|
| Episode:  54 | Epsilon:  0.57 | Reward:   0.0 | Average Reward: 1.981 | Steps: 14060 | Total Reward: 107.0|
| Episode:  55 | Epsilon:  0.56 | Reward:   2.0 | Average Reward: 1.982 | Steps: 14312 | Total Reward: 109.0|
| Episode:  56 | Epsilon:  0.56 | Reward:   4.0 | Average Reward: 2.018 | Steps: 14691 | Total Reward: 113.0|
| Episode:  57 | Epsilon:  0.55 | Reward:   3.0 | Average Reward: 2.035 | Steps: 15004 | Total Reward: 116.0|
| Episode:  58 | Epsilon:  0.55 | Reward:   2.0 | Average Reward: 2.034 | Steps: 15260 | Total Reward: 118.0|
| Episode:  59 | Epsilon:  0.54 | Reward:   3.0 | Average Reward: 2.051 | Steps: 15577 | Total Reward: 121.0|
| Episode:  60 | Epsilon:  0.54 | Reward:   2.0 | Average Reward: 2.050 | Steps: 15818 | Total Reward: 123.0|
| Episode:  61 | Epsilon:  0.54 | Reward:   3.0 | Average Reward: 2.066 | Steps: 16142 | Total Reward: 126.0|
| Episode:  62 | Epsilon:  0.53 | Reward:   4.0 | Average Reward: 2.097 | Steps: 16528 | Total Reward: 130.0|
| Episode:  63 | Epsilon:  0.53 | Reward:   4.0 | Average Reward: 2.127 | Steps: 16900 | Total Reward: 134.0|
| Episode:  64 | Epsilon:  0.52 | Reward:   0.0 | Average Reward: 2.094 | Steps: 17053 | Total Reward: 134.0|
| Episode:  65 | Epsilon:  0.52 | Reward:   3.0 | Average Reward: 2.108 | Steps: 17365 | Total Reward: 137.0|
| Episode:  66 | Epsilon:  0.51 | Reward:   3.0 | Average Reward: 2.121 | Steps: 17689 | Total Reward: 140.0|
| Episode:  67 | Epsilon:  0.51 | Reward:   2.0 | Average Reward: 2.119 | Steps: 17935 | Total Reward: 142.0|
| Episode:  68 | Epsilon:  0.51 | Reward:   2.0 | Average Reward: 2.118 | Steps: 18187 | Total Reward: 144.0|
| Episode:  69 | Epsilon:  0.50 | Reward:   3.0 | Average Reward: 2.130 | Steps: 18490 | Total Reward: 147.0|
| Episode:  70 | Epsilon:  0.50 | Reward:   0.0 | Average Reward: 2.100 | Steps: 18651 | Total Reward: 147.0|
| Episode:  71 | Epsilon:  0.49 | Reward:   2.0 | Average Reward: 2.099 | Steps: 18911 | Total Reward: 149.0|
| Episode:  72 | Epsilon:  0.49 | Reward:   2.0 | Average Reward: 2.097 | Steps: 19160 | Total Reward: 151.0|
| Episode:  73 | Epsilon:  0.49 | Reward:   4.0 | Average Reward: 2.123 | Steps: 19546 | Total Reward: 155.0|
| Episode:  74 | Epsilon:  0.48 | Reward:   0.0 | Average Reward: 2.095 | Steps: 19706 | Total Reward: 155.0|
| Episode:  75 | Epsilon:  0.48 | Reward:   0.0 | Average Reward: 2.067 | Steps: 19863 | Total Reward: 155.0|
| Episode:  76 | Epsilon:  0.47 | Reward:   4.0 | Average Reward: 2.092 | Steps: 20248 | Total Reward: 159.0|
| Episode:  77 | Epsilon:  0.47 | Reward:   2.0 | Average Reward: 2.091 | Steps: 20502 | Total Reward: 161.0|
| Episode:  78 | Epsilon:  0.47 | Reward:   3.0 | Average Reward: 2.103 | Steps: 20818 | Total Reward: 164.0|
| Episode:  79 | Epsilon:  0.46 | Reward:   3.0 | Average Reward: 2.114 | Steps: 21150 | Total Reward: 167.0|
| Episode:  80 | Epsilon:  0.46 | Reward:   0.0 | Average Reward: 2.087 | Steps: 21299 | Total Reward: 167.0|
| Episode:  81 | Epsilon:  0.46 | Reward:   2.0 | Average Reward: 2.086 | Steps: 21558 | Total Reward: 169.0|
| Episode:  82 | Epsilon:  0.45 | Reward:   3.0 | Average Reward: 2.098 | Steps: 21875 | Total Reward: 172.0|
| Episode:  83 | Epsilon:  0.45 | Reward:   0.0 | Average Reward: 2.072 | Steps: 22026 | Total Reward: 172.0|
| Episode:  84 | Epsilon:  0.45 | Reward:   3.0 | Average Reward: 2.083 | Steps: 22340 | Total Reward: 175.0|
| Episode:  85 | Epsilon:  0.44 | Reward:   0.0 | Average Reward: 2.059 | Steps: 22497 | Total Reward: 175.0|
| Episode:  86 | Epsilon:  0.44 | Reward:   4.0 | Average Reward: 2.081 | Steps: 22889 | Total Reward: 179.0|
| Episode:  87 | Epsilon:  0.44 | Reward:   0.0 | Average Reward: 2.057 | Steps: 23042 | Total Reward: 179.0|
| Episode:  88 | Epsilon:  0.43 | Reward:   3.0 | Average Reward: 2.068 | Steps: 23350 | Total Reward: 182.0|
| Episode:  89 | Epsilon:  0.43 | Reward:   5.0 | Average Reward: 2.101 | Steps: 23799 | Total Reward: 187.0|
| Episode:  90 | Epsilon:  0.43 | Reward:   0.0 | Average Reward: 2.078 | Steps: 23951 | Total Reward: 187.0|
| Episode:  91 | Epsilon:  0.42 | Reward:   0.0 | Average Reward: 2.055 | Steps: 24099 | Total Reward: 187.0|
| Episode:  92 | Epsilon:  0.42 | Reward:   2.0 | Average Reward: 2.054 | Steps: 24349 | Total Reward: 189.0|
| Episode:  93 | Epsilon:  0.42 | Reward:   2.0 | Average Reward: 2.054 | Steps: 24604 | Total Reward: 191.0|
| Episode:  94 | Epsilon:  0.41 | Reward:   4.0 | Average Reward: 2.074 | Steps: 24986 | Total Reward: 195.0|
| Episode:  95 | Epsilon:  0.41 | Reward:   3.0 | Average Reward: 2.084 | Steps: 25301 | Total Reward: 198.0|
| Episode:  96 | Epsilon:  0.41 | Reward:   2.0 | Average Reward: 2.083 | Steps: 25557 | Total Reward: 200.0|
| Episode:  97 | Epsilon:  0.40 | Reward:   2.0 | Average Reward: 2.082 | Steps: 25814 | Total Reward: 202.0|
| Episode:  98 | Epsilon:  0.40 | Reward:   2.0 | Average Reward: 2.082 | Steps: 26062 | Total Reward: 204.0|
| Episode:  99 | Epsilon:  0.40 | Reward:   2.0 | Average Reward: 2.081 | Steps: 26315 | Total Reward: 206.0|
| Episode: 100 | Epsilon:  0.39 | Reward:   2.0 | Average Reward: 2.080 | Steps: 26569 | Total Reward: 208.0|
| Episode: 101 | Epsilon:  0.39 | Reward:   3.0 | Average Reward: 2.090 | Steps: 26886 | Total Reward: 211.0|
| Episode: 102 | Epsilon:  0.39 | Reward:   2.0 | Average Reward: 2.090 | Steps: 27153 | Total Reward: 213.0|
| Episode: 103 | Epsilon:  0.39 | Reward:   2.0 | Average Reward: 2.090 | Steps: 27407 | Total Reward: 215.0|
| Episode: 104 | Epsilon:  0.38 | Reward:   3.0 | Average Reward: 2.100 | Steps: 27716 | Total Reward: 218.0|
| Episode: 105 | Epsilon:  0.38 | Reward:   3.0 | Average Reward: 2.130 | Steps: 28026 | Total Reward: 221.0|
| Episode: 106 | Epsilon:  0.38 | Reward:   4.0 | Average Reward: 2.170 | Steps: 28411 | Total Reward: 225.0|
| Episode: 107 | Epsilon:  0.37 | Reward:   2.0 | Average Reward: 2.180 | Steps: 28667 | Total Reward: 227.0|
| Episode: 108 | Epsilon:  0.37 | Reward:   0.0 | Average Reward: 2.150 | Steps: 28824 | Total Reward: 227.0|
| Episode: 109 | Epsilon:  0.37 | Reward:   3.0 | Average Reward: 2.180 | Steps: 29142 | Total Reward: 230.0|
| Episode: 110 | Epsilon:  0.37 | Reward:   0.0 | Average Reward: 2.160 | Steps: 29295 | Total Reward: 230.0|
| Episode: 111 | Epsilon:  0.36 | Reward:   2.0 | Average Reward: 2.150 | Steps: 29560 | Total Reward: 232.0|
| Episode: 112 | Epsilon:  0.36 | Reward:   2.0 | Average Reward: 2.170 | Steps: 29813 | Total Reward: 234.0|
| Episode: 113 | Epsilon:  0.36 | Reward:   4.0 | Average Reward: 2.210 | Steps: 30200 | Total Reward: 238.0|
| Episode: 114 | Epsilon:  0.36 | Reward:   2.0 | Average Reward: 2.200 | Steps: 30466 | Total Reward: 240.0|
| Episode: 115 | Epsilon:  0.35 | Reward:   2.0 | Average Reward: 2.190 | Steps: 30734 | Total Reward: 242.0|
| Episode: 116 | Epsilon:  0.35 | Reward:   2.0 | Average Reward: 2.190 | Steps: 30984 | Total Reward: 244.0|
| Episode: 117 | Epsilon:  0.35 | Reward:   2.0 | Average Reward: 2.180 | Steps: 31246 | Total Reward: 246.0|
| Episode: 118 | Epsilon:  0.35 | Reward:   3.0 | Average Reward: 2.190 | Steps: 31563 | Total Reward: 249.0|
| Episode: 119 | Epsilon:  0.34 | Reward:   2.0 | Average Reward: 2.210 | Steps: 31820 | Total Reward: 251.0|
| Episode: 120 | Epsilon:  0.34 | Reward:   2.0 | Average Reward: 2.230 | Steps: 32074 | Total Reward: 253.0|
| Episode: 121 | Epsilon:  0.34 | Reward:   3.0 | Average Reward: 2.240 | Steps: 32391 | Total Reward: 256.0|
| Episode: 122 | Epsilon:  0.34 | Reward:   0.0 | Average Reward: 2.220 | Steps: 32541 | Total Reward: 256.0|
| Episode: 123 | Epsilon:  0.33 | Reward:   2.0 | Average Reward: 2.210 | Steps: 32799 | Total Reward: 258.0|
| Episode: 124 | Epsilon:  0.33 | Reward:   3.0 | Average Reward: 2.190 | Steps: 33122 | Total Reward: 261.0|
| Episode: 125 | Epsilon:  0.33 | Reward:   2.0 | Average Reward: 2.190 | Steps: 33375 | Total Reward: 263.0|
| Episode: 126 | Epsilon:  0.33 | Reward:   2.0 | Average Reward: 2.180 | Steps: 33628 | Total Reward: 265.0|
| Episode: 127 | Epsilon:  0.33 | Reward:   2.0 | Average Reward: 2.170 | Steps: 33879 | Total Reward: 267.0|
| Episode: 128 | Epsilon:  0.32 | Reward:   2.0 | Average Reward: 2.190 | Steps: 34126 | Total Reward: 269.0|
| Episode: 129 | Epsilon:  0.32 | Reward:   2.0 | Average Reward: 2.190 | Steps: 34388 | Total Reward: 271.0|
| Episode: 130 | Epsilon:  0.32 | Reward:   3.0 | Average Reward: 2.210 | Steps: 34704 | Total Reward: 274.0|
| Episode: 131 | Epsilon:  0.32 | Reward:   2.0 | Average Reward: 2.200 | Steps: 34960 | Total Reward: 276.0|
| Episode: 132 | Epsilon:  0.31 | Reward:   0.0 | Average Reward: 2.180 | Steps: 35124 | Total Reward: 276.0|
| Episode: 133 | Epsilon:  0.31 | Reward:   0.0 | Average Reward: 2.150 | Steps: 35281 | Total Reward: 276.0|
| Episode: 134 | Epsilon:  0.31 | Reward:   2.0 | Average Reward: 2.140 | Steps: 35533 | Total Reward: 278.0|
| Episode: 135 | Epsilon:  0.31 | Reward:   2.0 | Average Reward: 2.130 | Steps: 35795 | Total Reward: 280.0|
| Episode: 136 | Epsilon:  0.31 | Reward:   0.0 | Average Reward: 2.100 | Steps: 35948 | Total Reward: 280.0|
| Episode: 137 | Epsilon:  0.30 | Reward:   2.0 | Average Reward: 2.090 | Steps: 36239 | Total Reward: 282.0|
| Episode: 138 | Epsilon:  0.30 | Reward:   2.0 | Average Reward: 2.070 | Steps: 36493 | Total Reward: 284.0|
| Episode: 139 | Epsilon:  0.30 | Reward:   3.0 | Average Reward: 2.070 | Steps: 36810 | Total Reward: 287.0|
| Episode: 140 | Epsilon:  0.30 | Reward:   2.0 | Average Reward: 2.050 | Steps: 37061 | Total Reward: 289.0|
| Episode: 141 | Epsilon:  0.30 | Reward:   0.0 | Average Reward: 2.030 | Steps: 37213 | Total Reward: 289.0|
| Episode: 142 | Epsilon:  0.29 | Reward:   4.0 | Average Reward: 2.070 | Steps: 37593 | Total Reward: 293.0|
| Episode: 143 | Epsilon:  0.29 | Reward:   2.0 | Average Reward: 2.070 | Steps: 37852 | Total Reward: 295.0|
| Episode: 144 | Epsilon:  0.29 | Reward:   3.0 | Average Reward: 2.100 | Steps: 38171 | Total Reward: 298.0|
| Episode: 145 | Epsilon:  0.29 | Reward:   4.0 | Average Reward: 2.110 | Steps: 38562 | Total Reward: 302.0|
| Episode: 146 | Epsilon:  0.29 | Reward:   3.0 | Average Reward: 2.110 | Steps: 38872 | Total Reward: 305.0|
| Episode: 147 | Epsilon:  0.28 | Reward:   3.0 | Average Reward: 2.120 | Steps: 39185 | Total Reward: 308.0|
| Episode: 148 | Epsilon:  0.28 | Reward:   3.0 | Average Reward: 2.130 | Steps: 39505 | Total Reward: 311.0|
| Episode: 149 | Epsilon:  0.28 | Reward:   3.0 | Average Reward: 2.130 | Steps: 39822 | Total Reward: 314.0|
| Episode: 150 | Epsilon:  0.28 | Reward:   3.0 | Average Reward: 2.160 | Steps: 40146 | Total Reward: 317.0|
| Episode: 151 | Epsilon:  0.28 | Reward:   0.0 | Average Reward: 2.140 | Steps: 40302 | Total Reward: 317.0|
| Episode: 152 | Epsilon:  0.28 | Reward:   0.0 | Average Reward: 2.120 | Steps: 40457 | Total Reward: 317.0|
| Episode: 153 | Epsilon:  0.27 | Reward:   0.0 | Average Reward: 2.100 | Steps: 40611 | Total Reward: 317.0|
| Episode: 154 | Epsilon:  0.27 | Reward:   0.0 | Average Reward: 2.100 | Steps: 40768 | Total Reward: 317.0|
| Episode: 155 | Epsilon:  0.27 | Reward:   0.0 | Average Reward: 2.080 | Steps: 40919 | Total Reward: 317.0|
| Episode: 156 | Epsilon:  0.27 | Reward:   0.0 | Average Reward: 2.040 | Steps: 41079 | Total Reward: 317.0|
| Episode: 157 | Epsilon:  0.27 | Reward:   2.0 | Average Reward: 2.030 | Steps: 41336 | Total Reward: 319.0|
| Episode: 158 | Epsilon:  0.27 | Reward:   3.0 | Average Reward: 2.040 | Steps: 41701 | Total Reward: 322.0|
| Episode: 159 | Epsilon:  0.26 | Reward:   3.0 | Average Reward: 2.040 | Steps: 42024 | Total Reward: 325.0|
| Episode: 160 | Epsilon:  0.26 | Reward:   2.0 | Average Reward: 2.040 | Steps: 42271 | Total Reward: 327.0|
| Episode: 161 | Epsilon:  0.26 | Reward:   2.0 | Average Reward: 2.030 | Steps: 42529 | Total Reward: 329.0|
| Episode: 162 | Epsilon:  0.26 | Reward:   2.0 | Average Reward: 2.010 | Steps: 42774 | Total Reward: 331.0|
| Episode: 163 | Epsilon:  0.26 | Reward:   3.0 | Average Reward: 2.000 | Steps: 43091 | Total Reward: 334.0|
| Episode: 164 | Epsilon:  0.26 | Reward:   0.0 | Average Reward: 2.000 | Steps: 43246 | Total Reward: 334.0|
| Episode: 165 | Epsilon:  0.25 | Reward:   3.0 | Average Reward: 2.000 | Steps: 43563 | Total Reward: 337.0|
| Episode: 166 | Epsilon:  0.25 | Reward:   0.0 | Average Reward: 1.970 | Steps: 43728 | Total Reward: 337.0|
| Episode: 167 | Epsilon:  0.25 | Reward:   0.0 | Average Reward: 1.950 | Steps: 43882 | Total Reward: 337.0|
| Episode: 168 | Epsilon:  0.25 | Reward:   0.0 | Average Reward: 1.930 | Steps: 44039 | Total Reward: 337.0|
| Episode: 169 | Epsilon:  0.25 | Reward:   3.0 | Average Reward: 1.930 | Steps: 44372 | Total Reward: 340.0|
| Episode: 170 | Epsilon:  0.25 | Reward:   3.0 | Average Reward: 1.960 | Steps: 44691 | Total Reward: 343.0|
| Episode: 171 | Epsilon:  0.24 | Reward:   3.0 | Average Reward: 1.970 | Steps: 45003 | Total Reward: 346.0|
| Episode: 172 | Epsilon:  0.24 | Reward:   3.0 | Average Reward: 1.980 | Steps: 45314 | Total Reward: 349.0|
| Episode: 173 | Epsilon:  0.24 | Reward:   0.0 | Average Reward: 1.940 | Steps: 45469 | Total Reward: 349.0|
| Episode: 174 | Epsilon:  0.24 | Reward:   2.0 | Average Reward: 1.960 | Steps: 45724 | Total Reward: 351.0|
| Episode: 175 | Epsilon:  0.24 | Reward:   3.0 | Average Reward: 1.990 | Steps: 46040 | Total Reward: 354.0|
| Episode: 176 | Epsilon:  0.24 | Reward:   3.0 | Average Reward: 1.980 | Steps: 46377 | Total Reward: 357.0|
| Episode: 177 | Epsilon:  0.24 | Reward:   0.0 | Average Reward: 1.960 | Steps: 46531 | Total Reward: 357.0|
| Episode: 178 | Epsilon:  0.24 | Reward:   3.0 | Average Reward: 1.960 | Steps: 46854 | Total Reward: 360.0|
| Episode: 179 | Epsilon:  0.23 | Reward:   3.0 | Average Reward: 1.960 | Steps: 47187 | Total Reward: 363.0|
| Episode: 180 | Epsilon:  0.23 | Reward:   0.0 | Average Reward: 1.960 | Steps: 47355 | Total Reward: 363.0|
| Episode: 181 | Epsilon:  0.23 | Reward:   2.0 | Average Reward: 1.960 | Steps: 47605 | Total Reward: 365.0|
| Episode: 182 | Epsilon:  0.23 | Reward:   0.0 | Average Reward: 1.930 | Steps: 47755 | Total Reward: 365.0|
| Episode: 183 | Epsilon:  0.23 | Reward:   2.0 | Average Reward: 1.950 | Steps: 48013 | Total Reward: 367.0|
| Episode: 184 | Epsilon:  0.23 | Reward:   2.0 | Average Reward: 1.940 | Steps: 48266 | Total Reward: 369.0|
| Episode: 185 | Epsilon:  0.23 | Reward:   2.0 | Average Reward: 1.960 | Steps: 48522 | Total Reward: 371.0|
| Episode: 186 | Epsilon:  0.22 | Reward:   2.0 | Average Reward: 1.940 | Steps: 48771 | Total Reward: 373.0|
| Episode: 187 | Epsilon:  0.22 | Reward:   2.0 | Average Reward: 1.960 | Steps: 49023 | Total Reward: 375.0|
| Episode: 188 | Epsilon:  0.22 | Reward:   3.0 | Average Reward: 1.960 | Steps: 49335 | Total Reward: 378.0|
| Episode: 189 | Epsilon:  0.22 | Reward:   0.0 | Average Reward: 1.910 | Steps: 49492 | Total Reward: 378.0|
| Episode: 190 | Epsilon:  0.22 | Reward:   3.0 | Average Reward: 1.940 | Steps: 49811 | Total Reward: 381.0|
| Episode: 191 | Epsilon:  0.22 | Reward:   4.0 | Average Reward: 1.980 | Steps: 50159 | Total Reward: 385.0|
| Episode: 192 | Epsilon:  0.22 | Reward:   1.0 | Average Reward: 1.970 | Steps: 50351 | Total Reward: 386.0|
| Episode: 193 | Epsilon:  0.22 | Reward:   1.0 | Average Reward: 1.960 | Steps: 50542 | Total Reward: 387.0|
| Episode: 194 | Epsilon:  0.22 | Reward:   1.0 | Average Reward: 1.930 | Steps: 50755 | Total Reward: 388.0|
| Episode: 195 | Epsilon:  0.21 | Reward:   2.0 | Average Reward: 1.920 | Steps: 50984 | Total Reward: 390.0|
| Episode: 196 | Epsilon:  0.21 | Reward:   1.0 | Average Reward: 1.910 | Steps: 51181 | Total Reward: 391.0|
| Episode: 197 | Epsilon:  0.21 | Reward:   3.0 | Average Reward: 1.920 | Steps: 51455 | Total Reward: 394.0|
| Episode: 198 | Epsilon:  0.21 | Reward:   3.0 | Average Reward: 1.930 | Steps: 51729 | Total Reward: 397.0|
| Episode: 199 | Epsilon:  0.21 | Reward:   3.0 | Average Reward: 1.940 | Steps: 52007 | Total Reward: 400.0|
| Episode: 200 | Epsilon:  0.21 | Reward:   1.0 | Average Reward: 1.930 | Steps: 52199 | Total Reward: 401.0|
| Episode: 201 | Epsilon:  0.21 | Reward:   0.0 | Average Reward: 1.900 | Steps: 52358 | Total Reward: 401.0|
| Episode: 202 | Epsilon:  0.21 | Reward:   0.0 | Average Reward: 1.880 | Steps: 52513 | Total Reward: 401.0|
| Episode: 203 | Epsilon:  0.21 | Reward:   1.0 | Average Reward: 1.870 | Steps: 52712 | Total Reward: 402.0|
| Episode: 204 | Epsilon:  0.20 | Reward:   0.0 | Average Reward: 1.840 | Steps: 52905 | Total Reward: 402.0|
| Episode: 205 | Epsilon:  0.20 | Reward:   2.0 | Average Reward: 1.830 | Steps: 53140 | Total Reward: 404.0|
| Episode: 206 | Epsilon:  0.20 | Reward:   1.0 | Average Reward: 1.800 | Steps: 53336 | Total Reward: 405.0|
| Episode: 207 | Epsilon:  0.20 | Reward:   0.0 | Average Reward: 1.780 | Steps: 53492 | Total Reward: 405.0|
| Episode: 208 | Epsilon:  0.20 | Reward:   1.0 | Average Reward: 1.790 | Steps: 53682 | Total Reward: 406.0|
| Episode: 209 | Epsilon:  0.20 | Reward:   2.0 | Average Reward: 1.780 | Steps: 53916 | Total Reward: 408.0|
| Episode: 210 | Epsilon:  0.20 | Reward:   1.0 | Average Reward: 1.790 | Steps: 54130 | Total Reward: 409.0|
| Episode: 211 | Epsilon:  0.20 | Reward:   1.0 | Average Reward: 1.780 | Steps: 54317 | Total Reward: 410.0|
| Episode: 212 | Epsilon:  0.20 | Reward:   0.0 | Average Reward: 1.760 | Steps: 54472 | Total Reward: 410.0|
| Episode: 213 | Epsilon:  0.20 | Reward:   0.0 | Average Reward: 1.720 | Steps: 54629 | Total Reward: 410.0|
| Episode: 214 | Epsilon:  0.19 | Reward:   3.0 | Average Reward: 1.730 | Steps: 54926 | Total Reward: 413.0|
| Episode: 215 | Epsilon:  0.19 | Reward:   2.0 | Average Reward: 1.730 | Steps: 55160 | Total Reward: 415.0|
| Episode: 216 | Epsilon:  0.19 | Reward:   2.0 | Average Reward: 1.730 | Steps: 55390 | Total Reward: 417.0|
| Episode: 217 | Epsilon:  0.19 | Reward:   1.0 | Average Reward: 1.720 | Steps: 55581 | Total Reward: 418.0|
| Episode: 218 | Epsilon:  0.19 | Reward:   0.0 | Average Reward: 1.690 | Steps: 55740 | Total Reward: 418.0|
| Episode: 219 | Epsilon:  0.19 | Reward:   1.0 | Average Reward: 1.680 | Steps: 55931 | Total Reward: 419.0|
| Episode: 220 | Epsilon:  0.19 | Reward:   1.0 | Average Reward: 1.670 | Steps: 56129 | Total Reward: 420.0|
| Episode: 221 | Epsilon:  0.19 | Reward:   1.0 | Average Reward: 1.650 | Steps: 56327 | Total Reward: 421.0|
| Episode: 222 | Epsilon:  0.19 | Reward:   1.0 | Average Reward: 1.660 | Steps: 56517 | Total Reward: 422.0|
| Episode: 223 | Epsilon:  0.19 | Reward:   2.0 | Average Reward: 1.660 | Steps: 56745 | Total Reward: 424.0|
| Episode: 224 | Epsilon:  0.19 | Reward:   0.0 | Average Reward: 1.630 | Steps: 56893 | Total Reward: 424.0|
| Episode: 225 | Epsilon:  0.18 | Reward:   1.0 | Average Reward: 1.620 | Steps: 57094 | Total Reward: 425.0|
| Episode: 226 | Epsilon:  0.18 | Reward:   1.0 | Average Reward: 1.610 | Steps: 57282 | Total Reward: 426.0|
| Episode: 227 | Epsilon:  0.18 | Reward:   1.0 | Average Reward: 1.600 | Steps: 57472 | Total Reward: 427.0|
| Episode: 228 | Epsilon:  0.18 | Reward:   1.0 | Average Reward: 1.590 | Steps: 57663 | Total Reward: 428.0|
| Episode: 229 | Epsilon:  0.18 | Reward:   1.0 | Average Reward: 1.580 | Steps: 57852 | Total Reward: 429.0|
| Episode: 230 | Epsilon:  0.18 | Reward:   1.0 | Average Reward: 1.560 | Steps: 58038 | Total Reward: 430.0|
| Episode: 231 | Epsilon:  0.18 | Reward:   2.0 | Average Reward: 1.560 | Steps: 58277 | Total Reward: 432.0|
| Episode: 232 | Epsilon:  0.18 | Reward:   1.0 | Average Reward: 1.570 | Steps: 58464 | Total Reward: 433.0|
| Episode: 233 | Epsilon:  0.18 | Reward:   3.0 | Average Reward: 1.600 | Steps: 58743 | Total Reward: 436.0|
| Episode: 234 | Epsilon:  0.18 | Reward:   1.0 | Average Reward: 1.590 | Steps: 58930 | Total Reward: 437.0|
| Episode: 235 | Epsilon:  0.18 | Reward:   2.0 | Average Reward: 1.590 | Steps: 59170 | Total Reward: 439.0|
| Episode: 236 | Epsilon:  0.18 | Reward:   1.0 | Average Reward: 1.600 | Steps: 59356 | Total Reward: 440.0|
| Episode: 237 | Epsilon:  0.17 | Reward:   1.0 | Average Reward: 1.590 | Steps: 59540 | Total Reward: 441.0|
| Episode: 238 | Epsilon:  0.17 | Reward:   0.0 | Average Reward: 1.570 | Steps: 59703 | Total Reward: 441.0|
| Episode: 239 | Epsilon:  0.17 | Reward:   1.0 | Average Reward: 1.550 | Steps: 59898 | Total Reward: 442.0|
| Episode: 240 | Epsilon:  0.17 | Reward:   0.0 | Average Reward: 1.530 | Steps: 60047 | Total Reward: 442.0|
| Episode: 241 | Epsilon:  0.17 | Reward:   1.0 | Average Reward: 1.540 | Steps: 60242 | Total Reward: 443.0|
| Episode: 242 | Epsilon:  0.17 | Reward:   1.0 | Average Reward: 1.510 | Steps: 60439 | Total Reward: 444.0|
| Episode: 243 | Epsilon:  0.17 | Reward:   1.0 | Average Reward: 1.500 | Steps: 60632 | Total Reward: 445.0|
| Episode: 244 | Epsilon:  0.17 | Reward:   1.0 | Average Reward: 1.480 | Steps: 60836 | Total Reward: 446.0|
| Episode: 245 | Epsilon:  0.17 | Reward:   0.0 | Average Reward: 1.440 | Steps: 60987 | Total Reward: 446.0|
| Episode: 246 | Epsilon:  0.17 | Reward:   1.0 | Average Reward: 1.420 | Steps: 61178 | Total Reward: 447.0|
| Episode: 247 | Epsilon:  0.17 | Reward:   1.0 | Average Reward: 1.400 | Steps: 61373 | Total Reward: 448.0|
| Episode: 248 | Epsilon:  0.17 | Reward:   0.0 | Average Reward: 1.370 | Steps: 61533 | Total Reward: 448.0|
| Episode: 249 | Epsilon:  0.17 | Reward:   1.0 | Average Reward: 1.350 | Steps: 61724 | Total Reward: 449.0|
| Episode: 250 | Epsilon:  0.17 | Reward:   3.0 | Average Reward: 1.350 | Steps: 62008 | Total Reward: 452.0|
| Episode: 251 | Epsilon:  0.17 | Reward:   0.0 | Average Reward: 1.350 | Steps: 62209 | Total Reward: 452.0|
| Episode: 252 | Epsilon:  0.16 | Reward:   1.0 | Average Reward: 1.360 | Steps: 62396 | Total Reward: 453.0|
| Episode: 253 | Epsilon:  0.16 | Reward:   1.0 | Average Reward: 1.370 | Steps: 62585 | Total Reward: 454.0|
| Episode: 254 | Epsilon:  0.16 | Reward:   2.0 | Average Reward: 1.390 | Steps: 62818 | Total Reward: 456.0|
| Episode: 255 | Epsilon:  0.16 | Reward:   3.0 | Average Reward: 1.420 | Steps: 63095 | Total Reward: 459.0|
| Episode: 256 | Epsilon:  0.16 | Reward:   0.0 | Average Reward: 1.420 | Steps: 63245 | Total Reward: 459.0|
| Episode: 257 | Epsilon:  0.16 | Reward:   1.0 | Average Reward: 1.410 | Steps: 63463 | Total Reward: 460.0|
| Episode: 258 | Epsilon:  0.16 | Reward:   2.0 | Average Reward: 1.400 | Steps: 63732 | Total Reward: 462.0|
| Episode: 259 | Epsilon:  0.16 | Reward:   1.0 | Average Reward: 1.380 | Steps: 63922 | Total Reward: 463.0|
| Episode: 260 | Epsilon:  0.16 | Reward:   2.0 | Average Reward: 1.380 | Steps: 64141 | Total Reward: 465.0|
| Episode: 261 | Epsilon:  0.16 | Reward:   0.0 | Average Reward: 1.360 | Steps: 64295 | Total Reward: 465.0|
| Episode: 262 | Epsilon:  0.16 | Reward:   1.0 | Average Reward: 1.350 | Steps: 64482 | Total Reward: 466.0|
| Episode: 263 | Epsilon:  0.16 | Reward:   1.0 | Average Reward: 1.330 | Steps: 64670 | Total Reward: 467.0|
| Episode: 264 | Epsilon:  0.16 | Reward:   1.0 | Average Reward: 1.340 | Steps: 64861 | Total Reward: 468.0|
| Episode: 265 | Epsilon:  0.16 | Reward:   1.0 | Average Reward: 1.320 | Steps: 65052 | Total Reward: 469.0|
| Episode: 266 | Epsilon:  0.16 | Reward:   0.0 | Average Reward: 1.320 | Steps: 65206 | Total Reward: 469.0|
| Episode: 267 | Epsilon:  0.16 | Reward:   1.0 | Average Reward: 1.330 | Steps: 65392 | Total Reward: 470.0|
| Episode: 268 | Epsilon:  0.15 | Reward:   2.0 | Average Reward: 1.350 | Steps: 65624 | Total Reward: 472.0|
| Episode: 269 | Epsilon:  0.15 | Reward:   2.0 | Average Reward: 1.340 | Steps: 65858 | Total Reward: 474.0|
| Episode: 270 | Epsilon:  0.15 | Reward:   0.0 | Average Reward: 1.310 | Steps: 66012 | Total Reward: 474.0|
| Episode: 271 | Epsilon:  0.15 | Reward:   1.0 | Average Reward: 1.290 | Steps: 66202 | Total Reward: 475.0|
| Episode: 272 | Epsilon:  0.15 | Reward:   0.0 | Average Reward: 1.260 | Steps: 66349 | Total Reward: 475.0|
| Episode: 273 | Epsilon:  0.15 | Reward:   2.0 | Average Reward: 1.280 | Steps: 66582 | Total Reward: 477.0|
| Episode: 274 | Epsilon:  0.15 | Reward:   0.0 | Average Reward: 1.260 | Steps: 66765 | Total Reward: 477.0|
| Episode: 275 | Epsilon:  0.15 | Reward:   1.0 | Average Reward: 1.240 | Steps: 66954 | Total Reward: 478.0|
| Episode: 276 | Epsilon:  0.15 | Reward:   1.0 | Average Reward: 1.220 | Steps: 67148 | Total Reward: 479.0|
| Episode: 277 | Epsilon:  0.15 | Reward:   2.0 | Average Reward: 1.240 | Steps: 67380 | Total Reward: 481.0|
| Episode: 278 | Epsilon:  0.15 | Reward:   2.0 | Average Reward: 1.230 | Steps: 67606 | Total Reward: 483.0|
| Episode: 279 | Epsilon:  0.15 | Reward:   1.0 | Average Reward: 1.210 | Steps: 67790 | Total Reward: 484.0|
| Episode: 280 | Epsilon:  0.15 | Reward:   0.0 | Average Reward: 1.210 | Steps: 67943 | Total Reward: 484.0|
| Episode: 281 | Epsilon:  0.15 | Reward:   2.0 | Average Reward: 1.210 | Steps: 68172 | Total Reward: 486.0|
| Episode: 282 | Epsilon:  0.15 | Reward:   1.0 | Average Reward: 1.220 | Steps: 68365 | Total Reward: 487.0|
| Episode: 283 | Epsilon:  0.15 | Reward:   0.0 | Average Reward: 1.200 | Steps: 68531 | Total Reward: 487.0|
| Episode: 284 | Epsilon:  0.15 | Reward:   0.0 | Average Reward: 1.180 | Steps: 68682 | Total Reward: 487.0|
| Episode: 285 | Epsilon:  0.15 | Reward:   1.0 | Average Reward: 1.170 | Steps: 68876 | Total Reward: 488.0|
| Episode: 286 | Epsilon:  0.15 | Reward:   1.0 | Average Reward: 1.160 | Steps: 69073 | Total Reward: 489.0|
| Episode: 287 | Epsilon:  0.15 | Reward:   1.0 | Average Reward: 1.150 | Steps: 69267 | Total Reward: 490.0|
| Episode: 288 | Epsilon:  0.14 | Reward:   2.0 | Average Reward: 1.140 | Steps: 69503 | Total Reward: 492.0|
| Episode: 289 | Epsilon:  0.14 | Reward:   0.0 | Average Reward: 1.140 | Steps: 69655 | Total Reward: 492.0|
| Episode: 290 | Epsilon:  0.14 | Reward:   2.0 | Average Reward: 1.130 | Steps: 69889 | Total Reward: 494.0|
| Episode: 291 | Epsilon:  0.14 | Reward:   3.0 | Average Reward: 1.120 | Steps: 70153 | Total Reward: 497.0|
| Episode: 292 | Epsilon:  0.14 | Reward:   1.0 | Average Reward: 1.120 | Steps: 70347 | Total Reward: 498.0|
| Episode: 293 | Epsilon:  0.14 | Reward:   1.0 | Average Reward: 1.120 | Steps: 70533 | Total Reward: 499.0|
| Episode: 294 | Epsilon:  0.14 | Reward:   1.0 | Average Reward: 1.120 | Steps: 70727 | Total Reward: 500.0|
| Episode: 295 | Epsilon:  0.14 | Reward:   1.0 | Average Reward: 1.110 | Steps: 70916 | Total Reward: 501.0|
| Episode: 296 | Epsilon:  0.14 | Reward:   2.0 | Average Reward: 1.120 | Steps: 71145 | Total Reward: 503.0|
| Episode: 297 | Epsilon:  0.14 | Reward:   1.0 | Average Reward: 1.100 | Steps: 71336 | Total Reward: 504.0|
| Episode: 298 | Epsilon:  0.14 | Reward:   0.0 | Average Reward: 1.070 | Steps: 71485 | Total Reward: 504.0|
| Episode: 299 | Epsilon:  0.14 | Reward:   1.0 | Average Reward: 1.050 | Steps: 71673 | Total Reward: 505.0|
| Episode: 300 | Epsilon:  0.14 | Reward:   2.0 | Average Reward: 1.060 | Steps: 71905 | Total Reward: 507.0|
| Episode: 301 | Epsilon:  0.14 | Reward:   1.0 | Average Reward: 1.070 | Steps: 72090 | Total Reward: 508.0|
| Episode: 302 | Epsilon:  0.14 | Reward:   1.0 | Average Reward: 1.080 | Steps: 72289 | Total Reward: 509.0|
| Episode: 303 | Epsilon:  0.14 | Reward:   2.0 | Average Reward: 1.090 | Steps: 72547 | Total Reward: 511.0|
| Episode: 304 | Epsilon:  0.14 | Reward:   3.0 | Average Reward: 1.120 | Steps: 72815 | Total Reward: 514.0|
| Episode: 305 | Epsilon:  0.14 | Reward:   1.0 | Average Reward: 1.110 | Steps: 73007 | Total Reward: 515.0|
| Episode: 306 | Epsilon:  0.14 | Reward:   0.0 | Average Reward: 1.100 | Steps: 73162 | Total Reward: 515.0|
| Episode: 307 | Epsilon:  0.14 | Reward:   2.0 | Average Reward: 1.120 | Steps: 73394 | Total Reward: 517.0|
| Episode: 308 | Epsilon:  0.14 | Reward:   0.0 | Average Reward: 1.110 | Steps: 73544 | Total Reward: 517.0|
| Episode: 309 | Epsilon:  0.14 | Reward:   3.0 | Average Reward: 1.120 | Steps: 73817 | Total Reward: 520.0|
| Episode: 310 | Epsilon:  0.14 | Reward:   1.0 | Average Reward: 1.120 | Steps: 74016 | Total Reward: 521.0|
| Episode: 311 | Epsilon:  0.14 | Reward:   1.0 | Average Reward: 1.120 | Steps: 74211 | Total Reward: 522.0|
| Episode: 312 | Epsilon:  0.14 | Reward:   0.0 | Average Reward: 1.120 | Steps: 74371 | Total Reward: 522.0|
| Episode: 313 | Epsilon:  0.14 | Reward:   2.0 | Average Reward: 1.140 | Steps: 74613 | Total Reward: 524.0|
| Episode: 314 | Epsilon:  0.13 | Reward:   0.0 | Average Reward: 1.110 | Steps: 74764 | Total Reward: 524.0|
| Episode: 315 | Epsilon:  0.13 | Reward:   0.0 | Average Reward: 1.090 | Steps: 74926 | Total Reward: 524.0|
| Episode: 316 | Epsilon:  0.13 | Reward:   2.0 | Average Reward: 1.090 | Steps: 75161 | Total Reward: 526.0|
| Episode: 317 | Epsilon:  0.13 | Reward:   0.0 | Average Reward: 1.080 | Steps: 75312 | Total Reward: 526.0|
