+------------------------+----------------------------+--------------------+
|                        |     Supported Features     |  Program Commands  |
+========================+============================+====================+
| Compatible Layers      | Hopfield Layer,            | hopfield,          |
|                        | HopfieldLayer Layer,       | hopfield_layer,    |
|                        | HopfieldPooling Layer,     | hopfield_pooling,  |
|                        | LSTM,                      | lstm,              |
|                        | GRU                        | gru                |
+------------------------+----------------------------+--------------------+
| Supported Loss Metrics | Huber Loss,                | huber,             |
|                        | Mean Absolute Error Loss,  | mae,               |
|                        | Mean Squared Error Loss,   | mse,               |
|                        | SmoothL1 Loss              | smooth_l1          |
+------------------------+----------------------------+--------------------+
| Supported Optimizers   | RMSprop (default),         | rmsprop,           |
|                        | AdamW,                     | adam,              |
|                        | Adam                       | adamW              |
+------------------------+----------------------------+--------------------+
+------------------------------+-----------+
|          Parameter           |   Value   |
+==============================+===========+
| Layer Type:                  | hopfield  |
+------------------------------+-----------+
| Loss Metric:                 | smooth_l1 |
+------------------------------+-----------+
| Sequence Length:             | 20        |
+------------------------------+-----------+
| Learning Rate:               | 0.001     |
+------------------------------+-----------+
| Update Target Steps:         | 5000      |
+------------------------------+-----------+
| Optimizer:                   | adamW     |
+------------------------------+-----------+
| Hopfield Inverse Temperature | 0.100     |
+------------------------------+-----------+
| Big or Small Loss            | no        |
+------------------------------+-----------+
| Soft or Hard Update          | soft      |
+------------------------------+-----------+
| Polyak Factor                | 0.500     |
+------------------------------+-----------+
---------------
| TRAINING... |
---------------
| Episode:   1 | Epsilon:  0.88 | Reward:   2.0 | Average Reward: 2.000 | Steps:    50 | Total Reward:   2.0|
| Episode:   2 | Epsilon:  0.86 | Reward:   3.0 | Average Reward: 2.500 | Steps:   124 | Total Reward:   5.0|
| Episode:   3 | Epsilon:  0.85 | Reward:   4.0 | Average Reward: 3.000 | Steps:   220 | Total Reward:   9.0|
| Episode:   4 | Epsilon:  0.83 | Reward:   0.0 | Average Reward: 2.250 | Steps:   251 | Total Reward:   9.0|
| Episode:   5 | Epsilon:  0.81 | Reward:   2.0 | Average Reward: 2.200 | Steps:   305 | Total Reward:  11.0|
| Episode:   6 | Epsilon:  0.79 | Reward:   1.0 | Average Reward: 2.000 | Steps:   352 | Total Reward:  12.0|
| Episode:   7 | Epsilon:  0.77 | Reward:   2.0 | Average Reward: 2.000 | Steps:   417 | Total Reward:  14.0|
| Episode:   8 | Epsilon:  0.76 | Reward:   2.0 | Average Reward: 2.000 | Steps:   475 | Total Reward:  16.0|
| Episode:   9 | Epsilon:  0.74 | Reward:   0.0 | Average Reward: 1.778 | Steps:   505 | Total Reward:  16.0|
| Episode:  10 | Epsilon:  0.73 | Reward:   0.0 | Average Reward: 1.600 | Steps:   537 | Total Reward:  16.0|
| Episode:  11 | Epsilon:  0.71 | Reward:   3.0 | Average Reward: 1.727 | Steps:   612 | Total Reward:  19.0|
| Episode:  12 | Epsilon:  0.70 | Reward:   4.0 | Average Reward: 1.917 | Steps:   693 | Total Reward:  23.0|
| Episode:  13 | Epsilon:  0.68 | Reward:   1.0 | Average Reward: 1.846 | Steps:   739 | Total Reward:  24.0|
| Episode:  14 | Epsilon:  0.67 | Reward:   2.0 | Average Reward: 1.857 | Steps:   803 | Total Reward:  26.0|
| Episode:  15 | Epsilon:  0.65 | Reward:   1.0 | Average Reward: 1.800 | Steps:   851 | Total Reward:  27.0|
| Episode:  16 | Epsilon:  0.64 | Reward:   5.0 | Average Reward: 2.000 | Steps:   950 | Total Reward:  32.0|
| Episode:  17 | Epsilon:  0.63 | Reward:   2.0 | Average Reward: 2.000 | Steps:  1013 | Total Reward:  34.0|
| Episode:  18 | Epsilon:  0.61 | Reward:   0.0 | Average Reward: 1.889 | Steps:  1044 | Total Reward:  34.0|
| Episode:  19 | Epsilon:  0.60 | Reward:   2.0 | Average Reward: 1.895 | Steps:  1100 | Total Reward:  36.0|
| Episode:  20 | Epsilon:  0.59 | Reward:   3.0 | Average Reward: 1.950 | Steps:  1176 | Total Reward:  39.0|
| Episode:  21 | Epsilon:  0.58 | Reward:   2.0 | Average Reward: 1.952 | Steps:  1236 | Total Reward:  41.0|
| Episode:  22 | Epsilon:  0.56 | Reward:   1.0 | Average Reward: 1.909 | Steps:  1281 | Total Reward:  42.0|
| Episode:  23 | Epsilon:  0.55 | Reward:   3.0 | Average Reward: 1.957 | Steps:  1355 | Total Reward:  45.0|
| Episode:  24 | Epsilon:  0.54 | Reward:   4.0 | Average Reward: 2.042 | Steps:  1441 | Total Reward:  49.0|
| Episode:  25 | Epsilon:  0.53 | Reward:   0.0 | Average Reward: 1.960 | Steps:  1476 | Total Reward:  49.0|
| Episode:  26 | Epsilon:  0.52 | Reward:   2.0 | Average Reward: 1.962 | Steps:  1540 | Total Reward:  51.0|
| Episode:  27 | Epsilon:  0.51 | Reward:   2.0 | Average Reward: 1.963 | Steps:  1596 | Total Reward:  53.0|
| Episode:  28 | Epsilon:  0.50 | Reward:   3.0 | Average Reward: 2.000 | Steps:  1670 | Total Reward:  56.0|
| Episode:  29 | Epsilon:  0.49 | Reward:   3.0 | Average Reward: 2.034 | Steps:  1741 | Total Reward:  59.0|
| Episode:  30 | Epsilon:  0.48 | Reward:   2.0 | Average Reward: 2.033 | Steps:  1799 | Total Reward:  61.0|
| Episode:  31 | Epsilon:  0.47 | Reward:   5.0 | Average Reward: 2.129 | Steps:  1901 | Total Reward:  66.0|
| Episode:  32 | Epsilon:  0.46 | Reward:   0.0 | Average Reward: 2.062 | Steps:  1931 | Total Reward:  66.0|
| Episode:  33 | Epsilon:  0.45 | Reward:   2.0 | Average Reward: 2.061 | Steps:  1987 | Total Reward:  68.0|
| Episode:  34 | Epsilon:  0.44 | Reward:   5.0 | Average Reward: 2.147 | Steps:  2087 | Total Reward:  73.0|
| Episode:  35 | Epsilon:  0.44 | Reward:   5.0 | Average Reward: 2.229 | Steps:  2186 | Total Reward:  78.0|
| Episode:  36 | Epsilon:  0.43 | Reward:   2.0 | Average Reward: 2.222 | Steps:  2242 | Total Reward:  80.0|
| Episode:  37 | Epsilon:  0.42 | Reward:   2.0 | Average Reward: 2.216 | Steps:  2298 | Total Reward:  82.0|
| Episode:  38 | Epsilon:  0.41 | Reward:   2.0 | Average Reward: 2.211 | Steps:  2354 | Total Reward:  84.0|
| Episode:  39 | Epsilon:  0.40 | Reward:   1.0 | Average Reward: 2.179 | Steps:  2402 | Total Reward:  85.0|
| Episode:  40 | Epsilon:  0.40 | Reward:   2.0 | Average Reward: 2.175 | Steps:  2459 | Total Reward:  87.0|
| Episode:  41 | Epsilon:  0.39 | Reward:   6.0 | Average Reward: 2.268 | Steps:  2559 | Total Reward:  93.0|
| Episode:  42 | Epsilon:  0.38 | Reward:   2.0 | Average Reward: 2.262 | Steps:  2615 | Total Reward:  95.0|
| Episode:  43 | Epsilon:  0.37 | Reward:   3.0 | Average Reward: 2.279 | Steps:  2689 | Total Reward:  98.0|
| Episode:  44 | Epsilon:  0.37 | Reward:   1.0 | Average Reward: 2.250 | Steps:  2736 | Total Reward:  99.0|
| Episode:  45 | Epsilon:  0.36 | Reward:   2.0 | Average Reward: 2.244 | Steps:  2789 | Total Reward: 101.0|
| Episode:  46 | Epsilon:  0.35 | Reward:   2.0 | Average Reward: 2.239 | Steps:  2855 | Total Reward: 103.0|
| Episode:  47 | Epsilon:  0.35 | Reward:   2.0 | Average Reward: 2.234 | Steps:  2912 | Total Reward: 105.0|
| Episode:  48 | Epsilon:  0.34 | Reward:   3.0 | Average Reward: 2.250 | Steps:  2983 | Total Reward: 108.0|
| Episode:  49 | Epsilon:  0.34 | Reward:   1.0 | Average Reward: 2.224 | Steps:  3028 | Total Reward: 109.0|
| Episode:  50 | Epsilon:  0.33 | Reward:   0.0 | Average Reward: 2.180 | Steps:  3059 | Total Reward: 109.0|
| Episode:  51 | Epsilon:  0.32 | Reward:   4.0 | Average Reward: 2.216 | Steps:  3150 | Total Reward: 113.0|
| Episode:  52 | Epsilon:  0.32 | Reward:   0.0 | Average Reward: 2.173 | Steps:  3182 | Total Reward: 113.0|
| Episode:  53 | Epsilon:  0.31 | Reward:   2.0 | Average Reward: 2.170 | Steps:  3240 | Total Reward: 115.0|
| Episode:  54 | Epsilon:  0.31 | Reward:   1.0 | Average Reward: 2.148 | Steps:  3290 | Total Reward: 116.0|
| Episode:  55 | Epsilon:  0.30 | Reward:   2.0 | Average Reward: 2.145 | Steps:  3349 | Total Reward: 118.0|
| Episode:  56 | Epsilon:  0.30 | Reward:   3.0 | Average Reward: 2.161 | Steps:  3428 | Total Reward: 121.0|
| Episode:  57 | Epsilon:  0.29 | Reward:   2.0 | Average Reward: 2.158 | Steps:  3484 | Total Reward: 123.0|
| Episode:  58 | Epsilon:  0.29 | Reward:   0.0 | Average Reward: 2.121 | Steps:  3510 | Total Reward: 123.0|
| Episode:  59 | Epsilon:  0.28 | Reward:   2.0 | Average Reward: 2.119 | Steps:  3575 | Total Reward: 125.0|
| Episode:  60 | Epsilon:  0.28 | Reward:   3.0 | Average Reward: 2.133 | Steps:  3639 | Total Reward: 128.0|
| Episode:  61 | Epsilon:  0.27 | Reward:   1.0 | Average Reward: 2.115 | Steps:  3678 | Total Reward: 129.0|
| Episode:  62 | Epsilon:  0.27 | Reward:   0.0 | Average Reward: 2.081 | Steps:  3711 | Total Reward: 129.0|
| Episode:  63 | Epsilon:  0.27 | Reward:   1.0 | Average Reward: 2.063 | Steps:  3753 | Total Reward: 130.0|
| Episode:  64 | Epsilon:  0.26 | Reward:   1.0 | Average Reward: 2.047 | Steps:  3792 | Total Reward: 131.0|
| Episode:  65 | Epsilon:  0.26 | Reward:   2.0 | Average Reward: 2.046 | Steps:  3844 | Total Reward: 133.0|
| Episode:  66 | Epsilon:  0.25 | Reward:   0.0 | Average Reward: 2.015 | Steps:  3873 | Total Reward: 133.0|
| Episode:  67 | Epsilon:  0.25 | Reward:   0.0 | Average Reward: 1.985 | Steps:  3905 | Total Reward: 133.0|
| Episode:  68 | Epsilon:  0.25 | Reward:   3.0 | Average Reward: 2.000 | Steps:  3979 | Total Reward: 136.0|
| Episode:  69 | Epsilon:  0.24 | Reward:   2.0 | Average Reward: 2.000 | Steps:  4043 | Total Reward: 138.0|
| Episode:  70 | Epsilon:  0.24 | Reward:   3.0 | Average Reward: 2.014 | Steps:  4127 | Total Reward: 141.0|
| Episode:  71 | Epsilon:  0.24 | Reward:   0.0 | Average Reward: 1.986 | Steps:  4159 | Total Reward: 141.0|
| Episode:  72 | Epsilon:  0.23 | Reward:   7.0 | Average Reward: 2.056 | Steps:  4286 | Total Reward: 148.0|
| Episode:  73 | Epsilon:  0.23 | Reward:   0.0 | Average Reward: 2.027 | Steps:  4314 | Total Reward: 148.0|
| Episode:  74 | Epsilon:  0.23 | Reward:   1.0 | Average Reward: 2.014 | Steps:  4364 | Total Reward: 149.0|
| Episode:  75 | Epsilon:  0.22 | Reward:   1.0 | Average Reward: 2.000 | Steps:  4413 | Total Reward: 150.0|
| Episode:  76 | Epsilon:  0.22 | Reward:   0.0 | Average Reward: 1.974 | Steps:  4442 | Total Reward: 150.0|
| Episode:  77 | Epsilon:  0.22 | Reward:   2.0 | Average Reward: 1.974 | Steps:  4500 | Total Reward: 152.0|
| Episode:  78 | Epsilon:  0.21 | Reward:   2.0 | Average Reward: 1.974 | Steps:  4555 | Total Reward: 154.0|
| Episode:  79 | Epsilon:  0.21 | Reward:   1.0 | Average Reward: 1.962 | Steps:  4602 | Total Reward: 155.0|
| Episode:  80 | Epsilon:  0.21 | Reward:   2.0 | Average Reward: 1.962 | Steps:  4660 | Total Reward: 157.0|
| Episode:  81 | Epsilon:  0.21 | Reward:   2.0 | Average Reward: 1.963 | Steps:  4717 | Total Reward: 159.0|
| Episode:  82 | Epsilon:  0.20 | Reward:   1.0 | Average Reward: 1.951 | Steps:  4758 | Total Reward: 160.0|
| Episode:  83 | Epsilon:  0.20 | Reward:   0.0 | Average Reward: 1.928 | Steps:  4793 | Total Reward: 160.0|
| Episode:  84 | Epsilon:  0.20 | Reward:   6.0 | Average Reward: 1.976 | Steps:  4905 | Total Reward: 166.0|
| Episode:  85 | Epsilon:  0.20 | Reward:   2.0 | Average Reward: 1.976 | Steps:  4961 | Total Reward: 168.0|
| Episode:  86 | Epsilon:  0.19 | Reward:   1.0 | Average Reward: 1.965 | Steps:  5006 | Total Reward: 169.0|
| Episode:  87 | Epsilon:  0.19 | Reward:   3.0 | Average Reward: 1.977 | Steps:  5081 | Total Reward: 172.0|
| Episode:  88 | Epsilon:  0.19 | Reward:   2.0 | Average Reward: 1.977 | Steps:  5136 | Total Reward: 174.0|
| Episode:  89 | Epsilon:  0.19 | Reward:   0.0 | Average Reward: 1.955 | Steps:  5167 | Total Reward: 174.0|
| Episode:  90 | Epsilon:  0.18 | Reward:   1.0 | Average Reward: 1.944 | Steps:  5214 | Total Reward: 175.0|
| Episode:  91 | Epsilon:  0.18 | Reward:   1.0 | Average Reward: 1.934 | Steps:  5261 | Total Reward: 176.0|
| Episode:  92 | Epsilon:  0.18 | Reward:   3.0 | Average Reward: 1.946 | Steps:  5337 | Total Reward: 179.0|
| Episode:  93 | Epsilon:  0.18 | Reward:   1.0 | Average Reward: 1.935 | Steps:  5385 | Total Reward: 180.0|
| Episode:  94 | Epsilon:  0.18 | Reward:   2.0 | Average Reward: 1.936 | Steps:  5443 | Total Reward: 182.0|
| Episode:  95 | Epsilon:  0.17 | Reward:   1.0 | Average Reward: 1.926 | Steps:  5491 | Total Reward: 183.0|
| Episode:  96 | Epsilon:  0.17 | Reward:   2.0 | Average Reward: 1.927 | Steps:  5549 | Total Reward: 185.0|
| Episode:  97 | Epsilon:  0.17 | Reward:   2.0 | Average Reward: 1.928 | Steps:  5606 | Total Reward: 187.0|
| Episode:  98 | Epsilon:  0.17 | Reward:   4.0 | Average Reward: 1.949 | Steps:  5688 | Total Reward: 191.0|
| Episode:  99 | Epsilon:  0.17 | Reward:   2.0 | Average Reward: 1.949 | Steps:  5754 | Total Reward: 193.0|
| Episode: 100 | Epsilon:  0.17 | Reward:   2.0 | Average Reward: 1.950 | Steps:  5813 | Total Reward: 195.0|
| Episode: 101 | Epsilon:  0.16 | Reward:   7.0 | Average Reward: 2.000 | Steps:  5936 | Total Reward: 202.0|
| Episode: 102 | Epsilon:  0.16 | Reward:   1.0 | Average Reward: 1.980 | Steps:  5985 | Total Reward: 203.0|
| Episode: 103 | Epsilon:  0.16 | Reward:   1.0 | Average Reward: 1.950 | Steps:  6028 | Total Reward: 204.0|
| Episode: 104 | Epsilon:  0.16 | Reward:   5.0 | Average Reward: 2.000 | Steps:  6118 | Total Reward: 209.0|
| Episode: 105 | Epsilon:  0.16 | Reward:   1.0 | Average Reward: 1.990 | Steps:  6165 | Total Reward: 210.0|
| Episode: 106 | Epsilon:  0.16 | Reward:   0.0 | Average Reward: 1.980 | Steps:  6196 | Total Reward: 210.0|
| Episode: 107 | Epsilon:  0.16 | Reward:   1.0 | Average Reward: 1.970 | Steps:  6238 | Total Reward: 211.0|
| Episode: 108 | Epsilon:  0.15 | Reward:   3.0 | Average Reward: 1.980 | Steps:  6312 | Total Reward: 214.0|
| Episode: 109 | Epsilon:  0.15 | Reward:   2.0 | Average Reward: 2.000 | Steps:  6371 | Total Reward: 216.0|
| Episode: 110 | Epsilon:  0.15 | Reward:   1.0 | Average Reward: 2.010 | Steps:  6411 | Total Reward: 217.0|
| Episode: 111 | Epsilon:  0.15 | Reward:   0.0 | Average Reward: 1.980 | Steps:  6443 | Total Reward: 217.0|
| Episode: 112 | Epsilon:  0.15 | Reward:   1.0 | Average Reward: 1.950 | Steps:  6492 | Total Reward: 218.0|
| Episode: 113 | Epsilon:  0.15 | Reward:   4.0 | Average Reward: 1.980 | Steps:  6576 | Total Reward: 222.0|
| Episode: 114 | Epsilon:  0.15 | Reward:   0.0 | Average Reward: 1.960 | Steps:  6608 | Total Reward: 222.0|
| Episode: 115 | Epsilon:  0.15 | Reward:   2.0 | Average Reward: 1.970 | Steps:  6674 | Total Reward: 224.0|
| Episode: 116 | Epsilon:  0.14 | Reward:   0.0 | Average Reward: 1.920 | Steps:  6708 | Total Reward: 224.0|
| Episode: 117 | Epsilon:  0.14 | Reward:   1.0 | Average Reward: 1.910 | Steps:  6757 | Total Reward: 225.0|
| Episode: 118 | Epsilon:  0.14 | Reward:   1.0 | Average Reward: 1.920 | Steps:  6804 | Total Reward: 226.0|
| Episode: 119 | Epsilon:  0.14 | Reward:   3.0 | Average Reward: 1.930 | Steps:  6871 | Total Reward: 229.0|
| Episode: 120 | Epsilon:  0.14 | Reward:   2.0 | Average Reward: 1.920 | Steps:  6926 | Total Reward: 231.0|
| Episode: 121 | Epsilon:  0.14 | Reward:   1.0 | Average Reward: 1.910 | Steps:  6973 | Total Reward: 232.0|
| Episode: 122 | Epsilon:  0.14 | Reward:   3.0 | Average Reward: 1.930 | Steps:  7034 | Total Reward: 235.0|
| Episode: 123 | Epsilon:  0.14 | Reward:   2.0 | Average Reward: 1.920 | Steps:  7094 | Total Reward: 237.0|
| Episode: 124 | Epsilon:  0.14 | Reward:   2.0 | Average Reward: 1.900 | Steps:  7155 | Total Reward: 239.0|
| Episode: 125 | Epsilon:  0.14 | Reward:   1.0 | Average Reward: 1.910 | Steps:  7203 | Total Reward: 240.0|
| Episode: 126 | Epsilon:  0.13 | Reward:   3.0 | Average Reward: 1.920 | Steps:  7273 | Total Reward: 243.0|
| Episode: 127 | Epsilon:  0.13 | Reward:   0.0 | Average Reward: 1.900 | Steps:  7306 | Total Reward: 243.0|
| Episode: 128 | Epsilon:  0.13 | Reward:   2.0 | Average Reward: 1.890 | Steps:  7361 | Total Reward: 245.0|
| Episode: 129 | Epsilon:  0.13 | Reward:   1.0 | Average Reward: 1.870 | Steps:  7408 | Total Reward: 246.0|
| Episode: 130 | Epsilon:  0.13 | Reward:   0.0 | Average Reward: 1.850 | Steps:  7438 | Total Reward: 246.0|
| Episode: 131 | Epsilon:  0.13 | Reward:   1.0 | Average Reward: 1.810 | Steps:  7482 | Total Reward: 247.0|
| Episode: 132 | Epsilon:  0.13 | Reward:   3.0 | Average Reward: 1.840 | Steps:  7561 | Total Reward: 250.0|
| Episode: 133 | Epsilon:  0.13 | Reward:   2.0 | Average Reward: 1.840 | Steps:  7622 | Total Reward: 252.0|
| Episode: 134 | Epsilon:  0.13 | Reward:   4.0 | Average Reward: 1.830 | Steps:  7715 | Total Reward: 256.0|
| Episode: 135 | Epsilon:  0.13 | Reward:   1.0 | Average Reward: 1.790 | Steps:  7763 | Total Reward: 257.0|
| Episode: 136 | Epsilon:  0.13 | Reward:   2.0 | Average Reward: 1.790 | Steps:  7820 | Total Reward: 259.0|
| Episode: 137 | Epsilon:  0.13 | Reward:   3.0 | Average Reward: 1.800 | Steps:  7893 | Total Reward: 262.0|
| Episode: 138 | Epsilon:  0.13 | Reward:   2.0 | Average Reward: 1.800 | Steps:  7955 | Total Reward: 264.0|
| Episode: 139 | Epsilon:  0.12 | Reward:   0.0 | Average Reward: 1.790 | Steps:  7985 | Total Reward: 264.0|
| Episode: 140 | Epsilon:  0.12 | Reward:   2.0 | Average Reward: 1.790 | Steps:  8042 | Total Reward: 266.0|
| Episode: 141 | Epsilon:  0.12 | Reward:   1.0 | Average Reward: 1.740 | Steps:  8091 | Total Reward: 267.0|
| Episode: 142 | Epsilon:  0.12 | Reward:   1.0 | Average Reward: 1.730 | Steps:  8140 | Total Reward: 268.0|
| Episode: 143 | Epsilon:  0.12 | Reward:   1.0 | Average Reward: 1.710 | Steps:  8180 | Total Reward: 269.0|
| Episode: 144 | Epsilon:  0.12 | Reward:   0.0 | Average Reward: 1.700 | Steps:  8211 | Total Reward: 269.0|
| Episode: 145 | Epsilon:  0.12 | Reward:   0.0 | Average Reward: 1.680 | Steps:  8244 | Total Reward: 269.0|
| Episode: 146 | Epsilon:  0.12 | Reward:   2.0 | Average Reward: 1.680 | Steps:  8300 | Total Reward: 271.0|
| Episode: 147 | Epsilon:  0.12 | Reward:   2.0 | Average Reward: 1.680 | Steps:  8353 | Total Reward: 273.0|
| Episode: 148 | Epsilon:  0.12 | Reward:   0.0 | Average Reward: 1.650 | Steps:  8386 | Total Reward: 273.0|
| Episode: 149 | Epsilon:  0.12 | Reward:   2.0 | Average Reward: 1.660 | Steps:  8451 | Total Reward: 275.0|
| Episode: 150 | Epsilon:  0.12 | Reward:   2.0 | Average Reward: 1.680 | Steps:  8514 | Total Reward: 277.0|
| Episode: 151 | Epsilon:  0.12 | Reward:   0.0 | Average Reward: 1.640 | Steps:  8546 | Total Reward: 277.0|
| Episode: 152 | Epsilon:  0.12 | Reward:   3.0 | Average Reward: 1.670 | Steps:  8617 | Total Reward: 280.0|
| Episode: 153 | Epsilon:  0.12 | Reward:   2.0 | Average Reward: 1.670 | Steps:  8673 | Total Reward: 282.0|
| Episode: 154 | Epsilon:  0.12 | Reward:   2.0 | Average Reward: 1.680 | Steps:  8741 | Total Reward: 284.0|
| Episode: 155 | Epsilon:  0.12 | Reward:   4.0 | Average Reward: 1.700 | Steps:  8826 | Total Reward: 288.0|
| Episode: 156 | Epsilon:  0.12 | Reward:   0.0 | Average Reward: 1.670 | Steps:  8859 | Total Reward: 288.0|
| Episode: 157 | Epsilon:  0.12 | Reward:   0.0 | Average Reward: 1.650 | Steps:  8892 | Total Reward: 288.0|
| Episode: 158 | Epsilon:  0.12 | Reward:   0.0 | Average Reward: 1.650 | Steps:  8926 | Total Reward: 288.0|
| Episode: 159 | Epsilon:  0.12 | Reward:   2.0 | Average Reward: 1.650 | Steps:  8987 | Total Reward: 290.0|
| Episode: 160 | Epsilon:  0.11 | Reward:   4.0 | Average Reward: 1.660 | Steps:  9074 | Total Reward: 294.0|
| Episode: 161 | Epsilon:  0.11 | Reward:   2.0 | Average Reward: 1.670 | Steps:  9133 | Total Reward: 296.0|
| Episode: 162 | Epsilon:  0.11 | Reward:   2.0 | Average Reward: 1.690 | Steps:  9200 | Total Reward: 298.0|
| Episode: 163 | Epsilon:  0.11 | Reward:   3.0 | Average Reward: 1.710 | Steps:  9275 | Total Reward: 301.0|
| Episode: 164 | Epsilon:  0.11 | Reward:   2.0 | Average Reward: 1.720 | Steps:  9333 | Total Reward: 303.0|
| Episode: 165 | Epsilon:  0.11 | Reward:   0.0 | Average Reward: 1.700 | Steps:  9366 | Total Reward: 303.0|
| Episode: 166 | Epsilon:  0.11 | Reward:   3.0 | Average Reward: 1.730 | Steps:  9440 | Total Reward: 306.0|
| Episode: 167 | Epsilon:  0.11 | Reward:   0.0 | Average Reward: 1.730 | Steps:  9472 | Total Reward: 306.0|
| Episode: 168 | Epsilon:  0.11 | Reward:   2.0 | Average Reward: 1.720 | Steps:  9536 | Total Reward: 308.0|
| Episode: 169 | Epsilon:  0.11 | Reward:   1.0 | Average Reward: 1.710 | Steps:  9584 | Total Reward: 309.0|
| Episode: 170 | Epsilon:  0.11 | Reward:   3.0 | Average Reward: 1.710 | Steps:  9664 | Total Reward: 312.0|
| Episode: 171 | Epsilon:  0.11 | Reward:   1.0 | Average Reward: 1.720 | Steps:  9709 | Total Reward: 313.0|
| Episode: 172 | Epsilon:  0.11 | Reward:   4.0 | Average Reward: 1.690 | Steps:  9800 | Total Reward: 317.0|
| Episode: 173 | Epsilon:  0.11 | Reward:   3.0 | Average Reward: 1.720 | Steps:  9872 | Total Reward: 320.0|
| Episode: 174 | Epsilon:  0.11 | Reward:   3.0 | Average Reward: 1.740 | Steps:  9955 | Total Reward: 323.0|
| Episode: 175 | Epsilon:  0.11 | Reward:   3.0 | Average Reward: 1.760 | Steps: 10028 | Total Reward: 326.0|
| Episode: 176 | Epsilon:  0.11 | Reward:   2.0 | Average Reward: 1.780 | Steps: 10085 | Total Reward: 328.0|
| Episode: 177 | Epsilon:  0.11 | Reward:   0.0 | Average Reward: 1.760 | Steps: 10118 | Total Reward: 328.0|
| Episode: 178 | Epsilon:  0.11 | Reward:   2.0 | Average Reward: 1.760 | Steps: 10185 | Total Reward: 330.0|
| Episode: 179 | Epsilon:  0.11 | Reward:   2.0 | Average Reward: 1.770 | Steps: 10242 | Total Reward: 332.0|
| Episode: 180 | Epsilon:  0.11 | Reward:   1.0 | Average Reward: 1.760 | Steps: 10294 | Total Reward: 333.0|
| Episode: 181 | Epsilon:  0.11 | Reward:   3.0 | Average Reward: 1.770 | Steps: 10370 | Total Reward: 336.0|
| Episode: 182 | Epsilon:  0.11 | Reward:   0.0 | Average Reward: 1.760 | Steps: 10403 | Total Reward: 336.0|
| Episode: 183 | Epsilon:  0.11 | Reward:   2.0 | Average Reward: 1.780 | Steps: 10461 | Total Reward: 338.0|
| Episode: 184 | Epsilon:  0.11 | Reward:   3.0 | Average Reward: 1.750 | Steps: 10534 | Total Reward: 341.0|
| Episode: 185 | Epsilon:  0.11 | Reward:   2.0 | Average Reward: 1.750 | Steps: 10593 | Total Reward: 343.0|
| Episode: 186 | Epsilon:  0.11 | Reward:   0.0 | Average Reward: 1.740 | Steps: 10624 | Total Reward: 343.0|
| Episode: 187 | Epsilon:  0.11 | Reward:   3.0 | Average Reward: 1.740 | Steps: 10695 | Total Reward: 346.0|
| Episode: 188 | Epsilon:  0.11 | Reward:   4.0 | Average Reward: 1.760 | Steps: 10786 | Total Reward: 350.0|
| Episode: 189 | Epsilon:  0.11 | Reward:   3.0 | Average Reward: 1.790 | Steps: 10860 | Total Reward: 353.0|
| Episode: 190 | Epsilon:  0.11 | Reward:   1.0 | Average Reward: 1.790 | Steps: 10910 | Total Reward: 354.0|
| Episode: 191 | Epsilon:  0.11 | Reward:   2.0 | Average Reward: 1.800 | Steps: 10975 | Total Reward: 356.0|
| Episode: 192 | Epsilon:  0.11 | Reward:   0.0 | Average Reward: 1.770 | Steps: 11010 | Total Reward: 356.0|
| Episode: 193 | Epsilon:  0.11 | Reward:   1.0 | Average Reward: 1.770 | Steps: 11059 | Total Reward: 357.0|
| Episode: 194 | Epsilon:  0.11 | Reward:   0.0 | Average Reward: 1.750 | Steps: 11091 | Total Reward: 357.0|
| Episode: 195 | Epsilon:  0.11 | Reward:   0.0 | Average Reward: 1.740 | Steps: 11126 | Total Reward: 357.0|
| Episode: 196 | Epsilon:  0.11 | Reward:   0.0 | Average Reward: 1.720 | Steps: 11159 | Total Reward: 357.0|
| Episode: 197 | Epsilon:  0.11 | Reward:   2.0 | Average Reward: 1.720 | Steps: 11217 | Total Reward: 359.0|
| Episode: 198 | Epsilon:  0.11 | Reward:   0.0 | Average Reward: 1.680 | Steps: 11248 | Total Reward: 359.0|
| Episode: 199 | Epsilon:  0.11 | Reward:   2.0 | Average Reward: 1.680 | Steps: 11313 | Total Reward: 361.0|
| Episode: 200 | Epsilon:  0.11 | Reward:   2.0 | Average Reward: 1.680 | Steps: 11371 | Total Reward: 363.0|
| Episode: 201 | Epsilon:  0.11 | Reward:   2.0 | Average Reward: 1.630 | Steps: 11429 | Total Reward: 365.0|
| Episode: 202 | Epsilon:  0.11 | Reward:   2.0 | Average Reward: 1.640 | Steps: 11495 | Total Reward: 367.0|
| Episode: 203 | Epsilon:  0.11 | Reward:   3.0 | Average Reward: 1.660 | Steps: 11570 | Total Reward: 370.0|
| Episode: 204 | Epsilon:  0.10 | Reward:   5.0 | Average Reward: 1.660 | Steps: 11677 | Total Reward: 375.0|
| Episode: 205 | Epsilon:  0.10 | Reward:   1.0 | Average Reward: 1.660 | Steps: 11726 | Total Reward: 376.0|
| Episode: 206 | Epsilon:  0.10 | Reward:   2.0 | Average Reward: 1.680 | Steps: 11785 | Total Reward: 378.0|
| Episode: 207 | Epsilon:  0.10 | Reward:   0.0 | Average Reward: 1.670 | Steps: 11815 | Total Reward: 378.0|
| Episode: 208 | Epsilon:  0.10 | Reward:   4.0 | Average Reward: 1.680 | Steps: 11905 | Total Reward: 382.0|
| Episode: 209 | Epsilon:  0.10 | Reward:   1.0 | Average Reward: 1.670 | Steps: 11952 | Total Reward: 383.0|
| Episode: 210 | Epsilon:  0.10 | Reward:   4.0 | Average Reward: 1.700 | Steps: 12038 | Total Reward: 387.0|
| Episode: 211 | Epsilon:  0.10 | Reward:   5.0 | Average Reward: 1.750 | Steps: 12154 | Total Reward: 392.0|
| Episode: 212 | Epsilon:  0.10 | Reward:   2.0 | Average Reward: 1.760 | Steps: 12213 | Total Reward: 394.0|
| Episode: 213 | Epsilon:  0.10 | Reward:   0.0 | Average Reward: 1.720 | Steps: 12246 | Total Reward: 394.0|
| Episode: 214 | Epsilon:  0.10 | Reward:   2.0 | Average Reward: 1.740 | Steps: 12303 | Total Reward: 396.0|
| Episode: 215 | Epsilon:  0.10 | Reward:   2.0 | Average Reward: 1.740 | Steps: 12367 | Total Reward: 398.0|
| Episode: 216 | Epsilon:  0.10 | Reward:   2.0 | Average Reward: 1.760 | Steps: 12421 | Total Reward: 400.0|
| Episode: 217 | Epsilon:  0.10 | Reward:   3.0 | Average Reward: 1.780 | Steps: 12497 | Total Reward: 403.0|
| Episode: 218 | Epsilon:  0.10 | Reward:   2.0 | Average Reward: 1.790 | Steps: 12555 | Total Reward: 405.0|
| Episode: 219 | Epsilon:  0.10 | Reward:   3.0 | Average Reward: 1.790 | Steps: 12627 | Total Reward: 408.0|
| Episode: 220 | Epsilon:  0.10 | Reward:   0.0 | Average Reward: 1.770 | Steps: 12662 | Total Reward: 408.0|
| Episode: 221 | Epsilon:  0.10 | Reward:   1.0 | Average Reward: 1.770 | Steps: 12709 | Total Reward: 409.0|
| Episode: 222 | Epsilon:  0.10 | Reward:   2.0 | Average Reward: 1.760 | Steps: 12772 | Total Reward: 411.0|
| Episode: 223 | Epsilon:  0.10 | Reward:   0.0 | Average Reward: 1.740 | Steps: 12806 | Total Reward: 411.0|
| Episode: 224 | Epsilon:  0.10 | Reward:   0.0 | Average Reward: 1.720 | Steps: 12841 | Total Reward: 411.0|
| Episode: 225 | Epsilon:  0.10 | Reward:   0.0 | Average Reward: 1.710 | Steps: 12873 | Total Reward: 411.0|
| Episode: 226 | Epsilon:  0.10 | Reward:   0.0 | Average Reward: 1.680 | Steps: 12906 | Total Reward: 411.0|
| Episode: 227 | Epsilon:  0.10 | Reward:   2.0 | Average Reward: 1.700 | Steps: 12965 | Total Reward: 413.0|
| Episode: 228 | Epsilon:  0.10 | Reward:   1.0 | Average Reward: 1.690 | Steps: 13015 | Total Reward: 414.0|
| Episode: 229 | Epsilon:  0.10 | Reward:   4.0 | Average Reward: 1.720 | Steps: 13105 | Total Reward: 418.0|
| Episode: 230 | Epsilon:  0.10 | Reward:   2.0 | Average Reward: 1.740 | Steps: 13164 | Total Reward: 420.0|
| Episode: 231 | Epsilon:  0.10 | Reward:   5.0 | Average Reward: 1.780 | Steps: 13269 | Total Reward: 425.0|
| Episode: 232 | Epsilon:  0.10 | Reward:   5.0 | Average Reward: 1.800 | Steps: 13372 | Total Reward: 430.0|
| Episode: 233 | Epsilon:  0.10 | Reward:   2.0 | Average Reward: 1.800 | Steps: 13431 | Total Reward: 432.0|
| Episode: 234 | Epsilon:  0.10 | Reward:   0.0 | Average Reward: 1.760 | Steps: 13466 | Total Reward: 432.0|
| Episode: 235 | Epsilon:  0.10 | Reward:   2.0 | Average Reward: 1.770 | Steps: 13526 | Total Reward: 434.0|
| Episode: 236 | Epsilon:  0.10 | Reward:   1.0 | Average Reward: 1.760 | Steps: 13574 | Total Reward: 435.0|
| Episode: 237 | Epsilon:  0.10 | Reward:   2.0 | Average Reward: 1.750 | Steps: 13633 | Total Reward: 437.0|
| Episode: 238 | Epsilon:  0.10 | Reward:   2.0 | Average Reward: 1.750 | Steps: 13689 | Total Reward: 439.0|
| Episode: 239 | Epsilon:  0.10 | Reward:   3.0 | Average Reward: 1.780 | Steps: 13762 | Total Reward: 442.0|
| Episode: 240 | Epsilon:  0.10 | Reward:   3.0 | Average Reward: 1.790 | Steps: 13837 | Total Reward: 445.0|
| Episode: 241 | Epsilon:  0.10 | Reward:   1.0 | Average Reward: 1.790 | Steps: 13885 | Total Reward: 446.0|
| Episode: 242 | Epsilon:  0.10 | Reward:   0.0 | Average Reward: 1.780 | Steps: 13915 | Total Reward: 446.0|
| Episode: 243 | Epsilon:  0.10 | Reward:   1.0 | Average Reward: 1.780 | Steps: 13962 | Total Reward: 447.0|
| Episode: 244 | Epsilon:  0.10 | Reward:   0.0 | Average Reward: 1.780 | Steps: 13993 | Total Reward: 447.0|
| Episode: 245 | Epsilon:  0.10 | Reward:   0.0 | Average Reward: 1.780 | Steps: 14025 | Total Reward: 447.0|
| Episode: 246 | Epsilon:  0.10 | Reward:   0.0 | Average Reward: 1.760 | Steps: 14057 | Total Reward: 447.0|
| Episode: 247 | Epsilon:  0.10 | Reward:   0.0 | Average Reward: 1.740 | Steps: 14090 | Total Reward: 447.0|
| Episode: 248 | Epsilon:  0.10 | Reward:   6.0 | Average Reward: 1.800 | Steps: 14194 | Total Reward: 453.0|
| Episode: 249 | Epsilon:  0.10 | Reward:   2.0 | Average Reward: 1.800 | Steps: 14251 | Total Reward: 455.0|
| Episode: 250 | Epsilon:  0.10 | Reward:   6.0 | Average Reward: 1.840 | Steps: 14361 | Total Reward: 461.0|
| Episode: 251 | Epsilon:  0.10 | Reward:   2.0 | Average Reward: 1.860 | Steps: 14416 | Total Reward: 463.0|
| Episode: 252 | Epsilon:  0.10 | Reward:   2.0 | Average Reward: 1.850 | Steps: 14474 | Total Reward: 465.0|
| Episode: 253 | Epsilon:  0.10 | Reward:   2.0 | Average Reward: 1.850 | Steps: 14533 | Total Reward: 467.0|
| Episode: 254 | Epsilon:  0.10 | Reward:   0.0 | Average Reward: 1.830 | Steps: 14566 | Total Reward: 467.0|
| Episode: 255 | Epsilon:  0.10 | Reward:   3.0 | Average Reward: 1.820 | Steps: 14640 | Total Reward: 470.0|
| Episode: 256 | Epsilon:  0.10 | Reward:   2.0 | Average Reward: 1.840 | Steps: 14698 | Total Reward: 472.0|
| Episode: 257 | Epsilon:  0.10 | Reward:   0.0 | Average Reward: 1.840 | Steps: 14731 | Total Reward: 472.0|
| Episode: 258 | Epsilon:  0.10 | Reward:   4.0 | Average Reward: 1.880 | Steps: 14821 | Total Reward: 476.0|
| Episode: 259 | Epsilon:  0.10 | Reward:   0.0 | Average Reward: 1.860 | Steps: 14855 | Total Reward: 476.0|
| Episode: 260 | Epsilon:  0.10 | Reward:   0.0 | Average Reward: 1.820 | Steps: 14886 | Total Reward: 476.0|
| Episode: 261 | Epsilon:  0.10 | Reward:   4.0 | Average Reward: 1.840 | Steps: 14977 | Total Reward: 480.0|
| Episode: 262 | Epsilon:  0.10 | Reward:   1.0 | Average Reward: 1.830 | Steps: 15025 | Total Reward: 481.0|
| Episode: 263 | Epsilon:  0.10 | Reward:   2.0 | Average Reward: 1.820 | Steps: 15084 | Total Reward: 483.0|
| Episode: 264 | Epsilon:  0.10 | Reward:   2.0 | Average Reward: 1.820 | Steps: 15142 | Total Reward: 485.0|
| Episode: 265 | Epsilon:  0.10 | Reward:   1.0 | Average Reward: 1.830 | Steps: 15189 | Total Reward: 486.0|
| Episode: 266 | Epsilon:  0.10 | Reward:   0.0 | Average Reward: 1.800 | Steps: 15224 | Total Reward: 486.0|
| Episode: 267 | Epsilon:  0.10 | Reward:   3.0 | Average Reward: 1.830 | Steps: 15292 | Total Reward: 489.0|
| Episode: 268 | Epsilon:  0.10 | Reward:   0.0 | Average Reward: 1.810 | Steps: 15324 | Total Reward: 489.0|
| Episode: 269 | Epsilon:  0.10 | Reward:   5.0 | Average Reward: 1.850 | Steps: 15429 | Total Reward: 494.0|
| Episode: 270 | Epsilon:  0.10 | Reward:   0.0 | Average Reward: 1.820 | Steps: 15461 | Total Reward: 494.0|
| Episode: 271 | Epsilon:  0.10 | Reward:   0.0 | Average Reward: 1.810 | Steps: 15495 | Total Reward: 494.0|
| Episode: 272 | Epsilon:  0.10 | Reward:   0.0 | Average Reward: 1.770 | Steps: 15528 | Total Reward: 494.0|
| Episode: 273 | Epsilon:  0.10 | Reward:   2.0 | Average Reward: 1.760 | Steps: 15585 | Total Reward: 496.0|
| Episode: 274 | Epsilon:  0.10 | Reward:   3.0 | Average Reward: 1.760 | Steps: 15668 | Total Reward: 499.0|
| Episode: 275 | Epsilon:  0.10 | Reward:   0.0 | Average Reward: 1.730 | Steps: 15701 | Total Reward: 499.0|
| Episode: 276 | Epsilon:  0.10 | Reward:   2.0 | Average Reward: 1.730 | Steps: 15759 | Total Reward: 501.0|
| Episode: 277 | Epsilon:  0.10 | Reward:   0.0 | Average Reward: 1.730 | Steps: 15791 | Total Reward: 501.0|
| Episode: 278 | Epsilon:  0.10 | Reward:   4.0 | Average Reward: 1.750 | Steps: 15879 | Total Reward: 505.0|
| Episode: 279 | Epsilon:  0.10 | Reward:   2.0 | Average Reward: 1.750 | Steps: 15938 | Total Reward: 507.0|
| Episode: 280 | Epsilon:  0.10 | Reward:   5.0 | Average Reward: 1.790 | Steps: 16039 | Total Reward: 512.0|
| Episode: 281 | Epsilon:  0.10 | Reward:   0.0 | Average Reward: 1.760 | Steps: 16073 | Total Reward: 512.0|
| Episode: 282 | Epsilon:  0.10 | Reward:   0.0 | Average Reward: 1.760 | Steps: 16104 | Total Reward: 512.0|
| Episode: 283 | Epsilon:  0.10 | Reward:   0.0 | Average Reward: 1.740 | Steps: 16137 | Total Reward: 512.0|
| Episode: 284 | Epsilon:  0.10 | Reward:   3.0 | Average Reward: 1.740 | Steps: 16218 | Total Reward: 515.0|
| Episode: 285 | Epsilon:  0.10 | Reward:   2.0 | Average Reward: 1.740 | Steps: 16276 | Total Reward: 517.0|
| Episode: 286 | Epsilon:  0.10 | Reward:   3.0 | Average Reward: 1.770 | Steps: 16350 | Total Reward: 520.0|
| Episode: 287 | Epsilon:  0.10 | Reward:   0.0 | Average Reward: 1.740 | Steps: 16384 | Total Reward: 520.0|
| Episode: 288 | Epsilon:  0.10 | Reward:   2.0 | Average Reward: 1.720 | Steps: 16441 | Total Reward: 522.0|
| Episode: 289 | Epsilon:  0.10 | Reward:   0.0 | Average Reward: 1.690 | Steps: 16475 | Total Reward: 522.0|
| Episode: 290 | Epsilon:  0.10 | Reward:   0.0 | Average Reward: 1.680 | Steps: 16510 | Total Reward: 522.0|
| Episode: 291 | Epsilon:  0.10 | Reward:   2.0 | Average Reward: 1.680 | Steps: 16564 | Total Reward: 524.0|
| Episode: 292 | Epsilon:  0.10 | Reward:   3.0 | Average Reward: 1.710 | Steps: 16640 | Total Reward: 527.0|
| Episode: 293 | Epsilon:  0.10 | Reward:   0.0 | Average Reward: 1.700 | Steps: 16674 | Total Reward: 527.0|
| Episode: 294 | Epsilon:  0.10 | Reward:   0.0 | Average Reward: 1.700 | Steps: 16707 | Total Reward: 527.0|
| Episode: 295 | Epsilon:  0.10 | Reward:   2.0 | Average Reward: 1.720 | Steps: 16761 | Total Reward: 529.0|
| Episode: 296 | Epsilon:  0.10 | Reward:   2.0 | Average Reward: 1.740 | Steps: 16818 | Total Reward: 531.0|
| Episode: 297 | Epsilon:  0.10 | Reward:   2.0 | Average Reward: 1.740 | Steps: 16877 | Total Reward: 533.0|
| Episode: 298 | Epsilon:  0.10 | Reward:   4.0 | Average Reward: 1.780 | Steps: 16965 | Total Reward: 537.0|
| Episode: 299 | Epsilon:  0.10 | Reward:   2.0 | Average Reward: 1.780 | Steps: 17024 | Total Reward: 539.0|
| Episode: 300 | Epsilon:  0.10 | Reward:   3.0 | Average Reward: 1.790 | Steps: 17098 | Total Reward: 542.0|
| Episode: 301 | Epsilon:  0.10 | Reward:   3.0 | Average Reward: 1.800 | Steps: 17173 | Total Reward: 545.0|
| Episode: 302 | Epsilon:  0.10 | Reward:   2.0 | Average Reward: 1.800 | Steps: 17232 | Total Reward: 547.0|
| Episode: 303 | Epsilon:  0.10 | Reward:   4.0 | Average Reward: 1.810 | Steps: 17323 | Total Reward: 551.0|
| Episode: 304 | Epsilon:  0.10 | Reward:   0.0 | Average Reward: 1.760 | Steps: 17357 | Total Reward: 551.0|
| Episode: 305 | Epsilon:  0.10 | Reward:   3.0 | Average Reward: 1.780 | Steps: 17428 | Total Reward: 554.0|
| Episode: 306 | Epsilon:  0.10 | Reward:   0.0 | Average Reward: 1.760 | Steps: 17462 | Total Reward: 554.0|
| Episode: 307 | Epsilon:  0.10 | Reward:   5.0 | Average Reward: 1.810 | Steps: 17565 | Total Reward: 559.0|
| Episode: 308 | Epsilon:  0.10 | Reward:   0.0 | Average Reward: 1.770 | Steps: 17596 | Total Reward: 559.0|
| Episode: 309 | Epsilon:  0.10 | Reward:   0.0 | Average Reward: 1.760 | Steps: 17630 | Total Reward: 559.0|
| Episode: 310 | Epsilon:  0.10 | Reward:   0.0 | Average Reward: 1.720 | Steps: 17663 | Total Reward: 559.0|
| Episode: 311 | Epsilon:  0.10 | Reward:   2.0 | Average Reward: 1.690 | Steps: 17730 | Total Reward: 561.0|
| Episode: 312 | Epsilon:  0.10 | Reward:   2.0 | Average Reward: 1.690 | Steps: 17789 | Total Reward: 563.0|
| Episode: 313 | Epsilon:  0.10 | Reward:   0.0 | Average Reward: 1.690 | Steps: 17823 | Total Reward: 563.0|
| Episode: 314 | Epsilon:  0.10 | Reward:   2.0 | Average Reward: 1.690 | Steps: 17881 | Total Reward: 565.0|
| Episode: 315 | Epsilon:  0.10 | Reward:   4.0 | Average Reward: 1.710 | Steps: 17962 | Total Reward: 569.0|
| Episode: 316 | Epsilon:  0.10 | Reward:   0.0 | Average Reward: 1.690 | Steps: 17997 | Total Reward: 569.0|
| Episode: 317 | Epsilon:  0.10 | Reward:   4.0 | Average Reward: 1.700 | Steps: 18085 | Total Reward: 573.0|
| Episode: 318 | Epsilon:  0.10 | Reward:   3.0 | Average Reward: 1.710 | Steps: 18161 | Total Reward: 576.0|
| Episode: 319 | Epsilon:  0.10 | Reward:   2.0 | Average Reward: 1.700 | Steps: 18220 | Total Reward: 578.0|
| Episode: 320 | Epsilon:  0.10 | Reward:   0.0 | Average Reward: 1.700 | Steps: 18253 | Total Reward: 578.0|
| Episode: 321 | Epsilon:  0.10 | Reward:   2.0 | Average Reward: 1.710 | Steps: 18312 | Total Reward: 580.0|
| Episode: 322 | Epsilon:  0.10 | Reward:   2.0 | Average Reward: 1.710 | Steps: 18370 | Total Reward: 582.0|
| Episode: 323 | Epsilon:  0.10 | Reward:   4.0 | Average Reward: 1.750 | Steps: 18460 | Total Reward: 586.0|
| Episode: 324 | Epsilon:  0.10 | Reward:   0.0 | Average Reward: 1.750 | Steps: 18493 | Total Reward: 586.0|
| Episode: 325 | Epsilon:  0.10 | Reward:   2.0 | Average Reward: 1.770 | Steps: 18548 | Total Reward: 588.0|
| Episode: 326 | Epsilon:  0.10 | Reward:   1.0 | Average Reward: 1.780 | Steps: 18592 | Total Reward: 589.0|
| Episode: 327 | Epsilon:  0.10 | Reward:   0.0 | Average Reward: 1.760 | Steps: 18626 | Total Reward: 589.0|
| Episode: 328 | Epsilon:  0.10 | Reward:   3.0 | Average Reward: 1.780 | Steps: 18701 | Total Reward: 592.0|
| Episode: 329 | Epsilon:  0.10 | Reward:   5.0 | Average Reward: 1.790 | Steps: 18807 | Total Reward: 597.0|
| Episode: 330 | Epsilon:  0.10 | Reward:   1.0 | Average Reward: 1.780 | Steps: 18855 | Total Reward: 598.0|
| Episode: 331 | Epsilon:  0.10 | Reward:   0.0 | Average Reward: 1.730 | Steps: 18888 | Total Reward: 598.0|
| Episode: 332 | Epsilon:  0.10 | Reward:   0.0 | Average Reward: 1.680 | Steps: 18920 | Total Reward: 598.0|
| Episode: 333 | Epsilon:  0.10 | Reward:   0.0 | Average Reward: 1.660 | Steps: 18951 | Total Reward: 598.0|
| Episode: 334 | Epsilon:  0.10 | Reward:   0.0 | Average Reward: 1.660 | Steps: 18985 | Total Reward: 598.0|
| Episode: 335 | Epsilon:  0.10 | Reward:   2.0 | Average Reward: 1.660 | Steps: 19043 | Total Reward: 600.0|
| Episode: 336 | Epsilon:  0.10 | Reward:   2.0 | Average Reward: 1.670 | Steps: 19101 | Total Reward: 602.0|
| Episode: 337 | Epsilon:  0.10 | Reward:   0.0 | Average Reward: 1.650 | Steps: 19134 | Total Reward: 602.0|
| Episode: 338 | Epsilon:  0.10 | Reward:   0.0 | Average Reward: 1.630 | Steps: 19167 | Total Reward: 602.0|
| Episode: 339 | Epsilon:  0.10 | Reward:   4.0 | Average Reward: 1.640 | Steps: 19258 | Total Reward: 606.0|
| Episode: 340 | Epsilon:  0.10 | Reward:   2.0 | Average Reward: 1.630 | Steps: 19315 | Total Reward: 608.0|
| Episode: 341 | Epsilon:  0.10 | Reward:   4.0 | Average Reward: 1.660 | Steps: 19402 | Total Reward: 612.0|
| Episode: 342 | Epsilon:  0.10 | Reward:   1.0 | Average Reward: 1.670 | Steps: 19451 | Total Reward: 613.0|
| Episode: 343 | Epsilon:  0.10 | Reward:   0.0 | Average Reward: 1.660 | Steps: 19485 | Total Reward: 613.0|
| Episode: 344 | Epsilon:  0.10 | Reward:   1.0 | Average Reward: 1.670 | Steps: 19534 | Total Reward: 614.0|
| Episode: 345 | Epsilon:  0.10 | Reward:   0.0 | Average Reward: 1.670 | Steps: 19569 | Total Reward: 614.0|
| Episode: 346 | Epsilon:  0.10 | Reward:   0.0 | Average Reward: 1.670 | Steps: 19602 | Total Reward: 614.0|
| Episode: 347 | Epsilon:  0.10 | Reward:   7.0 | Average Reward: 1.740 | Steps: 19739 | Total Reward: 621.0|
| Episode: 348 | Epsilon:  0.10 | Reward:   0.0 | Average Reward: 1.680 | Steps: 19773 | Total Reward: 621.0|
| Episode: 349 | Epsilon:  0.10 | Reward:   0.0 | Average Reward: 1.660 | Steps: 19807 | Total Reward: 621.0|
| Episode: 350 | Epsilon:  0.10 | Reward:   2.0 | Average Reward: 1.620 | Steps: 19865 | Total Reward: 623.0|
| Episode: 351 | Epsilon:  0.10 | Reward:   0.0 | Average Reward: 1.600 | Steps: 19894 | Total Reward: 623.0|
| Episode: 352 | Epsilon:  0.10 | Reward:   4.0 | Average Reward: 1.620 | Steps: 19978 | Total Reward: 627.0|
| Episode: 353 | Epsilon:  0.10 | Reward:   0.0 | Average Reward: 1.600 | Steps: 20012 | Total Reward: 627.0|
| Episode: 354 | Epsilon:  0.10 | Reward:   0.0 | Average Reward: 1.600 | Steps: 20044 | Total Reward: 627.0|
| Episode: 355 | Epsilon:  0.10 | Reward:   2.0 | Average Reward: 1.590 | Steps: 20103 | Total Reward: 629.0|
| Episode: 356 | Epsilon:  0.10 | Reward:   3.0 | Average Reward: 1.600 | Steps: 20178 | Total Reward: 632.0|
| Episode: 357 | Epsilon:  0.10 | Reward:   2.0 | Average Reward: 1.620 | Steps: 20237 | Total Reward: 634.0|
| Episode: 358 | Epsilon:  0.10 | Reward:   0.0 | Average Reward: 1.580 | Steps: 20270 | Total Reward: 634.0|
| Episode: 359 | Epsilon:  0.10 | Reward:   5.0 | Average Reward: 1.630 | Steps: 20369 | Total Reward: 639.0|
| Episode: 360 | Epsilon:  0.10 | Reward:   2.0 | Average Reward: 1.650 | Steps: 20427 | Total Reward: 641.0|
| Episode: 361 | Epsilon:  0.10 | Reward:   2.0 | Average Reward: 1.630 | Steps: 20485 | Total Reward: 643.0|
| Episode: 362 | Epsilon:  0.10 | Reward:   0.0 | Average Reward: 1.620 | Steps: 20517 | Total Reward: 643.0|
| Episode: 363 | Epsilon:  0.10 | Reward:   0.0 | Average Reward: 1.600 | Steps: 20550 | Total Reward: 643.0|
| Episode: 364 | Epsilon:  0.10 | Reward:   1.0 | Average Reward: 1.590 | Steps: 20599 | Total Reward: 644.0|
| Episode: 365 | Epsilon:  0.10 | Reward:   2.0 | Average Reward: 1.600 | Steps: 20664 | Total Reward: 646.0|
| Episode: 366 | Epsilon:  0.10 | Reward:   0.0 | Average Reward: 1.600 | Steps: 20697 | Total Reward: 646.0|
| Episode: 367 | Epsilon:  0.10 | Reward:   0.0 | Average Reward: 1.570 | Steps: 20729 | Total Reward: 646.0|
| Episode: 368 | Epsilon:  0.10 | Reward:   2.0 | Average Reward: 1.590 | Steps: 20786 | Total Reward: 648.0|
| Episode: 369 | Epsilon:  0.10 | Reward:   0.0 | Average Reward: 1.540 | Steps: 20818 | Total Reward: 648.0|
| Episode: 370 | Epsilon:  0.10 | Reward:   2.0 | Average Reward: 1.560 | Steps: 20883 | Total Reward: 650.0|
| Episode: 371 | Epsilon:  0.10 | Reward:   3.0 | Average Reward: 1.590 | Steps: 20957 | Total Reward: 653.0|
| Episode: 372 | Epsilon:  0.10 | Reward:   0.0 | Average Reward: 1.590 | Steps: 20988 | Total Reward: 653.0|
| Episode: 373 | Epsilon:  0.10 | Reward:   2.0 | Average Reward: 1.590 | Steps: 21047 | Total Reward: 655.0|
| Episode: 374 | Epsilon:  0.10 | Reward:   1.0 | Average Reward: 1.570 | Steps: 21095 | Total Reward: 656.0|
| Episode: 375 | Epsilon:  0.10 | Reward:   0.0 | Average Reward: 1.570 | Steps: 21129 | Total Reward: 656.0|
| Episode: 376 | Epsilon:  0.10 | Reward:   3.0 | Average Reward: 1.580 | Steps: 21210 | Total Reward: 659.0|
| Episode: 377 | Epsilon:  0.10 | Reward:   0.0 | Average Reward: 1.580 | Steps: 21243 | Total Reward: 659.0|
| Episode: 378 | Epsilon:  0.10 | Reward:   2.0 | Average Reward: 1.560 | Steps: 21301 | Total Reward: 661.0|
| Episode: 379 | Epsilon:  0.10 | Reward:   2.0 | Average Reward: 1.560 | Steps: 21360 | Total Reward: 663.0|
| Episode: 380 | Epsilon:  0.10 | Reward:   2.0 | Average Reward: 1.530 | Steps: 21417 | Total Reward: 665.0|
| Episode: 381 | Epsilon:  0.10 | Reward:   3.0 | Average Reward: 1.560 | Steps: 21492 | Total Reward: 668.0|
| Episode: 382 | Epsilon:  0.10 | Reward:   3.0 | Average Reward: 1.590 | Steps: 21564 | Total Reward: 671.0|
| Episode: 383 | Epsilon:  0.10 | Reward:   5.0 | Average Reward: 1.640 | Steps: 21659 | Total Reward: 676.0|
| Episode: 384 | Epsilon:  0.10 | Reward:   0.0 | Average Reward: 1.610 | Steps: 21691 | Total Reward: 676.0|
| Episode: 385 | Epsilon:  0.10 | Reward:   0.0 | Average Reward: 1.590 | Steps: 21725 | Total Reward: 676.0|
| Episode: 386 | Epsilon:  0.10 | Reward:   3.0 | Average Reward: 1.590 | Steps: 21800 | Total Reward: 679.0|
| Episode: 387 | Epsilon:  0.10 | Reward:   0.0 | Average Reward: 1.590 | Steps: 21833 | Total Reward: 679.0|
| Episode: 388 | Epsilon:  0.10 | Reward:   3.0 | Average Reward: 1.600 | Steps: 21908 | Total Reward: 682.0|
| Episode: 389 | Epsilon:  0.10 | Reward:   3.0 | Average Reward: 1.630 | Steps: 21976 | Total Reward: 685.0|
| Episode: 390 | Epsilon:  0.10 | Reward:   7.0 | Average Reward: 1.700 | Steps: 22099 | Total Reward: 692.0|
| Episode: 391 | Epsilon:  0.10 | Reward:   2.0 | Average Reward: 1.700 | Steps: 22156 | Total Reward: 694.0|
| Episode: 392 | Epsilon:  0.10 | Reward:   3.0 | Average Reward: 1.700 | Steps: 22228 | Total Reward: 697.0|
| Episode: 393 | Epsilon:  0.10 | Reward:   1.0 | Average Reward: 1.710 | Steps: 22276 | Total Reward: 698.0|
| Episode: 394 | Epsilon:  0.10 | Reward:   0.0 | Average Reward: 1.710 | Steps: 22309 | Total Reward: 698.0|
| Episode: 395 | Epsilon:  0.10 | Reward:   2.0 | Average Reward: 1.710 | Steps: 22366 | Total Reward: 700.0|
| Episode: 396 | Epsilon:  0.10 | Reward:   2.0 | Average Reward: 1.710 | Steps: 22426 | Total Reward: 702.0|
| Episode: 397 | Epsilon:  0.10 | Reward:   2.0 | Average Reward: 1.710 | Steps: 22483 | Total Reward: 704.0|
| Episode: 398 | Epsilon:  0.10 | Reward:   3.0 | Average Reward: 1.700 | Steps: 22557 | Total Reward: 707.0|
| Episode: 399 | Epsilon:  0.10 | Reward:   0.0 | Average Reward: 1.680 | Steps: 22591 | Total Reward: 707.0|
| Episode: 400 | Epsilon:  0.10 | Reward:   2.0 | Average Reward: 1.670 | Steps: 22649 | Total Reward: 709.0|
| Episode: 401 | Epsilon:  0.10 | Reward:   2.0 | Average Reward: 1.660 | Steps: 22705 | Total Reward: 711.0|
| Episode: 402 | Epsilon:  0.10 | Reward:   2.0 | Average Reward: 1.660 | Steps: 22761 | Total Reward: 713.0|
| Episode: 403 | Epsilon:  0.10 | Reward:   3.0 | Average Reward: 1.650 | Steps: 22833 | Total Reward: 716.0|
| Episode: 404 | Epsilon:  0.10 | Reward:   4.0 | Average Reward: 1.690 | Steps: 22915 | Total Reward: 720.0|
| Episode: 405 | Epsilon:  0.10 | Reward:   0.0 | Average Reward: 1.660 | Steps: 22947 | Total Reward: 720.0|
| Episode: 406 | Epsilon:  0.10 | Reward:   5.0 | Average Reward: 1.710 | Steps: 23048 | Total Reward: 725.0|
| Episode: 407 | Epsilon:  0.10 | Reward:   4.0 | Average Reward: 1.700 | Steps: 23141 | Total Reward: 729.0|
| Episode: 408 | Epsilon:  0.10 | Reward:   2.0 | Average Reward: 1.720 | Steps: 23198 | Total Reward: 731.0|
| Episode: 409 | Epsilon:  0.10 | Reward:   0.0 | Average Reward: 1.720 | Steps: 23233 | Total Reward: 731.0|
| Episode: 410 | Epsilon:  0.10 | Reward:   2.0 | Average Reward: 1.740 | Steps: 23288 | Total Reward: 733.0|
| Episode: 411 | Epsilon:  0.10 | Reward:   2.0 | Average Reward: 1.740 | Steps: 23345 | Total Reward: 735.0|
| Episode: 412 | Epsilon:  0.10 | Reward:   4.0 | Average Reward: 1.760 | Steps: 23435 | Total Reward: 739.0|
| Episode: 413 | Epsilon:  0.10 | Reward:   0.0 | Average Reward: 1.760 | Steps: 23470 | Total Reward: 739.0|
| Episode: 414 | Epsilon:  0.10 | Reward:   2.0 | Average Reward: 1.760 | Steps: 23527 | Total Reward: 741.0|
| Episode: 415 | Epsilon:  0.10 | Reward:   3.0 | Average Reward: 1.750 | Steps: 23602 | Total Reward: 744.0|
| Episode: 416 | Epsilon:  0.10 | Reward:   0.0 | Average Reward: 1.750 | Steps: 23635 | Total Reward: 744.0|
| Episode: 417 | Epsilon:  0.10 | Reward:   4.0 | Average Reward: 1.750 | Steps: 23729 | Total Reward: 748.0|
| Episode: 418 | Epsilon:  0.10 | Reward:   3.0 | Average Reward: 1.750 | Steps: 23803 | Total Reward: 751.0|
| Episode: 419 | Epsilon:  0.10 | Reward:   4.0 | Average Reward: 1.770 | Steps: 23896 | Total Reward: 755.0|
| Episode: 420 | Epsilon:  0.10 | Reward:   2.0 | Average Reward: 1.790 | Steps: 23952 | Total Reward: 757.0|
| Episode: 421 | Epsilon:  0.10 | Reward:   0.0 | Average Reward: 1.770 | Steps: 23985 | Total Reward: 757.0|
| Episode: 422 | Epsilon:  0.10 | Reward:   0.0 | Average Reward: 1.750 | Steps: 24018 | Total Reward: 757.0|
| Episode: 423 | Epsilon:  0.10 | Reward:   4.0 | Average Reward: 1.750 | Steps: 24108 | Total Reward: 761.0|
| Episode: 424 | Epsilon:  0.10 | Reward:   2.0 | Average Reward: 1.770 | Steps: 24165 | Total Reward: 763.0|
| Episode: 425 | Epsilon:  0.10 | Reward:   0.0 | Average Reward: 1.750 | Steps: 24198 | Total Reward: 763.0|
| Episode: 426 | Epsilon:  0.10 | Reward:   2.0 | Average Reward: 1.760 | Steps: 24262 | Total Reward: 765.0|
| Episode: 427 | Epsilon:  0.10 | Reward:   2.0 | Average Reward: 1.780 | Steps: 24323 | Total Reward: 767.0|
| Episode: 428 | Epsilon:  0.10 | Reward:   0.0 | Average Reward: 1.750 | Steps: 24356 | Total Reward: 767.0|
| Episode: 429 | Epsilon:  0.10 | Reward:   2.0 | Average Reward: 1.720 | Steps: 24413 | Total Reward: 769.0|
| Episode: 430 | Epsilon:  0.10 | Reward:   0.0 | Average Reward: 1.710 | Steps: 24447 | Total Reward: 769.0|
| Episode: 431 | Epsilon:  0.10 | Reward:   5.0 | Average Reward: 1.760 | Steps: 24558 | Total Reward: 774.0|
| Episode: 432 | Epsilon:  0.10 | Reward:   3.0 | Average Reward: 1.790 | Steps: 24634 | Total Reward: 777.0|
| Episode: 433 | Epsilon:  0.10 | Reward:   4.0 | Average Reward: 1.830 | Steps: 24723 | Total Reward: 781.0|
| Episode: 434 | Epsilon:  0.10 | Reward:   3.0 | Average Reward: 1.860 | Steps: 24797 | Total Reward: 784.0|
| Episode: 435 | Epsilon:  0.10 | Reward:   3.0 | Average Reward: 1.870 | Steps: 24870 | Total Reward: 787.0|
| Episode: 436 | Epsilon:  0.10 | Reward:   3.0 | Average Reward: 1.880 | Steps: 24939 | Total Reward: 790.0|
| Episode: 437 | Epsilon:  0.10 | Reward:   5.0 | Average Reward: 1.930 | Steps: 25044 | Total Reward: 795.0|
| Episode: 438 | Epsilon:  0.10 | Reward:   4.0 | Average Reward: 1.970 | Steps: 25134 | Total Reward: 799.0|
| Episode: 439 | Epsilon:  0.10 | Reward:   1.0 | Average Reward: 1.940 | Steps: 25176 | Total Reward: 800.0|
| Episode: 440 | Epsilon:  0.10 | Reward:   3.0 | Average Reward: 1.950 | Steps: 25253 | Total Reward: 803.0|
| Episode: 441 | Epsilon:  0.10 | Reward:   3.0 | Average Reward: 1.940 | Steps: 25326 | Total Reward: 806.0|
| Episode: 442 | Epsilon:  0.10 | Reward:   4.0 | Average Reward: 1.970 | Steps: 25419 | Total Reward: 810.0|
| Episode: 443 | Epsilon:  0.10 | Reward:   0.0 | Average Reward: 1.970 | Steps: 25451 | Total Reward: 810.0|
| Episode: 444 | Epsilon:  0.10 | Reward:   2.0 | Average Reward: 1.980 | Steps: 25514 | Total Reward: 812.0|
| Episode: 445 | Epsilon:  0.10 | Reward:   2.0 | Average Reward: 2.000 | Steps: 25573 | Total Reward: 814.0|
| Episode: 446 | Epsilon:  0.10 | Reward:   3.0 | Average Reward: 2.030 | Steps: 25648 | Total Reward: 817.0|
| Episode: 447 | Epsilon:  0.10 | Reward:   2.0 | Average Reward: 1.980 | Steps: 25705 | Total Reward: 819.0|
| Episode: 448 | Epsilon:  0.10 | Reward:   4.0 | Average Reward: 2.020 | Steps: 25794 | Total Reward: 823.0|
| Episode: 449 | Epsilon:  0.10 | Reward:   4.0 | Average Reward: 2.060 | Steps: 25886 | Total Reward: 827.0|
| Episode: 450 | Epsilon:  0.10 | Reward:   0.0 | Average Reward: 2.040 | Steps: 25920 | Total Reward: 827.0|
| Episode: 451 | Epsilon:  0.10 | Reward:   1.0 | Average Reward: 2.050 | Steps: 25969 | Total Reward: 828.0|
| Episode: 452 | Epsilon:  0.10 | Reward:   1.0 | Average Reward: 2.020 | Steps: 26016 | Total Reward: 829.0|
| Episode: 453 | Epsilon:  0.10 | Reward:   3.0 | Average Reward: 2.050 | Steps: 26092 | Total Reward: 832.0|
| Episode: 454 | Epsilon:  0.10 | Reward:   0.0 | Average Reward: 2.050 | Steps: 26126 | Total Reward: 832.0|
| Episode: 455 | Epsilon:  0.10 | Reward:   0.0 | Average Reward: 2.030 | Steps: 26159 | Total Reward: 832.0|
| Episode: 456 | Epsilon:  0.10 | Reward:   1.0 | Average Reward: 2.010 | Steps: 26206 | Total Reward: 833.0|
| Episode: 457 | Epsilon:  0.10 | Reward:   0.0 | Average Reward: 1.990 | Steps: 26238 | Total Reward: 833.0|
| Episode: 458 | Epsilon:  0.10 | Reward:   1.0 | Average Reward: 2.000 | Steps: 26286 | Total Reward: 834.0|
| Episode: 459 | Epsilon:  0.10 | Reward:   4.0 | Average Reward: 1.990 | Steps: 26379 | Total Reward: 838.0|
| Episode: 460 | Epsilon:  0.10 | Reward:   2.0 | Average Reward: 1.990 | Steps: 26434 | Total Reward: 840.0|
| Episode: 461 | Epsilon:  0.10 | Reward:   3.0 | Average Reward: 2.000 | Steps: 26507 | Total Reward: 843.0|
| Episode: 462 | Epsilon:  0.10 | Reward:   4.0 | Average Reward: 2.040 | Steps: 26590 | Total Reward: 847.0|
| Episode: 463 | Epsilon:  0.10 | Reward:   2.0 | Average Reward: 2.060 | Steps: 26648 | Total Reward: 849.0|
| Episode: 464 | Epsilon:  0.10 | Reward:   3.0 | Average Reward: 2.080 | Steps: 26720 | Total Reward: 852.0|
| Episode: 465 | Epsilon:  0.10 | Reward:   0.0 | Average Reward: 2.060 | Steps: 26753 | Total Reward: 852.0|
| Episode: 466 | Epsilon:  0.10 | Reward:   0.0 | Average Reward: 2.060 | Steps: 26785 | Total Reward: 852.0|
| Episode: 467 | Epsilon:  0.10 | Reward:   1.0 | Average Reward: 2.070 | Steps: 26827 | Total Reward: 853.0|
| Episode: 468 | Epsilon:  0.10 | Reward:   0.0 | Average Reward: 2.050 | Steps: 26860 | Total Reward: 853.0|
| Episode: 469 | Epsilon:  0.10 | Reward:   4.0 | Average Reward: 2.090 | Steps: 26953 | Total Reward: 857.0|
| Episode: 470 | Epsilon:  0.10 | Reward:   3.0 | Average Reward: 2.100 | Steps: 27026 | Total Reward: 860.0|
| Episode: 471 | Epsilon:  0.10 | Reward:   4.0 | Average Reward: 2.110 | Steps: 27119 | Total Reward: 864.0|
| Episode: 472 | Epsilon:  0.10 | Reward:   0.0 | Average Reward: 2.110 | Steps: 27152 | Total Reward: 864.0|
| Episode: 473 | Epsilon:  0.10 | Reward:   4.0 | Average Reward: 2.130 | Steps: 27243 | Total Reward: 868.0|
| Episode: 474 | Epsilon:  0.10 | Reward:   0.0 | Average Reward: 2.120 | Steps: 27275 | Total Reward: 868.0|
| Episode: 475 | Epsilon:  0.10 | Reward:   2.0 | Average Reward: 2.140 | Steps: 27333 | Total Reward: 870.0|
| Episode: 476 | Epsilon:  0.10 | Reward:   0.0 | Average Reward: 2.110 | Steps: 27366 | Total Reward: 870.0|
| Episode: 477 | Epsilon:  0.10 | Reward:   2.0 | Average Reward: 2.130 | Steps: 27431 | Total Reward: 872.0|
| Episode: 478 | Epsilon:  0.10 | Reward:   2.0 | Average Reward: 2.130 | Steps: 27490 | Total Reward: 874.0|
| Episode: 479 | Epsilon:  0.10 | Reward:   0.0 | Average Reward: 2.110 | Steps: 27523 | Total Reward: 874.0|
| Episode: 480 | Epsilon:  0.10 | Reward:   0.0 | Average Reward: 2.090 | Steps: 27555 | Total Reward: 874.0|
| Episode: 481 | Epsilon:  0.10 | Reward:   0.0 | Average Reward: 2.060 | Steps: 27589 | Total Reward: 874.0|
| Episode: 482 | Epsilon:  0.10 | Reward:   1.0 | Average Reward: 2.040 | Steps: 27636 | Total Reward: 875.0|
| Episode: 483 | Epsilon:  0.10 | Reward:   2.0 | Average Reward: 2.010 | Steps: 27693 | Total Reward: 877.0|
| Episode: 484 | Epsilon:  0.10 | Reward:   4.0 | Average Reward: 2.050 | Steps: 27784 | Total Reward: 881.0|
| Episode: 485 | Epsilon:  0.10 | Reward:   3.0 | Average Reward: 2.080 | Steps: 27861 | Total Reward: 884.0|
| Episode: 486 | Epsilon:  0.10 | Reward:   1.0 | Average Reward: 2.060 | Steps: 27904 | Total Reward: 885.0|
| Episode: 487 | Epsilon:  0.10 | Reward:   2.0 | Average Reward: 2.080 | Steps: 27960 | Total Reward: 887.0|
| Episode: 488 | Epsilon:  0.10 | Reward:   0.0 | Average Reward: 2.050 | Steps: 27994 | Total Reward: 887.0|
| Episode: 489 | Epsilon:  0.10 | Reward:   2.0 | Average Reward: 2.040 | Steps: 28053 | Total Reward: 889.0|
| Episode: 490 | Epsilon:  0.10 | Reward:   0.0 | Average Reward: 1.970 | Steps: 28084 | Total Reward: 889.0|
| Episode: 491 | Epsilon:  0.10 | Reward:   3.0 | Average Reward: 1.980 | Steps: 28157 | Total Reward: 892.0|
| Episode: 492 | Epsilon:  0.10 | Reward:   0.0 | Average Reward: 1.950 | Steps: 28191 | Total Reward: 892.0|
| Episode: 493 | Epsilon:  0.10 | Reward:   2.0 | Average Reward: 1.960 | Steps: 28248 | Total Reward: 894.0|
| Episode: 494 | Epsilon:  0.10 | Reward:   1.0 | Average Reward: 1.970 | Steps: 28297 | Total Reward: 895.0|
| Episode: 495 | Epsilon:  0.10 | Reward:   2.0 | Average Reward: 1.970 | Steps: 28355 | Total Reward: 897.0|
| Episode: 496 | Epsilon:  0.10 | Reward:   3.0 | Average Reward: 1.980 | Steps: 28432 | Total Reward: 900.0|
| Episode: 497 | Epsilon:  0.10 | Reward:   3.0 | Average Reward: 1.990 | Steps: 28509 | Total Reward: 903.0|
| Episode: 498 | Epsilon:  0.10 | Reward:   4.0 | Average Reward: 2.000 | Steps: 28598 | Total Reward: 907.0|
| Episode: 499 | Epsilon:  0.10 | Reward:   1.0 | Average Reward: 2.010 | Steps: 28639 | Total Reward: 908.0|
| Episode: 500 | Epsilon:  0.10 | Reward:   2.0 | Average Reward: 2.010 | Steps: 28697 | Total Reward: 910.0|
| Episode: 501 | Epsilon:  0.10 | Reward:   2.0 | Average Reward: 2.010 | Steps: 28754 | Total Reward: 912.0|
| Episode: 502 | Epsilon:  0.10 | Reward:   2.0 | Average Reward: 2.010 | Steps: 28809 | Total Reward: 914.0|
| Episode: 503 | Epsilon:  0.10 | Reward:   2.0 | Average Reward: 2.000 | Steps: 28864 | Total Reward: 916.0|
| Episode: 504 | Epsilon:  0.10 | Reward:   3.0 | Average Reward: 1.990 | Steps: 28935 | Total Reward: 919.0|
| Episode: 505 | Epsilon:  0.10 | Reward:   2.0 | Average Reward: 2.010 | Steps: 28990 | Total Reward: 921.0|
| Episode: 506 | Epsilon:  0.10 | Reward:   2.0 | Average Reward: 1.980 | Steps: 29048 | Total Reward: 923.0|
| Episode: 507 | Epsilon:  0.10 | Reward:   0.0 | Average Reward: 1.940 | Steps: 29081 | Total Reward: 923.0|
| Episode: 508 | Epsilon:  0.10 | Reward:   0.0 | Average Reward: 1.920 | Steps: 29116 | Total Reward: 923.0|
| Episode: 509 | Epsilon:  0.10 | Reward:   2.0 | Average Reward: 1.940 | Steps: 29174 | Total Reward: 925.0|
| Episode: 510 | Epsilon:  0.10 | Reward:   3.0 | Average Reward: 1.950 | Steps: 29250 | Total Reward: 928.0|
| Episode: 511 | Epsilon:  0.10 | Reward:   2.0 | Average Reward: 1.950 | Steps: 29307 | Total Reward: 930.0|
| Episode: 512 | Epsilon:  0.10 | Reward:   0.0 | Average Reward: 1.910 | Steps: 29342 | Total Reward: 930.0|
| Episode: 513 | Epsilon:  0.10 | Reward:   7.0 | Average Reward: 1.980 | Steps: 29473 | Total Reward: 937.0|
| Episode: 514 | Epsilon:  0.10 | Reward:   2.0 | Average Reward: 1.980 | Steps: 29526 | Total Reward: 939.0|
| Episode: 515 | Epsilon:  0.10 | Reward:   6.0 | Average Reward: 2.010 | Steps: 29642 | Total Reward: 945.0|
| Episode: 516 | Epsilon:  0.10 | Reward:   2.0 | Average Reward: 2.030 | Steps: 29708 | Total Reward: 947.0|
| Episode: 517 | Epsilon:  0.10 | Reward:   0.0 | Average Reward: 1.990 | Steps: 29742 | Total Reward: 947.0|
| Episode: 518 | Epsilon:  0.10 | Reward:   2.0 | Average Reward: 1.980 | Steps: 29799 | Total Reward: 949.0|
| Episode: 519 | Epsilon:  0.10 | Reward:   3.0 | Average Reward: 1.970 | Steps: 29872 | Total Reward: 952.0|
| Episode: 520 | Epsilon:  0.10 | Reward:   2.0 | Average Reward: 1.970 | Steps: 29930 | Total Reward: 954.0|
| Episode: 521 | Epsilon:  0.10 | Reward:   2.0 | Average Reward: 1.990 | Steps: 29992 | Total Reward: 956.0|
| Episode: 522 | Epsilon:  0.10 | Reward:   2.0 | Average Reward: 2.010 | Steps: 30047 | Total Reward: 958.0|
| Episode: 523 | Epsilon:  0.10 | Reward:   0.0 | Average Reward: 1.970 | Steps: 30079 | Total Reward: 958.0|
| Episode: 524 | Epsilon:  0.10 | Reward:   2.0 | Average Reward: 1.970 | Steps: 30136 | Total Reward: 960.0|
| Episode: 525 | Epsilon:  0.10 | Reward:   2.0 | Average Reward: 1.990 | Steps: 30192 | Total Reward: 962.0|
| Episode: 526 | Epsilon:  0.10 | Reward:   0.0 | Average Reward: 1.970 | Steps: 30222 | Total Reward: 962.0|
| Episode: 527 | Epsilon:  0.10 | Reward:   1.0 | Average Reward: 1.960 | Steps: 30269 | Total Reward: 963.0|
| Episode: 528 | Epsilon:  0.10 | Reward:   2.0 | Average Reward: 1.980 | Steps: 30334 | Total Reward: 965.0|
| Episode: 529 | Epsilon:  0.10 | Reward:   0.0 | Average Reward: 1.960 | Steps: 30366 | Total Reward: 965.0|
| Episode: 530 | Epsilon:  0.10 | Reward:   3.0 | Average Reward: 1.990 | Steps: 30442 | Total Reward: 968.0|
| Episode: 531 | Epsilon:  0.10 | Reward:   2.0 | Average Reward: 1.960 | Steps: 30500 | Total Reward: 970.0|
| Episode: 532 | Epsilon:  0.10 | Reward:   0.0 | Average Reward: 1.930 | Steps: 30534 | Total Reward: 970.0|
| Episode: 533 | Epsilon:  0.10 | Reward:   1.0 | Average Reward: 1.900 | Steps: 30585 | Total Reward: 971.0|
| Episode: 534 | Epsilon:  0.10 | Reward:   1.0 | Average Reward: 1.880 | Steps: 30631 | Total Reward: 972.0|
| Episode: 535 | Epsilon:  0.10 | Reward:   2.0 | Average Reward: 1.870 | Steps: 30691 | Total Reward: 974.0|
| Episode: 536 | Epsilon:  0.10 | Reward:   2.0 | Average Reward: 1.860 | Steps: 30749 | Total Reward: 976.0|
| Episode: 537 | Epsilon:  0.10 | Reward:   1.0 | Average Reward: 1.820 | Steps: 30796 | Total Reward: 977.0|
| Episode: 538 | Epsilon:  0.10 | Reward:   3.0 | Average Reward: 1.810 | Steps: 30872 | Total Reward: 980.0|
| Episode: 539 | Epsilon:  0.10 | Reward:   3.0 | Average Reward: 1.830 | Steps: 30948 | Total Reward: 983.0|
| Episode: 540 | Epsilon:  0.10 | Reward:   0.0 | Average Reward: 1.800 | Steps: 30982 | Total Reward: 983.0|
| Episode: 541 | Epsilon:  0.10 | Reward:   2.0 | Average Reward: 1.790 | Steps: 31042 | Total Reward: 985.0|
| Episode: 542 | Epsilon:  0.10 | Reward:   2.0 | Average Reward: 1.770 | Steps: 31097 | Total Reward: 987.0|
| Episode: 543 | Epsilon:  0.10 | Reward:   2.0 | Average Reward: 1.790 | Steps: 31153 | Total Reward: 989.0|
| Episode: 544 | Epsilon:  0.10 | Reward:   5.0 | Average Reward: 1.820 | Steps: 31255 | Total Reward: 994.0|
| Episode: 545 | Epsilon:  0.10 | Reward:   2.0 | Average Reward: 1.820 | Steps: 31314 | Total Reward: 996.0|
| Episode: 546 | Epsilon:  0.10 | Reward:   2.0 | Average Reward: 1.810 | Steps: 31374 | Total Reward: 998.0|
| Episode: 547 | Epsilon:  0.10 | Reward:   2.0 | Average Reward: 1.810 | Steps: 31439 | Total Reward: 1000.0|
| Episode: 548 | Epsilon:  0.10 | Reward:   4.0 | Average Reward: 1.810 | Steps: 31528 | Total Reward: 1004.0|
| Episode: 549 | Epsilon:  0.10 | Reward:   2.0 | Average Reward: 1.790 | Steps: 31587 | Total Reward: 1006.0|
| Episode: 550 | Epsilon:  0.10 | Reward:   4.0 | Average Reward: 1.830 | Steps: 31687 | Total Reward: 1010.0|
| Episode: 551 | Epsilon:  0.10 | Reward:   1.0 | Average Reward: 1.830 | Steps: 31734 | Total Reward: 1011.0|
| Episode: 552 | Epsilon:  0.10 | Reward:   0.0 | Average Reward: 1.820 | Steps: 31765 | Total Reward: 1011.0|
| Episode: 553 | Epsilon:  0.10 | Reward:   2.0 | Average Reward: 1.810 | Steps: 31823 | Total Reward: 1013.0|
| Episode: 554 | Epsilon:  0.10 | Reward:   0.0 | Average Reward: 1.810 | Steps: 31854 | Total Reward: 1013.0|
| Episode: 555 | Epsilon:  0.10 | Reward:   3.0 | Average Reward: 1.840 | Steps: 31928 | Total Reward: 1016.0|
| Episode: 556 | Epsilon:  0.10 | Reward:   2.0 | Average Reward: 1.850 | Steps: 31986 | Total Reward: 1018.0|
| Episode: 557 | Epsilon:  0.10 | Reward:   3.0 | Average Reward: 1.880 | Steps: 32061 | Total Reward: 1021.0|
| Episode: 558 | Epsilon:  0.10 | Reward:   2.0 | Average Reward: 1.890 | Steps: 32121 | Total Reward: 1023.0|
| Episode: 559 | Epsilon:  0.10 | Reward:   3.0 | Average Reward: 1.880 | Steps: 32193 | Total Reward: 1026.0|
| Episode: 560 | Epsilon:  0.10 | Reward:   2.0 | Average Reward: 1.880 | Steps: 32250 | Total Reward: 1028.0|
| Episode: 561 | Epsilon:  0.10 | Reward:   2.0 | Average Reward: 1.870 | Steps: 32308 | Total Reward: 1030.0|
| Episode: 562 | Epsilon:  0.10 | Reward:   2.0 | Average Reward: 1.850 | Steps: 32364 | Total Reward: 1032.0|
| Episode: 563 | Epsilon:  0.10 | Reward:   0.0 | Average Reward: 1.830 | Steps: 32396 | Total Reward: 1032.0|
| Episode: 564 | Epsilon:  0.10 | Reward:   2.0 | Average Reward: 1.820 | Steps: 32451 | Total Reward: 1034.0|
| Episode: 565 | Epsilon:  0.10 | Reward:   1.0 | Average Reward: 1.830 | Steps: 32500 | Total Reward: 1035.0|
| Episode: 566 | Epsilon:  0.10 | Reward:   2.0 | Average Reward: 1.850 | Steps: 32560 | Total Reward: 1037.0|
| Episode: 567 | Epsilon:  0.10 | Reward:   0.0 | Average Reward: 1.840 | Steps: 32593 | Total Reward: 1037.0|
| Episode: 568 | Epsilon:  0.10 | Reward:   0.0 | Average Reward: 1.840 | Steps: 32626 | Total Reward: 1037.0|
| Episode: 569 | Epsilon:  0.10 | Reward:   2.0 | Average Reward: 1.820 | Steps: 32685 | Total Reward: 1039.0|
| Episode: 570 | Epsilon:  0.10 | Reward:   0.0 | Average Reward: 1.790 | Steps: 32716 | Total Reward: 1039.0|
| Episode: 571 | Epsilon:  0.10 | Reward:   3.0 | Average Reward: 1.780 | Steps: 32788 | Total Reward: 1042.0|
| Episode: 572 | Epsilon:  0.10 | Reward:   2.0 | Average Reward: 1.800 | Steps: 32849 | Total Reward: 1044.0|
| Episode: 573 | Epsilon:  0.10 | Reward:   2.0 | Average Reward: 1.780 | Steps: 32912 | Total Reward: 1046.0|
| Episode: 574 | Epsilon:  0.10 | Reward:   2.0 | Average Reward: 1.800 | Steps: 32967 | Total Reward: 1048.0|
| Episode: 575 | Epsilon:  0.10 | Reward:   2.0 | Average Reward: 1.800 | Steps: 33025 | Total Reward: 1050.0|
| Episode: 576 | Epsilon:  0.10 | Reward:   2.0 | Average Reward: 1.820 | Steps: 33091 | Total Reward: 1052.0|
| Episode: 577 | Epsilon:  0.10 | Reward:   0.0 | Average Reward: 1.800 | Steps: 33125 | Total Reward: 1052.0|
| Episode: 578 | Epsilon:  0.10 | Reward:   2.0 | Average Reward: 1.800 | Steps: 33181 | Total Reward: 1054.0|
| Episode: 579 | Epsilon:  0.10 | Reward:   2.0 | Average Reward: 1.820 | Steps: 33238 | Total Reward: 1056.0|
| Episode: 580 | Epsilon:  0.10 | Reward:   2.0 | Average Reward: 1.840 | Steps: 33296 | Total Reward: 1058.0|
| Episode: 581 | Epsilon:  0.10 | Reward:   2.0 | Average Reward: 1.860 | Steps: 33362 | Total Reward: 1060.0|
| Episode: 582 | Epsilon:  0.10 | Reward:   0.0 | Average Reward: 1.850 | Steps: 33397 | Total Reward: 1060.0|
| Episode: 583 | Epsilon:  0.10 | Reward:   3.0 | Average Reward: 1.860 | Steps: 33470 | Total Reward: 1063.0|
| Episode: 584 | Epsilon:  0.10 | Reward:   0.0 | Average Reward: 1.820 | Steps: 33502 | Total Reward: 1063.0|
| Episode: 585 | Epsilon:  0.10 | Reward:   3.0 | Average Reward: 1.820 | Steps: 33577 | Total Reward: 1066.0|
| Episode: 586 | Epsilon:  0.10 | Reward:   2.0 | Average Reward: 1.830 | Steps: 33634 | Total Reward: 1068.0|
| Episode: 587 | Epsilon:  0.10 | Reward:   2.0 | Average Reward: 1.830 | Steps: 33693 | Total Reward: 1070.0|
| Episode: 588 | Epsilon:  0.10 | Reward:   2.0 | Average Reward: 1.850 | Steps: 33754 | Total Reward: 1072.0|
| Episode: 589 | Epsilon:  0.10 | Reward:   0.0 | Average Reward: 1.830 | Steps: 33788 | Total Reward: 1072.0|
| Episode: 590 | Epsilon:  0.10 | Reward:   0.0 | Average Reward: 1.830 | Steps: 33823 | Total Reward: 1072.0|
| Episode: 591 | Epsilon:  0.10 | Reward:   1.0 | Average Reward: 1.810 | Steps: 33871 | Total Reward: 1073.0|
| Episode: 592 | Epsilon:  0.10 | Reward:   2.0 | Average Reward: 1.830 | Steps: 33929 | Total Reward: 1075.0|
| Episode: 593 | Epsilon:  0.10 | Reward:   4.0 | Average Reward: 1.850 | Steps: 34014 | Total Reward: 1079.0|
| Episode: 594 | Epsilon:  0.10 | Reward:   0.0 | Average Reward: 1.840 | Steps: 34046 | Total Reward: 1079.0|
| Episode: 595 | Epsilon:  0.10 | Reward:   0.0 | Average Reward: 1.820 | Steps: 34078 | Total Reward: 1079.0|
| Episode: 596 | Epsilon:  0.10 | Reward:   2.0 | Average Reward: 1.810 | Steps: 34135 | Total Reward: 1081.0|
| Episode: 597 | Epsilon:  0.10 | Reward:   4.0 | Average Reward: 1.820 | Steps: 34227 | Total Reward: 1085.0|
| Episode: 598 | Epsilon:  0.10 | Reward:   0.0 | Average Reward: 1.780 | Steps: 34258 | Total Reward: 1085.0|
| Episode: 599 | Epsilon:  0.10 | Reward:   2.0 | Average Reward: 1.790 | Steps: 34321 | Total Reward: 1087.0|
| Episode: 600 | Epsilon:  0.10 | Reward:   2.0 | Average Reward: 1.790 | Steps: 34384 | Total Reward: 1089.0|
| Episode: 601 | Epsilon:  0.10 | Reward:   3.0 | Average Reward: 1.800 | Steps: 34457 | Total Reward: 1092.0|
| Episode: 602 | Epsilon:  0.10 | Reward:   4.0 | Average Reward: 1.820 | Steps: 34546 | Total Reward: 1096.0|
| Episode: 603 | Epsilon:  0.10 | Reward:   0.0 | Average Reward: 1.800 | Steps: 34581 | Total Reward: 1096.0|
| Episode: 604 | Epsilon:  0.10 | Reward:   3.0 | Average Reward: 1.800 | Steps: 34656 | Total Reward: 1099.0|
| Episode: 605 | Epsilon:  0.10 | Reward:   2.0 | Average Reward: 1.800 | Steps: 34715 | Total Reward: 1101.0|
| Episode: 606 | Epsilon:  0.10 | Reward:   0.0 | Average Reward: 1.780 | Steps: 34748 | Total Reward: 1101.0|
| Episode: 607 | Epsilon:  0.10 | Reward:   0.0 | Average Reward: 1.780 | Steps: 34780 | Total Reward: 1101.0|
| Episode: 608 | Epsilon:  0.10 | Reward:   2.0 | Average Reward: 1.800 | Steps: 34836 | Total Reward: 1103.0|
| Episode: 609 | Epsilon:  0.10 | Reward:   2.0 | Average Reward: 1.800 | Steps: 34891 | Total Reward: 1105.0|
| Episode: 610 | Epsilon:  0.10 | Reward:   2.0 | Average Reward: 1.790 | Steps: 34949 | Total Reward: 1107.0|
| Episode: 611 | Epsilon:  0.10 | Reward:   1.0 | Average Reward: 1.780 | Steps: 34998 | Total Reward: 1108.0|
| Episode: 612 | Epsilon:  0.10 | Reward:   2.0 | Average Reward: 1.800 | Steps: 35062 | Total Reward: 1110.0|
| Episode: 613 | Epsilon:  0.10 | Reward:   0.0 | Average Reward: 1.730 | Steps: 35093 | Total Reward: 1110.0|
| Episode: 614 | Epsilon:  0.10 | Reward:   4.0 | Average Reward: 1.750 | Steps: 35186 | Total Reward: 1114.0|
| Episode: 615 | Epsilon:  0.10 | Reward:   0.0 | Average Reward: 1.690 | Steps: 35218 | Total Reward: 1114.0|
| Episode: 616 | Epsilon:  0.10 | Reward:   2.0 | Average Reward: 1.690 | Steps: 35275 | Total Reward: 1116.0|
| Episode: 617 | Epsilon:  0.10 | Reward:   2.0 | Average Reward: 1.710 | Steps: 35332 | Total Reward: 1118.0|
| Episode: 618 | Epsilon:  0.10 | Reward:   3.0 | Average Reward: 1.720 | Steps: 35407 | Total Reward: 1121.0|
| Episode: 619 | Epsilon:  0.10 | Reward:   2.0 | Average Reward: 1.710 | Steps: 35463 | Total Reward: 1123.0|
| Episode: 620 | Epsilon:  0.10 | Reward:   3.0 | Average Reward: 1.720 | Steps: 35536 | Total Reward: 1126.0|
| Episode: 621 | Epsilon:  0.10 | Reward:   4.0 | Average Reward: 1.740 | Steps: 35625 | Total Reward: 1130.0|
| Episode: 622 | Epsilon:  0.10 | Reward:   0.0 | Average Reward: 1.720 | Steps: 35660 | Total Reward: 1130.0|
| Episode: 623 | Epsilon:  0.10 | Reward:   3.0 | Average Reward: 1.750 | Steps: 35735 | Total Reward: 1133.0|
| Episode: 624 | Epsilon:  0.10 | Reward:   0.0 | Average Reward: 1.730 | Steps: 35766 | Total Reward: 1133.0|
| Episode: 625 | Epsilon:  0.10 | Reward:   2.0 | Average Reward: 1.730 | Steps: 35824 | Total Reward: 1135.0|
| Episode: 626 | Epsilon:  0.10 | Reward:   3.0 | Average Reward: 1.760 | Steps: 35898 | Total Reward: 1138.0|
| Episode: 627 | Epsilon:  0.10 | Reward:   1.0 | Average Reward: 1.760 | Steps: 35944 | Total Reward: 1139.0|
| Episode: 628 | Epsilon:  0.10 | Reward:   4.0 | Average Reward: 1.780 | Steps: 36027 | Total Reward: 1143.0|
| Episode: 629 | Epsilon:  0.10 | Reward:   3.0 | Average Reward: 1.810 | Steps: 36102 | Total Reward: 1146.0|
| Episode: 630 | Epsilon:  0.10 | Reward:   3.0 | Average Reward: 1.810 | Steps: 36178 | Total Reward: 1149.0|
| Episode: 631 | Epsilon:  0.10 | Reward:   3.0 | Average Reward: 1.820 | Steps: 36253 | Total Reward: 1152.0|
| Episode: 632 | Epsilon:  0.10 | Reward:   2.0 | Average Reward: 1.840 | Steps: 36316 | Total Reward: 1154.0|
| Episode: 633 | Epsilon:  0.10 | Reward:   2.0 | Average Reward: 1.850 | Steps: 36373 | Total Reward: 1156.0|
| Episode: 634 | Epsilon:  0.10 | Reward:   2.0 | Average Reward: 1.860 | Steps: 36431 | Total Reward: 1158.0|
| Episode: 635 | Epsilon:  0.10 | Reward:   2.0 | Average Reward: 1.860 | Steps: 36488 | Total Reward: 1160.0|
| Episode: 636 | Epsilon:  0.10 | Reward:   5.0 | Average Reward: 1.890 | Steps: 36594 | Total Reward: 1165.0|
| Episode: 637 | Epsilon:  0.10 | Reward:   0.0 | Average Reward: 1.880 | Steps: 36627 | Total Reward: 1165.0|
| Episode: 638 | Epsilon:  0.10 | Reward:   6.0 | Average Reward: 1.910 | Steps: 36738 | Total Reward: 1171.0|
| Episode: 639 | Epsilon:  0.10 | Reward:   2.0 | Average Reward: 1.900 | Steps: 36796 | Total Reward: 1173.0|
| Episode: 640 | Epsilon:  0.10 | Reward:   2.0 | Average Reward: 1.920 | Steps: 36855 | Total Reward: 1175.0|
| Episode: 641 | Epsilon:  0.10 | Reward:   2.0 | Average Reward: 1.920 | Steps: 36913 | Total Reward: 1177.0|
| Episode: 642 | Epsilon:  0.10 | Reward:   2.0 | Average Reward: 1.920 | Steps: 36969 | Total Reward: 1179.0|
| Episode: 643 | Epsilon:  0.10 | Reward:   1.0 | Average Reward: 1.910 | Steps: 37017 | Total Reward: 1180.0|
| Episode: 644 | Epsilon:  0.10 | Reward:   3.0 | Average Reward: 1.890 | Steps: 37090 | Total Reward: 1183.0|
| Episode: 645 | Epsilon:  0.10 | Reward:   0.0 | Average Reward: 1.870 | Steps: 37123 | Total Reward: 1183.0|
| Episode: 646 | Epsilon:  0.10 | Reward:   3.0 | Average Reward: 1.880 | Steps: 37203 | Total Reward: 1186.0|
| Episode: 647 | Epsilon:  0.10 | Reward:   0.0 | Average Reward: 1.860 | Steps: 37236 | Total Reward: 1186.0|
| Episode: 648 | Epsilon:  0.10 | Reward:   0.0 | Average Reward: 1.820 | Steps: 37268 | Total Reward: 1186.0|
| Episode: 649 | Epsilon:  0.10 | Reward:   3.0 | Average Reward: 1.830 | Steps: 37342 | Total Reward: 1189.0|
| Episode: 650 | Epsilon:  0.10 | Reward:   2.0 | Average Reward: 1.810 | Steps: 37399 | Total Reward: 1191.0|
| Episode: 651 | Epsilon:  0.10 | Reward:   3.0 | Average Reward: 1.830 | Steps: 37473 | Total Reward: 1194.0|
| Episode: 652 | Epsilon:  0.10 | Reward:   2.0 | Average Reward: 1.850 | Steps: 37529 | Total Reward: 1196.0|
| Episode: 653 | Epsilon:  0.10 | Reward:   0.0 | Average Reward: 1.830 | Steps: 37561 | Total Reward: 1196.0|
| Episode: 654 | Epsilon:  0.10 | Reward:   3.0 | Average Reward: 1.860 | Steps: 37637 | Total Reward: 1199.0|
| Episode: 655 | Epsilon:  0.10 | Reward:   0.0 | Average Reward: 1.830 | Steps: 37668 | Total Reward: 1199.0|
| Episode: 656 | Epsilon:  0.10 | Reward:   2.0 | Average Reward: 1.830 | Steps: 37725 | Total Reward: 1201.0|
| Episode: 657 | Epsilon:  0.10 | Reward:   2.0 | Average Reward: 1.820 | Steps: 37782 | Total Reward: 1203.0|
| Episode: 658 | Epsilon:  0.10 | Reward:   3.0 | Average Reward: 1.830 | Steps: 37861 | Total Reward: 1206.0|
| Episode: 659 | Epsilon:  0.10 | Reward:   3.0 | Average Reward: 1.830 | Steps: 37942 | Total Reward: 1209.0|
| Episode: 660 | Epsilon:  0.10 | Reward:   2.0 | Average Reward: 1.830 | Steps: 38002 | Total Reward: 1211.0|
| Episode: 661 | Epsilon:  0.10 | Reward:   2.0 | Average Reward: 1.830 | Steps: 38061 | Total Reward: 1213.0|
| Episode: 662 | Epsilon:  0.10 | Reward:   4.0 | Average Reward: 1.850 | Steps: 38144 | Total Reward: 1217.0|
| Episode: 663 | Epsilon:  0.10 | Reward:   0.0 | Average Reward: 1.850 | Steps: 38179 | Total Reward: 1217.0|
| Episode: 664 | Epsilon:  0.10 | Reward:   0.0 | Average Reward: 1.830 | Steps: 38212 | Total Reward: 1217.0|
| Episode: 665 | Epsilon:  0.10 | Reward:   0.0 | Average Reward: 1.820 | Steps: 38247 | Total Reward: 1217.0|
| Episode: 666 | Epsilon:  0.10 | Reward:   2.0 | Average Reward: 1.820 | Steps: 38305 | Total Reward: 1219.0|
| Episode: 667 | Epsilon:  0.10 | Reward:   2.0 | Average Reward: 1.840 | Steps: 38362 | Total Reward: 1221.0|
| Episode: 668 | Epsilon:  0.10 | Reward:   4.0 | Average Reward: 1.880 | Steps: 38447 | Total Reward: 1225.0|
| Episode: 669 | Epsilon:  0.10 | Reward:   0.0 | Average Reward: 1.860 | Steps: 38480 | Total Reward: 1225.0|
| Episode: 670 | Epsilon:  0.10 | Reward:   2.0 | Average Reward: 1.880 | Steps: 38538 | Total Reward: 1227.0|
| Episode: 671 | Epsilon:  0.10 | Reward:   0.0 | Average Reward: 1.850 | Steps: 38571 | Total Reward: 1227.0|
| Episode: 672 | Epsilon:  0.10 | Reward:   2.0 | Average Reward: 1.850 | Steps: 38628 | Total Reward: 1229.0|
| Episode: 673 | Epsilon:  0.10 | Reward:   0.0 | Average Reward: 1.830 | Steps: 38661 | Total Reward: 1229.0|
| Episode: 674 | Epsilon:  0.10 | Reward:   0.0 | Average Reward: 1.810 | Steps: 38692 | Total Reward: 1229.0|
| Episode: 675 | Epsilon:  0.10 | Reward:   0.0 | Average Reward: 1.790 | Steps: 38727 | Total Reward: 1229.0|
| Episode: 676 | Epsilon:  0.10 | Reward:   3.0 | Average Reward: 1.800 | Steps: 38801 | Total Reward: 1232.0|
| Episode: 677 | Epsilon:  0.10 | Reward:   2.0 | Average Reward: 1.820 | Steps: 38857 | Total Reward: 1234.0|
| Episode: 678 | Epsilon:  0.10 | Reward:   4.0 | Average Reward: 1.840 | Steps: 38947 | Total Reward: 1238.0|
| Episode: 679 | Epsilon:  0.10 | Reward:   3.0 | Average Reward: 1.850 | Steps: 39027 | Total Reward: 1241.0|
| Episode: 680 | Epsilon:  0.10 | Reward:   3.0 | Average Reward: 1.860 | Steps: 39100 | Total Reward: 1244.0|
| Episode: 681 | Epsilon:  0.10 | Reward:   2.0 | Average Reward: 1.860 | Steps: 39157 | Total Reward: 1246.0|
| Episode: 682 | Epsilon:  0.10 | Reward:   0.0 | Average Reward: 1.860 | Steps: 39189 | Total Reward: 1246.0|
| Episode: 683 | Epsilon:  0.10 | Reward:   0.0 | Average Reward: 1.830 | Steps: 39222 | Total Reward: 1246.0|
| Episode: 684 | Epsilon:  0.10 | Reward:   0.0 | Average Reward: 1.830 | Steps: 39255 | Total Reward: 1246.0|
| Episode: 685 | Epsilon:  0.10 | Reward:   0.0 | Average Reward: 1.800 | Steps: 39289 | Total Reward: 1246.0|
| Episode: 686 | Epsilon:  0.10 | Reward:   3.0 | Average Reward: 1.810 | Steps: 39363 | Total Reward: 1249.0|
| Episode: 687 | Epsilon:  0.10 | Reward:   3.0 | Average Reward: 1.820 | Steps: 39436 | Total Reward: 1252.0|
| Episode: 688 | Epsilon:  0.10 | Reward:   3.0 | Average Reward: 1.830 | Steps: 39512 | Total Reward: 1255.0|
| Episode: 689 | Epsilon:  0.10 | Reward:   0.0 | Average Reward: 1.830 | Steps: 39544 | Total Reward: 1255.0|
| Episode: 690 | Epsilon:  0.10 | Reward:   4.0 | Average Reward: 1.870 | Steps: 39633 | Total Reward: 1259.0|
| Episode: 691 | Epsilon:  0.10 | Reward:   3.0 | Average Reward: 1.890 | Steps: 39704 | Total Reward: 1262.0|
| Episode: 692 | Epsilon:  0.10 | Reward:   0.0 | Average Reward: 1.870 | Steps: 39738 | Total Reward: 1262.0|
| Episode: 693 | Epsilon:  0.10 | Reward:   2.0 | Average Reward: 1.850 | Steps: 39796 | Total Reward: 1264.0|
| Episode: 694 | Epsilon:  0.10 | Reward:   4.0 | Average Reward: 1.890 | Steps: 39886 | Total Reward: 1268.0|
| Episode: 695 | Epsilon:  0.10 | Reward:   0.0 | Average Reward: 1.890 | Steps: 39918 | Total Reward: 1268.0|
| Episode: 696 | Epsilon:  0.10 | Reward:   0.0 | Average Reward: 1.870 | Steps: 39951 | Total Reward: 1268.0|
| Episode: 697 | Epsilon:  0.10 | Reward:   4.0 | Average Reward: 1.870 | Steps: 40042 | Total Reward: 1272.0|
| Episode: 698 | Epsilon:  0.10 | Reward:   3.0 | Average Reward: 1.900 | Steps: 40123 | Total Reward: 1275.0|
| Episode: 699 | Epsilon:  0.10 | Reward:   0.0 | Average Reward: 1.880 | Steps: 40157 | Total Reward: 1275.0|
| Episode: 700 | Epsilon:  0.10 | Reward:   3.0 | Average Reward: 1.890 | Steps: 40229 | Total Reward: 1278.0|
| Episode: 701 | Epsilon:  0.10 | Reward:   3.0 | Average Reward: 1.890 | Steps: 40304 | Total Reward: 1281.0|
| Episode: 702 | Epsilon:  0.10 | Reward:   0.0 | Average Reward: 1.850 | Steps: 40337 | Total Reward: 1281.0|
| Episode: 703 | Epsilon:  0.10 | Reward:   2.0 | Average Reward: 1.870 | Steps: 40402 | Total Reward: 1283.0|
| Episode: 704 | Epsilon:  0.10 | Reward:   2.0 | Average Reward: 1.860 | Steps: 40466 | Total Reward: 1285.0|
| Episode: 705 | Epsilon:  0.10 | Reward:   1.0 | Average Reward: 1.850 | Steps: 40515 | Total Reward: 1286.0|
| Episode: 706 | Epsilon:  0.10 | Reward:   2.0 | Average Reward: 1.870 | Steps: 40573 | Total Reward: 1288.0|
| Episode: 707 | Epsilon:  0.10 | Reward:   0.0 | Average Reward: 1.870 | Steps: 40606 | Total Reward: 1288.0|
| Episode: 708 | Epsilon:  0.10 | Reward:   0.0 | Average Reward: 1.850 | Steps: 40637 | Total Reward: 1288.0|
| Episode: 709 | Epsilon:  0.10 | Reward:   2.0 | Average Reward: 1.850 | Steps: 40693 | Total Reward: 1290.0|
| Episode: 710 | Epsilon:  0.10 | Reward:   3.0 | Average Reward: 1.860 | Steps: 40765 | Total Reward: 1293.0|
| Episode: 711 | Epsilon:  0.10 | Reward:   2.0 | Average Reward: 1.870 | Steps: 40824 | Total Reward: 1295.0|
| Episode: 712 | Epsilon:  0.10 | Reward:   1.0 | Average Reward: 1.860 | Steps: 40873 | Total Reward: 1296.0|
| Episode: 713 | Epsilon:  0.10 | Reward:   2.0 | Average Reward: 1.880 | Steps: 40932 | Total Reward: 1298.0|
| Episode: 714 | Epsilon:  0.10 | Reward:   0.0 | Average Reward: 1.840 | Steps: 40964 | Total Reward: 1298.0|
| Episode: 715 | Epsilon:  0.10 | Reward:   3.0 | Average Reward: 1.870 | Steps: 41037 | Total Reward: 1301.0|
| Episode: 716 | Epsilon:  0.10 | Reward:   0.0 | Average Reward: 1.850 | Steps: 41068 | Total Reward: 1301.0|
| Episode: 717 | Epsilon:  0.10 | Reward:   2.0 | Average Reward: 1.850 | Steps: 41127 | Total Reward: 1303.0|
| Episode: 718 | Epsilon:  0.10 | Reward:   2.0 | Average Reward: 1.840 | Steps: 41192 | Total Reward: 1305.0|
| Episode: 719 | Epsilon:  0.10 | Reward:   0.0 | Average Reward: 1.820 | Steps: 41225 | Total Reward: 1305.0|
| Episode: 720 | Epsilon:  0.10 | Reward:   2.0 | Average Reward: 1.810 | Steps: 41284 | Total Reward: 1307.0|
| Episode: 721 | Epsilon:  0.10 | Reward:   3.0 | Average Reward: 1.800 | Steps: 41364 | Total Reward: 1310.0|
| Episode: 722 | Epsilon:  0.10 | Reward:   1.0 | Average Reward: 1.810 | Steps: 41411 | Total Reward: 1311.0|
| Episode: 723 | Epsilon:  0.10 | Reward:   2.0 | Average Reward: 1.800 | Steps: 41471 | Total Reward: 1313.0|
| Episode: 724 | Epsilon:  0.10 | Reward:   0.0 | Average Reward: 1.800 | Steps: 41503 | Total Reward: 1313.0|
| Episode: 725 | Epsilon:  0.10 | Reward:   3.0 | Average Reward: 1.810 | Steps: 41575 | Total Reward: 1316.0|
| Episode: 726 | Epsilon:  0.10 | Reward:   3.0 | Average Reward: 1.810 | Steps: 41647 | Total Reward: 1319.0|
| Episode: 727 | Epsilon:  0.10 | Reward:   3.0 | Average Reward: 1.830 | Steps: 41724 | Total Reward: 1322.0|
| Episode: 728 | Epsilon:  0.10 | Reward:   7.0 | Average Reward: 1.860 | Steps: 41849 | Total Reward: 1329.0|
| Episode: 729 | Epsilon:  0.10 | Reward:   1.0 | Average Reward: 1.840 | Steps: 41896 | Total Reward: 1330.0|
| Episode: 730 | Epsilon:  0.10 | Reward:   2.0 | Average Reward: 1.830 | Steps: 41955 | Total Reward: 1332.0|
| Episode: 731 | Epsilon:  0.10 | Reward:   4.0 | Average Reward: 1.840 | Steps: 42044 | Total Reward: 1336.0|
| Episode: 732 | Epsilon:  0.10 | Reward:   3.0 | Average Reward: 1.850 | Steps: 42117 | Total Reward: 1339.0|
| Episode: 733 | Epsilon:  0.10 | Reward:   2.0 | Average Reward: 1.850 | Steps: 42184 | Total Reward: 1341.0|
| Episode: 734 | Epsilon:  0.10 | Reward:   4.0 | Average Reward: 1.870 | Steps: 42267 | Total Reward: 1345.0|
| Episode: 735 | Epsilon:  0.10 | Reward:   3.0 | Average Reward: 1.880 | Steps: 42340 | Total Reward: 1348.0|
| Episode: 736 | Epsilon:  0.10 | Reward:   0.0 | Average Reward: 1.830 | Steps: 42372 | Total Reward: 1348.0|
| Episode: 737 | Epsilon:  0.10 | Reward:   3.0 | Average Reward: 1.860 | Steps: 42446 | Total Reward: 1351.0|
| Episode: 738 | Epsilon:  0.10 | Reward:   1.0 | Average Reward: 1.810 | Steps: 42497 | Total Reward: 1352.0|
| Episode: 739 | Epsilon:  0.10 | Reward:   0.0 | Average Reward: 1.790 | Steps: 42528 | Total Reward: 1352.0|
| Episode: 740 | Epsilon:  0.10 | Reward:   4.0 | Average Reward: 1.810 | Steps: 42610 | Total Reward: 1356.0|
| Episode: 741 | Epsilon:  0.10 | Reward:   1.0 | Average Reward: 1.800 | Steps: 42657 | Total Reward: 1357.0|
| Episode: 742 | Epsilon:  0.10 | Reward:   4.0 | Average Reward: 1.820 | Steps: 42739 | Total Reward: 1361.0|
| Episode: 743 | Epsilon:  0.10 | Reward:   2.0 | Average Reward: 1.830 | Steps: 42796 | Total Reward: 1363.0|
| Episode: 744 | Epsilon:  0.10 | Reward:   4.0 | Average Reward: 1.840 | Steps: 42880 | Total Reward: 1367.0|
| Episode: 745 | Epsilon:  0.10 | Reward:   4.0 | Average Reward: 1.880 | Steps: 42961 | Total Reward: 1371.0|
| Episode: 746 | Epsilon:  0.10 | Reward:   1.0 | Average Reward: 1.860 | Steps: 43010 | Total Reward: 1372.0|
| Episode: 747 | Epsilon:  0.10 | Reward:   5.0 | Average Reward: 1.910 | Steps: 43111 | Total Reward: 1377.0|
| Episode: 748 | Epsilon:  0.10 | Reward:   3.0 | Average Reward: 1.940 | Steps: 43186 | Total Reward: 1380.0|
| Episode: 749 | Epsilon:  0.10 | Reward:   5.0 | Average Reward: 1.960 | Steps: 43288 | Total Reward: 1385.0|
| Episode: 750 | Epsilon:  0.10 | Reward:   0.0 | Average Reward: 1.940 | Steps: 43322 | Total Reward: 1385.0|
| Episode: 751 | Epsilon:  0.10 | Reward:   0.0 | Average Reward: 1.910 | Steps: 43355 | Total Reward: 1385.0|
| Episode: 752 | Epsilon:  0.10 | Reward:   2.0 | Average Reward: 1.910 | Steps: 43412 | Total Reward: 1387.0|
| Episode: 753 | Epsilon:  0.10 | Reward:   0.0 | Average Reward: 1.910 | Steps: 43445 | Total Reward: 1387.0|
| Episode: 754 | Epsilon:  0.10 | Reward:   2.0 | Average Reward: 1.900 | Steps: 43505 | Total Reward: 1389.0|
| Episode: 755 | Epsilon:  0.10 | Reward:   3.0 | Average Reward: 1.930 | Steps: 43579 | Total Reward: 1392.0|
| Episode: 756 | Epsilon:  0.10 | Reward:   0.0 | Average Reward: 1.910 | Steps: 43612 | Total Reward: 1392.0|
| Episode: 757 | Epsilon:  0.10 | Reward:   3.0 | Average Reward: 1.920 | Steps: 43691 | Total Reward: 1395.0|
| Episode: 758 | Epsilon:  0.10 | Reward:   4.0 | Average Reward: 1.930 | Steps: 43775 | Total Reward: 1399.0|
| Episode: 759 | Epsilon:  0.10 | Reward:   3.0 | Average Reward: 1.930 | Steps: 43849 | Total Reward: 1402.0|
| Episode: 760 | Epsilon:  0.10 | Reward:   2.0 | Average Reward: 1.930 | Steps: 43907 | Total Reward: 1404.0|
| Episode: 761 | Epsilon:  0.10 | Reward:   1.0 | Average Reward: 1.920 | Steps: 43955 | Total Reward: 1405.0|
| Episode: 762 | Epsilon:  0.10 | Reward:   2.0 | Average Reward: 1.900 | Steps: 44016 | Total Reward: 1407.0|
| Episode: 763 | Epsilon:  0.10 | Reward:   2.0 | Average Reward: 1.920 | Steps: 44076 | Total Reward: 1409.0|
| Episode: 764 | Epsilon:  0.10 | Reward:   3.0 | Average Reward: 1.950 | Steps: 44153 | Total Reward: 1412.0|
| Episode: 765 | Epsilon:  0.10 | Reward:   2.0 | Average Reward: 1.970 | Steps: 44211 | Total Reward: 1414.0|
| Episode: 766 | Epsilon:  0.10 | Reward:   2.0 | Average Reward: 1.970 | Steps: 44272 | Total Reward: 1416.0|
| Episode: 767 | Epsilon:  0.10 | Reward:   1.0 | Average Reward: 1.960 | Steps: 44320 | Total Reward: 1417.0|
| Episode: 768 | Epsilon:  0.10 | Reward:   0.0 | Average Reward: 1.920 | Steps: 44352 | Total Reward: 1417.0|
| Episode: 769 | Epsilon:  0.10 | Reward:   3.0 | Average Reward: 1.950 | Steps: 44424 | Total Reward: 1420.0|
| Episode: 770 | Epsilon:  0.10 | Reward:   0.0 | Average Reward: 1.930 | Steps: 44458 | Total Reward: 1420.0|
| Episode: 771 | Epsilon:  0.10 | Reward:   3.0 | Average Reward: 1.960 | Steps: 44533 | Total Reward: 1423.0|
| Episode: 772 | Epsilon:  0.10 | Reward:   4.0 | Average Reward: 1.980 | Steps: 44624 | Total Reward: 1427.0|
| Episode: 773 | Epsilon:  0.10 | Reward:   0.0 | Average Reward: 1.980 | Steps: 44657 | Total Reward: 1427.0|
| Episode: 774 | Epsilon:  0.10 | Reward:   1.0 | Average Reward: 1.990 | Steps: 44704 | Total Reward: 1428.0|
| Episode: 775 | Epsilon:  0.10 | Reward:   0.0 | Average Reward: 1.990 | Steps: 44735 | Total Reward: 1428.0|
| Episode: 776 | Epsilon:  0.10 | Reward:   0.0 | Average Reward: 1.960 | Steps: 44769 | Total Reward: 1428.0|
| Episode: 777 | Epsilon:  0.10 | Reward:   2.0 | Average Reward: 1.960 | Steps: 44826 | Total Reward: 1430.0|
