+------------------------+----------------------------+--------------------+
|                        |     Supported Features     |  Program Commands  |
+========================+============================+====================+
| Compatible Layers      | Hopfield Layer,            | hopfield,          |
|                        | HopfieldLayer Layer,       | hopfield_layer,    |
|                        | HopfieldPooling Layer,     | hopfield_pooling,  |
|                        | LSTM,                      | lstm,              |
|                        | GRU                        | gru                |
+------------------------+----------------------------+--------------------+
| Supported Loss Metrics | Huber Loss,                | huber,             |
|                        | Mean Absolute Error Loss,  | mae,               |
|                        | Mean Squared Error Loss,   | mse,               |
|                        | SmoothL1 Loss              | smooth_l1          |
+------------------------+----------------------------+--------------------+
| Supported Optimizers   | RMSprop (default),         | rmsprop,           |
|                        | AdamW,                     | adam,              |
|                        | Adam,                      | adamW,             |
|                        | SGD                        |  sgd               |
+------------------------+----------------------------+--------------------+
+------------------------------+------------------------------------------+
|          Parameter           |                  Value                   |
+==============================+==========================================+
| Layer Type:                  | hopfield_pooling                         |
+------------------------------+------------------------------------------+
| Loss Metric:                 | mse                                      |
+------------------------------+------------------------------------------+
| Sequence Length:             | 20                                       |
+------------------------------+------------------------------------------+
| Learning Rate:               | 0.001                                    |
+------------------------------+------------------------------------------+
| Target Update Steps:         | 100                                      |
+------------------------------+------------------------------------------+
| Optimizer:                   | rmsprop                                  |
+------------------------------+------------------------------------------+
| Weight Decay:                | 0                                        |
+------------------------------+------------------------------------------+
| Hopfield Inverse Temperature | 100                                      |
+------------------------------+------------------------------------------+
| Scale Q-values with lr       | False                                    |
+------------------------------+------------------------------------------+
| Hard or Soft Update          | True                                     |
+------------------------------+------------------------------------------+
| Polyak Factor                | None                                     |
+------------------------------+------------------------------------------+
| Make POMDP                   | Train: False, Hidden dims: [1], mask     |
|                              | Evaluation: True, Hidden dims: [1], mask |
+------------------------------+------------------------------------------+
---------------
| TRAINING... |
---------------
| Episode:   1 | Epsilon:  0.89 | Reward:   3.0 | Average Reward: 3.000 | Steps:   292 | Total Reward:   3.0|
| Episode:   2 | Epsilon:  0.89 | Reward:   1.0 | Average Reward: 2.000 | Steps:   504 | Total Reward:   4.0|
| Episode:   3 | Epsilon:  0.88 | Reward:   0.0 | Average Reward: 1.333 | Steps:   659 | Total Reward:   4.0|
| Episode:   4 | Epsilon:  0.87 | Reward:   2.0 | Average Reward: 1.500 | Steps:   883 | Total Reward:   6.0|
| Episode:   5 | Epsilon:  0.86 | Reward:   0.0 | Average Reward: 1.200 | Steps:  1028 | Total Reward:   6.0|
| Episode:   6 | Epsilon:  0.85 | Reward:   0.0 | Average Reward: 1.000 | Steps:  1180 | Total Reward:   6.0|
| Episode:   7 | Epsilon:  0.85 | Reward:   1.0 | Average Reward: 1.000 | Steps:  1375 | Total Reward:   7.0|
