+------------------------+----------------------------+--------------------+
|                        |     Supported Features     |  Program Commands  |
+========================+============================+====================+
| Compatible Layers      | Hopfield Layer,            | hopfield,          |
|                        | HopfieldLayer Layer,       | hopfield_layer,    |
|                        | HopfieldPooling Layer,     | hopfield_pooling,  |
|                        | LSTM,                      | lstm,              |
|                        | GRU                        | gru                |
+------------------------+----------------------------+--------------------+
| Supported Loss Metrics | Huber Loss,                | huber,             |
|                        | Mean Absolute Error Loss,  | mae,               |
|                        | Mean Squared Error Loss,   | mse,               |
|                        | SmoothL1 Loss              | smooth_l1          |
+------------------------+----------------------------+--------------------+
| Supported Optimizers   | RMSprop (default),         | rmsprop,           |
|                        | AdamW,                     | adam,              |
|                        | Adam,                      | adamW,             |
|                        | SGD                        |  sgd               |
+------------------------+----------------------------+--------------------+
+------------------------------+------------------------------------------+
|          Parameter           |                  Value                   |
+==============================+==========================================+
| Layer Type:                  | hopfield_pooling                         |
+------------------------------+------------------------------------------+
| Loss Metric:                 | mse                                      |
+------------------------------+------------------------------------------+
| Sequence Length:             | 20                                       |
+------------------------------+------------------------------------------+
| Learning Rate:               | 0.000                                    |
+------------------------------+------------------------------------------+
| Target Update Steps:         | 100                                      |
+------------------------------+------------------------------------------+
| Optimizer:                   | rmsprop                                  |
+------------------------------+------------------------------------------+
| Weight Decay:                | 0                                        |
+------------------------------+------------------------------------------+
| Hopfield Inverse Temperature | 0.100                                    |
+------------------------------+------------------------------------------+
| Scale Q-values with lr       | True                                     |
+------------------------------+------------------------------------------+
| Hard or Soft Update          | True                                     |
+------------------------------+------------------------------------------+
| Polyak Factor                | None                                     |
+------------------------------+------------------------------------------+
| Make POMDP                   | Train: False, Hidden dims: [1], mask     |
|                              | Evaluation: True, Hidden dims: [1], mask |
+------------------------------+------------------------------------------+
---------------
| TRAINING... |
---------------
| Episode:   1 | Epsilon:  0.89 | Reward:   1.0 | Average Reward: 1.000 | Steps:   209 | Total Reward:   1.0|
| Episode:   2 | Epsilon:  0.89 | Reward:   2.0 | Average Reward: 1.500 | Steps:   458 | Total Reward:   3.0|
| Episode:   3 | Epsilon:  0.88 | Reward:   1.0 | Average Reward: 1.333 | Steps:   671 | Total Reward:   4.0|
| Episode:   4 | Epsilon:  0.87 | Reward:   1.0 | Average Reward: 1.250 | Steps:   884 | Total Reward:   5.0|
| Episode:   5 | Epsilon:  0.86 | Reward:   3.0 | Average Reward: 1.600 | Steps:  1226 | Total Reward:   8.0|
| Episode:   6 | Epsilon:  0.85 | Reward:   2.0 | Average Reward: 1.667 | Steps:  1480 | Total Reward:  10.0|
| Episode:   7 | Epsilon:  0.85 | Reward:   1.0 | Average Reward: 1.571 | Steps:  1696 | Total Reward:  11.0|
| Episode:   8 | Epsilon:  0.84 | Reward:   1.0 | Average Reward: 1.500 | Steps:  1908 | Total Reward:  12.0|
| Episode:   9 | Epsilon:  0.83 | Reward:   5.0 | Average Reward: 1.889 | Steps:  2329 | Total Reward:  17.0|
| Episode:  10 | Epsilon:  0.83 | Reward:   2.0 | Average Reward: 1.900 | Steps:  2587 | Total Reward:  19.0|
| Episode:  11 | Epsilon:  0.82 | Reward:   1.0 | Average Reward: 1.818 | Steps:  2800 | Total Reward:  20.0|
| Episode:  12 | Epsilon:  0.81 | Reward:   1.0 | Average Reward: 1.750 | Steps:  3019 | Total Reward:  21.0|
| Episode:  13 | Epsilon:  0.80 | Reward:   0.0 | Average Reward: 1.615 | Steps:  3179 | Total Reward:  21.0|
| Episode:  14 | Epsilon:  0.80 | Reward:   1.0 | Average Reward: 1.571 | Steps:  3391 | Total Reward:  22.0|
| Episode:  15 | Epsilon:  0.79 | Reward:   0.0 | Average Reward: 1.467 | Steps:  3536 | Total Reward:  22.0|
| Episode:  16 | Epsilon:  0.78 | Reward:   2.0 | Average Reward: 1.500 | Steps:  3818 | Total Reward:  24.0|
| Episode:  17 | Epsilon:  0.78 | Reward:   0.0 | Average Reward: 1.412 | Steps:  3978 | Total Reward:  24.0|
| Episode:  18 | Epsilon:  0.77 | Reward:   0.0 | Average Reward: 1.333 | Steps:  4123 | Total Reward:  24.0|
| Episode:  19 | Epsilon:  0.76 | Reward:   3.0 | Average Reward: 1.421 | Steps:  4472 | Total Reward:  27.0|
| Episode:  20 | Epsilon:  0.76 | Reward:   0.0 | Average Reward: 1.350 | Steps:  4623 | Total Reward:  27.0|
| Episode:  21 | Epsilon:  0.75 | Reward:   2.0 | Average Reward: 1.381 | Steps:  4882 | Total Reward:  29.0|
| Episode:  22 | Epsilon:  0.74 | Reward:   2.0 | Average Reward: 1.409 | Steps:  5132 | Total Reward:  31.0|
| Episode:  23 | Epsilon:  0.74 | Reward:   1.0 | Average Reward: 1.391 | Steps:  5350 | Total Reward:  32.0|
| Episode:  24 | Epsilon:  0.73 | Reward:   2.0 | Average Reward: 1.417 | Steps:  5632 | Total Reward:  34.0|
| Episode:  25 | Epsilon:  0.72 | Reward:   1.0 | Average Reward: 1.400 | Steps:  5847 | Total Reward:  35.0|
| Episode:  26 | Epsilon:  0.72 | Reward:   1.0 | Average Reward: 1.385 | Steps:  6062 | Total Reward:  36.0|
| Episode:  27 | Epsilon:  0.71 | Reward:   2.0 | Average Reward: 1.407 | Steps:  6323 | Total Reward:  38.0|
| Episode:  28 | Epsilon:  0.71 | Reward:   2.0 | Average Reward: 1.429 | Steps:  6609 | Total Reward:  40.0|
| Episode:  29 | Epsilon:  0.70 | Reward:   0.0 | Average Reward: 1.379 | Steps:  6762 | Total Reward:  40.0|
| Episode:  30 | Epsilon:  0.69 | Reward:   0.0 | Average Reward: 1.333 | Steps:  6914 | Total Reward:  40.0|
| Episode:  31 | Epsilon:  0.69 | Reward:   0.0 | Average Reward: 1.290 | Steps:  7065 | Total Reward:  40.0|
| Episode:  32 | Epsilon:  0.68 | Reward:   0.0 | Average Reward: 1.250 | Steps:  7212 | Total Reward:  40.0|
| Episode:  33 | Epsilon:  0.68 | Reward:   2.0 | Average Reward: 1.273 | Steps:  7460 | Total Reward:  42.0|
| Episode:  34 | Epsilon:  0.67 | Reward:   2.0 | Average Reward: 1.294 | Steps:  7714 | Total Reward:  44.0|
| Episode:  35 | Epsilon:  0.66 | Reward:   1.0 | Average Reward: 1.286 | Steps:  7930 | Total Reward:  45.0|
| Episode:  36 | Epsilon:  0.66 | Reward:   2.0 | Average Reward: 1.306 | Steps:  8209 | Total Reward:  47.0|
| Episode:  37 | Epsilon:  0.65 | Reward:   3.0 | Average Reward: 1.351 | Steps:  8529 | Total Reward:  50.0|
| Episode:  38 | Epsilon:  0.65 | Reward:   4.0 | Average Reward: 1.421 | Steps:  8893 | Total Reward:  54.0|
| Episode:  39 | Epsilon:  0.64 | Reward:   2.0 | Average Reward: 1.436 | Steps:  9143 | Total Reward:  56.0|
| Episode:  40 | Epsilon:  0.64 | Reward:   2.0 | Average Reward: 1.450 | Steps:  9389 | Total Reward:  58.0|
| Episode:  41 | Epsilon:  0.63 | Reward:   2.0 | Average Reward: 1.463 | Steps:  9643 | Total Reward:  60.0|
| Episode:  42 | Epsilon:  0.63 | Reward:   0.0 | Average Reward: 1.429 | Steps:  9790 | Total Reward:  60.0|
| Episode:  43 | Epsilon:  0.62 | Reward:   4.0 | Average Reward: 1.488 | Steps: 10151 | Total Reward:  64.0|
| Episode:  44 | Epsilon:  0.62 | Reward:   2.0 | Average Reward: 1.500 | Steps: 10413 | Total Reward:  66.0|
| Episode:  45 | Epsilon:  0.61 | Reward:   0.0 | Average Reward: 1.467 | Steps: 10563 | Total Reward:  66.0|
| Episode:  46 | Epsilon:  0.61 | Reward:   2.0 | Average Reward: 1.478 | Steps: 10812 | Total Reward:  68.0|
| Episode:  47 | Epsilon:  0.60 | Reward:   3.0 | Average Reward: 1.511 | Steps: 11150 | Total Reward:  71.0|
| Episode:  48 | Epsilon:  0.60 | Reward:   0.0 | Average Reward: 1.479 | Steps: 11296 | Total Reward:  71.0|
| Episode:  49 | Epsilon:  0.59 | Reward:   0.0 | Average Reward: 1.449 | Steps: 11449 | Total Reward:  71.0|
| Episode:  50 | Epsilon:  0.59 | Reward:   1.0 | Average Reward: 1.440 | Steps: 11641 | Total Reward:  72.0|
| Episode:  51 | Epsilon:  0.58 | Reward:   2.0 | Average Reward: 1.451 | Steps: 11883 | Total Reward:  74.0|
| Episode:  52 | Epsilon:  0.58 | Reward:   2.0 | Average Reward: 1.462 | Steps: 12127 | Total Reward:  76.0|
| Episode:  53 | Epsilon:  0.57 | Reward:   1.0 | Average Reward: 1.453 | Steps: 12334 | Total Reward:  77.0|
| Episode:  54 | Epsilon:  0.57 | Reward:   0.0 | Average Reward: 1.426 | Steps: 12486 | Total Reward:  77.0|
| Episode:  55 | Epsilon:  0.56 | Reward:   1.0 | Average Reward: 1.418 | Steps: 12673 | Total Reward:  78.0|
| Episode:  56 | Epsilon:  0.56 | Reward:   1.0 | Average Reward: 1.411 | Steps: 12887 | Total Reward:  79.0|
| Episode:  57 | Epsilon:  0.55 | Reward:   2.0 | Average Reward: 1.421 | Steps: 13167 | Total Reward:  81.0|
| Episode:  58 | Epsilon:  0.55 | Reward:   2.0 | Average Reward: 1.431 | Steps: 13414 | Total Reward:  83.0|
| Episode:  59 | Epsilon:  0.54 | Reward:   1.0 | Average Reward: 1.424 | Steps: 13605 | Total Reward:  84.0|
| Episode:  60 | Epsilon:  0.54 | Reward:   1.0 | Average Reward: 1.417 | Steps: 13824 | Total Reward:  85.0|
| Episode:  61 | Epsilon:  0.54 | Reward:   1.0 | Average Reward: 1.410 | Steps: 14015 | Total Reward:  86.0|
| Episode:  62 | Epsilon:  0.53 | Reward:   0.0 | Average Reward: 1.387 | Steps: 14167 | Total Reward:  86.0|
| Episode:  63 | Epsilon:  0.53 | Reward:   0.0 | Average Reward: 1.365 | Steps: 14315 | Total Reward:  86.0|
| Episode:  64 | Epsilon:  0.52 | Reward:   2.0 | Average Reward: 1.375 | Steps: 14572 | Total Reward:  88.0|
| Episode:  65 | Epsilon:  0.52 | Reward:   1.0 | Average Reward: 1.369 | Steps: 14791 | Total Reward:  89.0|
| Episode:  66 | Epsilon:  0.51 | Reward:   2.0 | Average Reward: 1.379 | Steps: 15045 | Total Reward:  91.0|
| Episode:  67 | Epsilon:  0.51 | Reward:   3.0 | Average Reward: 1.403 | Steps: 15340 | Total Reward:  94.0|
| Episode:  68 | Epsilon:  0.51 | Reward:   1.0 | Average Reward: 1.397 | Steps: 15532 | Total Reward:  95.0|
| Episode:  69 | Epsilon:  0.50 | Reward:   2.0 | Average Reward: 1.406 | Steps: 15800 | Total Reward:  97.0|
| Episode:  70 | Epsilon:  0.50 | Reward:   3.0 | Average Reward: 1.429 | Steps: 16089 | Total Reward: 100.0|
| Episode:  71 | Epsilon:  0.49 | Reward:   1.0 | Average Reward: 1.423 | Steps: 16307 | Total Reward: 101.0|
| Episode:  72 | Epsilon:  0.49 | Reward:   0.0 | Average Reward: 1.403 | Steps: 16464 | Total Reward: 101.0|
| Episode:  73 | Epsilon:  0.49 | Reward:   2.0 | Average Reward: 1.411 | Steps: 16711 | Total Reward: 103.0|
| Episode:  74 | Epsilon:  0.48 | Reward:   1.0 | Average Reward: 1.405 | Steps: 16924 | Total Reward: 104.0|
| Episode:  75 | Epsilon:  0.48 | Reward:   0.0 | Average Reward: 1.387 | Steps: 17080 | Total Reward: 104.0|
| Episode:  76 | Epsilon:  0.47 | Reward:   3.0 | Average Reward: 1.408 | Steps: 17420 | Total Reward: 107.0|
| Episode:  77 | Epsilon:  0.47 | Reward:   0.0 | Average Reward: 1.390 | Steps: 17565 | Total Reward: 107.0|
| Episode:  78 | Epsilon:  0.47 | Reward:   2.0 | Average Reward: 1.397 | Steps: 17836 | Total Reward: 109.0|
| Episode:  79 | Epsilon:  0.46 | Reward:   3.0 | Average Reward: 1.418 | Steps: 18155 | Total Reward: 112.0|
| Episode:  80 | Epsilon:  0.46 | Reward:   2.0 | Average Reward: 1.425 | Steps: 18406 | Total Reward: 114.0|
| Episode:  81 | Epsilon:  0.46 | Reward:   0.0 | Average Reward: 1.407 | Steps: 18566 | Total Reward: 114.0|
| Episode:  82 | Epsilon:  0.45 | Reward:   2.0 | Average Reward: 1.415 | Steps: 18818 | Total Reward: 116.0|
| Episode:  83 | Epsilon:  0.45 | Reward:   3.0 | Average Reward: 1.434 | Steps: 19159 | Total Reward: 119.0|
| Episode:  84 | Epsilon:  0.45 | Reward:   0.0 | Average Reward: 1.417 | Steps: 19312 | Total Reward: 119.0|
| Episode:  85 | Epsilon:  0.44 | Reward:   0.0 | Average Reward: 1.400 | Steps: 19463 | Total Reward: 119.0|
| Episode:  86 | Epsilon:  0.44 | Reward:   2.0 | Average Reward: 1.407 | Steps: 19724 | Total Reward: 121.0|
| Episode:  87 | Epsilon:  0.44 | Reward:   0.0 | Average Reward: 1.391 | Steps: 19875 | Total Reward: 121.0|
| Episode:  88 | Epsilon:  0.43 | Reward:   3.0 | Average Reward: 1.409 | Steps: 20176 | Total Reward: 124.0|
| Episode:  89 | Epsilon:  0.43 | Reward:   0.0 | Average Reward: 1.393 | Steps: 20324 | Total Reward: 124.0|
| Episode:  90 | Epsilon:  0.43 | Reward:   6.0 | Average Reward: 1.444 | Steps: 20849 | Total Reward: 130.0|
| Episode:  91 | Epsilon:  0.42 | Reward:   0.0 | Average Reward: 1.429 | Steps: 21002 | Total Reward: 130.0|
| Episode:  92 | Epsilon:  0.42 | Reward:   1.0 | Average Reward: 1.424 | Steps: 21215 | Total Reward: 131.0|
| Episode:  93 | Epsilon:  0.42 | Reward:   2.0 | Average Reward: 1.430 | Steps: 21468 | Total Reward: 133.0|
| Episode:  94 | Epsilon:  0.41 | Reward:   1.0 | Average Reward: 1.426 | Steps: 21657 | Total Reward: 134.0|
| Episode:  95 | Epsilon:  0.41 | Reward:   0.0 | Average Reward: 1.411 | Steps: 21810 | Total Reward: 134.0|
| Episode:  96 | Epsilon:  0.41 | Reward:   0.0 | Average Reward: 1.396 | Steps: 21969 | Total Reward: 134.0|
| Episode:  97 | Epsilon:  0.40 | Reward:   2.0 | Average Reward: 1.402 | Steps: 22222 | Total Reward: 136.0|
| Episode:  98 | Epsilon:  0.40 | Reward:   4.0 | Average Reward: 1.429 | Steps: 22632 | Total Reward: 140.0|
| Episode:  99 | Epsilon:  0.40 | Reward:   1.0 | Average Reward: 1.424 | Steps: 22840 | Total Reward: 141.0|
| Episode: 100 | Epsilon:  0.39 | Reward:   0.0 | Average Reward: 1.410 | Steps: 22994 | Total Reward: 141.0|
| Episode: 101 | Epsilon:  0.39 | Reward:   5.0 | Average Reward: 1.450 | Steps: 23407 | Total Reward: 146.0|
| Episode: 102 | Epsilon:  0.39 | Reward:   0.0 | Average Reward: 1.430 | Steps: 23555 | Total Reward: 146.0|
| Episode: 103 | Epsilon:  0.39 | Reward:   1.0 | Average Reward: 1.430 | Steps: 23750 | Total Reward: 147.0|
| Episode: 104 | Epsilon:  0.38 | Reward:   0.0 | Average Reward: 1.420 | Steps: 23900 | Total Reward: 147.0|
| Episode: 105 | Epsilon:  0.38 | Reward:   3.0 | Average Reward: 1.420 | Steps: 24199 | Total Reward: 150.0|
| Episode: 106 | Epsilon:  0.38 | Reward:   1.0 | Average Reward: 1.410 | Steps: 24415 | Total Reward: 151.0|
| Episode: 107 | Epsilon:  0.37 | Reward:   2.0 | Average Reward: 1.420 | Steps: 24662 | Total Reward: 153.0|
| Episode: 108 | Epsilon:  0.37 | Reward:   0.0 | Average Reward: 1.410 | Steps: 24810 | Total Reward: 153.0|
| Episode: 109 | Epsilon:  0.37 | Reward:   2.0 | Average Reward: 1.380 | Steps: 25063 | Total Reward: 155.0|
| Episode: 110 | Epsilon:  0.37 | Reward:   0.0 | Average Reward: 1.360 | Steps: 25216 | Total Reward: 155.0|
| Episode: 111 | Epsilon:  0.36 | Reward:   4.0 | Average Reward: 1.390 | Steps: 25566 | Total Reward: 159.0|
| Episode: 112 | Epsilon:  0.36 | Reward:   1.0 | Average Reward: 1.390 | Steps: 25784 | Total Reward: 160.0|
| Episode: 113 | Epsilon:  0.36 | Reward:   2.0 | Average Reward: 1.410 | Steps: 26034 | Total Reward: 162.0|
| Episode: 114 | Epsilon:  0.36 | Reward:   3.0 | Average Reward: 1.430 | Steps: 26351 | Total Reward: 165.0|
| Episode: 115 | Epsilon:  0.35 | Reward:   4.0 | Average Reward: 1.470 | Steps: 26701 | Total Reward: 169.0|
| Episode: 116 | Epsilon:  0.35 | Reward:   1.0 | Average Reward: 1.460 | Steps: 26912 | Total Reward: 170.0|
| Episode: 117 | Epsilon:  0.35 | Reward:   2.0 | Average Reward: 1.480 | Steps: 27165 | Total Reward: 172.0|
| Episode: 118 | Epsilon:  0.35 | Reward:   2.0 | Average Reward: 1.500 | Steps: 27414 | Total Reward: 174.0|
| Episode: 119 | Epsilon:  0.34 | Reward:   2.0 | Average Reward: 1.490 | Steps: 27657 | Total Reward: 176.0|
| Episode: 120 | Epsilon:  0.34 | Reward:   0.0 | Average Reward: 1.490 | Steps: 27806 | Total Reward: 176.0|
| Episode: 121 | Epsilon:  0.34 | Reward:   0.0 | Average Reward: 1.470 | Steps: 27956 | Total Reward: 176.0|
| Episode: 122 | Epsilon:  0.34 | Reward:   2.0 | Average Reward: 1.470 | Steps: 28207 | Total Reward: 178.0|
| Episode: 123 | Epsilon:  0.33 | Reward:   1.0 | Average Reward: 1.470 | Steps: 28422 | Total Reward: 179.0|
| Episode: 124 | Epsilon:  0.33 | Reward:   1.0 | Average Reward: 1.460 | Steps: 28636 | Total Reward: 180.0|
| Episode: 125 | Epsilon:  0.33 | Reward:   4.0 | Average Reward: 1.490 | Steps: 28984 | Total Reward: 184.0|
| Episode: 126 | Epsilon:  0.33 | Reward:   1.0 | Average Reward: 1.490 | Steps: 29178 | Total Reward: 185.0|
| Episode: 127 | Epsilon:  0.33 | Reward:   0.0 | Average Reward: 1.470 | Steps: 29327 | Total Reward: 185.0|
| Episode: 128 | Epsilon:  0.32 | Reward:   1.0 | Average Reward: 1.460 | Steps: 29523 | Total Reward: 186.0|
| Episode: 129 | Epsilon:  0.32 | Reward:   2.0 | Average Reward: 1.480 | Steps: 29781 | Total Reward: 188.0|
| Episode: 130 | Epsilon:  0.32 | Reward:   1.0 | Average Reward: 1.490 | Steps: 29970 | Total Reward: 189.0|
| Episode: 131 | Epsilon:  0.32 | Reward:   1.0 | Average Reward: 1.500 | Steps: 30178 | Total Reward: 190.0|
| Episode: 132 | Epsilon:  0.31 | Reward:   2.0 | Average Reward: 1.520 | Steps: 30427 | Total Reward: 192.0|
| Episode: 133 | Epsilon:  0.31 | Reward:   2.0 | Average Reward: 1.520 | Steps: 30681 | Total Reward: 194.0|
| Episode: 134 | Epsilon:  0.31 | Reward:   0.0 | Average Reward: 1.500 | Steps: 30832 | Total Reward: 194.0|
| Episode: 135 | Epsilon:  0.31 | Reward:   2.0 | Average Reward: 1.510 | Steps: 31109 | Total Reward: 196.0|
| Episode: 136 | Epsilon:  0.31 | Reward:   0.0 | Average Reward: 1.490 | Steps: 31263 | Total Reward: 196.0|
| Episode: 137 | Epsilon:  0.30 | Reward:   2.0 | Average Reward: 1.480 | Steps: 31515 | Total Reward: 198.0|
| Episode: 138 | Epsilon:  0.30 | Reward:   0.0 | Average Reward: 1.440 | Steps: 31671 | Total Reward: 198.0|
| Episode: 139 | Epsilon:  0.30 | Reward:   2.0 | Average Reward: 1.440 | Steps: 31931 | Total Reward: 200.0|
| Episode: 140 | Epsilon:  0.30 | Reward:   0.0 | Average Reward: 1.420 | Steps: 32085 | Total Reward: 200.0|
| Episode: 141 | Epsilon:  0.30 | Reward:   3.0 | Average Reward: 1.430 | Steps: 32372 | Total Reward: 203.0|
| Episode: 142 | Epsilon:  0.29 | Reward:   0.0 | Average Reward: 1.430 | Steps: 32526 | Total Reward: 203.0|
| Episode: 143 | Epsilon:  0.29 | Reward:   2.0 | Average Reward: 1.410 | Steps: 32790 | Total Reward: 205.0|
| Episode: 144 | Epsilon:  0.29 | Reward:   0.0 | Average Reward: 1.390 | Steps: 32942 | Total Reward: 205.0|
| Episode: 145 | Epsilon:  0.29 | Reward:   5.0 | Average Reward: 1.440 | Steps: 33421 | Total Reward: 210.0|
| Episode: 146 | Epsilon:  0.29 | Reward:   2.0 | Average Reward: 1.440 | Steps: 33668 | Total Reward: 212.0|
| Episode: 147 | Epsilon:  0.28 | Reward:   4.0 | Average Reward: 1.450 | Steps: 34038 | Total Reward: 216.0|
| Episode: 148 | Epsilon:  0.28 | Reward:   1.0 | Average Reward: 1.460 | Steps: 34245 | Total Reward: 217.0|
| Episode: 149 | Epsilon:  0.28 | Reward:   0.0 | Average Reward: 1.460 | Steps: 34396 | Total Reward: 217.0|
| Episode: 150 | Epsilon:  0.28 | Reward:   1.0 | Average Reward: 1.460 | Steps: 34597 | Total Reward: 218.0|
| Episode: 151 | Epsilon:  0.28 | Reward:   0.0 | Average Reward: 1.440 | Steps: 34743 | Total Reward: 218.0|
| Episode: 152 | Epsilon:  0.28 | Reward:   0.0 | Average Reward: 1.420 | Steps: 34893 | Total Reward: 218.0|
| Episode: 153 | Epsilon:  0.27 | Reward:   2.0 | Average Reward: 1.430 | Steps: 35144 | Total Reward: 220.0|
| Episode: 154 | Epsilon:  0.27 | Reward:   2.0 | Average Reward: 1.450 | Steps: 35426 | Total Reward: 222.0|
| Episode: 155 | Epsilon:  0.27 | Reward:   2.0 | Average Reward: 1.460 | Steps: 35673 | Total Reward: 224.0|
| Episode: 156 | Epsilon:  0.27 | Reward:   3.0 | Average Reward: 1.480 | Steps: 35982 | Total Reward: 227.0|
| Episode: 157 | Epsilon:  0.27 | Reward:   0.0 | Average Reward: 1.460 | Steps: 36135 | Total Reward: 227.0|
| Episode: 158 | Epsilon:  0.27 | Reward:   4.0 | Average Reward: 1.480 | Steps: 36521 | Total Reward: 231.0|
| Episode: 159 | Epsilon:  0.26 | Reward:   1.0 | Average Reward: 1.480 | Steps: 36732 | Total Reward: 232.0|
| Episode: 160 | Epsilon:  0.26 | Reward:   0.0 | Average Reward: 1.470 | Steps: 36879 | Total Reward: 232.0|
| Episode: 161 | Epsilon:  0.26 | Reward:   1.0 | Average Reward: 1.470 | Steps: 37085 | Total Reward: 233.0|
| Episode: 162 | Epsilon:  0.26 | Reward:   2.0 | Average Reward: 1.490 | Steps: 37338 | Total Reward: 235.0|
| Episode: 163 | Epsilon:  0.26 | Reward:   2.0 | Average Reward: 1.510 | Steps: 37596 | Total Reward: 237.0|
| Episode: 164 | Epsilon:  0.26 | Reward:   2.0 | Average Reward: 1.510 | Steps: 37857 | Total Reward: 239.0|
| Episode: 165 | Epsilon:  0.25 | Reward:   2.0 | Average Reward: 1.520 | Steps: 38112 | Total Reward: 241.0|
| Episode: 166 | Epsilon:  0.25 | Reward:   0.0 | Average Reward: 1.500 | Steps: 38263 | Total Reward: 241.0|
| Episode: 167 | Epsilon:  0.25 | Reward:   3.0 | Average Reward: 1.500 | Steps: 38555 | Total Reward: 244.0|
| Episode: 168 | Epsilon:  0.25 | Reward:   0.0 | Average Reward: 1.490 | Steps: 38705 | Total Reward: 244.0|
| Episode: 169 | Epsilon:  0.25 | Reward:   1.0 | Average Reward: 1.480 | Steps: 38894 | Total Reward: 245.0|
| Episode: 170 | Epsilon:  0.25 | Reward:   1.0 | Average Reward: 1.460 | Steps: 39106 | Total Reward: 246.0|
| Episode: 171 | Epsilon:  0.24 | Reward:   0.0 | Average Reward: 1.450 | Steps: 39257 | Total Reward: 246.0|
| Episode: 172 | Epsilon:  0.24 | Reward:   2.0 | Average Reward: 1.470 | Steps: 39501 | Total Reward: 248.0|
| Episode: 173 | Epsilon:  0.24 | Reward:   0.0 | Average Reward: 1.450 | Steps: 39649 | Total Reward: 248.0|
| Episode: 174 | Epsilon:  0.24 | Reward:   2.0 | Average Reward: 1.460 | Steps: 39881 | Total Reward: 250.0|
| Episode: 175 | Epsilon:  0.24 | Reward:   2.0 | Average Reward: 1.480 | Steps: 40131 | Total Reward: 252.0|
| Episode: 176 | Epsilon:  0.24 | Reward:   0.0 | Average Reward: 1.450 | Steps: 40279 | Total Reward: 252.0|
| Episode: 177 | Epsilon:  0.24 | Reward:   0.0 | Average Reward: 1.450 | Steps: 40430 | Total Reward: 252.0|
| Episode: 178 | Epsilon:  0.24 | Reward:   2.0 | Average Reward: 1.450 | Steps: 40679 | Total Reward: 254.0|
| Episode: 179 | Epsilon:  0.23 | Reward:   2.0 | Average Reward: 1.440 | Steps: 40935 | Total Reward: 256.0|
| Episode: 180 | Epsilon:  0.23 | Reward:   2.0 | Average Reward: 1.440 | Steps: 41183 | Total Reward: 258.0|
| Episode: 181 | Epsilon:  0.23 | Reward:   2.0 | Average Reward: 1.460 | Steps: 41429 | Total Reward: 260.0|
| Episode: 182 | Epsilon:  0.23 | Reward:   0.0 | Average Reward: 1.440 | Steps: 41577 | Total Reward: 260.0|
| Episode: 183 | Epsilon:  0.23 | Reward:   2.0 | Average Reward: 1.430 | Steps: 41824 | Total Reward: 262.0|
| Episode: 184 | Epsilon:  0.23 | Reward:   0.0 | Average Reward: 1.430 | Steps: 41979 | Total Reward: 262.0|
| Episode: 185 | Epsilon:  0.23 | Reward:   2.0 | Average Reward: 1.450 | Steps: 42201 | Total Reward: 264.0|
| Episode: 186 | Epsilon:  0.22 | Reward:   2.0 | Average Reward: 1.450 | Steps: 42447 | Total Reward: 266.0|
| Episode: 187 | Epsilon:  0.22 | Reward:   0.0 | Average Reward: 1.450 | Steps: 42596 | Total Reward: 266.0|
| Episode: 188 | Epsilon:  0.22 | Reward:   0.0 | Average Reward: 1.420 | Steps: 42751 | Total Reward: 266.0|
| Episode: 189 | Epsilon:  0.22 | Reward:   0.0 | Average Reward: 1.420 | Steps: 42899 | Total Reward: 266.0|
| Episode: 190 | Epsilon:  0.22 | Reward:   1.0 | Average Reward: 1.370 | Steps: 43087 | Total Reward: 267.0|
| Episode: 191 | Epsilon:  0.22 | Reward:   0.0 | Average Reward: 1.370 | Steps: 43238 | Total Reward: 267.0|
| Episode: 192 | Epsilon:  0.22 | Reward:   3.0 | Average Reward: 1.390 | Steps: 43525 | Total Reward: 270.0|
| Episode: 193 | Epsilon:  0.22 | Reward:   5.0 | Average Reward: 1.420 | Steps: 43941 | Total Reward: 275.0|
| Episode: 194 | Epsilon:  0.22 | Reward:   1.0 | Average Reward: 1.420 | Steps: 44132 | Total Reward: 276.0|
| Episode: 195 | Epsilon:  0.21 | Reward:   3.0 | Average Reward: 1.450 | Steps: 44450 | Total Reward: 279.0|
| Episode: 196 | Epsilon:  0.21 | Reward:   4.0 | Average Reward: 1.490 | Steps: 44833 | Total Reward: 283.0|
| Episode: 197 | Epsilon:  0.21 | Reward:   1.0 | Average Reward: 1.480 | Steps: 45026 | Total Reward: 284.0|
| Episode: 198 | Epsilon:  0.21 | Reward:   3.0 | Average Reward: 1.470 | Steps: 45308 | Total Reward: 287.0|
| Episode: 199 | Epsilon:  0.21 | Reward:   1.0 | Average Reward: 1.470 | Steps: 45514 | Total Reward: 288.0|
| Episode: 200 | Epsilon:  0.21 | Reward:   0.0 | Average Reward: 1.470 | Steps: 45669 | Total Reward: 288.0|
| Episode: 201 | Epsilon:  0.21 | Reward:   2.0 | Average Reward: 1.440 | Steps: 45911 | Total Reward: 290.0|
| Episode: 202 | Epsilon:  0.21 | Reward:   2.0 | Average Reward: 1.460 | Steps: 46197 | Total Reward: 292.0|
| Episode: 203 | Epsilon:  0.21 | Reward:   2.0 | Average Reward: 1.470 | Steps: 46440 | Total Reward: 294.0|
| Episode: 204 | Epsilon:  0.20 | Reward:   1.0 | Average Reward: 1.480 | Steps: 46657 | Total Reward: 295.0|
| Episode: 205 | Epsilon:  0.20 | Reward:   1.0 | Average Reward: 1.460 | Steps: 46849 | Total Reward: 296.0|
| Episode: 206 | Epsilon:  0.20 | Reward:   2.0 | Average Reward: 1.470 | Steps: 47108 | Total Reward: 298.0|
| Episode: 207 | Epsilon:  0.20 | Reward:   2.0 | Average Reward: 1.470 | Steps: 47356 | Total Reward: 300.0|
| Episode: 208 | Epsilon:  0.20 | Reward:   0.0 | Average Reward: 1.470 | Steps: 47502 | Total Reward: 300.0|
| Episode: 209 | Epsilon:  0.20 | Reward:   1.0 | Average Reward: 1.460 | Steps: 47683 | Total Reward: 301.0|
| Episode: 210 | Epsilon:  0.20 | Reward:   0.0 | Average Reward: 1.460 | Steps: 47838 | Total Reward: 301.0|
| Episode: 211 | Epsilon:  0.20 | Reward:   0.0 | Average Reward: 1.420 | Steps: 47990 | Total Reward: 301.0|
| Episode: 212 | Epsilon:  0.20 | Reward:   3.0 | Average Reward: 1.440 | Steps: 48273 | Total Reward: 304.0|
| Episode: 213 | Epsilon:  0.20 | Reward:   2.0 | Average Reward: 1.440 | Steps: 48519 | Total Reward: 306.0|
| Episode: 214 | Epsilon:  0.19 | Reward:   0.0 | Average Reward: 1.410 | Steps: 48668 | Total Reward: 306.0|
| Episode: 215 | Epsilon:  0.19 | Reward:   3.0 | Average Reward: 1.400 | Steps: 48956 | Total Reward: 309.0|
| Episode: 216 | Epsilon:  0.19 | Reward:   0.0 | Average Reward: 1.390 | Steps: 49100 | Total Reward: 309.0|
| Episode: 217 | Epsilon:  0.19 | Reward:   2.0 | Average Reward: 1.390 | Steps: 49350 | Total Reward: 311.0|
| Episode: 218 | Epsilon:  0.19 | Reward:   0.0 | Average Reward: 1.370 | Steps: 49502 | Total Reward: 311.0|
| Episode: 219 | Epsilon:  0.19 | Reward:   0.0 | Average Reward: 1.350 | Steps: 49652 | Total Reward: 311.0|
| Episode: 220 | Epsilon:  0.19 | Reward:   2.0 | Average Reward: 1.370 | Steps: 49925 | Total Reward: 313.0|
| Episode: 221 | Epsilon:  0.19 | Reward:   2.0 | Average Reward: 1.390 | Steps: 50173 | Total Reward: 315.0|
| Episode: 222 | Epsilon:  0.19 | Reward:   1.0 | Average Reward: 1.380 | Steps: 50368 | Total Reward: 316.0|
| Episode: 223 | Epsilon:  0.19 | Reward:   1.0 | Average Reward: 1.380 | Steps: 50582 | Total Reward: 317.0|
| Episode: 224 | Epsilon:  0.19 | Reward:   1.0 | Average Reward: 1.380 | Steps: 50801 | Total Reward: 318.0|
| Episode: 225 | Epsilon:  0.18 | Reward:   2.0 | Average Reward: 1.360 | Steps: 51048 | Total Reward: 320.0|
| Episode: 226 | Epsilon:  0.18 | Reward:   4.0 | Average Reward: 1.390 | Steps: 51402 | Total Reward: 324.0|
| Episode: 227 | Epsilon:  0.18 | Reward:   1.0 | Average Reward: 1.400 | Steps: 51593 | Total Reward: 325.0|
| Episode: 228 | Epsilon:  0.18 | Reward:   4.0 | Average Reward: 1.430 | Steps: 51964 | Total Reward: 329.0|
| Episode: 229 | Epsilon:  0.18 | Reward:   1.0 | Average Reward: 1.420 | Steps: 52155 | Total Reward: 330.0|
| Episode: 230 | Epsilon:  0.18 | Reward:   3.0 | Average Reward: 1.440 | Steps: 52472 | Total Reward: 333.0|
| Episode: 231 | Epsilon:  0.18 | Reward:   3.0 | Average Reward: 1.460 | Steps: 52811 | Total Reward: 336.0|
| Episode: 232 | Epsilon:  0.18 | Reward:   2.0 | Average Reward: 1.460 | Steps: 53062 | Total Reward: 338.0|
| Episode: 233 | Epsilon:  0.18 | Reward:   4.0 | Average Reward: 1.480 | Steps: 53446 | Total Reward: 342.0|
| Episode: 234 | Epsilon:  0.18 | Reward:   2.0 | Average Reward: 1.500 | Steps: 53726 | Total Reward: 344.0|
| Episode: 235 | Epsilon:  0.18 | Reward:   0.0 | Average Reward: 1.480 | Steps: 53877 | Total Reward: 344.0|
| Episode: 236 | Epsilon:  0.18 | Reward:   2.0 | Average Reward: 1.500 | Steps: 54127 | Total Reward: 346.0|
| Episode: 237 | Epsilon:  0.17 | Reward:   0.0 | Average Reward: 1.480 | Steps: 54271 | Total Reward: 346.0|
| Episode: 238 | Epsilon:  0.17 | Reward:   0.0 | Average Reward: 1.480 | Steps: 54425 | Total Reward: 346.0|
| Episode: 239 | Epsilon:  0.17 | Reward:   1.0 | Average Reward: 1.470 | Steps: 54605 | Total Reward: 347.0|
| Episode: 240 | Epsilon:  0.17 | Reward:   0.0 | Average Reward: 1.470 | Steps: 54752 | Total Reward: 347.0|
| Episode: 241 | Epsilon:  0.17 | Reward:   2.0 | Average Reward: 1.460 | Steps: 55014 | Total Reward: 349.0|
| Episode: 242 | Epsilon:  0.17 | Reward:   2.0 | Average Reward: 1.480 | Steps: 55288 | Total Reward: 351.0|
| Episode: 243 | Epsilon:  0.17 | Reward:   2.0 | Average Reward: 1.480 | Steps: 55542 | Total Reward: 353.0|
| Episode: 244 | Epsilon:  0.17 | Reward:   2.0 | Average Reward: 1.500 | Steps: 55787 | Total Reward: 355.0|
| Episode: 245 | Epsilon:  0.17 | Reward:   0.0 | Average Reward: 1.450 | Steps: 55940 | Total Reward: 355.0|
| Episode: 246 | Epsilon:  0.17 | Reward:   2.0 | Average Reward: 1.450 | Steps: 56196 | Total Reward: 357.0|
| Episode: 247 | Epsilon:  0.17 | Reward:   4.0 | Average Reward: 1.450 | Steps: 56543 | Total Reward: 361.0|
| Episode: 248 | Epsilon:  0.17 | Reward:   0.0 | Average Reward: 1.440 | Steps: 56697 | Total Reward: 361.0|
| Episode: 249 | Epsilon:  0.17 | Reward:   1.0 | Average Reward: 1.450 | Steps: 56915 | Total Reward: 362.0|
| Episode: 250 | Epsilon:  0.17 | Reward:   1.0 | Average Reward: 1.450 | Steps: 57126 | Total Reward: 363.0|
| Episode: 251 | Epsilon:  0.17 | Reward:   0.0 | Average Reward: 1.450 | Steps: 57276 | Total Reward: 363.0|
| Episode: 252 | Epsilon:  0.16 | Reward:   1.0 | Average Reward: 1.460 | Steps: 57472 | Total Reward: 364.0|
| Episode: 253 | Epsilon:  0.16 | Reward:   1.0 | Average Reward: 1.450 | Steps: 57687 | Total Reward: 365.0|
| Episode: 254 | Epsilon:  0.16 | Reward:   0.0 | Average Reward: 1.430 | Steps: 57838 | Total Reward: 365.0|
| Episode: 255 | Epsilon:  0.16 | Reward:   3.0 | Average Reward: 1.440 | Steps: 58133 | Total Reward: 368.0|
| Episode: 256 | Epsilon:  0.16 | Reward:   0.0 | Average Reward: 1.410 | Steps: 58286 | Total Reward: 368.0|
| Episode: 257 | Epsilon:  0.16 | Reward:   2.0 | Average Reward: 1.430 | Steps: 58563 | Total Reward: 370.0|
| Episode: 258 | Epsilon:  0.16 | Reward:   2.0 | Average Reward: 1.410 | Steps: 58808 | Total Reward: 372.0|
| Episode: 259 | Epsilon:  0.16 | Reward:   2.0 | Average Reward: 1.420 | Steps: 59061 | Total Reward: 374.0|
| Episode: 260 | Epsilon:  0.16 | Reward:   3.0 | Average Reward: 1.450 | Steps: 59378 | Total Reward: 377.0|
| Episode: 261 | Epsilon:  0.16 | Reward:   1.0 | Average Reward: 1.450 | Steps: 59592 | Total Reward: 378.0|
| Episode: 262 | Epsilon:  0.16 | Reward:   3.0 | Average Reward: 1.460 | Steps: 59884 | Total Reward: 381.0|
| Episode: 263 | Epsilon:  0.16 | Reward:   1.0 | Average Reward: 1.450 | Steps: 60091 | Total Reward: 382.0|
| Episode: 264 | Epsilon:  0.16 | Reward:   0.0 | Average Reward: 1.430 | Steps: 60236 | Total Reward: 382.0|
| Episode: 265 | Epsilon:  0.16 | Reward:   2.0 | Average Reward: 1.430 | Steps: 60486 | Total Reward: 384.0|
| Episode: 266 | Epsilon:  0.16 | Reward:   2.0 | Average Reward: 1.450 | Steps: 60734 | Total Reward: 386.0|
| Episode: 267 | Epsilon:  0.16 | Reward:   2.0 | Average Reward: 1.440 | Steps: 60988 | Total Reward: 388.0|
| Episode: 268 | Epsilon:  0.15 | Reward:   2.0 | Average Reward: 1.460 | Steps: 61232 | Total Reward: 390.0|
| Episode: 269 | Epsilon:  0.15 | Reward:   0.0 | Average Reward: 1.450 | Steps: 61378 | Total Reward: 390.0|
| Episode: 270 | Epsilon:  0.15 | Reward:   4.0 | Average Reward: 1.480 | Steps: 61763 | Total Reward: 394.0|
| Episode: 271 | Epsilon:  0.15 | Reward:   2.0 | Average Reward: 1.500 | Steps: 62044 | Total Reward: 396.0|
| Episode: 272 | Epsilon:  0.15 | Reward:   4.0 | Average Reward: 1.520 | Steps: 62393 | Total Reward: 400.0|
| Episode: 273 | Epsilon:  0.15 | Reward:   1.0 | Average Reward: 1.530 | Steps: 62578 | Total Reward: 401.0|
| Episode: 274 | Epsilon:  0.15 | Reward:   0.0 | Average Reward: 1.510 | Steps: 62728 | Total Reward: 401.0|
| Episode: 275 | Epsilon:  0.15 | Reward:   1.0 | Average Reward: 1.500 | Steps: 62919 | Total Reward: 402.0|
| Episode: 276 | Epsilon:  0.15 | Reward:   2.0 | Average Reward: 1.520 | Steps: 63160 | Total Reward: 404.0|
| Episode: 277 | Epsilon:  0.15 | Reward:   2.0 | Average Reward: 1.540 | Steps: 63410 | Total Reward: 406.0|
| Episode: 278 | Epsilon:  0.15 | Reward:   3.0 | Average Reward: 1.550 | Steps: 63698 | Total Reward: 409.0|
| Episode: 279 | Epsilon:  0.15 | Reward:   2.0 | Average Reward: 1.550 | Steps: 63951 | Total Reward: 411.0|
| Episode: 280 | Epsilon:  0.15 | Reward:   2.0 | Average Reward: 1.550 | Steps: 64199 | Total Reward: 413.0|
| Episode: 281 | Epsilon:  0.15 | Reward:   1.0 | Average Reward: 1.540 | Steps: 64406 | Total Reward: 414.0|
| Episode: 282 | Epsilon:  0.15 | Reward:   0.0 | Average Reward: 1.540 | Steps: 64556 | Total Reward: 414.0|
| Episode: 283 | Epsilon:  0.15 | Reward:   1.0 | Average Reward: 1.530 | Steps: 64764 | Total Reward: 415.0|
| Episode: 284 | Epsilon:  0.15 | Reward:   0.0 | Average Reward: 1.530 | Steps: 64913 | Total Reward: 415.0|
| Episode: 285 | Epsilon:  0.15 | Reward:   1.0 | Average Reward: 1.520 | Steps: 65111 | Total Reward: 416.0|
| Episode: 286 | Epsilon:  0.15 | Reward:   0.0 | Average Reward: 1.500 | Steps: 65262 | Total Reward: 416.0|
| Episode: 287 | Epsilon:  0.15 | Reward:   3.0 | Average Reward: 1.530 | Steps: 65608 | Total Reward: 419.0|
| Episode: 288 | Epsilon:  0.14 | Reward:   2.0 | Average Reward: 1.550 | Steps: 65892 | Total Reward: 421.0|
| Episode: 289 | Epsilon:  0.14 | Reward:   1.0 | Average Reward: 1.560 | Steps: 66081 | Total Reward: 422.0|
| Episode: 290 | Epsilon:  0.14 | Reward:   0.0 | Average Reward: 1.550 | Steps: 66222 | Total Reward: 422.0|
| Episode: 291 | Epsilon:  0.14 | Reward:   1.0 | Average Reward: 1.560 | Steps: 66430 | Total Reward: 423.0|
| Episode: 292 | Epsilon:  0.14 | Reward:   4.0 | Average Reward: 1.570 | Steps: 66773 | Total Reward: 427.0|
| Episode: 293 | Epsilon:  0.14 | Reward:   3.0 | Average Reward: 1.550 | Steps: 67084 | Total Reward: 430.0|
| Episode: 294 | Epsilon:  0.14 | Reward:   3.0 | Average Reward: 1.570 | Steps: 67390 | Total Reward: 433.0|
| Episode: 295 | Epsilon:  0.14 | Reward:   3.0 | Average Reward: 1.570 | Steps: 67674 | Total Reward: 436.0|
| Episode: 296 | Epsilon:  0.14 | Reward:   0.0 | Average Reward: 1.530 | Steps: 67817 | Total Reward: 436.0|
| Episode: 297 | Epsilon:  0.14 | Reward:   2.0 | Average Reward: 1.540 | Steps: 68070 | Total Reward: 438.0|
| Episode: 298 | Epsilon:  0.14 | Reward:   1.0 | Average Reward: 1.520 | Steps: 68278 | Total Reward: 439.0|
| Episode: 299 | Epsilon:  0.14 | Reward:   3.0 | Average Reward: 1.540 | Steps: 68593 | Total Reward: 442.0|
| Episode: 300 | Epsilon:  0.14 | Reward:   0.0 | Average Reward: 1.540 | Steps: 68752 | Total Reward: 442.0|
| Episode: 301 | Epsilon:  0.14 | Reward:   0.0 | Average Reward: 1.520 | Steps: 68899 | Total Reward: 442.0|
| Episode: 302 | Epsilon:  0.14 | Reward:   2.0 | Average Reward: 1.520 | Steps: 69149 | Total Reward: 444.0|
| Episode: 303 | Epsilon:  0.14 | Reward:   2.0 | Average Reward: 1.520 | Steps: 69399 | Total Reward: 446.0|
| Episode: 304 | Epsilon:  0.14 | Reward:   2.0 | Average Reward: 1.530 | Steps: 69644 | Total Reward: 448.0|
| Episode: 305 | Epsilon:  0.14 | Reward:   1.0 | Average Reward: 1.530 | Steps: 69836 | Total Reward: 449.0|
| Episode: 306 | Epsilon:  0.14 | Reward:   2.0 | Average Reward: 1.530 | Steps: 70089 | Total Reward: 451.0|
| Episode: 307 | Epsilon:  0.14 | Reward:   3.0 | Average Reward: 1.540 | Steps: 70399 | Total Reward: 454.0|
| Episode: 308 | Epsilon:  0.14 | Reward:   2.0 | Average Reward: 1.560 | Steps: 70651 | Total Reward: 456.0|
| Episode: 309 | Epsilon:  0.14 | Reward:   1.0 | Average Reward: 1.560 | Steps: 70837 | Total Reward: 457.0|
| Episode: 310 | Epsilon:  0.14 | Reward:   2.0 | Average Reward: 1.580 | Steps: 71083 | Total Reward: 459.0|
| Episode: 311 | Epsilon:  0.14 | Reward:   1.0 | Average Reward: 1.590 | Steps: 71269 | Total Reward: 460.0|
| Episode: 312 | Epsilon:  0.14 | Reward:   3.0 | Average Reward: 1.590 | Steps: 71580 | Total Reward: 463.0|
| Episode: 313 | Epsilon:  0.14 | Reward:   2.0 | Average Reward: 1.590 | Steps: 71825 | Total Reward: 465.0|
| Episode: 314 | Epsilon:  0.13 | Reward:   1.0 | Average Reward: 1.600 | Steps: 72013 | Total Reward: 466.0|
| Episode: 315 | Epsilon:  0.13 | Reward:   1.0 | Average Reward: 1.580 | Steps: 72230 | Total Reward: 467.0|
| Episode: 316 | Epsilon:  0.13 | Reward:   4.0 | Average Reward: 1.620 | Steps: 72567 | Total Reward: 471.0|
| Episode: 317 | Epsilon:  0.13 | Reward:   1.0 | Average Reward: 1.610 | Steps: 72776 | Total Reward: 472.0|
| Episode: 318 | Epsilon:  0.13 | Reward:   0.0 | Average Reward: 1.610 | Steps: 72924 | Total Reward: 472.0|
| Episode: 319 | Epsilon:  0.13 | Reward:   0.0 | Average Reward: 1.610 | Steps: 73078 | Total Reward: 472.0|
| Episode: 320 | Epsilon:  0.13 | Reward:   3.0 | Average Reward: 1.620 | Steps: 73393 | Total Reward: 475.0|
| Episode: 321 | Epsilon:  0.13 | Reward:   0.0 | Average Reward: 1.600 | Steps: 73546 | Total Reward: 475.0|
| Episode: 322 | Epsilon:  0.13 | Reward:   2.0 | Average Reward: 1.610 | Steps: 73788 | Total Reward: 477.0|
| Episode: 323 | Epsilon:  0.13 | Reward:   2.0 | Average Reward: 1.620 | Steps: 74033 | Total Reward: 479.0|
| Episode: 324 | Epsilon:  0.13 | Reward:   1.0 | Average Reward: 1.620 | Steps: 74225 | Total Reward: 480.0|
| Episode: 325 | Epsilon:  0.13 | Reward:   2.0 | Average Reward: 1.620 | Steps: 74479 | Total Reward: 482.0|
| Episode: 326 | Epsilon:  0.13 | Reward:   0.0 | Average Reward: 1.580 | Steps: 74628 | Total Reward: 482.0|
| Episode: 327 | Epsilon:  0.13 | Reward:   2.0 | Average Reward: 1.590 | Steps: 74873 | Total Reward: 484.0|
| Episode: 328 | Epsilon:  0.13 | Reward:   1.0 | Average Reward: 1.560 | Steps: 75058 | Total Reward: 485.0|
| Episode: 329 | Epsilon:  0.13 | Reward:   0.0 | Average Reward: 1.550 | Steps: 75209 | Total Reward: 485.0|
| Episode: 330 | Epsilon:  0.13 | Reward:   2.0 | Average Reward: 1.540 | Steps: 75467 | Total Reward: 487.0|
| Episode: 331 | Epsilon:  0.13 | Reward:   0.0 | Average Reward: 1.510 | Steps: 75622 | Total Reward: 487.0|
| Episode: 332 | Epsilon:  0.13 | Reward:   0.0 | Average Reward: 1.490 | Steps: 75774 | Total Reward: 487.0|
| Episode: 333 | Epsilon:  0.13 | Reward:   2.0 | Average Reward: 1.470 | Steps: 76027 | Total Reward: 489.0|
| Episode: 334 | Epsilon:  0.13 | Reward:   0.0 | Average Reward: 1.450 | Steps: 76181 | Total Reward: 489.0|
| Episode: 335 | Epsilon:  0.13 | Reward:   2.0 | Average Reward: 1.470 | Steps: 76461 | Total Reward: 491.0|
| Episode: 336 | Epsilon:  0.13 | Reward:   0.0 | Average Reward: 1.450 | Steps: 76615 | Total Reward: 491.0|
| Episode: 337 | Epsilon:  0.13 | Reward:   2.0 | Average Reward: 1.470 | Steps: 76904 | Total Reward: 493.0|
| Episode: 338 | Epsilon:  0.13 | Reward:   2.0 | Average Reward: 1.490 | Steps: 77151 | Total Reward: 495.0|
| Episode: 339 | Epsilon:  0.13 | Reward:   0.0 | Average Reward: 1.480 | Steps: 77301 | Total Reward: 495.0|
| Episode: 340 | Epsilon:  0.13 | Reward:   0.0 | Average Reward: 1.480 | Steps: 77455 | Total Reward: 495.0|
| Episode: 341 | Epsilon:  0.13 | Reward:   2.0 | Average Reward: 1.480 | Steps: 77711 | Total Reward: 497.0|
| Episode: 342 | Epsilon:  0.13 | Reward:   2.0 | Average Reward: 1.480 | Steps: 77957 | Total Reward: 499.0|
| Episode: 343 | Epsilon:  0.13 | Reward:   0.0 | Average Reward: 1.460 | Steps: 78106 | Total Reward: 499.0|
| Episode: 344 | Epsilon:  0.13 | Reward:   2.0 | Average Reward: 1.460 | Steps: 78352 | Total Reward: 501.0|
| Episode: 345 | Epsilon:  0.13 | Reward:   2.0 | Average Reward: 1.480 | Steps: 78591 | Total Reward: 503.0|
| Episode: 346 | Epsilon:  0.13 | Reward:   0.0 | Average Reward: 1.460 | Steps: 78741 | Total Reward: 503.0|
| Episode: 347 | Epsilon:  0.12 | Reward:   2.0 | Average Reward: 1.440 | Steps: 78995 | Total Reward: 505.0|
| Episode: 348 | Epsilon:  0.12 | Reward:   0.0 | Average Reward: 1.440 | Steps: 79144 | Total Reward: 505.0|
| Episode: 349 | Epsilon:  0.12 | Reward:   2.0 | Average Reward: 1.450 | Steps: 79389 | Total Reward: 507.0|
| Episode: 350 | Epsilon:  0.12 | Reward:   2.0 | Average Reward: 1.460 | Steps: 79636 | Total Reward: 509.0|
| Episode: 351 | Epsilon:  0.12 | Reward:   0.0 | Average Reward: 1.460 | Steps: 79785 | Total Reward: 509.0|
| Episode: 352 | Epsilon:  0.12 | Reward:   2.0 | Average Reward: 1.470 | Steps: 80040 | Total Reward: 511.0|
| Episode: 353 | Epsilon:  0.12 | Reward:   0.0 | Average Reward: 1.460 | Steps: 80184 | Total Reward: 511.0|
| Episode: 354 | Epsilon:  0.12 | Reward:   0.0 | Average Reward: 1.460 | Steps: 80334 | Total Reward: 511.0|
| Episode: 355 | Epsilon:  0.12 | Reward:   0.0 | Average Reward: 1.430 | Steps: 80485 | Total Reward: 511.0|
| Episode: 356 | Epsilon:  0.12 | Reward:   2.0 | Average Reward: 1.450 | Steps: 80730 | Total Reward: 513.0|
| Episode: 357 | Epsilon:  0.12 | Reward:   3.0 | Average Reward: 1.460 | Steps: 81043 | Total Reward: 516.0|
| Episode: 358 | Epsilon:  0.12 | Reward:   0.0 | Average Reward: 1.440 | Steps: 81191 | Total Reward: 516.0|
| Episode: 359 | Epsilon:  0.12 | Reward:   1.0 | Average Reward: 1.430 | Steps: 81408 | Total Reward: 517.0|
| Episode: 360 | Epsilon:  0.12 | Reward:   0.0 | Average Reward: 1.400 | Steps: 81554 | Total Reward: 517.0|
| Episode: 361 | Epsilon:  0.12 | Reward:   4.0 | Average Reward: 1.430 | Steps: 81937 | Total Reward: 521.0|
| Episode: 362 | Epsilon:  0.12 | Reward:   0.0 | Average Reward: 1.400 | Steps: 82089 | Total Reward: 521.0|
| Episode: 363 | Epsilon:  0.12 | Reward:   2.0 | Average Reward: 1.410 | Steps: 82347 | Total Reward: 523.0|
| Episode: 364 | Epsilon:  0.12 | Reward:   2.0 | Average Reward: 1.430 | Steps: 82600 | Total Reward: 525.0|
| Episode: 365 | Epsilon:  0.12 | Reward:   1.0 | Average Reward: 1.420 | Steps: 82784 | Total Reward: 526.0|
| Episode: 366 | Epsilon:  0.12 | Reward:   0.0 | Average Reward: 1.400 | Steps: 82938 | Total Reward: 526.0|
| Episode: 367 | Epsilon:  0.12 | Reward:   3.0 | Average Reward: 1.410 | Steps: 83248 | Total Reward: 529.0|
| Episode: 368 | Epsilon:  0.12 | Reward:   1.0 | Average Reward: 1.400 | Steps: 83459 | Total Reward: 530.0|
| Episode: 369 | Epsilon:  0.12 | Reward:   3.0 | Average Reward: 1.430 | Steps: 83774 | Total Reward: 533.0|
| Episode: 370 | Epsilon:  0.12 | Reward:   1.0 | Average Reward: 1.400 | Steps: 83963 | Total Reward: 534.0|
| Episode: 371 | Epsilon:  0.12 | Reward:   0.0 | Average Reward: 1.380 | Steps: 84113 | Total Reward: 534.0|
| Episode: 372 | Epsilon:  0.12 | Reward:   2.0 | Average Reward: 1.360 | Steps: 84362 | Total Reward: 536.0|
| Episode: 373 | Epsilon:  0.12 | Reward:   1.0 | Average Reward: 1.360 | Steps: 84549 | Total Reward: 537.0|
| Episode: 374 | Epsilon:  0.12 | Reward:   0.0 | Average Reward: 1.360 | Steps: 84698 | Total Reward: 537.0|
| Episode: 375 | Epsilon:  0.12 | Reward:   0.0 | Average Reward: 1.350 | Steps: 84855 | Total Reward: 537.0|
| Episode: 376 | Epsilon:  0.12 | Reward:   2.0 | Average Reward: 1.350 | Steps: 85098 | Total Reward: 539.0|
| Episode: 377 | Epsilon:  0.12 | Reward:   2.0 | Average Reward: 1.350 | Steps: 85348 | Total Reward: 541.0|
| Episode: 378 | Epsilon:  0.12 | Reward:   2.0 | Average Reward: 1.340 | Steps: 85592 | Total Reward: 543.0|
| Episode: 379 | Epsilon:  0.12 | Reward:   2.0 | Average Reward: 1.340 | Steps: 85866 | Total Reward: 545.0|
| Episode: 380 | Epsilon:  0.12 | Reward:   2.0 | Average Reward: 1.340 | Steps: 86149 | Total Reward: 547.0|
| Episode: 381 | Epsilon:  0.12 | Reward:   0.0 | Average Reward: 1.330 | Steps: 86300 | Total Reward: 547.0|
| Episode: 382 | Epsilon:  0.12 | Reward:   0.0 | Average Reward: 1.330 | Steps: 86444 | Total Reward: 547.0|
| Episode: 383 | Epsilon:  0.12 | Reward:   2.0 | Average Reward: 1.340 | Steps: 86697 | Total Reward: 549.0|
| Episode: 384 | Epsilon:  0.12 | Reward:   0.0 | Average Reward: 1.340 | Steps: 86848 | Total Reward: 549.0|
| Episode: 385 | Epsilon:  0.12 | Reward:   0.0 | Average Reward: 1.330 | Steps: 86997 | Total Reward: 549.0|
| Episode: 386 | Epsilon:  0.12 | Reward:   2.0 | Average Reward: 1.350 | Steps: 87245 | Total Reward: 551.0|
| Episode: 387 | Epsilon:  0.12 | Reward:   2.0 | Average Reward: 1.340 | Steps: 87489 | Total Reward: 553.0|
| Episode: 388 | Epsilon:  0.12 | Reward:   0.0 | Average Reward: 1.320 | Steps: 87636 | Total Reward: 553.0|
| Episode: 389 | Epsilon:  0.12 | Reward:   1.0 | Average Reward: 1.320 | Steps: 87847 | Total Reward: 554.0|
| Episode: 390 | Epsilon:  0.12 | Reward:   2.0 | Average Reward: 1.340 | Steps: 88110 | Total Reward: 556.0|
