+------------------------+----------------------------+--------------------+
|                        |     Supported Features     |  Program Commands  |
+========================+============================+====================+
| Compatible Layers      | Hopfield Layer,            | hopfield,          |
|                        | HopfieldLayer Layer,       | hopfield_layer,    |
|                        | HopfieldPooling Layer,     | hopfield_pooling,  |
|                        | LSTM,                      | lstm,              |
|                        | GRU                        | gru                |
+------------------------+----------------------------+--------------------+
| Supported Loss Metrics | Huber Loss,                | huber,             |
|                        | Mean Absolute Error Loss,  | mae,               |
|                        | Mean Squared Error Loss,   | mse,               |
|                        | SmoothL1 Loss              | smooth_l1          |
+------------------------+----------------------------+--------------------+
| Supported Optimizers   | RMSprop (default),         | rmsprop,           |
|                        | AdamW,                     | adam,              |
|                        | Adam                       | adamW              |
+------------------------+----------------------------+--------------------+
| Episode:   1 | Epsilon:  0.90 | Reward: -350.953111187884 | Average Reward: -350.953 | Steps:    86 | Total Reward: -350.953111187884|
| Episode:   2 | Epsilon:  0.86 | Reward: -324.00859144735637 | Average Reward: -337.481 | Steps:   195 | Total Reward: -674.9617026352389|
| Episode:   3 | Epsilon:  0.82 | Reward: -485.98095978706806 | Average Reward: -386.981 | Steps:   277 | Total Reward: -1160.9426624223067|
| Episode:   4 | Epsilon:  0.79 | Reward: -166.71523242354343 | Average Reward: -331.914 | Steps:   364 | Total Reward: -1327.6578948458496|
| Episode:   5 | Epsilon:  0.75 | Reward: -339.09642572132225 | Average Reward: -333.351 | Steps:   449 | Total Reward: -1666.7543205671718|
| Episode:   6 | Epsilon:  0.72 | Reward: -221.4016468631198 | Average Reward: -314.693 | Steps:   532 | Total Reward: -1888.1559674302916|
| Episode:   7 | Epsilon:  0.69 | Reward: -283.6204292487644 | Average Reward: -310.254 | Steps:   609 | Total Reward: -2171.776396679056|
| Episode:   8 | Epsilon:  0.66 | Reward: -338.76206984195005 | Average Reward: -313.817 | Steps:   689 | Total Reward: -2510.5384665210063|
| Episode:   9 | Epsilon:  0.64 | Reward: -280.23869721699407 | Average Reward: -310.086 | Steps:   749 | Total Reward: -2790.7771637379997|
| Episode:  10 | Epsilon:  0.61 | Reward: -201.7141113051742 | Average Reward: -299.249 | Steps:   820 | Total Reward: -2992.491275043175|
| Episode:  11 | Epsilon:  0.59 | Reward: -457.5523911272045 | Average Reward: -313.640 | Steps:   897 | Total Reward: -3450.0436661703784|
| Episode:  12 | Epsilon:  0.56 | Reward: -399.8345796989116 | Average Reward: -320.823 | Steps:   966 | Total Reward: -3849.878245869287|
| Episode:  13 | Epsilon:  0.54 | Reward: -285.7139174846151 | Average Reward: -318.122 | Steps:  1044 | Total Reward: -4135.592163353901|
| Episode:  14 | Epsilon:  0.52 | Reward: 62.11781790931096 | Average Reward: -290.962 | Steps:  1127 | Total Reward: -4073.474345444592|
| Episode:  15 | Epsilon:  0.50 | Reward: -184.46832701392833 | Average Reward: -283.863 | Steps:  1187 | Total Reward: -4257.942672458522|
| Episode:  16 | Epsilon:  0.48 | Reward: -342.83914213665327 | Average Reward: -287.549 | Steps:  1243 | Total Reward: -4600.781814595179|
| Episode:  17 | Epsilon:  0.46 | Reward: -376.59845807572486 | Average Reward: -292.787 | Steps:  1308 | Total Reward: -4977.380272670904|
| Episode:  18 | Epsilon:  0.44 | Reward: -551.5536793750448 | Average Reward: -307.163 | Steps:  1398 | Total Reward: -5528.933952045951|
| Episode:  19 | Epsilon:  0.43 | Reward: -466.8669407383376 | Average Reward: -315.568 | Steps:  1464 | Total Reward: -5995.800892784289|
| Episode:  20 | Epsilon:  0.41 | Reward: -503.2382100503875 | Average Reward: -324.952 | Steps:  1550 | Total Reward: -6499.039102834677|
| Episode:  21 | Epsilon:  0.39 | Reward: -643.6087107737457 | Average Reward: -340.126 | Steps:  1648 | Total Reward: -7142.647813608424|
| Episode:  22 | Epsilon:  0.38 | Reward: -681.7162544694603 | Average Reward: -355.653 | Steps:  1734 | Total Reward: -7824.364068077887|
| Episode:  23 | Epsilon:  0.37 | Reward: -503.89147347330794 | Average Reward: -362.098 | Steps:  1812 | Total Reward: -8328.2555415512|
| Episode:  24 | Epsilon:  0.35 | Reward: -496.33773553362124 | Average Reward: -367.691 | Steps:  1879 | Total Reward: -8824.59327708481|
| Episode:  25 | Epsilon:  0.34 | Reward: -524.2430593951046 | Average Reward: -373.953 | Steps:  1946 | Total Reward: -9348.836336479919|
| Episode:  26 | Epsilon:  0.33 | Reward: -548.9798747548562 | Average Reward: -380.685 | Steps:  2030 | Total Reward: -9897.81621123477|
| Episode:  27 | Epsilon:  0.32 | Reward: -327.2690695969327 | Average Reward: -378.707 | Steps:  2139 | Total Reward: -10225.085280831703|
| Episode:  28 | Epsilon:  0.31 | Reward: -568.8756399639481 | Average Reward: -385.499 | Steps:  2318 | Total Reward: -10793.960920795651|
| Episode:  29 | Epsilon:  0.30 | Reward: -453.98199247202433 | Average Reward: -387.860 | Steps:  2465 | Total Reward: -11247.942913267672|
| Episode:  30 | Epsilon:  0.29 | Reward: -471.6686527793469 | Average Reward: -390.654 | Steps:  2547 | Total Reward: -11719.611566047019|
| Episode:  31 | Epsilon:  0.28 | Reward: -286.3748033108631 | Average Reward: -387.290 | Steps:  2670 | Total Reward: -12005.986369357883|
| Episode:  32 | Epsilon:  0.27 | Reward: -136.06394341830895 | Average Reward: -379.439 | Steps:  2760 | Total Reward: -12142.050312776195|
| Episode:  33 | Epsilon:  0.26 | Reward: -200.80987848341238 | Average Reward: -374.026 | Steps:  2849 | Total Reward: -12342.860191259608|
| Episode:  34 | Epsilon:  0.25 | Reward: -148.88544409099012 | Average Reward: -367.404 | Steps:  2947 | Total Reward: -12491.745635350599|
| Episode:  35 | Epsilon:  0.25 | Reward: -50.105705573326674 | Average Reward: -358.339 | Steps:  3030 | Total Reward: -12541.851340923913|
| Episode:  36 | Epsilon:  0.24 | Reward: -155.4426259027082 | Average Reward: -352.703 | Steps:  3321 | Total Reward: -12697.293966826623|
| Episode:  37 | Epsilon:  0.23 | Reward: -49.93673292269094 | Average Reward: -344.520 | Steps:  4321 | Total Reward: -12747.230699749318|
| Episode:  38 | Epsilon:  0.23 | Reward: 90.84757470699122 | Average Reward: -333.063 | Steps:  5251 | Total Reward: -12656.383125042312|
| Episode:  39 | Epsilon:  0.22 | Reward: -44.255129543660736 | Average Reward: -325.657 | Steps:  6251 | Total Reward: -12700.638254585989|
| Episode:  40 | Epsilon:  0.21 | Reward: -78.42609733839055 | Average Reward: -319.477 | Steps:  7251 | Total Reward: -12779.064351924377|
| Episode:  41 | Epsilon:  0.21 | Reward: -183.61544976791765 | Average Reward: -316.163 | Steps:  7448 | Total Reward: -12962.679801692298|
| Episode:  42 | Epsilon:  0.20 | Reward: -260.7242913252884 | Average Reward: -314.843 | Steps:  7987 | Total Reward: -13223.404093017587|
| Episode:  43 | Epsilon:  0.20 | Reward: -159.05777160278376 | Average Reward: -311.220 | Steps:  8225 | Total Reward: -13382.461864620369|
| Episode:  44 | Epsilon:  0.19 | Reward: -117.26198225138339 | Average Reward: -306.812 | Steps:  8468 | Total Reward: -13499.723846871746|
| Episode:  45 | Epsilon:  0.19 | Reward: -154.7051645110924 | Average Reward: -303.432 | Steps:  8731 | Total Reward: -13654.42901138284|
| Episode:  46 | Epsilon:  0.18 | Reward: 1.7560330410231586 | Average Reward: -296.797 | Steps:  8924 | Total Reward: -13652.672978341803|
| Episode:  47 | Epsilon:  0.18 | Reward: -211.97609780789406 | Average Reward: -294.993 | Steps:  9107 | Total Reward: -13864.649076149697|
| Episode:  48 | Epsilon:  0.18 | Reward: -241.81747260478798 | Average Reward: -293.885 | Steps:  9407 | Total Reward: -14106.466548754479|
| Episode:  49 | Epsilon:  0.17 | Reward: -52.324302516220776 | Average Reward: -288.955 | Steps:  9686 | Total Reward: -14158.79085127071|
| Episode:  50 | Epsilon:  0.17 | Reward: -234.89377653806642 | Average Reward: -287.874 | Steps:  9875 | Total Reward: -14393.684627808785|
| Episode:  51 | Epsilon:  0.17 | Reward: 18.934318767590753 | Average Reward: -281.858 | Steps: 10077 | Total Reward: -14374.750309041197|
| Episode:  52 | Epsilon:  0.16 | Reward: -121.43586914298052 | Average Reward: -278.773 | Steps: 10304 | Total Reward: -14496.186178184176|
| Episode:  53 | Epsilon:  0.16 | Reward: -211.42743583807447 | Average Reward: -277.502 | Steps: 10524 | Total Reward: -14707.613614022264|
| Episode:  54 | Epsilon:  0.16 | Reward: -81.08066843202555 | Average Reward: -273.865 | Steps: 10728 | Total Reward: -14788.694282454295|
| Episode:  55 | Epsilon:  0.15 | Reward: 29.8382120314728 | Average Reward: -268.343 | Steps: 11728 | Total Reward: -14758.856070422815|
| Episode:  56 | Epsilon:  0.15 | Reward: -213.34855855110402 | Average Reward: -267.361 | Steps: 11943 | Total Reward: -14972.204628973923|
| Episode:  57 | Epsilon:  0.15 | Reward: -149.13352182477988 | Average Reward: -265.287 | Steps: 12217 | Total Reward: -15121.338150798701|
| Episode:  58 | Epsilon:  0.15 | Reward: -183.54829627360894 | Average Reward: -263.877 | Steps: 12435 | Total Reward: -15304.886447072307|
| Episode:  59 | Epsilon:  0.14 | Reward: -223.98149505767094 | Average Reward: -263.201 | Steps: 12686 | Total Reward: -15528.867942129982|
| Episode:  60 | Epsilon:  0.14 | Reward: -198.32352267992422 | Average Reward: -262.120 | Steps: 12909 | Total Reward: -15727.191464809908|
| Episode:  61 | Epsilon:  0.14 | Reward: -261.93082347646816 | Average Reward: -262.117 | Steps: 13106 | Total Reward: -15989.122288286391|
| Episode:  62 | Epsilon:  0.14 | Reward: -89.94104093659816 | Average Reward: -259.340 | Steps: 13307 | Total Reward: -16079.063329222992|
| Episode:  63 | Epsilon:  0.14 | Reward: -314.75797251335666 | Average Reward: -260.219 | Steps: 13558 | Total Reward: -16393.82130173634|
| Episode:  64 | Epsilon:  0.13 | Reward: -262.54924114520816 | Average Reward: -260.256 | Steps: 13775 | Total Reward: -16656.370542881552|
| Episode:  65 | Epsilon:  0.13 | Reward: -144.38375314989395 | Average Reward: -258.473 | Steps: 13927 | Total Reward: -16800.754296031428|
| Episode:  66 | Epsilon:  0.13 | Reward: -110.07140697635542 | Average Reward: -256.225 | Steps: 14153 | Total Reward: -16910.825703007762|
| Episode:  67 | Epsilon:  0.13 | Reward: -78.69790159566426 | Average Reward: -253.575 | Steps: 14437 | Total Reward: -16989.523604603415|
| Episode:  68 | Epsilon:  0.13 | Reward: -264.37802471808783 | Average Reward: -253.734 | Steps: 14650 | Total Reward: -17253.901629321514|
| Episode:  69 | Epsilon:  0.13 | Reward: -103.42474458174469 | Average Reward: -251.555 | Steps: 14838 | Total Reward: -17357.326373903266|
| Episode:  70 | Epsilon:  0.13 | Reward: -111.50859802878881 | Average Reward: -249.555 | Steps: 15023 | Total Reward: -17468.834971932043|
| Episode:  71 | Epsilon:  0.12 | Reward: 103.55761915867974 | Average Reward: -244.581 | Steps: 16023 | Total Reward: -17365.277352773377|
| Episode:  72 | Epsilon:  0.12 | Reward: -44.85307804532063 | Average Reward: -241.807 | Steps: 16229 | Total Reward: -17410.1304308187|
| Episode:  73 | Epsilon:  0.12 | Reward: -10.713355531186892 | Average Reward: -238.642 | Steps: 16406 | Total Reward: -17420.843786349906|
| Episode:  74 | Epsilon:  0.12 | Reward: -36.9059754548331 | Average Reward: -235.916 | Steps: 16595 | Total Reward: -17457.749761804746|
| Episode:  75 | Epsilon:  0.12 | Reward: -310.1561473344393 | Average Reward: -236.905 | Steps: 16784 | Total Reward: -17767.90590913918|
| Episode:  76 | Epsilon:  0.12 | Reward: -27.302234156037542 | Average Reward: -234.147 | Steps: 17028 | Total Reward: -17795.208143295218|
| Episode:  77 | Epsilon:  0.12 | Reward: -2.668630250493649 | Average Reward: -231.141 | Steps: 17229 | Total Reward: -17797.876773545715|
| Episode:  78 | Epsilon:  0.12 | Reward: -52.14435609020417 | Average Reward: -228.846 | Steps: 17462 | Total Reward: -17850.02112963593|
| Episode:  79 | Epsilon:  0.12 | Reward: -312.9409029246553 | Average Reward: -229.911 | Steps: 17675 | Total Reward: -18162.962032560587|
| Episode:  80 | Epsilon:  0.12 | Reward: -213.73456679344588 | Average Reward: -229.709 | Steps: 17912 | Total Reward: -18376.696599354014|
| Episode:  81 | Epsilon:  0.11 | Reward: -39.19325217458892 | Average Reward: -227.357 | Steps: 18099 | Total Reward: -18415.88985152862|
| Episode:  82 | Epsilon:  0.11 | Reward: -255.86126055107889 | Average Reward: -227.704 | Steps: 18317 | Total Reward: -18671.75111207969|
| Episode:  83 | Epsilon:  0.11 | Reward: -9.797336939420916 | Average Reward: -225.079 | Steps: 18613 | Total Reward: -18681.54844901912|
| Episode:  84 | Epsilon:  0.11 | Reward: -63.45477169612085 | Average Reward: -223.155 | Steps: 18809 | Total Reward: -18745.00322071523|
| Episode:  85 | Epsilon:  0.11 | Reward: -35.04661933754983 | Average Reward: -220.942 | Steps: 19066 | Total Reward: -18780.04984005281|
| Episode:  86 | Epsilon:  0.11 | Reward: -267.7842726827243 | Average Reward: -221.486 | Steps: 19339 | Total Reward: -19047.834112735563|
| Episode:  87 | Epsilon:  0.11 | Reward: -190.0640639049453 | Average Reward: -221.125 | Steps: 19479 | Total Reward: -19237.89817664052|
| Episode:  88 | Epsilon:  0.11 | Reward: -230.1158349713761 | Average Reward: -221.227 | Steps: 19680 | Total Reward: -19468.01401161189|
| Episode:  89 | Epsilon:  0.11 | Reward: -223.83410056121107 | Average Reward: -221.257 | Steps: 19908 | Total Reward: -19691.848112173106|
| Episode:  90 | Epsilon:  0.11 | Reward: -80.55266082880486 | Average Reward: -219.693 | Steps: 20100 | Total Reward: -19772.400773001915|
| Episode:  91 | Epsilon:  0.11 | Reward: -72.3517242991895 | Average Reward: -218.074 | Steps: 20284 | Total Reward: -19844.75249730111|
| Episode:  92 | Epsilon:  0.11 | Reward: -258.3413183220315 | Average Reward: -218.512 | Steps: 20427 | Total Reward: -20103.093815623124|
| Episode:  93 | Epsilon:  0.11 | Reward: -72.42996905336835 | Average Reward: -216.941 | Steps: 20607 | Total Reward: -20175.52378467647|
| Episode:  94 | Epsilon:  0.11 | Reward: -238.2576237513411 | Average Reward: -217.168 | Steps: 20878 | Total Reward: -20413.781408427807|
| Episode:  95 | Epsilon:  0.11 | Reward: 5.489119860120496 | Average Reward: -214.824 | Steps: 21132 | Total Reward: -20408.292288567667|
| Episode:  96 | Epsilon:  0.11 | Reward: -225.5627504678609 | Average Reward: -214.936 | Steps: 21352 | Total Reward: -20633.85503903554|
| Episode:  97 | Epsilon:  0.11 | Reward: -200.6593732322179 | Average Reward: -214.789 | Steps: 21560 | Total Reward: -20834.514412267756|
| Episode:  98 | Epsilon:  0.11 | Reward: -70.09970152969929 | Average Reward: -213.312 | Steps: 21727 | Total Reward: -20904.614113797445|
| Episode:  99 | Epsilon:  0.11 | Reward: -367.54995190412075 | Average Reward: -214.870 | Steps: 21986 | Total Reward: -21272.164065701563|
| Episode: 100 | Epsilon:  0.11 | Reward: -242.99865193884287 | Average Reward: -215.152 | Steps: 22177 | Total Reward: -21515.162717640385|
| Episode: 101 | Epsilon:  0.11 | Reward: -150.89099511128308 | Average Reward: -213.151 | Steps: 22424 | Total Reward: -21666.053712751673|
| Episode: 102 | Epsilon:  0.11 | Reward: -200.1232421007233 | Average Reward: -211.912 | Steps: 22573 | Total Reward: -21866.176954852403|
| Episode: 103 | Epsilon:  0.10 | Reward: -74.99627265739989 | Average Reward: -207.802 | Steps: 22802 | Total Reward: -21941.17322750976|
| Episode: 104 | Epsilon:  0.10 | Reward: -194.42675625844268 | Average Reward: -208.079 | Steps: 23027 | Total Reward: -22135.5999837682|
| Episode: 105 | Epsilon:  0.10 | Reward: 251.7516245489352 | Average Reward: -202.171 | Steps: 23898 | Total Reward: -21883.848359219297|
| Episode: 106 | Epsilon:  0.10 | Reward: -178.33636298935056 | Average Reward: -201.740 | Steps: 24055 | Total Reward: -22062.184722208654|
| Episode: 107 | Epsilon:  0.10 | Reward: -28.744722628411694 | Average Reward: -199.192 | Steps: 24322 | Total Reward: -22090.92944483706|
| Episode: 108 | Epsilon:  0.10 | Reward: -26.52559427852276 | Average Reward: -196.069 | Steps: 24606 | Total Reward: -22117.455039115564|
| Episode: 109 | Epsilon:  0.10 | Reward: -275.8947376958407 | Average Reward: -196.026 | Steps: 24845 | Total Reward: -22393.349776811396|
| Episode: 110 | Epsilon:  0.10 | Reward: -83.36273488985768 | Average Reward: -194.842 | Steps: 25042 | Total Reward: -22476.71251170126|
| Episode: 111 | Epsilon:  0.10 | Reward: -64.65610068595655 | Average Reward: -190.913 | Steps: 25224 | Total Reward: -22541.368612387207|
| Episode: 112 | Epsilon:  0.10 | Reward: -325.50332439806834 | Average Reward: -190.170 | Steps: 25450 | Total Reward: -22866.87193678527|
| Episode: 113 | Epsilon:  0.10 | Reward: -193.14215603063082 | Average Reward: -189.244 | Steps: 25667 | Total Reward: -23060.014092815898|
| Episode: 114 | Epsilon:  0.10 | Reward: -161.44116373010655 | Average Reward: -191.480 | Steps: 25888 | Total Reward: -23221.455256546014|
| Episode: 115 | Epsilon:  0.10 | Reward: -174.41262025124345 | Average Reward: -191.379 | Steps: 26054 | Total Reward: -23395.867876797256|
| Episode: 116 | Epsilon:  0.10 | Reward: -234.89402569673905 | Average Reward: -190.300 | Steps: 26248 | Total Reward: -23630.76190249399|
| Episode: 117 | Epsilon:  0.10 | Reward: -212.4810219373808 | Average Reward: -188.659 | Steps: 26436 | Total Reward: -23843.24292443138|
| Episode: 118 | Epsilon:  0.10 | Reward: -91.07350944606995 | Average Reward: -184.054 | Steps: 26637 | Total Reward: -23934.316433877455|
| Episode: 119 | Epsilon:  0.10 | Reward: -12.751028619485268 | Average Reward: -179.513 | Steps: 26866 | Total Reward: -23947.06746249694|
| Episode: 120 | Epsilon:  0.10 | Reward: 20.81117487290372 | Average Reward: -174.272 | Steps: 27098 | Total Reward: -23926.25628762403|
| Episode: 121 | Epsilon:  0.10 | Reward: -194.87001440843392 | Average Reward: -169.785 | Steps: 27259 | Total Reward: -24121.126302032466|
| Episode: 122 | Epsilon:  0.10 | Reward: -78.66181266184023 | Average Reward: -163.754 | Steps: 27565 | Total Reward: -24199.788114694296|
| Episode: 123 | Epsilon:  0.10 | Reward: -198.64309974831184 | Average Reward: -160.702 | Steps: 27731 | Total Reward: -24398.431214442626|
| Episode: 124 | Epsilon:  0.10 | Reward: -331.57612778050634 | Average Reward: -159.054 | Steps: 27940 | Total Reward: -24730.007342223133|
| Episode: 125 | Epsilon:  0.10 | Reward: -238.8158938248729 | Average Reward: -156.200 | Steps: 28195 | Total Reward: -24968.823236048003|
| Episode: 126 | Epsilon:  0.10 | Reward: -241.30726433861784 | Average Reward: -153.123 | Steps: 28435 | Total Reward: -25210.130500386607|
| Episode: 127 | Epsilon:  0.10 | Reward: -294.26886039705533 | Average Reward: -152.793 | Steps: 28648 | Total Reward: -25504.399360783627|
| Episode: 128 | Epsilon:  0.10 | Reward: 14.231823914979135 | Average Reward: -146.962 | Steps: 29648 | Total Reward: -25490.167536868565|
| Episode: 129 | Epsilon:  0.10 | Reward: -257.12103113710214 | Average Reward: -144.993 | Steps: 29973 | Total Reward: -25747.288568005657|
| Episode: 130 | Epsilon:  0.10 | Reward: -40.09827284838154 | Average Reward: -140.678 | Steps: 30275 | Total Reward: -25787.386840854033|
| Episode: 131 | Epsilon:  0.10 | Reward: -190.00227644398134 | Average Reward: -139.714 | Steps: 30477 | Total Reward: -25977.38911729799|
| Episode: 132 | Epsilon:  0.10 | Reward: -22.412759179464047 | Average Reward: -138.578 | Steps: 30674 | Total Reward: -25999.801876477482|
| Episode: 133 | Epsilon:  0.10 | Reward: -51.25098904416059 | Average Reward: -137.082 | Steps: 30920 | Total Reward: -26051.052865521644|
| Episode: 134 | Epsilon:  0.10 | Reward: -30.087636629591017 | Average Reward: -135.894 | Steps: 31155 | Total Reward: -26081.140502151226|
| Episode: 135 | Epsilon:  0.10 | Reward: -218.67598294491404 | Average Reward: -137.580 | Steps: 31297 | Total Reward: -26299.816485096148|
| Episode: 136 | Epsilon:  0.10 | Reward: -270.4976720412516 | Average Reward: -138.730 | Steps: 31438 | Total Reward: -26570.314157137396|
| Episode: 137 | Epsilon:  0.10 | Reward: -170.8343990096671 | Average Reward: -139.939 | Steps: 31586 | Total Reward: -26741.148556147058|
| Episode: 138 | Epsilon:  0.10 | Reward: -190.64749236944954 | Average Reward: -142.754 | Steps: 31771 | Total Reward: -26931.796048516488|
| Episode: 139 | Epsilon:  0.10 | Reward: -230.52061087212135 | Average Reward: -144.617 | Steps: 31955 | Total Reward: -27162.316659388613|
| Episode: 140 | Epsilon:  0.10 | Reward: -188.60309138013793 | Average Reward: -145.719 | Steps: 32138 | Total Reward: -27350.91975076873|
| Episode: 141 | Epsilon:  0.10 | Reward: -292.3868289128984 | Average Reward: -146.806 | Steps: 32392 | Total Reward: -27643.306579681634|
| Episode: 142 | Epsilon:  0.10 | Reward: -252.03790521624038 | Average Reward: -146.719 | Steps: 32610 | Total Reward: -27895.34448489791|
| Episode: 143 | Epsilon:  0.10 | Reward: -98.44695807631537 | Average Reward: -146.113 | Steps: 32806 | Total Reward: -27993.791442974198|
| Episode: 144 | Epsilon:  0.10 | Reward: -90.09167337006176 | Average Reward: -145.842 | Steps: 33026 | Total Reward: -28083.88311634428|
| Episode: 145 | Epsilon:  0.10 | Reward: -204.37887235290322 | Average Reward: -146.338 | Steps: 33210 | Total Reward: -28288.261988697195|
| Episode: 146 | Epsilon:  0.10 | Reward: -171.8334760984025 | Average Reward: -148.074 | Steps: 33457 | Total Reward: -28460.095464795584|
| Episode: 147 | Epsilon:  0.10 | Reward: -218.6936020874316 | Average Reward: -148.141 | Steps: 33658 | Total Reward: -28678.789066883015|
| Episode: 148 | Epsilon:  0.10 | Reward: -168.26975723257982 | Average Reward: -147.406 | Steps: 33901 | Total Reward: -28847.05882411562|
| Episode: 149 | Epsilon:  0.10 | Reward: -140.04142517181066 | Average Reward: -148.283 | Steps: 34172 | Total Reward: -28987.100249287447|
| Episode: 150 | Epsilon:  0.10 | Reward: -326.34556836635363 | Average Reward: -149.198 | Steps: 34342 | Total Reward: -29313.445817653792|
| Episode: 151 | Epsilon:  0.10 | Reward: -243.0511863325734 | Average Reward: -151.817 | Steps: 34542 | Total Reward: -29556.497003986373|
| Episode: 152 | Epsilon:  0.10 | Reward: -218.7501141027892 | Average Reward: -152.791 | Steps: 34797 | Total Reward: -29775.247118089173|
| Episode: 153 | Epsilon:  0.10 | Reward: 101.81348420321696 | Average Reward: -149.658 | Steps: 35797 | Total Reward: -29673.43363388599|
| Episode: 154 | Epsilon:  0.10 | Reward: -679.1746249389801 | Average Reward: -155.639 | Steps: 35962 | Total Reward: -30352.60825882496|
| Episode: 155 | Epsilon:  0.10 | Reward: -272.3799612786654 | Average Reward: -158.661 | Steps: 36123 | Total Reward: -30624.988220103623|
| Episode: 156 | Epsilon:  0.10 | Reward: -184.801632916743 | Average Reward: -158.376 | Steps: 36265 | Total Reward: -30809.789853020393|
| Episode: 157 | Epsilon:  0.10 | Reward: -78.95642616085149 | Average Reward: -157.674 | Steps: 36472 | Total Reward: -30888.746279181247|
| Episode: 158 | Epsilon:  0.10 | Reward: -224.20900090472873 | Average Reward: -158.081 | Steps: 36675 | Total Reward: -31112.955280086004|
| Episode: 159 | Epsilon:  0.10 | Reward: -221.20078331534603 | Average Reward: -158.053 | Steps: 36828 | Total Reward: -31334.15606340133|
| Episode: 160 | Epsilon:  0.10 | Reward: -236.35276928004396 | Average Reward: -158.433 | Steps: 37004 | Total Reward: -31570.508832681386|
| Episode: 161 | Epsilon:  0.10 | Reward: -65.38447796827238 | Average Reward: -156.468 | Steps: 37213 | Total Reward: -31635.893310649655|
| Episode: 162 | Epsilon:  0.10 | Reward: -219.44310996014008 | Average Reward: -157.763 | Steps: 37456 | Total Reward: -31855.3364206098|
| Episode: 163 | Epsilon:  0.10 | Reward: -283.04703612176286 | Average Reward: -157.446 | Steps: 37730 | Total Reward: -32138.383456731535|
| Episode: 164 | Epsilon:  0.10 | Reward: -263.7336716377646 | Average Reward: -157.457 | Steps: 37915 | Total Reward: -32402.117128369322|
| Episode: 165 | Epsilon:  0.10 | Reward: -301.1246879650338 | Average Reward: -159.025 | Steps: 38129 | Total Reward: -32703.24181633434|
| Episode: 166 | Epsilon:  0.10 | Reward: 79.05835611253463 | Average Reward: -157.134 | Steps: 39129 | Total Reward: -32624.1834602218|
| Episode: 167 | Epsilon:  0.10 | Reward: -225.05004995289568 | Average Reward: -158.597 | Steps: 39414 | Total Reward: -32849.2335101747|
| Episode: 168 | Epsilon:  0.10 | Reward: -195.64512415753615 | Average Reward: -157.910 | Steps: 39614 | Total Reward: -33044.878634332264|
| Episode: 169 | Epsilon:  0.10 | Reward: -63.0418018866288 | Average Reward: -157.506 | Steps: 39814 | Total Reward: -33107.92043621886|
| Episode: 170 | Epsilon:  0.10 | Reward: -189.80497753077117 | Average Reward: -158.289 | Steps: 40059 | Total Reward: -33297.72541374964|
| Episode: 171 | Epsilon:  0.10 | Reward: -475.94093527244286 | Average Reward: -164.084 | Steps: 40239 | Total Reward: -33773.66634902203|
| Episode: 172 | Epsilon:  0.10 | Reward: -237.3836825980862 | Average Reward: -166.009 | Steps: 40455 | Total Reward: -34011.05003162009|
| Episode: 173 | Epsilon:  0.10 | Reward: 243.57367998992302 | Average Reward: -163.466 | Steps: 41136 | Total Reward: -33767.476351630205|
| Episode: 174 | Epsilon:  0.10 | Reward: -140.1852500639026 | Average Reward: -164.499 | Steps: 41274 | Total Reward: -33907.66160169413|
| Episode: 175 | Epsilon:  0.10 | Reward: -39.191354350504305 | Average Reward: -161.789 | Steps: 41402 | Total Reward: -33946.85295604468|
| Episode: 176 | Epsilon:  0.10 | Reward: -162.24905297034422 | Average Reward: -163.139 | Steps: 41571 | Total Reward: -34109.10200901498|
| Episode: 177 | Epsilon:  0.10 | Reward: -115.57553605678507 | Average Reward: -164.268 | Steps: 41879 | Total Reward: -34224.677545071696|
| Episode: 178 | Epsilon:  0.10 | Reward: -169.79117813884403 | Average Reward: -165.444 | Steps: 42085 | Total Reward: -34394.46872321051|
| Episode: 179 | Epsilon:  0.10 | Reward: -64.78269789895559 | Average Reward: -162.963 | Steps: 42227 | Total Reward: -34459.25142110945|
| Episode: 180 | Epsilon:  0.10 | Reward: -189.45404275143665 | Average Reward: -162.720 | Steps: 42378 | Total Reward: -34648.705463860904|
| Episode: 181 | Epsilon:  0.10 | Reward: -83.65351413130308 | Average Reward: -163.165 | Steps: 42566 | Total Reward: -34732.35897799224|
| Episode: 182 | Epsilon:  0.10 | Reward: -164.08902036032774 | Average Reward: -162.247 | Steps: 42763 | Total Reward: -34896.44799835254|
| Episode: 183 | Epsilon:  0.10 | Reward: -198.12178875918556 | Average Reward: -164.130 | Steps: 42955 | Total Reward: -35094.56978711173|
| Episode: 184 | Epsilon:  0.10 | Reward: -135.14709612830393 | Average Reward: -164.847 | Steps: 43104 | Total Reward: -35229.716883240035|
| Episode: 185 | Epsilon:  0.10 | Reward: -209.09226903807055 | Average Reward: -166.588 | Steps: 43354 | Total Reward: -35438.809152278074|
| Episode: 186 | Epsilon:  0.10 | Reward: -47.915817870099204 | Average Reward: -164.389 | Steps: 43513 | Total Reward: -35486.72497014817|
| Episode: 187 | Epsilon:  0.10 | Reward: -206.4961400865227 | Average Reward: -164.553 | Steps: 43689 | Total Reward: -35693.22111023469|
| Episode: 188 | Epsilon:  0.10 | Reward: -235.7570550016001 | Average Reward: -164.610 | Steps: 43843 | Total Reward: -35928.978165236316|
| Episode: 189 | Epsilon:  0.10 | Reward: -385.550996740278 | Average Reward: -166.227 | Steps: 44005 | Total Reward: -36314.52916197662|
| Episode: 190 | Epsilon:  0.10 | Reward: -349.0317322701882 | Average Reward: -168.912 | Steps: 44165 | Total Reward: -36663.5608942468|
| Episode: 191 | Epsilon:  0.10 | Reward: -242.22793078645358 | Average Reward: -170.610 | Steps: 44384 | Total Reward: -36905.78882503322|
| Episode: 192 | Epsilon:  0.10 | Reward: -204.91248674667042 | Average Reward: -170.076 | Steps: 44611 | Total Reward: -37110.70131177993|
| Episode: 193 | Epsilon:  0.10 | Reward: 229.80004158901332 | Average Reward: -167.054 | Steps: 45227 | Total Reward: -36880.901270190974|
| Episode: 194 | Epsilon:  0.10 | Reward: -274.5324443408938 | Average Reward: -167.417 | Steps: 45409 | Total Reward: -37155.43371453188|
| Episode: 195 | Epsilon:  0.10 | Reward: -41.22110760878752 | Average Reward: -167.884 | Steps: 45589 | Total Reward: -37196.65482214069|
| Episode: 196 | Epsilon:  0.10 | Reward: -176.3786845364441 | Average Reward: -167.392 | Steps: 45757 | Total Reward: -37373.033506677166|
| Episode: 197 | Epsilon:  0.10 | Reward: -124.2021512220896 | Average Reward: -166.627 | Steps: 45929 | Total Reward: -37497.23565789926|
| Episode: 198 | Epsilon:  0.10 | Reward: -240.71221184149164 | Average Reward: -168.333 | Steps: 46218 | Total Reward: -37737.94786974073|
| Episode: 199 | Epsilon:  0.10 | Reward: -192.6463778539588 | Average Reward: -166.584 | Steps: 46490 | Total Reward: -37930.59424759466|
| Episode: 200 | Epsilon:  0.10 | Reward: -254.20176103895295 | Average Reward: -166.696 | Steps: 46746 | Total Reward: -38184.79600863359|
| Episode: 201 | Epsilon:  0.10 | Reward: -196.4604016295451 | Average Reward: -167.152 | Steps: 46928 | Total Reward: -38381.256410263086|
| Episode: 202 | Epsilon:  0.10 | Reward: -229.79395590189807 | Average Reward: -167.449 | Steps: 47158 | Total Reward: -38611.050366165015|
| Episode: 203 | Epsilon:  0.10 | Reward: -41.372364595331845 | Average Reward: -167.112 | Steps: 47414 | Total Reward: -38652.42273076035|
| Episode: 204 | Epsilon:  0.10 | Reward: -36.93336916547839 | Average Reward: -165.538 | Steps: 47755 | Total Reward: -38689.35609992581|
| Episode: 205 | Epsilon:  0.10 | Reward: -24.472072196763293 | Average Reward: -168.300 | Steps: 47932 | Total Reward: -38713.82817212256|
| Episode: 206 | Epsilon:  0.10 | Reward: -2.1095448916618693 | Average Reward: -166.538 | Steps: 48136 | Total Reward: -38715.93771701425|
| Episode: 207 | Epsilon:  0.10 | Reward: -201.50396780486398 | Average Reward: -168.265 | Steps: 48327 | Total Reward: -38917.44168481907|
| Episode: 208 | Epsilon:  0.10 | Reward: -175.3815061332453 | Average Reward: -169.754 | Steps: 48513 | Total Reward: -39092.82319095233|
| Episode: 209 | Epsilon:  0.10 | Reward: -2.0643078798425023 | Average Reward: -167.015 | Steps: 48684 | Total Reward: -39094.88749883216|
| Episode: 210 | Epsilon:  0.10 | Reward: 228.70038859419287 | Average Reward: -163.895 | Steps: 49547 | Total Reward: -38866.1871102379|
| Episode: 211 | Epsilon:  0.10 | Reward: 212.17804821363262 | Average Reward: -161.126 | Steps: 50352 | Total Reward: -38654.009062024255|
| Episode: 212 | Epsilon:  0.10 | Reward: -229.72723984656298 | Average Reward: -160.169 | Steps: 50715 | Total Reward: -38883.736301870806|
| Episode: 213 | Epsilon:  0.10 | Reward: -29.07041906025806 | Average Reward: -158.528 | Steps: 50959 | Total Reward: -38912.80672093105|
| Episode: 214 | Epsilon:  0.10 | Reward: -33.44417625339378 | Average Reward: -157.248 | Steps: 51170 | Total Reward: -38946.25089718444|
| Episode: 215 | Epsilon:  0.10 | Reward: -213.595000014642 | Average Reward: -157.640 | Steps: 51370 | Total Reward: -39159.84589719906|
| Episode: 216 | Epsilon:  0.10 | Reward: -189.35803236046252 | Average Reward: -157.184 | Steps: 51592 | Total Reward: -39349.20392955953|
| Episode: 217 | Epsilon:  0.10 | Reward: -189.1200386775265 | Average Reward: -156.951 | Steps: 51824 | Total Reward: -39538.32396823703|
| Episode: 218 | Epsilon:  0.10 | Reward: -59.94830305676818 | Average Reward: -156.640 | Steps: 51999 | Total Reward: -39598.27227129382|
| Episode: 219 | Epsilon:  0.10 | Reward: -78.20121707640519 | Average Reward: -157.294 | Steps: 52189 | Total Reward: -39676.47348837025|
| Episode: 220 | Epsilon:  0.10 | Reward: -31.819117364129326 | Average Reward: -157.820 | Steps: 52419 | Total Reward: -39708.29260573438|
| Episode: 221 | Epsilon:  0.10 | Reward: -3.569724565363586 | Average Reward: -155.907 | Steps: 52630 | Total Reward: -39711.86233029975|
| Episode: 222 | Epsilon:  0.10 | Reward: -225.35280227201042 | Average Reward: -157.374 | Steps: 53011 | Total Reward: -39937.2151325718|
| Episode: 223 | Epsilon:  0.10 | Reward: 229.91847741151886 | Average Reward: -153.089 | Steps: 53919 | Total Reward: -39707.29665516027|
| Episode: 224 | Epsilon:  0.10 | Reward: -47.83338169410359 | Average Reward: -150.251 | Steps: 54193 | Total Reward: -39755.13003685433|
| Episode: 225 | Epsilon:  0.10 | Reward: -186.94281679390514 | Average Reward: -149.732 | Steps: 54352 | Total Reward: -39942.07285364827|
| Episode: 226 | Epsilon:  0.10 | Reward: -191.09297700647485 | Average Reward: -149.230 | Steps: 54617 | Total Reward: -40133.165830654725|
| Episode: 227 | Epsilon:  0.10 | Reward: -68.53906889110367 | Average Reward: -146.973 | Steps: 54800 | Total Reward: -40201.70489954579|
| Episode: 228 | Epsilon:  0.10 | Reward: -182.35002508383877 | Average Reward: -148.939 | Steps: 55041 | Total Reward: -40384.05492462962|
| Episode: 229 | Epsilon:  0.10 | Reward: -157.0349118691112 | Average Reward: -147.938 | Steps: 55240 | Total Reward: -40541.08983649872|
| Episode: 230 | Epsilon:  0.10 | Reward: -222.67809010108954 | Average Reward: -149.764 | Steps: 55483 | Total Reward: -40763.767926599845|
| Episode: 231 | Epsilon:  0.10 | Reward: 250.7820291854317 | Average Reward: -145.356 | Steps: 56202 | Total Reward: -40512.985897414444|
| Episode: 232 | Epsilon:  0.10 | Reward: 114.49162284066753 | Average Reward: -143.987 | Steps: 57202 | Total Reward: -40398.49427457374|
| Episode: 233 | Epsilon:  0.10 | Reward: -60.93591869910283 | Average Reward: -144.084 | Steps: 57403 | Total Reward: -40459.43019327282|
| Episode: 234 | Epsilon:  0.10 | Reward: -72.03043171282062 | Average Reward: -144.503 | Steps: 57626 | Total Reward: -40531.460624985586|
| Episode: 235 | Epsilon:  0.10 | Reward: -294.2716032290229 | Average Reward: -145.259 | Steps: 57787 | Total Reward: -40825.73222821461|
| Episode: 236 | Epsilon:  0.10 | Reward: -188.88748131487148 | Average Reward: -144.443 | Steps: 58038 | Total Reward: -41014.619709529514|
| Episode: 237 | Epsilon:  0.10 | Reward: 260.0284928918235 | Average Reward: -140.134 | Steps: 58406 | Total Reward: -40754.591216637695|
| Episode: 238 | Epsilon:  0.10 | Reward: -35.30004382434822 | Average Reward: -138.581 | Steps: 58590 | Total Reward: -40789.89126046207|
| Episode: 239 | Epsilon:  0.10 | Reward: -153.46081707855572 | Average Reward: -137.810 | Steps: 58823 | Total Reward: -40943.35207754059|
| Episode: 240 | Epsilon:  0.10 | Reward: -155.57288751588453 | Average Reward: -137.480 | Steps: 58998 | Total Reward: -41098.92496505648|
| Episode: 241 | Epsilon:  0.10 | Reward: 162.98889073972623 | Average Reward: -132.926 | Steps: 59917 | Total Reward: -40935.936074316596|
| Episode: 242 | Epsilon:  0.10 | Reward: -14.286955585425744 | Average Reward: -130.549 | Steps: 60132 | Total Reward: -40950.22302990208|
| Episode: 243 | Epsilon:  0.10 | Reward: -33.49837553277844 | Average Reward: -129.899 | Steps: 60372 | Total Reward: -40983.7214054349|
| Episode: 244 | Epsilon:  0.10 | Reward: 0.8883987593955993 | Average Reward: -128.989 | Steps: 60550 | Total Reward: -40982.83300667551|
| Episode: 245 | Epsilon:  0.10 | Reward: -30.92017901928469 | Average Reward: -127.255 | Steps: 60801 | Total Reward: -41013.75318569473|
| Episode: 246 | Epsilon:  0.10 | Reward: -212.41730183450431 | Average Reward: -127.661 | Steps: 61031 | Total Reward: -41226.17048752919|
| Episode: 247 | Epsilon:  0.10 | Reward: -60.29987783512725 | Average Reward: -126.077 | Steps: 61225 | Total Reward: -41286.47036536435|
| Episode: 248 | Epsilon:  0.10 | Reward: -277.51260869325284 | Average Reward: -127.169 | Steps: 61399 | Total Reward: -41563.98297405758|
| Episode: 249 | Epsilon:  0.10 | Reward: -154.2116426802914 | Average Reward: -127.311 | Steps: 61557 | Total Reward: -41718.194616737885|
| Episode: 250 | Epsilon:  0.10 | Reward: 227.39258465326273 | Average Reward: -121.774 | Steps: 61881 | Total Reward: -41490.80203208462|
| Episode: 251 | Epsilon:  0.10 | Reward: -173.20715828408868 | Average Reward: -121.075 | Steps: 62053 | Total Reward: -41664.009190368764|
| Episode: 252 | Epsilon:  0.10 | Reward: -182.9049472961364 | Average Reward: -120.717 | Steps: 62318 | Total Reward: -41846.91413766485|
| Episode: 253 | Epsilon:  0.10 | Reward: 277.5880380823569 | Average Reward: -118.959 | Steps: 62666 | Total Reward: -41569.326099582475|
| Episode: 254 | Epsilon:  0.10 | Reward: -24.431025626159894 | Average Reward: -112.411 | Steps: 62904 | Total Reward: -41593.75712520865|
| Episode: 255 | Epsilon:  0.10 | Reward: -186.6212543922694 | Average Reward: -111.554 | Steps: 63088 | Total Reward: -41780.37837960092|
| Episode: 256 | Epsilon:  0.10 | Reward: 215.68140040267176 | Average Reward: -107.549 | Steps: 63526 | Total Reward: -41564.69697919814|
| Episode: 257 | Epsilon:  0.10 | Reward: -154.55343084818128 | Average Reward: -108.305 | Steps: 63745 | Total Reward: -41719.25041004633|
| Episode: 258 | Epsilon:  0.10 | Reward: 202.06440157273863 | Average Reward: -104.042 | Steps: 64309 | Total Reward: -41517.18600847354|
| Episode: 259 | Epsilon:  0.10 | Reward: -12.220714611528578 | Average Reward: -101.953 | Steps: 64523 | Total Reward: -41529.40672308508|
| Episode: 260 | Epsilon:  0.10 | Reward: 262.2465668733041 | Average Reward: -96.967 | Steps: 65168 | Total Reward: -41267.160156211765|
| Episode: 261 | Epsilon:  0.10 | Reward: -228.4021973376128 | Average Reward: -98.597 | Steps: 65481 | Total Reward: -41495.56235354937|
| Episode: 262 | Epsilon:  0.10 | Reward: -17.61184728077103 | Average Reward: -96.578 | Steps: 65652 | Total Reward: -41513.17420083015|
| Episode: 263 | Epsilon:  0.10 | Reward: -198.97230545130168 | Average Reward: -95.738 | Steps: 65955 | Total Reward: -41712.14650628146|
| Episode: 264 | Epsilon:  0.10 | Reward: 293.93148356467395 | Average Reward: -90.161 | Steps: 66327 | Total Reward: -41418.2150227168|
| Episode: 265 | Epsilon:  0.10 | Reward: -4.366272449493209 | Average Reward: -87.193 | Steps: 66524 | Total Reward: -41422.58129516631|
| Episode: 266 | Epsilon:  0.10 | Reward: -229.17848048731483 | Average Reward: -90.276 | Steps: 66672 | Total Reward: -41651.75977565366|
| Episode: 267 | Epsilon:  0.10 | Reward: 60.51321620284017 | Average Reward: -87.420 | Steps: 66857 | Total Reward: -41591.246559450796|
| Episode: 268 | Epsilon:  0.10 | Reward: 7.557181994628564 | Average Reward: -85.388 | Steps: 67055 | Total Reward: -41583.68937745618|
| Episode: 269 | Epsilon:  0.10 | Reward: -44.56956639568635 | Average Reward: -85.203 | Steps: 67264 | Total Reward: -41628.25894385182|
| Episode: 270 | Epsilon:  0.10 | Reward: 15.029166814079659 | Average Reward: -83.155 | Steps: 67445 | Total Reward: -41613.22977703775|
| Episode: 271 | Epsilon:  0.10 | Reward: 279.32950605419626 | Average Reward: -75.602 | Steps: 67906 | Total Reward: -41333.90027098353|
| Episode: 272 | Epsilon:  0.10 | Reward: -179.23019178915615 | Average Reward: -75.021 | Steps: 68092 | Total Reward: -41513.13046277273|
| Episode: 273 | Epsilon:  0.10 | Reward: 201.07565120709506 | Average Reward: -75.446 | Steps: 68637 | Total Reward: -41312.05481156562|
| Episode: 274 | Epsilon:  0.10 | Reward: 10.464003590407955 | Average Reward: -73.939 | Steps: 68854 | Total Reward: -41301.59080797525|
| Episode: 275 | Epsilon:  0.10 | Reward: -208.27353166455106 | Average Reward: -75.630 | Steps: 69093 | Total Reward: -41509.864339639804|
| Episode: 276 | Epsilon:  0.10 | Reward: -231.17799519908854 | Average Reward: -76.319 | Steps: 69311 | Total Reward: -41741.04233483888|
| Episode: 277 | Epsilon:  0.10 | Reward: -19.017032399169523 | Average Reward: -75.354 | Steps: 69492 | Total Reward: -41760.05936723808|
| Episode: 278 | Epsilon:  0.10 | Reward: -156.3001543822819 | Average Reward: -75.219 | Steps: 69660 | Total Reward: -41916.35952162036|
| Episode: 279 | Epsilon:  0.10 | Reward: 3.9904190616729807 | Average Reward: -74.531 | Steps: 69844 | Total Reward: -41912.369102558754|
| Episode: 280 | Epsilon:  0.10 | Reward: -192.10727759293138 | Average Reward: -74.558 | Steps: 70078 | Total Reward: -42104.47638015166|
| Episode: 281 | Epsilon:  0.10 | Reward: -215.66517367332892 | Average Reward: -75.878 | Steps: 70294 | Total Reward: -42320.14155382502|
| Episode: 282 | Epsilon:  0.10 | Reward: 210.80103003275042 | Average Reward: -72.129 | Steps: 71003 | Total Reward: -42109.34052379223|
| Episode: 283 | Epsilon:  0.10 | Reward: 257.8734542396067 | Average Reward: -67.569 | Steps: 71360 | Total Reward: -41851.46706955259|
| Episode: 284 | Epsilon:  0.10 | Reward: -188.1600412891463 | Average Reward: -68.099 | Steps: 71527 | Total Reward: -42039.62711084173|
| Episode: 285 | Epsilon:  0.10 | Reward: -2.45996831146914 | Average Reward: -66.033 | Steps: 71887 | Total Reward: -42042.087079153156|
| Episode: 286 | Epsilon:  0.10 | Reward: -232.8123657237581 | Average Reward: -67.882 | Steps: 72091 | Total Reward: -42274.89944487694|
| Episode: 287 | Epsilon:  0.10 | Reward: -55.33760318764311 | Average Reward: -66.370 | Steps: 72393 | Total Reward: -42330.237048064526|
| Episode: 288 | Epsilon:  0.10 | Reward: -221.0161222772603 | Average Reward: -66.223 | Steps: 72541 | Total Reward: -42551.253170341784|
| Episode: 289 | Epsilon:  0.10 | Reward: -211.62941250865515 | Average Reward: -64.484 | Steps: 72756 | Total Reward: -42762.88258285044|
| Episode: 290 | Epsilon:  0.10 | Reward: -206.55325784255592 | Average Reward: -63.059 | Steps: 73060 | Total Reward: -42969.435840693026|
| Episode: 291 | Epsilon:  0.10 | Reward: -179.60267267590444 | Average Reward: -62.432 | Steps: 73272 | Total Reward: -43149.03851336893|
| Episode: 292 | Epsilon:  0.10 | Reward: -179.6533814916175 | Average Reward: -62.180 | Steps: 73450 | Total Reward: -43328.69189486053|
| Episode: 293 | Epsilon:  0.10 | Reward: -158.7006249353779 | Average Reward: -66.065 | Steps: 73615 | Total Reward: -43487.39251979592|
| Episode: 294 | Epsilon:  0.10 | Reward: -61.954521653664145 | Average Reward: -63.939 | Steps: 73862 | Total Reward: -43549.34704144955|
| Episode: 295 | Epsilon:  0.10 | Reward: -236.676800671582 | Average Reward: -65.894 | Steps: 74046 | Total Reward: -43786.02384212113|
| Episode: 296 | Epsilon:  0.10 | Reward: 258.41399765918425 | Average Reward: -61.546 | Steps: 74409 | Total Reward: -43527.609844461935|
| Episode: 297 | Epsilon:  0.10 | Reward: -171.61399947477506 | Average Reward: -62.020 | Steps: 74620 | Total Reward: -43699.22384393673|
| Episode: 298 | Epsilon:  0.10 | Reward: -13.598981533690832 | Average Reward: -59.749 | Steps: 74817 | Total Reward: -43712.822825470415|
| Episode: 299 | Epsilon:  0.10 | Reward: -59.46716356906537 | Average Reward: -58.417 | Steps: 75021 | Total Reward: -43772.28998903946|
| Episode: 300 | Epsilon:  0.10 | Reward: -340.08638268078835 | Average Reward: -59.276 | Steps: 75171 | Total Reward: -44112.37637172023|
| Episode: 301 | Epsilon:  0.10 | Reward: -151.8160213197066 | Average Reward: -58.829 | Steps: 75419 | Total Reward: -44264.192393039935|
| Episode: 302 | Epsilon:  0.10 | Reward: 258.9310645801439 | Average Reward: -53.942 | Steps: 75909 | Total Reward: -44005.26132845988|
| Episode: 303 | Epsilon:  0.10 | Reward: -29.216575036286713 | Average Reward: -53.821 | Steps: 76102 | Total Reward: -44034.477903496176|
| Episode: 304 | Epsilon:  0.10 | Reward: -146.20099912886673 | Average Reward: -54.913 | Steps: 76272 | Total Reward: -44180.67890262505|
| Episode: 305 | Epsilon:  0.10 | Reward: -263.82097834686056 | Average Reward: -57.307 | Steps: 76442 | Total Reward: -44444.49988097192|
| Episode: 306 | Epsilon:  0.10 | Reward: -66.46225760306626 | Average Reward: -57.950 | Steps: 76749 | Total Reward: -44510.96213857501|
| Episode: 307 | Epsilon:  0.10 | Reward: 213.9721822080515 | Average Reward: -53.795 | Steps: 77102 | Total Reward: -44296.989956367004|
| Episode: 308 | Epsilon:  0.10 | Reward: -208.28207983583943 | Average Reward: -54.124 | Steps: 77327 | Total Reward: -44505.27203620284|
| Episode: 309 | Epsilon:  0.10 | Reward: 294.89629890269975 | Average Reward: -51.155 | Steps: 77621 | Total Reward: -44210.375737300215|
| Episode: 310 | Epsilon:  0.10 | Reward: -33.0580649526475 | Average Reward: -53.772 | Steps: 77828 | Total Reward: -44243.4338022528|
| Episode: 311 | Epsilon:  0.10 | Reward: -4.097105364894745 | Average Reward: -55.935 | Steps: 78077 | Total Reward: -44247.530907617765|
| Episode: 312 | Epsilon:  0.10 | Reward: 247.95245573783876 | Average Reward: -51.158 | Steps: 78478 | Total Reward: -43999.57845187997|
| Episode: 313 | Epsilon:  0.10 | Reward: -75.28439688637923 | Average Reward: -51.621 | Steps: 78659 | Total Reward: -44074.86284876634|
| Episode: 314 | Epsilon:  0.10 | Reward: -27.18984056279409 | Average Reward: -51.558 | Steps: 78831 | Total Reward: -44102.05268932912|
| Episode: 315 | Epsilon:  0.10 | Reward: -161.7067956062509 | Average Reward: -51.039 | Steps: 79035 | Total Reward: -44263.75948493534|
| Episode: 316 | Epsilon:  0.10 | Reward: -67.33911392352942 | Average Reward: -49.819 | Steps: 79304 | Total Reward: -44331.0985988589|
| Episode: 317 | Epsilon:  0.10 | Reward: -239.53888062782394 | Average Reward: -50.323 | Steps: 79570 | Total Reward: -44570.637479486715|
| Episode: 318 | Epsilon:  0.10 | Reward: -66.57340280638454 | Average Reward: -50.389 | Steps: 79729 | Total Reward: -44637.210882293075|
| Episode: 319 | Epsilon:  0.10 | Reward: -170.96803411268917 | Average Reward: -51.317 | Steps: 79890 | Total Reward: -44808.17891640576|
| Episode: 320 | Epsilon:  0.10 | Reward: -228.44062322667577 | Average Reward: -53.283 | Steps: 80141 | Total Reward: -45036.619539632426|
| Episode: 321 | Epsilon:  0.10 | Reward: -235.28634649867448 | Average Reward: -55.600 | Steps: 80382 | Total Reward: -45271.90588613117|
| Episode: 322 | Epsilon:  0.10 | Reward: -248.36386339384066 | Average Reward: -55.831 | Steps: 80671 | Total Reward: -45520.269749525025|
| Episode: 323 | Epsilon:  0.10 | Reward: 231.56606426224351 | Average Reward: -55.814 | Steps: 81203 | Total Reward: -45288.703685262684|
| Episode: 324 | Epsilon:  0.10 | Reward: 42.44712923770703 | Average Reward: -54.911 | Steps: 81403 | Total Reward: -45246.256556024986|
| Episode: 325 | Epsilon:  0.10 | Reward: -203.73242109210366 | Average Reward: -55.079 | Steps: 81568 | Total Reward: -45449.98897711705|
| Episode: 326 | Epsilon:  0.10 | Reward: 260.32577598587596 | Average Reward: -50.565 | Steps: 82136 | Total Reward: -45189.663201131174|
| Episode: 327 | Epsilon:  0.10 | Reward: -40.44036571570676 | Average Reward: -50.284 | Steps: 82308 | Total Reward: -45230.10356684685|
| Episode: 328 | Epsilon:  0.10 | Reward: -11.010017473953823 | Average Reward: -48.571 | Steps: 82523 | Total Reward: -45241.113584320774|
| Episode: 329 | Epsilon:  0.10 | Reward: 247.7678728729236 | Average Reward: -44.523 | Steps: 82889 | Total Reward: -44993.34571144779|
| Episode: 330 | Epsilon:  0.10 | Reward: -78.2178603162891 | Average Reward: -43.078 | Steps: 83093 | Total Reward: -45071.56357176401|
| Episode: 331 | Epsilon:  0.10 | Reward: -245.22427111497018 | Average Reward: -48.038 | Steps: 83389 | Total Reward: -45316.787842878985|
| Episode: 332 | Epsilon:  0.10 | Reward: 233.60981150747102 | Average Reward: -46.847 | Steps: 84334 | Total Reward: -45083.17803137148|
| Episode: 333 | Epsilon:  0.10 | Reward: -199.7242156927697 | Average Reward: -48.235 | Steps: 84565 | Total Reward: -45282.90224706422|
| Episode: 334 | Epsilon:  0.10 | Reward: -156.80702549908358 | Average Reward: -49.082 | Steps: 84818 | Total Reward: -45439.70927256332|
| Episode: 335 | Epsilon:  0.10 | Reward: -197.66385434744475 | Average Reward: -48.116 | Steps: 84975 | Total Reward: -45637.373126910774|
| Episode: 336 | Epsilon:  0.10 | Reward: 218.6942003616136 | Average Reward: -44.041 | Steps: 85891 | Total Reward: -45418.678926549066|
| Episode: 337 | Epsilon:  0.10 | Reward: -194.70560215722458 | Average Reward: -48.588 | Steps: 86070 | Total Reward: -45613.38452870631|
| Episode: 338 | Epsilon:  0.10 | Reward: -204.66233714985984 | Average Reward: -50.282 | Steps: 86284 | Total Reward: -45818.046865856144|
| Episode: 339 | Epsilon:  0.10 | Reward: 260.28762889708185 | Average Reward: -46.144 | Steps: 86626 | Total Reward: -45557.75923695896|
| Episode: 340 | Epsilon:  0.10 | Reward: -8.943636065847443 | Average Reward: -44.678 | Steps: 86811 | Total Reward: -45566.70287302482|
| Episode: 341 | Epsilon:  0.10 | Reward: 299.6687994089196 | Average Reward: -43.311 | Steps: 87172 | Total Reward: -45267.03407361582|
| Episode: 342 | Epsilon:  0.10 | Reward: -145.47552975799476 | Average Reward: -44.623 | Steps: 87432 | Total Reward: -45412.50960337379|
| Episode: 343 | Epsilon:  0.10 | Reward: -46.04055925175125 | Average Reward: -44.748 | Steps: 87640 | Total Reward: -45458.5501626255|
| Episode: 344 | Epsilon:  0.10 | Reward: -218.51995986097802 | Average Reward: -46.942 | Steps: 87908 | Total Reward: -45677.07012248648|
| Episode: 345 | Epsilon:  0.10 | Reward: -123.72221020967407 | Average Reward: -47.870 | Steps: 88074 | Total Reward: -45800.79233269615|
| Episode: 346 | Epsilon:  0.10 | Reward: -19.225901916364506 | Average Reward: -45.938 | Steps: 88275 | Total Reward: -45820.018234612544|
| Episode: 347 | Epsilon:  0.10 | Reward: -202.91421007786056 | Average Reward: -47.365 | Steps: 88547 | Total Reward: -46022.9324446904|
| Episode: 348 | Epsilon:  0.10 | Reward: -36.96696119338516 | Average Reward: -44.959 | Steps: 88717 | Total Reward: -46059.89940588377|
| Episode: 349 | Epsilon:  0.10 | Reward: -293.3094332354373 | Average Reward: -46.350 | Steps: 88865 | Total Reward: -46353.20883911919|
| Episode: 350 | Epsilon:  0.10 | Reward: 183.35543879857414 | Average Reward: -46.791 | Steps: 89331 | Total Reward: -46169.853400320586|
| Episode: 351 | Epsilon:  0.10 | Reward: -253.5327148801331 | Average Reward: -47.594 | Steps: 89561 | Total Reward: -46423.38611520077|
| Episode: 352 | Epsilon:  0.10 | Reward: -197.02675335828553 | Average Reward: -47.735 | Steps: 89770 | Total Reward: -46620.41286855902|
| Episode: 353 | Epsilon:  0.10 | Reward: 251.3073169937806 | Average Reward: -47.998 | Steps: 90173 | Total Reward: -46369.10555156526|
| Episode: 354 | Epsilon:  0.10 | Reward: -214.49592212609656 | Average Reward: -49.898 | Steps: 90335 | Total Reward: -46583.60147369136|
| Episode: 355 | Epsilon:  0.10 | Reward: -234.1579613787232 | Average Reward: -50.374 | Steps: 90573 | Total Reward: -46817.759435070046|
| Episode: 356 | Epsilon:  0.10 | Reward: 258.96401543916716 | Average Reward: -49.941 | Steps: 90915 | Total Reward: -46558.79541963089|
| Episode: 357 | Epsilon:  0.10 | Reward: -243.90411536287567 | Average Reward: -50.834 | Steps: 91090 | Total Reward: -46802.69953499378|
| Episode: 358 | Epsilon:  0.10 | Reward: -56.56474763541075 | Average Reward: -53.421 | Steps: 91533 | Total Reward: -46859.26428262919|
| Episode: 359 | Epsilon:  0.10 | Reward: -38.836497217211885 | Average Reward: -53.687 | Steps: 91720 | Total Reward: -46898.10077984641|
| Episode: 360 | Epsilon:  0.10 | Reward: 248.8221492277547 | Average Reward: -53.821 | Steps: 92016 | Total Reward: -46649.27863061868|
| Episode: 361 | Epsilon:  0.10 | Reward: -172.49533006866608 | Average Reward: -53.262 | Steps: 92184 | Total Reward: -46821.77396068732|
| Episode: 362 | Epsilon:  0.10 | Reward: 20.87939824060784 | Average Reward: -52.877 | Steps: 92371 | Total Reward: -46800.89456244672|
| Episode: 363 | Epsilon:  0.10 | Reward: -213.1686724634517 | Average Reward: -53.019 | Steps: 92588 | Total Reward: -47014.063234910085|
| Episode: 364 | Epsilon:  0.10 | Reward: 242.50069439161854 | Average Reward: -53.533 | Steps: 92897 | Total Reward: -46771.56254051849|
| Episode: 365 | Epsilon:  0.10 | Reward: -150.16847421994464 | Average Reward: -54.991 | Steps: 93077 | Total Reward: -46921.73101473844|
| Episode: 366 | Epsilon:  0.10 | Reward: -40.56118441542162 | Average Reward: -53.105 | Steps: 93274 | Total Reward: -46962.2921991539|
| Episode: 367 | Epsilon:  0.10 | Reward: -53.18469203784885 | Average Reward: -54.242 | Steps: 93475 | Total Reward: -47015.47689119175|
| Episode: 368 | Epsilon:  0.10 | Reward: -97.87388304541412 | Average Reward: -55.297 | Steps: 93708 | Total Reward: -47113.35077423714|
| Episode: 369 | Epsilon:  0.10 | Reward: -247.40823927052767 | Average Reward: -57.325 | Steps: 93920 | Total Reward: -47360.7590135077|
| Episode: 370 | Epsilon:  0.10 | Reward: -177.8626272804112 | Average Reward: -59.254 | Steps: 94176 | Total Reward: -47538.62164078805|
| Episode: 371 | Epsilon:  0.10 | Reward: -181.88483476432776 | Average Reward: -63.866 | Steps: 94427 | Total Reward: -47720.50647555239|
| Episode: 372 | Epsilon:  0.10 | Reward: -203.97148703219415 | Average Reward: -64.113 | Steps: 94584 | Total Reward: -47924.477962584526|
| Episode: 373 | Epsilon:  0.10 | Reward: -197.57458462554834 | Average Reward: -68.100 | Steps: 94801 | Total Reward: -48122.05254721008|
| Episode: 374 | Epsilon:  0.10 | Reward: -208.18351844896762 | Average Reward: -70.286 | Steps: 94985 | Total Reward: -48330.23606565901|
| Episode: 375 | Epsilon:  0.10 | Reward: -262.25146598922214 | Average Reward: -70.826 | Steps: 95233 | Total Reward: -48592.48753164827|
| Episode: 376 | Epsilon:  0.10 | Reward: -33.594723933332745 | Average Reward: -68.850 | Steps: 95466 | Total Reward: -48626.0822555816|
| Episode: 377 | Epsilon:  0.10 | Reward: -243.48333046015185 | Average Reward: -71.095 | Steps: 95723 | Total Reward: -48869.56558604175|
| Episode: 378 | Epsilon:  0.10 | Reward: -293.8952115305418 | Average Reward: -72.471 | Steps: 95925 | Total Reward: -49163.460797572305|
| Episode: 379 | Epsilon:  0.10 | Reward: -200.67569423990557 | Average Reward: -74.518 | Steps: 96088 | Total Reward: -49364.136491812256|
| Episode: 380 | Epsilon:  0.10 | Reward: -24.561278681560452 | Average Reward: -72.842 | Steps: 96344 | Total Reward: -49388.69777049385|
| Episode: 381 | Epsilon:  0.10 | Reward: 234.72051014918958 | Average Reward: -68.338 | Steps: 96865 | Total Reward: -49153.97726034464|
| Episode: 382 | Epsilon:  0.10 | Reward: -204.69911272299973 | Average Reward: -72.493 | Steps: 97123 | Total Reward: -49358.6763730677|
| Episode: 383 | Epsilon:  0.10 | Reward: -214.41816163838928 | Average Reward: -77.216 | Steps: 97297 | Total Reward: -49573.094534706106|
| Episode: 384 | Epsilon:  0.10 | Reward: 45.14072629679825 | Average Reward: -74.883 | Steps: 97448 | Total Reward: -49527.953808409286|
| Episode: 385 | Epsilon:  0.10 | Reward: -173.85342921926463 | Average Reward: -76.597 | Steps: 97599 | Total Reward: -49701.80723762852|
| Episode: 386 | Epsilon:  0.10 | Reward: -16.944906072228548 | Average Reward: -74.439 | Steps: 97856 | Total Reward: -49718.75214370071|
| Episode: 387 | Epsilon:  0.10 | Reward: -40.31930329104917 | Average Reward: -74.288 | Steps: 98067 | Total Reward: -49759.07144699175|
| Episode: 388 | Epsilon:  0.10 | Reward: 228.38945999629206 | Average Reward: -69.794 | Steps: 98418 | Total Reward: -49530.68198699546|
| Episode: 389 | Epsilon:  0.10 | Reward: -158.52294702105192 | Average Reward: -69.263 | Steps: 98605 | Total Reward: -49689.20493401652|
| Episode: 390 | Epsilon:  0.10 | Reward: -52.108327373972585 | Average Reward: -67.719 | Steps: 98823 | Total Reward: -49741.313261390475|
| Episode: 391 | Epsilon:  0.10 | Reward: -167.610555536946 | Average Reward: -67.599 | Steps: 98996 | Total Reward: -49908.92381692738|
| Episode: 392 | Epsilon:  0.10 | Reward: -177.7094851595607 | Average Reward: -67.579 | Steps: 99230 | Total Reward: -50086.63330208692|
| Episode: 393 | Epsilon:  0.10 | Reward: -20.705969570074714 | Average Reward: -66.199 | Steps: 99505 | Total Reward: -50107.33927165701|
| Episode: 394 | Epsilon:  0.10 | Reward: 231.28532482416682 | Average Reward: -63.267 | Steps: 99987 | Total Reward: -49876.053946832835|
| Episode: 395 | Epsilon:  0.10 | Reward: 186.6074223386118 | Average Reward: -59.034 | Steps: 100366 | Total Reward: -49689.44652449422|
| Episode: 396 | Epsilon:  0.10 | Reward: -172.67351084870512 | Average Reward: -63.345 | Steps: 100530 | Total Reward: -49862.12003534294|
| Episode: 397 | Epsilon:  0.10 | Reward: -194.30648057617466 | Average Reward: -63.572 | Steps: 100710 | Total Reward: -50056.42651591916|
| Episode: 398 | Epsilon:  0.10 | Reward: -12.349478009238638 | Average Reward: -63.560 | Steps: 100931 | Total Reward: -50068.77599392838|
| Episode: 399 | Epsilon:  0.10 | Reward: -236.4684187239508 | Average Reward: -65.330 | Steps: 101189 | Total Reward: -50305.244412652355|
| Episode: 400 | Epsilon:  0.10 | Reward: -211.89545582166662 | Average Reward: -64.048 | Steps: 101372 | Total Reward: -50517.13986847404|
| Episode: 401 | Epsilon:  0.10 | Reward: 249.59369094879662 | Average Reward: -60.034 | Steps: 101737 | Total Reward: -50267.5461775253|
| Episode: 402 | Epsilon:  0.10 | Reward: -219.8550404007521 | Average Reward: -64.821 | Steps: 101908 | Total Reward: -50487.401217926046|
| Episode: 403 | Epsilon:  0.10 | Reward: 206.52087842221962 | Average Reward: -62.464 | Steps: 102336 | Total Reward: -50280.880339503885|
| Episode: 404 | Epsilon:  0.10 | Reward: -204.0229565493903 | Average Reward: -63.042 | Steps: 102596 | Total Reward: -50484.9032960533|
| Episode: 405 | Epsilon:  0.10 | Reward: -2.256589707518131 | Average Reward: -60.427 | Steps: 102775 | Total Reward: -50487.15988576077|
| Episode: 406 | Epsilon:  0.10 | Reward: -20.658538567410233 | Average Reward: -59.969 | Steps: 102970 | Total Reward: -50507.81842432818|
| Episode: 407 | Epsilon:  0.10 | Reward: -155.4001251804482 | Average Reward: -63.662 | Steps: 103130 | Total Reward: -50663.21854950861|
| Episode: 408 | Epsilon:  0.10 | Reward: -206.72841318983112 | Average Reward: -63.647 | Steps: 103421 | Total Reward: -50869.94696269844|
| Episode: 409 | Epsilon:  0.10 | Reward: -231.6889635979165 | Average Reward: -68.913 | Steps: 103662 | Total Reward: -51101.63592629637|
| Episode: 410 | Epsilon:  0.10 | Reward: 207.09895442369026 | Average Reward: -66.511 | Steps: 104078 | Total Reward: -50894.536971872585|
| Episode: 411 | Epsilon:  0.10 | Reward: 226.60949011147596 | Average Reward: -64.204 | Steps: 104773 | Total Reward: -50667.92748176113|
| Episode: 412 | Epsilon:  0.10 | Reward: -211.89113054282032 | Average Reward: -68.802 | Steps: 105040 | Total Reward: -50879.81861230399|
| Episode: 413 | Epsilon:  0.10 | Reward: -46.25462349981811 | Average Reward: -68.512 | Steps: 105257 | Total Reward: -50926.0732358038|
| Episode: 414 | Epsilon:  0.10 | Reward: -232.97806835992344 | Average Reward: -70.570 | Steps: 105441 | Total Reward: -51159.051304163695|
| Episode: 415 | Epsilon:  0.10 | Reward: -99.81928910558747 | Average Reward: -69.951 | Steps: 105707 | Total Reward: -51258.870593269276|
| Episode: 416 | Epsilon:  0.10 | Reward: -25.419762882360345 | Average Reward: -69.532 | Steps: 105884 | Total Reward: -51284.290356151636|
| Episode: 417 | Epsilon:  0.10 | Reward: -221.72585169296855 | Average Reward: -69.354 | Steps: 106093 | Total Reward: -51506.01620784459|
| Episode: 418 | Epsilon:  0.10 | Reward: -223.502283411107 | Average Reward: -70.923 | Steps: 106307 | Total Reward: -51729.51849125569|
| Episode: 419 | Epsilon:  0.10 | Reward: 200.21895944560205 | Average Reward: -67.211 | Steps: 106761 | Total Reward: -51529.29953181013|
| Episode: 420 | Epsilon:  0.10 | Reward: -74.62531220875877 | Average Reward: -65.673 | Steps: 107071 | Total Reward: -51603.92484401887|
| Episode: 421 | Epsilon:  0.10 | Reward: -237.7074252974816 | Average Reward: -65.697 | Steps: 107222 | Total Reward: -51841.63226931639|
| Episode: 422 | Epsilon:  0.10 | Reward: -42.860353186126346 | Average Reward: -63.642 | Steps: 107510 | Total Reward: -51884.49262250254|
| Episode: 423 | Epsilon:  0.10 | Reward: -213.88767464509203 | Average Reward: -68.097 | Steps: 107730 | Total Reward: -52098.380297147654|
| Episode: 424 | Epsilon:  0.10 | Reward: -213.88566294688297 | Average Reward: -70.660 | Steps: 107881 | Total Reward: -52312.26596009449|
| Episode: 425 | Epsilon:  0.10 | Reward: -83.00844908892896 | Average Reward: -69.453 | Steps: 108423 | Total Reward: -52395.2744091835|
| Episode: 426 | Epsilon:  0.10 | Reward: -18.672848332883163 | Average Reward: -72.243 | Steps: 108670 | Total Reward: -52413.94725751647|
| Episode: 427 | Epsilon:  0.10 | Reward: -274.54456325138483 | Average Reward: -74.584 | Steps: 108857 | Total Reward: -52688.49182076785|
| Episode: 428 | Epsilon:  0.10 | Reward: -67.53007641317623 | Average Reward: -75.149 | Steps: 109059 | Total Reward: -52756.021897181|
| Episode: 429 | Epsilon:  0.10 | Reward: -49.791157595144625 | Average Reward: -78.125 | Steps: 109285 | Total Reward: -52805.81305477616|
| Episode: 430 | Epsilon:  0.10 | Reward: 295.9416021145339 | Average Reward: -74.383 | Steps: 109575 | Total Reward: -52509.87145266162|
| Episode: 431 | Epsilon:  0.10 | Reward: 9.007429427120343 | Average Reward: -71.841 | Steps: 109834 | Total Reward: -52500.864023234484|
| Episode: 432 | Epsilon:  0.10 | Reward: 203.72971572534988 | Average Reward: -72.140 | Steps: 110788 | Total Reward: -52297.13430750906|
| Episode: 433 | Epsilon:  0.10 | Reward: -96.52879086927126 | Average Reward: -71.108 | Steps: 110931 | Total Reward: -52393.663098378296|
| Episode: 434 | Epsilon:  0.10 | Reward: -227.35067822434337 | Average Reward: -71.813 | Steps: 111194 | Total Reward: -52621.013776602595|
| Episode: 435 | Epsilon:  0.10 | Reward: 13.560675946461998 | Average Reward: -69.701 | Steps: 111428 | Total Reward: -52607.45310065612|
| Episode: 436 | Epsilon:  0.10 | Reward: -110.69633752196943 | Average Reward: -72.995 | Steps: 111875 | Total Reward: -52718.149438178145|
| Episode: 437 | Epsilon:  0.10 | Reward: -228.1996114447591 | Average Reward: -73.330 | Steps: 112171 | Total Reward: -52946.34904962294|
| Episode: 438 | Epsilon:  0.10 | Reward: 181.7756009115567 | Average Reward: -69.465 | Steps: 113171 | Total Reward: -52764.57344871136|
| Episode: 439 | Epsilon:  0.10 | Reward: -40.23961575199486 | Average Reward: -72.471 | Steps: 113574 | Total Reward: -52804.81306446341|
| Episode: 440 | Epsilon:  0.10 | Reward: 14.5817295273755 | Average Reward: -72.235 | Steps: 113814 | Total Reward: -52790.231334936085|
| Episode: 441 | Epsilon:  0.10 | Reward: -82.2436848812792 | Average Reward: -76.054 | Steps: 114276 | Total Reward: -52872.475019817364|
| Episode: 442 | Epsilon:  0.10 | Reward: -14.913022425840026 | Average Reward: -74.749 | Steps: 114484 | Total Reward: -52887.388042243154|
| Episode: 443 | Epsilon:  0.10 | Reward: -235.5368224866091 | Average Reward: -76.644 | Steps: 114707 | Total Reward: -53122.92486472976|
| Episode: 444 | Epsilon:  0.10 | Reward: 78.45249263723099 | Average Reward: -73.674 | Steps: 115707 | Total Reward: -53044.47237209246|
| Episode: 445 | Epsilon:  0.10 | Reward: -214.47805282459223 | Average Reward: -74.582 | Steps: 115885 | Total Reward: -53258.95042491706|
| Episode: 446 | Epsilon:  0.10 | Reward: 289.1436385782566 | Average Reward: -71.498 | Steps: 116116 | Total Reward: -52969.80678633884|
| Episode: 447 | Epsilon:  0.10 | Reward: -33.73522950801497 | Average Reward: -69.806 | Steps: 116430 | Total Reward: -53003.54201584689|
| Episode: 448 | Epsilon:  0.10 | Reward: 153.78803464673877 | Average Reward: -67.899 | Steps: 117134 | Total Reward: -52849.75398120022|
| Episode: 449 | Epsilon:  0.10 | Reward: 241.25757006835408 | Average Reward: -62.553 | Steps: 117630 | Total Reward: -52608.49641113187|
| Episode: 450 | Epsilon:  0.10 | Reward: -92.82811215142543 | Average Reward: -65.315 | Steps: 118130 | Total Reward: -52701.32452328338|
| Episode: 451 | Epsilon:  0.10 | Reward: 266.04438706177075 | Average Reward: -60.119 | Steps: 118738 | Total Reward: -52435.28013622156|
| Episode: 452 | Epsilon:  0.10 | Reward: -62.850002632354446 | Average Reward: -58.777 | Steps: 119057 | Total Reward: -52498.13013885385|
| Episode: 453 | Epsilon:  0.10 | Reward: 123.06087969759547 | Average Reward: -60.060 | Steps: 119902 | Total Reward: -52375.0692591562|
| Episode: 454 | Epsilon:  0.10 | Reward: 167.603670710879 | Average Reward: -56.239 | Steps: 120513 | Total Reward: -52207.46558844529|
| Episode: 455 | Epsilon:  0.10 | Reward: -47.368932037918526 | Average Reward: -54.371 | Steps: 120757 | Total Reward: -52254.83452048327|
| Episode: 456 | Epsilon:  0.10 | Reward: 202.6152181234869 | Average Reward: -54.934 | Steps: 121545 | Total Reward: -52052.21930236|
| Episode: 457 | Epsilon:  0.10 | Reward: 229.92672832195944 | Average Reward: -50.196 | Steps: 122007 | Total Reward: -51822.29257403804|
| Episode: 458 | Epsilon:  0.10 | Reward: -25.110689373322245 | Average Reward: -49.881 | Steps: 122312 | Total Reward: -51847.40326341133|
| Episode: 459 | Epsilon:  0.10 | Reward: -216.01105391991754 | Average Reward: -51.653 | Steps: 122476 | Total Reward: -52063.414317331204|
| Episode: 460 | Epsilon:  0.10 | Reward: -261.04302375048985 | Average Reward: -56.752 | Steps: 122736 | Total Reward: -52324.457341081725|
| Episode: 461 | Epsilon:  0.10 | Reward: 121.36664200154394 | Average Reward: -53.813 | Steps: 123736 | Total Reward: -52203.09069908018|
| Episode: 462 | Epsilon:  0.10 | Reward: 290.46889315673366 | Average Reward: -51.117 | Steps: 124056 | Total Reward: -51912.62180592349|
| Episode: 463 | Epsilon:  0.10 | Reward: -222.53748708762697 | Average Reward: -51.211 | Steps: 124267 | Total Reward: -52135.15929301109|
| Episode: 464 | Epsilon:  0.10 | Reward: 136.50256104927317 | Average Reward: -52.271 | Steps: 125149 | Total Reward: -51998.65673196167|
| Episode: 465 | Epsilon:  0.10 | Reward: 116.30113081385592 | Average Reward: -49.606 | Steps: 126149 | Total Reward: -51882.3556011479|
| Episode: 466 | Epsilon:  0.10 | Reward: -188.48440715791082 | Average Reward: -51.085 | Steps: 126391 | Total Reward: -52070.840008305815|
| Episode: 467 | Epsilon:  0.10 | Reward: 211.01719953041982 | Average Reward: -48.443 | Steps: 127223 | Total Reward: -51859.82280877534|
| Episode: 468 | Epsilon:  0.10 | Reward: -348.6997747915982 | Average Reward: -50.952 | Steps: 127565 | Total Reward: -52208.5225835669|
| Episode: 469 | Epsilon:  0.10 | Reward: -57.09231053454564 | Average Reward: -49.049 | Steps: 127762 | Total Reward: -52265.61489410146|
| Episode: 470 | Epsilon:  0.10 | Reward: -66.6942449729287 | Average Reward: -47.937 | Steps: 127950 | Total Reward: -52332.309139074394|
| Episode: 471 | Epsilon:  0.10 | Reward: -207.67883322965312 | Average Reward: -48.195 | Steps: 128175 | Total Reward: -52539.987972304036|
| Episode: 472 | Epsilon:  0.10 | Reward: 29.375955867951774 | Average Reward: -45.861 | Steps: 128374 | Total Reward: -52510.61201643611|
| Episode: 473 | Epsilon:  0.10 | Reward: -17.780437821209475 | Average Reward: -44.063 | Steps: 128570 | Total Reward: -52528.39245425731|
| Episode: 474 | Epsilon:  0.10 | Reward: 263.54220831153106 | Average Reward: -39.346 | Steps: 128979 | Total Reward: -52264.85024594573|
| Episode: 475 | Epsilon:  0.10 | Reward: 245.04535302374896 | Average Reward: -34.273 | Steps: 129442 | Total Reward: -52019.80489292198|
| Episode: 476 | Epsilon:  0.10 | Reward: -3.616403314293379 | Average Reward: -33.973 | Steps: 129649 | Total Reward: -52023.42129623624|
| Episode: 477 | Epsilon:  0.10 | Reward: 275.81573059454155 | Average Reward: -28.780 | Steps: 130173 | Total Reward: -51747.60556564172|
| Episode: 478 | Epsilon:  0.10 | Reward: -260.24596400678735 | Average Reward: -28.444 | Steps: 130690 | Total Reward: -52007.85152964846|
| Episode: 479 | Epsilon:  0.10 | Reward: 275.6149915949381 | Average Reward: -23.681 | Steps: 131189 | Total Reward: -51732.23653805357|
| Episode: 480 | Epsilon:  0.10 | Reward: -235.59799626962018 | Average Reward: -25.791 | Steps: 131431 | Total Reward: -51967.834534323134|
| Episode: 481 | Epsilon:  0.10 | Reward: -156.1746741666201 | Average Reward: -29.700 | Steps: 131594 | Total Reward: -52124.00920848973|
| Episode: 482 | Epsilon:  0.10 | Reward: -198.68084907737367 | Average Reward: -29.640 | Steps: 131837 | Total Reward: -52322.690057567095|
| Episode: 483 | Epsilon:  0.10 | Reward: 205.2783782947797 | Average Reward: -25.443 | Steps: 132457 | Total Reward: -52117.411679272445|
| Episode: 484 | Epsilon:  0.10 | Reward: 231.18199302643583 | Average Reward: -23.583 | Steps: 132861 | Total Reward: -51886.22968624595|
| Episode: 485 | Epsilon:  0.10 | Reward: -222.56177951340084 | Average Reward: -24.070 | Steps: 133006 | Total Reward: -52108.79146575937|
| Episode: 486 | Epsilon:  0.10 | Reward: -165.0202784019403 | Average Reward: -25.551 | Steps: 133167 | Total Reward: -52273.81174416132|
| Episode: 487 | Epsilon:  0.10 | Reward: 216.89306814233734 | Average Reward: -22.978 | Steps: 133566 | Total Reward: -52056.91867601898|
| Episode: 488 | Epsilon:  0.10 | Reward: 203.02232087829987 | Average Reward: -23.232 | Steps: 134392 | Total Reward: -51853.89635514066|
| Episode: 489 | Epsilon:  0.10 | Reward: -9.825150018415783 | Average Reward: -21.745 | Steps: 134567 | Total Reward: -51863.721505159105|
| Episode: 490 | Epsilon:  0.10 | Reward: -202.05475086173618 | Average Reward: -23.245 | Steps: 134804 | Total Reward: -52065.77625602084|
| Episode: 491 | Epsilon:  0.10 | Reward: -19.958606872294027 | Average Reward: -21.768 | Steps: 134989 | Total Reward: -52085.734862893194|
| Episode: 492 | Epsilon:  0.10 | Reward: -59.62860456732004 | Average Reward: -20.587 | Steps: 135154 | Total Reward: -52145.363467460505|
| Episode: 493 | Epsilon:  0.10 | Reward: -221.43955227802496 | Average Reward: -22.595 | Steps: 135457 | Total Reward: -52366.80301973854|
| Episode: 494 | Epsilon:  0.10 | Reward: -37.33194814981769 | Average Reward: -25.281 | Steps: 135652 | Total Reward: -52404.13496788831|
| Episode: 495 | Epsilon:  0.10 | Reward: -33.94665121041095 | Average Reward: -27.486 | Steps: 135833 | Total Reward: -52438.08161909874|
| Episode: 496 | Epsilon:  0.10 | Reward: 249.40965753561247 | Average Reward: -23.266 | Steps: 136204 | Total Reward: -52188.67196156321|
| Episode: 497 | Epsilon:  0.10 | Reward: -34.1279882387029 | Average Reward: -21.664 | Steps: 136511 | Total Reward: -52222.79994980193|
| Episode: 498 | Epsilon:  0.10 | Reward: 140.01792928310815 | Average Reward: -20.140 | Steps: 137511 | Total Reward: -52082.78202051882|
| Episode: 499 | Epsilon:  0.10 | Reward: -238.29435083048548 | Average Reward: -20.158 | Steps: 137745 | Total Reward: -52321.076371349336|
| Episode: 500 | Epsilon:  0.10 | Reward: 231.4096416427107 | Average Reward: -15.725 | Steps: 138139 | Total Reward: -52089.66672970667|
| Episode: 501 | Epsilon:  0.10 | Reward: -185.3823512947432 | Average Reward: -20.075 | Steps: 138366 | Total Reward: -52275.04908100144|
| Episode: 502 | Epsilon:  0.10 | Reward: 23.77055714544946 | Average Reward: -17.639 | Steps: 138576 | Total Reward: -52251.27852385599|
| Episode: 503 | Epsilon:  0.10 | Reward: 97.2423061493428 | Average Reward: -18.732 | Steps: 139576 | Total Reward: -52154.03621770674|
| Episode: 504 | Epsilon:  0.10 | Reward: -27.385792201157926 | Average Reward: -16.965 | Steps: 139764 | Total Reward: -52181.42200990789|
| Episode: 505 | Epsilon:  0.10 | Reward: 97.90909468211066 | Average Reward: -15.964 | Steps: 140764 | Total Reward: -52083.512915225816|
| Episode: 506 | Epsilon:  0.10 | Reward: -58.23920952496684 | Average Reward: -16.339 | Steps: 141156 | Total Reward: -52141.75212475083|
| Episode: 507 | Epsilon:  0.10 | Reward: 4.140997935185567 | Average Reward: -14.744 | Steps: 141393 | Total Reward: -52137.61112681564|
| Episode: 508 | Epsilon:  0.10 | Reward: 178.64835270580602 | Average Reward: -10.890 | Steps: 141878 | Total Reward: -51958.96277410982|
| Episode: 509 | Epsilon:  0.10 | Reward: -42.84147919261376 | Average Reward: -9.002 | Steps: 142079 | Total Reward: -52001.80425330241|
| Episode: 510 | Epsilon:  0.10 | Reward: -217.4358482199774 | Average Reward: -13.247 | Steps: 142294 | Total Reward: -52219.2401015224|
| Episode: 511 | Epsilon:  0.10 | Reward: 282.7119147134039 | Average Reward: -12.686 | Steps: 142866 | Total Reward: -51936.52818680899|
| Episode: 512 | Epsilon:  0.10 | Reward: -178.7109059702729 | Average Reward: -12.354 | Steps: 143126 | Total Reward: -52115.23909277928|
| Episode: 513 | Epsilon:  0.10 | Reward: 227.2148076247742 | Average Reward: -9.620 | Steps: 143825 | Total Reward: -51888.0242851545|
| Episode: 514 | Epsilon:  0.10 | Reward: 230.9629737546743 | Average Reward: -4.980 | Steps: 144309 | Total Reward: -51657.061311399855|
| Episode: 515 | Epsilon:  0.10 | Reward: -7.727110806968582 | Average Reward: -4.059 | Steps: 144561 | Total Reward: -51664.78842220685|
| Episode: 516 | Epsilon:  0.10 | Reward: -196.40542270801785 | Average Reward: -5.769 | Steps: 144819 | Total Reward: -51861.193844914844|
| Episode: 517 | Epsilon:  0.10 | Reward: 266.90372075338246 | Average Reward: -0.883 | Steps: 145125 | Total Reward: -51594.290124161496|
| Episode: 518 | Epsilon:  0.10 | Reward: -221.54718665502173 | Average Reward: -0.863 | Steps: 145369 | Total Reward: -51815.837310816525|
| Episode: 519 | Epsilon:  0.10 | Reward: -254.18467613263707 | Average Reward: -5.407 | Steps: 145563 | Total Reward: -52070.02198694916|
| Episode: 520 | Epsilon:  0.10 | Reward: -193.67793895983425 | Average Reward: -6.598 | Steps: 145810 | Total Reward: -52263.699925909015|
| Episode: 521 | Epsilon:  0.10 | Reward: -177.00776471956965 | Average Reward: -5.991 | Steps: 146039 | Total Reward: -52440.707690628646|
| Episode: 522 | Epsilon:  0.10 | Reward: -222.50599034453677 | Average Reward: -7.787 | Steps: 146337 | Total Reward: -52663.21368097322|
| Episode: 523 | Epsilon:  0.10 | Reward: -12.047801207782697 | Average Reward: -5.769 | Steps: 146644 | Total Reward: -52675.261482181035|
| Episode: 524 | Epsilon:  0.10 | Reward: 208.74732610585843 | Average Reward: -1.542 | Steps: 147535 | Total Reward: -52466.51415607524|
| Episode: 525 | Epsilon:  0.10 | Reward: -249.12644584733874 | Average Reward: -3.204 | Steps: 147819 | Total Reward: -52715.640601922634|
| Episode: 526 | Epsilon:  0.10 | Reward: 198.42706777780214 | Average Reward: -1.033 | Steps: 148519 | Total Reward: -52517.213534144794|
| Episode: 527 | Epsilon:  0.10 | Reward: -232.1383608559009 | Average Reward: -0.609 | Steps: 148804 | Total Reward: -52749.35189500075|
| Episode: 528 | Epsilon:  0.10 | Reward: -258.0997645956644 | Average Reward: -2.514 | Steps: 149035 | Total Reward: -53007.451659596496|
| Episode: 529 | Epsilon:  0.10 | Reward: 3.914963737262724 | Average Reward: -1.977 | Steps: 149223 | Total Reward: -53003.53669585918|
| Episode: 530 | Epsilon:  0.10 | Reward: 254.48222695063856 | Average Reward: -2.392 | Steps: 149555 | Total Reward: -52749.05446890851|
| Episode: 531 | Epsilon:  0.10 | Reward: -263.70452985397236 | Average Reward: -5.119 | Steps: 149811 | Total Reward: -53012.75899876248|
| Episode: 532 | Epsilon:  0.10 | Reward: -255.90186353755752 | Average Reward: -9.715 | Steps: 150055 | Total Reward: -53268.66086229999|
| Episode: 533 | Epsilon:  0.10 | Reward: -11.94422392560044 | Average Reward: -8.869 | Steps: 150260 | Total Reward: -53280.60508622561|
| Episode: 534 | Epsilon:  0.10 | Reward: 241.46610421945908 | Average Reward: -4.181 | Steps: 150607 | Total Reward: -53039.13898200617|
| Episode: 535 | Epsilon:  0.10 | Reward: -19.89525640356416 | Average Reward: -4.516 | Steps: 150860 | Total Reward: -53059.03423840969|
| Episode: 536 | Epsilon:  0.10 | Reward: -59.09008483077544 | Average Reward: -4.000 | Steps: 151097 | Total Reward: -53118.124323240336|
| Episode: 537 | Epsilon:  0.10 | Reward: -210.2853360133078 | Average Reward: -3.821 | Steps: 151397 | Total Reward: -53328.40965925362|
| Episode: 538 | Epsilon:  0.10 | Reward: -243.40958444604044 | Average Reward: -8.072 | Steps: 151723 | Total Reward: -53571.81924369969|
| Episode: 539 | Epsilon:  0.10 | Reward: 265.59560617924956 | Average Reward: -5.014 | Steps: 152064 | Total Reward: -53306.2236375205|
| Episode: 540 | Epsilon:  0.10 | Reward: -244.59888630520294 | Average Reward: -7.606 | Steps: 152346 | Total Reward: -53550.8225238256|
| Episode: 541 | Epsilon:  0.10 | Reward: -133.70596665989527 | Average Reward: -8.121 | Steps: 152533 | Total Reward: -53684.52849048552|
| Episode: 542 | Epsilon:  0.10 | Reward: 2.475590315071699 | Average Reward: -7.947 | Steps: 152717 | Total Reward: -53682.052900170485|
| Episode: 543 | Epsilon:  0.10 | Reward: -42.926172664220665 | Average Reward: -6.021 | Steps: 152928 | Total Reward: -53724.97907283471|
| Episode: 544 | Epsilon:  0.10 | Reward: 245.16788262427374 | Average Reward: -4.353 | Steps: 153459 | Total Reward: -53479.81119021045|
| Episode: 545 | Epsilon:  0.10 | Reward: 206.48650464846165 | Average Reward: -0.144 | Steps: 154139 | Total Reward: -53273.32468556197|
| Episode: 546 | Epsilon:  0.10 | Reward: -37.82563564716041 | Average Reward: -3.413 | Steps: 154341 | Total Reward: -53311.15032120911|
| Episode: 547 | Epsilon:  0.10 | Reward: -182.63985274529261 | Average Reward: -4.902 | Steps: 154556 | Total Reward: -53493.79017395447|
| Episode: 548 | Epsilon:  0.10 | Reward: -66.57934998352161 | Average Reward: -7.106 | Steps: 154791 | Total Reward: -53560.369523938|
| Episode: 549 | Epsilon:  0.10 | Reward: -202.15155737273568 | Average Reward: -11.540 | Steps: 155015 | Total Reward: -53762.52108131075|
| Episode: 550 | Epsilon:  0.10 | Reward: 242.5084655253786 | Average Reward: -8.187 | Steps: 155455 | Total Reward: -53520.01261578542|
| Episode: 551 | Epsilon:  0.10 | Reward: -183.33452379136918 | Average Reward: -12.681 | Steps: 155593 | Total Reward: -53703.34713957676|
| Episode: 552 | Epsilon:  0.10 | Reward: -67.61257616859722 | Average Reward: -12.728 | Steps: 155813 | Total Reward: -53770.95971574532|
| Episode: 553 | Epsilon:  0.10 | Reward: 248.05009594967535 | Average Reward: -11.478 | Steps: 156103 | Total Reward: -53522.90961979565|
| Episode: 554 | Epsilon:  0.10 | Reward: -91.66624174787285 | Average Reward: -14.071 | Steps: 156433 | Total Reward: -53614.57586154355|
| Episode: 555 | Epsilon:  0.10 | Reward: 224.70447852582018 | Average Reward: -11.350 | Steps: 156948 | Total Reward: -53389.8713830177|
| Episode: 556 | Epsilon:  0.10 | Reward: 207.62254310050648 | Average Reward: -11.300 | Steps: 157584 | Total Reward: -53182.248839917156|
| Episode: 557 | Epsilon:  0.10 | Reward: 9.156773759741952 | Average Reward: -13.508 | Steps: 157768 | Total Reward: -53173.09206615742|
| Episode: 558 | Epsilon:  0.10 | Reward: -231.49184380443856 | Average Reward: -15.572 | Steps: 157984 | Total Reward: -53404.5839099619|
| Episode: 559 | Epsilon:  0.10 | Reward: -12.552027196903254 | Average Reward: -13.537 | Steps: 158156 | Total Reward: -53417.13593715879|
| Episode: 560 | Epsilon:  0.10 | Reward: -42.88047406473983 | Average Reward: -11.356 | Steps: 158448 | Total Reward: -53460.01641122355|
| Episode: 561 | Epsilon:  0.10 | Reward: -316.61784588740477 | Average Reward: -15.735 | Steps: 158657 | Total Reward: -53776.63425711102|
| Episode: 562 | Epsilon:  0.10 | Reward: 216.8753128756951 | Average Reward: -16.471 | Steps: 159109 | Total Reward: -53559.75894423526|
| Episode: 563 | Epsilon:  0.10 | Reward: -77.11870990101266 | Average Reward: -15.017 | Steps: 159500 | Total Reward: -53636.87765413628|
| Episode: 564 | Epsilon:  0.10 | Reward: -170.14800553408452 | Average Reward: -18.084 | Steps: 159809 | Total Reward: -53807.02565967035|
| Episode: 565 | Epsilon:  0.10 | Reward: 255.91881146562022 | Average Reward: -16.688 | Steps: 160686 | Total Reward: -53551.10684820478|
| Episode: 566 | Epsilon:  0.10 | Reward: -110.83104226423883 | Average Reward: -15.911 | Steps: 160875 | Total Reward: -53661.937890468995|
| Episode: 567 | Epsilon:  0.10 | Reward: -197.5891973176379 | Average Reward: -19.997 | Steps: 161040 | Total Reward: -53859.52708778663|
| Episode: 568 | Epsilon:  0.10 | Reward: -77.0614304759441 | Average Reward: -17.281 | Steps: 161213 | Total Reward: -53936.588518262564|
| Episode: 569 | Epsilon:  0.10 | Reward: -134.4596156383172 | Average Reward: -18.054 | Steps: 161756 | Total Reward: -54071.04813390081|
| Episode: 570 | Epsilon:  0.10 | Reward: 241.2078835756398 | Average Reward: -14.975 | Steps: 162102 | Total Reward: -53829.840250325215|
| Episode: 571 | Epsilon:  0.10 | Reward: -43.08679011888675 | Average Reward: -13.329 | Steps: 162365 | Total Reward: -53872.927040444105|
| Episode: 572 | Epsilon:  0.10 | Reward: -218.05068324491327 | Average Reward: -15.804 | Steps: 162638 | Total Reward: -54090.977723689066|
| Episode: 573 | Epsilon:  0.10 | Reward: -39.18775788898678 | Average Reward: -16.018 | Steps: 162897 | Total Reward: -54130.16548157805|
| Episode: 574 | Epsilon:  0.10 | Reward: -21.292346556947734 | Average Reward: -18.866 | Steps: 163160 | Total Reward: -54151.457828135026|
| Episode: 575 | Epsilon:  0.10 | Reward: -37.13576921241501 | Average Reward: -21.688 | Steps: 163405 | Total Reward: -54188.59359734747|
| Episode: 576 | Epsilon:  0.10 | Reward: 286.7538893291229 | Average Reward: -18.784 | Steps: 163894 | Total Reward: -53901.8397080184|
| Episode: 577 | Epsilon:  0.10 | Reward: -52.799533221645405 | Average Reward: -22.070 | Steps: 164086 | Total Reward: -53954.63924124008|
| Episode: 578 | Epsilon:  0.10 | Reward: -32.703360245984015 | Average Reward: -19.795 | Steps: 164298 | Total Reward: -53987.34260148606|
| Episode: 579 | Epsilon:  0.10 | Reward: 160.4356076589106 | Average Reward: -20.947 | Steps: 165266 | Total Reward: -53826.90699382709|
| Episode: 580 | Epsilon:  0.10 | Reward: -184.81289901243883 | Average Reward: -20.439 | Steps: 165451 | Total Reward: -54011.719892839516|
| Episode: 581 | Epsilon:  0.10 | Reward: -232.48292864711743 | Average Reward: -21.202 | Steps: 165731 | Total Reward: -54244.202821486615|
| Episode: 582 | Epsilon:  0.10 | Reward: -182.6904058854302 | Average Reward: -21.042 | Steps: 165932 | Total Reward: -54426.89322737203|
| Episode: 583 | Epsilon:  0.10 | Reward: -221.1352078948234 | Average Reward: -25.306 | Steps: 166159 | Total Reward: -54648.02843526683|
| Episode: 584 | Epsilon:  0.10 | Reward: -314.1135981338672 | Average Reward: -30.759 | Steps: 166776 | Total Reward: -54962.14203340069|
| Episode: 585 | Epsilon:  0.10 | Reward: -216.50352685889249 | Average Reward: -30.699 | Steps: 167062 | Total Reward: -55178.645560259596|
| Episode: 586 | Epsilon:  0.10 | Reward: -22.763001807153344 | Average Reward: -29.276 | Steps: 167284 | Total Reward: -55201.40856206678|
| Episode: 587 | Epsilon:  0.10 | Reward: -8.661267798956487 | Average Reward: -31.532 | Steps: 167539 | Total Reward: -55210.069829865715|
| Episode: 588 | Epsilon:  0.10 | Reward: 247.10254539543828 | Average Reward: -31.091 | Steps: 168073 | Total Reward: -54962.96728447014|
| Episode: 589 | Epsilon:  0.10 | Reward: 203.25837648953336 | Average Reward: -28.960 | Steps: 168842 | Total Reward: -54759.708907980654|
| Episode: 590 | Epsilon:  0.10 | Reward: 287.06838117832746 | Average Reward: -24.069 | Steps: 169563 | Total Reward: -54472.640526802315|
| Episode: 591 | Epsilon:  0.10 | Reward: -279.6893831657189 | Average Reward: -26.666 | Steps: 169757 | Total Reward: -54752.32990996802|
| Episode: 592 | Epsilon:  0.10 | Reward: -58.55992362347276 | Average Reward: -26.655 | Steps: 169949 | Total Reward: -54810.88983359154|
| Episode: 593 | Epsilon:  0.10 | Reward: 219.88680322808358 | Average Reward: -22.242 | Steps: 170627 | Total Reward: -54591.00303036348|
| Episode: 594 | Epsilon:  0.10 | Reward: -330.07202568061234 | Average Reward: -25.169 | Steps: 171522 | Total Reward: -54921.07505604411|
| Episode: 595 | Epsilon:  0.10 | Reward: -33.6101981594497 | Average Reward: -25.166 | Steps: 172522 | Total Reward: -54954.68525420349|
| Episode: 596 | Epsilon:  0.10 | Reward: -226.18830434848422 | Average Reward: -29.922 | Steps: 172765 | Total Reward: -55180.87355855199|
| Episode: 597 | Epsilon:  0.10 | Reward: 135.62553227896674 | Average Reward: -28.224 | Steps: 173598 | Total Reward: -55045.24802627301|
| Episode: 598 | Epsilon:  0.10 | Reward: -247.24380159111968 | Average Reward: -32.097 | Steps: 174069 | Total Reward: -55292.49182786419|
| Episode: 599 | Epsilon:  0.10 | Reward: 33.617988575564326 | Average Reward: -29.378 | Steps: 175069 | Total Reward: -55258.87383928853|
| Episode: 600 | Epsilon:  0.10 | Reward: -45.71175075733021 | Average Reward: -32.149 | Steps: 175329 | Total Reward: -55304.58559004582|
| Episode: 601 | Epsilon:  0.10 | Reward: -273.6661128784596 | Average Reward: -33.032 | Steps: 175657 | Total Reward: -55578.251702924244|
| Episode: 602 | Epsilon:  0.10 | Reward: -70.90114874623299 | Average Reward: -33.979 | Steps: 176008 | Total Reward: -55649.15285167044|
| Episode: 603 | Epsilon:  0.10 | Reward: -158.87262393938886 | Average Reward: -36.540 | Steps: 176251 | Total Reward: -55808.02547560983|
| Episode: 604 | Epsilon:  0.10 | Reward: -109.69666625351148 | Average Reward: -37.363 | Steps: 176682 | Total Reward: -55917.722141863385|
| Episode: 605 | Epsilon:  0.10 | Reward: -39.171048716305535 | Average Reward: -38.734 | Steps: 176954 | Total Reward: -55956.89319057971|
| Episode: 606 | Epsilon:  0.10 | Reward: -108.48308687085822 | Average Reward: -39.236 | Steps: 177954 | Total Reward: -56065.37627745045|
| Episode: 607 | Epsilon:  0.10 | Reward: -385.4813514636087 | Average Reward: -43.132 | Steps: 178930 | Total Reward: -56450.85762891407|
| Episode: 608 | Epsilon:  0.10 | Reward: -75.31192866650015 | Average Reward: -45.672 | Steps: 179167 | Total Reward: -56526.169557580615|
| Episode: 609 | Epsilon:  0.10 | Reward: -304.217343879228 | Average Reward: -48.286 | Steps: 179883 | Total Reward: -56830.38690145992|
| Episode: 610 | Epsilon:  0.10 | Reward: -112.47272101838021 | Average Reward: -47.236 | Steps: 180432 | Total Reward: -56942.85962247841|
| Episode: 611 | Epsilon:  0.10 | Reward: -12.647486982289351 | Average Reward: -50.190 | Steps: 180690 | Total Reward: -56955.50710946067|
| Episode: 612 | Epsilon:  0.10 | Reward: 209.2044607172467 | Average Reward: -46.311 | Steps: 181242 | Total Reward: -56746.3026487435|
| Episode: 613 | Epsilon:  0.10 | Reward: -300.19888959015043 | Average Reward: -51.585 | Steps: 181752 | Total Reward: -57046.50153833363|
| Episode: 614 | Epsilon:  0.10 | Reward: -30.434908603870397 | Average Reward: -54.199 | Steps: 182065 | Total Reward: -57076.93644693753|
| Episode: 615 | Epsilon:  0.10 | Reward: -113.5701130574246 | Average Reward: -55.257 | Steps: 182853 | Total Reward: -57190.50655999484|
| Episode: 616 | Epsilon:  0.10 | Reward: -54.612191479826194 | Average Reward: -53.839 | Steps: 183039 | Total Reward: -57245.11875147466|
| Episode: 617 | Epsilon:  0.10 | Reward: -100.62287596237127 | Average Reward: -57.515 | Steps: 183451 | Total Reward: -57345.74162743702|
| Episode: 618 | Epsilon:  0.10 | Reward: -34.58355410026873 | Average Reward: -55.645 | Steps: 183765 | Total Reward: -57380.32518153727|
| Episode: 619 | Epsilon:  0.10 | Reward: 217.2725986292126 | Average Reward: -50.930 | Steps: 184129 | Total Reward: -57163.052582908065|
| Episode: 620 | Epsilon:  0.10 | Reward: -52.0701446502004 | Average Reward: -49.514 | Steps: 184505 | Total Reward: -57215.122727558315|
| Episode: 621 | Epsilon:  0.10 | Reward: -102.77073409370855 | Average Reward: -48.772 | Steps: 184795 | Total Reward: -57317.89346165204|
| Episode: 622 | Epsilon:  0.10 | Reward: -4.903578020842048 | Average Reward: -46.596 | Steps: 185030 | Total Reward: -57322.79703967289|
| Episode: 623 | Epsilon:  0.10 | Reward: -219.52676881053458 | Average Reward: -48.671 | Steps: 185354 | Total Reward: -57542.32380848343|
| Episode: 624 | Epsilon:  0.10 | Reward: -63.3763805604457 | Average Reward: -51.392 | Steps: 185785 | Total Reward: -57605.70018904389|
| Episode: 625 | Epsilon:  0.10 | Reward: -339.35380090762084 | Average Reward: -52.294 | Steps: 186765 | Total Reward: -57945.053989951506|
| Episode: 626 | Epsilon:  0.10 | Reward: -164.4794418598333 | Average Reward: -55.923 | Steps: 187765 | Total Reward: -58109.53343181144|
| Episode: 627 | Epsilon:  0.10 | Reward: -139.57563189926196 | Average Reward: -54.998 | Steps: 188765 | Total Reward: -58249.10906371074|
| Episode: 628 | Epsilon:  0.10 | Reward: 74.17064050670643 | Average Reward: -51.675 | Steps: 189765 | Total Reward: -58174.93842320412|
| Episode: 629 | Epsilon:  0.10 | Reward: -199.63238733460489 | Average Reward: -53.710 | Steps: 190141 | Total Reward: -58374.570810538746|
| Episode: 630 | Epsilon:  0.10 | Reward: -206.2843806893224 | Average Reward: -58.318 | Steps: 190457 | Total Reward: -58580.85519122806|
| Episode: 631 | Epsilon:  0.10 | Reward: -362.3591622324148 | Average Reward: -59.305 | Steps: 191298 | Total Reward: -58943.21435346051|
| Episode: 632 | Epsilon:  0.10 | Reward: -158.42364667246028 | Average Reward: -58.330 | Steps: 192298 | Total Reward: -59101.6380001329|
| Episode: 633 | Epsilon:  0.10 | Reward: -36.98758823338051 | Average Reward: -58.580 | Steps: 192621 | Total Reward: -59138.62558836628|
| Episode: 634 | Epsilon:  0.10 | Reward: 241.1515483898368 | Average Reward: -58.583 | Steps: 193261 | Total Reward: -58897.47403997646|
| Episode: 635 | Epsilon:  0.10 | Reward: -139.09726695633324 | Average Reward: -59.775 | Steps: 194261 | Total Reward: -59036.5713069329|
| Episode: 636 | Epsilon:  0.10 | Reward: -169.3039511304409 | Average Reward: -60.878 | Steps: 195261 | Total Reward: -59205.875258063475|
| Episode: 637 | Epsilon:  0.10 | Reward: -159.8064005995113 | Average Reward: -60.373 | Steps: 196261 | Total Reward: -59365.681658662994|
| Episode: 638 | Epsilon:  0.10 | Reward: -121.37212054918206 | Average Reward: -59.152 | Steps: 196508 | Total Reward: -59487.05377921216|
| Episode: 639 | Epsilon:  0.10 | Reward: -224.2590935108621 | Average Reward: -64.051 | Steps: 196890 | Total Reward: -59711.312872723014|
| Episode: 640 | Epsilon:  0.10 | Reward: 124.76941563697383 | Average Reward: -60.357 | Steps: 197890 | Total Reward: -59586.543457086096|
| Episode: 641 | Epsilon:  0.10 | Reward: -100.6702933221475 | Average Reward: -60.027 | Steps: 198890 | Total Reward: -59687.213750408206|
| Episode: 642 | Epsilon:  0.10 | Reward: -145.83790391171468 | Average Reward: -61.510 | Steps: 199890 | Total Reward: -59833.05165431991|
| Episode: 643 | Epsilon:  0.10 | Reward: -155.6945077283223 | Average Reward: -62.638 | Steps: 200890 | Total Reward: -59988.74616204819|
| Episode: 644 | Epsilon:  0.10 | Reward: -81.39256006970717 | Average Reward: -65.903 | Steps: 201281 | Total Reward: -60070.138722117925|
| Episode: 645 | Epsilon:  0.10 | Reward: -302.80666832422537 | Average Reward: -70.996 | Steps: 202008 | Total Reward: -60372.94539044226|
| Episode: 646 | Epsilon:  0.10 | Reward: -133.9265728151926 | Average Reward: -71.957 | Steps: 203008 | Total Reward: -60506.87196325752|
| Episode: 647 | Epsilon:  0.10 | Reward: -65.10070939269636 | Average Reward: -70.782 | Steps: 204008 | Total Reward: -60571.972672650125|
| Episode: 648 | Epsilon:  0.10 | Reward: 57.03713266889588 | Average Reward: -69.546 | Steps: 205008 | Total Reward: -60514.93553998118|
| Episode: 649 | Epsilon:  0.10 | Reward: 64.81941096799302 | Average Reward: -66.876 | Steps: 206008 | Total Reward: -60450.11612901319|
| Episode: 650 | Epsilon:  0.10 | Reward: -102.99406196091138 | Average Reward: -70.331 | Steps: 207008 | Total Reward: -60553.1101909742|
| Episode: 651 | Epsilon:  0.10 | Reward: 161.60353595306196 | Average Reward: -66.882 | Steps: 207688 | Total Reward: -60391.50665502116|
| Episode: 652 | Epsilon:  0.10 | Reward: 56.57924533607749 | Average Reward: -65.640 | Steps: 207965 | Total Reward: -60334.927409685064|
| Episode: 653 | Epsilon:  0.10 | Reward: -130.13802063853925 | Average Reward: -69.422 | Steps: 208965 | Total Reward: -60465.06543032363|
| Episode: 654 | Epsilon:  0.10 | Reward: -109.3446654413613 | Average Reward: -69.598 | Steps: 209965 | Total Reward: -60574.41009576506|
| Episode: 655 | Epsilon:  0.10 | Reward: -116.27959852617377 | Average Reward: -73.008 | Steps: 210965 | Total Reward: -60690.68969429126|
| Episode: 656 | Epsilon:  0.10 | Reward: -103.26364852672403 | Average Reward: -76.117 | Steps: 211965 | Total Reward: -60793.95334281793|
| Episode: 657 | Epsilon:  0.10 | Reward: -189.65902632843992 | Average Reward: -78.105 | Steps: 212272 | Total Reward: -60983.61236914635|
| Episode: 658 | Epsilon:  0.10 | Reward: -89.39191479130034 | Average Reward: -76.684 | Steps: 213272 | Total Reward: -61073.00428393756|
| Episode: 659 | Epsilon:  0.10 | Reward: -171.77453889244907 | Average Reward: -78.276 | Steps: 214272 | Total Reward: -61244.778822830005|
| Episode: 660 | Epsilon:  0.10 | Reward: -71.61099230320073 | Average Reward: -78.564 | Steps: 214623 | Total Reward: -61316.38981513318|
| Episode: 661 | Epsilon:  0.10 | Reward: 64.08790063543391 | Average Reward: -74.757 | Steps: 215623 | Total Reward: -61252.301914497715|
| Episode: 662 | Epsilon:  0.10 | Reward: -136.82613654373463 | Average Reward: -78.294 | Steps: 216623 | Total Reward: -61389.12805104142|
| Episode: 663 | Epsilon:  0.10 | Reward: -103.93455280840266 | Average Reward: -78.562 | Steps: 217623 | Total Reward: -61493.062603849896|
| Episode: 664 | Epsilon:  0.10 | Reward: -141.66944900780797 | Average Reward: -78.277 | Steps: 218623 | Total Reward: -61634.73205285775|
| Episode: 665 | Epsilon:  0.10 | Reward: -166.93272860796367 | Average Reward: -82.506 | Steps: 219623 | Total Reward: -61801.66478146574|
| Episode: 666 | Epsilon:  0.10 | Reward: -233.28660809914808 | Average Reward: -83.730 | Steps: 219996 | Total Reward: -62034.95138956488|
| Episode: 667 | Epsilon:  0.10 | Reward: 185.301252353731 | Average Reward: -79.901 | Steps: 220667 | Total Reward: -61849.65013721122|
| Episode: 668 | Epsilon:  0.10 | Reward: -129.07769802102524 | Average Reward: -80.421 | Steps: 221667 | Total Reward: -61978.727835232225|
| Episode: 669 | Epsilon:  0.10 | Reward: -50.099222915786896 | Average Reward: -79.578 | Steps: 222256 | Total Reward: -62028.82705814809|
| Episode: 670 | Epsilon:  0.10 | Reward: -214.94730912052057 | Average Reward: -84.139 | Steps: 223256 | Total Reward: -62243.7743672685|
| Episode: 671 | Epsilon:  0.10 | Reward: -63.843356972476045 | Average Reward: -84.347 | Steps: 224256 | Total Reward: -62307.61772424092|
| Episode: 672 | Epsilon:  0.10 | Reward: -17.667126178805518 | Average Reward: -82.343 | Steps: 224473 | Total Reward: -62325.28485041974|
| Episode: 673 | Epsilon:  0.10 | Reward: -66.37301118130038 | Average Reward: -82.615 | Steps: 225473 | Total Reward: -62391.65786160115|
| Episode: 674 | Epsilon:  0.10 | Reward: -192.64216867294985 | Average Reward: -84.328 | Steps: 226473 | Total Reward: -62584.30003027394|
| Episode: 675 | Epsilon:  0.10 | Reward: -146.62316758137035 | Average Reward: -85.423 | Steps: 227473 | Total Reward: -62730.92319785528|
| Episode: 676 | Epsilon:  0.10 | Reward: -125.91798513415347 | Average Reward: -89.550 | Steps: 228473 | Total Reward: -62856.841182989454|
| Episode: 677 | Epsilon:  0.10 | Reward: -168.84288961770204 | Average Reward: -90.710 | Steps: 228819 | Total Reward: -63025.68407260709|
| Episode: 678 | Epsilon:  0.10 | Reward: -85.44287981655829 | Average Reward: -91.238 | Steps: 229819 | Total Reward: -63111.12695242358|
| Episode: 679 | Epsilon:  0.10 | Reward: -160.87097484422262 | Average Reward: -94.451 | Steps: 230819 | Total Reward: -63271.997927267774|
| Episode: 680 | Epsilon:  0.10 | Reward: -155.6070439540696 | Average Reward: -94.159 | Steps: 231819 | Total Reward: -63427.60497122188|
| Episode: 681 | Epsilon:  0.10 | Reward: -104.82124569473122 | Average Reward: -92.882 | Steps: 232819 | Total Reward: -63532.42621691658|
| Episode: 682 | Epsilon:  0.10 | Reward: 93.20478333506603 | Average Reward: -90.123 | Steps: 233819 | Total Reward: -63439.221433581624|
| Episode: 683 | Epsilon:  0.10 | Reward: -115.20125185901642 | Average Reward: -89.064 | Steps: 234819 | Total Reward: -63554.422685440644|
| Episode: 684 | Epsilon:  0.10 | Reward: -136.3857411290295 | Average Reward: -87.287 | Steps: 235819 | Total Reward: -63690.80842656965|
| Episode: 685 | Epsilon:  0.10 | Reward: -9.224222498730473 | Average Reward: -85.214 | Steps: 236819 | Total Reward: -63700.032649068446|
| Episode: 686 | Epsilon:  0.10 | Reward: -38.559436986706814 | Average Reward: -85.372 | Steps: 237819 | Total Reward: -63738.592086055185|
