+------------------------+----------------------------+--------------------+
|                        |     Supported Features     |  Program Commands  |
+========================+============================+====================+
| Compatible Layers      | Hopfield Layer,            | hopfield,          |
|                        | HopfieldLayer Layer,       | hopfield_layer,    |
|                        | HopfieldPooling Layer,     | hopfield_pooling,  |
|                        | LSTM,                      | lstm,              |
|                        | GRU                        | gru                |
+------------------------+----------------------------+--------------------+
| Supported Loss Metrics | Huber Loss,                | huber,             |
|                        | Mean Absolute Error Loss,  | mae,               |
|                        | Mean Squared Error Loss,   | mse,               |
|                        | SmoothL1 Loss              | smooth_l1          |
+------------------------+----------------------------+--------------------+
| Supported Optimizers   | RMSprop (default),         | rmsprop,           |
|                        | AdamW,                     | adam,              |
|                        | Adam                       | adamW              |
+------------------------+----------------------------+--------------------+
| Episode:   1 | Epsilon:  0.90 | Reward: -154.47076421052412 | Average Reward: -154.471 | Steps:    61 | Total Reward: -154.47076421052412|
| Episode:   2 | Epsilon:  0.86 | Reward: -360.8612769562058 | Average Reward: -257.666 | Steps:   166 | Total Reward: -515.3320411667294|
| Episode:   3 | Epsilon:  0.82 | Reward: -189.86875124395854 | Average Reward: -235.067 | Steps:   237 | Total Reward: -705.2007924106877|
| Episode:   4 | Epsilon:  0.79 | Reward: -432.3718617065026 | Average Reward: -284.393 | Steps:   344 | Total Reward: -1137.5726541171898|
| Episode:   5 | Epsilon:  0.75 | Reward: -399.7130027297323 | Average Reward: -307.457 | Steps:   449 | Total Reward: -1537.2856568469222|
| Episode:   6 | Epsilon:  0.72 | Reward: -516.856510766914 | Average Reward: -342.357 | Steps:   542 | Total Reward: -2054.142167613836|
| Episode:   7 | Epsilon:  0.69 | Reward: -117.96785213075606 | Average Reward: -310.301 | Steps:   613 | Total Reward: -2172.1100197445908|
| Episode:   8 | Epsilon:  0.66 | Reward: -339.96516112581764 | Average Reward: -314.009 | Steps:   699 | Total Reward: -2512.0751808704103|
| Episode:   9 | Epsilon:  0.64 | Reward: 22.155845062741378 | Average Reward: -276.658 | Steps:   773 | Total Reward: -2489.919335807669|
| Episode:  10 | Epsilon:  0.61 | Reward: -547.1224424401864 | Average Reward: -303.704 | Steps:   858 | Total Reward: -3037.041778247856|
| Episode:  11 | Epsilon:  0.59 | Reward: -291.3744060798183 | Average Reward: -302.583 | Steps:   920 | Total Reward: -3328.416184327672|
| Episode:  12 | Epsilon:  0.56 | Reward: -500.36754836667075 | Average Reward: -319.065 | Steps:  1017 | Total Reward: -3828.783732694345|
| Episode:  13 | Epsilon:  0.54 | Reward: -482.2307237138283 | Average Reward: -331.616 | Steps:  1117 | Total Reward: -4311.014456408173|
| Episode:  14 | Epsilon:  0.52 | Reward: -475.94457770851136 | Average Reward: -341.926 | Steps:  1196 | Total Reward: -4786.959034116683|
| Episode:  15 | Epsilon:  0.50 | Reward: -367.1001360045617 | Average Reward: -343.604 | Steps:  1256 | Total Reward: -5154.059170121242|
| Episode:  16 | Epsilon:  0.48 | Reward: -432.18677180009655 | Average Reward: -349.140 | Steps:  1342 | Total Reward: -5586.24594192134|
| Episode:  17 | Epsilon:  0.46 | Reward: -725.5607371104132 | Average Reward: -371.283 | Steps:  1434 | Total Reward: -6311.806679031756|
| Episode:  18 | Epsilon:  0.44 | Reward: -458.8284117374184 | Average Reward: -376.146 | Steps:  1505 | Total Reward: -6770.635090769176|
| Episode:  19 | Epsilon:  0.43 | Reward: -456.5115136527338 | Average Reward: -380.376 | Steps:  1575 | Total Reward: -7227.146604421908|
| Episode:  20 | Epsilon:  0.41 | Reward: -659.4036888183576 | Average Reward: -394.328 | Steps:  1658 | Total Reward: -7886.550293240269|
| Episode:  21 | Epsilon:  0.39 | Reward: -492.50456091074517 | Average Reward: -399.003 | Steps:  1719 | Total Reward: -8379.054854151012|
| Episode:  22 | Epsilon:  0.38 | Reward: -661.8062919725083 | Average Reward: -410.948 | Steps:  1804 | Total Reward: -9040.861146123521|
| Episode:  23 | Epsilon:  0.37 | Reward: -326.094766277124 | Average Reward: -407.259 | Steps:  1885 | Total Reward: -9366.955912400635|
| Episode:  24 | Epsilon:  0.35 | Reward: -246.84270239493168 | Average Reward: -400.575 | Steps:  1942 | Total Reward: -9613.798614795573|
| Episode:  25 | Epsilon:  0.34 | Reward: -479.8451238097313 | Average Reward: -403.746 | Steps:  2031 | Total Reward: -10093.643738605306|
| Episode:  26 | Epsilon:  0.33 | Reward: -453.05686218353986 | Average Reward: -405.642 | Steps:  2119 | Total Reward: -10546.700600788852|
| Episode:  27 | Epsilon:  0.32 | Reward: -132.63739070557833 | Average Reward: -395.531 | Steps:  2231 | Total Reward: -10679.337991494423|
| Episode:  28 | Epsilon:  0.31 | Reward: -259.1222745187392 | Average Reward: -390.659 | Steps:  2302 | Total Reward: -10938.46026601316|
| Episode:  29 | Epsilon:  0.30 | Reward: -352.17375491572557 | Average Reward: -389.332 | Steps:  2399 | Total Reward: -11290.634020928886|
| Episode:  30 | Epsilon:  0.29 | Reward: -593.5639604729515 | Average Reward: -396.140 | Steps:  2524 | Total Reward: -11884.197981401838|
| Episode:  31 | Epsilon:  0.28 | Reward: -114.25407769664193 | Average Reward: -387.047 | Steps:  2612 | Total Reward: -11998.452059098487|
| Episode:  32 | Epsilon:  0.27 | Reward: -206.15414025991123 | Average Reward: -381.394 | Steps:  2731 | Total Reward: -12204.606199358414|
| Episode:  33 | Epsilon:  0.26 | Reward: -317.72830167759105 | Average Reward: -379.465 | Steps:  2838 | Total Reward: -12522.334501036003|
| Episode:  34 | Epsilon:  0.25 | Reward: -234.92672318007402 | Average Reward: -375.214 | Steps:  2919 | Total Reward: -12757.261224216081|
| Episode:  35 | Epsilon:  0.25 | Reward: -274.5477134759859 | Average Reward: -372.337 | Steps:  3041 | Total Reward: -13031.808937692076|
| Episode:  36 | Epsilon:  0.24 | Reward: -73.32520964443687 | Average Reward: -364.032 | Steps:  3282 | Total Reward: -13105.134147336514|
| Episode:  37 | Epsilon:  0.23 | Reward: -144.63748217308 | Average Reward: -358.102 | Steps:  3384 | Total Reward: -13249.7716295096|
| Episode:  38 | Epsilon:  0.23 | Reward: 7.571557771428672 | Average Reward: -348.479 | Steps:  3454 | Total Reward: -13242.200071738169|
| Episode:  39 | Epsilon:  0.22 | Reward: -284.04498155964524 | Average Reward: -346.827 | Steps:  3543 | Total Reward: -13526.24505329781|
| Episode:  40 | Epsilon:  0.21 | Reward: -151.8855785734769 | Average Reward: -341.953 | Steps:  3602 | Total Reward: -13678.13063187129|
| Episode:  41 | Epsilon:  0.21 | Reward: -164.6415626878249 | Average Reward: -337.629 | Steps:  3682 | Total Reward: -13842.772194559115|
| Episode:  42 | Epsilon:  0.20 | Reward: -330.5460031099246 | Average Reward: -337.460 | Steps:  3745 | Total Reward: -14173.318197669041|
| Episode:  43 | Epsilon:  0.20 | Reward: -453.4268452272386 | Average Reward: -340.157 | Steps:  3817 | Total Reward: -14626.745042896282|
| Episode:  44 | Epsilon:  0.19 | Reward: -395.1323652071087 | Average Reward: -341.406 | Steps:  3881 | Total Reward: -15021.877408103393|
| Episode:  45 | Epsilon:  0.19 | Reward: -164.70994470730707 | Average Reward: -337.480 | Steps:  3957 | Total Reward: -15186.587352810693|
| Episode:  46 | Epsilon:  0.18 | Reward: -168.70710543730002 | Average Reward: -333.811 | Steps:  4011 | Total Reward: -15355.294458248|
| Episode:  47 | Epsilon:  0.18 | Reward: -407.787440110238 | Average Reward: -335.385 | Steps:  4083 | Total Reward: -15763.08189835824|
| Episode:  48 | Epsilon:  0.18 | Reward: -272.4158003628909 | Average Reward: -334.073 | Steps:  4147 | Total Reward: -16035.497698721128|
| Episode:  49 | Epsilon:  0.17 | Reward: -306.6590666984382 | Average Reward: -333.513 | Steps:  4219 | Total Reward: -16342.156765419564|
| Episode:  50 | Epsilon:  0.17 | Reward: -60.216706305993924 | Average Reward: -328.047 | Steps:  4297 | Total Reward: -16402.373471725565|
| Episode:  51 | Epsilon:  0.17 | Reward: -170.91923281304668 | Average Reward: -324.967 | Steps:  4369 | Total Reward: -16573.292704538602|
| Episode:  52 | Epsilon:  0.16 | Reward: -276.2660245217037 | Average Reward: -324.030 | Steps:  4444 | Total Reward: -16849.558729060303|
| Episode:  53 | Epsilon:  0.16 | Reward: -171.23740700792212 | Average Reward: -321.147 | Steps:  4518 | Total Reward: -17020.796136068213|
| Episode:  54 | Epsilon:  0.16 | Reward: -261.02801888544826 | Average Reward: -320.034 | Steps:  4585 | Total Reward: -17281.82415495366|
| Episode:  55 | Epsilon:  0.15 | Reward: -388.00981880824105 | Average Reward: -321.270 | Steps:  4683 | Total Reward: -17669.8339737619|
| Episode:  56 | Epsilon:  0.15 | Reward: -1.7446004272962767 | Average Reward: -315.564 | Steps:  4764 | Total Reward: -17671.578574189203|
| Episode:  57 | Epsilon:  0.15 | Reward: -169.75067706210598 | Average Reward: -313.006 | Steps:  4837 | Total Reward: -17841.329251251307|
| Episode:  58 | Epsilon:  0.15 | Reward: -166.10907672095595 | Average Reward: -310.473 | Steps:  4930 | Total Reward: -18007.43832797227|
| Episode:  59 | Epsilon:  0.14 | Reward: -318.60681094971744 | Average Reward: -310.611 | Steps:  4986 | Total Reward: -18326.045138921996|
| Episode:  60 | Epsilon:  0.14 | Reward: -184.46474312370492 | Average Reward: -308.508 | Steps:  5073 | Total Reward: -18510.509882045713|
| Episode:  61 | Epsilon:  0.14 | Reward: -220.42469438011886 | Average Reward: -307.065 | Steps:  5129 | Total Reward: -18730.934576425836|
| Episode:  62 | Epsilon:  0.14 | Reward: -367.8553149179017 | Average Reward: -308.045 | Steps:  5196 | Total Reward: -19098.789891343728|
| Episode:  63 | Epsilon:  0.14 | Reward: -203.85725086325073 | Average Reward: -306.391 | Steps:  5280 | Total Reward: -19302.64714220696|
| Episode:  64 | Epsilon:  0.13 | Reward: -342.1799684239755 | Average Reward: -306.950 | Steps:  5371 | Total Reward: -19644.827110630937|
| Episode:  65 | Epsilon:  0.13 | Reward: -175.408660646227 | Average Reward: -304.927 | Steps:  5441 | Total Reward: -19820.23577127715|
| Episode:  66 | Epsilon:  0.13 | Reward: -324.2323636777104 | Average Reward: -305.219 | Steps:  5524 | Total Reward: -20144.468134954863|
| Episode:  67 | Epsilon:  0.13 | Reward: -230.91612565432166 | Average Reward: -304.110 | Steps:  5598 | Total Reward: -20375.384260609193|
| Episode:  68 | Epsilon:  0.13 | Reward: -166.9625335585423 | Average Reward: -302.093 | Steps:  5683 | Total Reward: -20542.346794167734|
| Episode:  69 | Epsilon:  0.13 | Reward: -147.7722838834211 | Average Reward: -299.857 | Steps:  5778 | Total Reward: -20690.11907805115|
| Episode:  70 | Epsilon:  0.13 | Reward: -127.65102968605845 | Average Reward: -297.397 | Steps:  5859 | Total Reward: -20817.770107737193|
| Episode:  71 | Epsilon:  0.12 | Reward: -140.0567928643617 | Average Reward: -295.181 | Steps:  5921 | Total Reward: -20957.826900601558|
| Episode:  72 | Epsilon:  0.12 | Reward: -480.4255133686277 | Average Reward: -297.754 | Steps:  6038 | Total Reward: -21438.252413970178|
| Episode:  73 | Epsilon:  0.12 | Reward: -572.9892502381456 | Average Reward: -301.524 | Steps:  6240 | Total Reward: -22011.24166420834|
| Episode:  74 | Epsilon:  0.12 | Reward: -482.62203162069244 | Average Reward: -303.971 | Steps:  6426 | Total Reward: -22493.863695829026|
| Episode:  75 | Epsilon:  0.12 | Reward: -343.63084345057575 | Average Reward: -304.500 | Steps:  6520 | Total Reward: -22837.494539279603|
| Episode:  76 | Epsilon:  0.12 | Reward: -509.40647834115214 | Average Reward: -307.196 | Steps:  6785 | Total Reward: -23346.90101762075|
| Episode:  77 | Epsilon:  0.12 | Reward: -205.53862674261 | Average Reward: -305.876 | Steps:  6840 | Total Reward: -23552.43964436336|
| Episode:  78 | Epsilon:  0.12 | Reward: -125.12219605533366 | Average Reward: -303.558 | Steps:  6911 | Total Reward: -23677.561840418693|
| Episode:  79 | Epsilon:  0.12 | Reward: -143.63384820140567 | Average Reward: -301.534 | Steps:  6992 | Total Reward: -23821.195688620097|
| Episode:  80 | Epsilon:  0.12 | Reward: -152.9483595837949 | Average Reward: -299.677 | Steps:  7075 | Total Reward: -23974.14404820389|
| Episode:  81 | Epsilon:  0.11 | Reward: -205.5956326960054 | Average Reward: -298.515 | Steps:  7149 | Total Reward: -24179.7396808999|
| Episode:  82 | Epsilon:  0.11 | Reward: -101.39148226607833 | Average Reward: -296.111 | Steps:  7198 | Total Reward: -24281.13116316597|
| Episode:  83 | Epsilon:  0.11 | Reward: -119.07944819403818 | Average Reward: -293.978 | Steps:  7289 | Total Reward: -24400.210611360002|
| Episode:  84 | Epsilon:  0.11 | Reward: -172.0142403875558 | Average Reward: -292.526 | Steps:  7367 | Total Reward: -24572.224851747553|
| Episode:  85 | Epsilon:  0.11 | Reward: -147.21414756619782 | Average Reward: -290.817 | Steps:  7431 | Total Reward: -24719.438999313763|
| Episode:  86 | Epsilon:  0.11 | Reward: -250.85972335965428 | Average Reward: -290.352 | Steps:  7541 | Total Reward: -24970.298722673433|
| Episode:  87 | Epsilon:  0.11 | Reward: -201.9251904459271 | Average Reward: -289.336 | Steps:  7640 | Total Reward: -25172.223913119353|
| Episode:  88 | Epsilon:  0.11 | Reward: -173.3165249676768 | Average Reward: -288.018 | Steps:  7754 | Total Reward: -25345.54043808705|
| Episode:  89 | Epsilon:  0.11 | Reward: -163.33941468456942 | Average Reward: -286.617 | Steps:  7877 | Total Reward: -25508.879852771628|
| Episode:  90 | Epsilon:  0.11 | Reward: -157.47073676723474 | Average Reward: -285.182 | Steps:  8148 | Total Reward: -25666.35058953885|
| Episode:  91 | Epsilon:  0.11 | Reward: -226.23319554456157 | Average Reward: -284.534 | Steps:  8288 | Total Reward: -25892.583785083418|
| Episode:  92 | Epsilon:  0.11 | Reward: -520.2343857538949 | Average Reward: -287.096 | Steps:  8800 | Total Reward: -26412.81817083735|
| Episode:  93 | Epsilon:  0.11 | Reward: -286.31898674735726 | Average Reward: -287.087 | Steps:  8873 | Total Reward: -26699.137157584722|
| Episode:  94 | Epsilon:  0.11 | Reward: -153.93848393209325 | Average Reward: -285.671 | Steps:  9039 | Total Reward: -26853.075641516825|
| Episode:  95 | Epsilon:  0.11 | Reward: -452.190831695649 | Average Reward: -287.424 | Steps:  9880 | Total Reward: -27305.266473212472|
| Episode:  96 | Epsilon:  0.11 | Reward: -231.7662856762044 | Average Reward: -286.844 | Steps: 10163 | Total Reward: -27537.032758888658|
| Episode:  97 | Epsilon:  0.11 | Reward: -244.51722272691654 | Average Reward: -286.408 | Steps: 10460 | Total Reward: -27781.54998161555|
| Episode:  98 | Epsilon:  0.11 | Reward: -208.64373994882817 | Average Reward: -285.614 | Steps: 10780 | Total Reward: -27990.193721564363|
| Episode:  99 | Epsilon:  0.11 | Reward: -291.7774284730234 | Average Reward: -285.676 | Steps: 11780 | Total Reward: -28281.97115003737|
| Episode: 100 | Epsilon:  0.11 | Reward: -344.17788957296904 | Average Reward: -286.261 | Steps: 12780 | Total Reward: -28626.149039610304|
| Episode: 101 | Epsilon:  0.11 | Reward: -373.56181780364085 | Average Reward: -288.452 | Steps: 13780 | Total Reward: -28999.710857413993|
| Episode: 102 | Epsilon:  0.11 | Reward: -414.40475770466384 | Average Reward: -288.988 | Steps: 14780 | Total Reward: -29414.115615118637|
| Episode: 103 | Epsilon:  0.10 | Reward: -264.8509971630731 | Average Reward: -289.738 | Steps: 15780 | Total Reward: -29678.966612281754|
| Episode: 104 | Epsilon:  0.10 | Reward: -391.02251844666023 | Average Reward: -289.324 | Steps: 16704 | Total Reward: -30069.989130728412|
| Episode: 105 | Epsilon:  0.10 | Reward: -281.5898087230479 | Average Reward: -288.143 | Steps: 17247 | Total Reward: -30351.578939451454|
| Episode: 106 | Epsilon:  0.10 | Reward: -328.1011825169941 | Average Reward: -286.255 | Steps: 18247 | Total Reward: -30679.680121968395|
| Episode: 107 | Epsilon:  0.10 | Reward: -298.19378195857826 | Average Reward: -288.058 | Steps: 19247 | Total Reward: -30977.873903926975|
| Episode: 108 | Epsilon:  0.10 | Reward: -136.48447249602827 | Average Reward: -286.023 | Steps: 19300 | Total Reward: -31114.358376423002|
| Episode: 109 | Epsilon:  0.10 | Reward: -337.1630444478361 | Average Reward: -289.616 | Steps: 20127 | Total Reward: -31451.521420870824|
| Episode: 110 | Epsilon:  0.10 | Reward: -171.7816656264531 | Average Reward: -285.863 | Steps: 20356 | Total Reward: -31623.303086497308|
| Episode: 111 | Epsilon:  0.10 | Reward: -171.06656608214723 | Average Reward: -284.660 | Steps: 20488 | Total Reward: -31794.369652579455|
| Episode: 112 | Epsilon:  0.10 | Reward: -262.04509466067816 | Average Reward: -282.276 | Steps: 21029 | Total Reward: -32056.414747240116|
| Episode: 113 | Epsilon:  0.10 | Reward: -347.7427501402786 | Average Reward: -280.931 | Steps: 21723 | Total Reward: -32404.157497380365|
| Episode: 114 | Epsilon:  0.10 | Reward: -202.46291792838852 | Average Reward: -278.197 | Steps: 22723 | Total Reward: -32606.620415308746|
| Episode: 115 | Epsilon:  0.10 | Reward: -237.60327232647901 | Average Reward: -276.902 | Steps: 23584 | Total Reward: -32844.22368763515|
| Episode: 116 | Epsilon:  0.10 | Reward: -235.84449896434407 | Average Reward: -274.938 | Steps: 24584 | Total Reward: -33080.06818659947|
| Episode: 117 | Epsilon:  0.10 | Reward: -255.6798182784791 | Average Reward: -270.239 | Steps: 25302 | Total Reward: -33335.74800487789|
| Episode: 118 | Epsilon:  0.10 | Reward: -248.9705794340107 | Average Reward: -268.141 | Steps: 26302 | Total Reward: -33584.71858431186|
| Episode: 119 | Epsilon:  0.10 | Reward: -184.42697380489625 | Average Reward: -265.420 | Steps: 27302 | Total Reward: -33769.145558116754|
| Episode: 120 | Epsilon:  0.10 | Reward: -284.8448751236416 | Average Reward: -261.674 | Steps: 28302 | Total Reward: -34053.9904332404|
| Episode: 121 | Epsilon:  0.10 | Reward: -214.60446357821874 | Average Reward: -258.895 | Steps: 29302 | Total Reward: -34268.594896818744|
| Episode: 122 | Epsilon:  0.10 | Reward: -171.22573077706187 | Average Reward: -253.990 | Steps: 29571 | Total Reward: -34439.82062759579|
| Episode: 123 | Epsilon:  0.10 | Reward: -111.30218520582358 | Average Reward: -251.842 | Steps: 29642 | Total Reward: -34551.122812801616|
| Episode: 124 | Epsilon:  0.10 | Reward: -193.0744765461498 | Average Reward: -251.304 | Steps: 30016 | Total Reward: -34744.197289347816|
| Episode: 125 | Epsilon:  0.10 | Reward: -264.5882037591616 | Average Reward: -249.151 | Steps: 30431 | Total Reward: -35008.78549310697|
| Episode: 126 | Epsilon:  0.10 | Reward: -377.61484890818434 | Average Reward: -248.397 | Steps: 30996 | Total Reward: -35386.40034201511|
| Episode: 127 | Epsilon:  0.10 | Reward: -333.50776392943743 | Average Reward: -250.406 | Steps: 31806 | Total Reward: -35719.908105944625|
| Episode: 128 | Epsilon:  0.10 | Reward: -298.1429835004128 | Average Reward: -250.796 | Steps: 32566 | Total Reward: -36018.05108944516|
| Episode: 129 | Epsilon:  0.10 | Reward: -301.57364200668223 | Average Reward: -250.290 | Steps: 33080 | Total Reward: -36319.62473145186|
| Episode: 130 | Epsilon:  0.10 | Reward: -239.5043838577135 | Average Reward: -246.749 | Steps: 33422 | Total Reward: -36559.12911530965|
| Episode: 131 | Epsilon:  0.10 | Reward: -295.99010337772563 | Average Reward: -248.567 | Steps: 34097 | Total Reward: -36855.119218687374|
| Episode: 132 | Epsilon:  0.10 | Reward: -186.6515784641617 | Average Reward: -248.372 | Steps: 34151 | Total Reward: -37041.77079715153|
| Episode: 133 | Epsilon:  0.10 | Reward: -158.3638013447308 | Average Reward: -246.778 | Steps: 34515 | Total Reward: -37200.134598496224|
| Episode: 134 | Epsilon:  0.10 | Reward: -243.0107128898545 | Average Reward: -246.859 | Steps: 34942 | Total Reward: -37443.14531138599|
| Episode: 135 | Epsilon:  0.10 | Reward: -131.6114764889749 | Average Reward: -245.429 | Steps: 35164 | Total Reward: -37574.75678787499|
| Episode: 136 | Epsilon:  0.10 | Reward: -171.9544549120182 | Average Reward: -246.416 | Steps: 35514 | Total Reward: -37746.711242786994|
| Episode: 137 | Epsilon:  0.10 | Reward: -183.0172939441419 | Average Reward: -246.800 | Steps: 35586 | Total Reward: -37929.72853673109|
| Episode: 138 | Epsilon:  0.10 | Reward: -269.100613828779 | Average Reward: -249.566 | Steps: 35909 | Total Reward: -38198.82915055989|
| Episode: 139 | Epsilon:  0.10 | Reward: -10.874298657734727 | Average Reward: -246.835 | Steps: 36001 | Total Reward: -38209.70344921761|
| Episode: 140 | Epsilon:  0.10 | Reward: -141.41023739940073 | Average Reward: -246.730 | Steps: 36267 | Total Reward: -38351.11368661701|
| Episode: 141 | Epsilon:  0.10 | Reward: -307.87447579723664 | Average Reward: -248.162 | Steps: 36670 | Total Reward: -38658.98816241423|
| Episode: 142 | Epsilon:  0.10 | Reward: -297.4871273978203 | Average Reward: -247.832 | Steps: 36957 | Total Reward: -38956.475289812035|
| Episode: 143 | Epsilon:  0.10 | Reward: -201.1388253884714 | Average Reward: -245.309 | Steps: 37479 | Total Reward: -39157.61411520046|
| Episode: 144 | Epsilon:  0.10 | Reward: -114.23634651353123 | Average Reward: -242.500 | Steps: 37541 | Total Reward: -39271.850461713984|
| Episode: 145 | Epsilon:  0.10 | Reward: -176.8220624457018 | Average Reward: -242.621 | Steps: 37673 | Total Reward: -39448.67252415968|
| Episode: 146 | Epsilon:  0.10 | Reward: -161.15983901268172 | Average Reward: -242.545 | Steps: 37848 | Total Reward: -39609.83236317233|
| Episode: 147 | Epsilon:  0.10 | Reward: -281.0465747565156 | Average Reward: -241.278 | Steps: 38251 | Total Reward: -39890.878937928785|
| Episode: 148 | Epsilon:  0.10 | Reward: -107.75491885835679 | Average Reward: -239.631 | Steps: 38313 | Total Reward: -39998.63385678716|
| Episode: 149 | Epsilon:  0.10 | Reward: -215.56810740330533 | Average Reward: -238.720 | Steps: 38658 | Total Reward: -40214.20196419048|
| Episode: 150 | Epsilon:  0.10 | Reward: -77.71436281231172 | Average Reward: -238.895 | Steps: 38782 | Total Reward: -40291.916327002815|
| Episode: 151 | Epsilon:  0.10 | Reward: -85.60275000353575 | Average Reward: -238.042 | Steps: 39070 | Total Reward: -40377.51907700634|
| Episode: 152 | Epsilon:  0.10 | Reward: -146.61373314815998 | Average Reward: -236.746 | Steps: 39366 | Total Reward: -40524.13281015448|
| Episode: 153 | Epsilon:  0.10 | Reward: -146.4339132705838 | Average Reward: -236.498 | Steps: 39745 | Total Reward: -40670.56672342501|
| Episode: 154 | Epsilon:  0.10 | Reward: -211.2870986785324 | Average Reward: -236.000 | Steps: 40227 | Total Reward: -40881.85382210353|
| Episode: 155 | Epsilon:  0.10 | Reward: -137.11694776068538 | Average Reward: -233.491 | Steps: 40302 | Total Reward: -41018.97076986419|
| Episode: 156 | Epsilon:  0.10 | Reward: 3.127282214643756 | Average Reward: -233.443 | Steps: 40386 | Total Reward: -41015.84348764956|
| Episode: 157 | Epsilon:  0.10 | Reward: -307.32895760704525 | Average Reward: -234.818 | Steps: 41294 | Total Reward: -41323.172445256576|
| Episode: 158 | Epsilon:  0.10 | Reward: -190.87268576684403 | Average Reward: -235.066 | Steps: 41656 | Total Reward: -41514.045131023435|
| Episode: 159 | Epsilon:  0.10 | Reward: -94.2248688228368 | Average Reward: -232.822 | Steps: 42012 | Total Reward: -41608.26999984628|
| Episode: 160 | Epsilon:  0.10 | Reward: -135.61591958470945 | Average Reward: -232.334 | Steps: 42189 | Total Reward: -41743.88591943096|
| Episode: 161 | Epsilon:  0.10 | Reward: -258.5663576324746 | Average Reward: -232.715 | Steps: 42711 | Total Reward: -42002.4522770634|
| Episode: 162 | Epsilon:  0.10 | Reward: -148.33665954165735 | Average Reward: -230.520 | Steps: 42966 | Total Reward: -42150.78893660505|
| Episode: 163 | Epsilon:  0.10 | Reward: -56.189843625854365 | Average Reward: -229.043 | Steps: 43189 | Total Reward: -42206.97878023095|
| Episode: 164 | Epsilon:  0.10 | Reward: -285.3162925734261 | Average Reward: -228.475 | Steps: 43379 | Total Reward: -42492.29507280439|
| Episode: 165 | Epsilon:  0.10 | Reward: -259.91515244068034 | Average Reward: -229.320 | Steps: 43594 | Total Reward: -42752.21022524507|
| Episode: 166 | Epsilon:  0.10 | Reward: -215.28723615036586 | Average Reward: -228.230 | Steps: 43871 | Total Reward: -42967.497461395455|
| Episode: 167 | Epsilon:  0.10 | Reward: -475.9984966548278 | Average Reward: -230.681 | Steps: 44222 | Total Reward: -43443.495958050225|
| Episode: 168 | Epsilon:  0.10 | Reward: -151.89967981302638 | Average Reward: -230.530 | Steps: 44659 | Total Reward: -43595.39563786327|
| Episode: 169 | Epsilon:  0.10 | Reward: -306.8055910097528 | Average Reward: -232.121 | Steps: 45139 | Total Reward: -43902.201228873|
| Episode: 170 | Epsilon:  0.10 | Reward: -201.33257363302968 | Average Reward: -232.858 | Steps: 45338 | Total Reward: -44103.533802506034|
| Episode: 171 | Epsilon:  0.10 | Reward: -88.31571097038362 | Average Reward: -232.340 | Steps: 45513 | Total Reward: -44191.84951347643|
| Episode: 172 | Epsilon:  0.10 | Reward: -185.98557909852377 | Average Reward: -229.396 | Steps: 45819 | Total Reward: -44377.83509257498|
| Episode: 173 | Epsilon:  0.10 | Reward: -215.27329140241378 | Average Reward: -225.819 | Steps: 46028 | Total Reward: -44593.10838397737|
| Episode: 174 | Epsilon:  0.10 | Reward: -129.77575247551076 | Average Reward: -222.290 | Steps: 46966 | Total Reward: -44722.88413645276|
| Episode: 175 | Epsilon:  0.10 | Reward: -282.98003322385773 | Average Reward: -221.684 | Steps: 47174 | Total Reward: -45005.86416967661|
| Episode: 176 | Epsilon:  0.10 | Reward: -350.1414780017344 | Average Reward: -220.091 | Steps: 47471 | Total Reward: -45356.0056476784|
| Episode: 177 | Epsilon:  0.10 | Reward: -164.47582127156292 | Average Reward: -219.680 | Steps: 47930 | Total Reward: -45520.48146894997|
| Episode: 178 | Epsilon:  0.10 | Reward: -225.3427237634636 | Average Reward: -220.683 | Steps: 48157 | Total Reward: -45745.82419271343|
| Episode: 179 | Epsilon:  0.10 | Reward: -156.17799927532383 | Average Reward: -220.808 | Steps: 48570 | Total Reward: -45902.00219198877|
| Episode: 180 | Epsilon:  0.10 | Reward: -302.3963371248864 | Average Reward: -222.303 | Steps: 48898 | Total Reward: -46204.39852911365|
| Episode: 181 | Epsilon:  0.10 | Reward: -254.21687287150553 | Average Reward: -222.789 | Steps: 49089 | Total Reward: -46458.61540198517|
| Episode: 182 | Epsilon:  0.10 | Reward: -465.9339451290957 | Average Reward: -226.434 | Steps: 50089 | Total Reward: -46924.549347114196|
| Episode: 183 | Epsilon:  0.10 | Reward: -394.3283963339701 | Average Reward: -229.187 | Steps: 50579 | Total Reward: -47318.87774344805|
| Episode: 184 | Epsilon:  0.10 | Reward: -262.4594431925969 | Average Reward: -230.091 | Steps: 51579 | Total Reward: -47581.3371866407|
| Episode: 185 | Epsilon:  0.10 | Reward: -62.5237925387796 | Average Reward: -229.244 | Steps: 51702 | Total Reward: -47643.86097917947|
| Episode: 186 | Epsilon:  0.10 | Reward: -72.84037294761661 | Average Reward: -227.464 | Steps: 52218 | Total Reward: -47716.701352127006|
| Episode: 187 | Epsilon:  0.10 | Reward: -178.53354910103872 | Average Reward: -227.230 | Steps: 52307 | Total Reward: -47895.23490122807|
| Episode: 188 | Epsilon:  0.10 | Reward: -125.46763137840455 | Average Reward: -226.752 | Steps: 52403 | Total Reward: -48020.70253260649|
| Episode: 189 | Epsilon:  0.10 | Reward: -134.00063715847318 | Average Reward: -226.458 | Steps: 52531 | Total Reward: -48154.70316976495|
| Episode: 190 | Epsilon:  0.10 | Reward: -67.50442793424256 | Average Reward: -225.559 | Steps: 52683 | Total Reward: -48222.20759769921|
| Episode: 191 | Epsilon:  0.10 | Reward: -336.7602989808696 | Average Reward: -226.664 | Steps: 52796 | Total Reward: -48558.967896680115|
| Episode: 192 | Epsilon:  0.10 | Reward: -68.64481432466897 | Average Reward: -222.148 | Steps: 52984 | Total Reward: -48627.612711004775|
| Episode: 193 | Epsilon:  0.10 | Reward: -286.9717992747418 | Average Reward: -222.154 | Steps: 53188 | Total Reward: -48914.584510279456|
| Episode: 194 | Epsilon:  0.10 | Reward: -104.47006811545742 | Average Reward: -221.660 | Steps: 53342 | Total Reward: -49019.05457839489|
| Episode: 195 | Epsilon:  0.10 | Reward: -140.52814188090798 | Average Reward: -218.543 | Steps: 53409 | Total Reward: -49159.582720275765|
| Episode: 196 | Epsilon:  0.10 | Reward: -287.19429292707264 | Average Reward: -219.097 | Steps: 53568 | Total Reward: -49446.7770132028|
| Episode: 197 | Epsilon:  0.10 | Reward: -204.24641977797845 | Average Reward: -218.695 | Steps: 53791 | Total Reward: -49651.02343298078|
| Episode: 198 | Epsilon:  0.10 | Reward: -224.62969191179857 | Average Reward: -218.855 | Steps: 53994 | Total Reward: -49875.65312489259|
| Episode: 199 | Epsilon:  0.10 | Reward: -157.6155726986559 | Average Reward: -217.513 | Steps: 54058 | Total Reward: -50033.26869759124|
| Episode: 200 | Epsilon:  0.10 | Reward: -68.30741914336855 | Average Reward: -214.754 | Steps: 54364 | Total Reward: -50101.5761167346|
| Episode: 201 | Epsilon:  0.10 | Reward: -167.38725048755015 | Average Reward: -212.693 | Steps: 54510 | Total Reward: -50268.96336722213|
| Episode: 202 | Epsilon:  0.10 | Reward: -127.42970966681392 | Average Reward: -209.823 | Steps: 54758 | Total Reward: -50396.39307688897|
| Episode: 203 | Epsilon:  0.10 | Reward: -156.3148119160359 | Average Reward: -208.737 | Steps: 54921 | Total Reward: -50552.707888805024|
| Episode: 204 | Epsilon:  0.10 | Reward: -55.590922100580485 | Average Reward: -205.383 | Steps: 55030 | Total Reward: -50608.29881090559|
| Episode: 205 | Epsilon:  0.10 | Reward: -53.32092915337506 | Average Reward: -203.100 | Steps: 55268 | Total Reward: -50661.61974005892|
| Episode: 206 | Epsilon:  0.10 | Reward: -225.79609638078512 | Average Reward: -202.077 | Steps: 55685 | Total Reward: -50887.415836439766|
| Episode: 207 | Epsilon:  0.10 | Reward: -84.61418989742033 | Average Reward: -199.942 | Steps: 55917 | Total Reward: -50972.030026337234|
| Episode: 208 | Epsilon:  0.10 | Reward: -264.8067832192146 | Average Reward: -201.225 | Steps: 56227 | Total Reward: -51236.836809556386|
| Episode: 209 | Epsilon:  0.10 | Reward: -271.854241324472 | Average Reward: -200.572 | Steps: 56568 | Total Reward: -51508.69105088085|
| Episode: 210 | Epsilon:  0.10 | Reward: -366.1899029238225 | Average Reward: -202.516 | Steps: 56714 | Total Reward: -51874.880953804684|
| Episode: 211 | Epsilon:  0.10 | Reward: -226.7056357448028 | Average Reward: -203.072 | Steps: 57092 | Total Reward: -52101.586589549486|
| Episode: 212 | Epsilon:  0.10 | Reward: -360.4839903965528 | Average Reward: -204.057 | Steps: 57684 | Total Reward: -52462.07057994601|
| Episode: 213 | Epsilon:  0.10 | Reward: -214.48097396847805 | Average Reward: -202.724 | Steps: 57909 | Total Reward: -52676.55155391448|
| Episode: 214 | Epsilon:  0.10 | Reward: -211.11553318210503 | Average Reward: -202.810 | Steps: 58120 | Total Reward: -52887.66708709662|
| Episode: 215 | Epsilon:  0.10 | Reward: -85.78718062895024 | Average Reward: -201.292 | Steps: 58192 | Total Reward: -52973.454267725545|
| Episode: 216 | Epsilon:  0.10 | Reward: -293.3781760780385 | Average Reward: -201.868 | Steps: 58475 | Total Reward: -53266.83244380359|
| Episode: 217 | Epsilon:  0.10 | Reward: -321.8959812643752 | Average Reward: -202.530 | Steps: 58755 | Total Reward: -53588.728425067966|
| Episode: 218 | Epsilon:  0.10 | Reward: -302.23732800014506 | Average Reward: -203.062 | Steps: 58929 | Total Reward: -53890.96575306808|
| Episode: 219 | Epsilon:  0.10 | Reward: -378.2221500701463 | Average Reward: -205.000 | Steps: 59477 | Total Reward: -54269.18790313819|
| Episode: 220 | Epsilon:  0.10 | Reward: -175.4027407206557 | Average Reward: -203.906 | Steps: 59746 | Total Reward: -54444.59064385878|
| Episode: 221 | Epsilon:  0.10 | Reward: -348.61404889567393 | Average Reward: -205.246 | Steps: 59918 | Total Reward: -54793.20469275446|
| Episode: 222 | Epsilon:  0.10 | Reward: -21.343597447496137 | Average Reward: -203.747 | Steps: 60113 | Total Reward: -54814.54829020193|
| Episode: 223 | Epsilon:  0.10 | Reward: -191.32171506223224 | Average Reward: -204.547 | Steps: 60357 | Total Reward: -55005.87000526416|
| Episode: 224 | Epsilon:  0.10 | Reward: -306.0570232317575 | Average Reward: -205.677 | Steps: 60748 | Total Reward: -55311.927028496|
| Episode: 225 | Epsilon:  0.10 | Reward: -336.16079305680535 | Average Reward: -206.393 | Steps: 61644 | Total Reward: -55648.08782155284|
| Episode: 226 | Epsilon:  0.10 | Reward: -49.250671336385736 | Average Reward: -203.109 | Steps: 61800 | Total Reward: -55697.338492889205|
| Episode: 227 | Epsilon:  0.10 | Reward: -313.61674515955474 | Average Reward: -202.910 | Steps: 61952 | Total Reward: -56010.95523804873|
| Episode: 228 | Epsilon:  0.10 | Reward: -260.49269193628993 | Average Reward: -202.534 | Steps: 62210 | Total Reward: -56271.44792998496|
| Episode: 229 | Epsilon:  0.10 | Reward: -151.24607123778108 | Average Reward: -201.031 | Steps: 62430 | Total Reward: -56422.69400122273|
| Episode: 230 | Epsilon:  0.10 | Reward: -253.13303366117245 | Average Reward: -201.167 | Steps: 62575 | Total Reward: -56675.82703488387|
| Episode: 231 | Epsilon:  0.10 | Reward: -328.8721345425813 | Average Reward: -201.496 | Steps: 63442 | Total Reward: -57004.69916942648|
| Episode: 232 | Epsilon:  0.10 | Reward: -174.83437787655774 | Average Reward: -201.378 | Steps: 63717 | Total Reward: -57179.5335473031|
| Episode: 233 | Epsilon:  0.10 | Reward: -318.3705578596812 | Average Reward: -202.978 | Steps: 63954 | Total Reward: -57497.904105162765|
| Episode: 234 | Epsilon:  0.10 | Reward: -353.62790770962977 | Average Reward: -204.084 | Steps: 64475 | Total Reward: -57851.5320128724|
| Episode: 235 | Epsilon:  0.10 | Reward: -513.176599695544 | Average Reward: -207.900 | Steps: 64859 | Total Reward: -58364.70861256791|
| Episode: 236 | Epsilon:  0.10 | Reward: -355.4027477448336 | Average Reward: -209.734 | Steps: 65153 | Total Reward: -58720.111360312745|
| Episode: 237 | Epsilon:  0.10 | Reward: -316.9948307783112 | Average Reward: -211.074 | Steps: 65417 | Total Reward: -59037.10619109103|
| Episode: 238 | Epsilon:  0.10 | Reward: -321.8565494120718 | Average Reward: -211.601 | Steps: 65659 | Total Reward: -59358.96274050313|
| Episode: 239 | Epsilon:  0.10 | Reward: -491.9759047556853 | Average Reward: -216.412 | Steps: 66187 | Total Reward: -59850.93864525883|
| Episode: 240 | Epsilon:  0.10 | Reward: -383.97521151118525 | Average Reward: -218.838 | Steps: 66443 | Total Reward: -60234.91385677003|
| Episode: 241 | Epsilon:  0.10 | Reward: -164.5959092772984 | Average Reward: -217.405 | Steps: 66832 | Total Reward: -60399.50976604726|
| Episode: 242 | Epsilon:  0.10 | Reward: -358.20715038025577 | Average Reward: -218.012 | Steps: 67159 | Total Reward: -60757.716916427446|
| Episode: 243 | Epsilon:  0.10 | Reward: -185.3867804907896 | Average Reward: -217.855 | Steps: 67569 | Total Reward: -60943.10369691821|
| Episode: 244 | Epsilon:  0.10 | Reward: -141.88386627710008 | Average Reward: -218.131 | Steps: 67898 | Total Reward: -61084.987563195325|
| Episode: 245 | Epsilon:  0.10 | Reward: -287.6842305405054 | Average Reward: -219.240 | Steps: 68403 | Total Reward: -61372.671793735775|
| Episode: 246 | Epsilon:  0.10 | Reward: -310.8926062809784 | Average Reward: -220.737 | Steps: 68803 | Total Reward: -61683.56440001678|
| Episode: 247 | Epsilon:  0.10 | Reward: -419.7239415179972 | Average Reward: -222.124 | Steps: 69259 | Total Reward: -62103.28834153477|
| Episode: 248 | Epsilon:  0.10 | Reward: -272.45950020550924 | Average Reward: -223.771 | Steps: 69545 | Total Reward: -62375.747841740296|
| Episode: 249 | Epsilon:  0.10 | Reward: -184.8852312658482 | Average Reward: -223.464 | Steps: 69958 | Total Reward: -62560.63307300608|
| Episode: 250 | Epsilon:  0.10 | Reward: -242.82257254642553 | Average Reward: -225.115 | Steps: 70684 | Total Reward: -62803.45564555241|
| Episode: 251 | Epsilon:  0.10 | Reward: -125.04754832604021 | Average Reward: -225.510 | Steps: 71001 | Total Reward: -62928.50319387844|
| Episode: 252 | Epsilon:  0.10 | Reward: -156.0153295544709 | Average Reward: -225.604 | Steps: 71328 | Total Reward: -63084.51852343284|
| Episode: 253 | Epsilon:  0.10 | Reward: -163.98883472103353 | Average Reward: -225.779 | Steps: 71628 | Total Reward: -63248.5073581539|
| Episode: 254 | Epsilon:  0.10 | Reward: -63.335935813645776 | Average Reward: -224.300 | Steps: 72055 | Total Reward: -63311.84329396755|
| Episode: 255 | Epsilon:  0.10 | Reward: -114.18444853012379 | Average Reward: -224.071 | Steps: 72278 | Total Reward: -63426.02774249765|
| Episode: 256 | Epsilon:  0.10 | Reward: -125.63541309590494 | Average Reward: -225.358 | Steps: 72550 | Total Reward: -63551.66315559352|
| Episode: 257 | Epsilon:  0.10 | Reward: -171.37636232375033 | Average Reward: -223.999 | Steps: 73023 | Total Reward: -63723.03951791721|
| Episode: 258 | Epsilon:  0.10 | Reward: -117.17484225642431 | Average Reward: -223.262 | Steps: 73297 | Total Reward: -63840.214360173595|
| Episode: 259 | Epsilon:  0.10 | Reward: -91.57519689904116 | Average Reward: -223.235 | Steps: 73536 | Total Reward: -63931.78955707256|
| Episode: 260 | Epsilon:  0.10 | Reward: -204.79117995754237 | Average Reward: -223.927 | Steps: 73944 | Total Reward: -64136.58073703009|
| Episode: 261 | Epsilon:  0.10 | Reward: -95.45817329917122 | Average Reward: -222.296 | Steps: 74179 | Total Reward: -64232.03891032927|
| Episode: 262 | Epsilon:  0.10 | Reward: -179.75465308682777 | Average Reward: -222.610 | Steps: 74816 | Total Reward: -64411.7935634161|
| Episode: 263 | Epsilon:  0.10 | Reward: -133.3231746463311 | Average Reward: -223.381 | Steps: 75130 | Total Reward: -64545.11673806242|
| Episode: 264 | Epsilon:  0.10 | Reward: -160.60221999265804 | Average Reward: -222.134 | Steps: 75588 | Total Reward: -64705.71895805501|
| Episode: 265 | Epsilon:  0.10 | Reward: -163.71375569529886 | Average Reward: -221.172 | Steps: 75924 | Total Reward: -64869.43271375031|
| Episode: 266 | Epsilon:  0.10 | Reward: -158.446105405265 | Average Reward: -220.604 | Steps: 76297 | Total Reward: -65027.878819155565|
| Episode: 267 | Epsilon:  0.10 | Reward: -110.27163904838653 | Average Reward: -216.947 | Steps: 76577 | Total Reward: -65138.150458203956|
| Episode: 268 | Epsilon:  0.10 | Reward: -155.93074267773432 | Average Reward: -216.987 | Steps: 76893 | Total Reward: -65294.08120088166|
| Episode: 269 | Epsilon:  0.10 | Reward: -210.0527955238826 | Average Reward: -216.019 | Steps: 77115 | Total Reward: -65504.13399640553|
| Episode: 270 | Epsilon:  0.10 | Reward: -140.82495009621783 | Average Reward: -215.414 | Steps: 77551 | Total Reward: -65644.95894650175|
| Episode: 271 | Epsilon:  0.10 | Reward: -131.06798490218833 | Average Reward: -215.842 | Steps: 77811 | Total Reward: -65776.02693140396|
| Episode: 272 | Epsilon:  0.10 | Reward: -285.02972202598175 | Average Reward: -216.832 | Steps: 78020 | Total Reward: -66061.05665342996|
| Episode: 273 | Epsilon:  0.10 | Reward: -232.61614999884137 | Average Reward: -217.006 | Steps: 78655 | Total Reward: -66293.67280342874|
| Episode: 274 | Epsilon:  0.10 | Reward: -331.0092583118518 | Average Reward: -219.018 | Steps: 78895 | Total Reward: -66624.68206174052|
| Episode: 275 | Epsilon:  0.10 | Reward: -173.53399443584786 | Average Reward: -217.924 | Steps: 79446 | Total Reward: -66798.2160561764|
| Episode: 276 | Epsilon:  0.10 | Reward: -372.55434339638515 | Average Reward: -218.148 | Steps: 80066 | Total Reward: -67170.77039957281|
| Episode: 277 | Epsilon:  0.10 | Reward: -95.2700017115462 | Average Reward: -217.456 | Steps: 80287 | Total Reward: -67266.04040128434|
| Episode: 278 | Epsilon:  0.10 | Reward: -162.22585116112978 | Average Reward: -216.824 | Steps: 80791 | Total Reward: -67428.2662524455|
| Episode: 279 | Epsilon:  0.10 | Reward: -149.25864556133735 | Average Reward: -216.755 | Steps: 81222 | Total Reward: -67577.52489800676|
| Episode: 280 | Epsilon:  0.10 | Reward: -227.52899619317998 | Average Reward: -216.007 | Steps: 82157 | Total Reward: -67805.05389419997|
| Episode: 281 | Epsilon:  0.10 | Reward: -435.79604224126734 | Average Reward: -217.822 | Steps: 83006 | Total Reward: -68240.84993644133|
| Episode: 282 | Epsilon:  0.10 | Reward: -237.49865573367117 | Average Reward: -215.538 | Steps: 83338 | Total Reward: -68478.34859217504|
| Episode: 283 | Epsilon:  0.10 | Reward: -198.96707165902373 | Average Reward: -213.584 | Steps: 83532 | Total Reward: -68677.31566383406|
| Episode: 284 | Epsilon:  0.10 | Reward: -111.89409044169281 | Average Reward: -212.079 | Steps: 84532 | Total Reward: -68789.20975427575|
| Episode: 285 | Epsilon:  0.10 | Reward: -105.83184256643992 | Average Reward: -212.512 | Steps: 84925 | Total Reward: -68895.04159684213|
| Episode: 286 | Epsilon:  0.10 | Reward: -220.10917409302175 | Average Reward: -213.984 | Steps: 85136 | Total Reward: -69115.15077093507|
| Episode: 287 | Epsilon:  0.10 | Reward: 3.623259450371066 | Average Reward: -212.163 | Steps: 85469 | Total Reward: -69111.52751148456|
| Episode: 288 | Epsilon:  0.10 | Reward: -192.51383866198063 | Average Reward: -212.833 | Steps: 85747 | Total Reward: -69304.04135014667|
| Episode: 289 | Epsilon:  0.10 | Reward: -186.14748505724398 | Average Reward: -213.355 | Steps: 86009 | Total Reward: -69490.18883520395|
| Episode: 290 | Epsilon:  0.10 | Reward: -232.0916386856406 | Average Reward: -215.001 | Steps: 86286 | Total Reward: -69722.2804738896|
| Episode: 291 | Epsilon:  0.10 | Reward: -182.9218545646689 | Average Reward: -213.462 | Steps: 86614 | Total Reward: -69905.20232845424|
| Episode: 292 | Epsilon:  0.10 | Reward: -160.745140107732 | Average Reward: -214.383 | Steps: 86901 | Total Reward: -70065.94746856207|
| Episode: 293 | Epsilon:  0.10 | Reward: -181.47878393556476 | Average Reward: -213.328 | Steps: 87082 | Total Reward: -70247.42625249762|
| Episode: 294 | Epsilon:  0.10 | Reward: -149.95786966635845 | Average Reward: -213.783 | Steps: 87251 | Total Reward: -70397.38412216394|
| Episode: 295 | Epsilon:  0.10 | Reward: -187.7403343733853 | Average Reward: -214.255 | Steps: 87513 | Total Reward: -70585.12445653726|
| Episode: 296 | Epsilon:  0.10 | Reward: -146.84340765530433 | Average Reward: -212.852 | Steps: 87680 | Total Reward: -70731.96786419272|
| Episode: 297 | Epsilon:  0.10 | Reward: -213.83247862846451 | Average Reward: -212.948 | Steps: 87963 | Total Reward: -70945.80034282117|
| Episode: 298 | Epsilon:  0.10 | Reward: -103.26378502451718 | Average Reward: -211.734 | Steps: 88212 | Total Reward: -71049.06412784563|
| Episode: 299 | Epsilon:  0.10 | Reward: -160.05124153753377 | Average Reward: -211.758 | Steps: 88462 | Total Reward: -71209.11536938319|
| Episode: 300 | Epsilon:  0.10 | Reward: -141.76855992046438 | Average Reward: -212.493 | Steps: 88680 | Total Reward: -71350.88392930361|
| Episode: 301 | Epsilon:  0.10 | Reward: -170.63620437916845 | Average Reward: -212.526 | Steps: 88969 | Total Reward: -71521.52013368276|
| Episode: 302 | Epsilon:  0.10 | Reward: -172.71650629173772 | Average Reward: -212.978 | Steps: 89183 | Total Reward: -71694.2366399744|
| Episode: 303 | Epsilon:  0.10 | Reward: -226.59883319093393 | Average Reward: -213.681 | Steps: 89412 | Total Reward: -71920.83547316532|
| Episode: 304 | Epsilon:  0.10 | Reward: -114.26046461040747 | Average Reward: -214.268 | Steps: 89625 | Total Reward: -72035.09593777571|
| Episode: 305 | Epsilon:  0.10 | Reward: -130.9448882295899 | Average Reward: -215.044 | Steps: 89905 | Total Reward: -72166.04082600522|
| Episode: 306 | Epsilon:  0.10 | Reward: -138.5703359665727 | Average Reward: -214.172 | Steps: 90248 | Total Reward: -72304.61116197173|
| Episode: 307 | Epsilon:  0.10 | Reward: -161.66587507525483 | Average Reward: -214.942 | Steps: 90529 | Total Reward: -72466.27703704698|
| Episode: 308 | Epsilon:  0.10 | Reward: -182.880645854176 | Average Reward: -214.123 | Steps: 90836 | Total Reward: -72649.15768290123|
| Episode: 309 | Epsilon:  0.10 | Reward: -173.73934000113744 | Average Reward: -213.142 | Steps: 91186 | Total Reward: -72822.89702290237|
| Episode: 310 | Epsilon:  0.10 | Reward: -178.85908813343028 | Average Reward: -211.269 | Steps: 91480 | Total Reward: -73001.75611103578|
| Episode: 311 | Epsilon:  0.10 | Reward: -186.79527714693495 | Average Reward: -210.870 | Steps: 91814 | Total Reward: -73188.55138818269|
| Episode: 312 | Epsilon:  0.10 | Reward: -150.61314411996096 | Average Reward: -208.771 | Steps: 92156 | Total Reward: -73339.16453230257|
| Episode: 313 | Epsilon:  0.10 | Reward: -184.3628600212803 | Average Reward: -208.470 | Steps: 92502 | Total Reward: -73523.52739232371|
| Episode: 314 | Epsilon:  0.10 | Reward: -210.8832441931499 | Average Reward: -208.467 | Steps: 92860 | Total Reward: -73734.41063651683|
| Episode: 315 | Epsilon:  0.10 | Reward: -151.4897567456149 | Average Reward: -209.124 | Steps: 93133 | Total Reward: -73885.90039326248|
| Episode: 316 | Epsilon:  0.10 | Reward: -192.18295229580895 | Average Reward: -208.113 | Steps: 93500 | Total Reward: -74078.0833455582|
| Episode: 317 | Epsilon:  0.10 | Reward: -338.2285282431784 | Average Reward: -208.276 | Steps: 93859 | Total Reward: -74416.31187380137|
| Episode: 318 | Epsilon:  0.10 | Reward: -179.81558347667794 | Average Reward: -207.052 | Steps: 94274 | Total Reward: -74596.12745727808|
| Episode: 319 | Epsilon:  0.10 | Reward: -147.96875726113342 | Average Reward: -204.749 | Steps: 94547 | Total Reward: -74744.09621453928|
| Episode: 320 | Epsilon:  0.10 | Reward: -229.88662673038172 | Average Reward: -205.294 | Steps: 94831 | Total Reward: -74973.9828412695|
| Episode: 321 | Epsilon:  0.10 | Reward: -188.98205200193323 | Average Reward: -203.698 | Steps: 95106 | Total Reward: -75162.96489327146|
| Episode: 322 | Epsilon:  0.10 | Reward: -97.71057375749913 | Average Reward: -204.461 | Steps: 95332 | Total Reward: -75260.67546702894|
| Episode: 323 | Epsilon:  0.10 | Reward: -184.26521252141458 | Average Reward: -204.391 | Steps: 95706 | Total Reward: -75444.9406795503|
| Episode: 324 | Epsilon:  0.10 | Reward: -147.43535879688923 | Average Reward: -202.804 | Steps: 96050 | Total Reward: -75592.37603834737|
| Episode: 325 | Epsilon:  0.10 | Reward: -170.35558524513857 | Average Reward: -201.146 | Steps: 96216 | Total Reward: -75762.73162359254|
| Episode: 326 | Epsilon:  0.10 | Reward: -123.25636695191795 | Average Reward: -201.886 | Steps: 96428 | Total Reward: -75885.98799054457|
| Episode: 327 | Epsilon:  0.10 | Reward: -145.42659517011128 | Average Reward: -200.205 | Steps: 96707 | Total Reward: -76031.41458571465|
| Episode: 328 | Epsilon:  0.10 | Reward: -184.43336757985463 | Average Reward: -199.444 | Steps: 96982 | Total Reward: -76215.84795329448|
| Episode: 329 | Epsilon:  0.10 | Reward: -149.2935553411009 | Average Reward: -199.424 | Steps: 97131 | Total Reward: -76365.14150863554|
| Episode: 330 | Epsilon:  0.10 | Reward: -187.9475039823242 | Average Reward: -198.773 | Steps: 97409 | Total Reward: -76553.08901261799|
| Episode: 331 | Epsilon:  0.10 | Reward: -176.1860437165825 | Average Reward: -197.246 | Steps: 97718 | Total Reward: -76729.27505633445|
| Episode: 332 | Epsilon:  0.10 | Reward: -228.46236257318313 | Average Reward: -197.782 | Steps: 98052 | Total Reward: -76957.73741890772|
| Episode: 333 | Epsilon:  0.10 | Reward: -83.36968926754041 | Average Reward: -195.432 | Steps: 98275 | Total Reward: -77041.10710817527|
| Episode: 334 | Epsilon:  0.10 | Reward: -307.65585706094225 | Average Reward: -194.972 | Steps: 98519 | Total Reward: -77348.7629652362|
| Episode: 335 | Epsilon:  0.10 | Reward: -178.0415484767085 | Average Reward: -191.621 | Steps: 98866 | Total Reward: -77526.80451371288|
| Episode: 336 | Epsilon:  0.10 | Reward: -182.19089805045965 | Average Reward: -189.889 | Steps: 99249 | Total Reward: -77708.9954117632|
| Episode: 337 | Epsilon:  0.10 | Reward: -224.42750232128765 | Average Reward: -188.963 | Steps: 99603 | Total Reward: -77933.42291408459|
| Episode: 338 | Epsilon:  0.10 | Reward: -196.5529926708876 | Average Reward: -187.710 | Steps: 99831 | Total Reward: -78129.97590675541|
| Episode: 339 | Epsilon:  0.10 | Reward: -228.68332407296535 | Average Reward: -185.077 | Steps: 100099 | Total Reward: -78358.65923082834|
| Episode: 340 | Epsilon:  0.10 | Reward: -222.97979174021225 | Average Reward: -183.467 | Steps: 100399 | Total Reward: -78581.63902256855|
| Episode: 341 | Epsilon:  0.10 | Reward: -239.46305422408776 | Average Reward: -184.216 | Steps: 100725 | Total Reward: -78821.10207679268|
| Episode: 342 | Epsilon:  0.10 | Reward: -233.01241530709942 | Average Reward: -182.964 | Steps: 101043 | Total Reward: -79054.11449209978|
| Episode: 343 | Epsilon:  0.10 | Reward: -228.36637562885147 | Average Reward: -183.394 | Steps: 101266 | Total Reward: -79282.48086772858|
| Episode: 344 | Epsilon:  0.10 | Reward: -145.7734010001326 | Average Reward: -183.433 | Steps: 101526 | Total Reward: -79428.25426872865|
| Episode: 345 | Epsilon:  0.10 | Reward: -173.00737032880042 | Average Reward: -182.286 | Steps: 101910 | Total Reward: -79601.26163905735|
| Episode: 346 | Epsilon:  0.10 | Reward: -33.65244559446698 | Average Reward: -179.513 | Steps: 102202 | Total Reward: -79634.91408465173|
| Episode: 347 | Epsilon:  0.10 | Reward: -176.6501506954713 | Average Reward: -177.083 | Steps: 102351 | Total Reward: -79811.56423534719|
| Episode: 348 | Epsilon:  0.10 | Reward: -99.76377957348082 | Average Reward: -175.356 | Steps: 102504 | Total Reward: -79911.32801492065|
| Episode: 349 | Epsilon:  0.10 | Reward: -299.3640855098455 | Average Reward: -176.501 | Steps: 102718 | Total Reward: -80210.6921004305|
| Episode: 350 | Epsilon:  0.10 | Reward: -173.84746255837248 | Average Reward: -175.811 | Steps: 103017 | Total Reward: -80384.53956298885|
| Episode: 351 | Epsilon:  0.10 | Reward: -249.9572982295244 | Average Reward: -177.060 | Steps: 103341 | Total Reward: -80634.4968612184|
| Episode: 352 | Epsilon:  0.10 | Reward: -173.41742763606672 | Average Reward: -177.234 | Steps: 103448 | Total Reward: -80807.91428885447|
| Episode: 353 | Epsilon:  0.10 | Reward: -164.50773171820765 | Average Reward: -177.239 | Steps: 103941 | Total Reward: -80972.42202057285|
| Episode: 354 | Epsilon:  0.10 | Reward: -114.73470914237654 | Average Reward: -177.753 | Steps: 104258 | Total Reward: -81087.15672971518|
| Episode: 355 | Epsilon:  0.10 | Reward: -185.574349038168 | Average Reward: -178.467 | Steps: 104368 | Total Reward: -81272.73107875335|
| Episode: 356 | Epsilon:  0.10 | Reward: -143.2795611248392 | Average Reward: -178.643 | Steps: 104619 | Total Reward: -81416.01063987816|
| Episode: 357 | Epsilon:  0.10 | Reward: -47.94492323286636 | Average Reward: -177.409 | Steps: 104889 | Total Reward: -81463.95556311104|
| Episode: 358 | Epsilon:  0.10 | Reward: -165.51470386558466 | Average Reward: -177.893 | Steps: 105477 | Total Reward: -81629.47026697667|
| Episode: 359 | Epsilon:  0.10 | Reward: -226.55800355221697 | Average Reward: -179.242 | Steps: 105645 | Total Reward: -81856.02827052891|
| Episode: 360 | Epsilon:  0.10 | Reward: -331.5655390344949 | Average Reward: -180.510 | Steps: 105829 | Total Reward: -82187.59380956339|
| Episode: 361 | Epsilon:  0.10 | Reward: -245.9136855481861 | Average Reward: -182.015 | Steps: 106006 | Total Reward: -82433.50749511163|
| Episode: 362 | Epsilon:  0.10 | Reward: -51.023346267747684 | Average Reward: -180.727 | Steps: 106230 | Total Reward: -82484.53084137935|
| Episode: 363 | Epsilon:  0.10 | Reward: -79.93507161198849 | Average Reward: -180.193 | Steps: 106388 | Total Reward: -82564.46591299129|
| Episode: 364 | Epsilon:  0.10 | Reward: -182.30416272651254 | Average Reward: -180.411 | Steps: 106518 | Total Reward: -82746.7700757178|
| Episode: 365 | Epsilon:  0.10 | Reward: -180.9664899015729 | Average Reward: -180.583 | Steps: 106691 | Total Reward: -82927.73656561933|
| Episode: 366 | Epsilon:  0.10 | Reward: -192.5446798046983 | Average Reward: -180.924 | Steps: 106783 | Total Reward: -83120.28124542405|
| Episode: 367 | Epsilon:  0.10 | Reward: -194.1075497176467 | Average Reward: -181.762 | Steps: 106991 | Total Reward: -83314.38879514167|
| Episode: 368 | Epsilon:  0.10 | Reward: -125.51751420281208 | Average Reward: -181.458 | Steps: 107158 | Total Reward: -83439.90630934456|
| Episode: 369 | Epsilon:  0.10 | Reward: -270.97742441831804 | Average Reward: -182.067 | Steps: 107354 | Total Reward: -83710.88373376291|
| Episode: 370 | Epsilon:  0.10 | Reward: -130.1562130500622 | Average Reward: -181.961 | Steps: 107689 | Total Reward: -83841.03994681298|
| Episode: 371 | Epsilon:  0.10 | Reward: -116.91230665439859 | Average Reward: -181.819 | Steps: 107818 | Total Reward: -83957.9522534673|
| Episode: 372 | Epsilon:  0.10 | Reward: -161.67433211225074 | Average Reward: -180.586 | Steps: 107939 | Total Reward: -84119.62658557955|
| Episode: 373 | Epsilon:  0.10 | Reward: -207.32192262777625 | Average Reward: -180.333 | Steps: 108171 | Total Reward: -84326.94850820738|
| Episode: 374 | Epsilon:  0.10 | Reward: -102.47698776005146 | Average Reward: -178.047 | Steps: 108334 | Total Reward: -84429.42549596747|
| Episode: 375 | Epsilon:  0.10 | Reward: -120.31576845309576 | Average Reward: -177.515 | Steps: 108532 | Total Reward: -84549.74126442052|
| Episode: 376 | Epsilon:  0.10 | Reward: -238.6323606380685 | Average Reward: -176.176 | Steps: 108706 | Total Reward: -84788.37362505856|
| Episode: 377 | Epsilon:  0.10 | Reward: -167.7438004383641 | Average Reward: -176.901 | Steps: 108830 | Total Reward: -84956.11742549695|
| Episode: 378 | Epsilon:  0.10 | Reward: -208.87854042277348 | Average Reward: -177.367 | Steps: 108993 | Total Reward: -85164.99596591963|
| Episode: 379 | Epsilon:  0.10 | Reward: -225.09753687048516 | Average Reward: -178.126 | Steps: 109144 | Total Reward: -85390.09350279014|
| Episode: 380 | Epsilon:  0.10 | Reward: -282.92191125735417 | Average Reward: -178.680 | Steps: 109296 | Total Reward: -85673.01541404748|
| Episode: 381 | Epsilon:  0.10 | Reward: -153.71466255013956 | Average Reward: -175.859 | Steps: 109474 | Total Reward: -85826.73007659767|
| Episode: 382 | Epsilon:  0.10 | Reward: -101.95550674807906 | Average Reward: -174.503 | Steps: 109625 | Total Reward: -85928.68558334577|
| Episode: 383 | Epsilon:  0.10 | Reward: -297.0191671178126 | Average Reward: -175.484 | Steps: 109800 | Total Reward: -86225.70475046345|
| Episode: 384 | Epsilon:  0.10 | Reward: -200.23325787293294 | Average Reward: -176.367 | Steps: 109932 | Total Reward: -86425.93800833635|
| Episode: 385 | Epsilon:  0.10 | Reward: -217.12217178632108 | Average Reward: -177.480 | Steps: 110086 | Total Reward: -86643.06018012261|
| Episode: 386 | Epsilon:  0.10 | Reward: -162.791111706312 | Average Reward: -176.907 | Steps: 110202 | Total Reward: -86805.85129182898|
| Episode: 387 | Epsilon:  0.10 | Reward: -62.04417333195431 | Average Reward: -177.564 | Steps: 110358 | Total Reward: -86867.89546516095|
| Episode: 388 | Epsilon:  0.10 | Reward: -62.583661068525714 | Average Reward: -176.264 | Steps: 110523 | Total Reward: -86930.47912622943|
| Episode: 389 | Epsilon:  0.10 | Reward: -231.10629937218172 | Average Reward: -176.714 | Steps: 110682 | Total Reward: -87161.58542560168|
| Episode: 390 | Epsilon:  0.10 | Reward: -146.51849967447234 | Average Reward: -175.858 | Steps: 110933 | Total Reward: -87308.10392527617|
| Episode: 391 | Epsilon:  0.10 | Reward: -529.417105744394 | Average Reward: -179.323 | Steps: 111335 | Total Reward: -87837.52103102049|
| Episode: 392 | Epsilon:  0.10 | Reward: -40.87940964163721 | Average Reward: -178.125 | Steps: 111668 | Total Reward: -87878.40044066202|
| Episode: 393 | Epsilon:  0.10 | Reward: -104.72041138620702 | Average Reward: -177.357 | Steps: 111891 | Total Reward: -87983.12085204817|
| Episode: 394 | Epsilon:  0.10 | Reward: -161.9765660737986 | Average Reward: -177.477 | Steps: 111991 | Total Reward: -88145.09741812196|
| Episode: 395 | Epsilon:  0.10 | Reward: -253.23900895359756 | Average Reward: -178.132 | Steps: 112155 | Total Reward: -88398.3364270756|
| Episode: 396 | Epsilon:  0.10 | Reward: -246.08511690939716 | Average Reward: -179.125 | Steps: 112353 | Total Reward: -88644.42154398496|
| Episode: 397 | Epsilon:  0.10 | Reward: -305.3977374392907 | Average Reward: -180.040 | Steps: 112487 | Total Reward: -88949.81928142425|
| Episode: 398 | Epsilon:  0.10 | Reward: -212.6768706874043 | Average Reward: -181.134 | Steps: 112623 | Total Reward: -89162.49615211166|
| Episode: 399 | Epsilon:  0.10 | Reward: -307.8810194394905 | Average Reward: -182.613 | Steps: 112781 | Total Reward: -89470.37717155115|
| Episode: 400 | Epsilon:  0.10 | Reward: -193.99208779531887 | Average Reward: -183.135 | Steps: 113004 | Total Reward: -89664.36925934645|
| Episode: 401 | Epsilon:  0.10 | Reward: -228.1806181908247 | Average Reward: -183.710 | Steps: 113181 | Total Reward: -89892.54987753744|
| Episode: 402 | Epsilon:  0.10 | Reward: -160.99598954849836 | Average Reward: -183.593 | Steps: 113354 | Total Reward: -90053.54586708595|
| Episode: 403 | Epsilon:  0.10 | Reward: -8.362662597068805 | Average Reward: -181.411 | Steps: 113552 | Total Reward: -90061.90852968302|
| Episode: 404 | Epsilon:  0.10 | Reward: -338.73188340607334 | Average Reward: -183.655 | Steps: 113745 | Total Reward: -90400.6404130891|
| Episode: 405 | Epsilon:  0.10 | Reward: -184.50531516284065 | Average Reward: -184.191 | Steps: 113894 | Total Reward: -90585.14572825197|
| Episode: 406 | Epsilon:  0.10 | Reward: -165.48443910470831 | Average Reward: -184.460 | Steps: 114070 | Total Reward: -90750.63016735665|
| Episode: 407 | Epsilon:  0.10 | Reward: -255.03723816153806 | Average Reward: -185.394 | Steps: 114246 | Total Reward: -91005.66740551816|
| Episode: 408 | Epsilon:  0.10 | Reward: -165.64818170238073 | Average Reward: -185.222 | Steps: 114407 | Total Reward: -91171.31558722051|
| Episode: 409 | Epsilon:  0.10 | Reward: -159.42957291216368 | Average Reward: -185.078 | Steps: 114519 | Total Reward: -91330.74516013266|
| Episode: 410 | Epsilon:  0.10 | Reward: -114.04404534417885 | Average Reward: -184.430 | Steps: 114682 | Total Reward: -91444.78920547682|
| Episode: 411 | Epsilon:  0.10 | Reward: -195.62805521356194 | Average Reward: -184.519 | Steps: 114884 | Total Reward: -91640.41726069037|
| Episode: 412 | Epsilon:  0.10 | Reward: -132.86605836815085 | Average Reward: -184.341 | Steps: 115045 | Total Reward: -91773.28331905844|
| Episode: 413 | Epsilon:  0.10 | Reward: -102.47994612936964 | Average Reward: -183.522 | Steps: 115274 | Total Reward: -91875.76326518778|
| Episode: 414 | Epsilon:  0.10 | Reward: -215.74873946673563 | Average Reward: -183.571 | Steps: 115511 | Total Reward: -92091.51200465448|
| Episode: 415 | Epsilon:  0.10 | Reward: -169.21361046308374 | Average Reward: -183.748 | Steps: 115713 | Total Reward: -92260.72561511744|
| Episode: 416 | Epsilon:  0.10 | Reward: 262.8959302891079 | Average Reward: -179.197 | Steps: 116004 | Total Reward: -91997.8296848283|
| Episode: 417 | Epsilon:  0.10 | Reward: -197.47222799945433 | Average Reward: -177.790 | Steps: 116166 | Total Reward: -92195.30191282787|
| Episode: 418 | Epsilon:  0.10 | Reward: -204.17456754194717 | Average Reward: -178.033 | Steps: 116294 | Total Reward: -92399.47648036982|
| Episode: 419 | Epsilon:  0.10 | Reward: -179.45024390004005 | Average Reward: -178.348 | Steps: 116408 | Total Reward: -92578.92672426986|
| Episode: 420 | Epsilon:  0.10 | Reward: -269.38095914440567 | Average Reward: -178.743 | Steps: 116553 | Total Reward: -92848.30768341428|
| Episode: 421 | Epsilon:  0.10 | Reward: -220.13150522028596 | Average Reward: -179.055 | Steps: 116717 | Total Reward: -93068.43918863473|
| Episode: 422 | Epsilon:  0.10 | Reward: -132.0076790606002 | Average Reward: -179.398 | Steps: 116845 | Total Reward: -93200.4468676953|
| Episode: 423 | Epsilon:  0.10 | Reward: -139.30205260933838 | Average Reward: -178.948 | Steps: 117097 | Total Reward: -93339.74892030464|
| Episode: 424 | Epsilon:  0.10 | Reward: -150.96367526527192 | Average Reward: -178.983 | Steps: 117237 | Total Reward: -93490.7125955699|
| Episode: 425 | Epsilon:  0.10 | Reward: -132.13051175250092 | Average Reward: -178.601 | Steps: 117379 | Total Reward: -93622.84310732239|
| Episode: 426 | Epsilon:  0.10 | Reward: -160.03074950642346 | Average Reward: -178.969 | Steps: 117511 | Total Reward: -93782.87385682888|
| Episode: 427 | Epsilon:  0.10 | Reward: -44.733868168049725 | Average Reward: -177.962 | Steps: 117633 | Total Reward: -93827.60772499691|
| Episode: 428 | Epsilon:  0.10 | Reward: -114.51037374821261 | Average Reward: -177.263 | Steps: 117753 | Total Reward: -93942.11809874511|
| Episode: 429 | Epsilon:  0.10 | Reward: -148.46681391665317 | Average Reward: -177.254 | Steps: 117879 | Total Reward: -94090.58491266177|
| Episode: 430 | Epsilon:  0.10 | Reward: -130.8614471363784 | Average Reward: -176.684 | Steps: 118033 | Total Reward: -94221.44635979817|
| Episode: 431 | Epsilon:  0.10 | Reward: -182.02830084905708 | Average Reward: -176.742 | Steps: 118150 | Total Reward: -94403.4746606473|
| Episode: 432 | Epsilon:  0.10 | Reward: -305.6254682626567 | Average Reward: -177.514 | Steps: 118377 | Total Reward: -94709.10012891014|
| Episode: 433 | Epsilon:  0.10 | Reward: -19.25955220962601 | Average Reward: -176.873 | Steps: 118505 | Total Reward: -94728.35968111968|
| Episode: 434 | Epsilon:  0.10 | Reward: 45.251578303594044 | Average Reward: -173.343 | Steps: 118693 | Total Reward: -94683.108102816|
| Episode: 435 | Epsilon:  0.10 | Reward: -57.168316472215636 | Average Reward: -172.135 | Steps: 118813 | Total Reward: -94740.27641928823|
| Episode: 436 | Epsilon:  0.10 | Reward: -214.42205953681633 | Average Reward: -172.457 | Steps: 118956 | Total Reward: -94954.69847882506|
| Episode: 437 | Epsilon:  0.10 | Reward: -61.70633576861431 | Average Reward: -170.830 | Steps: 119116 | Total Reward: -95016.40481459371|
| Episode: 438 | Epsilon:  0.10 | Reward: -185.20937688497645 | Average Reward: -170.716 | Steps: 119312 | Total Reward: -95201.61419147873|
| Episode: 439 | Epsilon:  0.10 | Reward: -361.2881209103438 | Average Reward: -172.042 | Steps: 119535 | Total Reward: -95562.9023123891|
| Episode: 440 | Epsilon:  0.10 | Reward: -123.68127176997172 | Average Reward: -171.049 | Steps: 119672 | Total Reward: -95686.58358415906|
| Episode: 441 | Epsilon:  0.10 | Reward: -257.17960262014117 | Average Reward: -171.227 | Steps: 119864 | Total Reward: -95943.76318677922|
| Episode: 442 | Epsilon:  0.10 | Reward: -184.00924726443475 | Average Reward: -170.737 | Steps: 119986 | Total Reward: -96127.77243404355|
| Episode: 443 | Epsilon:  0.10 | Reward: -209.38240975787957 | Average Reward: -170.547 | Steps: 120129 | Total Reward: -96337.15484380143|
| Episode: 444 | Epsilon:  0.10 | Reward: -182.6661892870909 | Average Reward: -170.916 | Steps: 120235 | Total Reward: -96519.8210330885|
| Episode: 445 | Epsilon:  0.10 | Reward: -138.7375035233034 | Average Reward: -170.573 | Steps: 120359 | Total Reward: -96658.55853661182|
| Episode: 446 | Epsilon:  0.10 | Reward: -274.4109474848094 | Average Reward: -172.981 | Steps: 120511 | Total Reward: -96932.96948409663|
| Episode: 447 | Epsilon:  0.10 | Reward: -272.82007885583755 | Average Reward: -173.942 | Steps: 120718 | Total Reward: -97205.78956295231|
| Episode: 448 | Epsilon:  0.10 | Reward: -148.48521388485452 | Average Reward: -174.429 | Steps: 120897 | Total Reward: -97354.2747768372|
| Episode: 449 | Epsilon:  0.10 | Reward: -191.82725320063557 | Average Reward: -173.354 | Steps: 121099 | Total Reward: -97546.1020300378|
| Episode: 450 | Epsilon:  0.10 | Reward: -325.75399024929936 | Average Reward: -174.873 | Steps: 121266 | Total Reward: -97871.85602028719|
| Episode: 451 | Epsilon:  0.10 | Reward: -285.5485307794571 | Average Reward: -175.229 | Steps: 121404 | Total Reward: -98157.40455106663|
| Episode: 452 | Epsilon:  0.10 | Reward: -260.1987780090868 | Average Reward: -176.097 | Steps: 121636 | Total Reward: -98417.60332907565|
| Episode: 453 | Epsilon:  0.10 | Reward: -225.91962700642762 | Average Reward: -176.711 | Steps: 121738 | Total Reward: -98643.52295608204|
| Episode: 454 | Epsilon:  0.10 | Reward: -196.45708250255558 | Average Reward: -177.528 | Steps: 121864 | Total Reward: -98839.98003858465|
| Episode: 455 | Epsilon:  0.10 | Reward: -229.9617809738879 | Average Reward: -177.972 | Steps: 121990 | Total Reward: -99069.94181955846|
| Episode: 456 | Epsilon:  0.10 | Reward: -213.1861011043316 | Average Reward: -178.671 | Steps: 122103 | Total Reward: -99283.1279206628|
| Episode: 457 | Epsilon:  0.10 | Reward: 2.3533663625717907 | Average Reward: -178.168 | Steps: 122298 | Total Reward: -99280.77455430024|
| Episode: 458 | Epsilon:  0.10 | Reward: -274.17573443657875 | Average Reward: -179.255 | Steps: 122448 | Total Reward: -99554.9502887369|
| Episode: 459 | Epsilon:  0.10 | Reward: -230.12108110303288 | Average Reward: -179.290 | Steps: 122605 | Total Reward: -99785.07136983995|
| Episode: 460 | Epsilon:  0.10 | Reward: -203.1536804878541 | Average Reward: -178.006 | Steps: 122805 | Total Reward: -99988.22505032772|
| Episode: 461 | Epsilon:  0.10 | Reward: -384.84699684269486 | Average Reward: -179.396 | Steps: 122967 | Total Reward: -100373.07204717038|
| Episode: 462 | Epsilon:  0.10 | Reward: -69.57918833147758 | Average Reward: -179.581 | Steps: 123122 | Total Reward: -100442.65123550183|
| Episode: 463 | Epsilon:  0.10 | Reward: -173.08186556576783 | Average Reward: -180.513 | Steps: 123250 | Total Reward: -100615.73310106766|
| Episode: 464 | Epsilon:  0.10 | Reward: -120.67307925401207 | Average Reward: -179.896 | Steps: 123395 | Total Reward: -100736.40618032169|
| Episode: 465 | Epsilon:  0.10 | Reward: -221.82787141631718 | Average Reward: -180.305 | Steps: 123578 | Total Reward: -100958.23405173796|
| Episode: 466 | Epsilon:  0.10 | Reward: -289.6503060322541 | Average Reward: -181.276 | Steps: 123767 | Total Reward: -101247.88435777026|
| Episode: 467 | Epsilon:  0.10 | Reward: -217.62053602734272 | Average Reward: -181.511 | Steps: 123884 | Total Reward: -101465.50489379767|
| Episode: 468 | Epsilon:  0.10 | Reward: -380.96842157035644 | Average Reward: -184.066 | Steps: 124057 | Total Reward: -101846.47331536791|
| Episode: 469 | Epsilon:  0.10 | Reward: -71.47892979740008 | Average Reward: -182.071 | Steps: 124176 | Total Reward: -101917.95224516535|
| Episode: 470 | Epsilon:  0.10 | Reward: -203.81461050920535 | Average Reward: -182.807 | Steps: 124306 | Total Reward: -102121.76685567449|
| Episode: 471 | Epsilon:  0.10 | Reward: -181.00752737005013 | Average Reward: -183.448 | Steps: 124443 | Total Reward: -102302.7743830446|
| Episode: 472 | Epsilon:  0.10 | Reward: -214.67358764511695 | Average Reward: -183.978 | Steps: 124567 | Total Reward: -102517.4479706896|
| Episode: 473 | Epsilon:  0.10 | Reward: -205.25357094943627 | Average Reward: -183.958 | Steps: 124738 | Total Reward: -102722.70154163906|
| Episode: 474 | Epsilon:  0.10 | Reward: -246.6982379189777 | Average Reward: -185.400 | Steps: 124855 | Total Reward: -102969.39977955805|
| Episode: 475 | Epsilon:  0.10 | Reward: -375.27146076451464 | Average Reward: -187.949 | Steps: 125038 | Total Reward: -103344.6712403226|
| Episode: 476 | Epsilon:  0.10 | Reward: -194.13771495392 | Average Reward: -187.504 | Steps: 125170 | Total Reward: -103538.80895527655|
| Episode: 477 | Epsilon:  0.10 | Reward: -161.0715807135415 | Average Reward: -187.438 | Steps: 125300 | Total Reward: -103699.88053599001|
| Episode: 478 | Epsilon:  0.10 | Reward: -8.51976572256467 | Average Reward: -185.434 | Steps: 125504 | Total Reward: -103708.40030171262|
| Episode: 479 | Epsilon:  0.10 | Reward: -228.5123402086831 | Average Reward: -185.468 | Steps: 125631 | Total Reward: -103936.91264192131|
| Episode: 480 | Epsilon:  0.10 | Reward: -195.1770574229838 | Average Reward: -184.591 | Steps: 125827 | Total Reward: -104132.08969934424|
| Episode: 481 | Epsilon:  0.10 | Reward: -214.1820211721565 | Average Reward: -185.195 | Steps: 125980 | Total Reward: -104346.27172051645|
| Episode: 482 | Epsilon:  0.10 | Reward: -74.43626277341738 | Average Reward: -184.920 | Steps: 126191 | Total Reward: -104420.7079832898|
| Episode: 483 | Epsilon:  0.10 | Reward: -289.42692016514854 | Average Reward: -184.844 | Steps: 126322 | Total Reward: -104710.13490345495|
| Episode: 484 | Epsilon:  0.10 | Reward: -179.2950258383833 | Average Reward: -184.635 | Steps: 126449 | Total Reward: -104889.42992929337|
| Episode: 485 | Epsilon:  0.10 | Reward: -322.5384624023915 | Average Reward: -185.689 | Steps: 126574 | Total Reward: -105211.9683916958|
| Episode: 486 | Epsilon:  0.10 | Reward: -92.18845015634408 | Average Reward: -184.983 | Steps: 126691 | Total Reward: -105304.15684185206|
| Episode: 487 | Epsilon:  0.10 | Reward: -126.50394325142574 | Average Reward: -185.628 | Steps: 126887 | Total Reward: -105430.66078510352|
| Episode: 488 | Epsilon:  0.10 | Reward: -18.99223152186289 | Average Reward: -185.192 | Steps: 126999 | Total Reward: -105449.65301662544|
| Episode: 489 | Epsilon:  0.10 | Reward: -218.2843069712788 | Average Reward: -185.064 | Steps: 127130 | Total Reward: -105667.93732359674|
| Episode: 490 | Epsilon:  0.10 | Reward: -17.808596809312988 | Average Reward: -183.776 | Steps: 127360 | Total Reward: -105685.74592040601|
| Episode: 491 | Epsilon:  0.10 | Reward: -96.756144751323 | Average Reward: -179.450 | Steps: 127505 | Total Reward: -105782.50206515736|
| Episode: 492 | Epsilon:  0.10 | Reward: -132.2017746513517 | Average Reward: -180.363 | Steps: 127703 | Total Reward: -105914.70383980867|
| Episode: 493 | Epsilon:  0.10 | Reward: -282.3800167792608 | Average Reward: -182.140 | Steps: 127847 | Total Reward: -106197.08385658798|
| Episode: 494 | Epsilon:  0.10 | Reward: -149.6307179780173 | Average Reward: -182.016 | Steps: 128021 | Total Reward: -106346.71457456595|
| Episode: 495 | Epsilon:  0.10 | Reward: -55.55285107472417 | Average Reward: -180.039 | Steps: 128140 | Total Reward: -106402.26742564062|
| Episode: 496 | Epsilon:  0.10 | Reward: -36.381230292098735 | Average Reward: -177.942 | Steps: 128260 | Total Reward: -106438.64865593273|
| Episode: 497 | Epsilon:  0.10 | Reward: -146.88921920751795 | Average Reward: -176.357 | Steps: 128399 | Total Reward: -106585.53787514027|
| Episode: 498 | Epsilon:  0.10 | Reward: -286.5796626309114 | Average Reward: -177.096 | Steps: 128678 | Total Reward: -106872.11753777125|
| Episode: 499 | Epsilon:  0.10 | Reward: -106.62359670066614 | Average Reward: -175.084 | Steps: 128897 | Total Reward: -106978.74113447197|
| Episode: 500 | Epsilon:  0.10 | Reward: -210.65154948560877 | Average Reward: -175.250 | Steps: 129118 | Total Reward: -107189.39268395743|
| Episode: 501 | Epsilon:  0.10 | Reward: -339.26338287589726 | Average Reward: -176.361 | Steps: 129295 | Total Reward: -107528.65606683331|
| Episode: 502 | Epsilon:  0.10 | Reward: -87.92118582382864 | Average Reward: -175.630 | Steps: 129465 | Total Reward: -107616.57725265723|
| Episode: 503 | Epsilon:  0.10 | Reward: -193.2549915397617 | Average Reward: -177.479 | Steps: 129599 | Total Reward: -107809.83224419689|
| Episode: 504 | Epsilon:  0.10 | Reward: -108.63813145534897 | Average Reward: -175.178 | Steps: 129710 | Total Reward: -107918.4703756523|
| Episode: 505 | Epsilon:  0.10 | Reward: -85.869848782043 | Average Reward: -174.192 | Steps: 129894 | Total Reward: -108004.34022443437|
| Episode: 506 | Epsilon:  0.10 | Reward: -93.14710661191421 | Average Reward: -173.469 | Steps: 130045 | Total Reward: -108097.48733104629|
| Episode: 507 | Epsilon:  0.10 | Reward: -106.52843209885883 | Average Reward: -171.983 | Steps: 130198 | Total Reward: -108204.01576314511|
| Episode: 508 | Epsilon:  0.10 | Reward: -264.47888780967423 | Average Reward: -172.972 | Steps: 130337 | Total Reward: -108468.49465095474|
| Episode: 509 | Epsilon:  0.10 | Reward: -115.97544496358094 | Average Reward: -172.537 | Steps: 130470 | Total Reward: -108584.4700959184|
| Episode: 510 | Epsilon:  0.10 | Reward: -163.18046351775203 | Average Reward: -173.029 | Steps: 130621 | Total Reward: -108747.65055943617|
| Episode: 511 | Epsilon:  0.10 | Reward: -29.072374132303864 | Average Reward: -171.363 | Steps: 130761 | Total Reward: -108776.72293356845|
| Episode: 512 | Epsilon:  0.10 | Reward: -220.31249853677605 | Average Reward: -172.238 | Steps: 130939 | Total Reward: -108997.0354321053|
| Episode: 513 | Epsilon:  0.10 | Reward: -208.75796045679817 | Average Reward: -173.300 | Steps: 131108 | Total Reward: -109205.79339256203|
| Episode: 514 | Epsilon:  0.10 | Reward: -293.27522207527807 | Average Reward: -174.076 | Steps: 131271 | Total Reward: -109499.06861463729|
| Episode: 515 | Epsilon:  0.10 | Reward: -86.97655329216816 | Average Reward: -173.253 | Steps: 131435 | Total Reward: -109586.04516792946|
| Episode: 516 | Epsilon:  0.10 | Reward: -87.69228482829759 | Average Reward: -176.759 | Steps: 131630 | Total Reward: -109673.73745275778|
| Episode: 517 | Epsilon:  0.10 | Reward: -266.8436223341336 | Average Reward: -177.453 | Steps: 131819 | Total Reward: -109940.58107509189|
| Episode: 518 | Epsilon:  0.10 | Reward: -81.3378789521776 | Average Reward: -176.224 | Steps: 132010 | Total Reward: -110021.91895404407|
| Episode: 519 | Epsilon:  0.10 | Reward: -170.08645715534016 | Average Reward: -176.131 | Steps: 132136 | Total Reward: -110192.00541119934|
| Episode: 520 | Epsilon:  0.10 | Reward: -134.19707492937718 | Average Reward: -174.779 | Steps: 132262 | Total Reward: -110326.20248612874|
| Episode: 521 | Epsilon:  0.10 | Reward: -86.77148440616453 | Average Reward: -173.445 | Steps: 132468 | Total Reward: -110412.97397053489|
| Episode: 522 | Epsilon:  0.10 | Reward: -272.267584431463 | Average Reward: -174.848 | Steps: 132605 | Total Reward: -110685.24155496634|
| Episode: 523 | Epsilon:  0.10 | Reward: -142.24059636581478 | Average Reward: -174.877 | Steps: 132734 | Total Reward: -110827.48215133214|
| Episode: 524 | Epsilon:  0.10 | Reward: -219.0795972809944 | Average Reward: -175.558 | Steps: 132936 | Total Reward: -111046.5617486131|
| Episode: 525 | Epsilon:  0.10 | Reward: -54.6710620069433 | Average Reward: -174.784 | Steps: 133130 | Total Reward: -111101.23281061999|
| Episode: 526 | Epsilon:  0.10 | Reward: -174.9441208194663 | Average Reward: -174.933 | Steps: 133327 | Total Reward: -111276.1769314394|
| Episode: 527 | Epsilon:  0.10 | Reward: -321.591650754899 | Average Reward: -177.702 | Steps: 133477 | Total Reward: -111597.76858219432|
| Episode: 528 | Epsilon:  0.10 | Reward: -142.5032518790262 | Average Reward: -177.982 | Steps: 133648 | Total Reward: -111740.27183407336|
| Episode: 529 | Epsilon:  0.10 | Reward: 11.231217634987686 | Average Reward: -176.385 | Steps: 133803 | Total Reward: -111729.0406164383|
| Episode: 530 | Epsilon:  0.10 | Reward: -212.4945027315041 | Average Reward: -177.201 | Steps: 134006 | Total Reward: -111941.53511916977|
| Episode: 531 | Epsilon:  0.10 | Reward: -171.02196290003542 | Average Reward: -177.091 | Steps: 134161 | Total Reward: -112112.55708206973|
| Episode: 532 | Epsilon:  0.10 | Reward: -228.32302907819513 | Average Reward: -176.318 | Steps: 134305 | Total Reward: -112340.88011114781|
| Episode: 533 | Epsilon:  0.10 | Reward: -85.20969699770134 | Average Reward: -176.977 | Steps: 134472 | Total Reward: -112426.0898081454|
| Episode: 534 | Epsilon:  0.10 | Reward: -285.21586555444225 | Average Reward: -180.282 | Steps: 134610 | Total Reward: -112711.30567369987|
| Episode: 535 | Epsilon:  0.10 | Reward: -192.97940112715378 | Average Reward: -181.640 | Steps: 134760 | Total Reward: -112904.28507482712|
| Episode: 536 | Epsilon:  0.10 | Reward: -154.69220646873094 | Average Reward: -181.043 | Steps: 134923 | Total Reward: -113058.97728129591|
| Episode: 537 | Epsilon:  0.10 | Reward: -92.10198300611732 | Average Reward: -181.347 | Steps: 135103 | Total Reward: -113151.0792643021|
| Episode: 538 | Epsilon:  0.10 | Reward: -274.767122992961 | Average Reward: -182.242 | Steps: 135260 | Total Reward: -113425.84638729501|
| Episode: 539 | Epsilon:  0.10 | Reward: -82.37924845405931 | Average Reward: -179.453 | Steps: 135493 | Total Reward: -113508.22563574916|
| Episode: 540 | Epsilon:  0.10 | Reward: -90.98888237000364 | Average Reward: -179.126 | Steps: 135638 | Total Reward: -113599.21451811913|
| Episode: 541 | Epsilon:  0.10 | Reward: -213.0408368508717 | Average Reward: -178.685 | Steps: 135787 | Total Reward: -113812.25535496997|
| Episode: 542 | Epsilon:  0.10 | Reward: -258.89820834236144 | Average Reward: -179.434 | Steps: 135978 | Total Reward: -114071.15356331239|
| Episode: 543 | Epsilon:  0.10 | Reward: -301.78503110669584 | Average Reward: -180.358 | Steps: 136218 | Total Reward: -114372.938594419|
| Episode: 544 | Epsilon:  0.10 | Reward: -55.625068533379135 | Average Reward: -179.087 | Steps: 136335 | Total Reward: -114428.56366295238|
| Episode: 545 | Epsilon:  0.10 | Reward: -78.75552453359802 | Average Reward: -178.488 | Steps: 136542 | Total Reward: -114507.31918748599|
| Episode: 546 | Epsilon:  0.10 | Reward: -119.15506994989305 | Average Reward: -176.935 | Steps: 136714 | Total Reward: -114626.47425743582|
| Episode: 547 | Epsilon:  0.10 | Reward: -0.6611109966639646 | Average Reward: -174.213 | Steps: 136927 | Total Reward: -114627.1353684325|
| Episode: 548 | Epsilon:  0.10 | Reward: -33.64814969094232 | Average Reward: -173.065 | Steps: 137063 | Total Reward: -114660.78351812348|
| Episode: 549 | Epsilon:  0.10 | Reward: -49.56364586958614 | Average Reward: -171.642 | Steps: 137257 | Total Reward: -114710.34716399312|
| Episode: 550 | Epsilon:  0.10 | Reward: -203.54123162527844 | Average Reward: -170.420 | Steps: 137508 | Total Reward: -114913.88839561839|
| Episode: 551 | Epsilon:  0.10 | Reward: -285.30172204978595 | Average Reward: -170.418 | Steps: 137664 | Total Reward: -115199.19011766811|
| Episode: 552 | Epsilon:  0.10 | Reward: -107.70915905634716 | Average Reward: -168.893 | Steps: 137805 | Total Reward: -115306.89927672448|
| Episode: 553 | Epsilon:  0.10 | Reward: -101.11668642255485 | Average Reward: -167.645 | Steps: 138116 | Total Reward: -115408.01596314703|
| Episode: 554 | Epsilon:  0.10 | Reward: -261.77596261213444 | Average Reward: -168.298 | Steps: 138320 | Total Reward: -115669.79192575911|
| Episode: 555 | Epsilon:  0.10 | Reward: -215.38180494103648 | Average Reward: -168.152 | Steps: 138504 | Total Reward: -115885.17373070015|
| Episode: 556 | Epsilon:  0.10 | Reward: -299.192175217201 | Average Reward: -169.012 | Steps: 138688 | Total Reward: -116184.36590591747|
| Episode: 557 | Epsilon:  0.10 | Reward: -230.4617857538086 | Average Reward: -171.341 | Steps: 138898 | Total Reward: -116414.8276916713|
| Episode: 558 | Epsilon:  0.10 | Reward: -108.8970101367044 | Average Reward: -169.688 | Steps: 139113 | Total Reward: -116523.7247018079|
| Episode: 559 | Epsilon:  0.10 | Reward: -307.7075621729985 | Average Reward: -170.464 | Steps: 139360 | Total Reward: -116831.43226398085|
| Episode: 560 | Epsilon:  0.10 | Reward: -231.11780787377114 | Average Reward: -170.743 | Steps: 139556 | Total Reward: -117062.55007185458|
| Episode: 561 | Epsilon:  0.10 | Reward: -280.72221127185225 | Average Reward: -169.702 | Steps: 139801 | Total Reward: -117343.27228312648|
| Episode: 562 | Epsilon:  0.10 | Reward: -352.2287975821322 | Average Reward: -172.528 | Steps: 140021 | Total Reward: -117695.50108070858|
| Episode: 563 | Epsilon:  0.10 | Reward: -385.36484276641244 | Average Reward: -174.651 | Steps: 140202 | Total Reward: -118080.86592347494|
| Episode: 564 | Epsilon:  0.10 | Reward: -122.51844852279254 | Average Reward: -174.670 | Steps: 140399 | Total Reward: -118203.38437199779|
| Episode: 565 | Epsilon:  0.10 | Reward: -18.64051470582585 | Average Reward: -172.638 | Steps: 140606 | Total Reward: -118222.02488670361|
| Episode: 566 | Epsilon:  0.10 | Reward: -333.7308294628225 | Average Reward: -173.079 | Steps: 140747 | Total Reward: -118555.75571616642|
| Episode: 567 | Epsilon:  0.10 | Reward: -60.85009914321644 | Average Reward: -171.511 | Steps: 140942 | Total Reward: -118616.60581530955|
| Episode: 568 | Epsilon:  0.10 | Reward: -123.82225134414367 | Average Reward: -168.940 | Steps: 141131 | Total Reward: -118740.42806665364|
| Episode: 569 | Epsilon:  0.10 | Reward: -68.56808637290351 | Average Reward: -168.910 | Steps: 141329 | Total Reward: -118808.99615302647|
| Episode: 570 | Epsilon:  0.10 | Reward: -53.36827788282692 | Average Reward: -167.406 | Steps: 141492 | Total Reward: -118862.3644309093|
| Episode: 571 | Epsilon:  0.10 | Reward: -138.17135294122124 | Average Reward: -166.978 | Steps: 141660 | Total Reward: -119000.53578385057|
| Episode: 572 | Epsilon:  0.10 | Reward: -153.1617768090746 | Average Reward: -166.362 | Steps: 141853 | Total Reward: -119153.6975606597|
| Episode: 573 | Epsilon:  0.10 | Reward: -29.387314728256868 | Average Reward: -164.604 | Steps: 142099 | Total Reward: -119183.08487538803|
| Episode: 574 | Epsilon:  0.10 | Reward: -190.34592952400953 | Average Reward: -164.040 | Steps: 142352 | Total Reward: -119373.43080491203|
| Episode: 575 | Epsilon:  0.10 | Reward: 176.93002796115283 | Average Reward: -158.518 | Steps: 143186 | Total Reward: -119196.50077695085|
| Episode: 576 | Epsilon:  0.10 | Reward: -61.48711824221031 | Average Reward: -157.192 | Steps: 143407 | Total Reward: -119257.987895193|
| Episode: 577 | Epsilon:  0.10 | Reward: -273.6681389520736 | Average Reward: -158.318 | Steps: 143557 | Total Reward: -119531.6560341451|
| Episode: 578 | Epsilon:  0.10 | Reward: -238.4821907456891 | Average Reward: -160.617 | Steps: 143747 | Total Reward: -119770.13822489073|
| Episode: 579 | Epsilon:  0.10 | Reward: -68.76611445162075 | Average Reward: -159.020 | Steps: 143971 | Total Reward: -119838.90433934238|
| Episode: 580 | Epsilon:  0.10 | Reward: -228.80409777640125 | Average Reward: -159.356 | Steps: 144153 | Total Reward: -120067.70843711878|
| Episode: 581 | Epsilon:  0.10 | Reward: -282.2944486714102 | Average Reward: -160.037 | Steps: 144409 | Total Reward: -120350.00288579031|
| Episode: 582 | Epsilon:  0.10 | Reward: -15.001581293660976 | Average Reward: -159.443 | Steps: 144640 | Total Reward: -120365.00446708388|
| Episode: 583 | Epsilon:  0.10 | Reward: -202.86564037358266 | Average Reward: -158.577 | Steps: 144840 | Total Reward: -120567.8701074574|
| Episode: 584 | Epsilon:  0.10 | Reward: -101.20375031825645 | Average Reward: -157.796 | Steps: 145055 | Total Reward: -120669.07385777566|
| Episode: 585 | Epsilon:  0.10 | Reward: -384.58996037628253 | Average Reward: -158.417 | Steps: 145276 | Total Reward: -121053.66381815194|
| Episode: 586 | Epsilon:  0.10 | Reward: -220.84069935031022 | Average Reward: -159.703 | Steps: 145464 | Total Reward: -121274.50451750212|
| Episode: 587 | Epsilon:  0.10 | Reward: -247.8664595559628 | Average Reward: -160.917 | Steps: 145640 | Total Reward: -121522.37097705809|
| Episode: 588 | Epsilon:  0.10 | Reward: -248.3076333550427 | Average Reward: -163.210 | Steps: 145819 | Total Reward: -121770.6786104132|
| Episode: 589 | Epsilon:  0.10 | Reward: -224.55300548083244 | Average Reward: -163.273 | Steps: 146051 | Total Reward: -121995.23161589402|
| Episode: 590 | Epsilon:  0.10 | Reward: -19.648298377432184 | Average Reward: -163.291 | Steps: 146156 | Total Reward: -122014.87991427146|
| Episode: 591 | Epsilon:  0.10 | Reward: -261.87326196293304 | Average Reward: -164.943 | Steps: 146375 | Total Reward: -122276.75317623444|
| Episode: 592 | Epsilon:  0.10 | Reward: -111.05117292968778 | Average Reward: -164.731 | Steps: 146552 | Total Reward: -122387.80434916414|
| Episode: 593 | Epsilon:  0.10 | Reward: -154.84767502014887 | Average Reward: -163.456 | Steps: 146745 | Total Reward: -122542.65202418432|
| Episode: 594 | Epsilon:  0.10 | Reward: -149.13531552352856 | Average Reward: -163.451 | Steps: 146989 | Total Reward: -122691.78733970794|
| Episode: 595 | Epsilon:  0.10 | Reward: -228.66663863743457 | Average Reward: -165.182 | Steps: 147153 | Total Reward: -122920.45397834534|
| Episode: 596 | Epsilon:  0.10 | Reward: -237.2049350050705 | Average Reward: -167.190 | Steps: 147381 | Total Reward: -123157.6589133505|
| Episode: 597 | Epsilon:  0.10 | Reward: -365.943384703878 | Average Reward: -169.381 | Steps: 147614 | Total Reward: -123523.60229805435|
| Episode: 598 | Epsilon:  0.10 | Reward: -252.8742787961698 | Average Reward: -169.044 | Steps: 147831 | Total Reward: -123776.47657685063|
| Episode: 599 | Epsilon:  0.10 | Reward: -234.38855467917531 | Average Reward: -170.321 | Steps: 148056 | Total Reward: -124010.86513152983|
| Episode: 600 | Epsilon:  0.10 | Reward: -70.97867521276771 | Average Reward: -168.925 | Steps: 148257 | Total Reward: -124081.84380674254|
| Episode: 601 | Epsilon:  0.10 | Reward: -174.1932105097802 | Average Reward: -167.274 | Steps: 148440 | Total Reward: -124256.03701725234|
| Episode: 602 | Epsilon:  0.10 | Reward: 15.309681343055786 | Average Reward: -166.242 | Steps: 148625 | Total Reward: -124240.72733590932|
| Episode: 603 | Epsilon:  0.10 | Reward: -256.4129983341097 | Average Reward: -166.873 | Steps: 148845 | Total Reward: -124497.1403342434|
| Episode: 604 | Epsilon:  0.10 | Reward: -288.04495561218306 | Average Reward: -168.667 | Steps: 148997 | Total Reward: -124785.18528985561|
| Episode: 605 | Epsilon:  0.10 | Reward: -433.32471313966755 | Average Reward: -172.142 | Steps: 149266 | Total Reward: -125218.5100029953|
| Episode: 606 | Epsilon:  0.10 | Reward: -237.5457682580388 | Average Reward: -173.586 | Steps: 149431 | Total Reward: -125456.05577125335|
