+------------------------+----------------------------+--------------------+
|                        |     Supported Features     |  Program Commands  |
+========================+============================+====================+
| Compatible Layers      | Hopfield Layer,            | hopfield,          |
|                        | HopfieldLayer Layer,       | hopfield_layer,    |
|                        | HopfieldPooling Layer,     | hopfield_pooling,  |
|                        | LSTM,                      | lstm,              |
|                        | GRU                        | gru                |
+------------------------+----------------------------+--------------------+
| Supported Loss Metrics | Huber Loss,                | huber,             |
|                        | Mean Absolute Error Loss,  | mae,               |
|                        | Mean Squared Error Loss,   | mse,               |
|                        | SmoothL1 Loss              | smooth_l1          |
+------------------------+----------------------------+--------------------+
| Supported Optimizers   | RMSprop (default),         | rmsprop,           |
|                        | AdamW,                     | adam,              |
|                        | Adam                       | adamW              |
+------------------------+----------------------------+--------------------+
| Episode:   1 | Epsilon:  0.90 | Reward: -201.62564993082992 | Average Reward: -201.626 | Steps:    75 | Total Reward: -201.62564993082992|
| Episode:   2 | Epsilon:  0.86 | Reward: -225.9997512706137 | Average Reward: -213.813 | Steps:   170 | Total Reward: -427.62540120144337|
| Episode:   3 | Epsilon:  0.82 | Reward: -480.44796956649884 | Average Reward: -302.691 | Steps:   272 | Total Reward: -908.0733707679415|
| Episode:   4 | Epsilon:  0.79 | Reward: -211.49169447949174 | Average Reward: -279.891 | Steps:   348 | Total Reward: -1119.5650652474328|
| Episode:   5 | Epsilon:  0.75 | Reward: -191.6984872411384 | Average Reward: -262.253 | Steps:   408 | Total Reward: -1311.2635524885716|
| Episode:   6 | Epsilon:  0.72 | Reward: -488.0098418893337 | Average Reward: -299.879 | Steps:   510 | Total Reward: -1799.2733943779044|
| Episode:   7 | Epsilon:  0.69 | Reward: -266.17058538937897 | Average Reward: -295.063 | Steps:   584 | Total Reward: -2065.4439797672835|
| Episode:   8 | Epsilon:  0.66 | Reward: -296.61343813935633 | Average Reward: -295.257 | Steps:   651 | Total Reward: -2362.0574179066384|
| Episode:   9 | Epsilon:  0.64 | Reward: -280.4422418284534 | Average Reward: -293.611 | Steps:   726 | Total Reward: -2642.4996597350905|
| Episode:  10 | Epsilon:  0.61 | Reward: -395.8666781302938 | Average Reward: -303.837 | Steps:   803 | Total Reward: -3038.366337865387|
| Episode:  11 | Epsilon:  0.59 | Reward: -603.8255776970555 | Average Reward: -331.108 | Steps:   892 | Total Reward: -3642.191915562443|
| Episode:  12 | Epsilon:  0.56 | Reward: -400.84240298836625 | Average Reward: -336.920 | Steps:   965 | Total Reward: -4043.0343185508073|
| Episode:  13 | Epsilon:  0.54 | Reward: -548.880081599327 | Average Reward: -353.224 | Steps:  1036 | Total Reward: -4591.9144001501345|
| Episode:  14 | Epsilon:  0.52 | Reward: -286.00813200253947 | Average Reward: -348.423 | Steps:  1090 | Total Reward: -4877.922532152675|
| Episode:  15 | Epsilon:  0.50 | Reward: -406.92267971191194 | Average Reward: -352.323 | Steps:  1173 | Total Reward: -5284.845211864585|
| Episode:  16 | Epsilon:  0.48 | Reward: -439.3306839806096 | Average Reward: -357.761 | Steps:  1262 | Total Reward: -5724.175895845195|
| Episode:  17 | Epsilon:  0.46 | Reward: -560.1040099118895 | Average Reward: -369.664 | Steps:  1338 | Total Reward: -6284.279905757081|
| Episode:  18 | Epsilon:  0.44 | Reward: -556.3043512188942 | Average Reward: -380.032 | Steps:  1417 | Total Reward: -6840.584256975982|
| Episode:  19 | Epsilon:  0.43 | Reward: -350.72019672423284 | Average Reward: -378.490 | Steps:  1472 | Total Reward: -7191.304453700213|
| Episode:  20 | Epsilon:  0.41 | Reward: -673.1814285664582 | Average Reward: -393.224 | Steps:  1556 | Total Reward: -7864.48588226667|
| Episode:  21 | Epsilon:  0.39 | Reward: -468.8313141755077 | Average Reward: -396.825 | Steps:  1621 | Total Reward: -8333.317196442178|
| Episode:  22 | Epsilon:  0.38 | Reward: -533.9772309363264 | Average Reward: -403.059 | Steps:  1687 | Total Reward: -8867.294427378505|
| Episode:  23 | Epsilon:  0.37 | Reward: -376.17980579462943 | Average Reward: -401.890 | Steps:  1742 | Total Reward: -9243.474233173138|
| Episode:  24 | Epsilon:  0.35 | Reward: -773.7302739053498 | Average Reward: -417.384 | Steps:  1831 | Total Reward: -10017.204507078495|
| Episode:  25 | Epsilon:  0.34 | Reward: -537.1276705752105 | Average Reward: -422.173 | Steps:  1903 | Total Reward: -10554.332177653701|
| Episode:  26 | Epsilon:  0.33 | Reward: -500.0838150884329 | Average Reward: -425.170 | Steps:  1969 | Total Reward: -11054.415992742128|
| Episode:  27 | Epsilon:  0.32 | Reward: -388.9334125219541 | Average Reward: -423.828 | Steps:  2047 | Total Reward: -11443.349405264085|
| Episode:  28 | Epsilon:  0.31 | Reward: -477.5733604684198 | Average Reward: -425.747 | Steps:  2217 | Total Reward: -11920.922765732503|
| Episode:  29 | Epsilon:  0.30 | Reward: -214.43884198086624 | Average Reward: -418.461 | Steps:  2324 | Total Reward: -12135.361607713368|
| Episode:  30 | Epsilon:  0.29 | Reward: -613.6892539975557 | Average Reward: -424.968 | Steps:  2435 | Total Reward: -12749.05086171094|
| Episode:  31 | Epsilon:  0.28 | Reward: -389.1325900299556 | Average Reward: -423.812 | Steps:  2552 | Total Reward: -13138.183451740897|
| Episode:  32 | Epsilon:  0.27 | Reward: -258.6131590042784 | Average Reward: -418.650 | Steps:  2778 | Total Reward: -13396.796610745183|
| Episode:  33 | Epsilon:  0.26 | Reward: -123.10692560345034 | Average Reward: -409.694 | Steps:  2837 | Total Reward: -13519.903536348633|
| Episode:  34 | Epsilon:  0.25 | Reward: -96.49277986446627 | Average Reward: -400.482 | Steps:  2950 | Total Reward: -13616.396316213093|
| Episode:  35 | Epsilon:  0.25 | Reward: -148.58381711048838 | Average Reward: -393.285 | Steps:  3032 | Total Reward: -13764.980133323572|
| Episode:  36 | Epsilon:  0.24 | Reward: -154.26285893664286 | Average Reward: -386.646 | Steps:  3105 | Total Reward: -13919.242992260217|
| Episode:  37 | Epsilon:  0.23 | Reward: -142.4783358592555 | Average Reward: -380.047 | Steps:  3198 | Total Reward: -14061.72132811948|
| Episode:  38 | Epsilon:  0.23 | Reward: -134.43042053939655 | Average Reward: -373.583 | Steps:  3266 | Total Reward: -14196.151748658875|
| Episode:  39 | Epsilon:  0.22 | Reward: -128.49541919686703 | Average Reward: -367.299 | Steps:  3343 | Total Reward: -14324.64716785575|
| Episode:  40 | Epsilon:  0.21 | Reward: -176.18643056742047 | Average Reward: -362.521 | Steps:  3427 | Total Reward: -14500.833598423173|
| Episode:  41 | Epsilon:  0.21 | Reward: -154.7682555039774 | Average Reward: -357.454 | Steps:  3490 | Total Reward: -14655.601853927152|
| Episode:  42 | Epsilon:  0.20 | Reward: -183.78731497494772 | Average Reward: -353.319 | Steps:  3562 | Total Reward: -14839.389168902097|
| Episode:  43 | Epsilon:  0.20 | Reward: -124.97706021569525 | Average Reward: -348.009 | Steps:  3649 | Total Reward: -14964.366229117782|
| Episode:  44 | Epsilon:  0.19 | Reward: -123.93273232349708 | Average Reward: -342.916 | Steps:  3734 | Total Reward: -15088.298961441284|
| Episode:  45 | Epsilon:  0.19 | Reward: -165.0635954419474 | Average Reward: -338.964 | Steps:  3808 | Total Reward: -15253.362556883232|
| Episode:  46 | Epsilon:  0.18 | Reward: -122.22738047970692 | Average Reward: -334.252 | Steps:  3882 | Total Reward: -15375.589937362936|
| Episode:  47 | Epsilon:  0.18 | Reward: -67.36352731279625 | Average Reward: -328.573 | Steps:  3968 | Total Reward: -15442.953464675733|
| Episode:  48 | Epsilon:  0.18 | Reward: -191.08566121996438 | Average Reward: -325.709 | Steps:  4047 | Total Reward: -15634.039125895692|
| Episode:  49 | Epsilon:  0.17 | Reward: -97.6603717177954 | Average Reward: -321.055 | Steps:  4106 | Total Reward: -15731.699497613487|
| Episode:  50 | Epsilon:  0.17 | Reward: -117.67449918320358 | Average Reward: -316.987 | Steps:  4183 | Total Reward: -15849.373996796685|
| Episode:  51 | Epsilon:  0.17 | Reward: -115.62055513612123 | Average Reward: -313.039 | Steps:  4246 | Total Reward: -15964.994551932803|
| Episode:  52 | Epsilon:  0.16 | Reward: -152.307606964358 | Average Reward: -309.948 | Steps:  4329 | Total Reward: -16117.30215889716|
| Episode:  53 | Epsilon:  0.16 | Reward: -226.04951580175646 | Average Reward: -308.365 | Steps:  4435 | Total Reward: -16343.351674698919|
| Episode:  54 | Epsilon:  0.16 | Reward: -165.66779225002213 | Average Reward: -305.723 | Steps:  4524 | Total Reward: -16509.019466948943|
| Episode:  55 | Epsilon:  0.15 | Reward: -108.27899399579431 | Average Reward: -302.133 | Steps:  4585 | Total Reward: -16617.298460944723|
| Episode:  56 | Epsilon:  0.15 | Reward: -113.1851738046229 | Average Reward: -298.759 | Steps:  4673 | Total Reward: -16730.483634749344|
| Episode:  57 | Epsilon:  0.15 | Reward: -144.01425136309862 | Average Reward: -296.044 | Steps:  4745 | Total Reward: -16874.49788611244|
| Episode:  58 | Epsilon:  0.15 | Reward: -116.52785600385633 | Average Reward: -292.949 | Steps:  4816 | Total Reward: -16991.025742116297|
| Episode:  59 | Epsilon:  0.14 | Reward: -69.92937130464111 | Average Reward: -289.169 | Steps:  4874 | Total Reward: -17060.955113420925|
| Episode:  60 | Epsilon:  0.14 | Reward: -16.881188338719696 | Average Reward: -284.631 | Steps:  4969 | Total Reward: -17077.836301759635|
| Episode:  61 | Epsilon:  0.14 | Reward: -79.94441710101923 | Average Reward: -281.275 | Steps:  5028 | Total Reward: -17157.780718860653|
| Episode:  62 | Epsilon:  0.14 | Reward: -102.239996079354 | Average Reward: -278.387 | Steps:  5101 | Total Reward: -17260.020714940012|
| Episode:  63 | Epsilon:  0.14 | Reward: -88.89459784604061 | Average Reward: -275.380 | Steps:  5175 | Total Reward: -17348.915312786045|
| Episode:  64 | Epsilon:  0.13 | Reward: -0.05313447405326599 | Average Reward: -271.078 | Steps:  5240 | Total Reward: -17348.968447260086|
| Episode:  65 | Epsilon:  0.13 | Reward: -365.71367064149547 | Average Reward: -272.534 | Steps:  5329 | Total Reward: -17714.68211790159|
| Episode:  66 | Epsilon:  0.13 | Reward: -61.37980046356639 | Average Reward: -269.334 | Steps:  5390 | Total Reward: -17776.061918365143|
| Episode:  67 | Epsilon:  0.13 | Reward: -131.39005812786974 | Average Reward: -267.275 | Steps:  5457 | Total Reward: -17907.451976493016|
| Episode:  68 | Epsilon:  0.13 | Reward: -52.06528280369689 | Average Reward: -264.111 | Steps:  5551 | Total Reward: -17959.5172592967|
| Episode:  69 | Epsilon:  0.13 | Reward: -77.09266755683151 | Average Reward: -261.400 | Steps:  5655 | Total Reward: -18036.60992685353|
| Episode:  70 | Epsilon:  0.13 | Reward: -321.32841090897665 | Average Reward: -262.256 | Steps:  5751 | Total Reward: -18357.93833776251|
| Episode:  71 | Epsilon:  0.12 | Reward: -89.46835061874191 | Average Reward: -259.823 | Steps:  5846 | Total Reward: -18447.40668838123|
| Episode:  72 | Epsilon:  0.12 | Reward: -269.4691860856328 | Average Reward: -259.957 | Steps:  5951 | Total Reward: -18716.87587446687|
| Episode:  73 | Epsilon:  0.12 | Reward: -18.42911312849911 | Average Reward: -256.648 | Steps:  6069 | Total Reward: -18735.304987595373|
| Episode:  74 | Epsilon:  0.12 | Reward: -310.805775267899 | Average Reward: -257.380 | Steps:  6221 | Total Reward: -19046.110762863285|
| Episode:  75 | Epsilon:  0.12 | Reward: -496.87598487503845 | Average Reward: -260.573 | Steps:  6455 | Total Reward: -19542.98674773832|
| Episode:  76 | Epsilon:  0.12 | Reward: -363.4456840908049 | Average Reward: -261.927 | Steps:  6553 | Total Reward: -19906.432431829144|
| Episode:  77 | Epsilon:  0.12 | Reward: 24.76837809268612 | Average Reward: -258.203 | Steps:  6628 | Total Reward: -19881.66405373646|
| Episode:  78 | Epsilon:  0.12 | Reward: -39.560195904503985 | Average Reward: -255.400 | Steps:  6714 | Total Reward: -19921.224249640967|
| Episode:  79 | Epsilon:  0.12 | Reward: -351.18685105086576 | Average Reward: -256.613 | Steps:  6825 | Total Reward: -20272.411100691825|
| Episode:  80 | Epsilon:  0.12 | Reward: -123.0625971306905 | Average Reward: -254.943 | Steps:  6933 | Total Reward: -20395.473697822505|
| Episode:  81 | Epsilon:  0.11 | Reward: -159.40155666049498 | Average Reward: -253.764 | Steps:  7144 | Total Reward: -20554.875254483|
| Episode:  82 | Epsilon:  0.11 | Reward: -109.42165622500696 | Average Reward: -252.004 | Steps:  7251 | Total Reward: -20664.296910708028|
| Episode:  83 | Epsilon:  0.11 | Reward: -56.627070009885806 | Average Reward: -249.650 | Steps:  7359 | Total Reward: -20720.923980717904|
| Episode:  84 | Epsilon:  0.11 | Reward: -719.8440377274501 | Average Reward: -255.247 | Steps:  7744 | Total Reward: -21440.768018445367|
| Episode:  85 | Epsilon:  0.11 | Reward: -468.31769800258274 | Average Reward: -257.754 | Steps:  7998 | Total Reward: -21909.085716447953|
| Episode:  86 | Epsilon:  0.11 | Reward: -109.65694639580146 | Average Reward: -256.032 | Steps:  8168 | Total Reward: -22018.742662843764|
| Episode:  87 | Epsilon:  0.11 | Reward: -177.87232897488335 | Average Reward: -255.134 | Steps:  8250 | Total Reward: -22196.614991818627|
| Episode:  88 | Epsilon:  0.11 | Reward: -444.51722072320285 | Average Reward: -257.286 | Steps:  8355 | Total Reward: -22641.13221254182|
| Episode:  89 | Epsilon:  0.11 | Reward: -374.9483180606301 | Average Reward: -258.608 | Steps:  8448 | Total Reward: -23016.08053060246|
| Episode:  90 | Epsilon:  0.11 | Reward: -3.3863953603732853 | Average Reward: -255.772 | Steps:  8558 | Total Reward: -23019.46692596283|
| Episode:  91 | Epsilon:  0.11 | Reward: -580.8579564777195 | Average Reward: -259.344 | Steps:  8919 | Total Reward: -23600.324882440567|
| Episode:  92 | Epsilon:  0.11 | Reward: -188.16578246429668 | Average Reward: -258.571 | Steps:  9048 | Total Reward: -23788.49066490488|
| Episode:  93 | Epsilon:  0.11 | Reward: -100.75266157603001 | Average Reward: -256.874 | Steps:  9192 | Total Reward: -23889.24332648091|
| Episode:  94 | Epsilon:  0.11 | Reward: -185.30701305684238 | Average Reward: -256.112 | Steps:  9318 | Total Reward: -24074.55033953777|
| Episode:  95 | Epsilon:  0.11 | Reward: -542.5000890372647 | Average Reward: -259.127 | Steps:  9734 | Total Reward: -24617.050428575076|
| Episode:  96 | Epsilon:  0.11 | Reward: -353.7713079536664 | Average Reward: -260.113 | Steps: 10002 | Total Reward: -24970.82173652872|
| Episode:  97 | Epsilon:  0.11 | Reward: -442.6340637933271 | Average Reward: -261.994 | Steps: 10209 | Total Reward: -25413.45580032204|
| Episode:  98 | Epsilon:  0.11 | Reward: -464.971444921542 | Average Reward: -264.066 | Steps: 10562 | Total Reward: -25878.427245243583|
| Episode:  99 | Epsilon:  0.11 | Reward: -31.133562410492686 | Average Reward: -261.713 | Steps: 10720 | Total Reward: -25909.560807654078|
| Episode: 100 | Epsilon:  0.11 | Reward: -570.4501488608068 | Average Reward: -264.800 | Steps: 10834 | Total Reward: -26480.010956514892|
| Episode: 101 | Epsilon:  0.11 | Reward: -186.10382120431942 | Average Reward: -264.645 | Steps: 10984 | Total Reward: -26666.114777719198|
| Episode: 102 | Epsilon:  0.11 | Reward: -470.2307960150238 | Average Reward: -267.087 | Steps: 11136 | Total Reward: -27136.345573734226|
| Episode: 103 | Epsilon:  0.10 | Reward: -388.0421842744677 | Average Reward: -266.163 | Steps: 11236 | Total Reward: -27524.387758008696|
| Episode: 104 | Epsilon:  0.10 | Reward: -687.3630346563214 | Average Reward: -270.922 | Steps: 11454 | Total Reward: -28211.750792665007|
| Episode: 105 | Epsilon:  0.10 | Reward: -385.16145201715614 | Average Reward: -272.856 | Steps: 11539 | Total Reward: -28596.912244682182|
| Episode: 106 | Epsilon:  0.10 | Reward: -448.8684478924445 | Average Reward: -272.465 | Steps: 11621 | Total Reward: -29045.780692574634|
| Episode: 107 | Epsilon:  0.10 | Reward: -163.90337870265455 | Average Reward: -271.442 | Steps: 11719 | Total Reward: -29209.68407127729|
| Episode: 108 | Epsilon:  0.10 | Reward: -302.08644970305875 | Average Reward: -271.497 | Steps: 11816 | Total Reward: -29511.770520980353|
| Episode: 109 | Epsilon:  0.10 | Reward: -175.9783327144142 | Average Reward: -270.452 | Steps: 11952 | Total Reward: -29687.74885369477|
| Episode: 110 | Epsilon:  0.10 | Reward: -150.8926240565013 | Average Reward: -268.003 | Steps: 12087 | Total Reward: -29838.64147775129|
| Episode: 111 | Epsilon:  0.10 | Reward: -47.67872712597307 | Average Reward: -262.441 | Steps: 12275 | Total Reward: -29886.320204877284|
| Episode: 112 | Epsilon:  0.10 | Reward: -142.51253557534943 | Average Reward: -259.858 | Steps: 12390 | Total Reward: -30028.832740452635|
| Episode: 113 | Epsilon:  0.10 | Reward: -176.22598384342106 | Average Reward: -256.131 | Steps: 12520 | Total Reward: -30205.05872429604|
| Episode: 114 | Epsilon:  0.10 | Reward: -214.99452302800358 | Average Reward: -255.421 | Steps: 12663 | Total Reward: -30420.053247324016|
| Episode: 115 | Epsilon:  0.10 | Reward: -189.34279579231543 | Average Reward: -253.246 | Steps: 12760 | Total Reward: -30609.396043116325|
| Episode: 116 | Epsilon:  0.10 | Reward: -201.53053575569928 | Average Reward: -250.868 | Steps: 12883 | Total Reward: -30810.92657887201|
| Episode: 117 | Epsilon:  0.10 | Reward: -208.0011290335536 | Average Reward: -247.346 | Steps: 12977 | Total Reward: -31018.92770790556|
| Episode: 118 | Epsilon:  0.10 | Reward: -238.20977430278802 | Average Reward: -244.166 | Steps: 13103 | Total Reward: -31257.137482208345|
| Episode: 119 | Epsilon:  0.10 | Reward: -202.3716992439091 | Average Reward: -242.682 | Steps: 13208 | Total Reward: -31459.50918145225|
| Episode: 120 | Epsilon:  0.10 | Reward: -147.32667447918837 | Average Reward: -237.423 | Steps: 13316 | Total Reward: -31606.83585593145|
| Episode: 121 | Epsilon:  0.10 | Reward: -512.1949087582244 | Average Reward: -237.857 | Steps: 13417 | Total Reward: -32119.030764689684|
| Episode: 122 | Epsilon:  0.10 | Reward: -518.7889498111485 | Average Reward: -237.705 | Steps: 13609 | Total Reward: -32637.81971450081|
| Episode: 123 | Epsilon:  0.10 | Reward: -163.87522633114756 | Average Reward: -235.582 | Steps: 13734 | Total Reward: -32801.69494083198|
| Episode: 124 | Epsilon:  0.10 | Reward: -169.872291473605 | Average Reward: -229.544 | Steps: 13796 | Total Reward: -32971.56723230557|
| Episode: 125 | Epsilon:  0.10 | Reward: -319.44298531286336 | Average Reward: -227.367 | Steps: 13905 | Total Reward: -33291.01021761846|
| Episode: 126 | Epsilon:  0.10 | Reward: -320.6704372827003 | Average Reward: -225.573 | Steps: 14003 | Total Reward: -33611.68065490112|
| Episode: 127 | Epsilon:  0.10 | Reward: -225.93484346927613 | Average Reward: -223.943 | Steps: 14146 | Total Reward: -33837.6154983704|
| Episode: 128 | Epsilon:  0.10 | Reward: -145.85096245445004 | Average Reward: -220.625 | Steps: 14301 | Total Reward: -33983.46646082482|
| Episode: 129 | Epsilon:  0.10 | Reward: -304.37164465062256 | Average Reward: -221.525 | Steps: 14408 | Total Reward: -34287.83810547542|
| Episode: 130 | Epsilon:  0.10 | Reward: -475.9629672922517 | Average Reward: -220.148 | Steps: 14512 | Total Reward: -34763.80107276766|
| Episode: 131 | Epsilon:  0.10 | Reward: -101.96607086459196 | Average Reward: -217.276 | Steps: 14715 | Total Reward: -34865.76714363222|
| Episode: 132 | Epsilon:  0.10 | Reward: -24.65224991338924 | Average Reward: -214.936 | Steps: 14796 | Total Reward: -34890.41939354559|
| Episode: 133 | Epsilon:  0.10 | Reward: -208.50323102523444 | Average Reward: -215.790 | Steps: 14920 | Total Reward: -35098.922624570834|
| Episode: 134 | Epsilon:  0.10 | Reward: -324.3397858056793 | Average Reward: -218.069 | Steps: 15165 | Total Reward: -35423.26241037652|
| Episode: 135 | Epsilon:  0.10 | Reward: -141.8772972315483 | Average Reward: -218.002 | Steps: 15271 | Total Reward: -35565.139707608076|
| Episode: 136 | Epsilon:  0.10 | Reward: -362.40212349664375 | Average Reward: -220.083 | Steps: 15467 | Total Reward: -35927.5418311047|
| Episode: 137 | Epsilon:  0.10 | Reward: -398.97430508820656 | Average Reward: -222.648 | Steps: 15613 | Total Reward: -36326.51613619291|
| Episode: 138 | Epsilon:  0.10 | Reward: -217.28350150510877 | Average Reward: -223.476 | Steps: 15709 | Total Reward: -36543.79963769802|
| Episode: 139 | Epsilon:  0.10 | Reward: -251.73374994452405 | Average Reward: -224.709 | Steps: 15804 | Total Reward: -36795.53338764253|
| Episode: 140 | Epsilon:  0.10 | Reward: -191.5555257715287 | Average Reward: -224.863 | Steps: 15899 | Total Reward: -36987.088913414096|
| Episode: 141 | Epsilon:  0.10 | Reward: -337.40016270393494 | Average Reward: -226.689 | Steps: 15979 | Total Reward: -37324.48907611805|
| Episode: 142 | Epsilon:  0.10 | Reward: -223.21621483155565 | Average Reward: -227.083 | Steps: 16164 | Total Reward: -37547.705290949634|
| Episode: 143 | Epsilon:  0.10 | Reward: -228.00686455632547 | Average Reward: -228.113 | Steps: 16254 | Total Reward: -37775.71215550593|
| Episode: 144 | Epsilon:  0.10 | Reward: -163.02080092813293 | Average Reward: -228.504 | Steps: 16350 | Total Reward: -37938.732956434054|
| Episode: 145 | Epsilon:  0.10 | Reward: -100.50199440564799 | Average Reward: -227.859 | Steps: 16531 | Total Reward: -38039.23495083969|
| Episode: 146 | Epsilon:  0.10 | Reward: -316.0697284983204 | Average Reward: -229.797 | Steps: 16616 | Total Reward: -38355.304679338|
| Episode: 147 | Epsilon:  0.10 | Reward: -239.57498677588865 | Average Reward: -231.519 | Steps: 16720 | Total Reward: -38594.87966611389|
| Episode: 148 | Epsilon:  0.10 | Reward: -478.46333437820084 | Average Reward: -234.393 | Steps: 16824 | Total Reward: -39073.343000492096|
| Episode: 149 | Epsilon:  0.10 | Reward: -485.70379188578534 | Average Reward: -238.273 | Steps: 16925 | Total Reward: -39559.04679237793|
| Episode: 150 | Epsilon:  0.10 | Reward: -145.686971856936 | Average Reward: -238.554 | Steps: 17052 | Total Reward: -39704.733764234916|
| Episode: 151 | Epsilon:  0.10 | Reward: -167.89551415546936 | Average Reward: -239.076 | Steps: 17167 | Total Reward: -39872.629278390385|
| Episode: 152 | Epsilon:  0.10 | Reward: -56.92954813334727 | Average Reward: -238.123 | Steps: 17297 | Total Reward: -39929.558826523724|
| Episode: 153 | Epsilon:  0.10 | Reward: -183.1077064138846 | Average Reward: -237.693 | Steps: 17405 | Total Reward: -40112.666532937605|
| Episode: 154 | Epsilon:  0.10 | Reward: -307.7257347395781 | Average Reward: -239.114 | Steps: 17517 | Total Reward: -40420.39226767717|
| Episode: 155 | Epsilon:  0.10 | Reward: -383.5288105484011 | Average Reward: -241.866 | Steps: 17601 | Total Reward: -40803.921078225554|
| Episode: 156 | Epsilon:  0.10 | Reward: -30.048123464427917 | Average Reward: -241.035 | Steps: 17727 | Total Reward: -40833.96920168996|
| Episode: 157 | Epsilon:  0.10 | Reward: -180.16826554465405 | Average Reward: -241.396 | Steps: 17790 | Total Reward: -41014.13746723465|
| Episode: 158 | Epsilon:  0.10 | Reward: -377.7001639309003 | Average Reward: -244.008 | Steps: 17881 | Total Reward: -41391.83763116557|
| Episode: 159 | Epsilon:  0.10 | Reward: -206.6377577920631 | Average Reward: -245.375 | Steps: 17966 | Total Reward: -41598.47538895763|
| Episode: 160 | Epsilon:  0.10 | Reward: -206.180826452953 | Average Reward: -247.268 | Steps: 18063 | Total Reward: -41804.656215410556|
| Episode: 161 | Epsilon:  0.10 | Reward: -222.59821728477328 | Average Reward: -248.695 | Steps: 18213 | Total Reward: -42027.254432695285|
| Episode: 162 | Epsilon:  0.10 | Reward: -360.8359777253153 | Average Reward: -251.281 | Steps: 18299 | Total Reward: -42388.0904104206|
| Episode: 163 | Epsilon:  0.10 | Reward: -213.0340186865966 | Average Reward: -252.522 | Steps: 18406 | Total Reward: -42601.12442910721|
| Episode: 164 | Epsilon:  0.10 | Reward: -152.5221288030961 | Average Reward: -254.047 | Steps: 18519 | Total Reward: -42753.64655791031|
| Episode: 165 | Epsilon:  0.10 | Reward: -104.5149410301465 | Average Reward: -251.435 | Steps: 18602 | Total Reward: -42858.16149894046|
| Episode: 166 | Epsilon:  0.10 | Reward: -205.41060322793493 | Average Reward: -252.875 | Steps: 18701 | Total Reward: -43063.57210216839|
| Episode: 167 | Epsilon:  0.10 | Reward: -546.7184749106045 | Average Reward: -257.028 | Steps: 18780 | Total Reward: -43610.29057707897|
| Episode: 168 | Epsilon:  0.10 | Reward: -257.9077985541751 | Average Reward: -259.087 | Steps: 18874 | Total Reward: -43868.19837563315|
| Episode: 169 | Epsilon:  0.10 | Reward: -352.668929525635 | Average Reward: -261.843 | Steps: 18975 | Total Reward: -44220.867305158776|
| Episode: 170 | Epsilon:  0.10 | Reward: -363.3595934742097 | Average Reward: -262.263 | Steps: 19058 | Total Reward: -44584.22689863296|
| Episode: 171 | Epsilon:  0.10 | Reward: -141.05851287195068 | Average Reward: -262.779 | Steps: 19125 | Total Reward: -44725.28541150494|
| Episode: 172 | Epsilon:  0.10 | Reward: -145.10009679546226 | Average Reward: -261.535 | Steps: 19264 | Total Reward: -44870.38550830042|
| Episode: 173 | Epsilon:  0.10 | Reward: -56.70132671768842 | Average Reward: -261.918 | Steps: 19344 | Total Reward: -44927.0868350181|
| Episode: 174 | Epsilon:  0.10 | Reward: -234.76292772886322 | Average Reward: -261.157 | Steps: 19450 | Total Reward: -45161.84976274698|
| Episode: 175 | Epsilon:  0.10 | Reward: -503.09461280398256 | Average Reward: -261.220 | Steps: 19572 | Total Reward: -45664.944375550986|
| Episode: 176 | Epsilon:  0.10 | Reward: -364.33302528300703 | Average Reward: -261.228 | Steps: 19667 | Total Reward: -46029.27740083398|
| Episode: 177 | Epsilon:  0.10 | Reward: -293.70349066275105 | Average Reward: -264.413 | Steps: 19808 | Total Reward: -46322.980891496736|
| Episode: 178 | Epsilon:  0.10 | Reward: -183.49267631225445 | Average Reward: -265.852 | Steps: 19895 | Total Reward: -46506.47356780901|
| Episode: 179 | Epsilon:  0.10 | Reward: -4.507544329182849 | Average Reward: -262.386 | Steps: 20083 | Total Reward: -46510.98111213815|
| Episode: 180 | Epsilon:  0.10 | Reward: -196.21169523089588 | Average Reward: -263.117 | Steps: 20176 | Total Reward: -46707.19280736905|
| Episode: 181 | Epsilon:  0.10 | Reward: -90.1020578337258 | Average Reward: -262.424 | Steps: 20308 | Total Reward: -46797.29486520281|
| Episode: 182 | Epsilon:  0.10 | Reward: -326.50764869061425 | Average Reward: -264.595 | Steps: 20392 | Total Reward: -47123.80251389342|
| Episode: 183 | Epsilon:  0.10 | Reward: -224.5118838481224 | Average Reward: -266.274 | Steps: 20545 | Total Reward: -47348.31439774153|
| Episode: 184 | Epsilon:  0.10 | Reward: -288.0388389098356 | Average Reward: -261.956 | Steps: 20639 | Total Reward: -47636.35323665135|
| Episode: 185 | Epsilon:  0.10 | Reward: -177.33756618441765 | Average Reward: -259.046 | Steps: 20737 | Total Reward: -47813.69080283576|
| Episode: 186 | Epsilon:  0.10 | Reward: -263.9476015956928 | Average Reward: -260.589 | Steps: 20831 | Total Reward: -48077.63840443144|
| Episode: 187 | Epsilon:  0.10 | Reward: -200.42317792067757 | Average Reward: -260.814 | Steps: 20943 | Total Reward: -48278.06158235211|
| Episode: 188 | Epsilon:  0.10 | Reward: -227.85631268091913 | Average Reward: -258.648 | Steps: 21103 | Total Reward: -48505.917895033024|
| Episode: 189 | Epsilon:  0.10 | Reward: -99.00950339997775 | Average Reward: -255.888 | Steps: 21172 | Total Reward: -48604.92739843302|
| Episode: 190 | Epsilon:  0.10 | Reward: -114.43367078376144 | Average Reward: -256.999 | Steps: 21335 | Total Reward: -48719.361069216786|
| Episode: 191 | Epsilon:  0.10 | Reward: -144.57176604270387 | Average Reward: -252.636 | Steps: 21453 | Total Reward: -48863.93283525951|
| Episode: 192 | Epsilon:  0.10 | Reward: -272.1568701731644 | Average Reward: -253.476 | Steps: 21551 | Total Reward: -49136.08970543266|
| Episode: 193 | Epsilon:  0.10 | Reward: -261.1422666110819 | Average Reward: -255.080 | Steps: 21672 | Total Reward: -49397.231972043715|
| Episode: 194 | Epsilon:  0.10 | Reward: -168.85802436390702 | Average Reward: -254.915 | Steps: 21838 | Total Reward: -49566.089996407594|
| Episode: 195 | Epsilon:  0.10 | Reward: -219.9620140056236 | Average Reward: -251.690 | Steps: 21931 | Total Reward: -49786.052010413245|
| Episode: 196 | Epsilon:  0.10 | Reward: -167.6327323494019 | Average Reward: -249.829 | Steps: 22074 | Total Reward: -49953.684742762656|
| Episode: 197 | Epsilon:  0.10 | Reward: -213.91383283282028 | Average Reward: -247.541 | Steps: 22188 | Total Reward: -50167.59857559542|
| Episode: 198 | Epsilon:  0.10 | Reward: -210.85843721755936 | Average Reward: -245.000 | Steps: 22274 | Total Reward: -50378.45701281301|
| Episode: 199 | Epsilon:  0.10 | Reward: -83.07287947375283 | Average Reward: -245.520 | Steps: 22399 | Total Reward: -50461.5298922868|
| Episode: 200 | Epsilon:  0.10 | Reward: -6.12716209810462 | Average Reward: -239.876 | Steps: 22543 | Total Reward: -50467.657054384945|
| Episode: 201 | Epsilon:  0.10 | Reward: -460.22881829858426 | Average Reward: -242.618 | Steps: 22614 | Total Reward: -50927.88587268352|
| Episode: 202 | Epsilon:  0.10 | Reward: -237.42334850419292 | Average Reward: -240.290 | Steps: 22738 | Total Reward: -51165.309221187745|
| Episode: 203 | Epsilon:  0.10 | Reward: -341.77001837167614 | Average Reward: -239.827 | Steps: 22823 | Total Reward: -51507.07923955942|
| Episode: 204 | Epsilon:  0.10 | Reward: -512.476802446264 | Average Reward: -238.078 | Steps: 22954 | Total Reward: -52019.55604200569|
| Episode: 205 | Epsilon:  0.10 | Reward: -120.5605539129241 | Average Reward: -235.432 | Steps: 23063 | Total Reward: -52140.116595918626|
| Episode: 206 | Epsilon:  0.10 | Reward: -195.6683809633567 | Average Reward: -232.900 | Steps: 23169 | Total Reward: -52335.784976881994|
| Episode: 207 | Epsilon:  0.10 | Reward: -443.0017342011507 | Average Reward: -235.691 | Steps: 23287 | Total Reward: -52778.78671108314|
| Episode: 208 | Epsilon:  0.10 | Reward: -116.61232113972235 | Average Reward: -233.836 | Steps: 23357 | Total Reward: -52895.39903222287|
| Episode: 209 | Epsilon:  0.10 | Reward: -307.8601726909227 | Average Reward: -235.155 | Steps: 23550 | Total Reward: -53203.2592049138|
| Episode: 210 | Epsilon:  0.10 | Reward: -379.84541472678285 | Average Reward: -237.445 | Steps: 23633 | Total Reward: -53583.10461964057|
| Episode: 211 | Epsilon:  0.10 | Reward: -199.78866268625399 | Average Reward: -238.966 | Steps: 23735 | Total Reward: -53782.893282326826|
| Episode: 212 | Epsilon:  0.10 | Reward: -164.44037771227977 | Average Reward: -239.185 | Steps: 23928 | Total Reward: -53947.33366003905|
| Episode: 213 | Epsilon:  0.10 | Reward: -120.81283497853344 | Average Reward: -238.631 | Steps: 24016 | Total Reward: -54068.146495017594|
| Episode: 214 | Epsilon:  0.10 | Reward: -189.20445000433313 | Average Reward: -238.373 | Steps: 24104 | Total Reward: -54257.350945021935|
| Episode: 215 | Epsilon:  0.10 | Reward: -86.23642588629662 | Average Reward: -237.342 | Steps: 24265 | Total Reward: -54343.58737090821|
| Episode: 216 | Epsilon:  0.10 | Reward: -288.5343966742541 | Average Reward: -238.212 | Steps: 24355 | Total Reward: -54632.12176758245|
| Episode: 217 | Epsilon:  0.10 | Reward: -176.60938659943045 | Average Reward: -237.898 | Steps: 24475 | Total Reward: -54808.73115418189|
| Episode: 218 | Epsilon:  0.10 | Reward: -124.96920847288966 | Average Reward: -236.766 | Steps: 24665 | Total Reward: -54933.7003626548|
| Episode: 219 | Epsilon:  0.10 | Reward: -406.7209722495368 | Average Reward: -238.809 | Steps: 24823 | Total Reward: -55340.421334904335|
| Episode: 220 | Epsilon:  0.10 | Reward: -110.1046513932156 | Average Reward: -238.437 | Steps: 24906 | Total Reward: -55450.525986297536|
| Episode: 221 | Epsilon:  0.10 | Reward: -173.43259482913203 | Average Reward: -235.049 | Steps: 24977 | Total Reward: -55623.958581126666|
| Episode: 222 | Epsilon:  0.10 | Reward: -448.8741715885514 | Average Reward: -234.350 | Steps: 25229 | Total Reward: -56072.832752715214|
| Episode: 223 | Epsilon:  0.10 | Reward: -106.44802691495552 | Average Reward: -233.776 | Steps: 25304 | Total Reward: -56179.28077963019|
| Episode: 224 | Epsilon:  0.10 | Reward: -122.84506611782844 | Average Reward: -233.306 | Steps: 25394 | Total Reward: -56302.125845748036|
| Episode: 225 | Epsilon:  0.10 | Reward: -476.08843676849574 | Average Reward: -234.872 | Steps: 25474 | Total Reward: -56778.21428251651|
| Episode: 226 | Epsilon:  0.10 | Reward: -174.71310548862408 | Average Reward: -233.412 | Steps: 25593 | Total Reward: -56952.92738800511|
| Episode: 227 | Epsilon:  0.10 | Reward: -465.5378146699297 | Average Reward: -235.808 | Steps: 25669 | Total Reward: -57418.46520267505|
| Episode: 228 | Epsilon:  0.10 | Reward: -512.36860868285 | Average Reward: -239.474 | Steps: 25768 | Total Reward: -57930.83381135789|
| Episode: 229 | Epsilon:  0.10 | Reward: -190.42196260373657 | Average Reward: -238.334 | Steps: 26008 | Total Reward: -58121.255773961624|
| Episode: 230 | Epsilon:  0.10 | Reward: -156.41861535660104 | Average Reward: -235.139 | Steps: 26174 | Total Reward: -58277.674389318236|
| Episode: 231 | Epsilon:  0.10 | Reward: -483.3417015927913 | Average Reward: -238.952 | Steps: 26248 | Total Reward: -58761.01609091102|
| Episode: 232 | Epsilon:  0.10 | Reward: -396.29788760368734 | Average Reward: -242.669 | Steps: 26349 | Total Reward: -59157.31397851472|
| Episode: 233 | Epsilon:  0.10 | Reward: -105.8734162230735 | Average Reward: -241.643 | Steps: 26473 | Total Reward: -59263.18739473779|
| Episode: 234 | Epsilon:  0.10 | Reward: -150.73130198870172 | Average Reward: -239.907 | Steps: 26550 | Total Reward: -59413.918696726505|
| Episode: 235 | Epsilon:  0.10 | Reward: -524.0626792296305 | Average Reward: -243.728 | Steps: 26671 | Total Reward: -59937.981375956144|
| Episode: 236 | Epsilon:  0.10 | Reward: -309.2373717824628 | Average Reward: -243.197 | Steps: 26753 | Total Reward: -60247.218747738596|
| Episode: 237 | Epsilon:  0.10 | Reward: -15.79723917527437 | Average Reward: -239.365 | Steps: 26850 | Total Reward: -60263.01598691391|
| Episode: 238 | Epsilon:  0.10 | Reward: -227.7815330112498 | Average Reward: -239.470 | Steps: 26971 | Total Reward: -60490.79751992518|
| Episode: 239 | Epsilon:  0.10 | Reward: -419.81360767538206 | Average Reward: -241.151 | Steps: 27048 | Total Reward: -60910.61112760057|
| Episode: 240 | Epsilon:  0.10 | Reward: -469.39809376340855 | Average Reward: -243.929 | Steps: 27117 | Total Reward: -61380.00922136397|
| Episode: 241 | Epsilon:  0.10 | Reward: -670.5873136658083 | Average Reward: -247.261 | Steps: 27326 | Total Reward: -62050.59653502981|
| Episode: 242 | Epsilon:  0.10 | Reward: -160.4631637136241 | Average Reward: -246.634 | Steps: 27440 | Total Reward: -62211.059698743426|
| Episode: 243 | Epsilon:  0.10 | Reward: -452.8100193994931 | Average Reward: -248.882 | Steps: 27519 | Total Reward: -62663.86971814291|
| Episode: 244 | Epsilon:  0.10 | Reward: -138.74973762347145 | Average Reward: -248.639 | Steps: 27723 | Total Reward: -62802.61945576638|
| Episode: 245 | Epsilon:  0.10 | Reward: -520.3541733937823 | Average Reward: -252.837 | Steps: 27791 | Total Reward: -63322.973629160144|
| Episode: 246 | Epsilon:  0.10 | Reward: -200.3076718592272 | Average Reward: -251.680 | Steps: 27867 | Total Reward: -63523.2813010194|
| Episode: 247 | Epsilon:  0.10 | Reward: -75.5140197041833 | Average Reward: -250.039 | Steps: 27988 | Total Reward: -63598.79532072356|
| Episode: 248 | Epsilon:  0.10 | Reward: -68.09185880032732 | Average Reward: -245.935 | Steps: 28115 | Total Reward: -63666.88717952387|
| Episode: 249 | Epsilon:  0.10 | Reward: -491.44275205474236 | Average Reward: -245.993 | Steps: 28339 | Total Reward: -64158.32993157857|
| Episode: 250 | Epsilon:  0.10 | Reward: -654.2635960448904 | Average Reward: -251.079 | Steps: 28484 | Total Reward: -64812.59352762344|
| Episode: 251 | Epsilon:  0.10 | Reward: -602.8828697372307 | Average Reward: -255.428 | Steps: 28594 | Total Reward: -65415.47639736067|
| Episode: 252 | Epsilon:  0.10 | Reward: -167.86662059867749 | Average Reward: -256.538 | Steps: 28702 | Total Reward: -65583.34301795939|
| Episode: 253 | Epsilon:  0.10 | Reward: -392.13888770267766 | Average Reward: -258.628 | Steps: 28788 | Total Reward: -65975.48190566203|
| Episode: 254 | Epsilon:  0.10 | Reward: -458.38864001725887 | Average Reward: -260.135 | Steps: 28921 | Total Reward: -66433.87054567924|
| Episode: 255 | Epsilon:  0.10 | Reward: -135.92944670176473 | Average Reward: -257.659 | Steps: 29034 | Total Reward: -66569.79999238103|
| Episode: 256 | Epsilon:  0.10 | Reward: -206.74186044157733 | Average Reward: -259.426 | Steps: 29156 | Total Reward: -66776.5418528226|
| Episode: 257 | Epsilon:  0.10 | Reward: -463.366632084296 | Average Reward: -262.258 | Steps: 29235 | Total Reward: -67239.90848490687|
| Episode: 258 | Epsilon:  0.10 | Reward: -437.1222328514246 | Average Reward: -262.852 | Steps: 29337 | Total Reward: -67677.03071775836|
| Episode: 259 | Epsilon:  0.10 | Reward: -295.8954383632137 | Average Reward: -263.745 | Steps: 29452 | Total Reward: -67972.92615612152|
| Episode: 260 | Epsilon:  0.10 | Reward: -341.52543053522265 | Average Reward: -265.098 | Steps: 29560 | Total Reward: -68314.4515866568|
| Episode: 261 | Epsilon:  0.10 | Reward: -139.06588682664477 | Average Reward: -264.263 | Steps: 29650 | Total Reward: -68453.51747348347|
| Episode: 262 | Epsilon:  0.10 | Reward: -147.81852369879124 | Average Reward: -262.132 | Steps: 29746 | Total Reward: -68601.33599718238|
| Episode: 263 | Epsilon:  0.10 | Reward: -144.06055419504222 | Average Reward: -261.443 | Steps: 29855 | Total Reward: -68745.39655137747|
| Episode: 264 | Epsilon:  0.10 | Reward: -109.42807417884893 | Average Reward: -261.012 | Steps: 29975 | Total Reward: -68854.82462555627|
| Episode: 265 | Epsilon:  0.10 | Reward: -359.233197069442 | Average Reward: -263.559 | Steps: 30116 | Total Reward: -69214.05782262573|
| Episode: 266 | Epsilon:  0.10 | Reward: -231.91636207207304 | Average Reward: -263.824 | Steps: 30220 | Total Reward: -69445.97418469778|
| Episode: 267 | Epsilon:  0.10 | Reward: -379.4818127665048 | Average Reward: -262.152 | Steps: 30332 | Total Reward: -69825.45599746433|
| Episode: 268 | Epsilon:  0.10 | Reward: -365.29578017266925 | Average Reward: -263.226 | Steps: 30472 | Total Reward: -70190.75177763698|
| Episode: 269 | Epsilon:  0.10 | Reward: -206.19159725183653 | Average Reward: -261.761 | Steps: 30614 | Total Reward: -70396.9433748888|
| Episode: 270 | Epsilon:  0.10 | Reward: -138.2889928435004 | Average Reward: -259.510 | Steps: 30704 | Total Reward: -70535.23236773229|
| Episode: 271 | Epsilon:  0.10 | Reward: -209.46739304480417 | Average Reward: -260.194 | Steps: 30824 | Total Reward: -70744.69976077705|
| Episode: 272 | Epsilon:  0.10 | Reward: -190.87533426340252 | Average Reward: -260.652 | Steps: 30912 | Total Reward: -70935.5750950405|
| Episode: 273 | Epsilon:  0.10 | Reward: -736.0892902276818 | Average Reward: -267.446 | Steps: 31239 | Total Reward: -71671.66438526814|
| Episode: 274 | Epsilon:  0.10 | Reward: -427.93923829357334 | Average Reward: -269.378 | Steps: 31347 | Total Reward: -72099.6036235618|
| Episode: 275 | Epsilon:  0.10 | Reward: -200.5714252951405 | Average Reward: -266.352 | Steps: 31458 | Total Reward: -72300.17504885694|
| Episode: 276 | Epsilon:  0.10 | Reward: -211.12276878849946 | Average Reward: -264.820 | Steps: 31603 | Total Reward: -72511.29781764545|
| Episode: 277 | Epsilon:  0.10 | Reward: -184.44954544596914 | Average Reward: -263.728 | Steps: 31711 | Total Reward: -72695.74736309136|
| Episode: 278 | Epsilon:  0.10 | Reward: -212.53014664538932 | Average Reward: -264.018 | Steps: 31803 | Total Reward: -72908.27750973676|
| Episode: 279 | Epsilon:  0.10 | Reward: -192.27761784300208 | Average Reward: -265.896 | Steps: 31946 | Total Reward: -73100.55512757975|
| Episode: 280 | Epsilon:  0.10 | Reward: -186.61542273104948 | Average Reward: -265.800 | Steps: 32039 | Total Reward: -73287.17055031082|
| Episode: 281 | Epsilon:  0.10 | Reward: -127.20937631319089 | Average Reward: -266.171 | Steps: 32136 | Total Reward: -73414.37992662407|
| Episode: 282 | Epsilon:  0.10 | Reward: -254.18807771333653 | Average Reward: -265.448 | Steps: 32221 | Total Reward: -73668.56800433742|
| Episode: 283 | Epsilon:  0.10 | Reward: -137.97017136892768 | Average Reward: -264.582 | Steps: 32316 | Total Reward: -73806.53817570633|
| Episode: 284 | Epsilon:  0.10 | Reward: -233.5528291512859 | Average Reward: -264.037 | Steps: 32400 | Total Reward: -74040.09100485766|
| Episode: 285 | Epsilon:  0.10 | Reward: -148.32344601574948 | Average Reward: -263.747 | Steps: 32500 | Total Reward: -74188.41445087343|
| Episode: 286 | Epsilon:  0.10 | Reward: -78.67589635402483 | Average Reward: -261.895 | Steps: 32612 | Total Reward: -74267.09034722744|
| Episode: 287 | Epsilon:  0.10 | Reward: -407.2768248648192 | Average Reward: -263.963 | Steps: 32792 | Total Reward: -74674.36717209224|
| Episode: 288 | Epsilon:  0.10 | Reward: -320.19122804663016 | Average Reward: -264.886 | Steps: 32897 | Total Reward: -74994.55840013883|
| Episode: 289 | Epsilon:  0.10 | Reward: -211.14287635700504 | Average Reward: -266.008 | Steps: 33017 | Total Reward: -75205.70127649573|
| Episode: 290 | Epsilon:  0.10 | Reward: -267.09360318087863 | Average Reward: -267.534 | Steps: 33118 | Total Reward: -75472.7948796766|
| Episode: 291 | Epsilon:  0.10 | Reward: -490.09815297628705 | Average Reward: -270.990 | Steps: 33225 | Total Reward: -75962.89303265288|
| Episode: 292 | Epsilon:  0.10 | Reward: -160.06282817330379 | Average Reward: -269.869 | Steps: 33446 | Total Reward: -76122.95586082625|
| Episode: 293 | Epsilon:  0.10 | Reward: -287.2598614832249 | Average Reward: -270.130 | Steps: 33552 | Total Reward: -76410.21572230954|
| Episode: 294 | Epsilon:  0.10 | Reward: -543.6878911907795 | Average Reward: -273.878 | Steps: 33661 | Total Reward: -76953.90361350022|
| Episode: 295 | Epsilon:  0.10 | Reward: -196.04984194097042 | Average Reward: -273.639 | Steps: 33760 | Total Reward: -77149.95345544114|
| Episode: 296 | Epsilon:  0.10 | Reward: -394.5313370552954 | Average Reward: -275.908 | Steps: 33854 | Total Reward: -77544.48479249646|
| Episode: 297 | Epsilon:  0.10 | Reward: -355.8231390752976 | Average Reward: -277.327 | Steps: 33954 | Total Reward: -77900.30793157172|
| Episode: 298 | Epsilon:  0.10 | Reward: -64.7033775765291 | Average Reward: -275.866 | Steps: 34135 | Total Reward: -77965.01130914832|
| Episode: 299 | Epsilon:  0.10 | Reward: -419.9628078972356 | Average Reward: -279.234 | Steps: 34373 | Total Reward: -78384.97411704563|
| Episode: 300 | Epsilon:  0.10 | Reward: -126.73605189905956 | Average Reward: -280.441 | Steps: 34470 | Total Reward: -78511.71016894466|
| Episode: 301 | Epsilon:  0.10 | Reward: -197.83420051983185 | Average Reward: -277.817 | Steps: 34616 | Total Reward: -78709.54436946445|
| Episode: 302 | Epsilon:  0.10 | Reward: -150.77170715669547 | Average Reward: -276.950 | Steps: 34769 | Total Reward: -78860.31607662114|
| Episode: 303 | Epsilon:  0.10 | Reward: -182.47813806426637 | Average Reward: -275.357 | Steps: 34891 | Total Reward: -79042.79421468546|
| Episode: 304 | Epsilon:  0.10 | Reward: -218.00652595681333 | Average Reward: -272.412 | Steps: 35023 | Total Reward: -79260.80074064234|
| Episode: 305 | Epsilon:  0.10 | Reward: -196.10181647614 | Average Reward: -273.168 | Steps: 35136 | Total Reward: -79456.90255711845|
| Episode: 306 | Epsilon:  0.10 | Reward: -246.65364732813546 | Average Reward: -273.678 | Steps: 35236 | Total Reward: -79703.55620444659|
| Episode: 307 | Epsilon:  0.10 | Reward: -201.65198951995507 | Average Reward: -271.264 | Steps: 35350 | Total Reward: -79905.20819396657|
| Episode: 308 | Epsilon:  0.10 | Reward: -155.27104226501802 | Average Reward: -271.651 | Steps: 35459 | Total Reward: -80060.47923623158|
| Episode: 309 | Epsilon:  0.10 | Reward: -187.02032710309982 | Average Reward: -270.442 | Steps: 35568 | Total Reward: -80247.49956333471|
| Episode: 310 | Epsilon:  0.10 | Reward: -173.88216963250463 | Average Reward: -268.383 | Steps: 35696 | Total Reward: -80421.3817329672|
| Episode: 311 | Epsilon:  0.10 | Reward: -208.41441198991149 | Average Reward: -268.469 | Steps: 35789 | Total Reward: -80629.79614495709|
| Episode: 312 | Epsilon:  0.10 | Reward: -229.932429436284 | Average Reward: -269.124 | Steps: 35906 | Total Reward: -80859.7285743934|
| Episode: 313 | Epsilon:  0.10 | Reward: -97.66658831984978 | Average Reward: -268.892 | Steps: 36020 | Total Reward: -80957.39516271334|
| Episode: 314 | Epsilon:  0.10 | Reward: -283.91538877244864 | Average Reward: -269.840 | Steps: 36187 | Total Reward: -81241.31055148576|
| Episode: 315 | Epsilon:  0.10 | Reward: -158.04197630759464 | Average Reward: -270.558 | Steps: 36321 | Total Reward: -81399.35252779337|
| Episode: 316 | Epsilon:  0.10 | Reward: -227.76407524513695 | Average Reward: -269.950 | Steps: 36413 | Total Reward: -81627.11660303846|
| Episode: 317 | Epsilon:  0.10 | Reward: -322.33850425890444 | Average Reward: -271.407 | Steps: 36550 | Total Reward: -81949.45510729737|
| Episode: 318 | Epsilon:  0.10 | Reward: -165.81067426009014 | Average Reward: -271.816 | Steps: 36654 | Total Reward: -82115.26578155751|
| Episode: 319 | Epsilon:  0.10 | Reward: -173.39418397513367 | Average Reward: -269.482 | Steps: 36743 | Total Reward: -82288.65996553267|
| Episode: 320 | Epsilon:  0.10 | Reward: -187.99986409911 | Average Reward: -270.261 | Steps: 36841 | Total Reward: -82476.65982963181|
| Episode: 321 | Epsilon:  0.10 | Reward: -307.93023068185903 | Average Reward: -271.606 | Steps: 36988 | Total Reward: -82784.59006031371|
| Episode: 322 | Epsilon:  0.10 | Reward: -417.9236025025892 | Average Reward: -271.297 | Steps: 37175 | Total Reward: -83202.51366281632|
| Episode: 323 | Epsilon:  0.10 | Reward: -349.12486586966736 | Average Reward: -273.724 | Steps: 37268 | Total Reward: -83551.638528686|
| Episode: 324 | Epsilon:  0.10 | Reward: -90.38914658703814 | Average Reward: -273.399 | Steps: 37461 | Total Reward: -83642.02767527307|
| Episode: 325 | Epsilon:  0.10 | Reward: -203.59978310021665 | Average Reward: -270.674 | Steps: 37598 | Total Reward: -83845.62745837324|
| Episode: 326 | Epsilon:  0.10 | Reward: -403.28231734078724 | Average Reward: -272.960 | Steps: 37743 | Total Reward: -84248.909775714|
| Episode: 327 | Epsilon:  0.10 | Reward: -354.9868175940046 | Average Reward: -271.854 | Steps: 37877 | Total Reward: -84603.89659330795|
| Episode: 328 | Epsilon:  0.10 | Reward: -230.13296476520728 | Average Reward: -269.032 | Steps: 37975 | Total Reward: -84834.02955807313|
| Episode: 329 | Epsilon:  0.10 | Reward: -261.5007301414683 | Average Reward: -269.743 | Steps: 38089 | Total Reward: -85095.53028821459|
| Episode: 330 | Epsilon:  0.10 | Reward: -206.79466055807774 | Average Reward: -270.247 | Steps: 38214 | Total Reward: -85302.3249487726|
| Episode: 331 | Epsilon:  0.10 | Reward: -204.05364625431324 | Average Reward: -267.454 | Steps: 38304 | Total Reward: -85506.37859502691|
| Episode: 332 | Epsilon:  0.10 | Reward: -279.77290690483824 | Average Reward: -266.288 | Steps: 38435 | Total Reward: -85786.15150193179|
| Episode: 333 | Epsilon:  0.10 | Reward: -197.97665658128517 | Average Reward: -267.209 | Steps: 38565 | Total Reward: -85984.12815851311|
| Episode: 334 | Epsilon:  0.10 | Reward: -338.0655005284183 | Average Reward: -269.083 | Steps: 38700 | Total Reward: -86322.19365904147|
| Episode: 335 | Epsilon:  0.10 | Reward: -219.15367721973385 | Average Reward: -266.034 | Steps: 38915 | Total Reward: -86541.34733626117|
| Episode: 336 | Epsilon:  0.10 | Reward: -116.40620648078945 | Average Reward: -264.105 | Steps: 39079 | Total Reward: -86657.75354274194|
| Episode: 337 | Epsilon:  0.10 | Reward: -214.6598643568331 | Average Reward: -266.094 | Steps: 39229 | Total Reward: -86872.41340709875|
| Episode: 338 | Epsilon:  0.10 | Reward: -250.60922619770707 | Average Reward: -266.322 | Steps: 39325 | Total Reward: -87123.0226332965|
| Episode: 339 | Epsilon:  0.10 | Reward: -309.2014573828714 | Average Reward: -265.216 | Steps: 39426 | Total Reward: -87432.22409067945|
| Episode: 340 | Epsilon:  0.10 | Reward: -262.9180561817275 | Average Reward: -263.151 | Steps: 39542 | Total Reward: -87695.14214686117|
| Episode: 341 | Epsilon:  0.10 | Reward: -284.05084496906863 | Average Reward: -259.286 | Steps: 39759 | Total Reward: -87979.1929918302|
| Episode: 342 | Epsilon:  0.10 | Reward: -266.3972275875983 | Average Reward: -260.345 | Steps: 39879 | Total Reward: -88245.59021941785|
| Episode: 343 | Epsilon:  0.10 | Reward: -216.63756193162027 | Average Reward: -257.984 | Steps: 39978 | Total Reward: -88462.2277813495|
| Episode: 344 | Epsilon:  0.10 | Reward: -265.0448316225352 | Average Reward: -259.247 | Steps: 40156 | Total Reward: -88727.272612972|
| Episode: 345 | Epsilon:  0.10 | Reward: -69.17603127373562 | Average Reward: -254.735 | Steps: 40321 | Total Reward: -88796.4486442457|
| Episode: 346 | Epsilon:  0.10 | Reward: -93.25932881257913 | Average Reward: -253.664 | Steps: 40458 | Total Reward: -88889.7079730583|
| Episode: 347 | Epsilon:  0.10 | Reward: -374.7008276153973 | Average Reward: -256.656 | Steps: 40546 | Total Reward: -89264.40880067379|
| Episode: 348 | Epsilon:  0.10 | Reward: -193.02972174703075 | Average Reward: -257.906 | Steps: 40638 | Total Reward: -89457.43852242084|
| Episode: 349 | Epsilon:  0.10 | Reward: -405.64156209938716 | Average Reward: -257.048 | Steps: 40725 | Total Reward: -89863.08008452029|
| Episode: 350 | Epsilon:  0.10 | Reward: -200.38577470202597 | Average Reward: -252.509 | Steps: 40818 | Total Reward: -90063.4658592223|
| Episode: 351 | Epsilon:  0.10 | Reward: -254.05919037247395 | Average Reward: -249.020 | Steps: 40978 | Total Reward: -90317.52504959484|
| Episode: 352 | Epsilon:  0.10 | Reward: -566.8868192175589 | Average Reward: -253.011 | Steps: 41109 | Total Reward: -90884.41186881233|
| Episode: 353 | Epsilon:  0.10 | Reward: -201.61337948236277 | Average Reward: -251.105 | Steps: 41197 | Total Reward: -91086.0252482947|
| Episode: 354 | Epsilon:  0.10 | Reward: -310.27096453588445 | Average Reward: -249.624 | Steps: 41294 | Total Reward: -91396.29621283057|
| Episode: 355 | Epsilon:  0.10 | Reward: -281.4716667865504 | Average Reward: -251.080 | Steps: 41419 | Total Reward: -91677.76787961712|
| Episode: 356 | Epsilon:  0.10 | Reward: -128.8192200390725 | Average Reward: -250.300 | Steps: 41539 | Total Reward: -91806.58709965616|
| Episode: 357 | Epsilon:  0.10 | Reward: -81.50879108779156 | Average Reward: -246.482 | Steps: 41645 | Total Reward: -91888.09589074399|
| Episode: 358 | Epsilon:  0.10 | Reward: -51.50668826686217 | Average Reward: -242.626 | Steps: 41760 | Total Reward: -91939.6025790109|
| Episode: 359 | Epsilon:  0.10 | Reward: -198.2553270449023 | Average Reward: -241.649 | Steps: 41875 | Total Reward: -92137.85790605581|
| Episode: 360 | Epsilon:  0.10 | Reward: -206.64240051826977 | Average Reward: -240.300 | Steps: 41994 | Total Reward: -92344.50030657407|
| Episode: 361 | Epsilon:  0.10 | Reward: -247.42963284525794 | Average Reward: -241.384 | Steps: 42162 | Total Reward: -92591.92993941937|
| Episode: 362 | Epsilon:  0.10 | Reward: -272.90819356603595 | Average Reward: -242.635 | Steps: 42278 | Total Reward: -92864.83813298545|
| Episode: 363 | Epsilon:  0.10 | Reward: -223.48912756221816 | Average Reward: -243.429 | Steps: 42373 | Total Reward: -93088.32726054771|
| Episode: 364 | Epsilon:  0.10 | Reward: -52.085780590850696 | Average Reward: -242.856 | Steps: 42488 | Total Reward: -93140.4130411385|
| Episode: 365 | Epsilon:  0.10 | Reward: -257.92631073931864 | Average Reward: -241.843 | Steps: 42698 | Total Reward: -93398.33935187789|
| Episode: 366 | Epsilon:  0.10 | Reward: -488.72433911855177 | Average Reward: -244.411 | Steps: 42794 | Total Reward: -93887.06369099645|
| Episode: 367 | Epsilon:  0.10 | Reward: -275.7940462006285 | Average Reward: -243.374 | Steps: 42893 | Total Reward: -94162.85773719703|
| Episode: 368 | Epsilon:  0.10 | Reward: -212.1735495761224 | Average Reward: -241.843 | Steps: 43011 | Total Reward: -94375.03128677313|
| Episode: 369 | Epsilon:  0.10 | Reward: -183.28202820225408 | Average Reward: -241.614 | Steps: 43110 | Total Reward: -94558.31331497543|
| Episode: 370 | Epsilon:  0.10 | Reward: -81.11505404129952 | Average Reward: -241.042 | Steps: 43241 | Total Reward: -94639.42836901668|
| Episode: 371 | Epsilon:  0.10 | Reward: -45.29841126696583 | Average Reward: -239.400 | Steps: 43443 | Total Reward: -94684.72678028363|
| Episode: 372 | Epsilon:  0.10 | Reward: -326.34742217709123 | Average Reward: -240.755 | Steps: 43590 | Total Reward: -95011.07420246079|
| Episode: 373 | Epsilon:  0.10 | Reward: -386.4069321593133 | Average Reward: -237.258 | Steps: 43770 | Total Reward: -95397.4811346201|
| Episode: 374 | Epsilon:  0.10 | Reward: -212.76819101330898 | Average Reward: -235.106 | Steps: 43860 | Total Reward: -95610.24932563337|
| Episode: 375 | Epsilon:  0.10 | Reward: -376.00722405861904 | Average Reward: -236.861 | Steps: 43982 | Total Reward: -95986.25654969196|
| Episode: 376 | Epsilon:  0.10 | Reward: -244.45183173919375 | Average Reward: -237.194 | Steps: 44089 | Total Reward: -96230.70838143109|
| Episode: 377 | Epsilon:  0.10 | Reward: -409.49164457112795 | Average Reward: -239.445 | Steps: 44362 | Total Reward: -96640.2000260023|
| Episode: 378 | Epsilon:  0.10 | Reward: -378.6912721721526 | Average Reward: -241.106 | Steps: 44450 | Total Reward: -97018.89129817452|
| Episode: 379 | Epsilon:  0.10 | Reward: -86.00468542612674 | Average Reward: -240.043 | Steps: 44554 | Total Reward: -97104.89598360065|
| Episode: 380 | Epsilon:  0.10 | Reward: -208.66244757037038 | Average Reward: -240.264 | Steps: 44652 | Total Reward: -97313.55843117107|
| Episode: 381 | Epsilon:  0.10 | Reward: -183.75048631900557 | Average Reward: -240.829 | Steps: 44754 | Total Reward: -97497.30891749|
| Episode: 382 | Epsilon:  0.10 | Reward: -199.37051852253188 | Average Reward: -240.281 | Steps: 44855 | Total Reward: -97696.67943601249|
| Episode: 383 | Epsilon:  0.10 | Reward: -234.80689839280262 | Average Reward: -241.249 | Steps: 44941 | Total Reward: -97931.48633440529|
| Episode: 384 | Epsilon:  0.10 | Reward: -91.92021709435674 | Average Reward: -239.833 | Steps: 45025 | Total Reward: -98023.40655149965|
| Episode: 385 | Epsilon:  0.10 | Reward: -261.7939159461105 | Average Reward: -240.968 | Steps: 45113 | Total Reward: -98285.20046744573|
| Episode: 386 | Epsilon:  0.10 | Reward: -120.39227130370708 | Average Reward: -241.385 | Steps: 45325 | Total Reward: -98405.59273874946|
| Episode: 387 | Epsilon:  0.10 | Reward: -301.3164873201557 | Average Reward: -240.325 | Steps: 45439 | Total Reward: -98706.90922606963|
| Episode: 388 | Epsilon:  0.10 | Reward: -136.26977734802415 | Average Reward: -238.486 | Steps: 45546 | Total Reward: -98843.17900341762|
| Episode: 389 | Epsilon:  0.10 | Reward: -399.00929998168164 | Average Reward: -240.365 | Steps: 45652 | Total Reward: -99242.18830339932|
| Episode: 390 | Epsilon:  0.10 | Reward: -180.6275734769764 | Average Reward: -239.500 | Steps: 45760 | Total Reward: -99422.81587687632|
| Episode: 391 | Epsilon:  0.10 | Reward: -205.163843255801 | Average Reward: -236.651 | Steps: 45873 | Total Reward: -99627.97972013218|
| Episode: 392 | Epsilon:  0.10 | Reward: -204.64223156039787 | Average Reward: -237.097 | Steps: 46005 | Total Reward: -99832.62195169256|
| Episode: 393 | Epsilon:  0.10 | Reward: -263.39410741974916 | Average Reward: -236.858 | Steps: 46096 | Total Reward: -100096.01605911241|
| Episode: 394 | Epsilon:  0.10 | Reward: -205.94269302927313 | Average Reward: -233.481 | Steps: 46183 | Total Reward: -100301.9587521417|
| Episode: 395 | Epsilon:  0.10 | Reward: -195.6401263463319 | Average Reward: -233.476 | Steps: 46292 | Total Reward: -100497.59887848797|
| Episode: 396 | Epsilon:  0.10 | Reward: -394.7232338738885 | Average Reward: -233.478 | Steps: 46437 | Total Reward: -100892.32211236189|
| Episode: 397 | Epsilon:  0.10 | Reward: -82.28469854239356 | Average Reward: -230.743 | Steps: 46552 | Total Reward: -100974.60681090422|
| Episode: 398 | Epsilon:  0.10 | Reward: -299.8924629599061 | Average Reward: -233.095 | Steps: 46639 | Total Reward: -101274.49927386414|
| Episode: 399 | Epsilon:  0.10 | Reward: -280.6100336845294 | Average Reward: -231.701 | Steps: 46734 | Total Reward: -101555.10930754866|
| Episode: 400 | Epsilon:  0.10 | Reward: -256.1482169172423 | Average Reward: -232.995 | Steps: 46863 | Total Reward: -101811.25752446591|
| Episode: 401 | Epsilon:  0.10 | Reward: -293.01014783398455 | Average Reward: -233.947 | Steps: 46982 | Total Reward: -102104.26767229987|
| Episode: 402 | Epsilon:  0.10 | Reward: -150.32172593350083 | Average Reward: -233.943 | Steps: 47077 | Total Reward: -102254.58939823338|
| Episode: 403 | Epsilon:  0.10 | Reward: -212.0024898757006 | Average Reward: -234.238 | Steps: 47159 | Total Reward: -102466.59188810902|
| Episode: 404 | Epsilon:  0.10 | Reward: -305.4305755487864 | Average Reward: -235.112 | Steps: 47240 | Total Reward: -102772.0224636578|
| Episode: 405 | Epsilon:  0.10 | Reward: -259.1491629469212 | Average Reward: -235.743 | Steps: 47322 | Total Reward: -103031.17162660472|
| Episode: 406 | Epsilon:  0.10 | Reward: -377.2804930294363 | Average Reward: -237.049 | Steps: 47423 | Total Reward: -103408.4521196342|
| Episode: 407 | Epsilon:  0.10 | Reward: -74.12192173613411 | Average Reward: -235.774 | Steps: 47552 | Total Reward: -103482.57404137032|
| Episode: 408 | Epsilon:  0.10 | Reward: -309.28073641016806 | Average Reward: -237.314 | Steps: 47651 | Total Reward: -103791.85477778042|
| Episode: 409 | Epsilon:  0.10 | Reward: -313.61384143060167 | Average Reward: -238.580 | Steps: 47760 | Total Reward: -104105.4686192109|
| Episode: 410 | Epsilon:  0.10 | Reward: -224.82712581877297 | Average Reward: -239.089 | Steps: 47877 | Total Reward: -104330.29574502961|
| Episode: 411 | Epsilon:  0.10 | Reward: -161.40828672837614 | Average Reward: -238.619 | Steps: 47973 | Total Reward: -104491.70403175801|
| Episode: 412 | Epsilon:  0.10 | Reward: -86.6531141512572 | Average Reward: -237.186 | Steps: 48165 | Total Reward: -104578.35714590931|
| Episode: 413 | Epsilon:  0.10 | Reward: -51.06933839132839 | Average Reward: -236.720 | Steps: 48281 | Total Reward: -104629.42648430064|
| Episode: 414 | Epsilon:  0.10 | Reward: -163.12839700707235 | Average Reward: -235.512 | Steps: 48379 | Total Reward: -104792.55488130772|
| Episode: 415 | Epsilon:  0.10 | Reward: -196.5022309875215 | Average Reward: -235.897 | Steps: 48465 | Total Reward: -104989.05711229521|
| Episode: 416 | Epsilon:  0.10 | Reward: -230.41684793894729 | Average Reward: -235.924 | Steps: 48577 | Total Reward: -105219.47396023417|
| Episode: 417 | Epsilon:  0.10 | Reward: -417.77232191570147 | Average Reward: -236.878 | Steps: 48688 | Total Reward: -105637.24628214985|
| Episode: 418 | Epsilon:  0.10 | Reward: -206.0429596415037 | Average Reward: -237.280 | Steps: 48783 | Total Reward: -105843.28924179132|
| Episode: 419 | Epsilon:  0.10 | Reward: -385.0337412985906 | Average Reward: -239.397 | Steps: 48910 | Total Reward: -106228.3229830899|
| Episode: 420 | Epsilon:  0.10 | Reward: -456.96051763110734 | Average Reward: -242.086 | Steps: 48999 | Total Reward: -106685.28350072105|
| Episode: 421 | Epsilon:  0.10 | Reward: -196.44107961645994 | Average Reward: -240.971 | Steps: 49092 | Total Reward: -106881.7245803375|
| Episode: 422 | Epsilon:  0.10 | Reward: -223.79076538073764 | Average Reward: -239.030 | Steps: 49180 | Total Reward: -107105.51534571825|
| Episode: 423 | Epsilon:  0.10 | Reward: -172.25582645436003 | Average Reward: -237.261 | Steps: 49271 | Total Reward: -107277.7711721726|
| Episode: 424 | Epsilon:  0.10 | Reward: -240.8290861796202 | Average Reward: -238.766 | Steps: 49451 | Total Reward: -107518.60025835219|
| Episode: 425 | Epsilon:  0.10 | Reward: -432.82727303908945 | Average Reward: -241.058 | Steps: 49556 | Total Reward: -107951.42753139125|
| Episode: 426 | Epsilon:  0.10 | Reward: -251.72876168677274 | Average Reward: -239.542 | Steps: 49645 | Total Reward: -108203.15629307806|
| Episode: 427 | Epsilon:  0.10 | Reward: -62.9892805764718 | Average Reward: -236.622 | Steps: 49736 | Total Reward: -108266.14557365453|
| Episode: 428 | Epsilon:  0.10 | Reward: -390.30325071272483 | Average Reward: -238.224 | Steps: 49863 | Total Reward: -108656.44882436734|
| Episode: 429 | Epsilon:  0.10 | Reward: -328.0906201427733 | Average Reward: -238.890 | Steps: 49953 | Total Reward: -108984.53944451016|
| Episode: 430 | Epsilon:  0.10 | Reward: -283.91830052290743 | Average Reward: -239.661 | Steps: 50107 | Total Reward: -109268.45774503304|
| Episode: 431 | Epsilon:  0.10 | Reward: -483.38216548057517 | Average Reward: -242.455 | Steps: 50221 | Total Reward: -109751.83991051358|
| Episode: 432 | Epsilon:  0.10 | Reward: -198.0795516544329 | Average Reward: -241.638 | Steps: 50402 | Total Reward: -109949.91946216804|
| Episode: 433 | Epsilon:  0.10 | Reward: -343.94290618495495 | Average Reward: -243.097 | Steps: 50573 | Total Reward: -110293.86236835297|
| Episode: 434 | Epsilon:  0.10 | Reward: -220.18263164177594 | Average Reward: -241.919 | Steps: 50665 | Total Reward: -110514.04499999477|
| Episode: 435 | Epsilon:  0.10 | Reward: -171.97300734876995 | Average Reward: -241.447 | Steps: 50752 | Total Reward: -110686.01800734353|
| Episode: 436 | Epsilon:  0.10 | Reward: -284.67633150045083 | Average Reward: -243.129 | Steps: 50906 | Total Reward: -110970.69433884395|
| Episode: 437 | Epsilon:  0.10 | Reward: -283.163271378762 | Average Reward: -243.814 | Steps: 51032 | Total Reward: -111253.85761022262|
| Episode: 438 | Epsilon:  0.10 | Reward: -362.9412961959557 | Average Reward: -244.938 | Steps: 51201 | Total Reward: -111616.79890641851|
| Episode: 439 | Epsilon:  0.10 | Reward: -261.2210723107437 | Average Reward: -244.458 | Steps: 51297 | Total Reward: -111878.01997872924|
| Episode: 440 | Epsilon:  0.10 | Reward: -371.9064606287826 | Average Reward: -245.548 | Steps: 51483 | Total Reward: -112249.92643935804|
| Episode: 441 | Epsilon:  0.10 | Reward: -265.0929085497635 | Average Reward: -245.358 | Steps: 51583 | Total Reward: -112515.01934790784|
| Episode: 442 | Epsilon:  0.10 | Reward: -338.23545300461933 | Average Reward: -246.077 | Steps: 51669 | Total Reward: -112853.25480091247|
| Episode: 443 | Epsilon:  0.10 | Reward: -262.288046485733 | Average Reward: -246.533 | Steps: 51779 | Total Reward: -113115.54284739825|
| Episode: 444 | Epsilon:  0.10 | Reward: -432.92592499196604 | Average Reward: -248.212 | Steps: 51896 | Total Reward: -113548.46877239022|
| Episode: 445 | Epsilon:  0.10 | Reward: -270.0617093156561 | Average Reward: -250.221 | Steps: 52046 | Total Reward: -113818.53048170594|
| Episode: 446 | Epsilon:  0.10 | Reward: -280.66989038431564 | Average Reward: -252.095 | Steps: 52152 | Total Reward: -114099.20037209026|
| Episode: 447 | Epsilon:  0.10 | Reward: -269.4693561962864 | Average Reward: -251.043 | Steps: 52244 | Total Reward: -114368.66972828652|
| Episode: 448 | Epsilon:  0.10 | Reward: -320.261237107011 | Average Reward: -252.315 | Steps: 52338 | Total Reward: -114688.9309653935|
| Episode: 449 | Epsilon:  0.10 | Reward: -109.66924248050557 | Average Reward: -249.355 | Steps: 52454 | Total Reward: -114798.600207874|
| Episode: 450 | Epsilon:  0.10 | Reward: -289.25632505405787 | Average Reward: -250.244 | Steps: 52546 | Total Reward: -115087.85653292798|
| Episode: 451 | Epsilon:  0.10 | Reward: -282.7814599851747 | Average Reward: -250.531 | Steps: 52633 | Total Reward: -115370.63799291317|
| Episode: 452 | Epsilon:  0.10 | Reward: -189.04217960787315 | Average Reward: -246.753 | Steps: 52747 | Total Reward: -115559.68017252105|
| Episode: 453 | Epsilon:  0.10 | Reward: -246.7540407481713 | Average Reward: -247.204 | Steps: 52854 | Total Reward: -115806.43421326933|
| Episode: 454 | Epsilon:  0.10 | Reward: -287.6232020815005 | Average Reward: -246.978 | Steps: 52979 | Total Reward: -116094.05741535079|
| Episode: 455 | Epsilon:  0.10 | Reward: -156.22435492360617 | Average Reward: -245.725 | Steps: 53073 | Total Reward: -116250.2817702744|
| Episode: 456 | Epsilon:  0.10 | Reward: -259.8170656167491 | Average Reward: -247.035 | Steps: 53247 | Total Reward: -116510.09883589114|
| Episode: 457 | Epsilon:  0.10 | Reward: -181.19973644841457 | Average Reward: -248.032 | Steps: 53414 | Total Reward: -116691.29857233955|
| Episode: 458 | Epsilon:  0.10 | Reward: -426.7515693189957 | Average Reward: -251.784 | Steps: 53526 | Total Reward: -117118.05014165858|
| Episode: 459 | Epsilon:  0.10 | Reward: -284.2001125199991 | Average Reward: -252.644 | Steps: 53617 | Total Reward: -117402.25025417854|
| Episode: 460 | Epsilon:  0.10 | Reward: -305.4036947311489 | Average Reward: -253.632 | Steps: 53861 | Total Reward: -117707.65394890972|
| Episode: 461 | Epsilon:  0.10 | Reward: -353.86456367085935 | Average Reward: -254.696 | Steps: 53951 | Total Reward: -118061.51851258054|
| Episode: 462 | Epsilon:  0.10 | Reward: -368.0101483528924 | Average Reward: -255.647 | Steps: 54063 | Total Reward: -118429.52866093344|
| Episode: 463 | Epsilon:  0.10 | Reward: -367.0775430398221 | Average Reward: -257.083 | Steps: 54166 | Total Reward: -118796.60620397332|
| Episode: 464 | Epsilon:  0.10 | Reward: -331.04987252445636 | Average Reward: -259.872 | Steps: 54265 | Total Reward: -119127.65607649776|
| Episode: 465 | Epsilon:  0.10 | Reward: -224.29324553717896 | Average Reward: -259.536 | Steps: 54355 | Total Reward: -119351.949322035|
| Episode: 466 | Epsilon:  0.10 | Reward: -185.10081848654113 | Average Reward: -256.500 | Steps: 54489 | Total Reward: -119537.05014052159|
| Episode: 467 | Epsilon:  0.10 | Reward: -260.37684552357945 | Average Reward: -256.346 | Steps: 54578 | Total Reward: -119797.42698604515|
| Episode: 468 | Epsilon:  0.10 | Reward: -257.0984267964045 | Average Reward: -256.795 | Steps: 54699 | Total Reward: -120054.5254128416|
| Episode: 469 | Epsilon:  0.10 | Reward: -349.22432674411226 | Average Reward: -258.454 | Steps: 54821 | Total Reward: -120403.74973958572|
| Episode: 470 | Epsilon:  0.10 | Reward: -258.94970261953057 | Average Reward: -260.233 | Steps: 54921 | Total Reward: -120662.69944220531|
| Episode: 471 | Epsilon:  0.10 | Reward: -326.0773364343305 | Average Reward: -263.040 | Steps: 55018 | Total Reward: -120988.7767786397|
| Episode: 472 | Epsilon:  0.10 | Reward: -260.94608500258295 | Average Reward: -262.386 | Steps: 55122 | Total Reward: -121249.7228636423|
| Episode: 473 | Epsilon:  0.10 | Reward: -341.317164564148 | Average Reward: -261.936 | Steps: 55284 | Total Reward: -121591.04002820645|
| Episode: 474 | Epsilon:  0.10 | Reward: -414.4574096178049 | Average Reward: -263.952 | Steps: 55391 | Total Reward: -122005.49743782423|
| Episode: 475 | Epsilon:  0.10 | Reward: -267.05879495532747 | Average Reward: -262.863 | Steps: 55503 | Total Reward: -122272.55623277956|
| Episode: 476 | Epsilon:  0.10 | Reward: -265.40801593205583 | Average Reward: -263.073 | Steps: 55613 | Total Reward: -122537.96424871172|
| Episode: 477 | Epsilon:  0.10 | Reward: -334.47371172526675 | Average Reward: -262.322 | Steps: 55810 | Total Reward: -122872.43796043709|
| Episode: 478 | Epsilon:  0.10 | Reward: -235.8939058937783 | Average Reward: -260.894 | Steps: 56018 | Total Reward: -123108.33186633082|
| Episode: 479 | Epsilon:  0.10 | Reward: -245.61538028908308 | Average Reward: -262.491 | Steps: 56131 | Total Reward: -123353.9472466199|
| Episode: 480 | Epsilon:  0.10 | Reward: -310.8228275662178 | Average Reward: -263.512 | Steps: 56258 | Total Reward: -123664.77007418612|
| Episode: 481 | Epsilon:  0.10 | Reward: -378.8311503735298 | Average Reward: -265.463 | Steps: 56353 | Total Reward: -124043.60122455964|
| Episode: 482 | Epsilon:  0.10 | Reward: -280.42527401721054 | Average Reward: -266.273 | Steps: 56457 | Total Reward: -124324.02649857679|
| Episode: 483 | Epsilon:  0.10 | Reward: -304.4380942410926 | Average Reward: -266.970 | Steps: 56701 | Total Reward: -124628.46459281788|
| Episode: 484 | Epsilon:  0.10 | Reward: -345.41846735641536 | Average Reward: -269.505 | Steps: 56874 | Total Reward: -124973.8830601743|
