+------------------------+----------------------------+--------------------+
|                        |     Supported Features     |  Program Commands  |
+========================+============================+====================+
| Compatible Layers      | Hopfield Layer,            | hopfield,          |
|                        | HopfieldLayer Layer,       | hopfield_layer,    |
|                        | HopfieldPooling Layer,     | hopfield_pooling,  |
|                        | LSTM,                      | lstm,              |
|                        | GRU                        | gru                |
+------------------------+----------------------------+--------------------+
| Supported Loss Metrics | Huber Loss,                | huber,             |
|                        | Mean Absolute Error Loss,  | mae,               |
|                        | Mean Squared Error Loss,   | mse,               |
|                        | SmoothL1 Loss              | smooth_l1          |
+------------------------+----------------------------+--------------------+
| Supported Optimizers   | RMSprop (default),         | rmsprop,           |
|                        | AdamW,                     | adam,              |
|                        | Adam                       | adamW              |
+------------------------+----------------------------+--------------------+
| Episode:   1 | Epsilon:  0.90 | Reward: -370.9738943835657 | Average Reward: -370.974 | Steps:   104 | Total Reward: -370.9738943835657|
| Episode:   2 | Epsilon:  0.86 | Reward: -110.25077592127029 | Average Reward: -240.612 | Steps:   173 | Total Reward: -481.22467030483557|
| Episode:   3 | Epsilon:  0.82 | Reward: -129.3296114005249 | Average Reward: -203.518 | Steps:   262 | Total Reward: -610.5542817053597|
| Episode:   4 | Epsilon:  0.79 | Reward: -78.0654721349345 | Average Reward: -172.155 | Steps:   320 | Total Reward: -688.6197538402942|
| Episode:   5 | Epsilon:  0.75 | Reward: -160.8572131331472 | Average Reward: -169.895 | Steps:   387 | Total Reward: -849.4769669734411|
| Episode:   6 | Epsilon:  0.72 | Reward: -81.2913296229247 | Average Reward: -155.128 | Steps:   443 | Total Reward: -930.7682965963654|
| Episode:   7 | Epsilon:  0.69 | Reward: -92.62475712559416 | Average Reward: -146.199 | Steps:   533 | Total Reward: -1023.3930537219595|
| Episode:   8 | Epsilon:  0.66 | Reward: -131.6020538933021 | Average Reward: -144.374 | Steps:   626 | Total Reward: -1154.995107615261|
| Episode:   9 | Epsilon:  0.64 | Reward: -82.06900056989562 | Average Reward: -137.452 | Steps:   684 | Total Reward: -1237.0641081851552|
| Episode:  10 | Epsilon:  0.61 | Reward: -131.9035967097331 | Average Reward: -136.897 | Steps:   788 | Total Reward: -1368.9677048948884|
| Episode:  11 | Epsilon:  0.59 | Reward: -106.35793258143151 | Average Reward: -134.121 | Steps:   895 | Total Reward: -1475.3256374763196|
| Episode:  12 | Epsilon:  0.56 | Reward: -309.37758318965416 | Average Reward: -148.725 | Steps:   998 | Total Reward: -1784.7032206659726|
| Episode:  13 | Epsilon:  0.54 | Reward: -256.8841411646674 | Average Reward: -157.045 | Steps:  1079 | Total Reward: -2041.58736183064|
| Episode:  14 | Epsilon:  0.52 | Reward: -361.9024472011576 | Average Reward: -171.678 | Steps:  1171 | Total Reward: -2403.489809031796|
| Episode:  15 | Epsilon:  0.50 | Reward: -135.22269046576048 | Average Reward: -169.247 | Steps:  1265 | Total Reward: -2538.7124994975575|
| Episode:  16 | Epsilon:  0.48 | Reward: -199.3176644154334 | Average Reward: -171.127 | Steps:  1344 | Total Reward: -2738.0301639129907|
| Episode:  17 | Epsilon:  0.46 | Reward: -256.3576195847111 | Average Reward: -176.140 | Steps:  1444 | Total Reward: -2994.387783497701|
| Episode:  18 | Epsilon:  0.44 | Reward: -252.65118772252688 | Average Reward: -180.391 | Steps:  1540 | Total Reward: -3247.0389712202286|
| Episode:  19 | Epsilon:  0.43 | Reward: -100.76328344303865 | Average Reward: -176.200 | Steps:  1633 | Total Reward: -3347.8022546632674|
| Episode:  20 | Epsilon:  0.41 | Reward: -90.29032075765288 | Average Reward: -171.905 | Steps:  1691 | Total Reward: -3438.09257542092|
| Episode:  21 | Epsilon:  0.39 | Reward: -136.230253985366 | Average Reward: -170.206 | Steps:  1773 | Total Reward: -3574.3228294062837|
| Episode:  22 | Epsilon:  0.38 | Reward: -150.01176043422424 | Average Reward: -169.288 | Steps:  1847 | Total Reward: -3724.334589840509|
| Episode:  23 | Epsilon:  0.37 | Reward: -101.6013047221854 | Average Reward: -166.345 | Steps:  1913 | Total Reward: -3825.9358945626936|
| Episode:  24 | Epsilon:  0.35 | Reward: -98.45143873187382 | Average Reward: -163.516 | Steps:  1999 | Total Reward: -3924.3873332945664|
| Episode:  25 | Epsilon:  0.34 | Reward: -331.86003902752407 | Average Reward: -170.250 | Steps:  2102 | Total Reward: -4256.247372322088|
| Episode:  26 | Epsilon:  0.33 | Reward: -720.5229888050154 | Average Reward: -191.414 | Steps:  2256 | Total Reward: -4976.770361127108|
| Episode:  27 | Epsilon:  0.32 | Reward: -516.3444063128709 | Average Reward: -203.449 | Steps:  2345 | Total Reward: -5493.114767439978|
| Episode:  28 | Epsilon:  0.31 | Reward: -580.340967572031 | Average Reward: -216.909 | Steps:  2437 | Total Reward: -6073.455735012007|
| Episode:  29 | Epsilon:  0.30 | Reward: -219.3534349196812 | Average Reward: -216.993 | Steps:  2573 | Total Reward: -6292.809169931688|
| Episode:  30 | Epsilon:  0.29 | Reward: -173.68788624424414 | Average Reward: -215.550 | Steps:  2737 | Total Reward: -6466.497056175933|
| Episode:  31 | Epsilon:  0.28 | Reward: -243.49783522199715 | Average Reward: -216.451 | Steps:  3015 | Total Reward: -6709.994891397937|
| Episode:  32 | Epsilon:  0.27 | Reward: 32.445351302745195 | Average Reward: -208.673 | Steps:  3212 | Total Reward: -6677.549540095188|
| Episode:  33 | Epsilon:  0.26 | Reward: -232.77077919305304 | Average Reward: -209.404 | Steps:  3380 | Total Reward: -6910.320319288237|
| Episode:  34 | Epsilon:  0.25 | Reward: -209.23306736125596 | Average Reward: -209.399 | Steps:  3512 | Total Reward: -7119.553386649488|
| Episode:  35 | Epsilon:  0.25 | Reward: -205.18400770505045 | Average Reward: -209.278 | Steps:  3708 | Total Reward: -7324.737394354535|
| Episode:  36 | Epsilon:  0.24 | Reward: -150.92107820236913 | Average Reward: -207.657 | Steps:  3828 | Total Reward: -7475.658472556904|
| Episode:  37 | Epsilon:  0.23 | Reward: -10.238778939708112 | Average Reward: -202.322 | Steps:  3952 | Total Reward: -7485.89725149661|
| Episode:  38 | Epsilon:  0.23 | Reward: -92.0293324758022 | Average Reward: -199.419 | Steps:  4064 | Total Reward: -7577.926583972406|
| Episode:  39 | Epsilon:  0.22 | Reward: -163.68752089268327 | Average Reward: -198.503 | Steps:  4169 | Total Reward: -7741.614104865087|
| Episode:  40 | Epsilon:  0.21 | Reward: -284.8978689542537 | Average Reward: -200.663 | Steps:  4344 | Total Reward: -8026.51197381934|
| Episode:  41 | Epsilon:  0.21 | Reward: -309.55726809701514 | Average Reward: -203.319 | Steps:  4521 | Total Reward: -8336.06924191636|
| Episode:  42 | Epsilon:  0.20 | Reward: -76.41964054912097 | Average Reward: -200.297 | Steps:  4686 | Total Reward: -8412.488882465488|
| Episode:  43 | Epsilon:  0.20 | Reward: -250.61117789227376 | Average Reward: -201.467 | Steps:  4794 | Total Reward: -8663.100060357767|
| Episode:  44 | Epsilon:  0.19 | Reward: -605.8246470931451 | Average Reward: -210.657 | Steps:  4871 | Total Reward: -9268.924707450915|
| Episode:  45 | Epsilon:  0.19 | Reward: -192.54651240774373 | Average Reward: -210.255 | Steps:  4978 | Total Reward: -9461.471219858664|
| Episode:  46 | Epsilon:  0.18 | Reward: -106.31283672970712 | Average Reward: -207.995 | Steps:  5090 | Total Reward: -9567.78405658837|
| Episode:  47 | Epsilon:  0.18 | Reward: -100.84341655170235 | Average Reward: -205.715 | Steps:  5207 | Total Reward: -9668.62747314007|
| Episode:  48 | Epsilon:  0.18 | Reward: -213.8503787294897 | Average Reward: -205.885 | Steps:  5357 | Total Reward: -9882.477851869546|
| Episode:  49 | Epsilon:  0.17 | Reward: -52.73660244745522 | Average Reward: -202.759 | Steps:  5478 | Total Reward: -9935.21445431699|
| Episode:  50 | Epsilon:  0.17 | Reward: -36.71868395468188 | Average Reward: -199.439 | Steps:  5603 | Total Reward: -9971.933138271665|
| Episode:  51 | Epsilon:  0.17 | Reward: -109.3579770282862 | Average Reward: -197.672 | Steps:  5759 | Total Reward: -10081.29111529994|
| Episode:  52 | Epsilon:  0.16 | Reward: -292.7669987422631 | Average Reward: -199.501 | Steps:  5880 | Total Reward: -10374.058114042207|
| Episode:  53 | Epsilon:  0.16 | Reward: -170.8439478450871 | Average Reward: -198.960 | Steps:  5994 | Total Reward: -10544.902061887287|
| Episode:  54 | Epsilon:  0.16 | Reward: -239.35164577873076 | Average Reward: -199.708 | Steps:  6181 | Total Reward: -10784.253707666021|
| Episode:  55 | Epsilon:  0.15 | Reward: -124.4364931772887 | Average Reward: -198.340 | Steps:  6300 | Total Reward: -10908.690200843314|
| Episode:  56 | Epsilon:  0.15 | Reward: -388.2023645656823 | Average Reward: -201.730 | Steps:  6390 | Total Reward: -11296.892565409005|
| Episode:  57 | Epsilon:  0.15 | Reward: -273.7575656245763 | Average Reward: -202.994 | Steps:  6563 | Total Reward: -11570.650131033575|
| Episode:  58 | Epsilon:  0.15 | Reward: -243.76343550177702 | Average Reward: -203.697 | Steps:  6725 | Total Reward: -11814.413566535353|
| Episode:  59 | Epsilon:  0.14 | Reward: -149.03622416500173 | Average Reward: -202.770 | Steps:  6867 | Total Reward: -11963.449790700352|
| Episode:  60 | Epsilon:  0.14 | Reward: 13.137919129570307 | Average Reward: -199.172 | Steps:  7009 | Total Reward: -11950.31187157078|
| Episode:  61 | Epsilon:  0.14 | Reward: -497.5992702126869 | Average Reward: -204.064 | Steps:  7180 | Total Reward: -12447.911141783467|
| Episode:  62 | Epsilon:  0.14 | Reward: -632.5383159270743 | Average Reward: -210.975 | Steps:  7373 | Total Reward: -13080.449457710547|
| Episode:  63 | Epsilon:  0.14 | Reward: -255.3429988886782 | Average Reward: -211.679 | Steps:  7514 | Total Reward: -13335.792456599223|
| Episode:  64 | Epsilon:  0.13 | Reward: -283.52064751451735 | Average Reward: -212.802 | Steps:  7729 | Total Reward: -13619.313104113744|
| Episode:  65 | Epsilon:  0.13 | Reward: -369.5660736083996 | Average Reward: -215.214 | Steps:  7904 | Total Reward: -13988.879177722143|
| Episode:  66 | Epsilon:  0.13 | Reward: -67.4779196114101 | Average Reward: -212.975 | Steps:  8082 | Total Reward: -14056.357097333554|
| Episode:  67 | Epsilon:  0.13 | Reward: -147.47049413893794 | Average Reward: -211.997 | Steps:  8203 | Total Reward: -14203.827591472496|
| Episode:  68 | Epsilon:  0.13 | Reward: -81.35104798974129 | Average Reward: -210.076 | Steps:  8407 | Total Reward: -14285.178639462241|
| Episode:  69 | Epsilon:  0.13 | Reward: 2.182602944544726 | Average Reward: -207.000 | Steps:  8583 | Total Reward: -14282.996036517681|
| Episode:  70 | Epsilon:  0.13 | Reward: -292.03274006943116 | Average Reward: -208.215 | Steps:  8739 | Total Reward: -14575.02877658712|
| Episode:  71 | Epsilon:  0.12 | Reward: -63.858308406779464 | Average Reward: -206.182 | Steps:  8876 | Total Reward: -14638.887084993901|
| Episode:  72 | Epsilon:  0.12 | Reward: -205.64521277290845 | Average Reward: -206.174 | Steps:  9072 | Total Reward: -14844.532297766813|
| Episode:  73 | Epsilon:  0.12 | Reward: -128.48970137643957 | Average Reward: -205.110 | Steps:  9179 | Total Reward: -14973.021999143262|
| Episode:  74 | Epsilon:  0.12 | Reward: -240.10224801829443 | Average Reward: -205.583 | Steps:  9313 | Total Reward: -15213.124247161546|
| Episode:  75 | Epsilon:  0.12 | Reward: -142.60097360288015 | Average Reward: -204.743 | Steps:  9570 | Total Reward: -15355.72522076442|
| Episode:  76 | Epsilon:  0.12 | Reward: -183.3579298691414 | Average Reward: -204.462 | Steps:  9732 | Total Reward: -15539.083150633553|
| Episode:  77 | Epsilon:  0.12 | Reward: -226.32757722029706 | Average Reward: -204.746 | Steps:  9877 | Total Reward: -15765.410727853854|
| Episode:  78 | Epsilon:  0.12 | Reward: -57.885466192417525 | Average Reward: -202.863 | Steps: 10010 | Total Reward: -15823.296194046265|
| Episode:  79 | Epsilon:  0.12 | Reward: -55.46846293841587 | Average Reward: -200.997 | Steps: 10111 | Total Reward: -15878.764656984675|
| Episode:  80 | Epsilon:  0.12 | Reward: -171.84753074018113 | Average Reward: -200.633 | Steps: 10230 | Total Reward: -16050.61218772485|
| Episode:  81 | Epsilon:  0.11 | Reward: -264.3261933456986 | Average Reward: -201.419 | Steps: 10365 | Total Reward: -16314.938381070553|
| Episode:  82 | Epsilon:  0.11 | Reward: -282.0288567028688 | Average Reward: -202.402 | Steps: 10507 | Total Reward: -16596.967237773435|
| Episode:  83 | Epsilon:  0.11 | Reward: -103.40685163867613 | Average Reward: -201.209 | Steps: 10692 | Total Reward: -16700.374089412104|
| Episode:  84 | Epsilon:  0.11 | Reward: -258.7803842073748 | Average Reward: -201.895 | Steps: 10829 | Total Reward: -16959.154473619485|
| Episode:  85 | Epsilon:  0.11 | Reward: -436.5431779158065 | Average Reward: -204.655 | Steps: 11026 | Total Reward: -17395.6976515353|
| Episode:  86 | Epsilon:  0.11 | Reward: -259.5516657983011 | Average Reward: -205.294 | Steps: 11168 | Total Reward: -17655.2493173336|
| Episode:  87 | Epsilon:  0.11 | Reward: -445.29487715591284 | Average Reward: -208.052 | Steps: 11315 | Total Reward: -18100.544194489517|
| Episode:  88 | Epsilon:  0.11 | Reward: -163.7972670374204 | Average Reward: -207.549 | Steps: 11432 | Total Reward: -18264.341461526932|
| Episode:  89 | Epsilon:  0.11 | Reward: -433.6333836893614 | Average Reward: -210.090 | Steps: 11583 | Total Reward: -18697.97484521631|
| Episode:  90 | Epsilon:  0.11 | Reward: -186.55601413130336 | Average Reward: -209.828 | Steps: 11741 | Total Reward: -18884.530859347633|
| Episode:  91 | Epsilon:  0.11 | Reward: -514.9073367968962 | Average Reward: -213.181 | Steps: 11922 | Total Reward: -19399.438196144547|
| Episode:  92 | Epsilon:  0.11 | Reward: -440.7238387163622 | Average Reward: -215.654 | Steps: 12118 | Total Reward: -19840.1620348609|
| Episode:  93 | Epsilon:  0.11 | Reward: -133.7178339952946 | Average Reward: -214.773 | Steps: 12299 | Total Reward: -19973.879868856206|
| Episode:  94 | Epsilon:  0.11 | Reward: -168.30615336576244 | Average Reward: -214.279 | Steps: 12417 | Total Reward: -20142.186022221977|
| Episode:  95 | Epsilon:  0.11 | Reward: -89.26558990740192 | Average Reward: -212.963 | Steps: 12528 | Total Reward: -20231.45161212938|
| Episode:  96 | Epsilon:  0.11 | Reward: -521.4818758812479 | Average Reward: -216.176 | Steps: 12620 | Total Reward: -20752.93348801063|
| Episode:  97 | Epsilon:  0.11 | Reward: -295.6299346121544 | Average Reward: -216.995 | Steps: 12794 | Total Reward: -21048.563422622785|
| Episode:  98 | Epsilon:  0.11 | Reward: -136.46008196986685 | Average Reward: -216.174 | Steps: 12916 | Total Reward: -21185.02350459265|
| Episode:  99 | Epsilon:  0.11 | Reward: -341.87004711679594 | Average Reward: -217.443 | Steps: 13050 | Total Reward: -21526.89355170945|
| Episode: 100 | Epsilon:  0.11 | Reward: -251.8187123608123 | Average Reward: -217.787 | Steps: 13178 | Total Reward: -21778.712264070262|
| Episode: 101 | Epsilon:  0.11 | Reward: -266.09375524581185 | Average Reward: -216.738 | Steps: 13321 | Total Reward: -22044.806019316096|
| Episode: 102 | Epsilon:  0.11 | Reward: -339.5014733830735 | Average Reward: -219.031 | Steps: 13450 | Total Reward: -22384.30749269917|
| Episode: 103 | Epsilon:  0.10 | Reward: -257.58221173559605 | Average Reward: -220.313 | Steps: 13610 | Total Reward: -22641.889704434758|
| Episode: 104 | Epsilon:  0.10 | Reward: -314.11167830116517 | Average Reward: -222.674 | Steps: 13757 | Total Reward: -22956.00138273592|
| Episode: 105 | Epsilon:  0.10 | Reward: -54.49836855970646 | Average Reward: -221.610 | Steps: 13896 | Total Reward: -23010.49975129563|
| Episode: 106 | Epsilon:  0.10 | Reward: -170.46324454292375 | Average Reward: -222.502 | Steps: 14029 | Total Reward: -23180.962995838563|
| Episode: 107 | Epsilon:  0.10 | Reward: -372.3694907774877 | Average Reward: -225.299 | Steps: 14175 | Total Reward: -23553.33248661604|
| Episode: 108 | Epsilon:  0.10 | Reward: -499.7511062527595 | Average Reward: -228.981 | Steps: 14282 | Total Reward: -24053.083592868807|
| Episode: 109 | Epsilon:  0.10 | Reward: -33.08524695008761 | Average Reward: -228.491 | Steps: 14388 | Total Reward: -24086.16883981891|
| Episode: 110 | Epsilon:  0.10 | Reward: -75.12897942703329 | Average Reward: -227.923 | Steps: 14486 | Total Reward: -24161.29781924594|
| Episode: 111 | Epsilon:  0.10 | Reward: -446.066521071908 | Average Reward: -231.320 | Steps: 14652 | Total Reward: -24607.364340317847|
| Episode: 112 | Epsilon:  0.10 | Reward: -209.8792126331351 | Average Reward: -230.325 | Steps: 14834 | Total Reward: -24817.243552950964|
| Episode: 113 | Epsilon:  0.10 | Reward: -339.42029830038416 | Average Reward: -231.151 | Steps: 14990 | Total Reward: -25156.663851251345|
| Episode: 114 | Epsilon:  0.10 | Reward: -337.3807346692955 | Average Reward: -230.906 | Steps: 15156 | Total Reward: -25494.04458592065|
| Episode: 115 | Epsilon:  0.10 | Reward: -408.2998297748925 | Average Reward: -233.636 | Steps: 15302 | Total Reward: -25902.344415695534|
| Episode: 116 | Epsilon:  0.10 | Reward: -162.4577668292481 | Average Reward: -233.268 | Steps: 15450 | Total Reward: -26064.80218252479|
| Episode: 117 | Epsilon:  0.10 | Reward: -294.58397165620016 | Average Reward: -233.650 | Steps: 15600 | Total Reward: -26359.386154180975|
| Episode: 118 | Epsilon:  0.10 | Reward: -228.4048834928709 | Average Reward: -233.408 | Steps: 15736 | Total Reward: -26587.791037673844|
| Episode: 119 | Epsilon:  0.10 | Reward: -106.14903501191083 | Average Reward: -233.461 | Steps: 15868 | Total Reward: -26693.940072685742|
| Episode: 120 | Epsilon:  0.10 | Reward: -354.7136798091806 | Average Reward: -236.106 | Steps: 16042 | Total Reward: -27048.653752494913|
| Episode: 121 | Epsilon:  0.10 | Reward: -85.94470713815424 | Average Reward: -235.603 | Steps: 16218 | Total Reward: -27134.598459633045|
| Episode: 122 | Epsilon:  0.10 | Reward: -105.57817214025988 | Average Reward: -235.158 | Steps: 16354 | Total Reward: -27240.176631773305|
| Episode: 123 | Epsilon:  0.10 | Reward: -296.83574500053027 | Average Reward: -237.111 | Steps: 16488 | Total Reward: -27537.012376773822|
| Episode: 124 | Epsilon:  0.10 | Reward: -402.56599215100744 | Average Reward: -240.152 | Steps: 16604 | Total Reward: -27939.57836892484|
| Episode: 125 | Epsilon:  0.10 | Reward: -423.495666272897 | Average Reward: -241.068 | Steps: 16796 | Total Reward: -28363.074035197733|
| Episode: 126 | Epsilon:  0.10 | Reward: -39.325453504235846 | Average Reward: -234.256 | Steps: 16904 | Total Reward: -28402.399488701958|
| Episode: 127 | Epsilon:  0.10 | Reward: -261.09744595789675 | Average Reward: -231.704 | Steps: 17123 | Total Reward: -28663.496934659845|
| Episode: 128 | Epsilon:  0.10 | Reward: -146.76449557224515 | Average Reward: -227.368 | Steps: 17297 | Total Reward: -28810.261430232105|
| Episode: 129 | Epsilon:  0.10 | Reward: -382.15920352739056 | Average Reward: -228.996 | Steps: 17525 | Total Reward: -29192.420633759495|
| Episode: 130 | Epsilon:  0.10 | Reward: -223.11631232780832 | Average Reward: -229.490 | Steps: 17641 | Total Reward: -29415.536946087293|
| Episode: 131 | Epsilon:  0.10 | Reward: -66.7547922493309 | Average Reward: -227.723 | Steps: 17752 | Total Reward: -29482.29173833663|
| Episode: 132 | Epsilon:  0.10 | Reward: -241.90926983893024 | Average Reward: -230.467 | Steps: 17927 | Total Reward: -29724.201008175565|
| Episode: 133 | Epsilon:  0.10 | Reward: -90.0122299952535 | Average Reward: -229.039 | Steps: 18114 | Total Reward: -29814.21323817081|
| Episode: 134 | Epsilon:  0.10 | Reward: -196.7462234706117 | Average Reward: -228.914 | Steps: 18249 | Total Reward: -30010.95946164141|
| Episode: 135 | Epsilon:  0.10 | Reward: -232.06086366857423 | Average Reward: -229.183 | Steps: 18414 | Total Reward: -30243.020325309983|
| Episode: 136 | Epsilon:  0.10 | Reward: -231.380941420929 | Average Reward: -229.987 | Steps: 18552 | Total Reward: -30474.401266730914|
| Episode: 137 | Epsilon:  0.10 | Reward: -428.6241638092424 | Average Reward: -234.171 | Steps: 18711 | Total Reward: -30903.025430540158|
| Episode: 138 | Epsilon:  0.10 | Reward: -177.8148694955272 | Average Reward: -235.029 | Steps: 18840 | Total Reward: -31080.840300035678|
| Episode: 139 | Epsilon:  0.10 | Reward: -243.24186933581456 | Average Reward: -235.825 | Steps: 18956 | Total Reward: -31324.08216937149|
| Episode: 140 | Epsilon:  0.10 | Reward: -291.2336165294837 | Average Reward: -235.888 | Steps: 19087 | Total Reward: -31615.31578590098|
| Episode: 141 | Epsilon:  0.10 | Reward: -307.1869443582717 | Average Reward: -235.864 | Steps: 19268 | Total Reward: -31922.50273025925|
| Episode: 142 | Epsilon:  0.10 | Reward: -274.0543080534225 | Average Reward: -237.841 | Steps: 19421 | Total Reward: -32196.55703831268|
| Episode: 143 | Epsilon:  0.10 | Reward: -320.84855648966527 | Average Reward: -238.543 | Steps: 19538 | Total Reward: -32517.405594802352|
| Episode: 144 | Epsilon:  0.10 | Reward: -130.1402548084046 | Average Reward: -233.786 | Steps: 19690 | Total Reward: -32647.545849610753|
| Episode: 145 | Epsilon:  0.10 | Reward: -261.7489390817513 | Average Reward: -234.478 | Steps: 19808 | Total Reward: -32909.29478869251|
| Episode: 146 | Epsilon:  0.10 | Reward: -304.6448088891833 | Average Reward: -236.462 | Steps: 19905 | Total Reward: -33213.93959758169|
| Episode: 147 | Epsilon:  0.10 | Reward: -29.17496377488618 | Average Reward: -235.745 | Steps: 20110 | Total Reward: -33243.1145613566|
| Episode: 148 | Epsilon:  0.10 | Reward: -253.0069459817613 | Average Reward: -236.136 | Steps: 20230 | Total Reward: -33496.12150733838|
| Episode: 149 | Epsilon:  0.10 | Reward: -170.06298859615026 | Average Reward: -237.310 | Steps: 20368 | Total Reward: -33666.18449593457|
| Episode: 150 | Epsilon:  0.10 | Reward: -144.39734135302666 | Average Reward: -238.386 | Steps: 20512 | Total Reward: -33810.581837287624|
| Episode: 151 | Epsilon:  0.10 | Reward: -66.16162830561188 | Average Reward: -237.955 | Steps: 20641 | Total Reward: -33876.743465593216|
| Episode: 152 | Epsilon:  0.10 | Reward: -152.66917445703817 | Average Reward: -236.554 | Steps: 20812 | Total Reward: -34029.41264005021|
| Episode: 153 | Epsilon:  0.10 | Reward: -115.8483839679215 | Average Reward: -236.004 | Steps: 20928 | Total Reward: -34145.2610240181|
| Episode: 154 | Epsilon:  0.10 | Reward: -211.62426605246546 | Average Reward: -235.726 | Steps: 21038 | Total Reward: -34356.885290070575|
| Episode: 155 | Epsilon:  0.10 | Reward: -26.774908873325415 | Average Reward: -234.750 | Steps: 21194 | Total Reward: -34383.66019894396|
| Episode: 156 | Epsilon:  0.10 | Reward: -218.4754065257215 | Average Reward: -233.052 | Steps: 21334 | Total Reward: -34602.135605469644|
| Episode: 157 | Epsilon:  0.10 | Reward: -88.87529443219495 | Average Reward: -231.204 | Steps: 21519 | Total Reward: -34691.010899901834|
| Episode: 158 | Epsilon:  0.10 | Reward: -141.44499788698263 | Average Reward: -230.180 | Steps: 21639 | Total Reward: -34832.45589778885|
| Episode: 159 | Epsilon:  0.10 | Reward: -307.9670755600423 | Average Reward: -231.770 | Steps: 21780 | Total Reward: -35140.42297334888|
| Episode: 160 | Epsilon:  0.10 | Reward: -170.43233296173923 | Average Reward: -233.605 | Steps: 21958 | Total Reward: -35310.8553063106|
| Episode: 161 | Epsilon:  0.10 | Reward: -78.83093817918527 | Average Reward: -229.418 | Steps: 22156 | Total Reward: -35389.68624448979|
| Episode: 162 | Epsilon:  0.10 | Reward: -327.4377105468127 | Average Reward: -226.367 | Steps: 22275 | Total Reward: -35717.123955036666|
| Episode: 163 | Epsilon:  0.10 | Reward: -303.5592117711325 | Average Reward: -226.849 | Steps: 22364 | Total Reward: -36020.68316680782|
| Episode: 164 | Epsilon:  0.10 | Reward: -393.84946591322637 | Average Reward: -227.952 | Steps: 22522 | Total Reward: -36414.53263272102|
| Episode: 165 | Epsilon:  0.10 | Reward: -355.569087914102 | Average Reward: -227.812 | Steps: 22735 | Total Reward: -36770.1017206351|
| Episode: 166 | Epsilon:  0.10 | Reward: -145.39839321519503 | Average Reward: -228.591 | Steps: 22908 | Total Reward: -36915.50011385028|
| Episode: 167 | Epsilon:  0.10 | Reward: -176.415833763416 | Average Reward: -228.881 | Steps: 23065 | Total Reward: -37091.91594761372|
| Episode: 168 | Epsilon:  0.10 | Reward: -259.3346768026303 | Average Reward: -230.661 | Steps: 23195 | Total Reward: -37351.250624416345|
| Episode: 169 | Epsilon:  0.10 | Reward: -181.24308258398108 | Average Reward: -232.495 | Steps: 23360 | Total Reward: -37532.49370700029|
| Episode: 170 | Epsilon:  0.10 | Reward: -91.96706085691612 | Average Reward: -230.494 | Steps: 23478 | Total Reward: -37624.46076785722|
| Episode: 171 | Epsilon:  0.10 | Reward: -210.41597713448428 | Average Reward: -231.960 | Steps: 23621 | Total Reward: -37834.8767449917|
| Episode: 172 | Epsilon:  0.10 | Reward: -54.8665717273474 | Average Reward: -230.452 | Steps: 23799 | Total Reward: -37889.743316718974|
| Episode: 173 | Epsilon:  0.10 | Reward: -104.88647782057483 | Average Reward: -230.216 | Steps: 23965 | Total Reward: -37994.629794539505|
| Episode: 174 | Epsilon:  0.10 | Reward: -208.126580741772 | Average Reward: -229.896 | Steps: 24161 | Total Reward: -38202.75637528133|
| Episode: 175 | Epsilon:  0.10 | Reward: -84.73932728526917 | Average Reward: -229.318 | Steps: 24334 | Total Reward: -38287.49570256667|
| Episode: 176 | Epsilon:  0.10 | Reward: -89.87423406844525 | Average Reward: -228.383 | Steps: 24512 | Total Reward: -38377.369936635136|
| Episode: 177 | Epsilon:  0.10 | Reward: -94.89326545097529 | Average Reward: -227.069 | Steps: 24626 | Total Reward: -38472.26320208611|
| Episode: 178 | Epsilon:  0.10 | Reward: -159.5683719141315 | Average Reward: -228.085 | Steps: 24808 | Total Reward: -38631.83157400026|
| Episode: 179 | Epsilon:  0.10 | Reward: -207.8807802744975 | Average Reward: -229.609 | Steps: 24969 | Total Reward: -38839.71235427474|
| Episode: 180 | Epsilon:  0.10 | Reward: -372.0829467656912 | Average Reward: -231.612 | Steps: 25153 | Total Reward: -39211.79530104041|
| Episode: 181 | Epsilon:  0.10 | Reward: -207.7925748551841 | Average Reward: -231.046 | Steps: 25286 | Total Reward: -39419.587875895566|
| Episode: 182 | Epsilon:  0.10 | Reward: -188.2306758987566 | Average Reward: -230.109 | Steps: 25426 | Total Reward: -39607.818551794386|
| Episode: 183 | Epsilon:  0.10 | Reward: -253.23966659576715 | Average Reward: -231.607 | Steps: 25556 | Total Reward: -39861.05821839012|
| Episode: 184 | Epsilon:  0.10 | Reward: 28.794497040904105 | Average Reward: -228.731 | Steps: 25756 | Total Reward: -39832.26372134918|
| Episode: 185 | Epsilon:  0.10 | Reward: -241.68100950075348 | Average Reward: -226.782 | Steps: 25902 | Total Reward: -40073.94473084996|
| Episode: 186 | Epsilon:  0.10 | Reward: -74.35071594235642 | Average Reward: -224.930 | Steps: 26080 | Total Reward: -40148.295446792334|
| Episode: 187 | Epsilon:  0.10 | Reward: -138.90427690100447 | Average Reward: -221.867 | Steps: 26212 | Total Reward: -40287.19972369334|
| Episode: 188 | Epsilon:  0.10 | Reward: -159.13977842933375 | Average Reward: -221.820 | Steps: 26333 | Total Reward: -40446.3395021227|
| Episode: 189 | Epsilon:  0.10 | Reward: -57.35311425392436 | Average Reward: -218.057 | Steps: 26510 | Total Reward: -40503.69261637663|
| Episode: 190 | Epsilon:  0.10 | Reward: -101.44973854210382 | Average Reward: -217.206 | Steps: 26702 | Total Reward: -40605.14235491877|
| Episode: 191 | Epsilon:  0.10 | Reward: -150.06542314871672 | Average Reward: -213.558 | Steps: 26842 | Total Reward: -40755.207778067495|
| Episode: 192 | Epsilon:  0.10 | Reward: -415.83992768968324 | Average Reward: -213.309 | Steps: 27018 | Total Reward: -41171.047705757184|
| Episode: 193 | Epsilon:  0.10 | Reward: -160.7019779803419 | Average Reward: -213.579 | Steps: 27187 | Total Reward: -41331.74968373747|
| Episode: 194 | Epsilon:  0.10 | Reward: -227.63209793671146 | Average Reward: -214.172 | Steps: 27403 | Total Reward: -41559.38178167417|
| Episode: 195 | Epsilon:  0.10 | Reward: -109.41558679285937 | Average Reward: -214.373 | Steps: 27558 | Total Reward: -41668.79736846701|
| Episode: 196 | Epsilon:  0.10 | Reward: -657.8603270840441 | Average Reward: -215.737 | Steps: 27735 | Total Reward: -42326.65769555105|
| Episode: 197 | Epsilon:  0.10 | Reward: -159.15251358199805 | Average Reward: -214.372 | Steps: 27947 | Total Reward: -42485.810209133015|
| Episode: 198 | Epsilon:  0.10 | Reward: -364.88622601607705 | Average Reward: -216.657 | Steps: 28095 | Total Reward: -42850.69643514908|
| Episode: 199 | Epsilon:  0.10 | Reward: -192.3309483651276 | Average Reward: -215.161 | Steps: 28243 | Total Reward: -43043.02738351419|
| Episode: 200 | Epsilon:  0.10 | Reward: -161.9800000146838 | Average Reward: -214.263 | Steps: 28422 | Total Reward: -43205.007383528864|
| Episode: 201 | Epsilon:  0.10 | Reward: -49.28376342890863 | Average Reward: -212.095 | Steps: 28599 | Total Reward: -43254.291146957796|
| Episode: 202 | Epsilon:  0.10 | Reward: -172.86150585870814 | Average Reward: -210.428 | Steps: 28813 | Total Reward: -43427.152652816505|
| Episode: 203 | Epsilon:  0.10 | Reward: -506.5377910919408 | Average Reward: -212.918 | Steps: 29010 | Total Reward: -43933.69044390849|
| Episode: 204 | Epsilon:  0.10 | Reward: -129.0943154636393 | Average Reward: -211.068 | Steps: 29185 | Total Reward: -44062.78475937213|
| Episode: 205 | Epsilon:  0.10 | Reward: -197.42831733308364 | Average Reward: -212.497 | Steps: 29314 | Total Reward: -44260.213076705186|
| Episode: 206 | Epsilon:  0.10 | Reward: -211.73637633484034 | Average Reward: -212.910 | Steps: 29457 | Total Reward: -44471.949453040004|
| Episode: 207 | Epsilon:  0.10 | Reward: -299.6476062906895 | Average Reward: -212.183 | Steps: 29611 | Total Reward: -44771.597059330685|
| Episode: 208 | Epsilon:  0.10 | Reward: -264.1955088304063 | Average Reward: -209.827 | Steps: 29770 | Total Reward: -45035.79256816108|
| Episode: 209 | Epsilon:  0.10 | Reward: 12.321784258569963 | Average Reward: -209.373 | Steps: 29929 | Total Reward: -45023.470783902514|
| Episode: 210 | Epsilon:  0.10 | Reward: -270.1078039006801 | Average Reward: -211.323 | Steps: 30091 | Total Reward: -45293.578587803175|
| Episode: 211 | Epsilon:  0.10 | Reward: -266.98780938726577 | Average Reward: -209.532 | Steps: 30251 | Total Reward: -45560.56639719042|
| Episode: 212 | Epsilon:  0.10 | Reward: -23.131472612982463 | Average Reward: -207.665 | Steps: 30447 | Total Reward: -45583.697869803334|
| Episode: 213 | Epsilon:  0.10 | Reward: -111.0157931288999 | Average Reward: -205.380 | Steps: 30624 | Total Reward: -45694.71366293225|
| Episode: 214 | Epsilon:  0.10 | Reward: -240.02036053350517 | Average Reward: -204.407 | Steps: 30800 | Total Reward: -45934.73402346573|
| Episode: 215 | Epsilon:  0.10 | Reward: -256.37263001227484 | Average Reward: -202.888 | Steps: 30913 | Total Reward: -46191.10665347803|
| Episode: 216 | Epsilon:  0.10 | Reward: -199.44002113905145 | Average Reward: -203.257 | Steps: 31062 | Total Reward: -46390.546674617064|
| Episode: 217 | Epsilon:  0.10 | Reward: -222.6005666310146 | Average Reward: -202.538 | Steps: 31241 | Total Reward: -46613.147241248116|
| Episode: 218 | Epsilon:  0.10 | Reward: -280.5784535746672 | Average Reward: -203.059 | Steps: 31418 | Total Reward: -46893.725694822795|
| Episode: 219 | Epsilon:  0.10 | Reward: -241.48249220884557 | Average Reward: -204.413 | Steps: 31587 | Total Reward: -47135.208187031654|
| Episode: 220 | Epsilon:  0.10 | Reward: -74.22831535320546 | Average Reward: -201.608 | Steps: 31753 | Total Reward: -47209.4365023849|
| Episode: 221 | Epsilon:  0.10 | Reward: -169.48319194289104 | Average Reward: -202.443 | Steps: 31887 | Total Reward: -47378.91969432779|
| Episode: 222 | Epsilon:  0.10 | Reward: -133.60719370159816 | Average Reward: -202.724 | Steps: 32051 | Total Reward: -47512.52688802936|
| Episode: 223 | Epsilon:  0.10 | Reward: -28.00146071755114 | Average Reward: -200.035 | Steps: 32191 | Total Reward: -47540.52834874691|
| Episode: 224 | Epsilon:  0.10 | Reward: -191.53893488632139 | Average Reward: -197.925 | Steps: 32344 | Total Reward: -47732.06728363327|
| Episode: 225 | Epsilon:  0.10 | Reward: -212.13247200288941 | Average Reward: -195.811 | Steps: 32458 | Total Reward: -47944.19975563613|
| Episode: 226 | Epsilon:  0.10 | Reward: -260.05001019767246 | Average Reward: -198.019 | Steps: 32642 | Total Reward: -48204.24976583378|
| Episode: 227 | Epsilon:  0.10 | Reward: -211.16710088873526 | Average Reward: -197.519 | Steps: 32805 | Total Reward: -48415.41686672247|
| Episode: 228 | Epsilon:  0.10 | Reward: -93.33806971914177 | Average Reward: -196.985 | Steps: 32927 | Total Reward: -48508.754936441575|
| Episode: 229 | Epsilon:  0.10 | Reward: -98.87494802535359 | Average Reward: -194.152 | Steps: 33092 | Total Reward: -48607.629884466915|
| Episode: 230 | Epsilon:  0.10 | Reward: -94.13311532443784 | Average Reward: -192.862 | Steps: 33222 | Total Reward: -48701.76299979135|
| Episode: 231 | Epsilon:  0.10 | Reward: -39.448306479102385 | Average Reward: -192.589 | Steps: 33345 | Total Reward: -48741.21130627045|
| Episode: 232 | Epsilon:  0.10 | Reward: -107.62849271438758 | Average Reward: -191.246 | Steps: 33535 | Total Reward: -48848.83979898484|
| Episode: 233 | Epsilon:  0.10 | Reward: -253.67313109567343 | Average Reward: -192.883 | Steps: 33729 | Total Reward: -49102.512930080484|
| Episode: 234 | Epsilon:  0.10 | Reward: -69.02659940237766 | Average Reward: -191.606 | Steps: 33891 | Total Reward: -49171.5395294829|
| Episode: 235 | Epsilon:  0.10 | Reward: -311.2972952106958 | Average Reward: -192.398 | Steps: 34008 | Total Reward: -49482.836824693586|
| Episode: 236 | Epsilon:  0.10 | Reward: -172.16279817983298 | Average Reward: -191.806 | Steps: 34154 | Total Reward: -49654.99962287341|
| Episode: 237 | Epsilon:  0.10 | Reward: -132.04484744985288 | Average Reward: -188.840 | Steps: 34315 | Total Reward: -49787.04447032321|
| Episode: 238 | Epsilon:  0.10 | Reward: -44.744021491129445 | Average Reward: -187.509 | Steps: 34468 | Total Reward: -49831.78849181437|
| Episode: 239 | Epsilon:  0.10 | Reward: -255.0210790144626 | Average Reward: -187.627 | Steps: 34628 | Total Reward: -50086.8095708288|
| Episode: 240 | Epsilon:  0.10 | Reward: -107.30070348080169 | Average Reward: -185.788 | Steps: 34850 | Total Reward: -50194.11027430963|
| Episode: 241 | Epsilon:  0.10 | Reward: -58.826435011931196 | Average Reward: -183.304 | Steps: 34981 | Total Reward: -50252.93670932154|
| Episode: 242 | Epsilon:  0.10 | Reward: -67.87966157110304 | Average Reward: -181.243 | Steps: 35164 | Total Reward: -50320.816370892644|
| Episode: 243 | Epsilon:  0.10 | Reward: -394.6746399457017 | Average Reward: -181.981 | Steps: 35418 | Total Reward: -50715.49101083836|
| Episode: 244 | Epsilon:  0.10 | Reward: -65.81812469936997 | Average Reward: -181.338 | Steps: 35593 | Total Reward: -50781.30913553775|
| Episode: 245 | Epsilon:  0.10 | Reward: -241.89764488409816 | Average Reward: -181.139 | Steps: 35795 | Total Reward: -51023.20678042192|
| Episode: 246 | Epsilon:  0.10 | Reward: -366.6291873535784 | Average Reward: -181.759 | Steps: 35990 | Total Reward: -51389.835967775485|
| Episode: 247 | Epsilon:  0.10 | Reward: -121.83276338661744 | Average Reward: -182.686 | Steps: 36161 | Total Reward: -51511.668731162106|
| Episode: 248 | Epsilon:  0.10 | Reward: -236.91319810507315 | Average Reward: -182.525 | Steps: 36350 | Total Reward: -51748.5819292672|
| Episode: 249 | Epsilon:  0.10 | Reward: -228.72943384022355 | Average Reward: -183.111 | Steps: 36505 | Total Reward: -51977.31136310739|
| Episode: 250 | Epsilon:  0.10 | Reward: -268.7289294834844 | Average Reward: -184.355 | Steps: 36698 | Total Reward: -52246.040292590864|
| Episode: 251 | Epsilon:  0.10 | Reward: -229.85646246750903 | Average Reward: -185.992 | Steps: 36836 | Total Reward: -52475.896755058384|
| Episode: 252 | Epsilon:  0.10 | Reward: -170.34106986913065 | Average Reward: -186.168 | Steps: 36999 | Total Reward: -52646.23782492753|
| Episode: 253 | Epsilon:  0.10 | Reward: -241.68621368120387 | Average Reward: -187.427 | Steps: 37205 | Total Reward: -52887.92403860873|
| Episode: 254 | Epsilon:  0.10 | Reward: -215.86000817445282 | Average Reward: -187.469 | Steps: 37373 | Total Reward: -53103.7840467832|
| Episode: 255 | Epsilon:  0.10 | Reward: -309.7179725592596 | Average Reward: -190.298 | Steps: 37547 | Total Reward: -53413.502019342486|
| Episode: 256 | Epsilon:  0.10 | Reward: -54.06467394132008 | Average Reward: -188.654 | Steps: 37724 | Total Reward: -53467.56669328381|
| Episode: 257 | Epsilon:  0.10 | Reward: -76.32727570759289 | Average Reward: -188.529 | Steps: 37904 | Total Reward: -53543.89396899138|
| Episode: 258 | Epsilon:  0.10 | Reward: -108.3236047339831 | Average Reward: -188.198 | Steps: 38016 | Total Reward: -53652.217573725335|
| Episode: 259 | Epsilon:  0.10 | Reward: -258.7303209846238 | Average Reward: -187.705 | Steps: 38236 | Total Reward: -53910.94789470994|
| Episode: 260 | Epsilon:  0.10 | Reward: -219.0510702739037 | Average Reward: -188.191 | Steps: 38452 | Total Reward: -54129.99896498383|
| Episode: 261 | Epsilon:  0.10 | Reward: -97.53125462372995 | Average Reward: -188.378 | Steps: 38630 | Total Reward: -54227.530219607565|
| Episode: 262 | Epsilon:  0.10 | Reward: -209.1347471828802 | Average Reward: -187.195 | Steps: 38831 | Total Reward: -54436.66496679043|
| Episode: 263 | Epsilon:  0.10 | Reward: -93.38288344172254 | Average Reward: -185.094 | Steps: 38975 | Total Reward: -54530.047850232164|
| Episode: 264 | Epsilon:  0.10 | Reward: -271.6809521964115 | Average Reward: -183.872 | Steps: 39085 | Total Reward: -54801.72880242859|
| Episode: 265 | Epsilon:  0.10 | Reward: -77.02846380310152 | Average Reward: -181.087 | Steps: 39219 | Total Reward: -54878.75726623166|
| Episode: 266 | Epsilon:  0.10 | Reward: -173.4036087780456 | Average Reward: -181.367 | Steps: 39370 | Total Reward: -55052.16087500971|
| Episode: 267 | Epsilon:  0.10 | Reward: -268.54461574833385 | Average Reward: -182.288 | Steps: 39530 | Total Reward: -55320.705490757995|
| Episode: 268 | Epsilon:  0.10 | Reward: -120.45793527799712 | Average Reward: -180.899 | Steps: 39716 | Total Reward: -55441.16342603599|
| Episode: 269 | Epsilon:  0.10 | Reward: -324.0843653613385 | Average Reward: -182.328 | Steps: 39892 | Total Reward: -55765.247791397305|
| Episode: 270 | Epsilon:  0.10 | Reward: 25.11484079298083 | Average Reward: -181.157 | Steps: 40021 | Total Reward: -55740.13295060435|
| Episode: 271 | Epsilon:  0.10 | Reward: -145.8444814493895 | Average Reward: -180.511 | Steps: 40173 | Total Reward: -55885.977432053725|
| Episode: 272 | Epsilon:  0.10 | Reward: -54.76720212640818 | Average Reward: -180.510 | Steps: 40329 | Total Reward: -55940.744634180075|
| Episode: 273 | Epsilon:  0.10 | Reward: -176.86378726646365 | Average Reward: -181.230 | Steps: 40486 | Total Reward: -56117.60842144654|
| Episode: 274 | Epsilon:  0.10 | Reward: -195.52190446477977 | Average Reward: -181.104 | Steps: 40602 | Total Reward: -56313.130325911334|
| Episode: 275 | Epsilon:  0.10 | Reward: -107.90781003586233 | Average Reward: -181.335 | Steps: 40711 | Total Reward: -56421.03813594719|
| Episode: 276 | Epsilon:  0.10 | Reward: -179.61820210736636 | Average Reward: -182.233 | Steps: 40890 | Total Reward: -56600.656338054534|
| Episode: 277 | Epsilon:  0.10 | Reward: -119.42534406044066 | Average Reward: -182.478 | Steps: 41080 | Total Reward: -56720.081682114964|
| Episode: 278 | Epsilon:  0.10 | Reward: -77.2420113391951 | Average Reward: -181.655 | Steps: 41313 | Total Reward: -56797.32369345415|
| Episode: 279 | Epsilon:  0.10 | Reward: -292.7246279422137 | Average Reward: -182.503 | Steps: 41491 | Total Reward: -57090.048321396345|
| Episode: 280 | Epsilon:  0.10 | Reward: -284.7701790757769 | Average Reward: -181.630 | Steps: 41632 | Total Reward: -57374.8185004721|
| Episode: 281 | Epsilon:  0.10 | Reward: -55.446258088565976 | Average Reward: -180.107 | Steps: 41805 | Total Reward: -57430.26475856063|
| Episode: 282 | Epsilon:  0.10 | Reward: -121.65016404797515 | Average Reward: -179.441 | Steps: 41962 | Total Reward: -57551.91492260863|
| Episode: 283 | Epsilon:  0.10 | Reward: -206.7104074146264 | Average Reward: -178.976 | Steps: 42129 | Total Reward: -57758.62533002328|
| Episode: 284 | Epsilon:  0.10 | Reward: -315.3662967624418 | Average Reward: -182.417 | Steps: 42305 | Total Reward: -58073.991626785704|
| Episode: 285 | Epsilon:  0.10 | Reward: -493.581927861118 | Average Reward: -184.936 | Steps: 42561 | Total Reward: -58567.57355464681|
| Episode: 286 | Epsilon:  0.10 | Reward: -182.73099996674208 | Average Reward: -186.020 | Steps: 42754 | Total Reward: -58750.30455461354|
| Episode: 287 | Epsilon:  0.10 | Reward: -226.64007746652163 | Average Reward: -186.897 | Steps: 42901 | Total Reward: -58976.94463208006|
| Episode: 288 | Epsilon:  0.10 | Reward: -259.43914441650287 | Average Reward: -187.900 | Steps: 43108 | Total Reward: -59236.383776496536|
| Episode: 289 | Epsilon:  0.10 | Reward: -68.43238340938146 | Average Reward: -188.011 | Steps: 43274 | Total Reward: -59304.81615990588|
| Episode: 290 | Epsilon:  0.10 | Reward: 8.390677661349287 | Average Reward: -186.913 | Steps: 43455 | Total Reward: -59296.42548224448|
| Episode: 291 | Epsilon:  0.10 | Reward: -81.46935018938879 | Average Reward: -186.227 | Steps: 43548 | Total Reward: -59377.894832433885|
| Episode: 292 | Epsilon:  0.10 | Reward: -207.35430994636613 | Average Reward: -184.142 | Steps: 43741 | Total Reward: -59585.249142380264|
| Episode: 293 | Epsilon:  0.10 | Reward: -81.20678473765348 | Average Reward: -183.347 | Steps: 43914 | Total Reward: -59666.455927117924|
| Episode: 294 | Epsilon:  0.10 | Reward: -300.768746534569 | Average Reward: -184.078 | Steps: 44064 | Total Reward: -59967.22467365249|
| Episode: 295 | Epsilon:  0.10 | Reward: -301.42254236419683 | Average Reward: -185.998 | Steps: 44250 | Total Reward: -60268.64721601668|
| Episode: 296 | Epsilon:  0.10 | Reward: -213.40472239998326 | Average Reward: -181.554 | Steps: 44396 | Total Reward: -60482.05193841663|
| Episode: 297 | Epsilon:  0.10 | Reward: -265.2819004005222 | Average Reward: -182.615 | Steps: 44518 | Total Reward: -60747.33383881715|
| Episode: 298 | Epsilon:  0.10 | Reward: -233.8708009874295 | Average Reward: -181.305 | Steps: 44749 | Total Reward: -60981.20463980461|
| Episode: 299 | Epsilon:  0.10 | Reward: -202.21271562315673 | Average Reward: -181.404 | Steps: 44922 | Total Reward: -61183.41735542771|
| Episode: 300 | Epsilon:  0.10 | Reward: -189.96622347454183 | Average Reward: -181.684 | Steps: 45069 | Total Reward: -61373.383578902234|
| Episode: 301 | Epsilon:  0.10 | Reward: -206.2354142625473 | Average Reward: -183.253 | Steps: 45230 | Total Reward: -61579.618993164826|
| Episode: 302 | Epsilon:  0.10 | Reward: -200.1669976777527 | Average Reward: -183.526 | Steps: 45420 | Total Reward: -61779.785990842574|
| Episode: 303 | Epsilon:  0.10 | Reward: -271.19578530750465 | Average Reward: -181.173 | Steps: 45587 | Total Reward: -62050.98177615011|
| Episode: 304 | Epsilon:  0.10 | Reward: -250.3745682060216 | Average Reward: -182.386 | Steps: 45770 | Total Reward: -62301.35634435616|
| Episode: 305 | Epsilon:  0.10 | Reward: -216.19366146240816 | Average Reward: -182.573 | Steps: 45912 | Total Reward: -62517.550005818535|
| Episode: 306 | Epsilon:  0.10 | Reward: -5.324721901467569 | Average Reward: -180.509 | Steps: 46125 | Total Reward: -62522.874727719995|
| Episode: 307 | Epsilon:  0.10 | Reward: -101.52885115565262 | Average Reward: -178.528 | Steps: 46285 | Total Reward: -62624.40357887567|
| Episode: 308 | Epsilon:  0.10 | Reward: -112.4078454227245 | Average Reward: -177.010 | Steps: 46455 | Total Reward: -62736.81142429837|
| Episode: 309 | Epsilon:  0.10 | Reward: -322.4759860841891 | Average Reward: -180.358 | Steps: 46611 | Total Reward: -63059.287410382545|
| Episode: 310 | Epsilon:  0.10 | Reward: -68.02404477744821 | Average Reward: -178.337 | Steps: 46801 | Total Reward: -63127.31145516|
| Episode: 311 | Epsilon:  0.10 | Reward: -123.19189878874056 | Average Reward: -176.899 | Steps: 47019 | Total Reward: -63250.50335394878|
| Episode: 312 | Epsilon:  0.10 | Reward: -117.49757768655854 | Average Reward: -177.843 | Steps: 47226 | Total Reward: -63368.00093163536|
| Episode: 313 | Epsilon:  0.10 | Reward: -80.80050503710353 | Average Reward: -177.541 | Steps: 47412 | Total Reward: -63448.80143667247|
| Episode: 314 | Epsilon:  0.10 | Reward: -98.89528818096777 | Average Reward: -176.130 | Steps: 47584 | Total Reward: -63547.696724853406|
| Episode: 315 | Epsilon:  0.10 | Reward: -239.5496865017904 | Average Reward: -175.961 | Steps: 47885 | Total Reward: -63787.24641135511|
| Episode: 316 | Epsilon:  0.10 | Reward: 35.269553358501355 | Average Reward: -173.614 | Steps: 48067 | Total Reward: -63751.97685799659|
| Episode: 317 | Epsilon:  0.10 | Reward: -331.1774932594459 | Average Reward: -174.700 | Steps: 48250 | Total Reward: -64083.15435125603|
| Episode: 318 | Epsilon:  0.10 | Reward: -37.09930044817988 | Average Reward: -172.265 | Steps: 48437 | Total Reward: -64120.25365170422|
| Episode: 319 | Epsilon:  0.10 | Reward: -131.06556639831126 | Average Reward: -171.161 | Steps: 48673 | Total Reward: -64251.31921810256|
| Episode: 320 | Epsilon:  0.10 | Reward: -189.2215364838213 | Average Reward: -172.311 | Steps: 48862 | Total Reward: -64440.540754586356|
| Episode: 321 | Epsilon:  0.10 | Reward: -73.25557945988646 | Average Reward: -171.349 | Steps: 49084 | Total Reward: -64513.796334046245|
| Episode: 322 | Epsilon:  0.10 | Reward: -176.64466330972917 | Average Reward: -171.779 | Steps: 49241 | Total Reward: -64690.440997355996|
| Episode: 323 | Epsilon:  0.10 | Reward: -223.44180615417343 | Average Reward: -173.734 | Steps: 49425 | Total Reward: -64913.882803510176|
| Episode: 324 | Epsilon:  0.10 | Reward: -4.915805463774831 | Average Reward: -171.867 | Steps: 49585 | Total Reward: -64918.79860897396|
| Episode: 325 | Epsilon:  0.10 | Reward: -64.27712135247052 | Average Reward: -170.389 | Steps: 49792 | Total Reward: -64983.07573032646|
| Episode: 326 | Epsilon:  0.10 | Reward: -132.2018582020487 | Average Reward: -169.110 | Steps: 49954 | Total Reward: -65115.27758852851|
| Episode: 327 | Epsilon:  0.10 | Reward: -123.22074352683175 | Average Reward: -168.231 | Steps: 50148 | Total Reward: -65238.4983320553|
| Episode: 328 | Epsilon:  0.10 | Reward: -122.2375239209154 | Average Reward: -168.520 | Steps: 50326 | Total Reward: -65360.73585597623|
| Episode: 329 | Epsilon:  0.10 | Reward: -59.42548980112522 | Average Reward: -168.125 | Steps: 50516 | Total Reward: -65420.16134577735|
| Episode: 330 | Epsilon:  0.10 | Reward: -32.43998326675741 | Average Reward: -167.508 | Steps: 50720 | Total Reward: -65452.601329044075|
| Episode: 331 | Epsilon:  0.10 | Reward: -81.05637795757389 | Average Reward: -167.924 | Steps: 50912 | Total Reward: -65533.65770700166|
| Episode: 332 | Epsilon:  0.10 | Reward: -196.36830340838952 | Average Reward: -168.812 | Steps: 51061 | Total Reward: -65730.0260104101|
| Episode: 333 | Epsilon:  0.10 | Reward: -214.46100284798382 | Average Reward: -168.420 | Steps: 51279 | Total Reward: -65944.48701325816|
| Episode: 334 | Epsilon:  0.10 | Reward: -120.42016636737632 | Average Reward: -168.934 | Steps: 51508 | Total Reward: -66064.90717962554|
| Episode: 335 | Epsilon:  0.10 | Reward: -220.2569845845661 | Average Reward: -168.023 | Steps: 51644 | Total Reward: -66285.16416421007|
| Episode: 336 | Epsilon:  0.10 | Reward: -65.03793275434927 | Average Reward: -166.952 | Steps: 51833 | Total Reward: -66350.2020969644|
| Episode: 337 | Epsilon:  0.10 | Reward: -143.27941114605062 | Average Reward: -167.064 | Steps: 52064 | Total Reward: -66493.4815081104|
| Episode: 338 | Epsilon:  0.10 | Reward: -302.28851333173986 | Average Reward: -169.640 | Steps: 52225 | Total Reward: -66795.77002144213|
| Episode: 339 | Epsilon:  0.10 | Reward: -156.8807365574849 | Average Reward: -168.658 | Steps: 52379 | Total Reward: -66952.6507579996|
| Episode: 340 | Epsilon:  0.10 | Reward: -220.7226139048609 | Average Reward: -169.793 | Steps: 52541 | Total Reward: -67173.37337190445|
| Episode: 341 | Epsilon:  0.10 | Reward: -90.26061982235953 | Average Reward: -170.107 | Steps: 52723 | Total Reward: -67263.63399172678|
| Episode: 342 | Epsilon:  0.10 | Reward: -150.73308239656944 | Average Reward: -170.936 | Steps: 52870 | Total Reward: -67414.36707412332|
| Episode: 343 | Epsilon:  0.10 | Reward: -122.7396013966464 | Average Reward: -168.216 | Steps: 53106 | Total Reward: -67537.10667551981|
| Episode: 344 | Epsilon:  0.10 | Reward: 28.51268466279521 | Average Reward: -167.273 | Steps: 53278 | Total Reward: -67508.59399085697|
| Episode: 345 | Epsilon:  0.10 | Reward: -335.4928337932434 | Average Reward: -168.209 | Steps: 53486 | Total Reward: -67844.08682465018|
| Episode: 346 | Epsilon:  0.10 | Reward: -62.71263363496365 | Average Reward: -165.170 | Steps: 53718 | Total Reward: -67906.79945828524|
| Episode: 347 | Epsilon:  0.10 | Reward: -148.90094763470418 | Average Reward: -165.440 | Steps: 53885 | Total Reward: -68055.70040591994|
| Episode: 348 | Epsilon:  0.10 | Reward: -377.72754729876806 | Average Reward: -166.848 | Steps: 54101 | Total Reward: -68433.4279532186|
| Episode: 349 | Epsilon:  0.10 | Reward: -70.88037168196051 | Average Reward: -165.270 | Steps: 54291 | Total Reward: -68504.30832490048|
| Episode: 350 | Epsilon:  0.10 | Reward: -198.77142661370758 | Average Reward: -164.570 | Steps: 54525 | Total Reward: -68703.07975151423|
| Episode: 351 | Epsilon:  0.10 | Reward: -154.8574142375311 | Average Reward: -163.820 | Steps: 54687 | Total Reward: -68857.93716575175|
| Episode: 352 | Epsilon:  0.10 | Reward: -400.40817422140503 | Average Reward: -166.121 | Steps: 54863 | Total Reward: -69258.34533997317|
| Episode: 353 | Epsilon:  0.10 | Reward: -113.69354605223354 | Average Reward: -164.841 | Steps: 55045 | Total Reward: -69372.03888602542|
| Episode: 354 | Epsilon:  0.10 | Reward: -93.27260004254198 | Average Reward: -163.615 | Steps: 55208 | Total Reward: -69465.31148606807|
| Episode: 355 | Epsilon:  0.10 | Reward: -345.0131674845096 | Average Reward: -163.968 | Steps: 55363 | Total Reward: -69810.32465355257|
| Episode: 356 | Epsilon:  0.10 | Reward: -82.42479908531654 | Average Reward: -164.252 | Steps: 55635 | Total Reward: -69892.74945263796|
| Episode: 357 | Epsilon:  0.10 | Reward: -65.60233381411004 | Average Reward: -164.145 | Steps: 55814 | Total Reward: -69958.35178645207|
| Episode: 358 | Epsilon:  0.10 | Reward: -341.03728781091644 | Average Reward: -166.472 | Steps: 56032 | Total Reward: -70299.38907426306|
| Episode: 359 | Epsilon:  0.10 | Reward: -217.21240168392808 | Average Reward: -166.057 | Steps: 56199 | Total Reward: -70516.60147594707|
| Episode: 360 | Epsilon:  0.10 | Reward: -59.60038738764918 | Average Reward: -164.462 | Steps: 56331 | Total Reward: -70576.20186333476|
| Episode: 361 | Epsilon:  0.10 | Reward: -92.15899035289324 | Average Reward: -164.408 | Steps: 56590 | Total Reward: -70668.36085368757|
| Episode: 362 | Epsilon:  0.10 | Reward: -218.77986000533554 | Average Reward: -164.505 | Steps: 56805 | Total Reward: -70887.1407136929|
| Episode: 363 | Epsilon:  0.10 | Reward: -83.12570241884497 | Average Reward: -164.402 | Steps: 56978 | Total Reward: -70970.26641611176|
| Episode: 364 | Epsilon:  0.10 | Reward: -85.64049338379127 | Average Reward: -162.542 | Steps: 57152 | Total Reward: -71055.90690949552|
| Episode: 365 | Epsilon:  0.10 | Reward: -161.37561945826207 | Average Reward: -163.385 | Steps: 57327 | Total Reward: -71217.28252895366|
| Episode: 366 | Epsilon:  0.10 | Reward: -151.36811740699613 | Average Reward: -163.165 | Steps: 57543 | Total Reward: -71368.65064636065|
| Episode: 367 | Epsilon:  0.10 | Reward: -35.0798701975653 | Average Reward: -160.830 | Steps: 57714 | Total Reward: -71403.73051655816|
| Episode: 368 | Epsilon:  0.10 | Reward: -108.49960877784986 | Average Reward: -160.711 | Steps: 57887 | Total Reward: -71512.23012533599|
| Episode: 369 | Epsilon:  0.10 | Reward: -85.09564752186759 | Average Reward: -158.321 | Steps: 58070 | Total Reward: -71597.32577285789|
| Episode: 370 | Epsilon:  0.10 | Reward: -147.92774104591604 | Average Reward: -160.051 | Steps: 58412 | Total Reward: -71745.25351390368|
| Episode: 371 | Epsilon:  0.10 | Reward: -223.2038204333266 | Average Reward: -160.825 | Steps: 58630 | Total Reward: -71968.45733433714|
| Episode: 372 | Epsilon:  0.10 | Reward: -36.711362791015034 | Average Reward: -160.644 | Steps: 58792 | Total Reward: -72005.16869712822|
| Episode: 373 | Epsilon:  0.10 | Reward: -154.94267772900935 | Average Reward: -160.425 | Steps: 58901 | Total Reward: -72160.11137485722|
| Episode: 374 | Epsilon:  0.10 | Reward: -191.46838891778827 | Average Reward: -160.384 | Steps: 59056 | Total Reward: -72351.57976377498|
| Episode: 375 | Epsilon:  0.10 | Reward: -94.0874426735977 | Average Reward: -160.246 | Steps: 59256 | Total Reward: -72445.66720644853|
| Episode: 376 | Epsilon:  0.10 | Reward: -226.75625136250542 | Average Reward: -160.718 | Steps: 59400 | Total Reward: -72672.42345781106|
| Episode: 377 | Epsilon:  0.10 | Reward: -180.95664996897554 | Average Reward: -161.333 | Steps: 59544 | Total Reward: -72853.38010778009|
| Episode: 378 | Epsilon:  0.10 | Reward: -217.21860776826165 | Average Reward: -162.733 | Steps: 59758 | Total Reward: -73070.59871554835|
| Episode: 379 | Epsilon:  0.10 | Reward: -76.79380405722435 | Average Reward: -160.573 | Steps: 59934 | Total Reward: -73147.39251960562|
| Episode: 380 | Epsilon:  0.10 | Reward: -75.78539807457216 | Average Reward: -158.484 | Steps: 60119 | Total Reward: -73223.1779176801|
| Episode: 381 | Epsilon:  0.10 | Reward: -230.07453260928426 | Average Reward: -160.230 | Steps: 60348 | Total Reward: -73453.25245028928|
| Episode: 382 | Epsilon:  0.10 | Reward: -98.36196403091424 | Average Reward: -159.997 | Steps: 60527 | Total Reward: -73551.6144143202|
| Episode: 383 | Epsilon:  0.10 | Reward: -91.7841804808046 | Average Reward: -158.848 | Steps: 60690 | Total Reward: -73643.39859480098|
| Episode: 384 | Epsilon:  0.10 | Reward: -360.7787934822571 | Average Reward: -159.302 | Steps: 60909 | Total Reward: -74004.17738828318|
| Episode: 385 | Epsilon:  0.10 | Reward: -154.12026233950053 | Average Reward: -155.907 | Steps: 61070 | Total Reward: -74158.29765062273|
| Episode: 386 | Epsilon:  0.10 | Reward: -86.6710339357358 | Average Reward: -154.947 | Steps: 61304 | Total Reward: -74244.96868455841|
| Episode: 387 | Epsilon:  0.10 | Reward: -57.39799338843426 | Average Reward: -153.254 | Steps: 61507 | Total Reward: -74302.36667794682|
| Episode: 388 | Epsilon:  0.10 | Reward: -135.82020384060905 | Average Reward: -152.018 | Steps: 61672 | Total Reward: -74438.18688178745|
| Episode: 389 | Epsilon:  0.10 | Reward: -127.93434247478066 | Average Reward: -152.613 | Steps: 61881 | Total Reward: -74566.12122426218|
| Episode: 390 | Epsilon:  0.10 | Reward: -87.63511693710413 | Average Reward: -153.573 | Steps: 62111 | Total Reward: -74653.75634119938|
| Episode: 391 | Epsilon:  0.10 | Reward: -137.66962649305185 | Average Reward: -154.135 | Steps: 62238 | Total Reward: -74791.42596769244|
| Episode: 392 | Epsilon:  0.10 | Reward: -198.4675772632321 | Average Reward: -154.046 | Steps: 62413 | Total Reward: -74989.89354495575|
| Episode: 393 | Epsilon:  0.10 | Reward: -226.97871173209643 | Average Reward: -155.504 | Steps: 62637 | Total Reward: -75216.87225668781|
| Episode: 394 | Epsilon:  0.10 | Reward: -63.28486130056822 | Average Reward: -153.129 | Steps: 62806 | Total Reward: -75280.15711798845|
| Episode: 395 | Epsilon:  0.10 | Reward: -60.98323602366491 | Average Reward: -150.725 | Steps: 63000 | Total Reward: -75341.14035401211|
| Episode: 396 | Epsilon:  0.10 | Reward: -98.02902428250829 | Average Reward: -149.571 | Steps: 63177 | Total Reward: -75439.16937829462|
| Episode: 397 | Epsilon:  0.10 | Reward: -127.78145317324217 | Average Reward: -148.196 | Steps: 63358 | Total Reward: -75566.95083146787|
| Episode: 398 | Epsilon:  0.10 | Reward: -236.6596882902139 | Average Reward: -148.224 | Steps: 63607 | Total Reward: -75803.61051975812|
| Episode: 399 | Epsilon:  0.10 | Reward: -154.9664954154942 | Average Reward: -147.752 | Steps: 63809 | Total Reward: -75958.57701517365|
| Episode: 400 | Epsilon:  0.10 | Reward: -79.63166442481432 | Average Reward: -146.648 | Steps: 63976 | Total Reward: -76038.20867959847|
| Episode: 401 | Epsilon:  0.10 | Reward: 2.8994031870281844 | Average Reward: -144.557 | Steps: 64157 | Total Reward: -76035.30927641124|
| Episode: 402 | Epsilon:  0.10 | Reward: -71.6373871040096 | Average Reward: -143.272 | Steps: 64350 | Total Reward: -76106.94666351526|
| Episode: 403 | Epsilon:  0.10 | Reward: -236.04735026252595 | Average Reward: -142.920 | Steps: 64501 | Total Reward: -76342.9940137779|
| Episode: 404 | Epsilon:  0.10 | Reward: -281.96057735668785 | Average Reward: -143.236 | Steps: 64676 | Total Reward: -76624.9545911346|
| Episode: 405 | Epsilon:  0.10 | Reward: -247.71375261049556 | Average Reward: -143.551 | Steps: 64842 | Total Reward: -76872.66834374507|
| Episode: 406 | Epsilon:  0.10 | Reward: -92.41264614056124 | Average Reward: -144.422 | Steps: 65100 | Total Reward: -76965.08098988562|
| Episode: 407 | Epsilon:  0.10 | Reward: -104.85693254725214 | Average Reward: -144.455 | Steps: 65340 | Total Reward: -77069.9379224329|
| Episode: 408 | Epsilon:  0.10 | Reward: -68.24995911916825 | Average Reward: -144.014 | Steps: 65518 | Total Reward: -77138.18788155206|
| Episode: 409 | Epsilon:  0.10 | Reward: -100.42449063996123 | Average Reward: -141.793 | Steps: 65758 | Total Reward: -77238.61237219203|
| Episode: 410 | Epsilon:  0.10 | Reward: -73.18794142515104 | Average Reward: -141.845 | Steps: 65938 | Total Reward: -77311.80031361725|
| Episode: 411 | Epsilon:  0.10 | Reward: -104.29987291623448 | Average Reward: -141.656 | Steps: 66100 | Total Reward: -77416.10018653334|
| Episode: 412 | Epsilon:  0.10 | Reward: -162.6063685687825 | Average Reward: -142.107 | Steps: 66262 | Total Reward: -77578.70655510215|
| Episode: 413 | Epsilon:  0.10 | Reward: -201.3768068823315 | Average Reward: -143.313 | Steps: 66400 | Total Reward: -77780.08336198436|
| Episode: 414 | Epsilon:  0.10 | Reward: -309.1096370801415 | Average Reward: -145.415 | Steps: 66641 | Total Reward: -78089.19299906459|
| Episode: 415 | Epsilon:  0.10 | Reward: -59.07163403215504 | Average Reward: -143.610 | Steps: 66913 | Total Reward: -78148.26463309671|
| Episode: 416 | Epsilon:  0.10 | Reward: -60.91360082756776 | Average Reward: -144.572 | Steps: 67079 | Total Reward: -78209.17823392422|
| Episode: 417 | Epsilon:  0.10 | Reward: -244.5206307228387 | Average Reward: -143.705 | Steps: 67250 | Total Reward: -78453.69886464704|
| Episode: 418 | Epsilon:  0.10 | Reward: -93.35773156808212 | Average Reward: -144.268 | Steps: 67422 | Total Reward: -78547.05659621513|
| Episode: 419 | Epsilon:  0.10 | Reward: -50.0384727822198 | Average Reward: -143.458 | Steps: 67607 | Total Reward: -78597.0950689974|
| Episode: 420 | Epsilon:  0.10 | Reward: -31.539506051344134 | Average Reward: -141.881 | Steps: 67774 | Total Reward: -78628.63457504872|
| Episode: 421 | Epsilon:  0.10 | Reward: -280.187527387934 | Average Reward: -143.950 | Steps: 68072 | Total Reward: -78908.8221024367|
| Episode: 422 | Epsilon:  0.10 | Reward: -170.6451236407391 | Average Reward: -143.890 | Steps: 68203 | Total Reward: -79079.46722607748|
| Episode: 423 | Epsilon:  0.10 | Reward: -284.17840049582355 | Average Reward: -144.498 | Steps: 68351 | Total Reward: -79363.64562657323|
| Episode: 424 | Epsilon:  0.10 | Reward: -277.09718825968594 | Average Reward: -147.219 | Steps: 68559 | Total Reward: -79640.74281483292|
| Episode: 425 | Epsilon:  0.10 | Reward: -23.27856288925716 | Average Reward: -146.809 | Steps: 68736 | Total Reward: -79664.02137772215|
| Episode: 426 | Epsilon:  0.10 | Reward: -176.31810949221435 | Average Reward: -147.251 | Steps: 68867 | Total Reward: -79840.33948721435|
| Episode: 427 | Epsilon:  0.10 | Reward: -204.55196028672893 | Average Reward: -148.064 | Steps: 69017 | Total Reward: -80044.8914475011|
| Episode: 428 | Epsilon:  0.10 | Reward: -254.20784459386573 | Average Reward: -149.384 | Steps: 69208 | Total Reward: -80299.09929209495|
| Episode: 429 | Epsilon:  0.10 | Reward: -57.74128205620253 | Average Reward: -149.367 | Steps: 69370 | Total Reward: -80356.84057415115|
| Episode: 430 | Epsilon:  0.10 | Reward: -86.24092054290347 | Average Reward: -149.905 | Steps: 69575 | Total Reward: -80443.08149469405|
| Episode: 431 | Epsilon:  0.10 | Reward: -133.15527205117075 | Average Reward: -150.426 | Steps: 69795 | Total Reward: -80576.23676674537|
| Episode: 432 | Epsilon:  0.10 | Reward: -56.65421701552641 | Average Reward: -149.029 | Steps: 69919 | Total Reward: -80632.89098376087|
| Episode: 433 | Epsilon:  0.10 | Reward: -362.6822833882766 | Average Reward: -150.511 | Steps: 70090 | Total Reward: -80995.57326714917|
| Episode: 434 | Epsilon:  0.10 | Reward: -243.11881228184993 | Average Reward: -151.738 | Steps: 70322 | Total Reward: -81238.69207943098|
| Episode: 435 | Epsilon:  0.10 | Reward: -251.01124466211027 | Average Reward: -152.045 | Steps: 70499 | Total Reward: -81489.70332409305|
| Episode: 436 | Epsilon:  0.10 | Reward: -53.977463098484534 | Average Reward: -151.935 | Steps: 70655 | Total Reward: -81543.68078719155|
| Episode: 437 | Epsilon:  0.10 | Reward: -190.6938811684749 | Average Reward: -152.409 | Steps: 70788 | Total Reward: -81734.37466836008|
| Episode: 438 | Epsilon:  0.10 | Reward: -63.95257559734353 | Average Reward: -150.026 | Steps: 71022 | Total Reward: -81798.3272439574|
| Episode: 439 | Epsilon:  0.10 | Reward: -84.67948949863617 | Average Reward: -149.304 | Steps: 71183 | Total Reward: -81883.00673345599|
| Episode: 440 | Epsilon:  0.10 | Reward: -71.32076635835311 | Average Reward: -147.810 | Steps: 71364 | Total Reward: -81954.32749981438|
| Episode: 441 | Epsilon:  0.10 | Reward: -48.878720171608705 | Average Reward: -147.396 | Steps: 71598 | Total Reward: -82003.20621998586|
| Episode: 442 | Epsilon:  0.10 | Reward: -68.47908347414904 | Average Reward: -146.573 | Steps: 71772 | Total Reward: -82071.68530346|
| Episode: 443 | Epsilon:  0.10 | Reward: -275.202586346758 | Average Reward: -148.098 | Steps: 71897 | Total Reward: -82346.88788980676|
| Episode: 444 | Epsilon:  0.10 | Reward: -32.02523780134818 | Average Reward: -148.703 | Steps: 72055 | Total Reward: -82378.91312760807|
| Episode: 445 | Epsilon:  0.10 | Reward: -191.4497622920784 | Average Reward: -147.263 | Steps: 72239 | Total Reward: -82570.36288990013|
| Episode: 446 | Epsilon:  0.10 | Reward: -156.4892090709387 | Average Reward: -148.201 | Steps: 72412 | Total Reward: -82726.85209897108|
| Episode: 447 | Epsilon:  0.10 | Reward: 3.0683000579923743 | Average Reward: -146.681 | Steps: 72520 | Total Reward: -82723.783798913|
| Episode: 448 | Epsilon:  0.10 | Reward: -141.04554909071268 | Average Reward: -144.314 | Steps: 72675 | Total Reward: -82864.8293480037|
| Episode: 449 | Epsilon:  0.10 | Reward: -73.8384956690586 | Average Reward: -144.344 | Steps: 72854 | Total Reward: -82938.66784367272|
| Episode: 450 | Epsilon:  0.10 | Reward: -60.40059022146787 | Average Reward: -142.960 | Steps: 72974 | Total Reward: -82999.06843389424|
| Episode: 451 | Epsilon:  0.10 | Reward: -62.1339084273892 | Average Reward: -142.033 | Steps: 73143 | Total Reward: -83061.20234232157|
| Episode: 452 | Epsilon:  0.10 | Reward: -59.603949555672614 | Average Reward: -138.625 | Steps: 73305 | Total Reward: -83120.80629187722|
| Episode: 453 | Epsilon:  0.10 | Reward: -115.40232052156296 | Average Reward: -138.642 | Steps: 73508 | Total Reward: -83236.2086123987|
| Episode: 454 | Epsilon:  0.10 | Reward: -230.60447594746813 | Average Reward: -140.015 | Steps: 73702 | Total Reward: -83466.81308834613|
| Episode: 455 | Epsilon:  0.10 | Reward: -292.7816493779108 | Average Reward: -139.493 | Steps: 73982 | Total Reward: -83759.59473772398|
| Episode: 456 | Epsilon:  0.10 | Reward: -113.25841581641737 | Average Reward: -139.801 | Steps: 74155 | Total Reward: -83872.85315354046|
| Episode: 457 | Epsilon:  0.10 | Reward: -74.8369960834338 | Average Reward: -139.893 | Steps: 74331 | Total Reward: -83947.69014962394|
| Episode: 458 | Epsilon:  0.10 | Reward: -18.21152845329236 | Average Reward: -136.665 | Steps: 74441 | Total Reward: -83965.90167807719|
| Episode: 459 | Epsilon:  0.10 | Reward: -223.55529496317357 | Average Reward: -136.729 | Steps: 74584 | Total Reward: -84189.45697304037|
| Episode: 460 | Epsilon:  0.10 | Reward: -37.18483899504345 | Average Reward: -136.504 | Steps: 74758 | Total Reward: -84226.64181203542|
| Episode: 461 | Epsilon:  0.10 | Reward: -120.84084210094393 | Average Reward: -136.791 | Steps: 74869 | Total Reward: -84347.48265413634|
| Episode: 462 | Epsilon:  0.10 | Reward: -40.26750194609016 | Average Reward: -135.006 | Steps: 75064 | Total Reward: -84387.7501560825|
| Episode: 463 | Epsilon:  0.10 | Reward: -178.27886952609745 | Average Reward: -135.958 | Steps: 75213 | Total Reward: -84566.02902560867|
| Episode: 464 | Epsilon:  0.10 | Reward: -91.09559834364151 | Average Reward: -136.012 | Steps: 75388 | Total Reward: -84657.12462395229|
| Episode: 465 | Epsilon:  0.10 | Reward: -76.4208373186448 | Average Reward: -135.163 | Steps: 75572 | Total Reward: -84733.54546127091|
| Episode: 466 | Epsilon:  0.10 | Reward: -18.196350752260898 | Average Reward: -133.831 | Steps: 75682 | Total Reward: -84751.7418120232|
| Episode: 467 | Epsilon:  0.10 | Reward: -276.01508176843106 | Average Reward: -136.240 | Steps: 75937 | Total Reward: -85027.75689379162|
| Episode: 468 | Epsilon:  0.10 | Reward: -218.37654606061452 | Average Reward: -137.339 | Steps: 76065 | Total Reward: -85246.13343985229|
| Episode: 469 | Epsilon:  0.10 | Reward: -259.7958428591545 | Average Reward: -139.086 | Steps: 76317 | Total Reward: -85505.9292827115|
| Episode: 470 | Epsilon:  0.10 | Reward: -164.39070909600065 | Average Reward: -139.251 | Steps: 76528 | Total Reward: -85670.31999180738|
| Episode: 471 | Epsilon:  0.10 | Reward: 15.2629250762959 | Average Reward: -136.866 | Steps: 76714 | Total Reward: -85655.05706673107|
| Episode: 472 | Epsilon:  0.10 | Reward: -164.60529909347275 | Average Reward: -138.145 | Steps: 76840 | Total Reward: -85819.66236582452|
| Episode: 473 | Epsilon:  0.10 | Reward: 20.491558612039398 | Average Reward: -136.391 | Steps: 77023 | Total Reward: -85799.17080721249|
| Episode: 474 | Epsilon:  0.10 | Reward: -194.90887628193957 | Average Reward: -136.425 | Steps: 77228 | Total Reward: -85994.07968349438|
| Episode: 475 | Epsilon:  0.10 | Reward: -71.77072773957593 | Average Reward: -136.202 | Steps: 77395 | Total Reward: -86065.85041123394|
| Episode: 476 | Epsilon:  0.10 | Reward: -177.4040284401708 | Average Reward: -135.708 | Steps: 77549 | Total Reward: -86243.25443967406|
| Episode: 477 | Epsilon:  0.10 | Reward: -253.13995625893997 | Average Reward: -136.430 | Steps: 77799 | Total Reward: -86496.3943959331|
| Episode: 478 | Epsilon:  0.10 | Reward: -103.12132143084877 | Average Reward: -135.289 | Steps: 77980 | Total Reward: -86599.51571736393|
| Episode: 479 | Epsilon:  0.10 | Reward: -28.32997622658199 | Average Reward: -134.805 | Steps: 78148 | Total Reward: -86627.84569359059|
| Episode: 480 | Epsilon:  0.10 | Reward: -130.0134032916392 | Average Reward: -135.347 | Steps: 78245 | Total Reward: -86757.85909688228|
| Episode: 481 | Epsilon:  0.10 | Reward: -132.41507424141543 | Average Reward: -134.370 | Steps: 78483 | Total Reward: -86890.27417112385|
| Episode: 482 | Epsilon:  0.10 | Reward: -57.74783252509238 | Average Reward: -133.964 | Steps: 78703 | Total Reward: -86948.02200364895|
| Episode: 483 | Epsilon:  0.10 | Reward: -282.86491373102706 | Average Reward: -135.875 | Steps: 78937 | Total Reward: -87230.88691738002|
| Episode: 484 | Epsilon:  0.10 | Reward: -64.21653167729156 | Average Reward: -132.909 | Steps: 79110 | Total Reward: -87295.10344905738|
| Episode: 485 | Epsilon:  0.10 | Reward: -195.65003875380876 | Average Reward: -133.325 | Steps: 79249 | Total Reward: -87490.75348781122|
| Episode: 486 | Epsilon:  0.10 | Reward: 23.721650061885327 | Average Reward: -132.221 | Steps: 79437 | Total Reward: -87467.03183774941|
| Episode: 487 | Epsilon:  0.10 | Reward: -100.48665741613083 | Average Reward: -132.652 | Steps: 79637 | Total Reward: -87567.51849516552|
| Episode: 488 | Epsilon:  0.10 | Reward: -277.7299527800465 | Average Reward: -134.071 | Steps: 79860 | Total Reward: -87845.24844794556|
| Episode: 489 | Epsilon:  0.10 | Reward: -201.72354063254406 | Average Reward: -134.809 | Steps: 80011 | Total Reward: -88046.9719885782|
| Episode: 490 | Epsilon:  0.10 | Reward: -268.1254458818093 | Average Reward: -136.613 | Steps: 80254 | Total Reward: -88315.09743445998|
| Episode: 491 | Epsilon:  0.10 | Reward: -186.4007472297939 | Average Reward: -137.101 | Steps: 80403 | Total Reward: -88501.49818168976|
| Episode: 492 | Epsilon:  0.10 | Reward: -161.77865563278735 | Average Reward: -136.734 | Steps: 80572 | Total Reward: -88663.27683732247|
| Episode: 493 | Epsilon:  0.10 | Reward: -146.22484276988138 | Average Reward: -135.926 | Steps: 80750 | Total Reward: -88809.50168009229|
| Episode: 494 | Epsilon:  0.10 | Reward: 18.910506876519435 | Average Reward: -135.104 | Steps: 80998 | Total Reward: -88790.59117321575|
| Episode: 495 | Epsilon:  0.10 | Reward: -232.2321598058044 | Average Reward: -136.817 | Steps: 81190 | Total Reward: -89022.82333302153|
| Episode: 496 | Epsilon:  0.10 | Reward: -192.53204430336297 | Average Reward: -137.762 | Steps: 81409 | Total Reward: -89215.3553773249|
| Episode: 497 | Epsilon:  0.10 | Reward: 42.4658912028936 | Average Reward: -136.059 | Steps: 82409 | Total Reward: -89172.88948612184|
| Episode: 498 | Epsilon:  0.10 | Reward: -83.23557158188356 | Average Reward: -134.525 | Steps: 82632 | Total Reward: -89256.12505770379|
| Episode: 499 | Epsilon:  0.10 | Reward: -292.32021295250104 | Average Reward: -135.899 | Steps: 82835 | Total Reward: -89548.4452706563|
| Episode: 500 | Epsilon:  0.10 | Reward: -283.09452749864147 | Average Reward: -137.933 | Steps: 83028 | Total Reward: -89831.53979815483|
| Episode: 501 | Epsilon:  0.10 | Reward: -130.89155150545216 | Average Reward: -139.271 | Steps: 83311 | Total Reward: -89962.43134966021|
| Episode: 502 | Epsilon:  0.10 | Reward: -199.21236036417184 | Average Reward: -140.547 | Steps: 83505 | Total Reward: -90161.64371002433|
| Episode: 503 | Epsilon:  0.10 | Reward: -241.2783418572299 | Average Reward: -140.599 | Steps: 83665 | Total Reward: -90402.92205188159|
| Episode: 504 | Epsilon:  0.10 | Reward: -44.70855723453731 | Average Reward: -138.227 | Steps: 83835 | Total Reward: -90447.63060911617|
| Episode: 505 | Epsilon:  0.10 | Reward: -91.35985783790126 | Average Reward: -136.663 | Steps: 84015 | Total Reward: -90538.99046695413|
| Episode: 506 | Epsilon:  0.10 | Reward: -76.28842175660883 | Average Reward: -136.502 | Steps: 84365 | Total Reward: -90615.27888871088|
| Episode: 507 | Epsilon:  0.10 | Reward: -84.26452112417233 | Average Reward: -136.296 | Steps: 84537 | Total Reward: -90699.54340983495|
| Episode: 508 | Epsilon:  0.10 | Reward: -290.14025369029787 | Average Reward: -138.515 | Steps: 84728 | Total Reward: -90989.68366352523|
| Episode: 509 | Epsilon:  0.10 | Reward: -1.2959607505875255 | Average Reward: -137.524 | Steps: 84931 | Total Reward: -90990.9796242759|
| Episode: 510 | Epsilon:  0.10 | Reward: -50.03405333714146 | Average Reward: -137.292 | Steps: 85102 | Total Reward: -91041.01367761302|
| Episode: 511 | Epsilon:  0.10 | Reward: -185.83716637300267 | Average Reward: -138.108 | Steps: 85240 | Total Reward: -91226.85084398602|
| Episode: 512 | Epsilon:  0.10 | Reward: -222.38474284441648 | Average Reward: -138.705 | Steps: 85359 | Total Reward: -91449.23558683046|
| Episode: 513 | Epsilon:  0.10 | Reward: 18.280451074087907 | Average Reward: -136.509 | Steps: 85554 | Total Reward: -91430.95513575642|
| Episode: 514 | Epsilon:  0.10 | Reward: -78.0600142947929 | Average Reward: -134.198 | Steps: 85730 | Total Reward: -91509.01515005127|
| Episode: 515 | Epsilon:  0.10 | Reward: -229.15257587404136 | Average Reward: -135.899 | Steps: 85819 | Total Reward: -91738.16772592529|
| Episode: 516 | Epsilon:  0.10 | Reward: -359.6621445804035 | Average Reward: -138.887 | Steps: 86038 | Total Reward: -92097.82987050572|
| Episode: 517 | Epsilon:  0.10 | Reward: -175.91395836515363 | Average Reward: -138.200 | Steps: 86190 | Total Reward: -92273.74382887092|
| Episode: 518 | Epsilon:  0.10 | Reward: -23.513132592886336 | Average Reward: -137.502 | Steps: 86421 | Total Reward: -92297.2569614638|
| Episode: 519 | Epsilon:  0.10 | Reward: -75.24510775824268 | Average Reward: -137.754 | Steps: 86626 | Total Reward: -92372.50206922206|
| Episode: 520 | Epsilon:  0.10 | Reward: -213.0949565350997 | Average Reward: -139.570 | Steps: 86775 | Total Reward: -92585.5970257571|
| Episode: 521 | Epsilon:  0.10 | Reward: -196.56963020759764 | Average Reward: -138.733 | Steps: 87001 | Total Reward: -92782.16665596476|
| Episode: 522 | Epsilon:  0.10 | Reward: -203.52882220697214 | Average Reward: -139.062 | Steps: 87141 | Total Reward: -92985.6954781718|
| Episode: 523 | Epsilon:  0.10 | Reward: -108.85269457740834 | Average Reward: -137.309 | Steps: 87313 | Total Reward: -93094.54817274922|
| Episode: 524 | Epsilon:  0.10 | Reward: -220.84859368437267 | Average Reward: -136.747 | Steps: 87480 | Total Reward: -93315.39676643352|
| Episode: 525 | Epsilon:  0.10 | Reward: -281.00366813837843 | Average Reward: -139.324 | Steps: 87811 | Total Reward: -93596.40043457191|
| Episode: 526 | Epsilon:  0.10 | Reward: -201.30303617897474 | Average Reward: -139.574 | Steps: 87978 | Total Reward: -93797.70347075087|
| Episode: 527 | Epsilon:  0.10 | Reward: -75.03990770558883 | Average Reward: -138.279 | Steps: 88160 | Total Reward: -93872.7433784564|
| Episode: 528 | Epsilon:  0.10 | Reward: -211.2482778559309 | Average Reward: -137.849 | Steps: 88370 | Total Reward: -94083.99165631237|
| Episode: 529 | Epsilon:  0.10 | Reward: -235.32847811600723 | Average Reward: -139.625 | Steps: 88529 | Total Reward: -94319.32013442829|
| Episode: 530 | Epsilon:  0.10 | Reward: -90.80635944804531 | Average Reward: -139.670 | Steps: 88696 | Total Reward: -94410.1264938763|
| Episode: 531 | Epsilon:  0.10 | Reward: 40.85323222627653 | Average Reward: -137.930 | Steps: 88872 | Total Reward: -94369.27326165004|
| Episode: 532 | Epsilon:  0.10 | Reward: -70.22178712289497 | Average Reward: -138.066 | Steps: 89118 | Total Reward: -94439.49504877288|
| Episode: 533 | Epsilon:  0.10 | Reward: -61.27701046980239 | Average Reward: -135.052 | Steps: 89320 | Total Reward: -94500.77205924266|
| Episode: 534 | Epsilon:  0.10 | Reward: -66.84078756807062 | Average Reward: -133.289 | Steps: 89437 | Total Reward: -94567.6128468107|
| Episode: 535 | Epsilon:  0.10 | Reward: -77.2092380310073 | Average Reward: -131.551 | Steps: 89746 | Total Reward: -94644.82208484175|
| Episode: 536 | Epsilon:  0.10 | Reward: -127.33379611714145 | Average Reward: -132.285 | Steps: 90049 | Total Reward: -94772.15588095892|
| Episode: 537 | Epsilon:  0.10 | Reward: -10.924752269797011 | Average Reward: -130.487 | Steps: 90280 | Total Reward: -94783.08063322863|
| Episode: 538 | Epsilon:  0.10 | Reward: -168.28465761298244 | Average Reward: -131.530 | Steps: 90495 | Total Reward: -94951.36529084163|
| Episode: 539 | Epsilon:  0.10 | Reward: -149.59040511878095 | Average Reward: -132.179 | Steps: 90603 | Total Reward: -95100.95569596047|
| Episode: 540 | Epsilon:  0.10 | Reward: -12.291093903603198 | Average Reward: -131.589 | Steps: 90773 | Total Reward: -95113.24678986403|
| Episode: 541 | Epsilon:  0.10 | Reward: -231.65872145889793 | Average Reward: -133.417 | Steps: 90980 | Total Reward: -95344.90551132293|
| Episode: 542 | Epsilon:  0.10 | Reward: -208.00503538535173 | Average Reward: -134.812 | Steps: 91158 | Total Reward: -95552.91054670836|
| Episode: 543 | Epsilon:  0.10 | Reward: -50.732696945308945 | Average Reward: -132.568 | Steps: 91322 | Total Reward: -95603.64324365367|
| Episode: 544 | Epsilon:  0.10 | Reward: -313.0553711012975 | Average Reward: -135.378 | Steps: 91463 | Total Reward: -95916.69861475492|
| Episode: 545 | Epsilon:  0.10 | Reward: -118.25319830975275 | Average Reward: -134.646 | Steps: 91656 | Total Reward: -96034.95181306466|
| Episode: 546 | Epsilon:  0.10 | Reward: -179.7920798371253 | Average Reward: -134.879 | Steps: 91842 | Total Reward: -96214.74389290182|
| Episode: 547 | Epsilon:  0.10 | Reward: -191.37811921023143 | Average Reward: -136.823 | Steps: 92009 | Total Reward: -96406.12201211207|
| Episode: 548 | Epsilon:  0.10 | Reward: -211.983942309192 | Average Reward: -137.533 | Steps: 92216 | Total Reward: -96618.10595442117|
| Episode: 549 | Epsilon:  0.10 | Reward: -81.9391677707855 | Average Reward: -137.614 | Steps: 92437 | Total Reward: -96700.04512219202|
| Episode: 550 | Epsilon:  0.10 | Reward: -258.70011139306325 | Average Reward: -139.597 | Steps: 92712 | Total Reward: -96958.74523358514|
| Episode: 551 | Epsilon:  0.10 | Reward: -240.88232766360838 | Average Reward: -141.384 | Steps: 92930 | Total Reward: -97199.62756124871|
