+------------------------+----------------------------+--------------------+
|                        |     Supported Features     |  Program Commands  |
+========================+============================+====================+
| Compatible Layers      | Hopfield Layer,            | hopfield,          |
|                        | HopfieldLayer Layer,       | hopfield_layer,    |
|                        | HopfieldPooling Layer,     | hopfield_pooling,  |
|                        | LSTM,                      | lstm,              |
|                        | GRU                        | gru                |
+------------------------+----------------------------+--------------------+
| Supported Loss Metrics | Huber Loss,                | huber,             |
|                        | Mean Absolute Error Loss,  | mae,               |
|                        | Mean Squared Error Loss,   | mse,               |
|                        | SmoothL1 Loss              | smooth_l1          |
+------------------------+----------------------------+--------------------+
| Supported Optimizers   | RMSprop (default),         | rmsprop,           |
|                        | AdamW,                     | adam,              |
|                        | Adam                       | adamW              |
+------------------------+----------------------------+--------------------+
| Episode:   1 | Epsilon:  0.90 | Reward: -411.4332412781807 | Average Reward: -411.433 | Steps:   105 | Total Reward: -411.4332412781807|
| Episode:   2 | Epsilon:  0.86 | Reward: -325.92702293792433 | Average Reward: -368.680 | Steps:   218 | Total Reward: -737.3602642161043|
| Episode:   3 | Epsilon:  0.82 | Reward: -331.0101445289504 | Average Reward: -356.123 | Steps:   346 | Total Reward: -1068.3704087450535|
| Episode:   4 | Epsilon:  0.79 | Reward: -162.33921484759048 | Average Reward: -307.677 | Steps:   436 | Total Reward: -1230.709623592643|
| Episode:   5 | Epsilon:  0.75 | Reward: -177.37823818163318 | Average Reward: -281.618 | Steps:   537 | Total Reward: -1408.0878617742758|
| Episode:   6 | Epsilon:  0.72 | Reward: -446.66051375035465 | Average Reward: -309.125 | Steps:   626 | Total Reward: -1854.7483755246303|
| Episode:   7 | Epsilon:  0.69 | Reward: -102.73687324441356 | Average Reward: -279.641 | Steps:   796 | Total Reward: -1957.4852487690446|
| Episode:   8 | Epsilon:  0.66 | Reward: -304.5990472693945 | Average Reward: -282.761 | Steps:   905 | Total Reward: -2262.0842960384375|
| Episode:   9 | Epsilon:  0.64 | Reward: -352.196462691844 | Average Reward: -290.476 | Steps:   990 | Total Reward: -2614.280758730281|
| Episode:  10 | Epsilon:  0.61 | Reward: -479.2156029225553 | Average Reward: -309.350 | Steps:  1137 | Total Reward: -3093.496361652833|
| Episode:  11 | Epsilon:  0.59 | Reward: -360.55422993067145 | Average Reward: -314.005 | Steps:  1221 | Total Reward: -3454.0505915835033|
| Episode:  12 | Epsilon:  0.56 | Reward: -42.420179811012474 | Average Reward: -291.373 | Steps:  1311 | Total Reward: -3496.470771394515|
| Episode:  13 | Epsilon:  0.54 | Reward: -328.4921107660824 | Average Reward: -294.228 | Steps:  1403 | Total Reward: -3824.9628821605957|
| Episode:  14 | Epsilon:  0.52 | Reward: -1269.118795653102 | Average Reward: -363.863 | Steps:  1818 | Total Reward: -5094.081677813704|
| Episode:  15 | Epsilon:  0.50 | Reward: -478.3477247797565 | Average Reward: -371.495 | Steps:  1899 | Total Reward: -5572.429402593462|
| Episode:  16 | Epsilon:  0.48 | Reward: -36.54066237038033 | Average Reward: -350.561 | Steps:  2040 | Total Reward: -5608.970064963842|
| Episode:  17 | Epsilon:  0.46 | Reward: -231.29756201317568 | Average Reward: -343.545 | Steps:  2125 | Total Reward: -5840.267626977019|
| Episode:  18 | Epsilon:  0.44 | Reward: -322.44884126653335 | Average Reward: -342.373 | Steps:  2190 | Total Reward: -6162.716468243549|
| Episode:  19 | Epsilon:  0.43 | Reward: -396.15478212715016 | Average Reward: -345.204 | Steps:  2270 | Total Reward: -6558.871250370699|
| Episode:  20 | Epsilon:  0.41 | Reward: -382.7499843210552 | Average Reward: -347.081 | Steps:  2366 | Total Reward: -6941.6212346917555|
| Episode:  21 | Epsilon:  0.39 | Reward: -294.2881190195079 | Average Reward: -344.567 | Steps:  2486 | Total Reward: -7235.909353711259|
| Episode:  22 | Epsilon:  0.38 | Reward: -331.97243662504013 | Average Reward: -343.995 | Steps:  2626 | Total Reward: -7567.881790336295|
| Episode:  23 | Epsilon:  0.37 | Reward: -758.1698175891879 | Average Reward: -362.002 | Steps:  2715 | Total Reward: -8326.051607925483|
| Episode:  24 | Epsilon:  0.35 | Reward: -484.66824941996117 | Average Reward: -367.113 | Steps:  2830 | Total Reward: -8810.719857345432|
| Episode:  25 | Epsilon:  0.34 | Reward: -243.4799537098119 | Average Reward: -362.168 | Steps:  3030 | Total Reward: -9054.19981105523|
| Episode:  26 | Epsilon:  0.33 | Reward: -324.56953571859106 | Average Reward: -360.722 | Steps:  3112 | Total Reward: -9378.769346773819|
| Episode:  27 | Epsilon:  0.32 | Reward: 2.8594055901924094 | Average Reward: -347.256 | Steps:  3297 | Total Reward: -9375.909941183629|
| Episode:  28 | Epsilon:  0.31 | Reward: -231.57206176416742 | Average Reward: -343.124 | Steps:  3553 | Total Reward: -9607.482002947789|
| Episode:  29 | Epsilon:  0.30 | Reward: -272.2697424911519 | Average Reward: -340.681 | Steps:  3831 | Total Reward: -9879.751745438929|
| Episode:  30 | Epsilon:  0.29 | Reward: -165.29210985624536 | Average Reward: -334.835 | Steps:  4027 | Total Reward: -10045.043855295185|
| Episode:  31 | Epsilon:  0.28 | Reward: -287.97875651266736 | Average Reward: -333.323 | Steps:  4253 | Total Reward: -10333.022611807843|
| Episode:  32 | Epsilon:  0.27 | Reward: -248.57437807717082 | Average Reward: -330.675 | Steps:  4352 | Total Reward: -10581.596989885016|
| Episode:  33 | Epsilon:  0.26 | Reward: -144.8552418935123 | Average Reward: -325.044 | Steps:  4614 | Total Reward: -10726.452231778534|
| Episode:  34 | Epsilon:  0.25 | Reward: -234.94341444080905 | Average Reward: -322.394 | Steps:  4825 | Total Reward: -10961.395646219344|
| Episode:  35 | Epsilon:  0.25 | Reward: -34.505669885813816 | Average Reward: -314.169 | Steps:  5150 | Total Reward: -10995.901316105148|
| Episode:  36 | Epsilon:  0.24 | Reward: -270.4117227579908 | Average Reward: -312.953 | Steps:  5359 | Total Reward: -11266.313038863138|
| Episode:  37 | Epsilon:  0.23 | Reward: -133.6804093482413 | Average Reward: -308.108 | Steps:  5534 | Total Reward: -11399.993448211371|
| Episode:  38 | Epsilon:  0.23 | Reward: -271.684776693345 | Average Reward: -307.149 | Steps:  5729 | Total Reward: -11671.678224904712|
| Episode:  39 | Epsilon:  0.22 | Reward: -70.42888897264456 | Average Reward: -301.080 | Steps:  5966 | Total Reward: -11742.107113877337|
| Episode:  40 | Epsilon:  0.21 | Reward: -256.42779576266616 | Average Reward: -299.963 | Steps:  6163 | Total Reward: -11998.534909640011|
| Episode:  41 | Epsilon:  0.21 | Reward: -521.8265321160915 | Average Reward: -305.375 | Steps:  6522 | Total Reward: -12520.361441756097|
| Episode:  42 | Epsilon:  0.20 | Reward: -267.8896327960324 | Average Reward: -304.482 | Steps:  6715 | Total Reward: -12788.25107455213|
| Episode:  43 | Epsilon:  0.20 | Reward: -238.68992303621565 | Average Reward: -302.952 | Steps:  7056 | Total Reward: -13026.940997588343|
| Episode:  44 | Epsilon:  0.19 | Reward: -63.20936860715143 | Average Reward: -297.503 | Steps:  7202 | Total Reward: -13090.1503661955|
| Episode:  45 | Epsilon:  0.19 | Reward: -233.53836860557857 | Average Reward: -296.082 | Steps:  7362 | Total Reward: -13323.688734801073|
| Episode:  46 | Epsilon:  0.18 | Reward: -59.664999914128984 | Average Reward: -290.942 | Steps:  7538 | Total Reward: -13383.353734715205|
| Episode:  47 | Epsilon:  0.18 | Reward: -95.8523523802867 | Average Reward: -286.792 | Steps:  7721 | Total Reward: -13479.206087095505|
| Episode:  48 | Epsilon:  0.18 | Reward: 20.52038607509635 | Average Reward: -280.389 | Steps:  8721 | Total Reward: -13458.685701020393|
| Episode:  49 | Epsilon:  0.17 | Reward: -72.91950181953646 | Average Reward: -276.155 | Steps:  8924 | Total Reward: -13531.605202839939|
| Episode:  50 | Epsilon:  0.17 | Reward: -191.7653001293911 | Average Reward: -274.467 | Steps:  9078 | Total Reward: -13723.370502969334|
| Episode:  51 | Epsilon:  0.17 | Reward: -58.693672602376495 | Average Reward: -270.237 | Steps:  9322 | Total Reward: -13782.064175571706|
| Episode:  52 | Epsilon:  0.16 | Reward: -207.4813451786697 | Average Reward: -269.030 | Steps:  9486 | Total Reward: -13989.545520750371|
| Episode:  53 | Epsilon:  0.16 | Reward: -285.8480118308114 | Average Reward: -269.347 | Steps:  9836 | Total Reward: -14275.393532581182|
| Episode:  54 | Epsilon:  0.16 | Reward: -194.8349674378822 | Average Reward: -267.967 | Steps:  9970 | Total Reward: -14470.22850001906|
| Episode:  55 | Epsilon:  0.15 | Reward: -216.97494463238735 | Average Reward: -267.040 | Steps: 10127 | Total Reward: -14687.203444651439|
| Episode:  56 | Epsilon:  0.15 | Reward: -188.15125762463458 | Average Reward: -265.631 | Steps: 10274 | Total Reward: -14875.354702276067|
| Episode:  57 | Epsilon:  0.15 | Reward: -119.30926719376956 | Average Reward: -263.064 | Steps: 10493 | Total Reward: -14994.66396946983|
| Episode:  58 | Epsilon:  0.15 | Reward: -184.39072247576007 | Average Reward: -261.708 | Steps: 10652 | Total Reward: -15179.054691945586|
| Episode:  59 | Epsilon:  0.14 | Reward: -219.69858420152784 | Average Reward: -260.996 | Steps: 10852 | Total Reward: -15398.753276147103|
| Episode:  60 | Epsilon:  0.14 | Reward: -204.21138195716665 | Average Reward: -260.049 | Steps: 11062 | Total Reward: -15602.964658104256|
| Episode:  61 | Epsilon:  0.14 | Reward: -463.02792402505224 | Average Reward: -263.377 | Steps: 11277 | Total Reward: -16065.9925821293|
| Episode:  62 | Epsilon:  0.14 | Reward: -173.38993684679798 | Average Reward: -261.926 | Steps: 11517 | Total Reward: -16239.382518976094|
| Episode:  63 | Epsilon:  0.14 | Reward: -90.3130988949634 | Average Reward: -259.202 | Steps: 11787 | Total Reward: -16329.695617871062|
| Episode:  64 | Epsilon:  0.13 | Reward: -124.96171001687085 | Average Reward: -257.104 | Steps: 11929 | Total Reward: -16454.65732788793|
| Episode:  65 | Epsilon:  0.13 | Reward: -139.90372293351356 | Average Reward: -255.301 | Steps: 12230 | Total Reward: -16594.561050821438|
| Episode:  66 | Epsilon:  0.13 | Reward: -118.12058404263512 | Average Reward: -253.222 | Steps: 12504 | Total Reward: -16712.68163486408|
| Episode:  67 | Epsilon:  0.13 | Reward: -212.3473756588519 | Average Reward: -252.612 | Steps: 12665 | Total Reward: -16925.02901052292|
| Episode:  68 | Epsilon:  0.13 | Reward: -144.197769295138 | Average Reward: -251.018 | Steps: 12862 | Total Reward: -17069.22677981807|
| Episode:  69 | Epsilon:  0.13 | Reward: -244.4381349847703 | Average Reward: -250.923 | Steps: 13025 | Total Reward: -17313.664914802852|
| Episode:  70 | Epsilon:  0.13 | Reward: -79.41551233227491 | Average Reward: -248.473 | Steps: 13206 | Total Reward: -17393.08042713513|
| Episode:  71 | Epsilon:  0.12 | Reward: -372.16395961832535 | Average Reward: -250.215 | Steps: 13420 | Total Reward: -17765.24438675346|
| Episode:  72 | Epsilon:  0.12 | Reward: -209.58063561414866 | Average Reward: -249.650 | Steps: 13708 | Total Reward: -17974.825022367586|
| Episode:  73 | Epsilon:  0.12 | Reward: -493.43014150573003 | Average Reward: -252.990 | Steps: 13988 | Total Reward: -18468.255163873317|
| Episode:  74 | Epsilon:  0.12 | Reward: -238.70051890532054 | Average Reward: -252.797 | Steps: 14220 | Total Reward: -18706.95568277863|
| Episode:  75 | Epsilon:  0.12 | Reward: -297.2654488112991 | Average Reward: -253.390 | Steps: 14440 | Total Reward: -19004.22113158992|
| Episode:  76 | Epsilon:  0.12 | Reward: -256.30998282834264 | Average Reward: -253.428 | Steps: 14693 | Total Reward: -19260.531114418245|
| Episode:  77 | Epsilon:  0.12 | Reward: -227.87484763422077 | Average Reward: -253.096 | Steps: 14933 | Total Reward: -19488.405962052486|
| Episode:  78 | Epsilon:  0.12 | Reward: -316.01180963118657 | Average Reward: -253.903 | Steps: 15118 | Total Reward: -19804.41777168366|
| Episode:  79 | Epsilon:  0.12 | Reward: -93.62836270064214 | Average Reward: -251.874 | Steps: 15347 | Total Reward: -19898.046134384294|
| Episode:  80 | Epsilon:  0.12 | Reward: -150.90134045232298 | Average Reward: -250.612 | Steps: 15517 | Total Reward: -20048.94747483662|
| Episode:  81 | Epsilon:  0.11 | Reward: -217.7938802517388 | Average Reward: -250.207 | Steps: 15754 | Total Reward: -20266.741355088347|
| Episode:  82 | Epsilon:  0.11 | Reward: -260.85373695459145 | Average Reward: -250.337 | Steps: 15952 | Total Reward: -20527.59509204292|
| Episode:  83 | Epsilon:  0.11 | Reward: -242.9959186508986 | Average Reward: -250.248 | Steps: 16149 | Total Reward: -20770.591010693814|
| Episode:  84 | Epsilon:  0.11 | Reward: -256.6992933628926 | Average Reward: -250.325 | Steps: 16351 | Total Reward: -21027.29030405672|
| Episode:  85 | Epsilon:  0.11 | Reward: -287.68321216373 | Average Reward: -250.764 | Steps: 16559 | Total Reward: -21314.973516220474|
| Episode:  86 | Epsilon:  0.11 | Reward: -470.6881300439878 | Average Reward: -253.322 | Steps: 16770 | Total Reward: -21785.661646264467|
| Episode:  87 | Epsilon:  0.11 | Reward: -240.93143868803685 | Average Reward: -253.179 | Steps: 17001 | Total Reward: -22026.593084952503|
| Episode:  88 | Epsilon:  0.11 | Reward: -228.23471319499612 | Average Reward: -252.896 | Steps: 17138 | Total Reward: -22254.827798147504|
| Episode:  89 | Epsilon:  0.11 | Reward: -65.83582069096427 | Average Reward: -250.794 | Steps: 17423 | Total Reward: -22320.66361883846|
| Episode:  90 | Epsilon:  0.11 | Reward: -270.88757123593723 | Average Reward: -251.017 | Steps: 18097 | Total Reward: -22591.55119007441|
| Episode:  91 | Epsilon:  0.11 | Reward: -291.5660717368022 | Average Reward: -251.463 | Steps: 18334 | Total Reward: -22883.117261811196|
| Episode:  92 | Epsilon:  0.11 | Reward: -87.44465532086906 | Average Reward: -249.680 | Steps: 18549 | Total Reward: -22970.56191713206|
| Episode:  93 | Epsilon:  0.11 | Reward: -182.6688476134675 | Average Reward: -248.959 | Steps: 18739 | Total Reward: -23153.230764745524|
| Episode:  94 | Epsilon:  0.11 | Reward: -238.59259121312564 | Average Reward: -248.849 | Steps: 18904 | Total Reward: -23391.823355958655|
| Episode:  95 | Epsilon:  0.11 | Reward: -209.52533045267091 | Average Reward: -248.435 | Steps: 19113 | Total Reward: -23601.348686411333|
| Episode:  96 | Epsilon:  0.11 | Reward: -460.6574442670914 | Average Reward: -250.646 | Steps: 19309 | Total Reward: -24062.006130678426|
| Episode:  97 | Epsilon:  0.11 | Reward: 1.7422773757757994 | Average Reward: -248.044 | Steps: 19474 | Total Reward: -24060.263853302655|
| Episode:  98 | Epsilon:  0.11 | Reward: -32.48974486318987 | Average Reward: -245.844 | Steps: 19615 | Total Reward: -24092.75359816585|
| Episode:  99 | Epsilon:  0.11 | Reward: -332.10223320907585 | Average Reward: -246.716 | Steps: 19808 | Total Reward: -24424.85583137491|
| Episode: 100 | Epsilon:  0.11 | Reward: -243.48580091299698 | Average Reward: -246.683 | Steps: 20049 | Total Reward: -24668.341632287927|
| Episode: 101 | Epsilon:  0.11 | Reward: -30.05603842951666 | Average Reward: -242.870 | Steps: 20253 | Total Reward: -24698.397670717422|
| Episode: 102 | Epsilon:  0.11 | Reward: -74.1378370014394 | Average Reward: -240.352 | Steps: 20376 | Total Reward: -24772.535507718854|
| Episode: 103 | Epsilon:  0.10 | Reward: -131.046655172059 | Average Reward: -238.352 | Steps: 20562 | Total Reward: -24903.582162890896|
| Episode: 104 | Epsilon:  0.10 | Reward: -314.8073059326578 | Average Reward: -239.877 | Steps: 20799 | Total Reward: -25218.38946882356|
| Episode: 105 | Epsilon:  0.10 | Reward: -185.56258551710363 | Average Reward: -239.959 | Steps: 20957 | Total Reward: -25403.95205434067|
| Episode: 106 | Epsilon:  0.10 | Reward: -121.66030165998977 | Average Reward: -236.709 | Steps: 21186 | Total Reward: -25525.61235600063|
| Episode: 107 | Epsilon:  0.10 | Reward: -238.2775477799285 | Average Reward: -238.064 | Steps: 21346 | Total Reward: -25763.889903780542|
| Episode: 108 | Epsilon:  0.10 | Reward: -50.61261921213756 | Average Reward: -235.524 | Steps: 21471 | Total Reward: -25814.50252299266|
| Episode: 109 | Epsilon:  0.10 | Reward: -146.32386530478493 | Average Reward: -233.465 | Steps: 21653 | Total Reward: -25960.82638829742|
| Episode: 110 | Epsilon:  0.10 | Reward: -150.6300705410119 | Average Reward: -230.180 | Steps: 21798 | Total Reward: -26111.45645883843|
| Episode: 111 | Epsilon:  0.10 | Reward: -83.92085409180176 | Average Reward: -227.413 | Steps: 22068 | Total Reward: -26195.37731293021|
| Episode: 112 | Epsilon:  0.10 | Reward: -192.22832489759915 | Average Reward: -228.911 | Steps: 22224 | Total Reward: -26387.605637827797|
| Episode: 113 | Epsilon:  0.10 | Reward: -285.6224845414416 | Average Reward: -228.483 | Steps: 22502 | Total Reward: -26673.22812236926|
| Episode: 114 | Epsilon:  0.10 | Reward: -241.56980772805238 | Average Reward: -218.207 | Steps: 22658 | Total Reward: -26914.797930097327|
| Episode: 115 | Epsilon:  0.10 | Reward: -111.72228096795662 | Average Reward: -214.541 | Steps: 22893 | Total Reward: -27026.52021106524|
| Episode: 116 | Epsilon:  0.10 | Reward: -235.40349805822993 | Average Reward: -216.530 | Steps: 23134 | Total Reward: -27261.923709123468|
| Episode: 117 | Epsilon:  0.10 | Reward: -298.11003230988854 | Average Reward: -217.198 | Steps: 23398 | Total Reward: -27560.03374143335|
| Episode: 118 | Epsilon:  0.10 | Reward: -63.68092485520867 | Average Reward: -214.610 | Steps: 23721 | Total Reward: -27623.714666288568|
| Episode: 119 | Epsilon:  0.10 | Reward: -154.62544265045335 | Average Reward: -212.195 | Steps: 23896 | Total Reward: -27778.340108939035|
| Episode: 120 | Epsilon:  0.10 | Reward: -191.39975901367697 | Average Reward: -210.281 | Steps: 24003 | Total Reward: -27969.739867952714|
| Episode: 121 | Epsilon:  0.10 | Reward: -107.32402623801653 | Average Reward: -208.412 | Steps: 24214 | Total Reward: -28077.06389419071|
| Episode: 122 | Epsilon:  0.10 | Reward: -300.741035085337 | Average Reward: -208.099 | Steps: 24390 | Total Reward: -28377.804929276048|
| Episode: 123 | Epsilon:  0.10 | Reward: -55.829863226002054 | Average Reward: -201.076 | Steps: 24618 | Total Reward: -28433.63479250204|
| Episode: 124 | Epsilon:  0.10 | Reward: -233.3149151130751 | Average Reward: -198.562 | Steps: 24798 | Total Reward: -28666.949707615095|
| Episode: 125 | Epsilon:  0.10 | Reward: -301.7216957506305 | Average Reward: -199.145 | Steps: 24978 | Total Reward: -28968.67140336574|
| Episode: 126 | Epsilon:  0.10 | Reward: -233.77009221284956 | Average Reward: -198.237 | Steps: 25163 | Total Reward: -29202.441495578576|
| Episode: 127 | Epsilon:  0.10 | Reward: -163.2107602939268 | Average Reward: -199.897 | Steps: 25347 | Total Reward: -29365.652255872505|
| Episode: 128 | Epsilon:  0.10 | Reward: -275.8047309394708 | Average Reward: -200.340 | Steps: 25545 | Total Reward: -29641.456986811965|
| Episode: 129 | Epsilon:  0.10 | Reward: -119.95284580693472 | Average Reward: -198.817 | Steps: 25750 | Total Reward: -29761.409832618883|
| Episode: 130 | Epsilon:  0.10 | Reward: -347.90586330385247 | Average Reward: -200.643 | Steps: 25953 | Total Reward: -30109.315695922724|
| Episode: 131 | Epsilon:  0.10 | Reward: -360.05772360061167 | Average Reward: -201.364 | Steps: 26147 | Total Reward: -30469.373419523363|
| Episode: 132 | Epsilon:  0.10 | Reward: -209.15340039718592 | Average Reward: -200.969 | Steps: 26418 | Total Reward: -30678.526819920546|
| Episode: 133 | Epsilon:  0.10 | Reward: -279.10844215224915 | Average Reward: -202.312 | Steps: 26567 | Total Reward: -30957.63526207279|
| Episode: 134 | Epsilon:  0.10 | Reward: -256.71196919262593 | Average Reward: -202.530 | Steps: 26773 | Total Reward: -31214.34723126541|
| Episode: 135 | Epsilon:  0.10 | Reward: -195.25990002993433 | Average Reward: -204.137 | Steps: 26934 | Total Reward: -31409.607131295325|
| Episode: 136 | Epsilon:  0.10 | Reward: -273.60943228690724 | Average Reward: -204.169 | Steps: 27100 | Total Reward: -31683.216563582228|
| Episode: 137 | Epsilon:  0.10 | Reward: -252.53957137737692 | Average Reward: -205.358 | Steps: 27256 | Total Reward: -31935.75613495958|
| Episode: 138 | Epsilon:  0.10 | Reward: -67.71568674150532 | Average Reward: -203.318 | Steps: 27454 | Total Reward: -32003.471821701078|
| Episode: 139 | Epsilon:  0.10 | Reward: -212.7612951092293 | Average Reward: -204.741 | Steps: 27649 | Total Reward: -32216.23311681031|
| Episode: 140 | Epsilon:  0.10 | Reward: -87.5972482735343 | Average Reward: -203.053 | Steps: 27827 | Total Reward: -32303.83036508386|
| Episode: 141 | Epsilon:  0.10 | Reward: -244.7524718009633 | Average Reward: -200.282 | Steps: 28041 | Total Reward: -32548.582836884805|
| Episode: 142 | Epsilon:  0.10 | Reward: -28.425066545574808 | Average Reward: -197.888 | Steps: 28265 | Total Reward: -32577.0079034304|
| Episode: 143 | Epsilon:  0.10 | Reward: -82.83729077134875 | Average Reward: -196.329 | Steps: 28427 | Total Reward: -32659.845194201767|
| Episode: 144 | Epsilon:  0.10 | Reward: -247.41326856599383 | Average Reward: -198.171 | Steps: 28633 | Total Reward: -32907.25846276774|
| Episode: 145 | Epsilon:  0.10 | Reward: -224.96277998071778 | Average Reward: -198.085 | Steps: 28810 | Total Reward: -33132.22124274845|
| Episode: 146 | Epsilon:  0.10 | Reward: -224.58671317313718 | Average Reward: -199.735 | Steps: 28953 | Total Reward: -33356.80795592154|
| Episode: 147 | Epsilon:  0.10 | Reward: -336.2390554631777 | Average Reward: -202.138 | Steps: 29183 | Total Reward: -33693.04701138476|
| Episode: 148 | Epsilon:  0.10 | Reward: -141.55983482483344 | Average Reward: -203.759 | Steps: 29341 | Total Reward: -33834.60684620958|
| Episode: 149 | Epsilon:  0.10 | Reward: -296.4280627112486 | Average Reward: -205.994 | Steps: 29485 | Total Reward: -34131.0349089208|
| Episode: 150 | Epsilon:  0.10 | Reward: -451.3378832404717 | Average Reward: -208.590 | Steps: 29672 | Total Reward: -34582.37279216127|
| Episode: 151 | Epsilon:  0.10 | Reward: -208.93386036958708 | Average Reward: -210.092 | Steps: 29872 | Total Reward: -34791.30665253083|
| Episode: 152 | Epsilon:  0.10 | Reward: -407.0127677707064 | Average Reward: -212.088 | Steps: 30089 | Total Reward: -35198.31942030144|
| Episode: 153 | Epsilon:  0.10 | Reward: -162.7377653339847 | Average Reward: -210.857 | Steps: 30251 | Total Reward: -35361.05718563541|
| Episode: 154 | Epsilon:  0.10 | Reward: -191.56563286374802 | Average Reward: -210.824 | Steps: 30474 | Total Reward: -35552.62281849909|
| Episode: 155 | Epsilon:  0.10 | Reward: -207.5867455409199 | Average Reward: -210.730 | Steps: 30644 | Total Reward: -35760.209564040015|
| Episode: 156 | Epsilon:  0.10 | Reward: -70.52268515972162 | Average Reward: -209.554 | Steps: 30780 | Total Reward: -35830.73224919972|
| Episode: 157 | Epsilon:  0.10 | Reward: -60.36144678380427 | Average Reward: -208.964 | Steps: 30971 | Total Reward: -35891.0936959835|
| Episode: 158 | Epsilon:  0.10 | Reward: -241.64911290937127 | Average Reward: -209.537 | Steps: 31167 | Total Reward: -36132.74280889286|
| Episode: 159 | Epsilon:  0.10 | Reward: -290.1821031237466 | Average Reward: -210.242 | Steps: 31333 | Total Reward: -36422.92491201664|
| Episode: 160 | Epsilon:  0.10 | Reward: -306.611180691036 | Average Reward: -211.266 | Steps: 31589 | Total Reward: -36729.53609270769|
| Episode: 161 | Epsilon:  0.10 | Reward: -390.8036426970274 | Average Reward: -210.543 | Steps: 31776 | Total Reward: -37120.339735404756|
| Episode: 162 | Epsilon:  0.10 | Reward: -100.61267360638374 | Average Reward: -209.816 | Steps: 31984 | Total Reward: -37220.952409011115|
| Episode: 163 | Epsilon:  0.10 | Reward: -174.8369611657924 | Average Reward: -210.661 | Steps: 32219 | Total Reward: -37395.789370176935|
| Episode: 164 | Epsilon:  0.10 | Reward: -332.6767482445093 | Average Reward: -212.738 | Steps: 32519 | Total Reward: -37728.46611842141|
| Episode: 165 | Epsilon:  0.10 | Reward: -187.233758044009 | Average Reward: -213.211 | Steps: 32668 | Total Reward: -37915.69987646541|
| Episode: 166 | Epsilon:  0.10 | Reward: -335.4849860935365 | Average Reward: -215.385 | Steps: 32922 | Total Reward: -38251.18486255895|
| Episode: 167 | Epsilon:  0.10 | Reward: -352.37989223696195 | Average Reward: -216.785 | Steps: 33145 | Total Reward: -38603.56475479592|
| Episode: 168 | Epsilon:  0.10 | Reward: -309.6786870130738 | Average Reward: -218.440 | Steps: 33465 | Total Reward: -38913.243441808954|
| Episode: 169 | Epsilon:  0.10 | Reward: -218.77925104458143 | Average Reward: -218.184 | Steps: 33607 | Total Reward: -39132.02269285354|
| Episode: 170 | Epsilon:  0.10 | Reward: -80.33734316305915 | Average Reward: -218.193 | Steps: 33861 | Total Reward: -39212.360036016595|
| Episode: 171 | Epsilon:  0.10 | Reward: -275.5443743314439 | Average Reward: -217.227 | Steps: 34027 | Total Reward: -39487.90441034806|
| Episode: 172 | Epsilon:  0.10 | Reward: -143.71377038490903 | Average Reward: -216.568 | Steps: 34256 | Total Reward: -39631.61818073294|
| Episode: 173 | Epsilon:  0.10 | Reward: -53.306478123347475 | Average Reward: -212.167 | Steps: 34441 | Total Reward: -39684.9246588563|
| Episode: 174 | Epsilon:  0.10 | Reward: -309.73514873057695 | Average Reward: -212.877 | Steps: 34724 | Total Reward: -39994.65980758688|
| Episode: 175 | Epsilon:  0.10 | Reward: -50.16415558442103 | Average Reward: -210.406 | Steps: 34852 | Total Reward: -40044.823963171315|
| Episode: 176 | Epsilon:  0.10 | Reward: 6.405430700033094 | Average Reward: -207.779 | Steps: 35049 | Total Reward: -40038.41853247124|
| Episode: 177 | Epsilon:  0.10 | Reward: -340.8825150456372 | Average Reward: -208.909 | Steps: 35217 | Total Reward: -40379.30104751689|
| Episode: 178 | Epsilon:  0.10 | Reward: -91.22138549674752 | Average Reward: -206.661 | Steps: 35377 | Total Reward: -40470.52243301364|
| Episode: 179 | Epsilon:  0.10 | Reward: -286.9814790722827 | Average Reward: -208.595 | Steps: 35587 | Total Reward: -40757.50391208591|
| Episode: 180 | Epsilon:  0.10 | Reward: -17.619578703961324 | Average Reward: -207.262 | Steps: 35798 | Total Reward: -40775.12349078987|
| Episode: 181 | Epsilon:  0.10 | Reward: -202.57824911989235 | Average Reward: -207.110 | Steps: 36029 | Total Reward: -40977.70173990978|
| Episode: 182 | Epsilon:  0.10 | Reward: -225.23930784436706 | Average Reward: -206.753 | Steps: 36279 | Total Reward: -41202.94104775412|
| Episode: 183 | Epsilon:  0.10 | Reward: -162.16455638505283 | Average Reward: -205.945 | Steps: 36490 | Total Reward: -41365.10560413917|
| Episode: 184 | Epsilon:  0.10 | Reward: -110.67453585795637 | Average Reward: -204.485 | Steps: 36664 | Total Reward: -41475.780139997114|
| Episode: 185 | Epsilon:  0.10 | Reward: -352.7196580995301 | Average Reward: -205.135 | Steps: 36908 | Total Reward: -41828.49979809669|
| Episode: 186 | Epsilon:  0.10 | Reward: -239.51651320664791 | Average Reward: -202.824 | Steps: 37095 | Total Reward: -42068.01631130339|
| Episode: 187 | Epsilon:  0.10 | Reward: -15.259934660303074 | Average Reward: -200.567 | Steps: 37305 | Total Reward: -42083.276245963665|
| Episode: 188 | Epsilon:  0.10 | Reward: -70.05064984049038 | Average Reward: -198.985 | Steps: 37480 | Total Reward: -42153.326895804166|
| Episode: 189 | Epsilon:  0.10 | Reward: -19.871849859881863 | Average Reward: -198.525 | Steps: 37678 | Total Reward: -42173.19874566403|
| Episode: 190 | Epsilon:  0.10 | Reward: -147.23005664302167 | Average Reward: -197.289 | Steps: 37877 | Total Reward: -42320.4288023071|
| Episode: 191 | Epsilon:  0.10 | Reward: -173.13524913282257 | Average Reward: -196.104 | Steps: 38044 | Total Reward: -42493.56405143991|
| Episode: 192 | Epsilon:  0.10 | Reward: -293.334460894503 | Average Reward: -198.163 | Steps: 38317 | Total Reward: -42786.898512334454|
| Episode: 193 | Epsilon:  0.10 | Reward: -106.58138915240187 | Average Reward: -197.402 | Steps: 38661 | Total Reward: -42893.47990148687|
| Episode: 194 | Epsilon:  0.10 | Reward: -129.59231190462344 | Average Reward: -196.312 | Steps: 38854 | Total Reward: -43023.07221339147|
| Episode: 195 | Epsilon:  0.10 | Reward: -240.07452490337616 | Average Reward: -196.618 | Steps: 39116 | Total Reward: -43263.14673829483|
| Episode: 196 | Epsilon:  0.10 | Reward: -230.61858179762487 | Average Reward: -194.318 | Steps: 39360 | Total Reward: -43493.76532009246|
| Episode: 197 | Epsilon:  0.10 | Reward: -256.3468381859781 | Average Reward: -196.898 | Steps: 39582 | Total Reward: -43750.11215827843|
| Episode: 198 | Epsilon:  0.10 | Reward: -222.34788303721754 | Average Reward: -198.797 | Steps: 39767 | Total Reward: -43972.46004131566|
| Episode: 199 | Epsilon:  0.10 | Reward: -90.91705029081592 | Average Reward: -196.385 | Steps: 39984 | Total Reward: -44063.37709160651|
| Episode: 200 | Epsilon:  0.10 | Reward: -223.17182180700985 | Average Reward: -196.182 | Steps: 40182 | Total Reward: -44286.54891341353|
| Episode: 201 | Epsilon:  0.10 | Reward: -170.59189222426653 | Average Reward: -197.587 | Steps: 40431 | Total Reward: -44457.140805637784|
| Episode: 202 | Epsilon:  0.10 | Reward: -96.03710533683558 | Average Reward: -197.806 | Steps: 40674 | Total Reward: -44553.1779109746|
| Episode: 203 | Epsilon:  0.10 | Reward: -191.55358910535284 | Average Reward: -198.411 | Steps: 40843 | Total Reward: -44744.73150007997|
| Episode: 204 | Epsilon:  0.10 | Reward: -84.60662759045239 | Average Reward: -196.109 | Steps: 40993 | Total Reward: -44829.33812767043|
| Episode: 205 | Epsilon:  0.10 | Reward: 56.10341556510798 | Average Reward: -193.693 | Steps: 41993 | Total Reward: -44773.23471210539|
| Episode: 206 | Epsilon:  0.10 | Reward: -95.7574035311135 | Average Reward: -193.434 | Steps: 42191 | Total Reward: -44868.99211563651|
| Episode: 207 | Epsilon:  0.10 | Reward: -146.86619597257618 | Average Reward: -192.520 | Steps: 42355 | Total Reward: -45015.85831160906|
| Episode: 208 | Epsilon:  0.10 | Reward: -36.50901025021581 | Average Reward: -192.379 | Steps: 42681 | Total Reward: -45052.36732185925|
| Episode: 209 | Epsilon:  0.10 | Reward: -259.38301914119756 | Average Reward: -193.509 | Steps: 43004 | Total Reward: -45311.75034100046|
| Episode: 210 | Epsilon:  0.10 | Reward: -41.04742101480703 | Average Reward: -192.413 | Steps: 43242 | Total Reward: -45352.79776201526|
| Episode: 211 | Epsilon:  0.10 | Reward: -78.49672724148023 | Average Reward: -192.359 | Steps: 43395 | Total Reward: -45431.294489256754|
| Episode: 212 | Epsilon:  0.10 | Reward: -56.328042093989794 | Average Reward: -191.000 | Steps: 43592 | Total Reward: -45487.62253135074|
| Episode: 213 | Epsilon:  0.10 | Reward: 8.042690007387847 | Average Reward: -188.064 | Steps: 43861 | Total Reward: -45479.57984134335|
| Episode: 214 | Epsilon:  0.10 | Reward: -136.60516290035355 | Average Reward: -187.014 | Steps: 44043 | Total Reward: -45616.18500424369|
| Episode: 215 | Epsilon:  0.10 | Reward: -9.80193014314355 | Average Reward: -185.995 | Steps: 44262 | Total Reward: -45625.986934386805|
| Episode: 216 | Epsilon:  0.10 | Reward: -46.14749543439763 | Average Reward: -184.102 | Steps: 44518 | Total Reward: -45672.13442982116|
| Episode: 217 | Epsilon:  0.10 | Reward: -144.96462947178372 | Average Reward: -182.571 | Steps: 44654 | Total Reward: -45817.099059292916|
| Episode: 218 | Epsilon:  0.10 | Reward: -59.36710916640522 | Average Reward: -182.528 | Steps: 44841 | Total Reward: -45876.46616845932|
| Episode: 219 | Epsilon:  0.10 | Reward: -0.7409787900679703 | Average Reward: -180.989 | Steps: 45065 | Total Reward: -45877.20714724944|
| Episode: 220 | Epsilon:  0.10 | Reward: -71.68204564384484 | Average Reward: -179.791 | Steps: 45247 | Total Reward: -45948.88919289332|
| Episode: 221 | Epsilon:  0.10 | Reward: -103.1513579480034 | Average Reward: -179.750 | Steps: 45430 | Total Reward: -46052.04055084134|
| Episode: 222 | Epsilon:  0.10 | Reward: -28.51750266939463 | Average Reward: -177.028 | Steps: 45596 | Total Reward: -46080.558053510766|
| Episode: 223 | Epsilon:  0.10 | Reward: -98.65037408505786 | Average Reward: -177.456 | Steps: 45798 | Total Reward: -46179.20842759582|
| Episode: 224 | Epsilon:  0.10 | Reward: -196.67576519614994 | Average Reward: -177.089 | Steps: 46045 | Total Reward: -46375.88419279192|
| Episode: 225 | Epsilon:  0.10 | Reward: -220.42755831354145 | Average Reward: -176.276 | Steps: 46280 | Total Reward: -46596.311751105495|
| Episode: 226 | Epsilon:  0.10 | Reward: -61.97464514547276 | Average Reward: -174.558 | Steps: 46708 | Total Reward: -46658.28639625107|
| Episode: 227 | Epsilon:  0.10 | Reward: -41.640856168743966 | Average Reward: -173.343 | Steps: 46917 | Total Reward: -46699.92725241978|
| Episode: 228 | Epsilon:  0.10 | Reward: 9.665875213009144 | Average Reward: -170.488 | Steps: 47161 | Total Reward: -46690.261377206756|
| Episode: 229 | Epsilon:  0.10 | Reward: 24.623218581716102 | Average Reward: -169.042 | Steps: 47387 | Total Reward: -46665.63815862506|
| Episode: 230 | Epsilon:  0.10 | Reward: -230.378641737697 | Average Reward: -167.867 | Steps: 47568 | Total Reward: -46896.01680036278|
| Episode: 231 | Epsilon:  0.10 | Reward: -280.23810999107604 | Average Reward: -167.069 | Steps: 47754 | Total Reward: -47176.25491035387|
| Episode: 232 | Epsilon:  0.10 | Reward: -154.24364108677054 | Average Reward: -166.520 | Steps: 47909 | Total Reward: -47330.49855144062|
| Episode: 233 | Epsilon:  0.10 | Reward: -138.61754316702797 | Average Reward: -165.115 | Steps: 48094 | Total Reward: -47469.116094607714|
| Episode: 234 | Epsilon:  0.10 | Reward: -333.23156189194617 | Average Reward: -165.880 | Steps: 48316 | Total Reward: -47802.34765649966|
| Episode: 235 | Epsilon:  0.10 | Reward: -24.559672458085757 | Average Reward: -164.173 | Steps: 48501 | Total Reward: -47826.90732895778|
| Episode: 236 | Epsilon:  0.10 | Reward: -231.74159537058054 | Average Reward: -163.754 | Steps: 48716 | Total Reward: -48058.648924328365|
| Episode: 237 | Epsilon:  0.10 | Reward: -262.46396961305993 | Average Reward: -163.854 | Steps: 48945 | Total Reward: -48321.11289394142|
| Episode: 238 | Epsilon:  0.10 | Reward: -208.27391604650666 | Average Reward: -165.259 | Steps: 49095 | Total Reward: -48529.38680998797|
| Episode: 239 | Epsilon:  0.10 | Reward: -117.45911673940044 | Average Reward: -164.306 | Steps: 49272 | Total Reward: -48646.845926727314|
| Episode: 240 | Epsilon:  0.10 | Reward: -49.36351161073757 | Average Reward: -163.924 | Steps: 49601 | Total Reward: -48696.20943833805|
| Episode: 241 | Epsilon:  0.10 | Reward: -152.8539945480283 | Average Reward: -163.005 | Steps: 49848 | Total Reward: -48849.06343288605|
| Episode: 242 | Epsilon:  0.10 | Reward: -32.01506771988183 | Average Reward: -163.041 | Steps: 50044 | Total Reward: -48881.0785006059|
| Episode: 243 | Epsilon:  0.10 | Reward: -325.6285907979673 | Average Reward: -165.469 | Steps: 50339 | Total Reward: -49206.707091403914|
| Episode: 244 | Epsilon:  0.10 | Reward: -221.85786410777544 | Average Reward: -165.213 | Steps: 50534 | Total Reward: -49428.564955511705|
| Episode: 245 | Epsilon:  0.10 | Reward: -338.2582257773822 | Average Reward: -166.346 | Steps: 50764 | Total Reward: -49766.82318128911|
| Episode: 246 | Epsilon:  0.10 | Reward: -105.96729637901959 | Average Reward: -165.160 | Steps: 50965 | Total Reward: -49872.79047766812|
| Episode: 247 | Epsilon:  0.10 | Reward: -242.61933120439085 | Average Reward: -164.224 | Steps: 51266 | Total Reward: -50115.40980887252|
| Episode: 248 | Epsilon:  0.10 | Reward: -247.18477248678155 | Average Reward: -165.280 | Steps: 51442 | Total Reward: -50362.59458135934|
| Episode: 249 | Epsilon:  0.10 | Reward: -70.38216522565601 | Average Reward: -163.019 | Steps: 51577 | Total Reward: -50432.97674658494|
| Episode: 250 | Epsilon:  0.10 | Reward: -229.87947927916755 | Average Reward: -160.805 | Steps: 51810 | Total Reward: -50662.856225864045|
| Episode: 251 | Epsilon:  0.10 | Reward: -217.62125516460407 | Average Reward: -160.892 | Steps: 51947 | Total Reward: -50880.47748102867|
| Episode: 252 | Epsilon:  0.10 | Reward: -284.75936927231334 | Average Reward: -159.669 | Steps: 52191 | Total Reward: -51165.23685030099|
| Episode: 253 | Epsilon:  0.10 | Reward: -236.37271954694495 | Average Reward: -160.406 | Steps: 52425 | Total Reward: -51401.60956984794|
| Episode: 254 | Epsilon:  0.10 | Reward: -224.92434308416944 | Average Reward: -160.739 | Steps: 52610 | Total Reward: -51626.53391293211|
| Episode: 255 | Epsilon:  0.10 | Reward: -294.6671987930283 | Average Reward: -161.610 | Steps: 52765 | Total Reward: -51921.20111172513|
| Episode: 256 | Epsilon:  0.10 | Reward: -57.606550820852135 | Average Reward: -161.481 | Steps: 52969 | Total Reward: -51978.80766254604|
| Episode: 257 | Epsilon:  0.10 | Reward: -261.17268293714795 | Average Reward: -163.489 | Steps: 53240 | Total Reward: -52239.98034548315|
| Episode: 258 | Epsilon:  0.10 | Reward: 12.089216778229897 | Average Reward: -160.951 | Steps: 53418 | Total Reward: -52227.891128704905|
| Episode: 259 | Epsilon:  0.10 | Reward: -32.44975241482584 | Average Reward: -158.374 | Steps: 53647 | Total Reward: -52260.34088111972|
| Episode: 260 | Epsilon:  0.10 | Reward: -151.5185047617333 | Average Reward: -156.823 | Steps: 53828 | Total Reward: -52411.859385881435|
| Episode: 261 | Epsilon:  0.10 | Reward: -89.49798289865618 | Average Reward: -153.810 | Steps: 54024 | Total Reward: -52501.35736878008|
| Episode: 262 | Epsilon:  0.10 | Reward: -35.31556297991821 | Average Reward: -153.157 | Steps: 54239 | Total Reward: -52536.67293176001|
| Episode: 263 | Epsilon:  0.10 | Reward: -230.91083781936283 | Average Reward: -153.718 | Steps: 54394 | Total Reward: -52767.5837695794|
| Episode: 264 | Epsilon:  0.10 | Reward: -162.97446366186495 | Average Reward: -152.021 | Steps: 54555 | Total Reward: -52930.55823324127|
| Episode: 265 | Epsilon:  0.10 | Reward: -35.370344478927365 | Average Reward: -150.502 | Steps: 54675 | Total Reward: -52965.928577720224|
| Episode: 266 | Epsilon:  0.10 | Reward: -243.85064252236594 | Average Reward: -149.586 | Steps: 54893 | Total Reward: -53209.77922024261|
| Episode: 267 | Epsilon:  0.10 | Reward: -46.16963704993506 | Average Reward: -146.524 | Steps: 55081 | Total Reward: -53255.9488572925|
| Episode: 268 | Epsilon:  0.10 | Reward: -80.65131058182094 | Average Reward: -144.234 | Steps: 55296 | Total Reward: -53336.60016787432|
| Episode: 269 | Epsilon:  0.10 | Reward: -54.019946626980996 | Average Reward: -142.586 | Steps: 55501 | Total Reward: -53390.62011450126|
| Episode: 270 | Epsilon:  0.10 | Reward: -256.9192696583399 | Average Reward: -144.352 | Steps: 55731 | Total Reward: -53647.539384159594|
| Episode: 271 | Epsilon:  0.10 | Reward: -198.0346390238887 | Average Reward: -143.577 | Steps: 55890 | Total Reward: -53845.57402318347|
| Episode: 272 | Epsilon:  0.10 | Reward: -231.28945450488604 | Average Reward: -144.452 | Steps: 56135 | Total Reward: -54076.863477688305|
| Episode: 273 | Epsilon:  0.10 | Reward: -99.30869117108422 | Average Reward: -144.912 | Steps: 56355 | Total Reward: -54176.1721688594|
| Episode: 274 | Epsilon:  0.10 | Reward: -38.09830764595458 | Average Reward: -142.196 | Steps: 56544 | Total Reward: -54214.270476505335|
| Episode: 275 | Epsilon:  0.10 | Reward: -177.0520764790527 | Average Reward: -143.465 | Steps: 56715 | Total Reward: -54391.322552984384|
| Episode: 276 | Epsilon:  0.10 | Reward: -310.8950732825191 | Average Reward: -146.638 | Steps: 56882 | Total Reward: -54702.21762626687|
| Episode: 277 | Epsilon:  0.10 | Reward: -272.9199927852247 | Average Reward: -145.958 | Steps: 57046 | Total Reward: -54975.13761905214|
| Episode: 278 | Epsilon:  0.10 | Reward: -71.55730103757875 | Average Reward: -145.762 | Steps: 57199 | Total Reward: -55046.694920089736|
| Episode: 279 | Epsilon:  0.10 | Reward: -16.09956594314636 | Average Reward: -143.053 | Steps: 57391 | Total Reward: -55062.79448603287|
| Episode: 280 | Epsilon:  0.10 | Reward: -202.76025670991953 | Average Reward: -144.904 | Steps: 57625 | Total Reward: -55265.55474274278|
| Episode: 281 | Epsilon:  0.10 | Reward: -286.3538336109601 | Average Reward: -145.742 | Steps: 57797 | Total Reward: -55551.90857635374|
| Episode: 282 | Epsilon:  0.10 | Reward: 24.106529562099077 | Average Reward: -143.249 | Steps: 58797 | Total Reward: -55527.802046791534|
| Episode: 283 | Epsilon:  0.10 | Reward: -89.8913224588945 | Average Reward: -142.526 | Steps: 59015 | Total Reward: -55617.693369250446|
| Episode: 284 | Epsilon:  0.10 | Reward: -116.3354139713882 | Average Reward: -142.582 | Steps: 59212 | Total Reward: -55734.028783221846|
| Episode: 285 | Epsilon:  0.10 | Reward: -201.15842302632348 | Average Reward: -141.067 | Steps: 59388 | Total Reward: -55935.187206248185|
| Episode: 286 | Epsilon:  0.10 | Reward: -68.31463873878538 | Average Reward: -139.355 | Steps: 59514 | Total Reward: -56003.501844986946|
| Episode: 287 | Epsilon:  0.10 | Reward: -116.65275691593962 | Average Reward: -140.369 | Steps: 59712 | Total Reward: -56120.15460190284|
| Episode: 288 | Epsilon:  0.10 | Reward: -267.6489683930531 | Average Reward: -142.345 | Steps: 59971 | Total Reward: -56387.80357029597|
| Episode: 289 | Epsilon:  0.10 | Reward: -274.3374811775086 | Average Reward: -144.889 | Steps: 60193 | Total Reward: -56662.141051473474|
| Episode: 290 | Epsilon:  0.10 | Reward: -120.78505541366826 | Average Reward: -144.625 | Steps: 60389 | Total Reward: -56782.92610688713|
| Episode: 291 | Epsilon:  0.10 | Reward: -70.70520227781655 | Average Reward: -143.601 | Steps: 60586 | Total Reward: -56853.631309164964|
| Episode: 292 | Epsilon:  0.10 | Reward: -212.82369567541537 | Average Reward: -142.796 | Steps: 60752 | Total Reward: -57066.45500484036|
| Episode: 293 | Epsilon:  0.10 | Reward: -276.0314888708857 | Average Reward: -144.490 | Steps: 60974 | Total Reward: -57342.486493711265|
| Episode: 294 | Epsilon:  0.10 | Reward: -34.958342196718135 | Average Reward: -143.544 | Steps: 61182 | Total Reward: -57377.44483590797|
| Episode: 295 | Epsilon:  0.10 | Reward: -102.40561833355127 | Average Reward: -142.167 | Steps: 61404 | Total Reward: -57479.850454241474|
| Episode: 296 | Epsilon:  0.10 | Reward: -101.01547085186816 | Average Reward: -140.871 | Steps: 61588 | Total Reward: -57580.86592509333|
| Episode: 297 | Epsilon:  0.10 | Reward: -268.1441929110133 | Average Reward: -140.989 | Steps: 61886 | Total Reward: -57849.01011800433|
| Episode: 298 | Epsilon:  0.10 | Reward: -325.3790647736186 | Average Reward: -142.019 | Steps: 62115 | Total Reward: -58174.38918277794|
| Episode: 299 | Epsilon:  0.10 | Reward: 223.3582656387257 | Average Reward: -138.877 | Steps: 62614 | Total Reward: -57951.03091713924|
| Episode: 300 | Epsilon:  0.10 | Reward: -96.59312456660193 | Average Reward: -137.611 | Steps: 62794 | Total Reward: -58047.624041705785|
| Episode: 301 | Epsilon:  0.10 | Reward: -219.7842465812456 | Average Reward: -138.103 | Steps: 62959 | Total Reward: -58267.40828828699|
| Episode: 302 | Epsilon:  0.10 | Reward: -86.06443858149609 | Average Reward: -138.003 | Steps: 63095 | Total Reward: -58353.47272686841|
| Episode: 303 | Epsilon:  0.10 | Reward: -89.74150088662783 | Average Reward: -136.985 | Steps: 63297 | Total Reward: -58443.21422775502|
| Episode: 304 | Epsilon:  0.10 | Reward: -341.3260079896568 | Average Reward: -139.552 | Steps: 63524 | Total Reward: -58784.540235744666|
| Episode: 305 | Epsilon:  0.10 | Reward: -34.05410267061751 | Average Reward: -140.454 | Steps: 63663 | Total Reward: -58818.594338415285|
| Episode: 306 | Epsilon:  0.10 | Reward: -233.4170816731235 | Average Reward: -141.830 | Steps: 63878 | Total Reward: -59052.01142008838|
| Episode: 307 | Epsilon:  0.10 | Reward: -88.86395665188664 | Average Reward: -141.250 | Steps: 64046 | Total Reward: -59140.8753767403|
| Episode: 308 | Epsilon:  0.10 | Reward: -42.6559319053691 | Average Reward: -141.312 | Steps: 64261 | Total Reward: -59183.53130864568|
| Episode: 309 | Epsilon:  0.10 | Reward: -286.1023405744932 | Average Reward: -141.579 | Steps: 64508 | Total Reward: -59469.633649220224|
| Episode: 310 | Epsilon:  0.10 | Reward: -265.90388271414685 | Average Reward: -143.827 | Steps: 64658 | Total Reward: -59735.537531934366|
| Episode: 311 | Epsilon:  0.10 | Reward: -275.4544555938953 | Average Reward: -145.797 | Steps: 64814 | Total Reward: -60010.99198752827|
| Episode: 312 | Epsilon:  0.10 | Reward: -235.76853417206263 | Average Reward: -147.591 | Steps: 64982 | Total Reward: -60246.76052170033|
| Episode: 313 | Epsilon:  0.10 | Reward: -238.52012331217082 | Average Reward: -150.057 | Steps: 65229 | Total Reward: -60485.280645012506|
| Episode: 314 | Epsilon:  0.10 | Reward: -244.83069815880495 | Average Reward: -151.139 | Steps: 65458 | Total Reward: -60730.11134317133|
| Episode: 315 | Epsilon:  0.10 | Reward: -339.1184765259672 | Average Reward: -154.432 | Steps: 65666 | Total Reward: -61069.229819697306|
| Episode: 316 | Epsilon:  0.10 | Reward: -256.5833231294415 | Average Reward: -156.537 | Steps: 65878 | Total Reward: -61325.813142826766|
| Episode: 317 | Epsilon:  0.10 | Reward: -15.36654718020327 | Average Reward: -155.241 | Steps: 66071 | Total Reward: -61341.17969000697|
| Episode: 318 | Epsilon:  0.10 | Reward: -271.0554517825906 | Average Reward: -157.358 | Steps: 66264 | Total Reward: -61612.235141789526|
| Episode: 319 | Epsilon:  0.10 | Reward: -238.4483731569286 | Average Reward: -159.735 | Steps: 66500 | Total Reward: -61850.683514946504|
| Episode: 320 | Epsilon:  0.10 | Reward: -177.63481851898888 | Average Reward: -160.794 | Steps: 66655 | Total Reward: -62028.31833346551|
| Episode: 321 | Epsilon:  0.10 | Reward: -184.991804694827 | Average Reward: -161.613 | Steps: 66819 | Total Reward: -62213.31013816035|
| Episode: 322 | Epsilon:  0.10 | Reward: -207.35864181331124 | Average Reward: -163.401 | Steps: 66992 | Total Reward: -62420.66877997364|
| Episode: 323 | Epsilon:  0.10 | Reward: -52.086684369922075 | Average Reward: -162.935 | Steps: 67188 | Total Reward: -62472.75546434356|
| Episode: 324 | Epsilon:  0.10 | Reward: -348.48039850698797 | Average Reward: -164.454 | Steps: 67417 | Total Reward: -62821.23586285055|
| Episode: 325 | Epsilon:  0.10 | Reward: -137.99022729393144 | Average Reward: -163.629 | Steps: 67636 | Total Reward: -62959.22609014453|
| Episode: 326 | Epsilon:  0.10 | Reward: 20.505871611523702 | Average Reward: -162.804 | Steps: 67864 | Total Reward: -62938.72021853302|
| Episode: 327 | Epsilon:  0.10 | Reward: -2.827633655216573 | Average Reward: -162.416 | Steps: 68093 | Total Reward: -62941.54785218822|
| Episode: 328 | Epsilon:  0.10 | Reward: -119.41345343571811 | Average Reward: -163.707 | Steps: 68399 | Total Reward: -63060.961305623896|
| Episode: 329 | Epsilon:  0.10 | Reward: -93.02169967311494 | Average Reward: -164.883 | Steps: 68611 | Total Reward: -63153.98300529701|
| Episode: 330 | Epsilon:  0.10 | Reward: -179.8019916487268 | Average Reward: -164.378 | Steps: 68779 | Total Reward: -63333.784996945724|
| Episode: 331 | Epsilon:  0.10 | Reward: -57.39935518737783 | Average Reward: -162.149 | Steps: 68963 | Total Reward: -63391.18435213313|
| Episode: 332 | Epsilon:  0.10 | Reward: -169.02167428718974 | Average Reward: -162.297 | Steps: 69123 | Total Reward: -63560.20602642032|
| Episode: 333 | Epsilon:  0.10 | Reward: -61.18708252236304 | Average Reward: -161.523 | Steps: 69335 | Total Reward: -63621.393108942655|
| Episode: 334 | Epsilon:  0.10 | Reward: -137.69214975729898 | Average Reward: -159.567 | Steps: 69496 | Total Reward: -63759.08525869993|
| Episode: 335 | Epsilon:  0.10 | Reward: -186.6206401591056 | Average Reward: -161.188 | Steps: 69725 | Total Reward: -63945.70589885906|
| Episode: 336 | Epsilon:  0.10 | Reward: -93.90871381018434 | Average Reward: -159.810 | Steps: 69926 | Total Reward: -64039.61461266918|
| Episode: 337 | Epsilon:  0.10 | Reward: -270.8637849686496 | Average Reward: -159.894 | Steps: 70138 | Total Reward: -64310.478397637846|
| Episode: 338 | Epsilon:  0.10 | Reward: -312.97655225660804 | Average Reward: -160.941 | Steps: 70314 | Total Reward: -64623.45494989446|
| Episode: 339 | Epsilon:  0.10 | Reward: -408.16815088741 | Average Reward: -163.848 | Steps: 70551 | Total Reward: -65031.62310078189|
| Episode: 340 | Epsilon:  0.10 | Reward: -219.23509121280725 | Average Reward: -165.546 | Steps: 70784 | Total Reward: -65250.85819199472|
| Episode: 341 | Epsilon:  0.10 | Reward: -224.68425516805758 | Average Reward: -166.265 | Steps: 71014 | Total Reward: -65475.5424471628|
| Episode: 342 | Epsilon:  0.10 | Reward: -96.11214492594138 | Average Reward: -166.906 | Steps: 71216 | Total Reward: -65571.65459208869|
| Episode: 343 | Epsilon:  0.10 | Reward: -28.039002890858953 | Average Reward: -163.930 | Steps: 71497 | Total Reward: -65599.69359497956|
| Episode: 344 | Epsilon:  0.10 | Reward: -147.390717666073 | Average Reward: -163.185 | Steps: 71672 | Total Reward: -65747.08431264565|
| Episode: 345 | Epsilon:  0.10 | Reward: -229.24774103547986 | Average Reward: -162.095 | Steps: 71982 | Total Reward: -65976.3320536812|
| Episode: 346 | Epsilon:  0.10 | Reward: -134.31818481729493 | Average Reward: -162.379 | Steps: 72211 | Total Reward: -66110.65023849836|
| Episode: 347 | Epsilon:  0.10 | Reward: -203.77256448416261 | Average Reward: -161.990 | Steps: 72383 | Total Reward: -66314.42280298249|
| Episode: 348 | Epsilon:  0.10 | Reward: 9.479396099717675 | Average Reward: -159.423 | Steps: 72624 | Total Reward: -66304.94340688265|
| Episode: 349 | Epsilon:  0.10 | Reward: -60.172963711415925 | Average Reward: -159.321 | Steps: 72916 | Total Reward: -66365.1163705941|
| Episode: 350 | Epsilon:  0.10 | Reward: -120.28832561513218 | Average Reward: -158.225 | Steps: 73074 | Total Reward: -66485.40469620924|
| Episode: 351 | Epsilon:  0.10 | Reward: -310.8127949038965 | Average Reward: -159.157 | Steps: 73300 | Total Reward: -66796.2174911131|
| Episode: 352 | Epsilon:  0.10 | Reward: -97.72518231762469 | Average Reward: -157.287 | Steps: 73432 | Total Reward: -66893.94267343075|
| Episode: 353 | Epsilon:  0.10 | Reward: -114.92962184356904 | Average Reward: -156.073 | Steps: 73607 | Total Reward: -67008.87229527434|
| Episode: 354 | Epsilon:  0.10 | Reward: -237.08419891616535 | Average Reward: -156.194 | Steps: 73791 | Total Reward: -67245.95649419047|
| Episode: 355 | Epsilon:  0.10 | Reward: -233.55116293763695 | Average Reward: -155.583 | Steps: 74033 | Total Reward: -67479.50765712805|
| Episode: 356 | Epsilon:  0.10 | Reward: -107.3236767791947 | Average Reward: -156.080 | Steps: 74232 | Total Reward: -67586.83133390719|
| Episode: 357 | Epsilon:  0.10 | Reward: -56.708084368151006 | Average Reward: -154.036 | Steps: 74465 | Total Reward: -67643.53941827545|
| Episode: 358 | Epsilon:  0.10 | Reward: -252.31574828114265 | Average Reward: -156.680 | Steps: 74694 | Total Reward: -67895.85516655658|
| Episode: 359 | Epsilon:  0.10 | Reward: -71.68367208487707 | Average Reward: -157.072 | Steps: 74922 | Total Reward: -67967.5388386415|
| Episode: 360 | Epsilon:  0.10 | Reward: 57.56815580947597 | Average Reward: -154.981 | Steps: 75126 | Total Reward: -67909.97068283193|
| Episode: 361 | Epsilon:  0.10 | Reward: -312.96730306600466 | Average Reward: -157.216 | Steps: 75376 | Total Reward: -68222.93798589791|
| Episode: 362 | Epsilon:  0.10 | Reward: -86.68240981932931 | Average Reward: -157.729 | Steps: 75575 | Total Reward: -68309.62039571718|
| Episode: 363 | Epsilon:  0.10 | Reward: -66.94706842629249 | Average Reward: -156.090 | Steps: 75724 | Total Reward: -68376.56746414347|
| Episode: 364 | Epsilon:  0.10 | Reward: -106.68621835215754 | Average Reward: -155.527 | Steps: 75923 | Total Reward: -68483.25368249558|
| Episode: 365 | Epsilon:  0.10 | Reward: -58.39604881043233 | Average Reward: -155.757 | Steps: 76107 | Total Reward: -68541.64973130602|
| Episode: 366 | Epsilon:  0.10 | Reward: -480.9532173636732 | Average Reward: -158.128 | Steps: 76274 | Total Reward: -69022.60294866962|
| Episode: 367 | Epsilon:  0.10 | Reward: -135.06373201104867 | Average Reward: -159.017 | Steps: 76444 | Total Reward: -69157.66668068075|
| Episode: 368 | Epsilon:  0.10 | Reward: -98.78358785473495 | Average Reward: -159.199 | Steps: 76604 | Total Reward: -69256.45026853537|
| Episode: 369 | Epsilon:  0.10 | Reward: -153.27330365864228 | Average Reward: -160.191 | Steps: 76788 | Total Reward: -69409.72357219401|
| Episode: 370 | Epsilon:  0.10 | Reward: -196.6913299180664 | Average Reward: -159.589 | Steps: 77061 | Total Reward: -69606.41490211198|
| Episode: 371 | Epsilon:  0.10 | Reward: 41.65842663243592 | Average Reward: -157.192 | Steps: 77276 | Total Reward: -69564.75647547955|
| Episode: 372 | Epsilon:  0.10 | Reward: -88.71164885558596 | Average Reward: -155.766 | Steps: 77464 | Total Reward: -69653.46812433514|
| Episode: 373 | Epsilon:  0.10 | Reward: -115.5790499806373 | Average Reward: -155.929 | Steps: 77677 | Total Reward: -69769.04717431586|
| Episode: 374 | Epsilon:  0.10 | Reward: -222.97435758728923 | Average Reward: -157.778 | Steps: 77932 | Total Reward: -69992.02153190314|
| Episode: 375 | Epsilon:  0.10 | Reward: -55.15704701777928 | Average Reward: -156.559 | Steps: 78054 | Total Reward: -70047.17857892095|
| Episode: 376 | Epsilon:  0.10 | Reward: -228.08671507912211 | Average Reward: -155.730 | Steps: 78274 | Total Reward: -70275.26529400011|
| Episode: 377 | Epsilon:  0.10 | Reward: -32.18582071819087 | Average Reward: -153.323 | Steps: 78453 | Total Reward: -70307.45111471822|
| Episode: 378 | Epsilon:  0.10 | Reward: -229.62967686227063 | Average Reward: -154.904 | Steps: 78659 | Total Reward: -70537.0807915804|
| Episode: 379 | Epsilon:  0.10 | Reward: 28.426437706600638 | Average Reward: -154.459 | Steps: 78822 | Total Reward: -70508.65435387385|
| Episode: 380 | Epsilon:  0.10 | Reward: -166.8907161054107 | Average Reward: -154.100 | Steps: 78999 | Total Reward: -70675.54506997924|
| Episode: 381 | Epsilon:  0.10 | Reward: -235.32241657397347 | Average Reward: -153.590 | Steps: 79216 | Total Reward: -70910.86748655325|
| Episode: 382 | Epsilon:  0.10 | Reward: -61.60902026817387 | Average Reward: -154.447 | Steps: 79417 | Total Reward: -70972.4765068214|
| Episode: 383 | Epsilon:  0.10 | Reward: -221.18742320957824 | Average Reward: -155.760 | Steps: 79595 | Total Reward: -71193.66393003095|
| Episode: 384 | Epsilon:  0.10 | Reward: -271.3069638853114 | Average Reward: -157.309 | Steps: 79801 | Total Reward: -71464.97089391616|
| Episode: 385 | Epsilon:  0.10 | Reward: -178.09087743227417 | Average Reward: -157.079 | Steps: 80013 | Total Reward: -71643.06177134837|
| Episode: 386 | Epsilon:  0.10 | Reward: -212.27360675133636 | Average Reward: -158.518 | Steps: 80273 | Total Reward: -71855.33537809976|
| Episode: 387 | Epsilon:  0.10 | Reward: -236.94032250406616 | Average Reward: -159.721 | Steps: 80492 | Total Reward: -72092.2757006037|
| Episode: 388 | Epsilon:  0.10 | Reward: -219.38772093905177 | Average Reward: -159.239 | Steps: 80709 | Total Reward: -72311.66342154267|
| Episode: 389 | Epsilon:  0.10 | Reward: 8.685038645659603 | Average Reward: -156.408 | Steps: 80933 | Total Reward: -72302.97838289701|
| Episode: 390 | Epsilon:  0.10 | Reward: -209.9582080390137 | Average Reward: -157.300 | Steps: 81234 | Total Reward: -72512.93659093603|
| Episode: 391 | Epsilon:  0.10 | Reward: -52.558539630157874 | Average Reward: -157.119 | Steps: 81481 | Total Reward: -72565.49513056612|
| Episode: 392 | Epsilon:  0.10 | Reward: -285.8503140080285 | Average Reward: -157.849 | Steps: 81674 | Total Reward: -72851.34544457411|
| Episode: 393 | Epsilon:  0.10 | Reward: -61.863644339438345 | Average Reward: -155.707 | Steps: 81918 | Total Reward: -72913.20908891357|
| Episode: 394 | Epsilon:  0.10 | Reward: -56.25195510227459 | Average Reward: -155.920 | Steps: 82126 | Total Reward: -72969.46104401577|
| Episode: 395 | Epsilon:  0.10 | Reward: -63.58496170894243 | Average Reward: -155.532 | Steps: 82363 | Total Reward: -73033.04600572471|
| Episode: 396 | Epsilon:  0.10 | Reward: -279.91186723959856 | Average Reward: -157.321 | Steps: 82517 | Total Reward: -73312.95787296424|
| Episode: 397 | Epsilon:  0.10 | Reward: 54.74037363748528 | Average Reward: -154.092 | Steps: 82792 | Total Reward: -73258.21749932673|
| Episode: 398 | Epsilon:  0.10 | Reward: -27.724705530395056 | Average Reward: -151.116 | Steps: 82936 | Total Reward: -73285.94220485716|
| Episode: 399 | Epsilon:  0.10 | Reward: -251.04387393867415 | Average Reward: -155.860 | Steps: 83188 | Total Reward: -73536.98607879589|
| Episode: 400 | Epsilon:  0.10 | Reward: -101.41379898857637 | Average Reward: -155.908 | Steps: 83395 | Total Reward: -73638.39987778442|
| Episode: 401 | Epsilon:  0.10 | Reward: -220.85644302957598 | Average Reward: -155.918 | Steps: 83701 | Total Reward: -73859.25632081396|
| Episode: 402 | Epsilon:  0.10 | Reward: 28.125312448437484 | Average Reward: -154.777 | Steps: 83945 | Total Reward: -73831.13100836548|
| Episode: 403 | Epsilon:  0.10 | Reward: 64.24999101707667 | Average Reward: -153.237 | Steps: 84176 | Total Reward: -73766.88101734834|
| Episode: 404 | Epsilon:  0.10 | Reward: -83.1499955560326 | Average Reward: -150.655 | Steps: 84373 | Total Reward: -73850.0310129043|
| Episode: 405 | Epsilon:  0.10 | Reward: -338.75051147701686 | Average Reward: -153.702 | Steps: 84544 | Total Reward: -74188.78152438137|
| Episode: 406 | Epsilon:  0.10 | Reward: -381.66943010267266 | Average Reward: -155.184 | Steps: 84806 | Total Reward: -74570.45095448388|
| Episode: 407 | Epsilon:  0.10 | Reward: -144.857611479217 | Average Reward: -155.744 | Steps: 85100 | Total Reward: -74715.30856596309|
| Episode: 408 | Epsilon:  0.10 | Reward: -251.26804975627604 | Average Reward: -157.830 | Steps: 85346 | Total Reward: -74966.57661571924|
| Episode: 409 | Epsilon:  0.10 | Reward: -209.53679165208422 | Average Reward: -157.065 | Steps: 85521 | Total Reward: -75176.11340737132|
| Episode: 410 | Epsilon:  0.10 | Reward: -214.51308321512892 | Average Reward: -156.551 | Steps: 85779 | Total Reward: -75390.62649058642|
| Episode: 411 | Epsilon:  0.10 | Reward: -218.92308403063947 | Average Reward: -155.986 | Steps: 86078 | Total Reward: -75609.54957461706|
| Episode: 412 | Epsilon:  0.10 | Reward: -150.53858116045728 | Average Reward: -155.133 | Steps: 86255 | Total Reward: -75760.08815577747|
| Episode: 413 | Epsilon:  0.10 | Reward: -61.11086176986174 | Average Reward: -153.359 | Steps: 86443 | Total Reward: -75821.19901754729|
| Episode: 414 | Epsilon:  0.10 | Reward: -209.99073554934924 | Average Reward: -153.011 | Steps: 86684 | Total Reward: -76031.18975309658|
| Episode: 415 | Epsilon:  0.10 | Reward: -284.4260904027766 | Average Reward: -152.464 | Steps: 86952 | Total Reward: -76315.61584349928|
| Episode: 416 | Epsilon:  0.10 | Reward: -462.48269987572877 | Average Reward: -154.523 | Steps: 87131 | Total Reward: -76778.09854337502|
| Episode: 417 | Epsilon:  0.10 | Reward: 227.80030814965684 | Average Reward: -152.091 | Steps: 87533 | Total Reward: -76550.29823522532|
| Episode: 418 | Epsilon:  0.10 | Reward: -234.51623198147513 | Average Reward: -151.726 | Steps: 87807 | Total Reward: -76784.8144672067|
| Episode: 419 | Epsilon:  0.10 | Reward: -37.36471036208735 | Average Reward: -149.715 | Steps: 88042 | Total Reward: -76822.17917756883|
| Episode: 420 | Epsilon:  0.10 | Reward: -94.35541335547347 | Average Reward: -148.882 | Steps: 88273 | Total Reward: -76916.53459092432|
| Episode: 421 | Epsilon:  0.10 | Reward: -89.26154029763835 | Average Reward: -147.925 | Steps: 88567 | Total Reward: -77005.79613122188|
| Episode: 422 | Epsilon:  0.10 | Reward: -130.23926921454887 | Average Reward: -147.154 | Steps: 88794 | Total Reward: -77136.03540043635|
| Episode: 423 | Epsilon:  0.10 | Reward: -98.65417450287921 | Average Reward: -147.619 | Steps: 88990 | Total Reward: -77234.6895749392|
| Episode: 424 | Epsilon:  0.10 | Reward: -6.2531248062063725 | Average Reward: -144.197 | Steps: 89183 | Total Reward: -77240.94269974538|
| Episode: 425 | Epsilon:  0.10 | Reward: -73.86815072969569 | Average Reward: -143.556 | Steps: 89399 | Total Reward: -77314.81085047504|
| Episode: 426 | Epsilon:  0.10 | Reward: -250.1430825203876 | Average Reward: -146.262 | Steps: 89599 | Total Reward: -77564.95393299538|
| Episode: 427 | Epsilon:  0.10 | Reward: -294.75719928124147 | Average Reward: -149.182 | Steps: 89829 | Total Reward: -77859.71113227664|
| Episode: 428 | Epsilon:  0.10 | Reward: -6.845787429716893 | Average Reward: -148.056 | Steps: 90047 | Total Reward: -77866.55691970633|
| Episode: 429 | Epsilon:  0.10 | Reward: -218.3852553356953 | Average Reward: -149.310 | Steps: 90201 | Total Reward: -78084.94217504196|
| Episode: 430 | Epsilon:  0.10 | Reward: -57.99669007102766 | Average Reward: -148.092 | Steps: 90383 | Total Reward: -78142.93886511293|
| Episode: 431 | Epsilon:  0.10 | Reward: -443.9986991600925 | Average Reward: -151.958 | Steps: 90624 | Total Reward: -78586.93756427306|
| Episode: 432 | Epsilon:  0.10 | Reward: -221.23360049360033 | Average Reward: -152.480 | Steps: 90944 | Total Reward: -78808.17116476675|
| Episode: 433 | Epsilon:  0.10 | Reward: -99.15025082862027 | Average Reward: -152.859 | Steps: 91118 | Total Reward: -78907.32141559538|
| Episode: 434 | Epsilon:  0.10 | Reward: -259.3420500503796 | Average Reward: -154.076 | Steps: 91342 | Total Reward: -79166.66346564575|
| Episode: 435 | Epsilon:  0.10 | Reward: -319.005347630583 | Average Reward: -155.400 | Steps: 91573 | Total Reward: -79485.66881327637|
| Episode: 436 | Epsilon:  0.10 | Reward: -263.348899411479 | Average Reward: -157.094 | Steps: 91810 | Total Reward: -79749.01771268791|
| Episode: 437 | Epsilon:  0.10 | Reward: -30.996183474589486 | Average Reward: -154.695 | Steps: 92005 | Total Reward: -79780.01389616245|
| Episode: 438 | Epsilon:  0.10 | Reward: -338.37026014696204 | Average Reward: -154.949 | Steps: 92187 | Total Reward: -80118.38415630943|
| Episode: 439 | Epsilon:  0.10 | Reward: -215.0661498142145 | Average Reward: -153.018 | Steps: 92428 | Total Reward: -80333.45030612373|
| Episode: 440 | Epsilon:  0.10 | Reward: -160.8523954853694 | Average Reward: -152.434 | Steps: 92705 | Total Reward: -80494.30270160899|
| Episode: 441 | Epsilon:  0.10 | Reward: -256.07431541308074 | Average Reward: -152.748 | Steps: 92904 | Total Reward: -80750.37701702214|
| Episode: 442 | Epsilon:  0.10 | Reward: -480.5635912399163 | Average Reward: -156.593 | Steps: 93145 | Total Reward: -81230.94060826211|
| Episode: 443 | Epsilon:  0.10 | Reward: -282.23614806969226 | Average Reward: -159.135 | Steps: 93379 | Total Reward: -81513.17675633177|
| Episode: 444 | Epsilon:  0.10 | Reward: -343.1558371544905 | Average Reward: -161.092 | Steps: 93708 | Total Reward: -81856.33259348625|
| Episode: 445 | Epsilon:  0.10 | Reward: -93.18927338839462 | Average Reward: -159.732 | Steps: 94012 | Total Reward: -81949.52186687462|
| Episode: 446 | Epsilon:  0.10 | Reward: -119.61804879242585 | Average Reward: -159.585 | Steps: 94254 | Total Reward: -82069.13991566718|
| Episode: 447 | Epsilon:  0.10 | Reward: -198.67657846055005 | Average Reward: -159.534 | Steps: 94482 | Total Reward: -82267.81649412782|
| Episode: 448 | Epsilon:  0.10 | Reward: -223.37863032759708 | Average Reward: -161.863 | Steps: 94701 | Total Reward: -82491.19512445547|
| Episode: 449 | Epsilon:  0.10 | Reward: -13.318995803108066 | Average Reward: -161.394 | Steps: 94955 | Total Reward: -82504.51412025864|
| Episode: 450 | Epsilon:  0.10 | Reward: -216.80787092780375 | Average Reward: -162.359 | Steps: 95181 | Total Reward: -82721.32199118646|
| Episode: 451 | Epsilon:  0.10 | Reward: -274.94842907589646 | Average Reward: -162.001 | Steps: 95465 | Total Reward: -82996.27042026236|
| Episode: 452 | Epsilon:  0.10 | Reward: -87.53581139392902 | Average Reward: -161.899 | Steps: 95676 | Total Reward: -83083.80623165626|
| Episode: 453 | Epsilon:  0.10 | Reward: -20.539143257232013 | Average Reward: -160.955 | Steps: 95927 | Total Reward: -83104.34537491348|
| Episode: 454 | Epsilon:  0.10 | Reward: -291.7170561960937 | Average Reward: -161.501 | Steps: 96092 | Total Reward: -83396.06243110965|
| Episode: 455 | Epsilon:  0.10 | Reward: -64.07797772324723 | Average Reward: -159.806 | Steps: 96370 | Total Reward: -83460.14040883289|
| Episode: 456 | Epsilon:  0.10 | Reward: -240.58587001576586 | Average Reward: -161.139 | Steps: 96656 | Total Reward: -83700.72627884855|
| Episode: 457 | Epsilon:  0.10 | Reward: -16.313818024994717 | Average Reward: -160.735 | Steps: 96857 | Total Reward: -83717.04009687359|
| Episode: 458 | Epsilon:  0.10 | Reward: -224.45834843831798 | Average Reward: -160.456 | Steps: 97034 | Total Reward: -83941.49844531188|
| Episode: 459 | Epsilon:  0.10 | Reward: -45.27572017035784 | Average Reward: -160.192 | Steps: 97239 | Total Reward: -83986.77416548214|
| Episode: 460 | Epsilon:  0.10 | Reward: -29.421676803557077 | Average Reward: -161.062 | Steps: 97426 | Total Reward: -84016.19584228567|
| Episode: 461 | Epsilon:  0.10 | Reward: 189.48819456944597 | Average Reward: -156.038 | Steps: 97993 | Total Reward: -83826.7076477163|
| Episode: 462 | Epsilon:  0.10 | Reward: -43.23179414437094 | Average Reward: -155.603 | Steps: 98261 | Total Reward: -83869.93944186074|
| Episode: 463 | Epsilon:  0.10 | Reward: -218.23368021163793 | Average Reward: -157.116 | Steps: 98584 | Total Reward: -84088.17312207237|
| Episode: 464 | Epsilon:  0.10 | Reward: -209.95700951527039 | Average Reward: -158.149 | Steps: 98773 | Total Reward: -84298.13013158775|
| Episode: 465 | Epsilon:  0.10 | Reward: -343.26166958635315 | Average Reward: -160.997 | Steps: 99043 | Total Reward: -84641.39180117409|
| Episode: 466 | Epsilon:  0.10 | Reward: -89.00603505720255 | Average Reward: -157.078 | Steps: 99225 | Total Reward: -84730.39783623135|
| Episode: 467 | Epsilon:  0.10 | Reward: -171.82972402970205 | Average Reward: -157.446 | Steps: 99452 | Total Reward: -84902.22756026103|
| Episode: 468 | Epsilon:  0.10 | Reward: -20.973478186348075 | Average Reward: -156.668 | Steps: 99707 | Total Reward: -84923.20103844747|
| Episode: 469 | Epsilon:  0.10 | Reward: -239.6747066463677 | Average Reward: -157.532 | Steps: 99927 | Total Reward: -85162.87574509373|
| Episode: 470 | Epsilon:  0.10 | Reward: -269.5722178554582 | Average Reward: -158.260 | Steps: 100192 | Total Reward: -85432.44796294915|
| Episode: 471 | Epsilon:  0.10 | Reward: -92.92218633606794 | Average Reward: -159.606 | Steps: 100475 | Total Reward: -85525.37014928526|
| Episode: 472 | Epsilon:  0.10 | Reward: -218.50832923182395 | Average Reward: -160.904 | Steps: 100668 | Total Reward: -85743.87847851709|
| Episode: 473 | Epsilon:  0.10 | Reward: -279.1003797031413 | Average Reward: -162.539 | Steps: 100859 | Total Reward: -86022.97885822029|
| Episode: 474 | Epsilon:  0.10 | Reward: -129.05779115139126 | Average Reward: -161.600 | Steps: 101064 | Total Reward: -86152.03664937167|
| Episode: 475 | Epsilon:  0.10 | Reward: -229.22879499024202 | Average Reward: -163.341 | Steps: 101318 | Total Reward: -86381.26544436191|
| Episode: 476 | Epsilon:  0.10 | Reward: -212.39982250512267 | Average Reward: -163.184 | Steps: 101538 | Total Reward: -86593.66526686701|
| Episode: 477 | Epsilon:  0.10 | Reward: -120.76950928305715 | Average Reward: -164.070 | Steps: 101771 | Total Reward: -86714.4347761501|
| Episode: 478 | Epsilon:  0.10 | Reward: -295.1388552566956 | Average Reward: -164.725 | Steps: 101985 | Total Reward: -87009.5736314069|
| Episode: 479 | Epsilon:  0.10 | Reward: -14.427234172829984 | Average Reward: -165.153 | Steps: 102140 | Total Reward: -87024.00086557976|
| Episode: 480 | Epsilon:  0.10 | Reward: 25.306167576481045 | Average Reward: -163.231 | Steps: 102417 | Total Reward: -86998.69469800335|
| Episode: 481 | Epsilon:  0.10 | Reward: -192.32336606853266 | Average Reward: -162.802 | Steps: 102611 | Total Reward: -87191.01806407205|
| Episode: 482 | Epsilon:  0.10 | Reward: -236.87240096389405 | Average Reward: -164.554 | Steps: 102834 | Total Reward: -87427.89046503589|
| Episode: 483 | Epsilon:  0.10 | Reward: -119.57605817080432 | Average Reward: -163.538 | Steps: 103033 | Total Reward: -87547.46652320672|
| Episode: 484 | Epsilon:  0.10 | Reward: -233.1227367150042 | Average Reward: -163.156 | Steps: 103255 | Total Reward: -87780.58925992166|
| Episode: 485 | Epsilon:  0.10 | Reward: -246.68412977207686 | Average Reward: -163.842 | Steps: 103537 | Total Reward: -88027.27338969374|
| Episode: 486 | Epsilon:  0.10 | Reward: -285.9681139488649 | Average Reward: -164.579 | Steps: 103745 | Total Reward: -88313.24150364252|
| Episode: 487 | Epsilon:  0.10 | Reward: -297.0672339398835 | Average Reward: -165.180 | Steps: 103942 | Total Reward: -88610.3087375824|
| Episode: 488 | Epsilon:  0.10 | Reward: -185.81076016672247 | Average Reward: -164.845 | Steps: 104136 | Total Reward: -88796.1194977491|
| Episode: 489 | Epsilon:  0.10 | Reward: -118.54430945621597 | Average Reward: -166.117 | Steps: 105032 | Total Reward: -88914.66380720532|
| Episode: 490 | Epsilon:  0.10 | Reward: -241.79926601876946 | Average Reward: -166.435 | Steps: 105249 | Total Reward: -89156.46307322408|
| Episode: 491 | Epsilon:  0.10 | Reward: -230.9767062046226 | Average Reward: -168.219 | Steps: 105436 | Total Reward: -89387.43977942868|
| Episode: 492 | Epsilon:  0.10 | Reward: -141.84171141535157 | Average Reward: -166.779 | Steps: 105649 | Total Reward: -89529.28149084398|
| Episode: 493 | Epsilon:  0.10 | Reward: -49.058139321470875 | Average Reward: -166.651 | Steps: 105846 | Total Reward: -89578.33963016552|
| Episode: 494 | Epsilon:  0.10 | Reward: -13.014436280204478 | Average Reward: -166.219 | Steps: 106027 | Total Reward: -89591.35406644575|
| Episode: 495 | Epsilon:  0.10 | Reward: -87.39980514823043 | Average Reward: -166.457 | Steps: 106211 | Total Reward: -89678.75387159396|
| Episode: 496 | Epsilon:  0.10 | Reward: -41.076758312409225 | Average Reward: -164.069 | Steps: 106393 | Total Reward: -89719.8306299064|
| Episode: 497 | Epsilon:  0.10 | Reward: -263.93432582302756 | Average Reward: -167.255 | Steps: 106709 | Total Reward: -89983.7649557295|
| Episode: 498 | Epsilon:  0.10 | Reward: -119.80645165199601 | Average Reward: -168.176 | Steps: 106885 | Total Reward: -90103.57140738152|
| Episode: 499 | Epsilon:  0.10 | Reward: -182.57746484101318 | Average Reward: -167.492 | Steps: 107060 | Total Reward: -90286.14887222258|
| Episode: 500 | Epsilon:  0.10 | Reward: -46.79786796043001 | Average Reward: -166.945 | Steps: 107277 | Total Reward: -90332.94674018305|
| Episode: 501 | Epsilon:  0.10 | Reward: -209.69636964071952 | Average Reward: -166.834 | Steps: 107505 | Total Reward: -90542.64310982371|
| Episode: 502 | Epsilon:  0.10 | Reward: -23.045992113799727 | Average Reward: -167.346 | Steps: 107745 | Total Reward: -90565.68910193749|
| Episode: 503 | Epsilon:  0.10 | Reward: -227.82315607016466 | Average Reward: -170.266 | Steps: 107947 | Total Reward: -90793.51225800763|
| Episode: 504 | Epsilon:  0.10 | Reward: -236.0723599859402 | Average Reward: -171.796 | Steps: 108166 | Total Reward: -91029.58461799356|
| Episode: 505 | Epsilon:  0.10 | Reward: 29.01374989698624 | Average Reward: -168.118 | Steps: 108414 | Total Reward: -91000.57086809656|
| Episode: 506 | Epsilon:  0.10 | Reward: -263.9068007252233 | Average Reward: -166.940 | Steps: 108588 | Total Reward: -91264.47766882183|
| Episode: 507 | Epsilon:  0.10 | Reward: -38.16159365990387 | Average Reward: -165.873 | Steps: 108795 | Total Reward: -91302.63926248172|
| Episode: 508 | Epsilon:  0.10 | Reward: -123.16808300979285 | Average Reward: -164.592 | Steps: 108964 | Total Reward: -91425.80734549151|
| Episode: 509 | Epsilon:  0.10 | Reward: -52.352488711212246 | Average Reward: -163.020 | Steps: 109160 | Total Reward: -91478.15983420261|
| Episode: 510 | Epsilon:  0.10 | Reward: -161.9115853133216 | Average Reward: -162.494 | Steps: 109455 | Total Reward: -91640.07141951584|
| Episode: 511 | Epsilon:  0.10 | Reward: -235.46238078448027 | Average Reward: -162.660 | Steps: 109686 | Total Reward: -91875.53380030037|
| Episode: 512 | Epsilon:  0.10 | Reward: -387.1025838287143 | Average Reward: -165.025 | Steps: 109988 | Total Reward: -92262.63638412904|
| Episode: 513 | Epsilon:  0.10 | Reward: -206.03567279114748 | Average Reward: -166.475 | Steps: 110217 | Total Reward: -92468.67205692017|
| Episode: 514 | Epsilon:  0.10 | Reward: -86.42025187609377 | Average Reward: -165.239 | Steps: 110412 | Total Reward: -92555.09230879629|
| Episode: 515 | Epsilon:  0.10 | Reward: -240.9793955133405 | Average Reward: -164.805 | Steps: 110604 | Total Reward: -92796.07170430958|
| Episode: 516 | Epsilon:  0.10 | Reward: -45.04251166599159 | Average Reward: -160.630 | Steps: 110825 | Total Reward: -92841.11421597557|
| Episode: 517 | Epsilon:  0.10 | Reward: -286.1644170101613 | Average Reward: -165.770 | Steps: 111080 | Total Reward: -93127.27863298585|
| Episode: 518 | Epsilon:  0.10 | Reward: -223.02604860896054 | Average Reward: -165.655 | Steps: 111322 | Total Reward: -93350.3046815948|
| Episode: 519 | Epsilon:  0.10 | Reward: -63.42648710993298 | Average Reward: -165.916 | Steps: 111565 | Total Reward: -93413.73116870478|
| Episode: 520 | Epsilon:  0.10 | Reward: -334.1889364552933 | Average Reward: -168.314 | Steps: 111837 | Total Reward: -93747.92010516008|
| Episode: 521 | Epsilon:  0.10 | Reward: -63.98883989109243 | Average Reward: -168.061 | Steps: 112050 | Total Reward: -93811.90894505118|
| Episode: 522 | Epsilon:  0.10 | Reward: -183.25724121161613 | Average Reward: -168.591 | Steps: 112257 | Total Reward: -93995.16618626275|
| Episode: 523 | Epsilon:  0.10 | Reward: -30.857079960414794 | Average Reward: -167.913 | Steps: 112525 | Total Reward: -94026.02326622316|
| Episode: 524 | Epsilon:  0.10 | Reward: -215.97419514519223 | Average Reward: -170.011 | Steps: 112770 | Total Reward: -94241.99746136832|
| Episode: 525 | Epsilon:  0.10 | Reward: -217.59889580798892 | Average Reward: -171.448 | Steps: 112974 | Total Reward: -94459.59635717639|
| Episode: 526 | Epsilon:  0.10 | Reward: -13.962050986170084 | Average Reward: -169.086 | Steps: 113282 | Total Reward: -94473.55840816244|
| Episode: 527 | Epsilon:  0.10 | Reward: -253.2680157262853 | Average Reward: -168.671 | Steps: 113499 | Total Reward: -94726.82642388876|
| Episode: 528 | Epsilon:  0.10 | Reward: -196.68844900455736 | Average Reward: -170.570 | Steps: 113697 | Total Reward: -94923.51487289325|
| Episode: 529 | Epsilon:  0.10 | Reward: -356.411773779876 | Average Reward: -171.950 | Steps: 113932 | Total Reward: -95279.92664667322|
| Episode: 530 | Epsilon:  0.10 | Reward: -213.25195051198847 | Average Reward: -173.502 | Steps: 114172 | Total Reward: -95493.17859718531|
| Episode: 531 | Epsilon:  0.10 | Reward: -199.80854635423748 | Average Reward: -171.060 | Steps: 114412 | Total Reward: -95692.9871435394|
| Episode: 532 | Epsilon:  0.10 | Reward: -232.3636021007719 | Average Reward: -171.172 | Steps: 114601 | Total Reward: -95925.35074564016|
| Episode: 533 | Epsilon:  0.10 | Reward: -256.16276398420166 | Average Reward: -172.742 | Steps: 114811 | Total Reward: -96181.51350962445|
| Episode: 534 | Epsilon:  0.10 | Reward: -59.706656277625626 | Average Reward: -170.746 | Steps: 115081 | Total Reward: -96241.22016590211|
| Episode: 535 | Epsilon:  0.10 | Reward: -113.94038275066106 | Average Reward: -168.695 | Steps: 115275 | Total Reward: -96355.16054865271|
| Episode: 536 | Epsilon:  0.10 | Reward: 11.331937268956409 | Average Reward: -165.948 | Steps: 115508 | Total Reward: -96343.82861138377|
| Episode: 537 | Epsilon:  0.10 | Reward: -138.6433868423055 | Average Reward: -167.025 | Steps: 115689 | Total Reward: -96482.47199822606|
| Episode: 538 | Epsilon:  0.10 | Reward: -122.40512427279415 | Average Reward: -164.865 | Steps: 115899 | Total Reward: -96604.87712249892|
| Episode: 539 | Epsilon:  0.10 | Reward: -149.9606845477865 | Average Reward: -164.214 | Steps: 116079 | Total Reward: -96754.8378070467|
| Episode: 540 | Epsilon:  0.10 | Reward: -372.7366374643166 | Average Reward: -166.333 | Steps: 116279 | Total Reward: -97127.574444511|
| Episode: 541 | Epsilon:  0.10 | Reward: 20.154423822244823 | Average Reward: -163.570 | Steps: 116535 | Total Reward: -97107.42002068865|
| Episode: 542 | Epsilon:  0.10 | Reward: -127.20976716375445 | Average Reward: -160.037 | Steps: 116833 | Total Reward: -97234.62978785246|
| Episode: 543 | Epsilon:  0.10 | Reward: -153.31015639977704 | Average Reward: -158.748 | Steps: 117048 | Total Reward: -97387.93994425228|
| Episode: 544 | Epsilon:  0.10 | Reward: 10.99555104471304 | Average Reward: -155.206 | Steps: 117318 | Total Reward: -97376.94439320742|
| Episode: 545 | Epsilon:  0.10 | Reward: -86.31738053992001 | Average Reward: -155.137 | Steps: 117533 | Total Reward: -97463.26177374732|
| Episode: 546 | Epsilon:  0.10 | Reward: -71.07699750029553 | Average Reward: -154.652 | Steps: 117757 | Total Reward: -97534.33877124764|
| Episode: 547 | Epsilon:  0.10 | Reward: -62.11410136028946 | Average Reward: -153.286 | Steps: 117925 | Total Reward: -97596.45287260797|
| Episode: 548 | Epsilon:  0.10 | Reward: -218.01199750372655 | Average Reward: -153.233 | Steps: 118170 | Total Reward: -97814.46487011171|
| Episode: 549 | Epsilon:  0.10 | Reward: -247.47336384231994 | Average Reward: -155.574 | Steps: 118392 | Total Reward: -98061.93823395403|
| Episode: 550 | Epsilon:  0.10 | Reward: -85.36420668018116 | Average Reward: -154.260 | Steps: 118703 | Total Reward: -98147.30244063435|
| Episode: 551 | Epsilon:  0.10 | Reward: -108.09157440767389 | Average Reward: -152.591 | Steps: 118927 | Total Reward: -98255.39401504195|
| Episode: 552 | Epsilon:  0.10 | Reward: -317.47018512195973 | Average Reward: -154.891 | Steps: 119181 | Total Reward: -98572.86420016391|
