+------------------------+----------------------------+--------------------+
|                        |     Supported Features     |  Program Commands  |
+========================+============================+====================+
| Compatible Layers      | Hopfield Layer,            | hopfield,          |
|                        | HopfieldLayer Layer,       | hopfield_layer,    |
|                        | HopfieldPooling Layer,     | hopfield_pooling,  |
|                        | LSTM,                      | lstm,              |
|                        | GRU                        | gru                |
+------------------------+----------------------------+--------------------+
| Supported Loss Metrics | Huber Loss,                | huber,             |
|                        | Mean Absolute Error Loss,  | mae,               |
|                        | Mean Squared Error Loss,   | mse,               |
|                        | SmoothL1 Loss              | smooth_l1          |
+------------------------+----------------------------+--------------------+
| Supported Optimizers   | RMSprop (default),         | rmsprop,           |
|                        | AdamW,                     | adam,              |
|                        | Adam                       | adamW              |
+------------------------+----------------------------+--------------------+
+------------------------------+-----------+
|          Parameter           |   Value   |
+==============================+===========+
| Layer Type:                  | hopfield  |
+------------------------------+-----------+
| Loss Metric:                 | smooth_l1 |
+------------------------------+-----------+
| Sequence Length:             | 20        |
+------------------------------+-----------+
| Learning Rate:               | 0.001     |
+------------------------------+-----------+
| Update Target Steps:         | 5000      |
+------------------------------+-----------+
| Optimizer:                   | adamW     |
+------------------------------+-----------+
| Hopfield Inverse Temperature | 0.100     |
+------------------------------+-----------+
| Big or Small Loss            | no        |
+------------------------------+-----------+
| Soft or Hard Update          | hard      |
+------------------------------+-----------+
| Polyak Factor                | None      |
+------------------------------+-----------+
---------------
| TRAINING... |
---------------
| Episode:   1 | Epsilon:  0.89 | Reward:   1.0 | Average Reward: 1.000 | Steps:    46 | Total Reward:   1.0|
| Episode:   2 | Epsilon:  0.89 | Reward:   0.0 | Average Reward: 0.500 | Steps:    79 | Total Reward:   1.0|
| Episode:   3 | Epsilon:  0.88 | Reward:   3.0 | Average Reward: 1.333 | Steps:   157 | Total Reward:   4.0|
| Episode:   4 | Epsilon:  0.87 | Reward:   1.0 | Average Reward: 1.250 | Steps:   204 | Total Reward:   5.0|
| Episode:   5 | Epsilon:  0.86 | Reward:   3.0 | Average Reward: 1.600 | Steps:   284 | Total Reward:   8.0|
| Episode:   6 | Epsilon:  0.85 | Reward:   0.0 | Average Reward: 1.333 | Steps:   316 | Total Reward:   8.0|
| Episode:   7 | Epsilon:  0.85 | Reward:   1.0 | Average Reward: 1.286 | Steps:   359 | Total Reward:   9.0|
| Episode:   8 | Epsilon:  0.84 | Reward:   1.0 | Average Reward: 1.250 | Steps:   394 | Total Reward:  10.0|
| Episode:   9 | Epsilon:  0.83 | Reward:   3.0 | Average Reward: 1.444 | Steps:   465 | Total Reward:  13.0|
| Episode:  10 | Epsilon:  0.83 | Reward:   1.0 | Average Reward: 1.400 | Steps:   514 | Total Reward:  14.0|
| Episode:  11 | Epsilon:  0.82 | Reward:   4.0 | Average Reward: 1.636 | Steps:   598 | Total Reward:  18.0|
| Episode:  12 | Epsilon:  0.81 | Reward:   0.0 | Average Reward: 1.500 | Steps:   630 | Total Reward:  18.0|
| Episode:  13 | Epsilon:  0.80 | Reward:   1.0 | Average Reward: 1.462 | Steps:   670 | Total Reward:  19.0|
| Episode:  14 | Epsilon:  0.80 | Reward:   5.0 | Average Reward: 1.714 | Steps:   782 | Total Reward:  24.0|
| Episode:  15 | Epsilon:  0.79 | Reward:   0.0 | Average Reward: 1.600 | Steps:   812 | Total Reward:  24.0|
| Episode:  16 | Epsilon:  0.78 | Reward:   0.0 | Average Reward: 1.500 | Steps:   842 | Total Reward:  24.0|
| Episode:  17 | Epsilon:  0.78 | Reward:   4.0 | Average Reward: 1.647 | Steps:   941 | Total Reward:  28.0|
| Episode:  18 | Epsilon:  0.77 | Reward:   3.0 | Average Reward: 1.722 | Steps:  1011 | Total Reward:  31.0|
| Episode:  19 | Epsilon:  0.76 | Reward:   0.0 | Average Reward: 1.632 | Steps:  1042 | Total Reward:  31.0|
| Episode:  20 | Epsilon:  0.76 | Reward:   3.0 | Average Reward: 1.700 | Steps:  1117 | Total Reward:  34.0|
| Episode:  21 | Epsilon:  0.75 | Reward:   0.0 | Average Reward: 1.619 | Steps:  1150 | Total Reward:  34.0|
| Episode:  22 | Epsilon:  0.74 | Reward:   3.0 | Average Reward: 1.682 | Steps:  1225 | Total Reward:  37.0|
| Episode:  23 | Epsilon:  0.74 | Reward:   1.0 | Average Reward: 1.652 | Steps:  1273 | Total Reward:  38.0|
| Episode:  24 | Epsilon:  0.73 | Reward:   0.0 | Average Reward: 1.583 | Steps:  1305 | Total Reward:  38.0|
| Episode:  25 | Epsilon:  0.72 | Reward:   2.0 | Average Reward: 1.600 | Steps:  1361 | Total Reward:  40.0|
| Episode:  26 | Epsilon:  0.72 | Reward:   2.0 | Average Reward: 1.615 | Steps:  1424 | Total Reward:  42.0|
| Episode:  27 | Epsilon:  0.71 | Reward:   0.0 | Average Reward: 1.556 | Steps:  1455 | Total Reward:  42.0|
| Episode:  28 | Epsilon:  0.71 | Reward:   0.0 | Average Reward: 1.500 | Steps:  1486 | Total Reward:  42.0|
| Episode:  29 | Epsilon:  0.70 | Reward:   5.0 | Average Reward: 1.621 | Steps:  1592 | Total Reward:  47.0|
| Episode:  30 | Epsilon:  0.69 | Reward:   2.0 | Average Reward: 1.633 | Steps:  1654 | Total Reward:  49.0|
| Episode:  31 | Epsilon:  0.69 | Reward:   0.0 | Average Reward: 1.581 | Steps:  1687 | Total Reward:  49.0|
| Episode:  32 | Epsilon:  0.68 | Reward:   3.0 | Average Reward: 1.625 | Steps:  1759 | Total Reward:  52.0|
| Episode:  33 | Epsilon:  0.68 | Reward:   0.0 | Average Reward: 1.576 | Steps:  1790 | Total Reward:  52.0|
| Episode:  34 | Epsilon:  0.67 | Reward:   1.0 | Average Reward: 1.559 | Steps:  1837 | Total Reward:  53.0|
| Episode:  35 | Epsilon:  0.66 | Reward:   2.0 | Average Reward: 1.571 | Steps:  1896 | Total Reward:  55.0|
| Episode:  36 | Epsilon:  0.66 | Reward:   3.0 | Average Reward: 1.611 | Steps:  1968 | Total Reward:  58.0|
| Episode:  37 | Epsilon:  0.65 | Reward:   1.0 | Average Reward: 1.595 | Steps:  2017 | Total Reward:  59.0|
| Episode:  38 | Epsilon:  0.65 | Reward:   1.0 | Average Reward: 1.579 | Steps:  2064 | Total Reward:  60.0|
| Episode:  39 | Epsilon:  0.64 | Reward:   3.0 | Average Reward: 1.615 | Steps:  2136 | Total Reward:  63.0|
| Episode:  40 | Epsilon:  0.64 | Reward:   6.0 | Average Reward: 1.725 | Steps:  2247 | Total Reward:  69.0|
| Episode:  41 | Epsilon:  0.63 | Reward:   1.0 | Average Reward: 1.707 | Steps:  2292 | Total Reward:  70.0|
| Episode:  42 | Epsilon:  0.63 | Reward:   1.0 | Average Reward: 1.690 | Steps:  2340 | Total Reward:  71.0|
| Episode:  43 | Epsilon:  0.62 | Reward:   1.0 | Average Reward: 1.674 | Steps:  2386 | Total Reward:  72.0|
| Episode:  44 | Epsilon:  0.62 | Reward:   2.0 | Average Reward: 1.682 | Steps:  2450 | Total Reward:  74.0|
| Episode:  45 | Epsilon:  0.61 | Reward:   3.0 | Average Reward: 1.711 | Steps:  2525 | Total Reward:  77.0|
| Episode:  46 | Epsilon:  0.61 | Reward:   3.0 | Average Reward: 1.739 | Steps:  2594 | Total Reward:  80.0|
| Episode:  47 | Epsilon:  0.60 | Reward:   2.0 | Average Reward: 1.745 | Steps:  2651 | Total Reward:  82.0|
| Episode:  48 | Epsilon:  0.60 | Reward:   0.0 | Average Reward: 1.708 | Steps:  2684 | Total Reward:  82.0|
| Episode:  49 | Epsilon:  0.59 | Reward:   0.0 | Average Reward: 1.673 | Steps:  2714 | Total Reward:  82.0|
| Episode:  50 | Epsilon:  0.59 | Reward:   0.0 | Average Reward: 1.640 | Steps:  2746 | Total Reward:  82.0|
| Episode:  51 | Epsilon:  0.58 | Reward:   4.0 | Average Reward: 1.686 | Steps:  2843 | Total Reward:  86.0|
| Episode:  52 | Epsilon:  0.58 | Reward:   2.0 | Average Reward: 1.692 | Steps:  2902 | Total Reward:  88.0|
| Episode:  53 | Epsilon:  0.57 | Reward:   1.0 | Average Reward: 1.679 | Steps:  2951 | Total Reward:  89.0|
| Episode:  54 | Epsilon:  0.57 | Reward:   0.0 | Average Reward: 1.648 | Steps:  2982 | Total Reward:  89.0|
| Episode:  55 | Epsilon:  0.56 | Reward:   3.0 | Average Reward: 1.673 | Steps:  3056 | Total Reward:  92.0|
| Episode:  56 | Epsilon:  0.56 | Reward:   0.0 | Average Reward: 1.643 | Steps:  3091 | Total Reward:  92.0|
| Episode:  57 | Epsilon:  0.55 | Reward:   0.0 | Average Reward: 1.614 | Steps:  3124 | Total Reward:  92.0|
| Episode:  58 | Epsilon:  0.55 | Reward:   3.0 | Average Reward: 1.638 | Steps:  3193 | Total Reward:  95.0|
| Episode:  59 | Epsilon:  0.54 | Reward:   1.0 | Average Reward: 1.627 | Steps:  3242 | Total Reward:  96.0|
| Episode:  60 | Epsilon:  0.54 | Reward:   2.0 | Average Reward: 1.633 | Steps:  3309 | Total Reward:  98.0|
| Episode:  61 | Epsilon:  0.54 | Reward:   1.0 | Average Reward: 1.623 | Steps:  3357 | Total Reward:  99.0|
| Episode:  62 | Epsilon:  0.53 | Reward:   1.0 | Average Reward: 1.613 | Steps:  3405 | Total Reward: 100.0|
| Episode:  63 | Epsilon:  0.53 | Reward:   0.0 | Average Reward: 1.587 | Steps:  3438 | Total Reward: 100.0|
| Episode:  64 | Epsilon:  0.52 | Reward:   1.0 | Average Reward: 1.578 | Steps:  3484 | Total Reward: 101.0|
| Episode:  65 | Epsilon:  0.52 | Reward:   4.0 | Average Reward: 1.615 | Steps:  3571 | Total Reward: 105.0|
| Episode:  66 | Epsilon:  0.51 | Reward:   2.0 | Average Reward: 1.621 | Steps:  3628 | Total Reward: 107.0|
| Episode:  67 | Epsilon:  0.51 | Reward:   3.0 | Average Reward: 1.642 | Steps:  3709 | Total Reward: 110.0|
| Episode:  68 | Epsilon:  0.51 | Reward:   0.0 | Average Reward: 1.618 | Steps:  3740 | Total Reward: 110.0|
| Episode:  69 | Epsilon:  0.50 | Reward:   0.0 | Average Reward: 1.594 | Steps:  3774 | Total Reward: 110.0|
| Episode:  70 | Epsilon:  0.50 | Reward:   0.0 | Average Reward: 1.571 | Steps:  3807 | Total Reward: 110.0|
| Episode:  71 | Epsilon:  0.49 | Reward:   1.0 | Average Reward: 1.563 | Steps:  3855 | Total Reward: 111.0|
| Episode:  72 | Epsilon:  0.49 | Reward:   1.0 | Average Reward: 1.556 | Steps:  3905 | Total Reward: 112.0|
| Episode:  73 | Epsilon:  0.49 | Reward:   0.0 | Average Reward: 1.534 | Steps:  3940 | Total Reward: 112.0|
| Episode:  74 | Epsilon:  0.48 | Reward:   2.0 | Average Reward: 1.541 | Steps:  4008 | Total Reward: 114.0|
| Episode:  75 | Epsilon:  0.48 | Reward:   0.0 | Average Reward: 1.520 | Steps:  4041 | Total Reward: 114.0|
| Episode:  76 | Epsilon:  0.47 | Reward:   3.0 | Average Reward: 1.539 | Steps:  4120 | Total Reward: 117.0|
| Episode:  77 | Epsilon:  0.47 | Reward:   1.0 | Average Reward: 1.532 | Steps:  4166 | Total Reward: 118.0|
| Episode:  78 | Epsilon:  0.47 | Reward:   1.0 | Average Reward: 1.526 | Steps:  4215 | Total Reward: 119.0|
| Episode:  79 | Epsilon:  0.46 | Reward:   1.0 | Average Reward: 1.519 | Steps:  4263 | Total Reward: 120.0|
| Episode:  80 | Epsilon:  0.46 | Reward:   0.0 | Average Reward: 1.500 | Steps:  4297 | Total Reward: 120.0|
| Episode:  81 | Epsilon:  0.46 | Reward:   2.0 | Average Reward: 1.506 | Steps:  4358 | Total Reward: 122.0|
| Episode:  82 | Epsilon:  0.45 | Reward:   0.0 | Average Reward: 1.488 | Steps:  4390 | Total Reward: 122.0|
| Episode:  83 | Epsilon:  0.45 | Reward:   0.0 | Average Reward: 1.470 | Steps:  4424 | Total Reward: 122.0|
| Episode:  84 | Epsilon:  0.45 | Reward:   1.0 | Average Reward: 1.464 | Steps:  4472 | Total Reward: 123.0|
| Episode:  85 | Epsilon:  0.44 | Reward:   2.0 | Average Reward: 1.471 | Steps:  4528 | Total Reward: 125.0|
| Episode:  86 | Epsilon:  0.44 | Reward:   0.0 | Average Reward: 1.453 | Steps:  4561 | Total Reward: 125.0|
| Episode:  87 | Epsilon:  0.44 | Reward:   2.0 | Average Reward: 1.460 | Steps:  4614 | Total Reward: 127.0|
| Episode:  88 | Epsilon:  0.43 | Reward:   2.0 | Average Reward: 1.466 | Steps:  4674 | Total Reward: 129.0|
| Episode:  89 | Epsilon:  0.43 | Reward:   1.0 | Average Reward: 1.461 | Steps:  4721 | Total Reward: 130.0|
| Episode:  90 | Epsilon:  0.43 | Reward:   2.0 | Average Reward: 1.467 | Steps:  4780 | Total Reward: 132.0|
| Episode:  91 | Epsilon:  0.42 | Reward:   0.0 | Average Reward: 1.451 | Steps:  4814 | Total Reward: 132.0|
| Episode:  92 | Epsilon:  0.42 | Reward:   5.0 | Average Reward: 1.489 | Steps:  4917 | Total Reward: 137.0|
| Episode:  93 | Epsilon:  0.42 | Reward:   0.0 | Average Reward: 1.473 | Steps:  4950 | Total Reward: 137.0|
| Episode:  94 | Epsilon:  0.41 | Reward:   1.0 | Average Reward: 1.468 | Steps:  4991 | Total Reward: 138.0|
| Episode:  95 | Epsilon:  0.41 | Reward:   1.0 | Average Reward: 1.463 | Steps:  5038 | Total Reward: 139.0|
| Episode:  96 | Epsilon:  0.41 | Reward:   3.0 | Average Reward: 1.479 | Steps:  5114 | Total Reward: 142.0|
| Episode:  97 | Epsilon:  0.40 | Reward:   2.0 | Average Reward: 1.485 | Steps:  5171 | Total Reward: 144.0|
| Episode:  98 | Epsilon:  0.40 | Reward:   2.0 | Average Reward: 1.490 | Steps:  5227 | Total Reward: 146.0|
| Episode:  99 | Epsilon:  0.40 | Reward:   0.0 | Average Reward: 1.475 | Steps:  5259 | Total Reward: 146.0|
| Episode: 100 | Epsilon:  0.39 | Reward:   2.0 | Average Reward: 1.480 | Steps:  5320 | Total Reward: 148.0|
| Episode: 101 | Epsilon:  0.39 | Reward:   0.0 | Average Reward: 1.470 | Steps:  5355 | Total Reward: 148.0|
| Episode: 102 | Epsilon:  0.39 | Reward:   4.0 | Average Reward: 1.510 | Steps:  5440 | Total Reward: 152.0|
| Episode: 103 | Epsilon:  0.39 | Reward:   1.0 | Average Reward: 1.490 | Steps:  5488 | Total Reward: 153.0|
| Episode: 104 | Epsilon:  0.38 | Reward:   2.0 | Average Reward: 1.500 | Steps:  5542 | Total Reward: 155.0|
| Episode: 105 | Epsilon:  0.38 | Reward:   6.0 | Average Reward: 1.530 | Steps:  5659 | Total Reward: 161.0|
| Episode: 106 | Epsilon:  0.38 | Reward:   3.0 | Average Reward: 1.560 | Steps:  5735 | Total Reward: 164.0|
| Episode: 107 | Epsilon:  0.37 | Reward:   0.0 | Average Reward: 1.550 | Steps:  5764 | Total Reward: 164.0|
| Episode: 108 | Epsilon:  0.37 | Reward:   4.0 | Average Reward: 1.580 | Steps:  5847 | Total Reward: 168.0|
| Episode: 109 | Epsilon:  0.37 | Reward:   1.0 | Average Reward: 1.560 | Steps:  5894 | Total Reward: 169.0|
| Episode: 110 | Epsilon:  0.37 | Reward:   0.0 | Average Reward: 1.550 | Steps:  5928 | Total Reward: 169.0|
| Episode: 111 | Epsilon:  0.36 | Reward:   0.0 | Average Reward: 1.510 | Steps:  5958 | Total Reward: 169.0|
| Episode: 112 | Epsilon:  0.36 | Reward:   0.0 | Average Reward: 1.510 | Steps:  5992 | Total Reward: 169.0|
| Episode: 113 | Epsilon:  0.36 | Reward:   0.0 | Average Reward: 1.500 | Steps:  6026 | Total Reward: 169.0|
| Episode: 114 | Epsilon:  0.36 | Reward:   0.0 | Average Reward: 1.450 | Steps:  6057 | Total Reward: 169.0|
| Episode: 115 | Epsilon:  0.35 | Reward:   2.0 | Average Reward: 1.470 | Steps:  6114 | Total Reward: 171.0|
| Episode: 116 | Epsilon:  0.35 | Reward:   0.0 | Average Reward: 1.470 | Steps:  6147 | Total Reward: 171.0|
| Episode: 117 | Epsilon:  0.35 | Reward:   2.0 | Average Reward: 1.450 | Steps:  6212 | Total Reward: 173.0|
| Episode: 118 | Epsilon:  0.35 | Reward:   2.0 | Average Reward: 1.440 | Steps:  6271 | Total Reward: 175.0|
| Episode: 119 | Epsilon:  0.34 | Reward:   1.0 | Average Reward: 1.450 | Steps:  6319 | Total Reward: 176.0|
| Episode: 120 | Epsilon:  0.34 | Reward:   0.0 | Average Reward: 1.420 | Steps:  6353 | Total Reward: 176.0|
| Episode: 121 | Epsilon:  0.34 | Reward:   2.0 | Average Reward: 1.440 | Steps:  6410 | Total Reward: 178.0|
| Episode: 122 | Epsilon:  0.34 | Reward:   2.0 | Average Reward: 1.430 | Steps:  6468 | Total Reward: 180.0|
| Episode: 123 | Epsilon:  0.33 | Reward:   2.0 | Average Reward: 1.440 | Steps:  6535 | Total Reward: 182.0|
| Episode: 124 | Epsilon:  0.33 | Reward:   2.0 | Average Reward: 1.460 | Steps:  6597 | Total Reward: 184.0|
| Episode: 125 | Epsilon:  0.33 | Reward:   2.0 | Average Reward: 1.460 | Steps:  6655 | Total Reward: 186.0|
| Episode: 126 | Epsilon:  0.33 | Reward:   2.0 | Average Reward: 1.460 | Steps:  6718 | Total Reward: 188.0|
| Episode: 127 | Epsilon:  0.33 | Reward:   1.0 | Average Reward: 1.470 | Steps:  6765 | Total Reward: 189.0|
| Episode: 128 | Epsilon:  0.32 | Reward:   0.0 | Average Reward: 1.470 | Steps:  6795 | Total Reward: 189.0|
| Episode: 129 | Epsilon:  0.32 | Reward:   2.0 | Average Reward: 1.440 | Steps:  6854 | Total Reward: 191.0|
| Episode: 130 | Epsilon:  0.32 | Reward:   1.0 | Average Reward: 1.430 | Steps:  6903 | Total Reward: 192.0|
| Episode: 131 | Epsilon:  0.32 | Reward:   0.0 | Average Reward: 1.430 | Steps:  6935 | Total Reward: 192.0|
| Episode: 132 | Epsilon:  0.31 | Reward:   1.0 | Average Reward: 1.410 | Steps:  6983 | Total Reward: 193.0|
| Episode: 133 | Epsilon:  0.31 | Reward:   1.0 | Average Reward: 1.420 | Steps:  7033 | Total Reward: 194.0|
| Episode: 134 | Epsilon:  0.31 | Reward:   0.0 | Average Reward: 1.410 | Steps:  7065 | Total Reward: 194.0|
| Episode: 135 | Epsilon:  0.31 | Reward:   1.0 | Average Reward: 1.400 | Steps:  7115 | Total Reward: 195.0|
| Episode: 136 | Epsilon:  0.31 | Reward:   2.0 | Average Reward: 1.390 | Steps:  7178 | Total Reward: 197.0|
| Episode: 137 | Epsilon:  0.30 | Reward:   2.0 | Average Reward: 1.400 | Steps:  7235 | Total Reward: 199.0|
| Episode: 138 | Epsilon:  0.30 | Reward:   1.0 | Average Reward: 1.400 | Steps:  7285 | Total Reward: 200.0|
| Episode: 139 | Epsilon:  0.30 | Reward:   2.0 | Average Reward: 1.390 | Steps:  7342 | Total Reward: 202.0|
| Episode: 140 | Epsilon:  0.30 | Reward:   2.0 | Average Reward: 1.350 | Steps:  7399 | Total Reward: 204.0|
| Episode: 141 | Epsilon:  0.30 | Reward:   1.0 | Average Reward: 1.350 | Steps:  7439 | Total Reward: 205.0|
| Episode: 142 | Epsilon:  0.29 | Reward:   3.0 | Average Reward: 1.370 | Steps:  7516 | Total Reward: 208.0|
| Episode: 143 | Epsilon:  0.29 | Reward:   2.0 | Average Reward: 1.380 | Steps:  7582 | Total Reward: 210.0|
| Episode: 144 | Epsilon:  0.29 | Reward:   4.0 | Average Reward: 1.400 | Steps:  7667 | Total Reward: 214.0|
| Episode: 145 | Epsilon:  0.29 | Reward:   3.0 | Average Reward: 1.400 | Steps:  7740 | Total Reward: 217.0|
| Episode: 146 | Epsilon:  0.29 | Reward:   3.0 | Average Reward: 1.400 | Steps:  7807 | Total Reward: 220.0|
| Episode: 147 | Epsilon:  0.28 | Reward:   2.0 | Average Reward: 1.400 | Steps:  7868 | Total Reward: 222.0|
| Episode: 148 | Epsilon:  0.28 | Reward:   3.0 | Average Reward: 1.430 | Steps:  7937 | Total Reward: 225.0|
| Episode: 149 | Epsilon:  0.28 | Reward:   0.0 | Average Reward: 1.430 | Steps:  7970 | Total Reward: 225.0|
| Episode: 150 | Epsilon:  0.28 | Reward:   3.0 | Average Reward: 1.460 | Steps:  8039 | Total Reward: 228.0|
| Episode: 151 | Epsilon:  0.28 | Reward:   0.0 | Average Reward: 1.420 | Steps:  8071 | Total Reward: 228.0|
| Episode: 152 | Epsilon:  0.28 | Reward:   1.0 | Average Reward: 1.410 | Steps:  8117 | Total Reward: 229.0|
| Episode: 153 | Epsilon:  0.27 | Reward:   1.0 | Average Reward: 1.410 | Steps:  8163 | Total Reward: 230.0|
| Episode: 154 | Epsilon:  0.27 | Reward:   3.0 | Average Reward: 1.440 | Steps:  8236 | Total Reward: 233.0|
| Episode: 155 | Epsilon:  0.27 | Reward:   0.0 | Average Reward: 1.410 | Steps:  8268 | Total Reward: 233.0|
| Episode: 156 | Epsilon:  0.27 | Reward:   2.0 | Average Reward: 1.430 | Steps:  8327 | Total Reward: 235.0|
| Episode: 157 | Epsilon:  0.27 | Reward:   2.0 | Average Reward: 1.450 | Steps:  8379 | Total Reward: 237.0|
| Episode: 158 | Epsilon:  0.27 | Reward:   2.0 | Average Reward: 1.440 | Steps:  8438 | Total Reward: 239.0|
| Episode: 159 | Epsilon:  0.26 | Reward:   2.0 | Average Reward: 1.450 | Steps:  8495 | Total Reward: 241.0|
| Episode: 160 | Epsilon:  0.26 | Reward:   3.0 | Average Reward: 1.460 | Steps:  8574 | Total Reward: 244.0|
| Episode: 161 | Epsilon:  0.26 | Reward:   3.0 | Average Reward: 1.480 | Steps:  8650 | Total Reward: 247.0|
| Episode: 162 | Epsilon:  0.26 | Reward:   0.0 | Average Reward: 1.470 | Steps:  8682 | Total Reward: 247.0|
| Episode: 163 | Epsilon:  0.26 | Reward:   2.0 | Average Reward: 1.490 | Steps:  8746 | Total Reward: 249.0|
| Episode: 164 | Epsilon:  0.26 | Reward:   2.0 | Average Reward: 1.500 | Steps:  8802 | Total Reward: 251.0|
| Episode: 165 | Epsilon:  0.25 | Reward:   2.0 | Average Reward: 1.480 | Steps:  8858 | Total Reward: 253.0|
| Episode: 166 | Epsilon:  0.25 | Reward:   2.0 | Average Reward: 1.480 | Steps:  8914 | Total Reward: 255.0|
| Episode: 167 | Epsilon:  0.25 | Reward:   0.0 | Average Reward: 1.450 | Steps:  8945 | Total Reward: 255.0|
| Episode: 168 | Epsilon:  0.25 | Reward:   2.0 | Average Reward: 1.470 | Steps:  9011 | Total Reward: 257.0|
| Episode: 169 | Epsilon:  0.25 | Reward:   0.0 | Average Reward: 1.470 | Steps:  9044 | Total Reward: 257.0|
| Episode: 170 | Epsilon:  0.25 | Reward:   4.0 | Average Reward: 1.510 | Steps:  9130 | Total Reward: 261.0|
| Episode: 171 | Epsilon:  0.24 | Reward:   1.0 | Average Reward: 1.510 | Steps:  9177 | Total Reward: 262.0|
| Episode: 172 | Epsilon:  0.24 | Reward:   1.0 | Average Reward: 1.510 | Steps:  9218 | Total Reward: 263.0|
| Episode: 173 | Epsilon:  0.24 | Reward:   0.0 | Average Reward: 1.510 | Steps:  9250 | Total Reward: 263.0|
| Episode: 174 | Epsilon:  0.24 | Reward:   2.0 | Average Reward: 1.510 | Steps:  9307 | Total Reward: 265.0|
| Episode: 175 | Epsilon:  0.24 | Reward:   3.0 | Average Reward: 1.540 | Steps:  9382 | Total Reward: 268.0|
| Episode: 176 | Epsilon:  0.24 | Reward:   3.0 | Average Reward: 1.540 | Steps:  9453 | Total Reward: 271.0|
| Episode: 177 | Epsilon:  0.24 | Reward:   0.0 | Average Reward: 1.530 | Steps:  9486 | Total Reward: 271.0|
| Episode: 178 | Epsilon:  0.24 | Reward:   3.0 | Average Reward: 1.550 | Steps:  9560 | Total Reward: 274.0|
| Episode: 179 | Epsilon:  0.23 | Reward:   3.0 | Average Reward: 1.570 | Steps:  9633 | Total Reward: 277.0|
| Episode: 180 | Epsilon:  0.23 | Reward:   3.0 | Average Reward: 1.600 | Steps:  9705 | Total Reward: 280.0|
| Episode: 181 | Epsilon:  0.23 | Reward:   1.0 | Average Reward: 1.590 | Steps:  9753 | Total Reward: 281.0|
| Episode: 182 | Epsilon:  0.23 | Reward:   5.0 | Average Reward: 1.640 | Steps:  9860 | Total Reward: 286.0|
| Episode: 183 | Epsilon:  0.23 | Reward:   3.0 | Average Reward: 1.670 | Steps:  9933 | Total Reward: 289.0|
| Episode: 184 | Epsilon:  0.23 | Reward:   0.0 | Average Reward: 1.660 | Steps:  9965 | Total Reward: 289.0|
| Episode: 185 | Epsilon:  0.23 | Reward:   3.0 | Average Reward: 1.670 | Steps: 10039 | Total Reward: 292.0|
| Episode: 186 | Epsilon:  0.22 | Reward:   0.0 | Average Reward: 1.670 | Steps: 10070 | Total Reward: 292.0|
| Episode: 187 | Epsilon:  0.22 | Reward:   3.0 | Average Reward: 1.680 | Steps: 10143 | Total Reward: 295.0|
| Episode: 188 | Epsilon:  0.22 | Reward:   2.0 | Average Reward: 1.680 | Steps: 10199 | Total Reward: 297.0|
| Episode: 189 | Epsilon:  0.22 | Reward:   0.0 | Average Reward: 1.670 | Steps: 10232 | Total Reward: 297.0|
| Episode: 190 | Epsilon:  0.22 | Reward:   2.0 | Average Reward: 1.670 | Steps: 10289 | Total Reward: 299.0|
| Episode: 191 | Epsilon:  0.22 | Reward:   4.0 | Average Reward: 1.710 | Steps: 10379 | Total Reward: 303.0|
| Episode: 192 | Epsilon:  0.22 | Reward:   0.0 | Average Reward: 1.660 | Steps: 10412 | Total Reward: 303.0|
| Episode: 193 | Epsilon:  0.22 | Reward:   1.0 | Average Reward: 1.670 | Steps: 10461 | Total Reward: 304.0|
| Episode: 194 | Epsilon:  0.22 | Reward:   0.0 | Average Reward: 1.660 | Steps: 10494 | Total Reward: 304.0|
| Episode: 195 | Epsilon:  0.21 | Reward:   2.0 | Average Reward: 1.670 | Steps: 10551 | Total Reward: 306.0|
| Episode: 196 | Epsilon:  0.21 | Reward:   0.0 | Average Reward: 1.640 | Steps: 10580 | Total Reward: 306.0|
| Episode: 197 | Epsilon:  0.21 | Reward:   3.0 | Average Reward: 1.650 | Steps: 10650 | Total Reward: 309.0|
| Episode: 198 | Epsilon:  0.21 | Reward:   2.0 | Average Reward: 1.650 | Steps: 10708 | Total Reward: 311.0|
| Episode: 199 | Epsilon:  0.21 | Reward:   1.0 | Average Reward: 1.660 | Steps: 10754 | Total Reward: 312.0|
| Episode: 200 | Epsilon:  0.21 | Reward:   2.0 | Average Reward: 1.660 | Steps: 10813 | Total Reward: 314.0|
| Episode: 201 | Epsilon:  0.21 | Reward:   3.0 | Average Reward: 1.690 | Steps: 10893 | Total Reward: 317.0|
| Episode: 202 | Epsilon:  0.21 | Reward:   0.0 | Average Reward: 1.650 | Steps: 10925 | Total Reward: 317.0|
| Episode: 203 | Epsilon:  0.21 | Reward:   4.0 | Average Reward: 1.680 | Steps: 11015 | Total Reward: 321.0|
| Episode: 204 | Epsilon:  0.20 | Reward:   3.0 | Average Reward: 1.690 | Steps: 11090 | Total Reward: 324.0|
| Episode: 205 | Epsilon:  0.20 | Reward:   2.0 | Average Reward: 1.650 | Steps: 11146 | Total Reward: 326.0|
| Episode: 206 | Epsilon:  0.20 | Reward:   3.0 | Average Reward: 1.650 | Steps: 11221 | Total Reward: 329.0|
| Episode: 207 | Epsilon:  0.20 | Reward:   2.0 | Average Reward: 1.670 | Steps: 11281 | Total Reward: 331.0|
| Episode: 208 | Epsilon:  0.20 | Reward:   2.0 | Average Reward: 1.650 | Steps: 11336 | Total Reward: 333.0|
| Episode: 209 | Epsilon:  0.20 | Reward:   0.0 | Average Reward: 1.640 | Steps: 11366 | Total Reward: 333.0|
| Episode: 210 | Epsilon:  0.20 | Reward:   2.0 | Average Reward: 1.660 | Steps: 11424 | Total Reward: 335.0|
| Episode: 211 | Epsilon:  0.20 | Reward:   2.0 | Average Reward: 1.680 | Steps: 11482 | Total Reward: 337.0|
| Episode: 212 | Epsilon:  0.20 | Reward:   2.0 | Average Reward: 1.700 | Steps: 11540 | Total Reward: 339.0|
| Episode: 213 | Epsilon:  0.20 | Reward:   3.0 | Average Reward: 1.730 | Steps: 11612 | Total Reward: 342.0|
| Episode: 214 | Epsilon:  0.19 | Reward:   3.0 | Average Reward: 1.760 | Steps: 11684 | Total Reward: 345.0|
| Episode: 215 | Epsilon:  0.19 | Reward:   4.0 | Average Reward: 1.780 | Steps: 11775 | Total Reward: 349.0|
| Episode: 216 | Epsilon:  0.19 | Reward:   3.0 | Average Reward: 1.810 | Steps: 11850 | Total Reward: 352.0|
| Episode: 217 | Epsilon:  0.19 | Reward:   2.0 | Average Reward: 1.810 | Steps: 11907 | Total Reward: 354.0|
| Episode: 218 | Epsilon:  0.19 | Reward:   3.0 | Average Reward: 1.820 | Steps: 11980 | Total Reward: 357.0|
| Episode: 219 | Epsilon:  0.19 | Reward:   2.0 | Average Reward: 1.830 | Steps: 12037 | Total Reward: 359.0|
| Episode: 220 | Epsilon:  0.19 | Reward:   4.0 | Average Reward: 1.870 | Steps: 12128 | Total Reward: 363.0|
| Episode: 221 | Epsilon:  0.19 | Reward:   2.0 | Average Reward: 1.870 | Steps: 12186 | Total Reward: 365.0|
| Episode: 222 | Epsilon:  0.19 | Reward:   3.0 | Average Reward: 1.880 | Steps: 12260 | Total Reward: 368.0|
| Episode: 223 | Epsilon:  0.19 | Reward:   2.0 | Average Reward: 1.880 | Steps: 12318 | Total Reward: 370.0|
| Episode: 224 | Epsilon:  0.19 | Reward:   2.0 | Average Reward: 1.880 | Steps: 12374 | Total Reward: 372.0|
| Episode: 225 | Epsilon:  0.18 | Reward:   3.0 | Average Reward: 1.890 | Steps: 12447 | Total Reward: 375.0|
| Episode: 226 | Epsilon:  0.18 | Reward:   4.0 | Average Reward: 1.910 | Steps: 12538 | Total Reward: 379.0|
| Episode: 227 | Epsilon:  0.18 | Reward:   0.0 | Average Reward: 1.900 | Steps: 12571 | Total Reward: 379.0|
| Episode: 228 | Epsilon:  0.18 | Reward:   0.0 | Average Reward: 1.900 | Steps: 12603 | Total Reward: 379.0|
| Episode: 229 | Epsilon:  0.18 | Reward:   0.0 | Average Reward: 1.880 | Steps: 12634 | Total Reward: 379.0|
| Episode: 230 | Epsilon:  0.18 | Reward:   3.0 | Average Reward: 1.900 | Steps: 12707 | Total Reward: 382.0|
| Episode: 231 | Epsilon:  0.18 | Reward:   6.0 | Average Reward: 1.960 | Steps: 12833 | Total Reward: 388.0|
| Episode: 232 | Epsilon:  0.18 | Reward:   2.0 | Average Reward: 1.970 | Steps: 12892 | Total Reward: 390.0|
| Episode: 233 | Epsilon:  0.18 | Reward:   5.0 | Average Reward: 2.010 | Steps: 13002 | Total Reward: 395.0|
| Episode: 234 | Epsilon:  0.18 | Reward:   0.0 | Average Reward: 2.010 | Steps: 13037 | Total Reward: 395.0|
| Episode: 235 | Epsilon:  0.18 | Reward:   0.0 | Average Reward: 2.000 | Steps: 13070 | Total Reward: 395.0|
| Episode: 236 | Epsilon:  0.18 | Reward:   2.0 | Average Reward: 2.000 | Steps: 13126 | Total Reward: 397.0|
| Episode: 237 | Epsilon:  0.17 | Reward:   0.0 | Average Reward: 1.980 | Steps: 13158 | Total Reward: 397.0|
| Episode: 238 | Epsilon:  0.17 | Reward:   2.0 | Average Reward: 1.990 | Steps: 13214 | Total Reward: 399.0|
| Episode: 239 | Epsilon:  0.17 | Reward:   2.0 | Average Reward: 1.990 | Steps: 13270 | Total Reward: 401.0|
| Episode: 240 | Epsilon:  0.17 | Reward:   2.0 | Average Reward: 1.990 | Steps: 13329 | Total Reward: 403.0|
| Episode: 241 | Epsilon:  0.17 | Reward:   2.0 | Average Reward: 2.000 | Steps: 13386 | Total Reward: 405.0|
| Episode: 242 | Epsilon:  0.17 | Reward:   3.0 | Average Reward: 2.000 | Steps: 13460 | Total Reward: 408.0|
| Episode: 243 | Epsilon:  0.17 | Reward:   0.0 | Average Reward: 1.980 | Steps: 13493 | Total Reward: 408.0|
| Episode: 244 | Epsilon:  0.17 | Reward:   0.0 | Average Reward: 1.940 | Steps: 13527 | Total Reward: 408.0|
| Episode: 245 | Epsilon:  0.17 | Reward:   0.0 | Average Reward: 1.910 | Steps: 13560 | Total Reward: 408.0|
| Episode: 246 | Epsilon:  0.17 | Reward:   0.0 | Average Reward: 1.880 | Steps: 13596 | Total Reward: 408.0|
| Episode: 247 | Epsilon:  0.17 | Reward:   4.0 | Average Reward: 1.900 | Steps: 13688 | Total Reward: 412.0|
| Episode: 248 | Epsilon:  0.17 | Reward:   2.0 | Average Reward: 1.890 | Steps: 13746 | Total Reward: 414.0|
| Episode: 249 | Epsilon:  0.17 | Reward:   4.0 | Average Reward: 1.930 | Steps: 13834 | Total Reward: 418.0|
| Episode: 250 | Epsilon:  0.17 | Reward:   3.0 | Average Reward: 1.930 | Steps: 13908 | Total Reward: 421.0|
| Episode: 251 | Epsilon:  0.17 | Reward:   2.0 | Average Reward: 1.950 | Steps: 13966 | Total Reward: 423.0|
| Episode: 252 | Epsilon:  0.16 | Reward:   2.0 | Average Reward: 1.960 | Steps: 14025 | Total Reward: 425.0|
| Episode: 253 | Epsilon:  0.16 | Reward:   2.0 | Average Reward: 1.970 | Steps: 14082 | Total Reward: 427.0|
| Episode: 254 | Epsilon:  0.16 | Reward:   2.0 | Average Reward: 1.960 | Steps: 14141 | Total Reward: 429.0|
| Episode: 255 | Epsilon:  0.16 | Reward:   2.0 | Average Reward: 1.980 | Steps: 14200 | Total Reward: 431.0|
| Episode: 256 | Epsilon:  0.16 | Reward:   2.0 | Average Reward: 1.980 | Steps: 14255 | Total Reward: 433.0|
| Episode: 257 | Epsilon:  0.16 | Reward:   0.0 | Average Reward: 1.960 | Steps: 14287 | Total Reward: 433.0|
| Episode: 258 | Epsilon:  0.16 | Reward:   0.0 | Average Reward: 1.940 | Steps: 14320 | Total Reward: 433.0|
| Episode: 259 | Epsilon:  0.16 | Reward:   2.0 | Average Reward: 1.940 | Steps: 14378 | Total Reward: 435.0|
| Episode: 260 | Epsilon:  0.16 | Reward:   2.0 | Average Reward: 1.930 | Steps: 14436 | Total Reward: 437.0|
| Episode: 261 | Epsilon:  0.16 | Reward:   2.0 | Average Reward: 1.920 | Steps: 14497 | Total Reward: 439.0|
| Episode: 262 | Epsilon:  0.16 | Reward:   0.0 | Average Reward: 1.920 | Steps: 14529 | Total Reward: 439.0|
| Episode: 263 | Epsilon:  0.16 | Reward:   0.0 | Average Reward: 1.900 | Steps: 14560 | Total Reward: 439.0|
| Episode: 264 | Epsilon:  0.16 | Reward:   3.0 | Average Reward: 1.910 | Steps: 14631 | Total Reward: 442.0|
| Episode: 265 | Epsilon:  0.16 | Reward:   4.0 | Average Reward: 1.930 | Steps: 14722 | Total Reward: 446.0|
| Episode: 266 | Epsilon:  0.16 | Reward:   3.0 | Average Reward: 1.940 | Steps: 14795 | Total Reward: 449.0|
| Episode: 267 | Epsilon:  0.16 | Reward:   4.0 | Average Reward: 1.980 | Steps: 14887 | Total Reward: 453.0|
| Episode: 268 | Epsilon:  0.15 | Reward:   0.0 | Average Reward: 1.960 | Steps: 14921 | Total Reward: 453.0|
| Episode: 269 | Epsilon:  0.15 | Reward:   0.0 | Average Reward: 1.960 | Steps: 14952 | Total Reward: 453.0|
| Episode: 270 | Epsilon:  0.15 | Reward:   3.0 | Average Reward: 1.950 | Steps: 15025 | Total Reward: 456.0|
| Episode: 271 | Epsilon:  0.15 | Reward:   3.0 | Average Reward: 1.970 | Steps: 15099 | Total Reward: 459.0|
| Episode: 272 | Epsilon:  0.15 | Reward:   2.0 | Average Reward: 1.980 | Steps: 15156 | Total Reward: 461.0|
| Episode: 273 | Epsilon:  0.15 | Reward:   3.0 | Average Reward: 2.010 | Steps: 15227 | Total Reward: 464.0|
| Episode: 274 | Epsilon:  0.15 | Reward:   3.0 | Average Reward: 2.020 | Steps: 15300 | Total Reward: 467.0|
| Episode: 275 | Epsilon:  0.15 | Reward:   2.0 | Average Reward: 2.010 | Steps: 15358 | Total Reward: 469.0|
| Episode: 276 | Epsilon:  0.15 | Reward:   2.0 | Average Reward: 2.000 | Steps: 15417 | Total Reward: 471.0|
| Episode: 277 | Epsilon:  0.15 | Reward:   0.0 | Average Reward: 2.000 | Steps: 15451 | Total Reward: 471.0|
| Episode: 278 | Epsilon:  0.15 | Reward:   0.0 | Average Reward: 1.970 | Steps: 15484 | Total Reward: 471.0|
| Episode: 279 | Epsilon:  0.15 | Reward:   0.0 | Average Reward: 1.940 | Steps: 15517 | Total Reward: 471.0|
| Episode: 280 | Epsilon:  0.15 | Reward:   3.0 | Average Reward: 1.940 | Steps: 15594 | Total Reward: 474.0|
| Episode: 281 | Epsilon:  0.15 | Reward:   5.0 | Average Reward: 1.980 | Steps: 15700 | Total Reward: 479.0|
| Episode: 282 | Epsilon:  0.15 | Reward:   3.0 | Average Reward: 1.960 | Steps: 15775 | Total Reward: 482.0|
| Episode: 283 | Epsilon:  0.15 | Reward:   2.0 | Average Reward: 1.950 | Steps: 15834 | Total Reward: 484.0|
| Episode: 284 | Epsilon:  0.15 | Reward:   0.0 | Average Reward: 1.950 | Steps: 15865 | Total Reward: 484.0|
| Episode: 285 | Epsilon:  0.15 | Reward:   0.0 | Average Reward: 1.920 | Steps: 15897 | Total Reward: 484.0|
| Episode: 286 | Epsilon:  0.15 | Reward:   4.0 | Average Reward: 1.960 | Steps: 15988 | Total Reward: 488.0|
| Episode: 287 | Epsilon:  0.15 | Reward:   2.0 | Average Reward: 1.950 | Steps: 16048 | Total Reward: 490.0|
| Episode: 288 | Epsilon:  0.14 | Reward:   2.0 | Average Reward: 1.950 | Steps: 16107 | Total Reward: 492.0|
| Episode: 289 | Epsilon:  0.14 | Reward:   0.0 | Average Reward: 1.950 | Steps: 16140 | Total Reward: 492.0|
| Episode: 290 | Epsilon:  0.14 | Reward:   0.0 | Average Reward: 1.930 | Steps: 16171 | Total Reward: 492.0|
| Episode: 291 | Epsilon:  0.14 | Reward:   3.0 | Average Reward: 1.920 | Steps: 16245 | Total Reward: 495.0|
| Episode: 292 | Epsilon:  0.14 | Reward:   2.0 | Average Reward: 1.940 | Steps: 16303 | Total Reward: 497.0|
| Episode: 293 | Epsilon:  0.14 | Reward:   2.0 | Average Reward: 1.950 | Steps: 16359 | Total Reward: 499.0|
| Episode: 294 | Epsilon:  0.14 | Reward:   4.0 | Average Reward: 1.990 | Steps: 16450 | Total Reward: 503.0|
| Episode: 295 | Epsilon:  0.14 | Reward:   2.0 | Average Reward: 1.990 | Steps: 16509 | Total Reward: 505.0|
| Episode: 296 | Epsilon:  0.14 | Reward:   4.0 | Average Reward: 2.030 | Steps: 16598 | Total Reward: 509.0|
| Episode: 297 | Epsilon:  0.14 | Reward:   0.0 | Average Reward: 2.000 | Steps: 16630 | Total Reward: 509.0|
| Episode: 298 | Epsilon:  0.14 | Reward:   3.0 | Average Reward: 2.010 | Steps: 16701 | Total Reward: 512.0|
| Episode: 299 | Epsilon:  0.14 | Reward:   3.0 | Average Reward: 2.030 | Steps: 16776 | Total Reward: 515.0|
| Episode: 300 | Epsilon:  0.14 | Reward:   2.0 | Average Reward: 2.030 | Steps: 16835 | Total Reward: 517.0|
| Episode: 301 | Epsilon:  0.14 | Reward:   4.0 | Average Reward: 2.040 | Steps: 16927 | Total Reward: 521.0|
| Episode: 302 | Epsilon:  0.14 | Reward:   2.0 | Average Reward: 2.060 | Steps: 16983 | Total Reward: 523.0|
| Episode: 303 | Epsilon:  0.14 | Reward:   2.0 | Average Reward: 2.040 | Steps: 17038 | Total Reward: 525.0|
| Episode: 304 | Epsilon:  0.14 | Reward:   0.0 | Average Reward: 2.010 | Steps: 17072 | Total Reward: 525.0|
| Episode: 305 | Epsilon:  0.14 | Reward:   3.0 | Average Reward: 2.020 | Steps: 17144 | Total Reward: 528.0|
| Episode: 306 | Epsilon:  0.14 | Reward:   3.0 | Average Reward: 2.020 | Steps: 17221 | Total Reward: 531.0|
| Episode: 307 | Epsilon:  0.14 | Reward:   3.0 | Average Reward: 2.030 | Steps: 17295 | Total Reward: 534.0|
| Episode: 308 | Epsilon:  0.14 | Reward:   2.0 | Average Reward: 2.030 | Steps: 17352 | Total Reward: 536.0|
| Episode: 309 | Epsilon:  0.14 | Reward:   3.0 | Average Reward: 2.060 | Steps: 17428 | Total Reward: 539.0|
| Episode: 310 | Epsilon:  0.14 | Reward:   3.0 | Average Reward: 2.070 | Steps: 17502 | Total Reward: 542.0|
| Episode: 311 | Epsilon:  0.14 | Reward:   3.0 | Average Reward: 2.080 | Steps: 17576 | Total Reward: 545.0|
| Episode: 312 | Epsilon:  0.14 | Reward:   2.0 | Average Reward: 2.080 | Steps: 17634 | Total Reward: 547.0|
| Episode: 313 | Epsilon:  0.14 | Reward:   3.0 | Average Reward: 2.080 | Steps: 17708 | Total Reward: 550.0|
| Episode: 314 | Epsilon:  0.13 | Reward:   3.0 | Average Reward: 2.080 | Steps: 17782 | Total Reward: 553.0|
| Episode: 315 | Epsilon:  0.13 | Reward:   0.0 | Average Reward: 2.040 | Steps: 17815 | Total Reward: 553.0|
| Episode: 316 | Epsilon:  0.13 | Reward:   0.0 | Average Reward: 2.010 | Steps: 17845 | Total Reward: 553.0|
| Episode: 317 | Epsilon:  0.13 | Reward:   0.0 | Average Reward: 1.990 | Steps: 17877 | Total Reward: 553.0|
| Episode: 318 | Epsilon:  0.13 | Reward:   2.0 | Average Reward: 1.980 | Steps: 17935 | Total Reward: 555.0|
| Episode: 319 | Epsilon:  0.13 | Reward:   2.0 | Average Reward: 1.980 | Steps: 17994 | Total Reward: 557.0|
| Episode: 320 | Epsilon:  0.13 | Reward:   2.0 | Average Reward: 1.960 | Steps: 18051 | Total Reward: 559.0|
| Episode: 321 | Epsilon:  0.13 | Reward:   2.0 | Average Reward: 1.960 | Steps: 18111 | Total Reward: 561.0|
| Episode: 322 | Epsilon:  0.13 | Reward:   2.0 | Average Reward: 1.950 | Steps: 18168 | Total Reward: 563.0|
| Episode: 323 | Epsilon:  0.13 | Reward:   2.0 | Average Reward: 1.950 | Steps: 18228 | Total Reward: 565.0|
| Episode: 324 | Epsilon:  0.13 | Reward:   2.0 | Average Reward: 1.950 | Steps: 18287 | Total Reward: 567.0|
| Episode: 325 | Epsilon:  0.13 | Reward:   2.0 | Average Reward: 1.940 | Steps: 18343 | Total Reward: 569.0|
| Episode: 326 | Epsilon:  0.13 | Reward:   0.0 | Average Reward: 1.900 | Steps: 18376 | Total Reward: 569.0|
| Episode: 327 | Epsilon:  0.13 | Reward:   2.0 | Average Reward: 1.920 | Steps: 18435 | Total Reward: 571.0|
| Episode: 328 | Epsilon:  0.13 | Reward:   0.0 | Average Reward: 1.920 | Steps: 18470 | Total Reward: 571.0|
| Episode: 329 | Epsilon:  0.13 | Reward:   0.0 | Average Reward: 1.920 | Steps: 18503 | Total Reward: 571.0|
| Episode: 330 | Epsilon:  0.13 | Reward:   2.0 | Average Reward: 1.910 | Steps: 18560 | Total Reward: 573.0|
| Episode: 331 | Epsilon:  0.13 | Reward:   3.0 | Average Reward: 1.880 | Steps: 18634 | Total Reward: 576.0|
| Episode: 332 | Epsilon:  0.13 | Reward:   0.0 | Average Reward: 1.860 | Steps: 18667 | Total Reward: 576.0|
| Episode: 333 | Epsilon:  0.13 | Reward:   0.0 | Average Reward: 1.810 | Steps: 18702 | Total Reward: 576.0|
| Episode: 334 | Epsilon:  0.13 | Reward:   2.0 | Average Reward: 1.830 | Steps: 18757 | Total Reward: 578.0|
| Episode: 335 | Epsilon:  0.13 | Reward:   2.0 | Average Reward: 1.850 | Steps: 18814 | Total Reward: 580.0|
| Episode: 336 | Epsilon:  0.13 | Reward:   3.0 | Average Reward: 1.860 | Steps: 18889 | Total Reward: 583.0|
| Episode: 337 | Epsilon:  0.13 | Reward:   2.0 | Average Reward: 1.880 | Steps: 18946 | Total Reward: 585.0|
| Episode: 338 | Epsilon:  0.13 | Reward:   4.0 | Average Reward: 1.900 | Steps: 19036 | Total Reward: 589.0|
| Episode: 339 | Epsilon:  0.13 | Reward:   0.0 | Average Reward: 1.880 | Steps: 19067 | Total Reward: 589.0|
| Episode: 340 | Epsilon:  0.13 | Reward:   0.0 | Average Reward: 1.860 | Steps: 19101 | Total Reward: 589.0|
| Episode: 341 | Epsilon:  0.13 | Reward:   0.0 | Average Reward: 1.840 | Steps: 19136 | Total Reward: 589.0|
| Episode: 342 | Epsilon:  0.13 | Reward:   0.0 | Average Reward: 1.810 | Steps: 19167 | Total Reward: 589.0|
| Episode: 343 | Epsilon:  0.13 | Reward:   2.0 | Average Reward: 1.830 | Steps: 19225 | Total Reward: 591.0|
| Episode: 344 | Epsilon:  0.13 | Reward:   3.0 | Average Reward: 1.860 | Steps: 19297 | Total Reward: 594.0|
| Episode: 345 | Epsilon:  0.13 | Reward:   0.0 | Average Reward: 1.860 | Steps: 19328 | Total Reward: 594.0|
| Episode: 346 | Epsilon:  0.13 | Reward:   2.0 | Average Reward: 1.880 | Steps: 19387 | Total Reward: 596.0|
| Episode: 347 | Epsilon:  0.12 | Reward:   5.0 | Average Reward: 1.890 | Steps: 19492 | Total Reward: 601.0|
| Episode: 348 | Epsilon:  0.12 | Reward:   2.0 | Average Reward: 1.890 | Steps: 19552 | Total Reward: 603.0|
| Episode: 349 | Epsilon:  0.12 | Reward:   2.0 | Average Reward: 1.870 | Steps: 19610 | Total Reward: 605.0|
| Episode: 350 | Epsilon:  0.12 | Reward:   2.0 | Average Reward: 1.860 | Steps: 19667 | Total Reward: 607.0|
| Episode: 351 | Epsilon:  0.12 | Reward:   2.0 | Average Reward: 1.860 | Steps: 19724 | Total Reward: 609.0|
| Episode: 352 | Epsilon:  0.12 | Reward:   0.0 | Average Reward: 1.840 | Steps: 19756 | Total Reward: 609.0|
| Episode: 353 | Epsilon:  0.12 | Reward:   2.0 | Average Reward: 1.840 | Steps: 19814 | Total Reward: 611.0|
| Episode: 354 | Epsilon:  0.12 | Reward:   3.0 | Average Reward: 1.850 | Steps: 19889 | Total Reward: 614.0|
| Episode: 355 | Epsilon:  0.12 | Reward:   3.0 | Average Reward: 1.860 | Steps: 19961 | Total Reward: 617.0|
| Episode: 356 | Epsilon:  0.12 | Reward:   2.0 | Average Reward: 1.860 | Steps: 20027 | Total Reward: 619.0|
| Episode: 357 | Epsilon:  0.12 | Reward:   2.0 | Average Reward: 1.880 | Steps: 20084 | Total Reward: 621.0|
| Episode: 358 | Epsilon:  0.12 | Reward:   3.0 | Average Reward: 1.910 | Steps: 20157 | Total Reward: 624.0|
| Episode: 359 | Epsilon:  0.12 | Reward:   3.0 | Average Reward: 1.920 | Steps: 20228 | Total Reward: 627.0|
| Episode: 360 | Epsilon:  0.12 | Reward:   2.0 | Average Reward: 1.920 | Steps: 20284 | Total Reward: 629.0|
| Episode: 361 | Epsilon:  0.12 | Reward:   3.0 | Average Reward: 1.930 | Steps: 20359 | Total Reward: 632.0|
| Episode: 362 | Epsilon:  0.12 | Reward:   3.0 | Average Reward: 1.960 | Steps: 20433 | Total Reward: 635.0|
| Episode: 363 | Epsilon:  0.12 | Reward:   3.0 | Average Reward: 1.990 | Steps: 20509 | Total Reward: 638.0|
| Episode: 364 | Epsilon:  0.12 | Reward:   2.0 | Average Reward: 1.980 | Steps: 20563 | Total Reward: 640.0|
| Episode: 365 | Epsilon:  0.12 | Reward:   4.0 | Average Reward: 1.980 | Steps: 20654 | Total Reward: 644.0|
| Episode: 366 | Epsilon:  0.12 | Reward:   0.0 | Average Reward: 1.950 | Steps: 20686 | Total Reward: 644.0|
| Episode: 367 | Epsilon:  0.12 | Reward:   2.0 | Average Reward: 1.930 | Steps: 20744 | Total Reward: 646.0|
| Episode: 368 | Epsilon:  0.12 | Reward:   3.0 | Average Reward: 1.960 | Steps: 20818 | Total Reward: 649.0|
| Episode: 369 | Epsilon:  0.12 | Reward:   2.0 | Average Reward: 1.980 | Steps: 20875 | Total Reward: 651.0|
| Episode: 370 | Epsilon:  0.12 | Reward:   2.0 | Average Reward: 1.970 | Steps: 20935 | Total Reward: 653.0|
| Episode: 371 | Epsilon:  0.12 | Reward:   2.0 | Average Reward: 1.960 | Steps: 20991 | Total Reward: 655.0|
| Episode: 372 | Epsilon:  0.12 | Reward:   2.0 | Average Reward: 1.960 | Steps: 21049 | Total Reward: 657.0|
| Episode: 373 | Epsilon:  0.12 | Reward:   3.0 | Average Reward: 1.960 | Steps: 21121 | Total Reward: 660.0|
| Episode: 374 | Epsilon:  0.12 | Reward:   2.0 | Average Reward: 1.950 | Steps: 21177 | Total Reward: 662.0|
| Episode: 375 | Epsilon:  0.12 | Reward:   2.0 | Average Reward: 1.950 | Steps: 21236 | Total Reward: 664.0|
| Episode: 376 | Epsilon:  0.12 | Reward:   3.0 | Average Reward: 1.960 | Steps: 21309 | Total Reward: 667.0|
| Episode: 377 | Epsilon:  0.12 | Reward:   5.0 | Average Reward: 2.010 | Steps: 21414 | Total Reward: 672.0|
| Episode: 378 | Epsilon:  0.12 | Reward:   2.0 | Average Reward: 2.030 | Steps: 21474 | Total Reward: 674.0|
| Episode: 379 | Epsilon:  0.12 | Reward:   0.0 | Average Reward: 2.030 | Steps: 21506 | Total Reward: 674.0|
| Episode: 380 | Epsilon:  0.12 | Reward:   3.0 | Average Reward: 2.030 | Steps: 21580 | Total Reward: 677.0|
| Episode: 381 | Epsilon:  0.12 | Reward:   0.0 | Average Reward: 1.980 | Steps: 21613 | Total Reward: 677.0|
| Episode: 382 | Epsilon:  0.12 | Reward:   4.0 | Average Reward: 1.990 | Steps: 21702 | Total Reward: 681.0|
| Episode: 383 | Epsilon:  0.12 | Reward:   4.0 | Average Reward: 2.010 | Steps: 21789 | Total Reward: 685.0|
| Episode: 384 | Epsilon:  0.12 | Reward:   3.0 | Average Reward: 2.040 | Steps: 21862 | Total Reward: 688.0|
| Episode: 385 | Epsilon:  0.12 | Reward:   0.0 | Average Reward: 2.040 | Steps: 21894 | Total Reward: 688.0|
| Episode: 386 | Epsilon:  0.12 | Reward:   2.0 | Average Reward: 2.020 | Steps: 21951 | Total Reward: 690.0|
| Episode: 387 | Epsilon:  0.12 | Reward:   3.0 | Average Reward: 2.030 | Steps: 22025 | Total Reward: 693.0|
| Episode: 388 | Epsilon:  0.12 | Reward:   0.0 | Average Reward: 2.010 | Steps: 22058 | Total Reward: 693.0|
| Episode: 389 | Epsilon:  0.12 | Reward:   3.0 | Average Reward: 2.040 | Steps: 22135 | Total Reward: 696.0|
| Episode: 390 | Epsilon:  0.12 | Reward:   2.0 | Average Reward: 2.060 | Steps: 22191 | Total Reward: 698.0|
| Episode: 391 | Epsilon:  0.12 | Reward:   2.0 | Average Reward: 2.050 | Steps: 22250 | Total Reward: 700.0|
| Episode: 392 | Epsilon:  0.12 | Reward:   0.0 | Average Reward: 2.030 | Steps: 22283 | Total Reward: 700.0|
| Episode: 393 | Epsilon:  0.12 | Reward:   2.0 | Average Reward: 2.030 | Steps: 22339 | Total Reward: 702.0|
| Episode: 394 | Epsilon:  0.12 | Reward:   3.0 | Average Reward: 2.020 | Steps: 22412 | Total Reward: 705.0|
| Episode: 395 | Epsilon:  0.12 | Reward:   2.0 | Average Reward: 2.020 | Steps: 22469 | Total Reward: 707.0|
| Episode: 396 | Epsilon:  0.12 | Reward:   4.0 | Average Reward: 2.020 | Steps: 22561 | Total Reward: 711.0|
| Episode: 397 | Epsilon:  0.12 | Reward:   2.0 | Average Reward: 2.040 | Steps: 22620 | Total Reward: 713.0|
| Episode: 398 | Epsilon:  0.11 | Reward:   2.0 | Average Reward: 2.030 | Steps: 22678 | Total Reward: 715.0|
| Episode: 399 | Epsilon:  0.11 | Reward:   2.0 | Average Reward: 2.020 | Steps: 22733 | Total Reward: 717.0|
| Episode: 400 | Epsilon:  0.11 | Reward:   0.0 | Average Reward: 2.000 | Steps: 22768 | Total Reward: 717.0|
| Episode: 401 | Epsilon:  0.11 | Reward:   3.0 | Average Reward: 1.990 | Steps: 22841 | Total Reward: 720.0|
| Episode: 402 | Epsilon:  0.11 | Reward:   0.0 | Average Reward: 1.970 | Steps: 22874 | Total Reward: 720.0|
| Episode: 403 | Epsilon:  0.11 | Reward:   2.0 | Average Reward: 1.970 | Steps: 22932 | Total Reward: 722.0|
| Episode: 404 | Epsilon:  0.11 | Reward:   3.0 | Average Reward: 2.000 | Steps: 23004 | Total Reward: 725.0|
| Episode: 405 | Epsilon:  0.11 | Reward:   2.0 | Average Reward: 1.990 | Steps: 23063 | Total Reward: 727.0|
| Episode: 406 | Epsilon:  0.11 | Reward:   3.0 | Average Reward: 1.990 | Steps: 23138 | Total Reward: 730.0|
| Episode: 407 | Epsilon:  0.11 | Reward:   5.0 | Average Reward: 2.010 | Steps: 23245 | Total Reward: 735.0|
| Episode: 408 | Epsilon:  0.11 | Reward:   0.0 | Average Reward: 1.990 | Steps: 23277 | Total Reward: 735.0|
| Episode: 409 | Epsilon:  0.11 | Reward:   2.0 | Average Reward: 1.980 | Steps: 23335 | Total Reward: 737.0|
| Episode: 410 | Epsilon:  0.11 | Reward:   2.0 | Average Reward: 1.970 | Steps: 23393 | Total Reward: 739.0|
| Episode: 411 | Epsilon:  0.11 | Reward:   3.0 | Average Reward: 1.970 | Steps: 23467 | Total Reward: 742.0|
| Episode: 412 | Epsilon:  0.11 | Reward:   3.0 | Average Reward: 1.980 | Steps: 23539 | Total Reward: 745.0|
| Episode: 413 | Epsilon:  0.11 | Reward:   2.0 | Average Reward: 1.970 | Steps: 23596 | Total Reward: 747.0|
| Episode: 414 | Epsilon:  0.11 | Reward:   0.0 | Average Reward: 1.940 | Steps: 23627 | Total Reward: 747.0|
| Episode: 415 | Epsilon:  0.11 | Reward:   2.0 | Average Reward: 1.960 | Steps: 23684 | Total Reward: 749.0|
| Episode: 416 | Epsilon:  0.11 | Reward:   2.0 | Average Reward: 1.980 | Steps: 23743 | Total Reward: 751.0|
| Episode: 417 | Epsilon:  0.11 | Reward:   2.0 | Average Reward: 2.000 | Steps: 23802 | Total Reward: 753.0|
| Episode: 418 | Epsilon:  0.11 | Reward:   4.0 | Average Reward: 2.020 | Steps: 23893 | Total Reward: 757.0|
| Episode: 419 | Epsilon:  0.11 | Reward:   3.0 | Average Reward: 2.030 | Steps: 23967 | Total Reward: 760.0|
| Episode: 420 | Epsilon:  0.11 | Reward:   2.0 | Average Reward: 2.030 | Steps: 24026 | Total Reward: 762.0|
| Episode: 421 | Epsilon:  0.11 | Reward:   2.0 | Average Reward: 2.030 | Steps: 24085 | Total Reward: 764.0|
| Episode: 422 | Epsilon:  0.11 | Reward:   5.0 | Average Reward: 2.060 | Steps: 24194 | Total Reward: 769.0|
| Episode: 423 | Epsilon:  0.11 | Reward:   2.0 | Average Reward: 2.060 | Steps: 24251 | Total Reward: 771.0|
| Episode: 424 | Epsilon:  0.11 | Reward:   3.0 | Average Reward: 2.070 | Steps: 24325 | Total Reward: 774.0|
| Episode: 425 | Epsilon:  0.11 | Reward:   3.0 | Average Reward: 2.080 | Steps: 24402 | Total Reward: 777.0|
| Episode: 426 | Epsilon:  0.11 | Reward:   2.0 | Average Reward: 2.100 | Steps: 24460 | Total Reward: 779.0|
| Episode: 427 | Epsilon:  0.11 | Reward:   4.0 | Average Reward: 2.120 | Steps: 24551 | Total Reward: 783.0|
| Episode: 428 | Epsilon:  0.11 | Reward:   0.0 | Average Reward: 2.120 | Steps: 24584 | Total Reward: 783.0|
| Episode: 429 | Epsilon:  0.11 | Reward:   3.0 | Average Reward: 2.150 | Steps: 24658 | Total Reward: 786.0|
| Episode: 430 | Epsilon:  0.11 | Reward:   0.0 | Average Reward: 2.130 | Steps: 24690 | Total Reward: 786.0|
| Episode: 431 | Epsilon:  0.11 | Reward:   2.0 | Average Reward: 2.120 | Steps: 24745 | Total Reward: 788.0|
| Episode: 432 | Epsilon:  0.11 | Reward:   0.0 | Average Reward: 2.120 | Steps: 24777 | Total Reward: 788.0|
| Episode: 433 | Epsilon:  0.11 | Reward:   3.0 | Average Reward: 2.150 | Steps: 24848 | Total Reward: 791.0|
| Episode: 434 | Epsilon:  0.11 | Reward:   2.0 | Average Reward: 2.150 | Steps: 24902 | Total Reward: 793.0|
| Episode: 435 | Epsilon:  0.11 | Reward:   4.0 | Average Reward: 2.170 | Steps: 24994 | Total Reward: 797.0|
| Episode: 436 | Epsilon:  0.11 | Reward:   2.0 | Average Reward: 2.160 | Steps: 25051 | Total Reward: 799.0|
| Episode: 437 | Epsilon:  0.11 | Reward:   0.0 | Average Reward: 2.140 | Steps: 25085 | Total Reward: 799.0|
| Episode: 438 | Epsilon:  0.11 | Reward:   0.0 | Average Reward: 2.100 | Steps: 25119 | Total Reward: 799.0|
| Episode: 439 | Epsilon:  0.11 | Reward:   2.0 | Average Reward: 2.120 | Steps: 25176 | Total Reward: 801.0|
| Episode: 440 | Epsilon:  0.11 | Reward:   3.0 | Average Reward: 2.150 | Steps: 25252 | Total Reward: 804.0|
| Episode: 441 | Epsilon:  0.11 | Reward:   3.0 | Average Reward: 2.180 | Steps: 25327 | Total Reward: 807.0|
| Episode: 442 | Epsilon:  0.11 | Reward:   2.0 | Average Reward: 2.200 | Steps: 25386 | Total Reward: 809.0|
| Episode: 443 | Epsilon:  0.11 | Reward:   3.0 | Average Reward: 2.210 | Steps: 25458 | Total Reward: 812.0|
| Episode: 444 | Epsilon:  0.11 | Reward:   4.0 | Average Reward: 2.220 | Steps: 25550 | Total Reward: 816.0|
| Episode: 445 | Epsilon:  0.11 | Reward:   3.0 | Average Reward: 2.250 | Steps: 25624 | Total Reward: 819.0|
| Episode: 446 | Epsilon:  0.11 | Reward:   3.0 | Average Reward: 2.260 | Steps: 25697 | Total Reward: 822.0|
| Episode: 447 | Epsilon:  0.11 | Reward:   0.0 | Average Reward: 2.210 | Steps: 25730 | Total Reward: 822.0|
| Episode: 448 | Epsilon:  0.11 | Reward:   3.0 | Average Reward: 2.220 | Steps: 25803 | Total Reward: 825.0|
| Episode: 449 | Epsilon:  0.11 | Reward:   2.0 | Average Reward: 2.220 | Steps: 25855 | Total Reward: 827.0|
| Episode: 450 | Epsilon:  0.11 | Reward:   2.0 | Average Reward: 2.220 | Steps: 25913 | Total Reward: 829.0|
| Episode: 451 | Epsilon:  0.11 | Reward:   3.0 | Average Reward: 2.230 | Steps: 25987 | Total Reward: 832.0|
| Episode: 452 | Epsilon:  0.11 | Reward:   2.0 | Average Reward: 2.250 | Steps: 26043 | Total Reward: 834.0|
| Episode: 453 | Epsilon:  0.11 | Reward:   0.0 | Average Reward: 2.230 | Steps: 26074 | Total Reward: 834.0|
| Episode: 454 | Epsilon:  0.11 | Reward:   2.0 | Average Reward: 2.220 | Steps: 26130 | Total Reward: 836.0|
| Episode: 455 | Epsilon:  0.11 | Reward:   2.0 | Average Reward: 2.210 | Steps: 26186 | Total Reward: 838.0|
| Episode: 456 | Epsilon:  0.11 | Reward:   2.0 | Average Reward: 2.210 | Steps: 26242 | Total Reward: 840.0|
| Episode: 457 | Epsilon:  0.11 | Reward:   3.0 | Average Reward: 2.220 | Steps: 26316 | Total Reward: 843.0|
| Episode: 458 | Epsilon:  0.11 | Reward:   0.0 | Average Reward: 2.190 | Steps: 26347 | Total Reward: 843.0|
| Episode: 459 | Epsilon:  0.11 | Reward:   2.0 | Average Reward: 2.180 | Steps: 26404 | Total Reward: 845.0|
| Episode: 460 | Epsilon:  0.11 | Reward:   2.0 | Average Reward: 2.180 | Steps: 26464 | Total Reward: 847.0|
| Episode: 461 | Epsilon:  0.11 | Reward:   3.0 | Average Reward: 2.180 | Steps: 26537 | Total Reward: 850.0|
| Episode: 462 | Epsilon:  0.11 | Reward:   2.0 | Average Reward: 2.170 | Steps: 26592 | Total Reward: 852.0|
| Episode: 463 | Epsilon:  0.11 | Reward:   0.0 | Average Reward: 2.140 | Steps: 26624 | Total Reward: 852.0|
| Episode: 464 | Epsilon:  0.11 | Reward:   2.0 | Average Reward: 2.140 | Steps: 26679 | Total Reward: 854.0|
| Episode: 465 | Epsilon:  0.11 | Reward:   2.0 | Average Reward: 2.120 | Steps: 26737 | Total Reward: 856.0|
| Episode: 466 | Epsilon:  0.11 | Reward:   2.0 | Average Reward: 2.140 | Steps: 26795 | Total Reward: 858.0|
| Episode: 467 | Epsilon:  0.11 | Reward:   0.0 | Average Reward: 2.120 | Steps: 26828 | Total Reward: 858.0|
| Episode: 468 | Epsilon:  0.11 | Reward:   3.0 | Average Reward: 2.120 | Steps: 26901 | Total Reward: 861.0|
| Episode: 469 | Epsilon:  0.11 | Reward:   2.0 | Average Reward: 2.120 | Steps: 26958 | Total Reward: 863.0|
| Episode: 470 | Epsilon:  0.11 | Reward:   2.0 | Average Reward: 2.120 | Steps: 27015 | Total Reward: 865.0|
| Episode: 471 | Epsilon:  0.11 | Reward:   2.0 | Average Reward: 2.120 | Steps: 27072 | Total Reward: 867.0|
| Episode: 472 | Epsilon:  0.11 | Reward:   0.0 | Average Reward: 2.100 | Steps: 27104 | Total Reward: 867.0|
| Episode: 473 | Epsilon:  0.11 | Reward:   0.0 | Average Reward: 2.070 | Steps: 27138 | Total Reward: 867.0|
| Episode: 474 | Epsilon:  0.11 | Reward:   2.0 | Average Reward: 2.070 | Steps: 27195 | Total Reward: 869.0|
| Episode: 475 | Epsilon:  0.11 | Reward:   2.0 | Average Reward: 2.070 | Steps: 27250 | Total Reward: 871.0|
| Episode: 476 | Epsilon:  0.11 | Reward:   0.0 | Average Reward: 2.040 | Steps: 27282 | Total Reward: 871.0|
| Episode: 477 | Epsilon:  0.11 | Reward:   2.0 | Average Reward: 2.010 | Steps: 27338 | Total Reward: 873.0|
| Episode: 478 | Epsilon:  0.11 | Reward:   0.0 | Average Reward: 1.990 | Steps: 27370 | Total Reward: 873.0|
| Episode: 479 | Epsilon:  0.11 | Reward:   2.0 | Average Reward: 2.010 | Steps: 27427 | Total Reward: 875.0|
| Episode: 480 | Epsilon:  0.11 | Reward:   0.0 | Average Reward: 1.980 | Steps: 27460 | Total Reward: 875.0|
| Episode: 481 | Epsilon:  0.11 | Reward:   4.0 | Average Reward: 2.020 | Steps: 27551 | Total Reward: 879.0|
| Episode: 482 | Epsilon:  0.11 | Reward:   3.0 | Average Reward: 2.010 | Steps: 27624 | Total Reward: 882.0|
| Episode: 483 | Epsilon:  0.11 | Reward:   0.0 | Average Reward: 1.970 | Steps: 27658 | Total Reward: 882.0|
| Episode: 484 | Epsilon:  0.11 | Reward:   2.0 | Average Reward: 1.960 | Steps: 27716 | Total Reward: 884.0|
| Episode: 485 | Epsilon:  0.11 | Reward:   3.0 | Average Reward: 1.990 | Steps: 27789 | Total Reward: 887.0|
| Episode: 486 | Epsilon:  0.11 | Reward:   4.0 | Average Reward: 2.010 | Steps: 27878 | Total Reward: 891.0|
| Episode: 487 | Epsilon:  0.11 | Reward:   0.0 | Average Reward: 1.980 | Steps: 27911 | Total Reward: 891.0|
| Episode: 488 | Epsilon:  0.11 | Reward:   2.0 | Average Reward: 2.000 | Steps: 27969 | Total Reward: 893.0|
| Episode: 489 | Epsilon:  0.11 | Reward:   4.0 | Average Reward: 2.010 | Steps: 28061 | Total Reward: 897.0|
| Episode: 490 | Epsilon:  0.11 | Reward:   3.0 | Average Reward: 2.020 | Steps: 28136 | Total Reward: 900.0|
| Episode: 491 | Epsilon:  0.11 | Reward:   2.0 | Average Reward: 2.020 | Steps: 28193 | Total Reward: 902.0|
| Episode: 492 | Epsilon:  0.11 | Reward:   2.0 | Average Reward: 2.040 | Steps: 28252 | Total Reward: 904.0|
| Episode: 493 | Epsilon:  0.11 | Reward:   0.0 | Average Reward: 2.020 | Steps: 28284 | Total Reward: 904.0|
| Episode: 494 | Epsilon:  0.11 | Reward:   3.0 | Average Reward: 2.020 | Steps: 28358 | Total Reward: 907.0|
| Episode: 495 | Epsilon:  0.11 | Reward:   2.0 | Average Reward: 2.020 | Steps: 28416 | Total Reward: 909.0|
| Episode: 496 | Epsilon:  0.11 | Reward:   2.0 | Average Reward: 2.000 | Steps: 28474 | Total Reward: 911.0|
| Episode: 497 | Epsilon:  0.11 | Reward:   0.0 | Average Reward: 1.980 | Steps: 28505 | Total Reward: 911.0|
| Episode: 498 | Epsilon:  0.11 | Reward:   3.0 | Average Reward: 1.990 | Steps: 28576 | Total Reward: 914.0|
| Episode: 499 | Epsilon:  0.11 | Reward:   2.0 | Average Reward: 1.990 | Steps: 28634 | Total Reward: 916.0|
| Episode: 500 | Epsilon:  0.11 | Reward:   2.0 | Average Reward: 2.010 | Steps: 28690 | Total Reward: 918.0|
| Episode: 501 | Epsilon:  0.11 | Reward:   3.0 | Average Reward: 2.010 | Steps: 28756 | Total Reward: 921.0|
| Episode: 502 | Epsilon:  0.11 | Reward:   2.0 | Average Reward: 2.030 | Steps: 28814 | Total Reward: 923.0|
| Episode: 503 | Epsilon:  0.11 | Reward:   2.0 | Average Reward: 2.030 | Steps: 28871 | Total Reward: 925.0|
| Episode: 504 | Epsilon:  0.11 | Reward:   4.0 | Average Reward: 2.040 | Steps: 28959 | Total Reward: 929.0|
| Episode: 505 | Epsilon:  0.11 | Reward:   2.0 | Average Reward: 2.040 | Steps: 29018 | Total Reward: 931.0|
| Episode: 506 | Epsilon:  0.11 | Reward:   0.0 | Average Reward: 2.010 | Steps: 29052 | Total Reward: 931.0|
| Episode: 507 | Epsilon:  0.11 | Reward:   3.0 | Average Reward: 1.990 | Steps: 29125 | Total Reward: 934.0|
| Episode: 508 | Epsilon:  0.10 | Reward:   3.0 | Average Reward: 2.020 | Steps: 29198 | Total Reward: 937.0|
| Episode: 509 | Epsilon:  0.10 | Reward:   2.0 | Average Reward: 2.020 | Steps: 29254 | Total Reward: 939.0|
| Episode: 510 | Epsilon:  0.10 | Reward:   0.0 | Average Reward: 2.000 | Steps: 29288 | Total Reward: 939.0|
| Episode: 511 | Epsilon:  0.10 | Reward:   0.0 | Average Reward: 1.970 | Steps: 29319 | Total Reward: 939.0|
| Episode: 512 | Epsilon:  0.10 | Reward:   2.0 | Average Reward: 1.960 | Steps: 29374 | Total Reward: 941.0|
| Episode: 513 | Epsilon:  0.10 | Reward:   2.0 | Average Reward: 1.960 | Steps: 29433 | Total Reward: 943.0|
| Episode: 514 | Epsilon:  0.10 | Reward:   4.0 | Average Reward: 2.000 | Steps: 29525 | Total Reward: 947.0|
| Episode: 515 | Epsilon:  0.10 | Reward:   3.0 | Average Reward: 2.010 | Steps: 29601 | Total Reward: 950.0|
| Episode: 516 | Epsilon:  0.10 | Reward:   0.0 | Average Reward: 1.990 | Steps: 29633 | Total Reward: 950.0|
| Episode: 517 | Epsilon:  0.10 | Reward:   3.0 | Average Reward: 2.000 | Steps: 29707 | Total Reward: 953.0|
| Episode: 518 | Epsilon:  0.10 | Reward:   3.0 | Average Reward: 1.990 | Steps: 29780 | Total Reward: 956.0|
| Episode: 519 | Epsilon:  0.10 | Reward:   3.0 | Average Reward: 1.990 | Steps: 29856 | Total Reward: 959.0|
| Episode: 520 | Epsilon:  0.10 | Reward:   2.0 | Average Reward: 1.990 | Steps: 29915 | Total Reward: 961.0|
| Episode: 521 | Epsilon:  0.10 | Reward:   4.0 | Average Reward: 2.010 | Steps: 30001 | Total Reward: 965.0|
| Episode: 522 | Epsilon:  0.10 | Reward:   2.0 | Average Reward: 1.980 | Steps: 30059 | Total Reward: 967.0|
| Episode: 523 | Epsilon:  0.10 | Reward:   3.0 | Average Reward: 1.990 | Steps: 30133 | Total Reward: 970.0|
| Episode: 524 | Epsilon:  0.10 | Reward:   2.0 | Average Reward: 1.980 | Steps: 30189 | Total Reward: 972.0|
| Episode: 525 | Epsilon:  0.10 | Reward:   2.0 | Average Reward: 1.970 | Steps: 30246 | Total Reward: 974.0|
| Episode: 526 | Epsilon:  0.10 | Reward:   2.0 | Average Reward: 1.970 | Steps: 30305 | Total Reward: 976.0|
| Episode: 527 | Epsilon:  0.10 | Reward:   0.0 | Average Reward: 1.930 | Steps: 30337 | Total Reward: 976.0|
| Episode: 528 | Epsilon:  0.10 | Reward:   4.0 | Average Reward: 1.970 | Steps: 30430 | Total Reward: 980.0|
| Episode: 529 | Epsilon:  0.10 | Reward:   0.0 | Average Reward: 1.940 | Steps: 30462 | Total Reward: 980.0|
| Episode: 530 | Epsilon:  0.10 | Reward:   0.0 | Average Reward: 1.940 | Steps: 30495 | Total Reward: 980.0|
| Episode: 531 | Epsilon:  0.10 | Reward:   3.0 | Average Reward: 1.950 | Steps: 30571 | Total Reward: 983.0|
| Episode: 532 | Epsilon:  0.10 | Reward:   2.0 | Average Reward: 1.970 | Steps: 30632 | Total Reward: 985.0|
| Episode: 533 | Epsilon:  0.10 | Reward:   3.0 | Average Reward: 1.970 | Steps: 30708 | Total Reward: 988.0|
| Episode: 534 | Epsilon:  0.10 | Reward:   2.0 | Average Reward: 1.970 | Steps: 30766 | Total Reward: 990.0|
| Episode: 535 | Epsilon:  0.10 | Reward:   0.0 | Average Reward: 1.930 | Steps: 30799 | Total Reward: 990.0|
| Episode: 536 | Epsilon:  0.10 | Reward:   3.0 | Average Reward: 1.940 | Steps: 30872 | Total Reward: 993.0|
| Episode: 537 | Epsilon:  0.10 | Reward:   2.0 | Average Reward: 1.960 | Steps: 30929 | Total Reward: 995.0|
| Episode: 538 | Epsilon:  0.10 | Reward:   2.0 | Average Reward: 1.980 | Steps: 30988 | Total Reward: 997.0|
| Episode: 539 | Epsilon:  0.10 | Reward:   0.0 | Average Reward: 1.960 | Steps: 31020 | Total Reward: 997.0|
| Episode: 540 | Epsilon:  0.10 | Reward:   4.0 | Average Reward: 1.970 | Steps: 31113 | Total Reward: 1001.0|
| Episode: 541 | Epsilon:  0.10 | Reward:   3.0 | Average Reward: 1.970 | Steps: 31190 | Total Reward: 1004.0|
| Episode: 542 | Epsilon:  0.10 | Reward:   4.0 | Average Reward: 1.990 | Steps: 31278 | Total Reward: 1008.0|
| Episode: 543 | Epsilon:  0.10 | Reward:   0.0 | Average Reward: 1.960 | Steps: 31310 | Total Reward: 1008.0|
| Episode: 544 | Epsilon:  0.10 | Reward:   3.0 | Average Reward: 1.950 | Steps: 31386 | Total Reward: 1011.0|
| Episode: 545 | Epsilon:  0.10 | Reward:   3.0 | Average Reward: 1.950 | Steps: 31458 | Total Reward: 1014.0|
| Episode: 546 | Epsilon:  0.10 | Reward:   0.0 | Average Reward: 1.920 | Steps: 31490 | Total Reward: 1014.0|
| Episode: 547 | Epsilon:  0.10 | Reward:   0.0 | Average Reward: 1.920 | Steps: 31521 | Total Reward: 1014.0|
| Episode: 548 | Epsilon:  0.10 | Reward:   0.0 | Average Reward: 1.890 | Steps: 31555 | Total Reward: 1014.0|
| Episode: 549 | Epsilon:  0.10 | Reward:   3.0 | Average Reward: 1.900 | Steps: 31626 | Total Reward: 1017.0|
| Episode: 550 | Epsilon:  0.10 | Reward:   2.0 | Average Reward: 1.900 | Steps: 31685 | Total Reward: 1019.0|
| Episode: 551 | Epsilon:  0.10 | Reward:   2.0 | Average Reward: 1.890 | Steps: 31741 | Total Reward: 1021.0|
| Episode: 552 | Epsilon:  0.10 | Reward:   2.0 | Average Reward: 1.890 | Steps: 31799 | Total Reward: 1023.0|
| Episode: 553 | Epsilon:  0.10 | Reward:   2.0 | Average Reward: 1.910 | Steps: 31857 | Total Reward: 1025.0|
| Episode: 554 | Epsilon:  0.10 | Reward:   2.0 | Average Reward: 1.910 | Steps: 31914 | Total Reward: 1027.0|
| Episode: 555 | Epsilon:  0.10 | Reward:   2.0 | Average Reward: 1.910 | Steps: 31971 | Total Reward: 1029.0|
| Episode: 556 | Epsilon:  0.10 | Reward:   3.0 | Average Reward: 1.920 | Steps: 32045 | Total Reward: 1032.0|
| Episode: 557 | Epsilon:  0.10 | Reward:   3.0 | Average Reward: 1.920 | Steps: 32121 | Total Reward: 1035.0|
| Episode: 558 | Epsilon:  0.10 | Reward:   0.0 | Average Reward: 1.920 | Steps: 32155 | Total Reward: 1035.0|
| Episode: 559 | Epsilon:  0.10 | Reward:   2.0 | Average Reward: 1.920 | Steps: 32213 | Total Reward: 1037.0|
| Episode: 560 | Epsilon:  0.10 | Reward:   3.0 | Average Reward: 1.930 | Steps: 32289 | Total Reward: 1040.0|
| Episode: 561 | Epsilon:  0.10 | Reward:   2.0 | Average Reward: 1.920 | Steps: 32348 | Total Reward: 1042.0|
| Episode: 562 | Epsilon:  0.10 | Reward:   3.0 | Average Reward: 1.930 | Steps: 32421 | Total Reward: 1045.0|
| Episode: 563 | Epsilon:  0.10 | Reward:   0.0 | Average Reward: 1.930 | Steps: 32455 | Total Reward: 1045.0|
| Episode: 564 | Epsilon:  0.10 | Reward:   2.0 | Average Reward: 1.930 | Steps: 32511 | Total Reward: 1047.0|
| Episode: 565 | Epsilon:  0.10 | Reward:   2.0 | Average Reward: 1.930 | Steps: 32569 | Total Reward: 1049.0|
| Episode: 566 | Epsilon:  0.10 | Reward:   0.0 | Average Reward: 1.910 | Steps: 32600 | Total Reward: 1049.0|
| Episode: 567 | Epsilon:  0.10 | Reward:   4.0 | Average Reward: 1.950 | Steps: 32691 | Total Reward: 1053.0|
| Episode: 568 | Epsilon:  0.10 | Reward:   2.0 | Average Reward: 1.940 | Steps: 32754 | Total Reward: 1055.0|
| Episode: 569 | Epsilon:  0.10 | Reward:   4.0 | Average Reward: 1.960 | Steps: 32844 | Total Reward: 1059.0|
| Episode: 570 | Epsilon:  0.10 | Reward:   2.0 | Average Reward: 1.960 | Steps: 32903 | Total Reward: 1061.0|
| Episode: 571 | Epsilon:  0.10 | Reward:   3.0 | Average Reward: 1.970 | Steps: 32979 | Total Reward: 1064.0|
| Episode: 572 | Epsilon:  0.10 | Reward:   3.0 | Average Reward: 2.000 | Steps: 33055 | Total Reward: 1067.0|
| Episode: 573 | Epsilon:  0.10 | Reward:   3.0 | Average Reward: 2.030 | Steps: 33127 | Total Reward: 1070.0|
| Episode: 574 | Epsilon:  0.10 | Reward:   0.0 | Average Reward: 2.010 | Steps: 33159 | Total Reward: 1070.0|
| Episode: 575 | Epsilon:  0.10 | Reward:   0.0 | Average Reward: 1.990 | Steps: 33192 | Total Reward: 1070.0|
| Episode: 576 | Epsilon:  0.10 | Reward:   2.0 | Average Reward: 2.010 | Steps: 33249 | Total Reward: 1072.0|
| Episode: 577 | Epsilon:  0.10 | Reward:   2.0 | Average Reward: 2.010 | Steps: 33306 | Total Reward: 1074.0|
| Episode: 578 | Epsilon:  0.10 | Reward:   2.0 | Average Reward: 2.030 | Steps: 33363 | Total Reward: 1076.0|
| Episode: 579 | Epsilon:  0.10 | Reward:   2.0 | Average Reward: 2.030 | Steps: 33419 | Total Reward: 1078.0|
| Episode: 580 | Epsilon:  0.10 | Reward:   3.0 | Average Reward: 2.060 | Steps: 33492 | Total Reward: 1081.0|
| Episode: 581 | Epsilon:  0.10 | Reward:   3.0 | Average Reward: 2.050 | Steps: 33564 | Total Reward: 1084.0|
| Episode: 582 | Epsilon:  0.10 | Reward:   0.0 | Average Reward: 2.020 | Steps: 33597 | Total Reward: 1084.0|
| Episode: 583 | Epsilon:  0.10 | Reward:   0.0 | Average Reward: 2.020 | Steps: 33631 | Total Reward: 1084.0|
| Episode: 584 | Epsilon:  0.10 | Reward:   2.0 | Average Reward: 2.020 | Steps: 33691 | Total Reward: 1086.0|
| Episode: 585 | Epsilon:  0.10 | Reward:   4.0 | Average Reward: 2.030 | Steps: 33781 | Total Reward: 1090.0|
| Episode: 586 | Epsilon:  0.10 | Reward:   2.0 | Average Reward: 2.010 | Steps: 33840 | Total Reward: 1092.0|
| Episode: 587 | Epsilon:  0.10 | Reward:   2.0 | Average Reward: 2.030 | Steps: 33898 | Total Reward: 1094.0|
| Episode: 588 | Epsilon:  0.10 | Reward:   3.0 | Average Reward: 2.040 | Steps: 33972 | Total Reward: 1097.0|
| Episode: 589 | Epsilon:  0.10 | Reward:   2.0 | Average Reward: 2.020 | Steps: 34029 | Total Reward: 1099.0|
| Episode: 590 | Epsilon:  0.10 | Reward:   2.0 | Average Reward: 2.010 | Steps: 34086 | Total Reward: 1101.0|
| Episode: 591 | Epsilon:  0.10 | Reward:   0.0 | Average Reward: 1.990 | Steps: 34121 | Total Reward: 1101.0|
| Episode: 592 | Epsilon:  0.10 | Reward:   0.0 | Average Reward: 1.970 | Steps: 34154 | Total Reward: 1101.0|
| Episode: 593 | Epsilon:  0.10 | Reward:   2.0 | Average Reward: 1.990 | Steps: 34209 | Total Reward: 1103.0|
| Episode: 594 | Epsilon:  0.10 | Reward:   0.0 | Average Reward: 1.960 | Steps: 34241 | Total Reward: 1103.0|
| Episode: 595 | Epsilon:  0.10 | Reward:   0.0 | Average Reward: 1.940 | Steps: 34272 | Total Reward: 1103.0|
| Episode: 596 | Epsilon:  0.10 | Reward:   4.0 | Average Reward: 1.960 | Steps: 34361 | Total Reward: 1107.0|
| Episode: 597 | Epsilon:  0.10 | Reward:   2.0 | Average Reward: 1.980 | Steps: 34416 | Total Reward: 1109.0|
| Episode: 598 | Epsilon:  0.10 | Reward:   2.0 | Average Reward: 1.970 | Steps: 34475 | Total Reward: 1111.0|
| Episode: 599 | Epsilon:  0.10 | Reward:   2.0 | Average Reward: 1.970 | Steps: 34533 | Total Reward: 1113.0|
| Episode: 600 | Epsilon:  0.10 | Reward:   3.0 | Average Reward: 1.980 | Steps: 34608 | Total Reward: 1116.0|
| Episode: 601 | Epsilon:  0.10 | Reward:   2.0 | Average Reward: 1.970 | Steps: 34666 | Total Reward: 1118.0|
| Episode: 602 | Epsilon:  0.10 | Reward:   0.0 | Average Reward: 1.950 | Steps: 34698 | Total Reward: 1118.0|
| Episode: 603 | Epsilon:  0.10 | Reward:   2.0 | Average Reward: 1.950 | Steps: 34757 | Total Reward: 1120.0|
| Episode: 604 | Epsilon:  0.10 | Reward:   0.0 | Average Reward: 1.910 | Steps: 34789 | Total Reward: 1120.0|
| Episode: 605 | Epsilon:  0.10 | Reward:   0.0 | Average Reward: 1.890 | Steps: 34818 | Total Reward: 1120.0|
| Episode: 606 | Epsilon:  0.10 | Reward:   2.0 | Average Reward: 1.910 | Steps: 34877 | Total Reward: 1122.0|
| Episode: 607 | Epsilon:  0.10 | Reward:   0.0 | Average Reward: 1.880 | Steps: 34911 | Total Reward: 1122.0|
| Episode: 608 | Epsilon:  0.10 | Reward:   0.0 | Average Reward: 1.850 | Steps: 34942 | Total Reward: 1122.0|
| Episode: 609 | Epsilon:  0.10 | Reward:   0.0 | Average Reward: 1.830 | Steps: 34976 | Total Reward: 1122.0|
| Episode: 610 | Epsilon:  0.10 | Reward:   2.0 | Average Reward: 1.850 | Steps: 35034 | Total Reward: 1124.0|
| Episode: 611 | Epsilon:  0.10 | Reward:   2.0 | Average Reward: 1.870 | Steps: 35093 | Total Reward: 1126.0|
| Episode: 612 | Epsilon:  0.10 | Reward:   3.0 | Average Reward: 1.880 | Steps: 35167 | Total Reward: 1129.0|
| Episode: 613 | Epsilon:  0.10 | Reward:   2.0 | Average Reward: 1.880 | Steps: 35225 | Total Reward: 1131.0|
| Episode: 614 | Epsilon:  0.10 | Reward:   2.0 | Average Reward: 1.860 | Steps: 35282 | Total Reward: 1133.0|
| Episode: 615 | Epsilon:  0.10 | Reward:   4.0 | Average Reward: 1.870 | Steps: 35372 | Total Reward: 1137.0|
| Episode: 616 | Epsilon:  0.10 | Reward:   2.0 | Average Reward: 1.890 | Steps: 35431 | Total Reward: 1139.0|
| Episode: 617 | Epsilon:  0.10 | Reward:   3.0 | Average Reward: 1.890 | Steps: 35506 | Total Reward: 1142.0|
| Episode: 618 | Epsilon:  0.10 | Reward:   0.0 | Average Reward: 1.860 | Steps: 35539 | Total Reward: 1142.0|
| Episode: 619 | Epsilon:  0.10 | Reward:   3.0 | Average Reward: 1.860 | Steps: 35614 | Total Reward: 1145.0|
| Episode: 620 | Epsilon:  0.10 | Reward:   2.0 | Average Reward: 1.860 | Steps: 35673 | Total Reward: 1147.0|
| Episode: 621 | Epsilon:  0.10 | Reward:   2.0 | Average Reward: 1.840 | Steps: 35730 | Total Reward: 1149.0|
| Episode: 622 | Epsilon:  0.10 | Reward:   3.0 | Average Reward: 1.850 | Steps: 35801 | Total Reward: 1152.0|
| Episode: 623 | Epsilon:  0.10 | Reward:   3.0 | Average Reward: 1.850 | Steps: 35874 | Total Reward: 1155.0|
| Episode: 624 | Epsilon:  0.10 | Reward:   2.0 | Average Reward: 1.850 | Steps: 35929 | Total Reward: 1157.0|
| Episode: 625 | Epsilon:  0.10 | Reward:   3.0 | Average Reward: 1.860 | Steps: 36004 | Total Reward: 1160.0|
| Episode: 626 | Epsilon:  0.10 | Reward:   5.0 | Average Reward: 1.890 | Steps: 36119 | Total Reward: 1165.0|
| Episode: 627 | Epsilon:  0.10 | Reward:   2.0 | Average Reward: 1.910 | Steps: 36177 | Total Reward: 1167.0|
| Episode: 628 | Epsilon:  0.10 | Reward:   0.0 | Average Reward: 1.870 | Steps: 36209 | Total Reward: 1167.0|
| Episode: 629 | Epsilon:  0.10 | Reward:   0.0 | Average Reward: 1.870 | Steps: 36242 | Total Reward: 1167.0|
| Episode: 630 | Epsilon:  0.10 | Reward:   3.0 | Average Reward: 1.900 | Steps: 36317 | Total Reward: 1170.0|
| Episode: 631 | Epsilon:  0.10 | Reward:   4.0 | Average Reward: 1.910 | Steps: 36408 | Total Reward: 1174.0|
| Episode: 632 | Epsilon:  0.10 | Reward:   3.0 | Average Reward: 1.920 | Steps: 36481 | Total Reward: 1177.0|
| Episode: 633 | Epsilon:  0.10 | Reward:   3.0 | Average Reward: 1.920 | Steps: 36555 | Total Reward: 1180.0|
| Episode: 634 | Epsilon:  0.10 | Reward:   3.0 | Average Reward: 1.930 | Steps: 36628 | Total Reward: 1183.0|
| Episode: 635 | Epsilon:  0.10 | Reward:   2.0 | Average Reward: 1.950 | Steps: 36688 | Total Reward: 1185.0|
| Episode: 636 | Epsilon:  0.10 | Reward:   3.0 | Average Reward: 1.950 | Steps: 36764 | Total Reward: 1188.0|
| Episode: 637 | Epsilon:  0.10 | Reward:   2.0 | Average Reward: 1.950 | Steps: 36823 | Total Reward: 1190.0|
| Episode: 638 | Epsilon:  0.10 | Reward:   2.0 | Average Reward: 1.950 | Steps: 36881 | Total Reward: 1192.0|
| Episode: 639 | Epsilon:  0.10 | Reward:   2.0 | Average Reward: 1.970 | Steps: 36944 | Total Reward: 1194.0|
| Episode: 640 | Epsilon:  0.10 | Reward:   0.0 | Average Reward: 1.930 | Steps: 36978 | Total Reward: 1194.0|
| Episode: 641 | Epsilon:  0.10 | Reward:   0.0 | Average Reward: 1.900 | Steps: 37010 | Total Reward: 1194.0|
| Episode: 642 | Epsilon:  0.10 | Reward:   3.0 | Average Reward: 1.890 | Steps: 37081 | Total Reward: 1197.0|
| Episode: 643 | Epsilon:  0.10 | Reward:   0.0 | Average Reward: 1.890 | Steps: 37116 | Total Reward: 1197.0|
| Episode: 644 | Epsilon:  0.10 | Reward:   3.0 | Average Reward: 1.890 | Steps: 37188 | Total Reward: 1200.0|
| Episode: 645 | Epsilon:  0.10 | Reward:   2.0 | Average Reward: 1.880 | Steps: 37246 | Total Reward: 1202.0|
| Episode: 646 | Epsilon:  0.10 | Reward:   2.0 | Average Reward: 1.900 | Steps: 37305 | Total Reward: 1204.0|
| Episode: 647 | Epsilon:  0.10 | Reward:   2.0 | Average Reward: 1.920 | Steps: 37362 | Total Reward: 1206.0|
| Episode: 648 | Epsilon:  0.10 | Reward:   0.0 | Average Reward: 1.920 | Steps: 37396 | Total Reward: 1206.0|
| Episode: 649 | Epsilon:  0.10 | Reward:   2.0 | Average Reward: 1.910 | Steps: 37455 | Total Reward: 1208.0|
| Episode: 650 | Epsilon:  0.10 | Reward:   2.0 | Average Reward: 1.910 | Steps: 37513 | Total Reward: 1210.0|
| Episode: 651 | Epsilon:  0.10 | Reward:   3.0 | Average Reward: 1.920 | Steps: 37587 | Total Reward: 1213.0|
| Episode: 652 | Epsilon:  0.10 | Reward:   3.0 | Average Reward: 1.930 | Steps: 37659 | Total Reward: 1216.0|
| Episode: 653 | Epsilon:  0.10 | Reward:   0.0 | Average Reward: 1.910 | Steps: 37690 | Total Reward: 1216.0|
| Episode: 654 | Epsilon:  0.10 | Reward:   3.0 | Average Reward: 1.920 | Steps: 37762 | Total Reward: 1219.0|
| Episode: 655 | Epsilon:  0.10 | Reward:   3.0 | Average Reward: 1.930 | Steps: 37837 | Total Reward: 1222.0|
| Episode: 656 | Epsilon:  0.10 | Reward:   2.0 | Average Reward: 1.920 | Steps: 37897 | Total Reward: 1224.0|
| Episode: 657 | Epsilon:  0.10 | Reward:   3.0 | Average Reward: 1.920 | Steps: 37973 | Total Reward: 1227.0|
| Episode: 658 | Epsilon:  0.10 | Reward:   0.0 | Average Reward: 1.920 | Steps: 38007 | Total Reward: 1227.0|
| Episode: 659 | Epsilon:  0.10 | Reward:   2.0 | Average Reward: 1.920 | Steps: 38064 | Total Reward: 1229.0|
| Episode: 660 | Epsilon:  0.10 | Reward:   3.0 | Average Reward: 1.920 | Steps: 38139 | Total Reward: 1232.0|
| Episode: 661 | Epsilon:  0.10 | Reward:   0.0 | Average Reward: 1.900 | Steps: 38171 | Total Reward: 1232.0|
| Episode: 662 | Epsilon:  0.10 | Reward:   3.0 | Average Reward: 1.900 | Steps: 38245 | Total Reward: 1235.0|
| Episode: 663 | Epsilon:  0.10 | Reward:   2.0 | Average Reward: 1.920 | Steps: 38305 | Total Reward: 1237.0|
| Episode: 664 | Epsilon:  0.10 | Reward:   2.0 | Average Reward: 1.920 | Steps: 38364 | Total Reward: 1239.0|
| Episode: 665 | Epsilon:  0.10 | Reward:   4.0 | Average Reward: 1.940 | Steps: 38456 | Total Reward: 1243.0|
| Episode: 666 | Epsilon:  0.10 | Reward:   0.0 | Average Reward: 1.940 | Steps: 38489 | Total Reward: 1243.0|
| Episode: 667 | Epsilon:  0.10 | Reward:   2.0 | Average Reward: 1.920 | Steps: 38546 | Total Reward: 1245.0|
| Episode: 668 | Epsilon:  0.10 | Reward:   0.0 | Average Reward: 1.900 | Steps: 38580 | Total Reward: 1245.0|
| Episode: 669 | Epsilon:  0.10 | Reward:   3.0 | Average Reward: 1.890 | Steps: 38653 | Total Reward: 1248.0|
| Episode: 670 | Epsilon:  0.10 | Reward:   2.0 | Average Reward: 1.890 | Steps: 38711 | Total Reward: 1250.0|
| Episode: 671 | Epsilon:  0.10 | Reward:   4.0 | Average Reward: 1.900 | Steps: 38804 | Total Reward: 1254.0|
| Episode: 672 | Epsilon:  0.10 | Reward:   3.0 | Average Reward: 1.900 | Steps: 38881 | Total Reward: 1257.0|
| Episode: 673 | Epsilon:  0.10 | Reward:   2.0 | Average Reward: 1.890 | Steps: 38939 | Total Reward: 1259.0|
| Episode: 674 | Epsilon:  0.10 | Reward:   3.0 | Average Reward: 1.920 | Steps: 39014 | Total Reward: 1262.0|
| Episode: 675 | Epsilon:  0.10 | Reward:   2.0 | Average Reward: 1.940 | Steps: 39071 | Total Reward: 1264.0|
| Episode: 676 | Epsilon:  0.10 | Reward:   3.0 | Average Reward: 1.950 | Steps: 39145 | Total Reward: 1267.0|
| Episode: 677 | Epsilon:  0.10 | Reward:   0.0 | Average Reward: 1.930 | Steps: 39176 | Total Reward: 1267.0|
| Episode: 678 | Epsilon:  0.10 | Reward:   2.0 | Average Reward: 1.930 | Steps: 39234 | Total Reward: 1269.0|
| Episode: 679 | Epsilon:  0.10 | Reward:   2.0 | Average Reward: 1.930 | Steps: 39290 | Total Reward: 1271.0|
| Episode: 680 | Epsilon:  0.10 | Reward:   0.0 | Average Reward: 1.900 | Steps: 39323 | Total Reward: 1271.0|
| Episode: 681 | Epsilon:  0.10 | Reward:   3.0 | Average Reward: 1.900 | Steps: 39396 | Total Reward: 1274.0|
| Episode: 682 | Epsilon:  0.10 | Reward:   0.0 | Average Reward: 1.900 | Steps: 39429 | Total Reward: 1274.0|
| Episode: 683 | Epsilon:  0.10 | Reward:   2.0 | Average Reward: 1.920 | Steps: 39486 | Total Reward: 1276.0|
| Episode: 684 | Epsilon:  0.10 | Reward:   4.0 | Average Reward: 1.940 | Steps: 39575 | Total Reward: 1280.0|
| Episode: 685 | Epsilon:  0.10 | Reward:   2.0 | Average Reward: 1.920 | Steps: 39634 | Total Reward: 1282.0|
| Episode: 686 | Epsilon:  0.10 | Reward:   4.0 | Average Reward: 1.940 | Steps: 39727 | Total Reward: 1286.0|
| Episode: 687 | Epsilon:  0.10 | Reward:   4.0 | Average Reward: 1.960 | Steps: 39817 | Total Reward: 1290.0|
| Episode: 688 | Epsilon:  0.10 | Reward:   3.0 | Average Reward: 1.960 | Steps: 39891 | Total Reward: 1293.0|
| Episode: 689 | Epsilon:  0.10 | Reward:   3.0 | Average Reward: 1.970 | Steps: 39964 | Total Reward: 1296.0|
| Episode: 690 | Epsilon:  0.10 | Reward:   2.0 | Average Reward: 1.970 | Steps: 40021 | Total Reward: 1298.0|
| Episode: 691 | Epsilon:  0.10 | Reward:   0.0 | Average Reward: 1.970 | Steps: 40051 | Total Reward: 1298.0|
| Episode: 692 | Epsilon:  0.10 | Reward:   0.0 | Average Reward: 1.970 | Steps: 40084 | Total Reward: 1298.0|
| Episode: 693 | Epsilon:  0.10 | Reward:   3.0 | Average Reward: 1.980 | Steps: 40159 | Total Reward: 1301.0|
| Episode: 694 | Epsilon:  0.10 | Reward:   3.0 | Average Reward: 2.010 | Steps: 40232 | Total Reward: 1304.0|
| Episode: 695 | Epsilon:  0.10 | Reward:   2.0 | Average Reward: 2.030 | Steps: 40290 | Total Reward: 1306.0|
| Episode: 696 | Epsilon:  0.10 | Reward:   4.0 | Average Reward: 2.030 | Steps: 40379 | Total Reward: 1310.0|
| Episode: 697 | Epsilon:  0.10 | Reward:   7.0 | Average Reward: 2.080 | Steps: 40515 | Total Reward: 1317.0|
| Episode: 698 | Epsilon:  0.10 | Reward:   3.0 | Average Reward: 2.090 | Steps: 40587 | Total Reward: 1320.0|
| Episode: 699 | Epsilon:  0.10 | Reward:   4.0 | Average Reward: 2.110 | Steps: 40678 | Total Reward: 1324.0|
| Episode: 700 | Epsilon:  0.10 | Reward:   2.0 | Average Reward: 2.100 | Steps: 40738 | Total Reward: 1326.0|
| Episode: 701 | Epsilon:  0.10 | Reward:   3.0 | Average Reward: 2.110 | Steps: 40811 | Total Reward: 1329.0|
| Episode: 702 | Epsilon:  0.10 | Reward:   3.0 | Average Reward: 2.140 | Steps: 40881 | Total Reward: 1332.0|
| Episode: 703 | Epsilon:  0.10 | Reward:   2.0 | Average Reward: 2.140 | Steps: 40939 | Total Reward: 1334.0|
| Episode: 704 | Epsilon:  0.10 | Reward:   2.0 | Average Reward: 2.160 | Steps: 41006 | Total Reward: 1336.0|
| Episode: 705 | Epsilon:  0.10 | Reward:   3.0 | Average Reward: 2.190 | Steps: 41079 | Total Reward: 1339.0|
| Episode: 706 | Epsilon:  0.10 | Reward:   2.0 | Average Reward: 2.190 | Steps: 41139 | Total Reward: 1341.0|
| Episode: 707 | Epsilon:  0.10 | Reward:   3.0 | Average Reward: 2.220 | Steps: 41213 | Total Reward: 1344.0|
| Episode: 708 | Epsilon:  0.10 | Reward:   3.0 | Average Reward: 2.250 | Steps: 41287 | Total Reward: 1347.0|
| Episode: 709 | Epsilon:  0.10 | Reward:   5.0 | Average Reward: 2.300 | Steps: 41395 | Total Reward: 1352.0|
| Episode: 710 | Epsilon:  0.10 | Reward:   2.0 | Average Reward: 2.300 | Steps: 41451 | Total Reward: 1354.0|
| Episode: 711 | Epsilon:  0.10 | Reward:   2.0 | Average Reward: 2.300 | Steps: 41510 | Total Reward: 1356.0|
| Episode: 712 | Epsilon:  0.10 | Reward:   4.0 | Average Reward: 2.310 | Steps: 41601 | Total Reward: 1360.0|
| Episode: 713 | Epsilon:  0.10 | Reward:   0.0 | Average Reward: 2.290 | Steps: 41635 | Total Reward: 1360.0|
| Episode: 714 | Epsilon:  0.10 | Reward:   0.0 | Average Reward: 2.270 | Steps: 41668 | Total Reward: 1360.0|
| Episode: 715 | Epsilon:  0.10 | Reward:   3.0 | Average Reward: 2.260 | Steps: 41742 | Total Reward: 1363.0|
| Episode: 716 | Epsilon:  0.10 | Reward:   2.0 | Average Reward: 2.260 | Steps: 41800 | Total Reward: 1365.0|
| Episode: 717 | Epsilon:  0.10 | Reward:   3.0 | Average Reward: 2.260 | Steps: 41873 | Total Reward: 1368.0|
| Episode: 718 | Epsilon:  0.10 | Reward:   3.0 | Average Reward: 2.290 | Steps: 41945 | Total Reward: 1371.0|
| Episode: 719 | Epsilon:  0.10 | Reward:   0.0 | Average Reward: 2.260 | Steps: 41979 | Total Reward: 1371.0|
| Episode: 720 | Epsilon:  0.10 | Reward:   2.0 | Average Reward: 2.260 | Steps: 42037 | Total Reward: 1373.0|
| Episode: 721 | Epsilon:  0.10 | Reward:   2.0 | Average Reward: 2.260 | Steps: 42096 | Total Reward: 1375.0|
| Episode: 722 | Epsilon:  0.10 | Reward:   0.0 | Average Reward: 2.230 | Steps: 42129 | Total Reward: 1375.0|
| Episode: 723 | Epsilon:  0.10 | Reward:   0.0 | Average Reward: 2.200 | Steps: 42162 | Total Reward: 1375.0|
| Episode: 724 | Epsilon:  0.10 | Reward:   4.0 | Average Reward: 2.220 | Steps: 42256 | Total Reward: 1379.0|
| Episode: 725 | Epsilon:  0.10 | Reward:   2.0 | Average Reward: 2.210 | Steps: 42313 | Total Reward: 1381.0|
| Episode: 726 | Epsilon:  0.10 | Reward:   3.0 | Average Reward: 2.190 | Steps: 42385 | Total Reward: 1384.0|
| Episode: 727 | Epsilon:  0.10 | Reward:   3.0 | Average Reward: 2.200 | Steps: 42457 | Total Reward: 1387.0|
| Episode: 728 | Epsilon:  0.10 | Reward:   2.0 | Average Reward: 2.220 | Steps: 42515 | Total Reward: 1389.0|
| Episode: 729 | Epsilon:  0.10 | Reward:   2.0 | Average Reward: 2.240 | Steps: 42573 | Total Reward: 1391.0|
| Episode: 730 | Epsilon:  0.10 | Reward:   3.0 | Average Reward: 2.240 | Steps: 42645 | Total Reward: 1394.0|
| Episode: 731 | Epsilon:  0.10 | Reward:   4.0 | Average Reward: 2.240 | Steps: 42733 | Total Reward: 1398.0|
| Episode: 732 | Epsilon:  0.10 | Reward:   2.0 | Average Reward: 2.230 | Steps: 42790 | Total Reward: 1400.0|
| Episode: 733 | Epsilon:  0.10 | Reward:   0.0 | Average Reward: 2.200 | Steps: 42821 | Total Reward: 1400.0|
| Episode: 734 | Epsilon:  0.10 | Reward:   0.0 | Average Reward: 2.170 | Steps: 42854 | Total Reward: 1400.0|
| Episode: 735 | Epsilon:  0.10 | Reward:   2.0 | Average Reward: 2.170 | Steps: 42910 | Total Reward: 1402.0|
| Episode: 736 | Epsilon:  0.10 | Reward:   0.0 | Average Reward: 2.140 | Steps: 42941 | Total Reward: 1402.0|
| Episode: 737 | Epsilon:  0.10 | Reward:   4.0 | Average Reward: 2.160 | Steps: 43032 | Total Reward: 1406.0|
| Episode: 738 | Epsilon:  0.10 | Reward:   2.0 | Average Reward: 2.160 | Steps: 43088 | Total Reward: 1408.0|
| Episode: 739 | Epsilon:  0.10 | Reward:   0.0 | Average Reward: 2.140 | Steps: 43122 | Total Reward: 1408.0|
| Episode: 740 | Epsilon:  0.10 | Reward:   0.0 | Average Reward: 2.140 | Steps: 43154 | Total Reward: 1408.0|
| Episode: 741 | Epsilon:  0.10 | Reward:   0.0 | Average Reward: 2.140 | Steps: 43187 | Total Reward: 1408.0|
| Episode: 742 | Epsilon:  0.10 | Reward:   2.0 | Average Reward: 2.130 | Steps: 43246 | Total Reward: 1410.0|
| Episode: 743 | Epsilon:  0.10 | Reward:   0.0 | Average Reward: 2.130 | Steps: 43278 | Total Reward: 1410.0|
| Episode: 744 | Epsilon:  0.10 | Reward:   2.0 | Average Reward: 2.120 | Steps: 43336 | Total Reward: 1412.0|
| Episode: 745 | Epsilon:  0.10 | Reward:   3.0 | Average Reward: 2.130 | Steps: 43410 | Total Reward: 1415.0|
| Episode: 746 | Epsilon:  0.10 | Reward:   0.0 | Average Reward: 2.110 | Steps: 43443 | Total Reward: 1415.0|
| Episode: 747 | Epsilon:  0.10 | Reward:   0.0 | Average Reward: 2.090 | Steps: 43474 | Total Reward: 1415.0|
| Episode: 748 | Epsilon:  0.10 | Reward:   3.0 | Average Reward: 2.120 | Steps: 43547 | Total Reward: 1418.0|
| Episode: 749 | Epsilon:  0.10 | Reward:   2.0 | Average Reward: 2.120 | Steps: 43603 | Total Reward: 1420.0|
| Episode: 750 | Epsilon:  0.10 | Reward:   2.0 | Average Reward: 2.120 | Steps: 43661 | Total Reward: 1422.0|
| Episode: 751 | Epsilon:  0.10 | Reward:   0.0 | Average Reward: 2.090 | Steps: 43693 | Total Reward: 1422.0|
| Episode: 752 | Epsilon:  0.10 | Reward:   2.0 | Average Reward: 2.080 | Steps: 43750 | Total Reward: 1424.0|
| Episode: 753 | Epsilon:  0.10 | Reward:   4.0 | Average Reward: 2.120 | Steps: 43839 | Total Reward: 1428.0|
| Episode: 754 | Epsilon:  0.10 | Reward:   2.0 | Average Reward: 2.110 | Steps: 43898 | Total Reward: 1430.0|
| Episode: 755 | Epsilon:  0.10 | Reward:   2.0 | Average Reward: 2.100 | Steps: 43956 | Total Reward: 1432.0|
| Episode: 756 | Epsilon:  0.10 | Reward:   3.0 | Average Reward: 2.110 | Steps: 44030 | Total Reward: 1435.0|
| Episode: 757 | Epsilon:  0.10 | Reward:   4.0 | Average Reward: 2.120 | Steps: 44119 | Total Reward: 1439.0|
| Episode: 758 | Epsilon:  0.10 | Reward:   2.0 | Average Reward: 2.140 | Steps: 44176 | Total Reward: 1441.0|
| Episode: 759 | Epsilon:  0.10 | Reward:   2.0 | Average Reward: 2.140 | Steps: 44234 | Total Reward: 1443.0|
| Episode: 760 | Epsilon:  0.10 | Reward:   2.0 | Average Reward: 2.130 | Steps: 44290 | Total Reward: 1445.0|
| Episode: 761 | Epsilon:  0.10 | Reward:   3.0 | Average Reward: 2.160 | Steps: 44365 | Total Reward: 1448.0|
| Episode: 762 | Epsilon:  0.10 | Reward:   2.0 | Average Reward: 2.150 | Steps: 44422 | Total Reward: 1450.0|
| Episode: 763 | Epsilon:  0.10 | Reward:   3.0 | Average Reward: 2.160 | Steps: 44495 | Total Reward: 1453.0|
| Episode: 764 | Epsilon:  0.10 | Reward:   5.0 | Average Reward: 2.190 | Steps: 44600 | Total Reward: 1458.0|
| Episode: 765 | Epsilon:  0.10 | Reward:   4.0 | Average Reward: 2.190 | Steps: 44692 | Total Reward: 1462.0|
| Episode: 766 | Epsilon:  0.10 | Reward:   3.0 | Average Reward: 2.220 | Steps: 44765 | Total Reward: 1465.0|
| Episode: 767 | Epsilon:  0.10 | Reward:   3.0 | Average Reward: 2.230 | Steps: 44839 | Total Reward: 1468.0|
| Episode: 768 | Epsilon:  0.10 | Reward:   4.0 | Average Reward: 2.270 | Steps: 44930 | Total Reward: 1472.0|
| Episode: 769 | Epsilon:  0.10 | Reward:   2.0 | Average Reward: 2.260 | Steps: 44991 | Total Reward: 1474.0|
| Episode: 770 | Epsilon:  0.10 | Reward:   5.0 | Average Reward: 2.290 | Steps: 45089 | Total Reward: 1479.0|
| Episode: 771 | Epsilon:  0.10 | Reward:   2.0 | Average Reward: 2.270 | Steps: 45145 | Total Reward: 1481.0|
| Episode: 772 | Epsilon:  0.10 | Reward:   2.0 | Average Reward: 2.260 | Steps: 45203 | Total Reward: 1483.0|
| Episode: 773 | Epsilon:  0.10 | Reward:   2.0 | Average Reward: 2.260 | Steps: 45260 | Total Reward: 1485.0|
| Episode: 774 | Epsilon:  0.10 | Reward:   2.0 | Average Reward: 2.250 | Steps: 45317 | Total Reward: 1487.0|
| Episode: 775 | Epsilon:  0.10 | Reward:   2.0 | Average Reward: 2.250 | Steps: 45376 | Total Reward: 1489.0|
| Episode: 776 | Epsilon:  0.10 | Reward:   2.0 | Average Reward: 2.240 | Steps: 45433 | Total Reward: 1491.0|
| Episode: 777 | Epsilon:  0.10 | Reward:   2.0 | Average Reward: 2.260 | Steps: 45491 | Total Reward: 1493.0|
| Episode: 778 | Epsilon:  0.10 | Reward:   3.0 | Average Reward: 2.270 | Steps: 45565 | Total Reward: 1496.0|
| Episode: 779 | Epsilon:  0.10 | Reward:   2.0 | Average Reward: 2.270 | Steps: 45623 | Total Reward: 1498.0|
| Episode: 780 | Epsilon:  0.10 | Reward:   4.0 | Average Reward: 2.310 | Steps: 45715 | Total Reward: 1502.0|
| Episode: 781 | Epsilon:  0.10 | Reward:   0.0 | Average Reward: 2.280 | Steps: 45749 | Total Reward: 1502.0|
| Episode: 782 | Epsilon:  0.10 | Reward:   0.0 | Average Reward: 2.280 | Steps: 45783 | Total Reward: 1502.0|
| Episode: 783 | Epsilon:  0.10 | Reward:   0.0 | Average Reward: 2.260 | Steps: 45817 | Total Reward: 1502.0|
| Episode: 784 | Epsilon:  0.10 | Reward:   0.0 | Average Reward: 2.220 | Steps: 45852 | Total Reward: 1502.0|
| Episode: 785 | Epsilon:  0.10 | Reward:   2.0 | Average Reward: 2.220 | Steps: 45909 | Total Reward: 1504.0|
| Episode: 786 | Epsilon:  0.10 | Reward:   3.0 | Average Reward: 2.210 | Steps: 45985 | Total Reward: 1507.0|
| Episode: 787 | Epsilon:  0.10 | Reward:   0.0 | Average Reward: 2.170 | Steps: 46017 | Total Reward: 1507.0|
| Episode: 788 | Epsilon:  0.10 | Reward:   0.0 | Average Reward: 2.140 | Steps: 46051 | Total Reward: 1507.0|
| Episode: 789 | Epsilon:  0.10 | Reward:   3.0 | Average Reward: 2.140 | Steps: 46125 | Total Reward: 1510.0|
| Episode: 790 | Epsilon:  0.10 | Reward:   2.0 | Average Reward: 2.140 | Steps: 46183 | Total Reward: 1512.0|
| Episode: 791 | Epsilon:  0.10 | Reward:   0.0 | Average Reward: 2.140 | Steps: 46217 | Total Reward: 1512.0|
| Episode: 792 | Epsilon:  0.10 | Reward:   0.0 | Average Reward: 2.140 | Steps: 46248 | Total Reward: 1512.0|
| Episode: 793 | Epsilon:  0.10 | Reward:   2.0 | Average Reward: 2.130 | Steps: 46305 | Total Reward: 1514.0|
| Episode: 794 | Epsilon:  0.10 | Reward:   2.0 | Average Reward: 2.120 | Steps: 46362 | Total Reward: 1516.0|
| Episode: 795 | Epsilon:  0.10 | Reward:   2.0 | Average Reward: 2.120 | Steps: 46418 | Total Reward: 1518.0|
| Episode: 796 | Epsilon:  0.10 | Reward:   0.0 | Average Reward: 2.080 | Steps: 46451 | Total Reward: 1518.0|
| Episode: 797 | Epsilon:  0.10 | Reward:   0.0 | Average Reward: 2.010 | Steps: 46482 | Total Reward: 1518.0|
| Episode: 798 | Epsilon:  0.10 | Reward:   2.0 | Average Reward: 2.000 | Steps: 46540 | Total Reward: 1520.0|
| Episode: 799 | Epsilon:  0.10 | Reward:   0.0 | Average Reward: 1.960 | Steps: 46572 | Total Reward: 1520.0|
| Episode: 800 | Epsilon:  0.10 | Reward:   2.0 | Average Reward: 1.960 | Steps: 46629 | Total Reward: 1522.0|
| Episode: 801 | Epsilon:  0.10 | Reward:   2.0 | Average Reward: 1.950 | Steps: 46688 | Total Reward: 1524.0|
| Episode: 802 | Epsilon:  0.10 | Reward:   2.0 | Average Reward: 1.940 | Steps: 46746 | Total Reward: 1526.0|
| Episode: 803 | Epsilon:  0.10 | Reward:   3.0 | Average Reward: 1.950 | Steps: 46819 | Total Reward: 1529.0|
| Episode: 804 | Epsilon:  0.10 | Reward:   3.0 | Average Reward: 1.960 | Steps: 46897 | Total Reward: 1532.0|
| Episode: 805 | Epsilon:  0.10 | Reward:   4.0 | Average Reward: 1.970 | Steps: 46988 | Total Reward: 1536.0|
| Episode: 806 | Epsilon:  0.10 | Reward:   2.0 | Average Reward: 1.970 | Steps: 47046 | Total Reward: 1538.0|
| Episode: 807 | Epsilon:  0.10 | Reward:   2.0 | Average Reward: 1.960 | Steps: 47104 | Total Reward: 1540.0|
| Episode: 808 | Epsilon:  0.10 | Reward:   3.0 | Average Reward: 1.960 | Steps: 47178 | Total Reward: 1543.0|
| Episode: 809 | Epsilon:  0.10 | Reward:   3.0 | Average Reward: 1.940 | Steps: 47251 | Total Reward: 1546.0|
| Episode: 810 | Epsilon:  0.10 | Reward:   2.0 | Average Reward: 1.940 | Steps: 47307 | Total Reward: 1548.0|
| Episode: 811 | Epsilon:  0.10 | Reward:   0.0 | Average Reward: 1.920 | Steps: 47339 | Total Reward: 1548.0|
| Episode: 812 | Epsilon:  0.10 | Reward:   3.0 | Average Reward: 1.910 | Steps: 47407 | Total Reward: 1551.0|
| Episode: 813 | Epsilon:  0.10 | Reward:   2.0 | Average Reward: 1.930 | Steps: 47467 | Total Reward: 1553.0|
| Episode: 814 | Epsilon:  0.10 | Reward:   0.0 | Average Reward: 1.930 | Steps: 47502 | Total Reward: 1553.0|
| Episode: 815 | Epsilon:  0.10 | Reward:   2.0 | Average Reward: 1.920 | Steps: 47559 | Total Reward: 1555.0|
| Episode: 816 | Epsilon:  0.10 | Reward:   0.0 | Average Reward: 1.900 | Steps: 47591 | Total Reward: 1555.0|
| Episode: 817 | Epsilon:  0.10 | Reward:   2.0 | Average Reward: 1.890 | Steps: 47646 | Total Reward: 1557.0|
| Episode: 818 | Epsilon:  0.10 | Reward:   3.0 | Average Reward: 1.890 | Steps: 47721 | Total Reward: 1560.0|
| Episode: 819 | Epsilon:  0.10 | Reward:   0.0 | Average Reward: 1.890 | Steps: 47753 | Total Reward: 1560.0|
| Episode: 820 | Epsilon:  0.10 | Reward:   3.0 | Average Reward: 1.900 | Steps: 47827 | Total Reward: 1563.0|
| Episode: 821 | Epsilon:  0.10 | Reward:   2.0 | Average Reward: 1.900 | Steps: 47884 | Total Reward: 1565.0|
| Episode: 822 | Epsilon:  0.10 | Reward:   4.0 | Average Reward: 1.940 | Steps: 47974 | Total Reward: 1569.0|
| Episode: 823 | Epsilon:  0.10 | Reward:   2.0 | Average Reward: 1.960 | Steps: 48033 | Total Reward: 1571.0|
| Episode: 824 | Epsilon:  0.10 | Reward:   3.0 | Average Reward: 1.950 | Steps: 48108 | Total Reward: 1574.0|
| Episode: 825 | Epsilon:  0.10 | Reward:   3.0 | Average Reward: 1.960 | Steps: 48182 | Total Reward: 1577.0|
| Episode: 826 | Epsilon:  0.10 | Reward:   2.0 | Average Reward: 1.950 | Steps: 48239 | Total Reward: 1579.0|
| Episode: 827 | Epsilon:  0.10 | Reward:   2.0 | Average Reward: 1.940 | Steps: 48296 | Total Reward: 1581.0|
| Episode: 828 | Epsilon:  0.10 | Reward:   2.0 | Average Reward: 1.940 | Steps: 48354 | Total Reward: 1583.0|
| Episode: 829 | Epsilon:  0.10 | Reward:   0.0 | Average Reward: 1.920 | Steps: 48386 | Total Reward: 1583.0|
