+------------------------+----------------------------+--------------------+
|                        |     Supported Features     |  Program Commands  |
+========================+============================+====================+
| Compatible Layers      | Hopfield Layer,            | hopfield,          |
|                        | HopfieldLayer Layer,       | hopfield_layer,    |
|                        | HopfieldPooling Layer,     | hopfield_pooling,  |
|                        | LSTM,                      | lstm,              |
|                        | GRU                        | gru                |
+------------------------+----------------------------+--------------------+
| Supported Loss Metrics | Huber Loss,                | huber,             |
|                        | Mean Absolute Error Loss,  | mae,               |
|                        | Mean Squared Error Loss,   | mse,               |
|                        | SmoothL1 Loss              | smooth_l1          |
+------------------------+----------------------------+--------------------+
| Supported Optimizers   | RMSprop (default),         | rmsprop,           |
|                        | AdamW,                     | adam,              |
|                        | Adam                       | adamW              |
+------------------------+----------------------------+--------------------+
| Episode:   1 | Epsilon:  0.90 | Reward: -149.02764171651646 | Average Reward: -149.028 | Steps:   111 | Total Reward: -149.02764171651646|
| Episode:   2 | Epsilon:  0.86 | Reward: -75.91221506948119 | Average Reward: -112.470 | Steps:   172 | Total Reward: -224.9398567859978|
| Episode:   3 | Epsilon:  0.82 | Reward: -122.53950033016673 | Average Reward: -115.826 | Steps:   268 | Total Reward: -347.47935711616446|
| Episode:   4 | Epsilon:  0.79 | Reward: -143.19575248680184 | Average Reward: -122.669 | Steps:   340 | Total Reward: -490.6751096029662|
| Episode:   5 | Epsilon:  0.75 | Reward: -82.51194678587389 | Average Reward: -114.637 | Steps:   403 | Total Reward: -573.1870563888401|
| Episode:   6 | Epsilon:  0.72 | Reward: -162.52938666118524 | Average Reward: -122.619 | Steps:   474 | Total Reward: -735.7164430500251|
| Episode:   7 | Epsilon:  0.69 | Reward: -112.48458095430802 | Average Reward: -121.172 | Steps:   543 | Total Reward: -848.2010240043326|
| Episode:   8 | Epsilon:  0.66 | Reward: -126.73096906150067 | Average Reward: -121.866 | Steps:   625 | Total Reward: -974.9319930658327|
| Episode:   9 | Epsilon:  0.64 | Reward: -84.67492258141915 | Average Reward: -117.734 | Steps:   682 | Total Reward: -1059.6069156472515|
| Episode:  10 | Epsilon:  0.61 | Reward: -48.3737418762431 | Average Reward: -110.798 | Steps:   771 | Total Reward: -1107.9806575234952|
| Episode:  11 | Epsilon:  0.59 | Reward: -278.2782026412136 | Average Reward: -126.024 | Steps:   852 | Total Reward: -1386.2588601647083|
| Episode:  12 | Epsilon:  0.56 | Reward: -91.02774579313622 | Average Reward: -123.107 | Steps:   904 | Total Reward: -1477.2866059578446|
| Episode:  13 | Epsilon:  0.54 | Reward: -119.4822403391426 | Average Reward: -122.828 | Steps:   981 | Total Reward: -1596.768846296987|
| Episode:  14 | Epsilon:  0.52 | Reward: -115.72574624508152 | Average Reward: -122.321 | Steps:  1089 | Total Reward: -1712.4945925420684|
| Episode:  15 | Epsilon:  0.50 | Reward: -108.01153842400646 | Average Reward: -121.367 | Steps:  1174 | Total Reward: -1820.506130966074|
| Episode:  16 | Epsilon:  0.48 | Reward: -160.2521255198538 | Average Reward: -123.797 | Steps:  1261 | Total Reward: -1980.7582564859279|
| Episode:  17 | Epsilon:  0.46 | Reward: -103.4114498754854 | Average Reward: -122.598 | Steps:  1318 | Total Reward: -2084.169706361413|
| Episode:  18 | Epsilon:  0.44 | Reward: -110.43080978332682 | Average Reward: -121.922 | Steps:  1384 | Total Reward: -2194.6005161447406|
| Episode:  19 | Epsilon:  0.43 | Reward: -107.12942953732711 | Average Reward: -121.144 | Steps:  1438 | Total Reward: -2301.729945682067|
| Episode:  20 | Epsilon:  0.41 | Reward: -141.63320179752736 | Average Reward: -122.168 | Steps:  1517 | Total Reward: -2443.363147479594|
| Episode:  21 | Epsilon:  0.39 | Reward: -217.70619825870403 | Average Reward: -126.718 | Steps:  1591 | Total Reward: -2661.069345738299|
| Episode:  22 | Epsilon:  0.38 | Reward: -81.83321543590915 | Average Reward: -124.677 | Steps:  1647 | Total Reward: -2742.902561174209|
| Episode:  23 | Epsilon:  0.37 | Reward: -148.70571321249506 | Average Reward: -125.722 | Steps:  1721 | Total Reward: -2891.6082743867028|
| Episode:  24 | Epsilon:  0.35 | Reward: -86.63326789215947 | Average Reward: -124.093 | Steps:  1780 | Total Reward: -2978.2415422788627|
| Episode:  25 | Epsilon:  0.34 | Reward: -92.82613107368371 | Average Reward: -122.843 | Steps:  1836 | Total Reward: -3071.0676733525465|
| Episode:  26 | Epsilon:  0.33 | Reward: -142.57130112926822 | Average Reward: -123.601 | Steps:  1932 | Total Reward: -3213.6389744818157|
| Episode:  27 | Epsilon:  0.32 | Reward: -85.69678407195687 | Average Reward: -122.198 | Steps:  1985 | Total Reward: -3299.335758553771|
| Episode:  28 | Epsilon:  0.31 | Reward: -342.6825249896351 | Average Reward: -130.072 | Steps:  2073 | Total Reward: -3642.018283543404|
| Episode:  29 | Epsilon:  0.30 | Reward: -362.82942556415935 | Average Reward: -138.098 | Steps:  2163 | Total Reward: -4004.8477091075633|
| Episode:  30 | Epsilon:  0.29 | Reward: -470.8418463215196 | Average Reward: -149.190 | Steps:  2289 | Total Reward: -4475.689555429081|
| Episode:  31 | Epsilon:  0.28 | Reward: -331.92748399573907 | Average Reward: -155.084 | Steps:  2414 | Total Reward: -4807.617039424813|
| Episode:  32 | Epsilon:  0.27 | Reward: -1479.8286850374295 | Average Reward: -196.483 | Steps:  2577 | Total Reward: -6287.445724462248|
| Episode:  33 | Epsilon:  0.26 | Reward: -261.98007670201343 | Average Reward: -198.467 | Steps:  2704 | Total Reward: -6549.425801164259|
| Episode:  34 | Epsilon:  0.25 | Reward: -781.2974968603614 | Average Reward: -215.610 | Steps:  2929 | Total Reward: -7330.723298024615|
| Episode:  35 | Epsilon:  0.25 | Reward: -132.09227750915716 | Average Reward: -213.223 | Steps:  2988 | Total Reward: -7462.815575533773|
| Episode:  36 | Epsilon:  0.24 | Reward: -498.8561379029318 | Average Reward: -221.158 | Steps:  3080 | Total Reward: -7961.671713436707|
| Episode:  37 | Epsilon:  0.23 | Reward: -517.7915913087231 | Average Reward: -229.175 | Steps:  3206 | Total Reward: -8479.463304745426|
| Episode:  38 | Epsilon:  0.23 | Reward: -438.6936736293137 | Average Reward: -234.688 | Steps:  3284 | Total Reward: -8918.156978374736|
| Episode:  39 | Epsilon:  0.22 | Reward: -384.8595914979788 | Average Reward: -238.539 | Steps:  3364 | Total Reward: -9303.016569872714|
| Episode:  40 | Epsilon:  0.21 | Reward: -272.44073747438597 | Average Reward: -239.386 | Steps:  3461 | Total Reward: -9575.457307347102|
| Episode:  41 | Epsilon:  0.21 | Reward: -377.9447421792115 | Average Reward: -242.766 | Steps:  3712 | Total Reward: -9953.402049526303|
| Episode:  42 | Epsilon:  0.20 | Reward: -584.3375702262426 | Average Reward: -250.899 | Steps:  3840 | Total Reward: -10537.739619752547|
| Episode:  43 | Epsilon:  0.20 | Reward: -353.4402255366383 | Average Reward: -253.283 | Steps:  3949 | Total Reward: -10891.179845289185|
| Episode:  44 | Epsilon:  0.19 | Reward: -437.3616490791273 | Average Reward: -257.467 | Steps:  4150 | Total Reward: -11328.541494368312|
| Episode:  45 | Epsilon:  0.19 | Reward: -178.49158278963455 | Average Reward: -255.712 | Steps:  4274 | Total Reward: -11507.033077157943|
| Episode:  46 | Epsilon:  0.18 | Reward: -388.56579858503875 | Average Reward: -258.600 | Steps:  4366 | Total Reward: -11895.59887574298|
| Episode:  47 | Epsilon:  0.18 | Reward: -480.9941136489868 | Average Reward: -263.332 | Steps:  4443 | Total Reward: -12376.59298939196|
| Episode:  48 | Epsilon:  0.18 | Reward: -339.96617090718746 | Average Reward: -264.928 | Steps:  4550 | Total Reward: -12716.55916029915|
| Episode:  49 | Epsilon:  0.17 | Reward: -25.545116774152646 | Average Reward: -260.043 | Steps:  4665 | Total Reward: -12742.104277073304|
| Episode:  50 | Epsilon:  0.17 | Reward: -513.8759865020604 | Average Reward: -265.120 | Steps:  4747 | Total Reward: -13255.98026357537|
| Episode:  51 | Epsilon:  0.17 | Reward: -566.4580445324987 | Average Reward: -271.028 | Steps:  4828 | Total Reward: -13822.43830810787|
| Episode:  52 | Epsilon:  0.16 | Reward: -28.900380042806034 | Average Reward: -266.372 | Steps:  4963 | Total Reward: -13851.33868815067|
| Episode:  53 | Epsilon:  0.16 | Reward: -475.9749249555493 | Average Reward: -270.327 | Steps:  5080 | Total Reward: -14327.313613106217|
| Episode:  54 | Epsilon:  0.16 | Reward: -484.47560661230136 | Average Reward: -274.292 | Steps:  5184 | Total Reward: -14811.78921971852|
| Episode:  55 | Epsilon:  0.15 | Reward: -586.9305276548955 | Average Reward: -279.977 | Steps:  5299 | Total Reward: -15398.719747373414|
| Episode:  56 | Epsilon:  0.15 | Reward: -89.02776000979497 | Average Reward: -276.567 | Steps:  5383 | Total Reward: -15487.747507383205|
| Episode:  57 | Epsilon:  0.15 | Reward: -384.00022899881964 | Average Reward: -278.452 | Steps:  5507 | Total Reward: -15871.747736382027|
| Episode:  58 | Epsilon:  0.15 | Reward: -611.2607023586673 | Average Reward: -284.190 | Steps:  5595 | Total Reward: -16483.00843874069|
| Episode:  59 | Epsilon:  0.14 | Reward: -293.2861671089454 | Average Reward: -284.344 | Steps:  5703 | Total Reward: -16776.294605849624|
| Episode:  60 | Epsilon:  0.14 | Reward: -121.68466133451618 | Average Reward: -281.633 | Steps:  5761 | Total Reward: -16897.979267184135|
| Episode:  61 | Epsilon:  0.14 | Reward: -159.67943371723374 | Average Reward: -279.634 | Steps:  5836 | Total Reward: -17057.65870090138|
| Episode:  62 | Epsilon:  0.14 | Reward: -189.12948054279315 | Average Reward: -278.174 | Steps:  5910 | Total Reward: -17246.78818144416|
| Episode:  63 | Epsilon:  0.14 | Reward: 29.556260947444997 | Average Reward: -273.289 | Steps:  6007 | Total Reward: -17217.23192049671|
| Episode:  64 | Epsilon:  0.13 | Reward: -141.83142098202 | Average Reward: -271.235 | Steps:  6074 | Total Reward: -17359.063341478723|
| Episode:  65 | Epsilon:  0.13 | Reward: -537.7130268573228 | Average Reward: -275.335 | Steps:  6146 | Total Reward: -17896.77636833603|
| Episode:  66 | Epsilon:  0.13 | Reward: -412.5391695519575 | Average Reward: -277.414 | Steps:  6315 | Total Reward: -18309.315537887996|
| Episode:  67 | Epsilon:  0.13 | Reward: -674.989560968189 | Average Reward: -283.348 | Steps:  6398 | Total Reward: -18984.30509885618|
| Episode:  68 | Epsilon:  0.13 | Reward: -198.22714829518858 | Average Reward: -282.096 | Steps:  6570 | Total Reward: -19182.53224715135|
| Episode:  69 | Epsilon:  0.13 | Reward: -406.977969292099 | Average Reward: -283.906 | Steps:  6777 | Total Reward: -19589.510216443447|
| Episode:  70 | Epsilon:  0.13 | Reward: -269.55178568720197 | Average Reward: -283.701 | Steps:  7101 | Total Reward: -19859.06200213064|
| Episode:  71 | Epsilon:  0.12 | Reward: -246.1537560751645 | Average Reward: -283.172 | Steps:  7186 | Total Reward: -20105.215758205806|
| Episode:  72 | Epsilon:  0.12 | Reward: -262.8210285142341 | Average Reward: -282.889 | Steps:  7259 | Total Reward: -20368.036786720044|
| Episode:  73 | Epsilon:  0.12 | Reward: -368.33982220836066 | Average Reward: -284.060 | Steps:  7313 | Total Reward: -20736.3766089284|
| Episode:  74 | Epsilon:  0.12 | Reward: -205.3118940040649 | Average Reward: -282.996 | Steps:  7427 | Total Reward: -20941.688502932488|
| Episode:  75 | Epsilon:  0.12 | Reward: -109.35664641922145 | Average Reward: -280.681 | Steps:  7515 | Total Reward: -21051.04514935171|
| Episode:  76 | Epsilon:  0.12 | Reward: -237.31052306257723 | Average Reward: -280.110 | Steps:  7594 | Total Reward: -21288.355672414273|
| Episode:  77 | Epsilon:  0.12 | Reward: -334.9499389714018 | Average Reward: -280.822 | Steps:  7721 | Total Reward: -21623.305611385662|
| Episode:  78 | Epsilon:  0.12 | Reward: -142.30657576519326 | Average Reward: -279.046 | Steps:  7800 | Total Reward: -21765.612187150848|
| Episode:  79 | Epsilon:  0.12 | Reward: -226.4733620417574 | Average Reward: -278.381 | Steps:  7903 | Total Reward: -21992.085549192612|
| Episode:  80 | Epsilon:  0.12 | Reward: -360.4804827842721 | Average Reward: -279.407 | Steps:  8123 | Total Reward: -22352.566031976876|
| Episode:  81 | Epsilon:  0.11 | Reward: -480.19971825727356 | Average Reward: -281.886 | Steps:  8273 | Total Reward: -22832.765750234157|
| Episode:  82 | Epsilon:  0.11 | Reward: -446.42628199641103 | Average Reward: -283.893 | Steps:  8447 | Total Reward: -23279.192032230574|
| Episode:  83 | Epsilon:  0.11 | Reward: -269.8371402257652 | Average Reward: -283.723 | Steps:  8538 | Total Reward: -23549.029172456347|
| Episode:  84 | Epsilon:  0.11 | Reward: -428.59428916791455 | Average Reward: -285.448 | Steps:  8660 | Total Reward: -23977.62346162428|
| Episode:  85 | Epsilon:  0.11 | Reward: -361.7851620614233 | Average Reward: -286.346 | Steps:  8749 | Total Reward: -24339.408623685707|
| Episode:  86 | Epsilon:  0.11 | Reward: -192.6217650966642 | Average Reward: -285.256 | Steps:  8822 | Total Reward: -24532.03038878238|
| Episode:  87 | Epsilon:  0.11 | Reward: -295.87549377492144 | Average Reward: -285.378 | Steps:  9085 | Total Reward: -24827.905882557323|
| Episode:  88 | Epsilon:  0.11 | Reward: -195.1684849762659 | Average Reward: -284.353 | Steps:  9307 | Total Reward: -25023.074367533587|
| Episode:  89 | Epsilon:  0.11 | Reward: -20.47165640733823 | Average Reward: -281.388 | Steps:  9449 | Total Reward: -25043.546023940922|
| Episode:  90 | Epsilon:  0.11 | Reward: -100.27087151866567 | Average Reward: -279.376 | Steps:  9511 | Total Reward: -25143.816895459597|
| Episode:  91 | Epsilon:  0.11 | Reward: 6.640636129870472 | Average Reward: -276.233 | Steps:  9608 | Total Reward: -25137.176259329735|
| Episode:  92 | Epsilon:  0.11 | Reward: -192.1952356394972 | Average Reward: -275.319 | Steps:  9700 | Total Reward: -25329.37149496922|
| Episode:  93 | Epsilon:  0.11 | Reward: -18.90293335109874 | Average Reward: -272.562 | Steps:  9793 | Total Reward: -25348.274428320314|
| Episode:  94 | Epsilon:  0.11 | Reward: -186.43642847665586 | Average Reward: -271.646 | Steps:  9881 | Total Reward: -25534.71085679698|
| Episode:  95 | Epsilon:  0.11 | Reward: -221.0734600196061 | Average Reward: -271.114 | Steps: 10035 | Total Reward: -25755.784316816582|
| Episode:  96 | Epsilon:  0.11 | Reward: -278.61374510930983 | Average Reward: -271.192 | Steps: 10199 | Total Reward: -26034.398061925887|
| Episode:  97 | Epsilon:  0.11 | Reward: -126.74566687179103 | Average Reward: -269.703 | Steps: 10301 | Total Reward: -26161.143728797684|
| Episode:  98 | Epsilon:  0.11 | Reward: -175.1134741108086 | Average Reward: -268.737 | Steps: 10417 | Total Reward: -26336.25720290848|
| Episode:  99 | Epsilon:  0.11 | Reward: -218.09639724430752 | Average Reward: -268.226 | Steps: 10563 | Total Reward: -26554.353600152775|
| Episode: 100 | Epsilon:  0.11 | Reward: -145.51495864512583 | Average Reward: -266.999 | Steps: 10654 | Total Reward: -26699.868558797887|
| Episode: 101 | Epsilon:  0.11 | Reward: -145.45975443114884 | Average Reward: -266.963 | Steps: 10751 | Total Reward: -26845.32831322903|
| Episode: 102 | Epsilon:  0.11 | Reward: -528.323309166218 | Average Reward: -271.487 | Steps: 10862 | Total Reward: -27373.65162239524|
| Episode: 103 | Epsilon:  0.10 | Reward: -25.085044297533614 | Average Reward: -270.513 | Steps: 10996 | Total Reward: -27398.736666692752|
| Episode: 104 | Epsilon:  0.10 | Reward: -145.74857935925257 | Average Reward: -270.538 | Steps: 11093 | Total Reward: -27544.485246052|
| Episode: 105 | Epsilon:  0.10 | Reward: -135.41859044793048 | Average Reward: -271.067 | Steps: 11186 | Total Reward: -27679.903836499958|
| Episode: 106 | Epsilon:  0.10 | Reward: -112.46798078188945 | Average Reward: -270.567 | Steps: 11279 | Total Reward: -27792.37181728184|
| Episode: 107 | Epsilon:  0.10 | Reward: -237.03031770945515 | Average Reward: -271.812 | Steps: 11522 | Total Reward: -28029.402134991284|
| Episode: 108 | Epsilon:  0.10 | Reward: -171.59112434207697 | Average Reward: -272.261 | Steps: 11665 | Total Reward: -28200.99325933336|
| Episode: 109 | Epsilon:  0.10 | Reward: -159.09307392380563 | Average Reward: -273.005 | Steps: 11754 | Total Reward: -28360.086333257157|
| Episode: 110 | Epsilon:  0.10 | Reward: -201.03251618736158 | Average Reward: -274.531 | Steps: 11862 | Total Reward: -28561.11884944452|
| Episode: 111 | Epsilon:  0.10 | Reward: -234.48381200680222 | Average Reward: -274.093 | Steps: 11959 | Total Reward: -28795.602661451332|
| Episode: 112 | Epsilon:  0.10 | Reward: -208.79255365818196 | Average Reward: -275.271 | Steps: 12072 | Total Reward: -29004.395215109504|
| Episode: 113 | Epsilon:  0.10 | Reward: -191.4946090562364 | Average Reward: -275.991 | Steps: 12162 | Total Reward: -29195.88982416574|
| Episode: 114 | Epsilon:  0.10 | Reward: -172.4876389026108 | Average Reward: -276.559 | Steps: 12240 | Total Reward: -29368.377463068366|
| Episode: 115 | Epsilon:  0.10 | Reward: -26.904834566088184 | Average Reward: -275.748 | Steps: 12359 | Total Reward: -29395.28229763444|
| Episode: 116 | Epsilon:  0.10 | Reward: -159.58839099225725 | Average Reward: -275.741 | Steps: 12442 | Total Reward: -29554.8706886267|
| Episode: 117 | Epsilon:  0.10 | Reward: -357.89833397078803 | Average Reward: -278.286 | Steps: 12529 | Total Reward: -29912.7690225975|
| Episode: 118 | Epsilon:  0.10 | Reward: -258.27208733806503 | Average Reward: -279.764 | Steps: 12659 | Total Reward: -30171.041109935562|
| Episode: 119 | Epsilon:  0.10 | Reward: -175.05016788602035 | Average Reward: -280.444 | Steps: 12741 | Total Reward: -30346.091277821586|
| Episode: 120 | Epsilon:  0.10 | Reward: -181.71094782151638 | Average Reward: -280.844 | Steps: 12828 | Total Reward: -30527.802225643107|
| Episode: 121 | Epsilon:  0.10 | Reward: -226.70277456436315 | Average Reward: -280.934 | Steps: 12929 | Total Reward: -30754.50500020747|
| Episode: 122 | Epsilon:  0.10 | Reward: -246.5598875536724 | Average Reward: -282.582 | Steps: 13054 | Total Reward: -31001.064887761142|
| Episode: 123 | Epsilon:  0.10 | Reward: -164.6427065160799 | Average Reward: -282.741 | Steps: 13206 | Total Reward: -31165.70759427721|
| Episode: 124 | Epsilon:  0.10 | Reward: -185.51812631438105 | Average Reward: -283.730 | Steps: 13313 | Total Reward: -31351.225720591585|
| Episode: 125 | Epsilon:  0.10 | Reward: -396.6007670574404 | Average Reward: -286.768 | Steps: 13554 | Total Reward: -31747.826487649025|
| Episode: 126 | Epsilon:  0.10 | Reward: -164.326019721502 | Average Reward: -286.985 | Steps: 13638 | Total Reward: -31912.15250737053|
| Episode: 127 | Epsilon:  0.10 | Reward: -46.65503990915205 | Average Reward: -286.595 | Steps: 13767 | Total Reward: -31958.807547279674|
| Episode: 128 | Epsilon:  0.10 | Reward: -208.69916997002449 | Average Reward: -285.255 | Steps: 13872 | Total Reward: -32167.506717249693|
| Episode: 129 | Epsilon:  0.10 | Reward: -237.3837754975057 | Average Reward: -284.000 | Steps: 14016 | Total Reward: -32404.89049274721|
| Episode: 130 | Epsilon:  0.10 | Reward: -191.39593158314773 | Average Reward: -281.206 | Steps: 14109 | Total Reward: -32596.286424330363|
| Episode: 131 | Epsilon:  0.10 | Reward: -226.95529925360344 | Average Reward: -280.156 | Steps: 14242 | Total Reward: -32823.24172358397|
| Episode: 132 | Epsilon:  0.10 | Reward: -163.42715428445612 | Average Reward: -266.992 | Steps: 14356 | Total Reward: -32986.66887786846|
| Episode: 133 | Epsilon:  0.10 | Reward: -290.9445474097005 | Average Reward: -267.282 | Steps: 14683 | Total Reward: -33277.61342527814|
| Episode: 134 | Epsilon:  0.10 | Reward: -272.78008478101265 | Average Reward: -262.197 | Steps: 14908 | Total Reward: -33550.39351005916|
| Episode: 135 | Epsilon:  0.10 | Reward: -166.970386286909 | Average Reward: -262.545 | Steps: 15179 | Total Reward: -33717.363896346134|
| Episode: 136 | Epsilon:  0.10 | Reward: -298.53957238105147 | Average Reward: -260.542 | Steps: 15486 | Total Reward: -34015.90346872721|
| Episode: 137 | Epsilon:  0.10 | Reward: -294.1226251585771 | Average Reward: -258.306 | Steps: 15914 | Total Reward: -34310.02609388578|
| Episode: 138 | Epsilon:  0.10 | Reward: -78.51906488405147 | Average Reward: -254.704 | Steps: 16014 | Total Reward: -34388.54515876983|
| Episode: 139 | Epsilon:  0.10 | Reward: -192.6963218813226 | Average Reward: -252.782 | Steps: 16116 | Total Reward: -34581.24148065114|
| Episode: 140 | Epsilon:  0.10 | Reward: -227.53259347788494 | Average Reward: -252.333 | Steps: 16312 | Total Reward: -34808.77407412906|
| Episode: 141 | Epsilon:  0.10 | Reward: -141.11728871068078 | Average Reward: -249.965 | Steps: 16450 | Total Reward: -34949.891362839706|
| Episode: 142 | Epsilon:  0.10 | Reward: -117.0641810888766 | Average Reward: -245.292 | Steps: 16576 | Total Reward: -35066.95554392856|
| Episode: 143 | Epsilon:  0.10 | Reward: -141.99842260290797 | Average Reward: -243.178 | Steps: 16701 | Total Reward: -35208.95396653148|
| Episode: 144 | Epsilon:  0.10 | Reward: -563.0038695997034 | Average Reward: -244.434 | Steps: 16949 | Total Reward: -35771.95783613115|
| Episode: 145 | Epsilon:  0.10 | Reward: -209.8547309989895 | Average Reward: -244.748 | Steps: 17041 | Total Reward: -35981.812567130124|
| Episode: 146 | Epsilon:  0.10 | Reward: -205.75863091415235 | Average Reward: -242.920 | Steps: 17145 | Total Reward: -36187.57119804427|
| Episode: 147 | Epsilon:  0.10 | Reward: -182.58711863453362 | Average Reward: -239.936 | Steps: 17247 | Total Reward: -36370.15831667879|
| Episode: 148 | Epsilon:  0.10 | Reward: -189.34622622312017 | Average Reward: -238.429 | Steps: 17359 | Total Reward: -36559.504542901916|
| Episode: 149 | Epsilon:  0.10 | Reward: -212.13942888922568 | Average Reward: -240.295 | Steps: 17449 | Total Reward: -36771.64397179118|
| Episode: 150 | Epsilon:  0.10 | Reward: -82.05715124957753 | Average Reward: -235.977 | Steps: 17578 | Total Reward: -36853.701123040744|
| Episode: 151 | Epsilon:  0.10 | Reward: -180.67393281466514 | Average Reward: -232.119 | Steps: 17749 | Total Reward: -37034.37505585543|
| Episode: 152 | Epsilon:  0.10 | Reward: -258.32438328162254 | Average Reward: -234.414 | Steps: 17929 | Total Reward: -37292.69943913705|
| Episode: 153 | Epsilon:  0.10 | Reward: -437.0094549095534 | Average Reward: -234.024 | Steps: 18142 | Total Reward: -37729.708894046635|
| Episode: 154 | Epsilon:  0.10 | Reward: -240.77735313221194 | Average Reward: -231.587 | Steps: 18359 | Total Reward: -37970.486247178866|
| Episode: 155 | Epsilon:  0.10 | Reward: -133.52562008340465 | Average Reward: -227.053 | Steps: 18466 | Total Reward: -38104.011867262234|
| Episode: 156 | Epsilon:  0.10 | Reward: -226.85047373597067 | Average Reward: -228.431 | Steps: 18700 | Total Reward: -38330.862340998225|
| Episode: 157 | Epsilon:  0.10 | Reward: -112.16645399544515 | Average Reward: -225.713 | Steps: 18818 | Total Reward: -38443.02879499373|
| Episode: 158 | Epsilon:  0.10 | Reward: -307.0712115302348 | Average Reward: -222.671 | Steps: 18948 | Total Reward: -38750.10000652396|
| Episode: 159 | Epsilon:  0.10 | Reward: -261.58212188278515 | Average Reward: -222.354 | Steps: 19056 | Total Reward: -39011.68212840675|
| Episode: 160 | Epsilon:  0.10 | Reward: -223.15179562161566 | Average Reward: -223.369 | Steps: 19198 | Total Reward: -39234.83392402835|
| Episode: 161 | Epsilon:  0.10 | Reward: -215.08022012588947 | Average Reward: -223.923 | Steps: 19309 | Total Reward: -39449.914144154274|
| Episode: 162 | Epsilon:  0.10 | Reward: -375.5928917446987 | Average Reward: -225.787 | Steps: 19470 | Total Reward: -39825.507035898925|
| Episode: 163 | Epsilon:  0.10 | Reward: -344.0851149391969 | Average Reward: -229.524 | Steps: 19588 | Total Reward: -40169.592150838136|
| Episode: 164 | Epsilon:  0.10 | Reward: -234.0778890909954 | Average Reward: -230.446 | Steps: 19716 | Total Reward: -40403.67003992915|
| Episode: 165 | Epsilon:  0.10 | Reward: -107.16026158409841 | Average Reward: -226.141 | Steps: 19820 | Total Reward: -40510.83030151323|
| Episode: 166 | Epsilon:  0.10 | Reward: -390.90213220223944 | Average Reward: -225.924 | Steps: 19994 | Total Reward: -40901.7324337155|
| Episode: 167 | Epsilon:  0.10 | Reward: -1399.4485081886326 | Average Reward: -233.169 | Steps: 20452 | Total Reward: -42301.18094190413|
| Episode: 168 | Epsilon:  0.10 | Reward: -93.62050226858801 | Average Reward: -232.123 | Steps: 20748 | Total Reward: -42394.80144417277|
| Episode: 169 | Epsilon:  0.10 | Reward: -266.68278583900326 | Average Reward: -230.720 | Steps: 20847 | Total Reward: -42661.48423001178|
| Episode: 170 | Epsilon:  0.10 | Reward: -179.4574014732753 | Average Reward: -229.819 | Steps: 20961 | Total Reward: -42840.94163148505|
| Episode: 171 | Epsilon:  0.10 | Reward: -220.94363864249354 | Average Reward: -229.567 | Steps: 21056 | Total Reward: -43061.88527012753|
| Episode: 172 | Epsilon:  0.10 | Reward: -473.2454951818279 | Average Reward: -231.671 | Steps: 21289 | Total Reward: -43535.130765309324|
| Episode: 173 | Epsilon:  0.10 | Reward: -286.90522842811663 | Average Reward: -230.857 | Steps: 21410 | Total Reward: -43822.03599373742|
| Episode: 174 | Epsilon:  0.10 | Reward: -206.38125509665704 | Average Reward: -230.867 | Steps: 21512 | Total Reward: -44028.41724883406|
| Episode: 175 | Epsilon:  0.10 | Reward: -194.49513578824047 | Average Reward: -231.719 | Steps: 21611 | Total Reward: -44222.91238462229|
| Episode: 176 | Epsilon:  0.10 | Reward: -124.33121073521122 | Average Reward: -230.589 | Steps: 21715 | Total Reward: -44347.243595357504|
| Episode: 177 | Epsilon:  0.10 | Reward: -169.48632048472726 | Average Reward: -228.934 | Steps: 21808 | Total Reward: -44516.72991584222|
| Episode: 178 | Epsilon:  0.10 | Reward: -246.74691550390372 | Average Reward: -229.979 | Steps: 21922 | Total Reward: -44763.47683134614|
| Episode: 179 | Epsilon:  0.10 | Reward: -250.6417475359938 | Average Reward: -230.220 | Steps: 22025 | Total Reward: -45014.11857888211|
| Episode: 180 | Epsilon:  0.10 | Reward: -166.24503769299636 | Average Reward: -228.278 | Steps: 22342 | Total Reward: -45180.363616575036|
| Episode: 181 | Epsilon:  0.10 | Reward: -175.40895270155804 | Average Reward: -225.230 | Steps: 22437 | Total Reward: -45355.77256927663|
| Episode: 182 | Epsilon:  0.10 | Reward: -624.8064125907309 | Average Reward: -227.014 | Steps: 22747 | Total Reward: -45980.578981867344|
| Episode: 183 | Epsilon:  0.10 | Reward: -322.0097278072303 | Average Reward: -227.536 | Steps: 22996 | Total Reward: -46302.588709674594|
| Episode: 184 | Epsilon:  0.10 | Reward: -120.47083544577468 | Average Reward: -224.454 | Steps: 23128 | Total Reward: -46423.05954512037|
| Episode: 185 | Epsilon:  0.10 | Reward: -105.90356811843077 | Average Reward: -221.896 | Steps: 23215 | Total Reward: -46528.96311323878|
| Episode: 186 | Epsilon:  0.10 | Reward: -298.94836440725237 | Average Reward: -222.959 | Steps: 23408 | Total Reward: -46827.91147764602|
| Episode: 187 | Epsilon:  0.10 | Reward: -174.28465895228524 | Average Reward: -221.743 | Steps: 23523 | Total Reward: -47002.196136598315|
| Episode: 188 | Epsilon:  0.10 | Reward: -205.6617629065928 | Average Reward: -221.848 | Steps: 23643 | Total Reward: -47207.857899504874|
| Episode: 189 | Epsilon:  0.10 | Reward: -266.8883372249053 | Average Reward: -224.312 | Steps: 23831 | Total Reward: -47474.74623672978|
| Episode: 190 | Epsilon:  0.10 | Reward: -205.6252453943255 | Average Reward: -225.366 | Steps: 23990 | Total Reward: -47680.37148212411|
| Episode: 191 | Epsilon:  0.10 | Reward: -169.48948598222591 | Average Reward: -227.127 | Steps: 24070 | Total Reward: -47849.8609681063|
| Episode: 192 | Epsilon:  0.10 | Reward: -96.71577275973507 | Average Reward: -226.172 | Steps: 24199 | Total Reward: -47946.57674086604|
| Episode: 193 | Epsilon:  0.10 | Reward: -132.89883967750814 | Average Reward: -227.312 | Steps: 24319 | Total Reward: -48079.47558054361|
| Episode: 194 | Epsilon:  0.10 | Reward: -69.1519526289329 | Average Reward: -226.139 | Steps: 24405 | Total Reward: -48148.62753317256|
| Episode: 195 | Epsilon:  0.10 | Reward: -105.92876988081653 | Average Reward: -224.988 | Steps: 24508 | Total Reward: -48254.556303053396|
| Episode: 196 | Epsilon:  0.10 | Reward: -242.74879435836706 | Average Reward: -224.629 | Steps: 24662 | Total Reward: -48497.305097411765|
| Episode: 197 | Epsilon:  0.10 | Reward: -94.10831989056646 | Average Reward: -224.303 | Steps: 24772 | Total Reward: -48591.41341730234|
| Episode: 198 | Epsilon:  0.10 | Reward: -294.2971601889973 | Average Reward: -225.495 | Steps: 24931 | Total Reward: -48885.71057749133|
| Episode: 199 | Epsilon:  0.10 | Reward: -187.21747099688594 | Average Reward: -225.186 | Steps: 25054 | Total Reward: -49072.928048488204|
| Episode: 200 | Epsilon:  0.10 | Reward: -335.161098129152 | Average Reward: -227.082 | Steps: 25238 | Total Reward: -49408.08914661736|
| Episode: 201 | Epsilon:  0.10 | Reward: -357.17768159401595 | Average Reward: -229.199 | Steps: 25476 | Total Reward: -49765.266828211374|
| Episode: 202 | Epsilon:  0.10 | Reward: -285.32466805306467 | Average Reward: -226.769 | Steps: 25622 | Total Reward: -50050.59149626445|
| Episode: 203 | Epsilon:  0.10 | Reward: -282.7388549302208 | Average Reward: -229.346 | Steps: 25791 | Total Reward: -50333.330351194665|
| Episode: 204 | Epsilon:  0.10 | Reward: -210.35786874150176 | Average Reward: -229.992 | Steps: 25894 | Total Reward: -50543.68821993615|
| Episode: 205 | Epsilon:  0.10 | Reward: -182.18670786078874 | Average Reward: -230.460 | Steps: 25989 | Total Reward: -50725.87492779693|
| Episode: 206 | Epsilon:  0.10 | Reward: -174.69213208543945 | Average Reward: -231.082 | Steps: 26067 | Total Reward: -50900.56705988239|
| Episode: 207 | Epsilon:  0.10 | Reward: -65.47621883770059 | Average Reward: -229.366 | Steps: 26185 | Total Reward: -50966.043278720135|
| Episode: 208 | Epsilon:  0.10 | Reward: -185.71559789482455 | Average Reward: -229.508 | Steps: 26295 | Total Reward: -51151.758876614935|
| Episode: 209 | Epsilon:  0.10 | Reward: -209.9660902071131 | Average Reward: -230.016 | Steps: 26444 | Total Reward: -51361.72496682204|
| Episode: 210 | Epsilon:  0.10 | Reward: -69.53803090585497 | Average Reward: -228.701 | Steps: 26562 | Total Reward: -51431.26299772789|
| Episode: 211 | Epsilon:  0.10 | Reward: -384.5799266199096 | Average Reward: -230.202 | Steps: 26822 | Total Reward: -51815.84292434778|
| Episode: 212 | Epsilon:  0.10 | Reward: -262.189715267766 | Average Reward: -230.736 | Steps: 27117 | Total Reward: -52078.03263961553|
| Episode: 213 | Epsilon:  0.10 | Reward: -436.7711073259168 | Average Reward: -233.189 | Steps: 27559 | Total Reward: -52514.803746941456|
| Episode: 214 | Epsilon:  0.10 | Reward: -364.0067259258753 | Average Reward: -235.104 | Steps: 27719 | Total Reward: -52878.81047286729|
| Episode: 215 | Epsilon:  0.10 | Reward: -340.1526475458967 | Average Reward: -238.237 | Steps: 27851 | Total Reward: -53218.96312041316|
| Episode: 216 | Epsilon:  0.10 | Reward: -521.5134256060156 | Average Reward: -241.856 | Steps: 28096 | Total Reward: -53740.47654601918|
| Episode: 217 | Epsilon:  0.10 | Reward: -207.3699186019312 | Average Reward: -240.351 | Steps: 28246 | Total Reward: -53947.846464621136|
| Episode: 218 | Epsilon:  0.10 | Reward: -363.8292858383047 | Average Reward: -241.406 | Steps: 28467 | Total Reward: -54311.67575045951|
| Episode: 219 | Epsilon:  0.10 | Reward: -233.91962714055833 | Average Reward: -241.995 | Steps: 28605 | Total Reward: -54545.59537760008|
| Episode: 220 | Epsilon:  0.10 | Reward: -292.03879602733423 | Average Reward: -243.098 | Steps: 28837 | Total Reward: -54837.634173627426|
| Episode: 221 | Epsilon:  0.10 | Reward: -284.9650562345758 | Average Reward: -243.681 | Steps: 29018 | Total Reward: -55122.59922986201|
| Episode: 222 | Epsilon:  0.10 | Reward: -168.31512253737998 | Average Reward: -242.898 | Steps: 29199 | Total Reward: -55290.9143523994|
| Episode: 223 | Epsilon:  0.10 | Reward: -163.8690066558279 | Average Reward: -242.891 | Steps: 29303 | Total Reward: -55454.78335905521|
| Episode: 224 | Epsilon:  0.10 | Reward: -269.5876275538319 | Average Reward: -243.731 | Steps: 29503 | Total Reward: -55724.37098660903|
| Episode: 225 | Epsilon:  0.10 | Reward: -342.7491253765669 | Average Reward: -243.193 | Steps: 29723 | Total Reward: -56067.12011198557|
| Episode: 226 | Epsilon:  0.10 | Reward: -206.65110674018905 | Average Reward: -243.616 | Steps: 29870 | Total Reward: -56273.771218725735|
| Episode: 227 | Epsilon:  0.10 | Reward: -200.19176398092938 | Average Reward: -245.152 | Steps: 30001 | Total Reward: -56473.96298270665|
| Episode: 228 | Epsilon:  0.10 | Reward: -255.60643582856144 | Average Reward: -245.621 | Steps: 30232 | Total Reward: -56729.56941853523|
| Episode: 229 | Epsilon:  0.10 | Reward: -321.09740305883656 | Average Reward: -246.458 | Steps: 30592 | Total Reward: -57050.6668215941|
| Episode: 230 | Epsilon:  0.10 | Reward: -259.13046573407973 | Average Reward: -247.135 | Steps: 30744 | Total Reward: -57309.79728732818|
| Episode: 231 | Epsilon:  0.10 | Reward: -246.5074687333333 | Average Reward: -247.331 | Steps: 31004 | Total Reward: -57556.304756061545|
| Episode: 232 | Epsilon:  0.10 | Reward: -144.2431625608265 | Average Reward: -247.139 | Steps: 31172 | Total Reward: -57700.54791862241|
| Episode: 233 | Epsilon:  0.10 | Reward: -374.4179850893649 | Average Reward: -247.974 | Steps: 31392 | Total Reward: -58074.96590371176|
| Episode: 234 | Epsilon:  0.10 | Reward: -757.5383901097487 | Average Reward: -252.821 | Steps: 31921 | Total Reward: -58832.504293821534|
| Episode: 235 | Epsilon:  0.10 | Reward: -152.17004332287502 | Average Reward: -252.673 | Steps: 32093 | Total Reward: -58984.6743371444|
| Episode: 236 | Epsilon:  0.10 | Reward: -278.8038663275174 | Average Reward: -252.476 | Steps: 32434 | Total Reward: -59263.47820347192|
| Episode: 237 | Epsilon:  0.10 | Reward: -252.54864550174227 | Average Reward: -252.060 | Steps: 33375 | Total Reward: -59516.026848973655|
| Episode: 238 | Epsilon:  0.10 | Reward: -145.99010416724826 | Average Reward: -252.735 | Steps: 34115 | Total Reward: -59662.0169531409|
| Episode: 239 | Epsilon:  0.10 | Reward: -132.05756476744983 | Average Reward: -252.128 | Steps: 35115 | Total Reward: -59794.07451790833|
| Episode: 240 | Epsilon:  0.10 | Reward: -280.4333757859171 | Average Reward: -252.657 | Steps: 36115 | Total Reward: -60074.50789369443|
| Episode: 241 | Epsilon:  0.10 | Reward: -192.46538985582634 | Average Reward: -253.171 | Steps: 36358 | Total Reward: -60266.973283550265|
| Episode: 242 | Epsilon:  0.10 | Reward: -240.60898204925945 | Average Reward: -254.406 | Steps: 36897 | Total Reward: -60507.58226559967|
| Episode: 243 | Epsilon:  0.10 | Reward: -404.7739865607044 | Average Reward: -257.034 | Steps: 37249 | Total Reward: -60912.35625216031|
| Episode: 244 | Epsilon:  0.10 | Reward: -301.9498585153134 | Average Reward: -254.423 | Steps: 37437 | Total Reward: -61214.30611067559|
| Episode: 245 | Epsilon:  0.10 | Reward: -346.8778573927989 | Average Reward: -255.794 | Steps: 37757 | Total Reward: -61561.18396806839|
| Episode: 246 | Epsilon:  0.10 | Reward: -235.756349127186 | Average Reward: -256.094 | Steps: 38434 | Total Reward: -61796.94031719553|
| Episode: 247 | Epsilon:  0.10 | Reward: -258.5400568890989 | Average Reward: -256.853 | Steps: 39055 | Total Reward: -62055.480374084575|
| Episode: 248 | Epsilon:  0.10 | Reward: -120.22634338660424 | Average Reward: -256.162 | Steps: 39797 | Total Reward: -62175.706717471156|
| Episode: 249 | Epsilon:  0.10 | Reward: -393.74956727215533 | Average Reward: -257.978 | Steps: 40797 | Total Reward: -62569.45628474345|
| Episode: 250 | Epsilon:  0.10 | Reward: -309.35080216159076 | Average Reward: -260.251 | Steps: 40874 | Total Reward: -62878.80708690503|
| Episode: 251 | Epsilon:  0.10 | Reward: -42.104337577934075 | Average Reward: -258.865 | Steps: 41874 | Total Reward: -62920.91142448303|
| Episode: 252 | Epsilon:  0.10 | Reward: -213.68275566684272 | Average Reward: -258.419 | Steps: 42692 | Total Reward: -63134.59418014986|
| Episode: 253 | Epsilon:  0.10 | Reward: -105.08086629382377 | Average Reward: -255.100 | Steps: 43692 | Total Reward: -63239.67504644367|
| Episode: 254 | Epsilon:  0.10 | Reward: -58.112946577629174 | Average Reward: -253.273 | Steps: 44692 | Total Reward: -63297.78799302125|
| Episode: 255 | Epsilon:  0.10 | Reward: -97.68318930346855 | Average Reward: -252.915 | Steps: 45692 | Total Reward: -63395.47118232469|
| Episode: 256 | Epsilon:  0.10 | Reward: -16.898498828738298 | Average Reward: -250.815 | Steps: 46692 | Total Reward: -63412.36968115341|
| Episode: 257 | Epsilon:  0.10 | Reward: -142.31321389749343 | Average Reward: -251.117 | Steps: 47210 | Total Reward: -63554.682895050944|
| Episode: 258 | Epsilon:  0.10 | Reward: -77.58960254775693 | Average Reward: -248.822 | Steps: 48210 | Total Reward: -63632.27249759861|
| Episode: 259 | Epsilon:  0.10 | Reward: -98.39114656361606 | Average Reward: -247.190 | Steps: 49210 | Total Reward: -63730.663644162334|
| Episode: 260 | Epsilon:  0.10 | Reward: -121.25358286491986 | Average Reward: -246.171 | Steps: 50210 | Total Reward: -63851.91722702723|
| Episode: 261 | Epsilon:  0.10 | Reward: -137.13585347681774 | Average Reward: -245.391 | Steps: 51210 | Total Reward: -63989.05308050413|
| Episode: 262 | Epsilon:  0.10 | Reward: -130.1098686711719 | Average Reward: -242.937 | Steps: 52210 | Total Reward: -64119.16294917536|
| Episode: 263 | Epsilon:  0.10 | Reward: -162.52017742951614 | Average Reward: -241.121 | Steps: 52380 | Total Reward: -64281.683126604876|
| Episode: 264 | Epsilon:  0.10 | Reward: -54.51002278115684 | Average Reward: -239.325 | Steps: 53380 | Total Reward: -64336.19314938605|
| Episode: 265 | Epsilon:  0.10 | Reward: -233.88120828124934 | Average Reward: -240.592 | Steps: 54380 | Total Reward: -64570.07435766723|
| Episode: 266 | Epsilon:  0.10 | Reward: -102.49673243663453 | Average Reward: -237.708 | Steps: 55380 | Total Reward: -64672.571090103826|
| Episode: 267 | Epsilon:  0.10 | Reward: -41.92688548571451 | Average Reward: -224.133 | Steps: 55793 | Total Reward: -64714.497975589526|
| Episode: 268 | Epsilon:  0.10 | Reward: -142.65653933002756 | Average Reward: -224.624 | Steps: 56793 | Total Reward: -64857.15451491965|
| Episode: 269 | Epsilon:  0.10 | Reward: -77.11704731240874 | Average Reward: -222.728 | Steps: 57793 | Total Reward: -64934.27156223206|
| Episode: 270 | Epsilon:  0.10 | Reward: 130.26190366720306 | Average Reward: -219.631 | Steps: 58606 | Total Reward: -64804.00965856494|
| Episode: 271 | Epsilon:  0.10 | Reward: -152.3050652156301 | Average Reward: -218.944 | Steps: 59606 | Total Reward: -64956.31472378069|
| Episode: 272 | Epsilon:  0.10 | Reward: -166.72639479647765 | Average Reward: -215.879 | Steps: 60606 | Total Reward: -65123.04111857714|
| Episode: 273 | Epsilon:  0.10 | Reward: -115.16957654966936 | Average Reward: -214.162 | Steps: 61606 | Total Reward: -65238.210695126814|
| Episode: 274 | Epsilon:  0.10 | Reward: -86.14401033542327 | Average Reward: -212.959 | Steps: 62606 | Total Reward: -65324.3547054622|
| Episode: 275 | Epsilon:  0.10 | Reward: -172.97342706155527 | Average Reward: -212.744 | Steps: 63606 | Total Reward: -65497.328132523755|
| Episode: 276 | Epsilon:  0.10 | Reward: -50.02758821834112 | Average Reward: -212.001 | Steps: 64606 | Total Reward: -65547.35572074213|
| Episode: 277 | Epsilon:  0.10 | Reward: -174.07024409039184 | Average Reward: -212.047 | Steps: 65606 | Total Reward: -65721.42596483245|
| Episode: 278 | Epsilon:  0.10 | Reward: -76.10112220937243 | Average Reward: -210.341 | Steps: 66606 | Total Reward: -65797.52708704177|
| Episode: 279 | Epsilon:  0.10 | Reward: 114.76219801546031 | Average Reward: -206.686 | Steps: 67420 | Total Reward: -65682.76488902651|
| Episode: 280 | Epsilon:  0.10 | Reward: -135.64333789944283 | Average Reward: -206.380 | Steps: 68420 | Total Reward: -65818.40822692591|
| Episode: 281 | Epsilon:  0.10 | Reward: -104.63763101815032 | Average Reward: -205.673 | Steps: 69420 | Total Reward: -65923.04585794428|
| Episode: 282 | Epsilon:  0.10 | Reward: -82.77343434854751 | Average Reward: -200.252 | Steps: 70420 | Total Reward: -66005.81929229281|
| Episode: 283 | Epsilon:  0.10 | Reward: -85.7010268160517 | Average Reward: -197.889 | Steps: 70722 | Total Reward: -66091.52031910887|
| Episode: 284 | Epsilon:  0.10 | Reward: -42.20540140227278 | Average Reward: -197.107 | Steps: 71722 | Total Reward: -66133.72572051123|
| Episode: 285 | Epsilon:  0.10 | Reward: -211.56425710026375 | Average Reward: -198.163 | Steps: 72722 | Total Reward: -66345.28997761145|
| Episode: 286 | Epsilon:  0.10 | Reward: -40.63553064534691 | Average Reward: -195.580 | Steps: 73722 | Total Reward: -66385.92550825684|
| Episode: 287 | Epsilon:  0.10 | Reward: -186.15271493668294 | Average Reward: -195.699 | Steps: 74722 | Total Reward: -66572.07822319366|
| Episode: 288 | Epsilon:  0.10 | Reward: -94.37946374358104 | Average Reward: -194.586 | Steps: 75722 | Total Reward: -66666.45768693704|
| Episode: 289 | Epsilon:  0.10 | Reward: -124.65989397241022 | Average Reward: -193.164 | Steps: 76722 | Total Reward: -66791.11758090941|
| Episode: 290 | Epsilon:  0.10 | Reward: -63.4917085601637 | Average Reward: -191.742 | Steps: 77722 | Total Reward: -66854.60928946934|
| Episode: 291 | Epsilon:  0.10 | Reward: 119.03894914723993 | Average Reward: -188.857 | Steps: 78673 | Total Reward: -66735.57034032224|
| Episode: 292 | Epsilon:  0.10 | Reward: -165.07793792718832 | Average Reward: -189.541 | Steps: 79673 | Total Reward: -66900.6482782492|
| Episode: 293 | Epsilon:  0.10 | Reward: -32.050840966100765 | Average Reward: -188.532 | Steps: 80673 | Total Reward: -66932.6991192152|
| Episode: 294 | Epsilon:  0.10 | Reward: -129.29354331646059 | Average Reward: -189.134 | Steps: 81673 | Total Reward: -67061.99266253163|
| Episode: 295 | Epsilon:  0.10 | Reward: -137.08341593207007 | Average Reward: -189.445 | Steps: 82673 | Total Reward: -67199.0760784636|
| Episode: 296 | Epsilon:  0.10 | Reward: -180.65200534142107 | Average Reward: -188.824 | Steps: 83673 | Total Reward: -67379.72808380489|
| Episode: 297 | Epsilon:  0.10 | Reward: -165.28562118759265 | Average Reward: -189.536 | Steps: 84673 | Total Reward: -67545.01370499266|
| Episode: 298 | Epsilon:  0.10 | Reward: -344.3164731310829 | Average Reward: -190.036 | Steps: 85458 | Total Reward: -67889.33017812368|
| Episode: 299 | Epsilon:  0.10 | Reward: -203.8580555376867 | Average Reward: -190.203 | Steps: 86458 | Total Reward: -68093.18823366154|
| Episode: 300 | Epsilon:  0.10 | Reward: -116.92452291159317 | Average Reward: -188.020 | Steps: 87458 | Total Reward: -68210.11275657293|
| Episode: 301 | Epsilon:  0.10 | Reward: -167.36061837938038 | Average Reward: -186.122 | Steps: 88458 | Total Reward: -68377.4733749521|
| Episode: 302 | Epsilon:  0.10 | Reward: -121.87037774192594 | Average Reward: -184.488 | Steps: 89458 | Total Reward: -68499.34375269372|
| Episode: 303 | Epsilon:  0.10 | Reward: -114.92581968604763 | Average Reward: -182.809 | Steps: 90458 | Total Reward: -68614.26957237974|
| Episode: 304 | Epsilon:  0.10 | Reward: -72.89793189625699 | Average Reward: -181.435 | Steps: 91458 | Total Reward: -68687.1675042763|
| Episode: 305 | Epsilon:  0.10 | Reward: -105.99479617141311 | Average Reward: -180.673 | Steps: 92458 | Total Reward: -68793.16230044751|
| Episode: 306 | Epsilon:  0.10 | Reward: -106.19331586775547 | Average Reward: -179.988 | Steps: 93458 | Total Reward: -68899.35561631524|
| Episode: 307 | Epsilon:  0.10 | Reward: -166.11012434109767 | Average Reward: -180.994 | Steps: 94458 | Total Reward: -69065.46574065626|
| Episode: 308 | Epsilon:  0.10 | Reward: -138.45859789779746 | Average Reward: -180.522 | Steps: 95458 | Total Reward: -69203.92433855431|
| Episode: 309 | Epsilon:  0.10 | Reward: -26.03444649661941 | Average Reward: -178.682 | Steps: 96458 | Total Reward: -69229.9587850511|
| Episode: 310 | Epsilon:  0.10 | Reward: -136.05718203143462 | Average Reward: -179.348 | Steps: 97458 | Total Reward: -69366.01596708258|
| Episode: 311 | Epsilon:  0.10 | Reward: -128.76571495738676 | Average Reward: -176.789 | Steps: 98458 | Total Reward: -69494.7816820398|
| Episode: 312 | Epsilon:  0.10 | Reward: -128.79757510186113 | Average Reward: -175.455 | Steps: 99458 | Total Reward: -69623.57925714174|
| Episode: 313 | Epsilon:  0.10 | Reward: -71.9208181095065 | Average Reward: -171.807 | Steps: 100458 | Total Reward: -69695.50007525121|
| Episode: 314 | Epsilon:  0.10 | Reward: -162.41942012542444 | Average Reward: -169.791 | Steps: 101458 | Total Reward: -69857.91949537677|
| Episode: 315 | Epsilon:  0.10 | Reward: -135.87047393632642 | Average Reward: -167.748 | Steps: 102458 | Total Reward: -69993.78996931313|
| Episode: 316 | Epsilon:  0.10 | Reward: -130.85171006260498 | Average Reward: -163.842 | Steps: 103458 | Total Reward: -70124.64167937571|
| Episode: 317 | Epsilon:  0.10 | Reward: -108.85571295170232 | Average Reward: -162.857 | Steps: 104458 | Total Reward: -70233.49739232766|
| Episode: 318 | Epsilon:  0.10 | Reward: -71.94530639030927 | Average Reward: -159.938 | Steps: 105458 | Total Reward: -70305.44269871822|
| Episode: 319 | Epsilon:  0.10 | Reward: -157.2928100264699 | Average Reward: -159.171 | Steps: 106458 | Total Reward: -70462.73550874478|
| Episode: 320 | Epsilon:  0.10 | Reward: -21.41848724543828 | Average Reward: -156.465 | Steps: 107458 | Total Reward: -70484.15399598995|
| Episode: 321 | Epsilon:  0.10 | Reward: -113.03208886557167 | Average Reward: -154.746 | Steps: 108458 | Total Reward: -70597.18608485545|
| Episode: 322 | Epsilon:  0.10 | Reward: -89.56313455134884 | Average Reward: -153.958 | Steps: 109458 | Total Reward: -70686.74921940659|
| Episode: 323 | Epsilon:  0.10 | Reward: -113.72079071760187 | Average Reward: -153.457 | Steps: 110458 | Total Reward: -70800.4700101241|
| Episode: 324 | Epsilon:  0.10 | Reward: -114.89660841409054 | Average Reward: -151.910 | Steps: 111458 | Total Reward: -70915.36661853826|
| Episode: 325 | Epsilon:  0.10 | Reward: -99.25399976346408 | Average Reward: -149.475 | Steps: 112458 | Total Reward: -71014.62061830192|
| Episode: 326 | Epsilon:  0.10 | Reward: -100.04215617938235 | Average Reward: -148.409 | Steps: 113458 | Total Reward: -71114.6627744811|
| Episode: 327 | Epsilon:  0.10 | Reward: -98.77001458353746 | Average Reward: -147.395 | Steps: 114458 | Total Reward: -71213.43278906462|
| Episode: 328 | Epsilon:  0.10 | Reward: -112.16423967360976 | Average Reward: -145.960 | Steps: 115458 | Total Reward: -71325.59702873815|
| Episode: 329 | Epsilon:  0.10 | Reward: -113.59487228400619 | Average Reward: -143.885 | Steps: 116458 | Total Reward: -71439.19190102225|
| Episode: 330 | Epsilon:  0.10 | Reward: -76.75578821558263 | Average Reward: -142.062 | Steps: 117458 | Total Reward: -71515.94768923757|
| Episode: 331 | Epsilon:  0.10 | Reward: -122.17216718024578 | Average Reward: -140.818 | Steps: 118458 | Total Reward: -71638.11985641801|
| Episode: 332 | Epsilon:  0.10 | Reward: -127.25464677866218 | Average Reward: -140.648 | Steps: 119458 | Total Reward: -71765.37450319674|
| Episode: 333 | Epsilon:  0.10 | Reward: -134.89265657220818 | Average Reward: -138.253 | Steps: 120458 | Total Reward: -71900.26715976908|
| Episode: 334 | Epsilon:  0.10 | Reward: -134.03610564813837 | Average Reward: -132.018 | Steps: 121458 | Total Reward: -72034.30326541739|
| Episode: 335 | Epsilon:  0.10 | Reward: -70.33078786590676 | Average Reward: -131.200 | Steps: 122458 | Total Reward: -72104.63405328318|
| Episode: 336 | Epsilon:  0.10 | Reward: -137.12619685164782 | Average Reward: -129.783 | Steps: 123458 | Total Reward: -72241.76025013502|
| Episode: 337 | Epsilon:  0.10 | Reward: -111.02011589472565 | Average Reward: -128.368 | Steps: 124458 | Total Reward: -72352.78036602994|
| Episode: 338 | Epsilon:  0.10 | Reward: -113.05002177783781 | Average Reward: -128.038 | Steps: 125458 | Total Reward: -72465.83038780802|
| Episode: 339 | Epsilon:  0.10 | Reward: -104.87430011846506 | Average Reward: -127.766 | Steps: 126458 | Total Reward: -72570.70468792655|
| Episode: 340 | Epsilon:  0.10 | Reward: -119.55077670759613 | Average Reward: -126.157 | Steps: 127458 | Total Reward: -72690.25546463428|
| Episode: 341 | Epsilon:  0.10 | Reward: -102.45068368093334 | Average Reward: -125.257 | Steps: 128458 | Total Reward: -72792.70614831524|
| Episode: 342 | Epsilon:  0.10 | Reward: -89.24925326314114 | Average Reward: -123.744 | Steps: 129458 | Total Reward: -72881.95540157832|
| Episode: 343 | Epsilon:  0.10 | Reward: -96.03399276982083 | Average Reward: -120.656 | Steps: 130458 | Total Reward: -72977.98939434827|
| Episode: 344 | Epsilon:  0.10 | Reward: -144.8263835426529 | Average Reward: -119.085 | Steps: 131458 | Total Reward: -73122.8157778909|
| Episode: 345 | Epsilon:  0.10 | Reward: -136.0796890476826 | Average Reward: -116.977 | Steps: 132458 | Total Reward: -73258.8954669384|
| Episode: 346 | Epsilon:  0.10 | Reward: -82.02418838090412 | Average Reward: -115.440 | Steps: 133458 | Total Reward: -73340.91965531919|
| Episode: 347 | Epsilon:  0.10 | Reward: -89.83672551640971 | Average Reward: -113.753 | Steps: 134458 | Total Reward: -73430.75638083566|
| Episode: 348 | Epsilon:  0.10 | Reward: -125.38910095099223 | Average Reward: -113.804 | Steps: 135458 | Total Reward: -73556.14548178688|
| Episode: 349 | Epsilon:  0.10 | Reward: -79.93518550026333 | Average Reward: -110.666 | Steps: 136458 | Total Reward: -73636.08066728717|
| Episode: 350 | Epsilon:  0.10 | Reward: -153.1652167929376 | Average Reward: -109.104 | Steps: 137458 | Total Reward: -73789.2458840801|
| Episode: 351 | Epsilon:  0.10 | Reward: -80.43720568723414 | Average Reward: -109.488 | Steps: 138458 | Total Reward: -73869.68308976736|
| Episode: 352 | Epsilon:  0.10 | Reward: -123.16560483250831 | Average Reward: -108.583 | Steps: 139458 | Total Reward: -73992.84869460005|
| Episode: 353 | Epsilon:  0.10 | Reward: -144.47956623310512 | Average Reward: -108.977 | Steps: 140458 | Total Reward: -74137.32826083302|
| Episode: 354 | Epsilon:  0.10 | Reward: -336.33432736135217 | Average Reward: -111.759 | Steps: 140670 | Total Reward: -74473.66258819423|
| Episode: 355 | Epsilon:  0.10 | Reward: -76.27098192187432 | Average Reward: -111.545 | Steps: 141670 | Total Reward: -74549.93357011619|
| Episode: 356 | Epsilon:  0.10 | Reward: -113.61897802481691 | Average Reward: -112.512 | Steps: 142670 | Total Reward: -74663.55254814099|
| Episode: 357 | Epsilon:  0.10 | Reward: -114.75737228726753 | Average Reward: -112.236 | Steps: 143670 | Total Reward: -74778.3099204282|
| Episode: 358 | Epsilon:  0.10 | Reward: -197.1392823256582 | Average Reward: -113.432 | Steps: 144324 | Total Reward: -74975.44920275387|
| Episode: 359 | Epsilon:  0.10 | Reward: -130.10231581759842 | Average Reward: -113.749 | Steps: 145324 | Total Reward: -75105.55151857142|
| Episode: 360 | Epsilon:  0.10 | Reward: -298.5075760692025 | Average Reward: -115.521 | Steps: 145680 | Total Reward: -75404.05909464066|
| Episode: 361 | Epsilon:  0.10 | Reward: -125.33262334130283 | Average Reward: -115.403 | Steps: 146680 | Total Reward: -75529.3917179816|
| Episode: 362 | Epsilon:  0.10 | Reward: -57.22137031687194 | Average Reward: -114.675 | Steps: 147680 | Total Reward: -75586.61308829831|
| Episode: 363 | Epsilon:  0.10 | Reward: -132.9550299648217 | Average Reward: -114.379 | Steps: 148680 | Total Reward: -75719.56811826317|
| Episode: 364 | Epsilon:  0.10 | Reward: -103.3879746879979 | Average Reward: -114.868 | Steps: 149680 | Total Reward: -75822.95609295137|
| Episode: 365 | Epsilon:  0.10 | Reward: -95.02173023179496 | Average Reward: -113.479 | Steps: 150680 | Total Reward: -75917.97782318326|
| Episode: 366 | Epsilon:  0.10 | Reward: -99.51888642829192 | Average Reward: -113.449 | Steps: 151680 | Total Reward: -76017.49670961144|
| Episode: 367 | Epsilon:  0.10 | Reward: -115.00013298195493 | Average Reward: -114.180 | Steps: 152680 | Total Reward: -76132.49684259346|
| Episode: 368 | Epsilon:  0.10 | Reward: -83.46822249452663 | Average Reward: -113.588 | Steps: 153680 | Total Reward: -76215.96506508811|
| Episode: 369 | Epsilon:  0.10 | Reward: -138.5652479196053 | Average Reward: -114.203 | Steps: 154680 | Total Reward: -76354.53031300774|
| Episode: 370 | Epsilon:  0.10 | Reward: -101.98367359551534 | Average Reward: -116.525 | Steps: 155680 | Total Reward: -76456.5139866031|
| Episode: 371 | Epsilon:  0.10 | Reward: -80.20184528927152 | Average Reward: -115.804 | Steps: 156680 | Total Reward: -76536.71583189213|
| Episode: 372 | Epsilon:  0.10 | Reward: -124.32805601350049 | Average Reward: -115.380 | Steps: 157680 | Total Reward: -76661.04388790565|
| Episode: 373 | Epsilon:  0.10 | Reward: -66.59399328302518 | Average Reward: -114.894 | Steps: 158680 | Total Reward: -76727.6378811888|
| Episode: 374 | Epsilon:  0.10 | Reward: -115.26767242158425 | Average Reward: -115.186 | Steps: 159680 | Total Reward: -76842.90555361044|
| Episode: 375 | Epsilon:  0.10 | Reward: -141.72312403092968 | Average Reward: -114.873 | Steps: 160680 | Total Reward: -76984.62867764162|
| Episode: 376 | Epsilon:  0.10 | Reward: -109.94343959673186 | Average Reward: -115.472 | Steps: 161680 | Total Reward: -77094.5721172384|
| Episode: 377 | Epsilon:  0.10 | Reward: -109.2292185020526 | Average Reward: -114.824 | Steps: 162680 | Total Reward: -77203.80133574043|
| Episode: 378 | Epsilon:  0.10 | Reward: -107.76177668474418 | Average Reward: -115.140 | Steps: 163680 | Total Reward: -77311.56311242504|
| Episode: 379 | Epsilon:  0.10 | Reward: -76.33581054886254 | Average Reward: -117.051 | Steps: 163917 | Total Reward: -77387.89892297388|
| Episode: 380 | Epsilon:  0.10 | Reward: -117.2550491909144 | Average Reward: -116.867 | Steps: 164917 | Total Reward: -77505.15397216486|
| Episode: 381 | Epsilon:  0.10 | Reward: -110.48646274052383 | Average Reward: -116.926 | Steps: 165917 | Total Reward: -77615.64043490548|
| Episode: 382 | Epsilon:  0.10 | Reward: -125.0274837282047 | Average Reward: -117.348 | Steps: 166917 | Total Reward: -77740.66791863383|
| Episode: 383 | Epsilon:  0.10 | Reward: -169.76309810125133 | Average Reward: -118.189 | Steps: 167917 | Total Reward: -77910.43101673499|
| Episode: 384 | Epsilon:  0.10 | Reward: -108.5324992658293 | Average Reward: -118.852 | Steps: 168917 | Total Reward: -78018.96351600066|
| Episode: 385 | Epsilon:  0.10 | Reward: -156.40422621752543 | Average Reward: -118.301 | Steps: 169917 | Total Reward: -78175.36774221805|
| Episode: 386 | Epsilon:  0.10 | Reward: -156.93652701728126 | Average Reward: -119.464 | Steps: 170917 | Total Reward: -78332.30426923525|
| Episode: 387 | Epsilon:  0.10 | Reward: -137.17389536285737 | Average Reward: -118.974 | Steps: 171917 | Total Reward: -78469.47816459808|
| Episode: 388 | Epsilon:  0.10 | Reward: -124.20501663492291 | Average Reward: -119.272 | Steps: 172917 | Total Reward: -78593.68318123293|
| Episode: 389 | Epsilon:  0.10 | Reward: -152.59083559090462 | Average Reward: -119.552 | Steps: 173917 | Total Reward: -78746.27401682375|
| Episode: 390 | Epsilon:  0.10 | Reward: -119.81412742240421 | Average Reward: -120.115 | Steps: 174917 | Total Reward: -78866.08814424634|
| Episode: 391 | Epsilon:  0.10 | Reward: -174.79497260013034 | Average Reward: -123.053 | Steps: 175917 | Total Reward: -79040.88311684651|
| Episode: 392 | Epsilon:  0.10 | Reward: -120.13058880099413 | Average Reward: -122.604 | Steps: 176917 | Total Reward: -79161.01370564743|
| Episode: 393 | Epsilon:  0.10 | Reward: -78.0544995976399 | Average Reward: -123.064 | Steps: 177917 | Total Reward: -79239.06820524522|
| Episode: 394 | Epsilon:  0.10 | Reward: -152.18882243051831 | Average Reward: -123.293 | Steps: 178917 | Total Reward: -79391.25702767578|
| Episode: 395 | Epsilon:  0.10 | Reward: -100.72133469674898 | Average Reward: -122.929 | Steps: 179917 | Total Reward: -79491.97836237255|
| Episode: 396 | Epsilon:  0.10 | Reward: -119.88442295434602 | Average Reward: -122.321 | Steps: 180917 | Total Reward: -79611.86278532699|
| Episode: 397 | Epsilon:  0.10 | Reward: -110.10266043407206 | Average Reward: -121.770 | Steps: 181917 | Total Reward: -79721.96544576119|
| Episode: 398 | Epsilon:  0.10 | Reward: -158.7220226552754 | Average Reward: -119.914 | Steps: 182917 | Total Reward: -79880.68746841646|
| Episode: 399 | Epsilon:  0.10 | Reward: -399.6022341582392 | Average Reward: -121.871 | Steps: 183105 | Total Reward: -80280.28970257459|
| Episode: 400 | Epsilon:  0.10 | Reward: -139.3406258662276 | Average Reward: -122.095 | Steps: 184105 | Total Reward: -80419.63032844072|
| Episode: 401 | Epsilon:  0.10 | Reward: -165.58917673804527 | Average Reward: -122.077 | Steps: 185105 | Total Reward: -80585.21950517887|
| Episode: 402 | Epsilon:  0.10 | Reward: -138.08447636108605 | Average Reward: -122.240 | Steps: 186105 | Total Reward: -80723.30398153978|
| Episode: 403 | Epsilon:  0.10 | Reward: -155.86535965147723 | Average Reward: -122.649 | Steps: 187105 | Total Reward: -80879.16934119123|
| Episode: 404 | Epsilon:  0.10 | Reward: -154.1209871197299 | Average Reward: -123.461 | Steps: 188105 | Total Reward: -81033.29032831102|
| Episode: 405 | Epsilon:  0.10 | Reward: -182.8098779883046 | Average Reward: -124.229 | Steps: 189105 | Total Reward: -81216.10020629919|
| Episode: 406 | Epsilon:  0.10 | Reward: -118.2649761248899 | Average Reward: -124.350 | Steps: 190105 | Total Reward: -81334.36518242427|
| Episode: 407 | Epsilon:  0.10 | Reward: -113.33194608123084 | Average Reward: -123.822 | Steps: 191105 | Total Reward: -81447.69712850562|
| Episode: 408 | Epsilon:  0.10 | Reward: -101.11888978668614 | Average Reward: -123.449 | Steps: 191343 | Total Reward: -81548.81601829232|
| Episode: 409 | Epsilon:  0.10 | Reward: -350.75871345824817 | Average Reward: -126.696 | Steps: 191647 | Total Reward: -81899.5747317506|
| Episode: 410 | Epsilon:  0.10 | Reward: -254.72809799593634 | Average Reward: -127.883 | Steps: 192154 | Total Reward: -82154.30282974642|
| Episode: 411 | Epsilon:  0.10 | Reward: -113.38859348418114 | Average Reward: -127.729 | Steps: 192730 | Total Reward: -82267.69142323064|
| Episode: 412 | Epsilon:  0.10 | Reward: -153.76673042623753 | Average Reward: -127.979 | Steps: 193198 | Total Reward: -82421.45815365684|
| Episode: 413 | Epsilon:  0.10 | Reward: 217.9874949666266 | Average Reward: -125.080 | Steps: 193465 | Total Reward: -82203.47065869013|
| Episode: 414 | Epsilon:  0.10 | Reward: 120.68033237089779 | Average Reward: -122.249 | Steps: 193953 | Total Reward: -82082.79032631918|
| Episode: 415 | Epsilon:  0.10 | Reward: -127.09235529210626 | Average Reward: -122.161 | Steps: 194310 | Total Reward: -82209.88268161129|
| Episode: 416 | Epsilon:  0.10 | Reward: -37.649355880932035 | Average Reward: -121.229 | Steps: 194428 | Total Reward: -82247.53203749219|
| Episode: 417 | Epsilon:  0.10 | Reward: -356.56164629180574 | Average Reward: -123.706 | Steps: 194542 | Total Reward: -82604.093683784|
| Episode: 418 | Epsilon:  0.10 | Reward: -80.399631581661 | Average Reward: -123.791 | Steps: 194825 | Total Reward: -82684.49331536562|
| Episode: 419 | Epsilon:  0.10 | Reward: -31.821028038692745 | Average Reward: -122.536 | Steps: 195060 | Total Reward: -82716.31434340437|
| Episode: 420 | Epsilon:  0.10 | Reward: -450.60908531037825 | Average Reward: -126.828 | Steps: 195895 | Total Reward: -83166.92342871457|
| Episode: 421 | Epsilon:  0.10 | Reward: -286.67793071218745 | Average Reward: -128.564 | Steps: 196533 | Total Reward: -83453.60135942667|
| Episode: 422 | Epsilon:  0.10 | Reward: -127.66108809577452 | Average Reward: -128.945 | Steps: 197330 | Total Reward: -83581.26244752249|
| Episode: 423 | Epsilon:  0.10 | Reward: -121.42568163308323 | Average Reward: -129.022 | Steps: 198330 | Total Reward: -83702.68812915556|
| Episode: 424 | Epsilon:  0.10 | Reward: -60.63744466683792 | Average Reward: -128.480 | Steps: 198436 | Total Reward: -83763.32557382231|
| Episode: 425 | Epsilon:  0.10 | Reward: -497.3869211148408 | Average Reward: -132.461 | Steps: 199384 | Total Reward: -84260.7124949373|
| Episode: 426 | Epsilon:  0.10 | Reward: -173.48417147650855 | Average Reward: -133.195 | Steps: 200384 | Total Reward: -84434.19666641366|
| Episode: 427 | Epsilon:  0.10 | Reward: -197.50459582944217 | Average Reward: -134.183 | Steps: 201384 | Total Reward: -84631.70126224303|
| Episode: 428 | Epsilon:  0.10 | Reward: -245.47809769357718 | Average Reward: -135.516 | Steps: 201567 | Total Reward: -84877.1793599366|
| Episode: 429 | Epsilon:  0.10 | Reward: -383.2595124343269 | Average Reward: -138.212 | Steps: 201739 | Total Reward: -85260.43887237087|
| Episode: 430 | Epsilon:  0.10 | Reward: -276.74068027633257 | Average Reward: -140.212 | Steps: 201872 | Total Reward: -85537.17955264727|
| Episode: 431 | Epsilon:  0.10 | Reward: -483.6064624670764 | Average Reward: -143.827 | Steps: 202038 | Total Reward: -86020.78601511441|
| Episode: 432 | Epsilon:  0.10 | Reward: -392.1244862802502 | Average Reward: -146.475 | Steps: 202205 | Total Reward: -86412.91050139461|
| Episode: 433 | Epsilon:  0.10 | Reward: -306.5775841385978 | Average Reward: -148.192 | Steps: 202307 | Total Reward: -86719.48808553323|
| Episode: 434 | Epsilon:  0.10 | Reward: -340.4702693877449 | Average Reward: -150.257 | Steps: 202410 | Total Reward: -87059.95835492086|
| Episode: 435 | Epsilon:  0.10 | Reward: -387.3309080226395 | Average Reward: -153.427 | Steps: 203368 | Total Reward: -87447.28926294333|
| Episode: 436 | Epsilon:  0.10 | Reward: -269.63069744314987 | Average Reward: -154.752 | Steps: 203567 | Total Reward: -87716.91996038648|
| Episode: 437 | Epsilon:  0.10 | Reward: -337.30727071283627 | Average Reward: -157.014 | Steps: 203659 | Total Reward: -88054.22723109936|
| Episode: 438 | Epsilon:  0.10 | Reward: -182.7268129820927 | Average Reward: -157.711 | Steps: 203856 | Total Reward: -88236.95404408136|
| Episode: 439 | Epsilon:  0.10 | Reward: -238.35762572928638 | Average Reward: -159.046 | Steps: 203987 | Total Reward: -88475.31166981065|
| Episode: 440 | Epsilon:  0.10 | Reward: -430.95619346398513 | Average Reward: -162.160 | Steps: 204162 | Total Reward: -88906.26786327464|
| Episode: 441 | Epsilon:  0.10 | Reward: -237.8166431732869 | Average Reward: -163.514 | Steps: 204348 | Total Reward: -89144.0845064479|
| Episode: 442 | Epsilon:  0.10 | Reward: -288.566532000293 | Average Reward: -165.507 | Steps: 204478 | Total Reward: -89432.65103844818|
| Episode: 443 | Epsilon:  0.10 | Reward: -256.7716925772942 | Average Reward: -167.114 | Steps: 204655 | Total Reward: -89689.42273102551|
| Episode: 444 | Epsilon:  0.10 | Reward: -383.62852514794776 | Average Reward: -169.502 | Steps: 204850 | Total Reward: -90073.05125617339|
| Episode: 445 | Epsilon:  0.10 | Reward: -442.4088026662883 | Average Reward: -172.566 | Steps: 205034 | Total Reward: -90515.46005883963|
| Episode: 446 | Epsilon:  0.10 | Reward: -338.47277584740715 | Average Reward: -175.130 | Steps: 205189 | Total Reward: -90853.932834687|
| Episode: 447 | Epsilon:  0.10 | Reward: -364.3878376539674 | Average Reward: -177.876 | Steps: 205555 | Total Reward: -91218.32067234097|
| Episode: 448 | Epsilon:  0.10 | Reward: 54.345370809211005 | Average Reward: -176.078 | Steps: 205726 | Total Reward: -91163.97530153175|
| Episode: 449 | Epsilon:  0.10 | Reward: -376.5397986369685 | Average Reward: -179.044 | Steps: 205892 | Total Reward: -91540.51510016884|
| Episode: 450 | Epsilon:  0.10 | Reward: -141.75938420987347 | Average Reward: -178.930 | Steps: 206039 | Total Reward: -91682.27448437866|
| Episode: 451 | Epsilon:  0.10 | Reward: -271.7432922001026 | Average Reward: -180.843 | Steps: 206179 | Total Reward: -91954.01777657884|
| Episode: 452 | Epsilon:  0.10 | Reward: -177.44344034758146 | Average Reward: -181.386 | Steps: 206281 | Total Reward: -92131.4612169264|
| Episode: 453 | Epsilon:  0.10 | Reward: -346.4693992966053 | Average Reward: -183.406 | Steps: 206683 | Total Reward: -92477.93061622286|
| Episode: 454 | Epsilon:  0.10 | Reward: -314.0481560112211 | Average Reward: -183.183 | Steps: 207029 | Total Reward: -92791.97877223394|
| Episode: 455 | Epsilon:  0.10 | Reward: -410.0696087049072 | Average Reward: -186.521 | Steps: 207209 | Total Reward: -93202.04838093891|
| Episode: 456 | Epsilon:  0.10 | Reward: -231.97742909306285 | Average Reward: -187.705 | Steps: 207316 | Total Reward: -93434.02581003202|
| Episode: 457 | Epsilon:  0.10 | Reward: -240.4334187889553 | Average Reward: -188.961 | Steps: 207494 | Total Reward: -93674.45922882101|
| Episode: 458 | Epsilon:  0.10 | Reward: -361.42059548067783 | Average Reward: -190.604 | Steps: 207745 | Total Reward: -94035.87982430168|
| Episode: 459 | Epsilon:  0.10 | Reward: -257.07785387212454 | Average Reward: -191.874 | Steps: 207958 | Total Reward: -94292.95767817379|
| Episode: 460 | Epsilon:  0.10 | Reward: -131.26739573030272 | Average Reward: -190.202 | Steps: 208466 | Total Reward: -94424.22507390396|
| Episode: 461 | Epsilon:  0.10 | Reward: -232.39039429217158 | Average Reward: -191.272 | Steps: 208650 | Total Reward: -94656.6154681961|
| Episode: 462 | Epsilon:  0.10 | Reward: -206.11502012694154 | Average Reward: -192.761 | Steps: 208865 | Total Reward: -94862.73048832313|
| Episode: 463 | Epsilon:  0.10 | Reward: -310.1336446257591 | Average Reward: -194.533 | Steps: 209052 | Total Reward: -95172.86413294892|
| Episode: 464 | Epsilon:  0.10 | Reward: -211.93670224849524 | Average Reward: -195.618 | Steps: 209188 | Total Reward: -95384.80083519747|
| Episode: 465 | Epsilon:  0.10 | Reward: -289.83702416913206 | Average Reward: -197.567 | Steps: 209385 | Total Reward: -95674.63785936663|
| Episode: 466 | Epsilon:  0.10 | Reward: -297.2965537044697 | Average Reward: -199.544 | Steps: 209537 | Total Reward: -95971.93441307117|
| Episode: 467 | Epsilon:  0.10 | Reward: -309.97974325884604 | Average Reward: -201.494 | Steps: 209804 | Total Reward: -96281.91415633002|
| Episode: 468 | Epsilon:  0.10 | Reward: -33.9332449200612 | Average Reward: -200.999 | Steps: 210053 | Total Reward: -96315.8474012501|
| Episode: 469 | Epsilon:  0.10 | Reward: -205.78834385230294 | Average Reward: -201.671 | Steps: 210832 | Total Reward: -96521.63574510235|
| Episode: 470 | Epsilon:  0.10 | Reward: -284.9240257517848 | Average Reward: -203.500 | Steps: 211146 | Total Reward: -96806.55977085413|
| Episode: 471 | Epsilon:  0.10 | Reward: -70.61325670418336 | Average Reward: -203.405 | Steps: 211266 | Total Reward: -96877.1730275584|
| Episode: 472 | Epsilon:  0.10 | Reward: -86.44591647025169 | Average Reward: -203.026 | Steps: 211580 | Total Reward: -96963.61894402871|
| Episode: 473 | Epsilon:  0.10 | Reward: -39.335512457608004 | Average Reward: -202.753 | Steps: 211710 | Total Reward: -97002.95445648632|
| Episode: 474 | Epsilon:  0.10 | Reward: -241.12093394989736 | Average Reward: -204.012 | Steps: 211919 | Total Reward: -97244.07539043619|
| Episode: 475 | Epsilon:  0.10 | Reward: -253.57193910829199 | Average Reward: -205.130 | Steps: 212095 | Total Reward: -97497.64732954447|
| Episode: 476 | Epsilon:  0.10 | Reward: -259.8393803889159 | Average Reward: -206.629 | Steps: 212232 | Total Reward: -97757.48670993345|
| Episode: 477 | Epsilon:  0.10 | Reward: -402.1356440678486 | Average Reward: -209.558 | Steps: 212601 | Total Reward: -98159.6223540013|
| Episode: 478 | Epsilon:  0.10 | Reward: -27.95694110320494 | Average Reward: -208.760 | Steps: 212758 | Total Reward: -98187.5792951046|
| Episode: 479 | Epsilon:  0.10 | Reward: -226.9335253745341 | Average Reward: -210.266 | Steps: 212879 | Total Reward: -98414.51282047917|
| Episode: 480 | Epsilon:  0.10 | Reward: -160.97138688732332 | Average Reward: -210.703 | Steps: 212990 | Total Reward: -98575.48420736649|
| Episode: 481 | Epsilon:  0.10 | Reward: -51.98252356869453 | Average Reward: -210.118 | Steps: 213162 | Total Reward: -98627.46673093527|
| Episode: 482 | Epsilon:  0.10 | Reward: -246.97206920989217 | Average Reward: -211.338 | Steps: 213349 | Total Reward: -98874.43880014519|
| Episode: 483 | Epsilon:  0.10 | Reward: -90.67951710985253 | Average Reward: -210.547 | Steps: 213556 | Total Reward: -98965.11831725502|
| Episode: 484 | Epsilon:  0.10 | Reward: -67.57649751380114 | Average Reward: -210.137 | Steps: 213651 | Total Reward: -99032.69481476878|
| Episode: 485 | Epsilon:  0.10 | Reward: -7.761896489509425 | Average Reward: -208.651 | Steps: 213757 | Total Reward: -99040.45671125824|
| Episode: 486 | Epsilon:  0.10 | Reward: -76.70912813782589 | Average Reward: -207.849 | Steps: 213957 | Total Reward: -99117.16583939617|
| Episode: 487 | Epsilon:  0.10 | Reward: -193.91683269288893 | Average Reward: -208.416 | Steps: 214069 | Total Reward: -99311.08267208908|
| Episode: 488 | Epsilon:  0.10 | Reward: -70.54776344279054 | Average Reward: -207.879 | Steps: 214351 | Total Reward: -99381.63043553183|
| Episode: 489 | Epsilon:  0.10 | Reward: -37.37366179878208 | Average Reward: -206.727 | Steps: 214441 | Total Reward: -99419.00409733057|
| Episode: 490 | Epsilon:  0.10 | Reward: -374.73847941412856 | Average Reward: -209.277 | Steps: 214631 | Total Reward: -99793.74257674474|
| Episode: 491 | Epsilon:  0.10 | Reward: -188.7678284647347 | Average Reward: -209.416 | Steps: 214835 | Total Reward: -99982.51040520953|
| Episode: 492 | Epsilon:  0.10 | Reward: -162.06773565172972 | Average Reward: -209.836 | Steps: 214918 | Total Reward: -100144.57814086128|
| Episode: 493 | Epsilon:  0.10 | Reward: -249.82645038784705 | Average Reward: -211.553 | Steps: 215032 | Total Reward: -100394.40459124914|
| Episode: 494 | Epsilon:  0.10 | Reward: 19.668069117870786 | Average Reward: -209.835 | Steps: 215223 | Total Reward: -100374.73652213135|
| Episode: 495 | Epsilon:  0.10 | Reward: -204.5330080086874 | Average Reward: -210.873 | Steps: 215460 | Total Reward: -100579.26953013994|
| Episode: 496 | Epsilon:  0.10 | Reward: -156.81010443433297 | Average Reward: -211.242 | Steps: 215591 | Total Reward: -100736.07963457429|
| Episode: 497 | Epsilon:  0.10 | Reward: 8.327175950077162 | Average Reward: -210.058 | Steps: 215786 | Total Reward: -100727.75245862416|
| Episode: 498 | Epsilon:  0.10 | Reward: -235.14469263420025 | Average Reward: -210.822 | Steps: 216004 | Total Reward: -100962.89715125842|
| Episode: 499 | Epsilon:  0.10 | Reward: -211.62638215667397 | Average Reward: -208.942 | Steps: 216084 | Total Reward: -101174.52353341505|
| Episode: 500 | Epsilon:  0.10 | Reward: -64.93564049617768 | Average Reward: -208.198 | Steps: 216374 | Total Reward: -101239.45917391116|
| Episode: 501 | Epsilon:  0.10 | Reward: -38.66733060764932 | Average Reward: -206.929 | Steps: 216469 | Total Reward: -101278.12650451876|
| Episode: 502 | Epsilon:  0.10 | Reward: -290.99026428893285 | Average Reward: -208.458 | Steps: 216660 | Total Reward: -101569.11676880771|
| Episode: 503 | Epsilon:  0.10 | Reward: -354.2725084096753 | Average Reward: -210.442 | Steps: 216864 | Total Reward: -101923.38927721747|
| Episode: 504 | Epsilon:  0.10 | Reward: -300.0547512723877 | Average Reward: -211.902 | Steps: 216975 | Total Reward: -102223.4440284899|
| Episode: 505 | Epsilon:  0.10 | Reward: -224.1991819403827 | Average Reward: -212.315 | Steps: 217098 | Total Reward: -102447.64321043035|
| Episode: 506 | Epsilon:  0.10 | Reward: -48.17717216093541 | Average Reward: -211.615 | Steps: 217278 | Total Reward: -102495.82038259128|
| Episode: 507 | Epsilon:  0.10 | Reward: -195.41437658036122 | Average Reward: -212.435 | Steps: 217385 | Total Reward: -102691.23475917161|
| Episode: 508 | Epsilon:  0.10 | Reward: -39.197566943875756 | Average Reward: -211.816 | Steps: 217495 | Total Reward: -102730.43232611548|
| Episode: 509 | Epsilon:  0.10 | Reward: -253.82059297779253 | Average Reward: -210.847 | Steps: 217609 | Total Reward: -102984.25291909321|
| Episode: 510 | Epsilon:  0.10 | Reward: -377.1854975169685 | Average Reward: -212.071 | Steps: 217925 | Total Reward: -103361.43841661012|
| Episode: 511 | Epsilon:  0.10 | Reward: -309.80690884363366 | Average Reward: -214.036 | Steps: 218171 | Total Reward: -103671.24532545374|
| Episode: 512 | Epsilon:  0.10 | Reward: -41.404542681442294 | Average Reward: -212.912 | Steps: 218434 | Total Reward: -103712.64986813524|
| Episode: 513 | Epsilon:  0.10 | Reward: -127.03752443220166 | Average Reward: -216.362 | Steps: 218698 | Total Reward: -103839.68739256743|
| Episode: 514 | Epsilon:  0.10 | Reward: -194.58919884191178 | Average Reward: -219.515 | Steps: 218933 | Total Reward: -104034.2765914094|
| Episode: 515 | Epsilon:  0.10 | Reward: -182.19304924454556 | Average Reward: -220.066 | Steps: 219051 | Total Reward: -104216.46964065397|
| Episode: 516 | Epsilon:  0.10 | Reward: -101.77107743701065 | Average Reward: -220.707 | Steps: 219338 | Total Reward: -104318.24071809095|
| Episode: 517 | Epsilon:  0.10 | Reward: -114.01475211224762 | Average Reward: -218.282 | Steps: 219602 | Total Reward: -104432.25547020328|
| Episode: 518 | Epsilon:  0.10 | Reward: -250.76326955561737 | Average Reward: -219.985 | Steps: 219856 | Total Reward: -104683.01873975885|
| Episode: 519 | Epsilon:  0.10 | Reward: -293.0415040388151 | Average Reward: -222.597 | Steps: 220056 | Total Reward: -104976.06024379753|
| Episode: 520 | Epsilon:  0.10 | Reward: -299.19513482186943 | Average Reward: -221.083 | Steps: 220239 | Total Reward: -105275.25537861939|
| Episode: 521 | Epsilon:  0.10 | Reward: -211.09331651275556 | Average Reward: -220.327 | Steps: 220367 | Total Reward: -105486.34869513207|
| Episode: 522 | Epsilon:  0.10 | Reward: -147.94757445765848 | Average Reward: -220.530 | Steps: 220592 | Total Reward: -105634.29626958982|
| Episode: 523 | Epsilon:  0.10 | Reward: -78.61959660861771 | Average Reward: -220.102 | Steps: 220808 | Total Reward: -105712.91586619859|
| Episode: 524 | Epsilon:  0.10 | Reward: -79.6725599624098 | Average Reward: -220.293 | Steps: 220920 | Total Reward: -105792.58842616098|
| Episode: 525 | Epsilon:  0.10 | Reward: -477.5821033747575 | Average Reward: -220.095 | Steps: 221000 | Total Reward: -106270.17052953577|
| Episode: 526 | Epsilon:  0.10 | Reward: -109.48280034586088 | Average Reward: -219.455 | Steps: 221166 | Total Reward: -106379.65332988165|
| Episode: 527 | Epsilon:  0.10 | Reward: -316.38589507394397 | Average Reward: -220.643 | Steps: 221356 | Total Reward: -106696.03922495562|
| Episode: 528 | Epsilon:  0.10 | Reward: -140.63714073919124 | Average Reward: -219.595 | Steps: 221689 | Total Reward: -106836.67636569485|
| Episode: 529 | Epsilon:  0.10 | Reward: -25.32744382334748 | Average Reward: -216.016 | Steps: 222413 | Total Reward: -106862.00380951812|
| Episode: 530 | Epsilon:  0.10 | Reward: 39.73967093637634 | Average Reward: -212.851 | Steps: 222639 | Total Reward: -106822.26413858183|
| Episode: 531 | Epsilon:  0.10 | Reward: -227.20580468581232 | Average Reward: -210.287 | Steps: 222902 | Total Reward: -107049.46994326766|
| Episode: 532 | Epsilon:  0.10 | Reward: 174.93626550500534 | Average Reward: -204.616 | Steps: 223859 | Total Reward: -106874.53367776267|
| Episode: 533 | Epsilon:  0.10 | Reward: -35.0880974837477 | Average Reward: -201.901 | Steps: 224138 | Total Reward: -106909.62177524641|
| Episode: 534 | Epsilon:  0.10 | Reward: -509.3064474730751 | Average Reward: -203.590 | Steps: 224452 | Total Reward: -107418.92822271936|
| Episode: 535 | Epsilon:  0.10 | Reward: 24.338638943107085 | Average Reward: -199.473 | Steps: 224636 | Total Reward: -107394.58958377627|
| Episode: 536 | Epsilon:  0.10 | Reward: -106.85353823167091 | Average Reward: -197.845 | Steps: 224744 | Total Reward: -107501.44312200791|
| Episode: 537 | Epsilon:  0.10 | Reward: -548.5241578259596 | Average Reward: -199.957 | Steps: 224967 | Total Reward: -108049.9672798339|
| Episode: 538 | Epsilon:  0.10 | Reward: -437.6935402471328 | Average Reward: -202.507 | Steps: 225161 | Total Reward: -108487.66082008102|
| Episode: 539 | Epsilon:  0.10 | Reward: -74.7884598158833 | Average Reward: -200.871 | Steps: 225434 | Total Reward: -108562.44927989696|
| Episode: 540 | Epsilon:  0.10 | Reward: 137.71198127051065 | Average Reward: -195.185 | Steps: 226434 | Total Reward: -108424.73729862653|
| Episode: 541 | Epsilon:  0.10 | Reward: -40.07856887825129 | Average Reward: -193.207 | Steps: 226610 | Total Reward: -108464.81586750476|
| Episode: 542 | Epsilon:  0.10 | Reward: -122.21645319686652 | Average Reward: -191.544 | Steps: 226682 | Total Reward: -108587.03232070156|
| Episode: 543 | Epsilon:  0.10 | Reward: -307.27586014805274 | Average Reward: -192.049 | Steps: 226810 | Total Reward: -108894.3081808497|
| Episode: 544 | Epsilon:  0.10 | Reward: -59.10429979037692 | Average Reward: -188.804 | Steps: 227064 | Total Reward: -108953.4124806401|
| Episode: 545 | Epsilon:  0.10 | Reward: -386.6027848478135 | Average Reward: -188.246 | Steps: 227171 | Total Reward: -109340.01526548793|
| Episode: 546 | Epsilon:  0.10 | Reward: -256.1613080626144 | Average Reward: -187.422 | Steps: 227440 | Total Reward: -109596.17657355052|
| Episode: 547 | Epsilon:  0.10 | Reward: 281.8539120891935 | Average Reward: -180.960 | Steps: 227927 | Total Reward: -109314.32266146132|
| Episode: 548 | Epsilon:  0.10 | Reward: 81.09484578140918 | Average Reward: -180.693 | Steps: 228927 | Total Reward: -109233.22781567983|
| Episode: 549 | Epsilon:  0.10 | Reward: 54.18412109822169 | Average Reward: -176.385 | Steps: 229927 | Total Reward: -109179.04369458169|
| Episode: 550 | Epsilon:  0.10 | Reward: -68.7609035314142 | Average Reward: -175.655 | Steps: 230004 | Total Reward: -109247.80459811304|
| Episode: 551 | Epsilon:  0.10 | Reward: -167.54353152451455 | Average Reward: -174.613 | Steps: 230199 | Total Reward: -109415.3481296375|
| Episode: 552 | Epsilon:  0.10 | Reward: -221.3218634158172 | Average Reward: -175.052 | Steps: 230286 | Total Reward: -109636.66999305335|
| Episode: 553 | Epsilon:  0.10 | Reward: -38.543160559548696 | Average Reward: -171.973 | Steps: 230466 | Total Reward: -109675.21315361293|
| Episode: 554 | Epsilon:  0.10 | Reward: -43.01372495311274 | Average Reward: -169.262 | Steps: 230661 | Total Reward: -109718.22687856603|
| Episode: 555 | Epsilon:  0.10 | Reward: -179.09349053852495 | Average Reward: -166.953 | Steps: 230747 | Total Reward: -109897.32036910453|
| Episode: 556 | Epsilon:  0.10 | Reward: -211.827916178984 | Average Reward: -166.751 | Steps: 230930 | Total Reward: -110109.14828528349|
| Episode: 557 | Epsilon:  0.10 | Reward: -201.9584258113004 | Average Reward: -166.366 | Steps: 231138 | Total Reward: -110311.10671109475|
| Episode: 558 | Epsilon:  0.10 | Reward: -22.621192663848603 | Average Reward: -162.978 | Steps: 231222 | Total Reward: -110333.72790375858|
| Episode: 559 | Epsilon:  0.10 | Reward: -37.43704148164316 | Average Reward: -160.782 | Steps: 231414 | Total Reward: -110371.16494524025|
| Episode: 560 | Epsilon:  0.10 | Reward: -219.10738340552533 | Average Reward: -161.660 | Steps: 231505 | Total Reward: -110590.27232864576|
| Episode: 561 | Epsilon:  0.10 | Reward: -343.0042337299344 | Average Reward: -162.767 | Steps: 231605 | Total Reward: -110933.27656237572|
| Episode: 562 | Epsilon:  0.10 | Reward: -345.9636466501363 | Average Reward: -164.165 | Steps: 231858 | Total Reward: -111279.2402090259|
| Episode: 563 | Epsilon:  0.10 | Reward: -87.145289798118 | Average Reward: -161.935 | Steps: 231950 | Total Reward: -111366.38549882403|
| Episode: 564 | Epsilon:  0.10 | Reward: -328.6636875584953 | Average Reward: -163.102 | Steps: 232121 | Total Reward: -111695.04918638253|
| Episode: 565 | Epsilon:  0.10 | Reward: -60.39932242641915 | Average Reward: -160.808 | Steps: 232334 | Total Reward: -111755.44850880885|
| Episode: 566 | Epsilon:  0.10 | Reward: -197.15528405152 | Average Reward: -159.807 | Steps: 232598 | Total Reward: -111952.6037928604|
| Episode: 567 | Epsilon:  0.10 | Reward: -48.65422681362581 | Average Reward: -157.193 | Steps: 232766 | Total Reward: -112001.25801967405|
| Episode: 568 | Epsilon:  0.10 | Reward: -244.65336750784505 | Average Reward: -159.301 | Steps: 233027 | Total Reward: -112245.91138718197|
| Episode: 569 | Epsilon:  0.10 | Reward: -216.86453712584492 | Average Reward: -159.411 | Steps: 233173 | Total Reward: -112462.77592430786|
| Episode: 570 | Epsilon:  0.10 | Reward: -198.83092100313888 | Average Reward: -158.550 | Steps: 233423 | Total Reward: -112661.606845311|
| Episode: 571 | Epsilon:  0.10 | Reward: -62.84247788009878 | Average Reward: -158.473 | Steps: 233636 | Total Reward: -112724.44932319118|
| Episode: 572 | Epsilon:  0.10 | Reward: -190.5227641991027 | Average Reward: -159.514 | Steps: 233955 | Total Reward: -112914.97208739028|
| Episode: 573 | Epsilon:  0.10 | Reward: -335.23572867350003 | Average Reward: -162.473 | Steps: 234197 | Total Reward: -113250.20781606375|
| Episode: 574 | Epsilon:  0.10 | Reward: -53.126996873746094 | Average Reward: -160.593 | Steps: 234402 | Total Reward: -113303.33481293752|
| Episode: 575 | Epsilon:  0.10 | Reward: -247.31187837878218 | Average Reward: -160.530 | Steps: 234525 | Total Reward: -113550.64669131635|
| Episode: 576 | Epsilon:  0.10 | Reward: 265.6162024721992 | Average Reward: -155.275 | Steps: 235133 | Total Reward: -113285.03048884403|
| Episode: 577 | Epsilon:  0.10 | Reward: -309.5056112884416 | Average Reward: -154.349 | Steps: 235317 | Total Reward: -113594.53610013243|
| Episode: 578 | Epsilon:  0.10 | Reward: -146.28659495633173 | Average Reward: -155.532 | Steps: 235419 | Total Reward: -113740.82269508867|
| Episode: 579 | Epsilon:  0.10 | Reward: -28.248358017403817 | Average Reward: -153.546 | Steps: 235587 | Total Reward: -113769.07105310613|
| Episode: 580 | Epsilon:  0.10 | Reward: -53.8845514150424 | Average Reward: -152.475 | Steps: 235678 | Total Reward: -113822.95560452115|
| Episode: 581 | Epsilon:  0.10 | Reward: -344.2385144847552 | Average Reward: -155.397 | Steps: 235877 | Total Reward: -114167.19411900596|
| Episode: 582 | Epsilon:  0.10 | Reward: -88.73526732605687 | Average Reward: -153.815 | Steps: 236062 | Total Reward: -114255.92938633209|
| Episode: 583 | Epsilon:  0.10 | Reward: -58.583485282029926 | Average Reward: -153.494 | Steps: 236273 | Total Reward: -114314.5128716141|
| Episode: 584 | Epsilon:  0.10 | Reward: -334.9328904422199 | Average Reward: -156.168 | Steps: 236470 | Total Reward: -114649.44576205636|
| Episode: 585 | Epsilon:  0.10 | Reward: -274.6313601763701 | Average Reward: -158.836 | Steps: 236680 | Total Reward: -114924.07712223269|
| Episode: 586 | Epsilon:  0.10 | Reward: -254.39476120825623 | Average Reward: -160.613 | Steps: 236792 | Total Reward: -115178.47188344094|
| Episode: 587 | Epsilon:  0.10 | Reward: -102.21402183021502 | Average Reward: -159.696 | Steps: 237040 | Total Reward: -115280.68590527122|
| Episode: 588 | Epsilon:  0.10 | Reward: -267.7152327211402 | Average Reward: -161.668 | Steps: 237227 | Total Reward: -115548.40113799239|
| Episode: 589 | Epsilon:  0.10 | Reward: -127.79305987079555 | Average Reward: -162.572 | Steps: 237337 | Total Reward: -115676.19419786312|
| Episode: 590 | Epsilon:  0.10 | Reward: -165.78325447283305 | Average Reward: -160.482 | Steps: 237429 | Total Reward: -115841.97745233591|
| Episode: 591 | Epsilon:  0.10 | Reward: -43.185252905720745 | Average Reward: -159.027 | Steps: 237701 | Total Reward: -115885.16270524159|
| Episode: 592 | Epsilon:  0.10 | Reward: -194.67071655043063 | Average Reward: -159.353 | Steps: 237915 | Total Reward: -116079.83342179211|
| Episode: 593 | Epsilon:  0.10 | Reward: -72.00209886894429 | Average Reward: -157.574 | Steps: 238116 | Total Reward: -116151.83552066117|
| Episode: 594 | Epsilon:  0.10 | Reward: -112.08019707468334 | Average Reward: -158.892 | Steps: 238314 | Total Reward: -116263.91571773576|
| Episode: 595 | Epsilon:  0.10 | Reward: -74.4682712103457 | Average Reward: -157.591 | Steps: 238515 | Total Reward: -116338.38398894615|
| Episode: 596 | Epsilon:  0.10 | Reward: -63.07618489655697 | Average Reward: -156.654 | Steps: 238676 | Total Reward: -116401.46017384276|
| Episode: 597 | Epsilon:  0.10 | Reward: 48.91250727202407 | Average Reward: -156.248 | Steps: 238767 | Total Reward: -116352.54766657074|
| Episode: 598 | Epsilon:  0.10 | Reward: -61.99257413888521 | Average Reward: -154.516 | Steps: 238994 | Total Reward: -116414.54024070955|
| Episode: 599 | Epsilon:  0.10 | Reward: -112.95282299206391 | Average Reward: -153.530 | Steps: 239092 | Total Reward: -116527.49306370155|
| Episode: 600 | Epsilon:  0.10 | Reward: -188.40460521558836 | Average Reward: -154.764 | Steps: 239267 | Total Reward: -116715.89766891718|
| Episode: 601 | Epsilon:  0.10 | Reward: -264.8829117901612 | Average Reward: -157.027 | Steps: 239394 | Total Reward: -116980.78058070735|
| Episode: 602 | Epsilon:  0.10 | Reward: -190.65061667000103 | Average Reward: -156.023 | Steps: 239510 | Total Reward: -117171.4311973773|
| Episode: 603 | Epsilon:  0.10 | Reward: -158.21574266038402 | Average Reward: -154.063 | Steps: 239601 | Total Reward: -117329.64694003765|
| Episode: 604 | Epsilon:  0.10 | Reward: -229.73106046366868 | Average Reward: -153.359 | Steps: 239851 | Total Reward: -117559.37800050124|
| Episode: 605 | Epsilon:  0.10 | Reward: -93.37018780584971 | Average Reward: -152.051 | Steps: 239956 | Total Reward: -117652.74818830707|
| Episode: 606 | Epsilon:  0.10 | Reward: -274.3506648967084 | Average Reward: -154.313 | Steps: 240152 | Total Reward: -117927.09885320361|
| Episode: 607 | Epsilon:  0.10 | Reward: -216.6804330169194 | Average Reward: -154.525 | Steps: 240441 | Total Reward: -118143.77928622051|
| Episode: 608 | Epsilon:  0.10 | Reward: -181.82063800286932 | Average Reward: -155.952 | Steps: 240533 | Total Reward: -118325.59992422337|
| Episode: 609 | Epsilon:  0.10 | Reward: -342.4020193306081 | Average Reward: -156.837 | Steps: 240618 | Total Reward: -118668.00194355394|
| Episode: 610 | Epsilon:  0.10 | Reward: -72.94289480159372 | Average Reward: -153.795 | Steps: 240929 | Total Reward: -118740.9448383554|
| Episode: 611 | Epsilon:  0.10 | Reward: -119.13910165202458 | Average Reward: -151.888 | Steps: 241281 | Total Reward: -118860.08394000736|
| Episode: 612 | Epsilon:  0.10 | Reward: -361.7326427604214 | Average Reward: -155.092 | Steps: 241398 | Total Reward: -119221.81658276776|
| Episode: 613 | Epsilon:  0.10 | Reward: -69.84613175408116 | Average Reward: -154.520 | Steps: 241664 | Total Reward: -119291.66271452181|
| Episode: 614 | Epsilon:  0.10 | Reward: -40.273964430767506 | Average Reward: -152.977 | Steps: 241939 | Total Reward: -119331.9366789526|
| Episode: 615 | Epsilon:  0.10 | Reward: -87.99397502469746 | Average Reward: -152.035 | Steps: 242183 | Total Reward: -119419.93065397743|
| Episode: 616 | Epsilon:  0.10 | Reward: -129.80109349582244 | Average Reward: -152.315 | Steps: 242305 | Total Reward: -119549.73174747328|
| Episode: 617 | Epsilon:  0.10 | Reward: -48.50010606178266 | Average Reward: -151.660 | Steps: 242388 | Total Reward: -119598.23185353512|
| Episode: 618 | Epsilon:  0.10 | Reward: -279.07899945502936 | Average Reward: -151.943 | Steps: 242610 | Total Reward: -119877.31085299021|
| Episode: 619 | Epsilon:  0.10 | Reward: -366.2403569099056 | Average Reward: -152.675 | Steps: 242801 | Total Reward: -120243.55120990009|
| Episode: 620 | Epsilon:  0.10 | Reward: -260.51855266175716 | Average Reward: -152.288 | Steps: 242994 | Total Reward: -120504.06976256186|
| Episode: 621 | Epsilon:  0.10 | Reward: -75.23194932963143 | Average Reward: -150.930 | Steps: 243111 | Total Reward: -120579.30171189147|
| Episode: 622 | Epsilon:  0.10 | Reward: -142.5157282742369 | Average Reward: -150.875 | Steps: 243330 | Total Reward: -120721.81744016573|
| Episode: 623 | Epsilon:  0.10 | Reward: -374.4383699479442 | Average Reward: -153.833 | Steps: 243506 | Total Reward: -121096.25581011365|
| Episode: 624 | Epsilon:  0.10 | Reward: -215.20361736646186 | Average Reward: -155.189 | Steps: 243584 | Total Reward: -121311.45942748015|
| Episode: 625 | Epsilon:  0.10 | Reward: -222.3331777999427 | Average Reward: -152.636 | Steps: 243787 | Total Reward: -121533.79260528003|
| Episode: 626 | Epsilon:  0.10 | Reward: -112.00699760509963 | Average Reward: -152.661 | Steps: 244107 | Total Reward: -121645.79960288513|
| Episode: 627 | Epsilon:  0.10 | Reward: -270.8684839362811 | Average Reward: -152.206 | Steps: 244354 | Total Reward: -121916.6680868214|
| Episode: 628 | Epsilon:  0.10 | Reward: -227.07582223822246 | Average Reward: -153.071 | Steps: 244614 | Total Reward: -122143.74390905954|
| Episode: 629 | Epsilon:  0.10 | Reward: -262.60194967381625 | Average Reward: -155.443 | Steps: 244810 | Total Reward: -122406.34585873332|
| Episode: 630 | Epsilon:  0.10 | Reward: -95.15584650894971 | Average Reward: -156.792 | Steps: 244902 | Total Reward: -122501.50170524229|
| Episode: 631 | Epsilon:  0.10 | Reward: -530.9191290872093 | Average Reward: -159.830 | Steps: 245068 | Total Reward: -123032.42083432949|
| Episode: 632 | Epsilon:  0.10 | Reward: -85.66978628518729 | Average Reward: -162.436 | Steps: 245270 | Total Reward: -123118.09062061482|
| Episode: 633 | Epsilon:  0.10 | Reward: -140.64027621287255 | Average Reward: -163.491 | Steps: 245522 | Total Reward: -123258.73089682769|
| Episode: 634 | Epsilon:  0.10 | Reward: -40.857472555524296 | Average Reward: -158.807 | Steps: 245631 | Total Reward: -123299.5883693833|
| Episode: 635 | Epsilon:  0.10 | Reward: -65.96302534576316 | Average Reward: -159.710 | Steps: 245865 | Total Reward: -123365.55139472903|
| Episode: 636 | Epsilon:  0.10 | Reward: -152.37178023191967 | Average Reward: -160.165 | Steps: 246014 | Total Reward: -123517.92317496095|
| Episode: 637 | Epsilon:  0.10 | Reward: -105.99073028653952 | Average Reward: -155.739 | Steps: 246332 | Total Reward: -123623.91390524751|
| Episode: 638 | Epsilon:  0.10 | Reward: -201.05067444431285 | Average Reward: -153.373 | Steps: 246474 | Total Reward: -123824.96457969182|
| Episode: 639 | Epsilon:  0.10 | Reward: -63.42531460348532 | Average Reward: -153.259 | Steps: 246625 | Total Reward: -123888.38989429534|
| Episode: 640 | Epsilon:  0.10 | Reward: -90.2836012622068 | Average Reward: -155.539 | Steps: 246833 | Total Reward: -123978.6734955575|
| Episode: 641 | Epsilon:  0.10 | Reward: -461.4829421726477 | Average Reward: -159.753 | Steps: 247132 | Total Reward: -124440.15643773023|
| Episode: 642 | Epsilon:  0.10 | Reward: -163.56138615929194 | Average Reward: -160.167 | Steps: 247315 | Total Reward: -124603.71782388953|
| Episode: 643 | Epsilon:  0.10 | Reward: -81.80199589694615 | Average Reward: -157.912 | Steps: 247545 | Total Reward: -124685.5198197866|
| Episode: 644 | Epsilon:  0.10 | Reward: -223.49563909987256 | Average Reward: -159.556 | Steps: 247624 | Total Reward: -124909.01545888647|
| Episode: 645 | Epsilon:  0.10 | Reward: -124.86016414179068 | Average Reward: -156.939 | Steps: 247708 | Total Reward: -125033.87562302826|
| Episode: 646 | Epsilon:  0.10 | Reward: -186.86812872501116 | Average Reward: -156.246 | Steps: 247823 | Total Reward: -125220.74375175334|
| Episode: 647 | Epsilon:  0.10 | Reward: -258.91298708993776 | Average Reward: -161.653 | Steps: 247943 | Total Reward: -125479.65673884329|
