+------------------------+----------------------------+--------------------+
|                        |     Supported Features     |  Program Commands  |
+========================+============================+====================+
| Compatible Layers      | Hopfield Layer,            | hopfield,          |
|                        | HopfieldLayer Layer,       | hopfield_layer,    |
|                        | HopfieldPooling Layer,     | hopfield_pooling,  |
|                        | LSTM,                      | lstm,              |
|                        | GRU                        | gru                |
+------------------------+----------------------------+--------------------+
| Supported Loss Metrics | Huber Loss,                | huber,             |
|                        | Mean Absolute Error Loss,  | mae,               |
|                        | Mean Squared Error Loss,   | mse,               |
|                        | SmoothL1 Loss              | smooth_l1          |
+------------------------+----------------------------+--------------------+
| Supported Optimizers   | RMSprop (default),         | rmsprop,           |
|                        | AdamW,                     | adam,              |
|                        | Adam                       | adamW              |
+------------------------+----------------------------+--------------------+
+------------------------------+---------+
|          Parameter           |  Value  |
+==============================+=========+
| Loss Metric:                 | huber   |
+------------------------------+---------+
| Sequence Length:             | 50      |
+------------------------------+---------+
| Learning Rate:               | 0.001   |
+------------------------------+---------+
| Update Target Steps:         | 1000    |
+------------------------------+---------+
| Optimizer:                   | rmsprop |
+------------------------------+---------+
| Hopfield Inverse Temperature | 0.100   |
+------------------------------+---------+
| Big or Small Loss            | yes     |
+------------------------------+---------+
| Soft or Hard Update          | soft    |
+------------------------------+---------+
| Polyak Factor                | 0.500   |
+------------------------------+---------+
| Episode:   1 | Epsilon:  0.90 | Reward: -16.689944614336653 | Average Reward: -16.690 | Steps:    99 | Total Reward: -16.689944614336653|
| Episode:   2 | Epsilon:  0.86 | Reward: -213.11360393488607 | Average Reward: -114.902 | Steps:   202 | Total Reward: -229.80354854922277|
| Episode:   3 | Epsilon:  0.82 | Reward: -349.26221590310104 | Average Reward: -193.022 | Steps:   287 | Total Reward: -579.0657644523228|
| Episode:   4 | Epsilon:  0.79 | Reward: -142.97870248412727 | Average Reward: -180.511 | Steps:   400 | Total Reward: -722.044466936449|
| Episode:   5 | Epsilon:  0.75 | Reward: -117.41907168078407 | Average Reward: -167.893 | Steps:   462 | Total Reward: -839.4635386172326|
| Episode:   6 | Epsilon:  0.72 | Reward: -429.351314656057 | Average Reward: -211.469 | Steps:   541 | Total Reward: -1268.8148532732894|
| Episode:   7 | Epsilon:  0.69 | Reward: -388.0233267563086 | Average Reward: -236.691 | Steps:   616 | Total Reward: -1656.8381800295977|
| Episode:   8 | Epsilon:  0.66 | Reward: -587.5775870870373 | Average Reward: -280.552 | Steps:   709 | Total Reward: -2244.415767116634|
| Episode:   9 | Epsilon:  0.64 | Reward: -419.66974935220514 | Average Reward: -296.010 | Steps:   790 | Total Reward: -2664.08551646884|
| Episode:  10 | Epsilon:  0.61 | Reward: -299.29705521250736 | Average Reward: -296.338 | Steps:   870 | Total Reward: -2963.3825716813453|
| Episode:  11 | Epsilon:  0.59 | Reward: -271.4303482623182 | Average Reward: -294.074 | Steps:   941 | Total Reward: -3234.812919943665|
| Episode:  12 | Epsilon:  0.56 | Reward: -406.368605361829 | Average Reward: -303.432 | Steps:  1007 | Total Reward: -3641.1815253054942|
| Episode:  13 | Epsilon:  0.54 | Reward: -373.082014658865 | Average Reward: -308.790 | Steps:  1073 | Total Reward: -4014.263539964359|
| Episode:  14 | Epsilon:  0.52 | Reward: -391.1122219408989 | Average Reward: -314.670 | Steps:  1136 | Total Reward: -4405.3757619052585|
| Episode:  15 | Epsilon:  0.50 | Reward: -502.19594452359195 | Average Reward: -327.171 | Steps:  1214 | Total Reward: -4907.571706428853|
| Episode:  16 | Epsilon:  0.48 | Reward: -271.4903192045523 | Average Reward: -323.691 | Steps:  1269 | Total Reward: -5179.062025633403|
| Episode:  17 | Epsilon:  0.46 | Reward: -431.5612289609157 | Average Reward: -330.037 | Steps:  1350 | Total Reward: -5610.623254594321|
| Episode:  18 | Epsilon:  0.44 | Reward: -246.25799028456402 | Average Reward: -325.382 | Steps:  1408 | Total Reward: -5856.881244878883|
| Episode:  19 | Epsilon:  0.43 | Reward: -367.85819410258125 | Average Reward: -327.618 | Steps:  1466 | Total Reward: -6224.739438981464|
| Episode:  20 | Epsilon:  0.41 | Reward: -407.3914196512738 | Average Reward: -331.607 | Steps:  1546 | Total Reward: -6632.130858632739|
| Episode:  21 | Epsilon:  0.39 | Reward: -415.08812502374644 | Average Reward: -335.582 | Steps:  1620 | Total Reward: -7047.218983656484|
| Episode:  22 | Epsilon:  0.38 | Reward: -585.6925857434089 | Average Reward: -346.951 | Steps:  1688 | Total Reward: -7632.911569399894|
| Episode:  23 | Epsilon:  0.37 | Reward: -486.44280042903546 | Average Reward: -353.015 | Steps:  1763 | Total Reward: -8119.3543698289295|
| Episode:  24 | Epsilon:  0.35 | Reward: -352.19649258689265 | Average Reward: -352.981 | Steps:  1818 | Total Reward: -8471.550862415823|
| Episode:  25 | Epsilon:  0.34 | Reward: -511.44334520521693 | Average Reward: -359.320 | Steps:  1900 | Total Reward: -8982.994207621035|
| Episode:  26 | Epsilon:  0.33 | Reward: -310.0649169924504 | Average Reward: -357.425 | Steps:  1962 | Total Reward: -9293.05912461349|
| Episode:  27 | Epsilon:  0.32 | Reward: -357.64992094263545 | Average Reward: -357.434 | Steps:  2049 | Total Reward: -9650.709045556127|
| Episode:  28 | Epsilon:  0.31 | Reward: -336.10226334692527 | Average Reward: -356.672 | Steps:  2178 | Total Reward: -9986.811308903054|
| Episode:  29 | Epsilon:  0.30 | Reward: -1159.4025616571112 | Average Reward: -384.352 | Steps:  2477 | Total Reward: -11146.213870560181|
| Episode:  30 | Epsilon:  0.29 | Reward: -563.6383294922591 | Average Reward: -390.328 | Steps:  2548 | Total Reward: -11709.852200052435|
| Episode:  31 | Epsilon:  0.28 | Reward: -124.16148120280323 | Average Reward: -381.742 | Steps:  2602 | Total Reward: -11834.013681255237|
| Episode:  32 | Epsilon:  0.27 | Reward: -189.73023799613006 | Average Reward: -375.742 | Steps:  2685 | Total Reward: -12023.743919251365|
| Episode:  33 | Epsilon:  0.26 | Reward: -131.98259852837373 | Average Reward: -368.355 | Steps:  2777 | Total Reward: -12155.726517779742|
| Episode:  34 | Epsilon:  0.25 | Reward: -137.17580344186044 | Average Reward: -361.556 | Steps:  2870 | Total Reward: -12292.902321221603|
| Episode:  35 | Epsilon:  0.25 | Reward: -104.65331338997241 | Average Reward: -354.216 | Steps:  2924 | Total Reward: -12397.555634611575|
| Episode:  36 | Epsilon:  0.24 | Reward: -181.21600816406317 | Average Reward: -349.410 | Steps:  3011 | Total Reward: -12578.771642775639|
| Episode:  37 | Epsilon:  0.23 | Reward: -139.64433318756613 | Average Reward: -343.741 | Steps:  3079 | Total Reward: -12718.4159759632|
| Episode:  38 | Epsilon:  0.23 | Reward: -146.33584088664506 | Average Reward: -338.546 | Steps:  3150 | Total Reward: -12864.751816849848|
| Episode:  39 | Epsilon:  0.22 | Reward: -130.97022698969445 | Average Reward: -333.224 | Steps:  3219 | Total Reward: -12995.72204383954|
| Episode:  40 | Epsilon:  0.21 | Reward: -72.03964695007389 | Average Reward: -326.694 | Steps:  3332 | Total Reward: -13067.76169078961|
| Episode:  41 | Epsilon:  0.21 | Reward: -68.43911610384367 | Average Reward: -320.395 | Steps:  3422 | Total Reward: -13136.200806893446|
| Episode:  42 | Epsilon:  0.20 | Reward: -194.3677188690446 | Average Reward: -317.394 | Steps:  3499 | Total Reward: -13330.568525762495|
| Episode:  43 | Epsilon:  0.20 | Reward: -97.59915564200392 | Average Reward: -312.283 | Steps:  3629 | Total Reward: -13428.167681404486|
| Episode:  44 | Epsilon:  0.19 | Reward: -284.2917673194742 | Average Reward: -311.647 | Steps:  3764 | Total Reward: -13712.459448723957|
| Episode:  45 | Epsilon:  0.19 | Reward: -307.95188524641605 | Average Reward: -311.565 | Steps:  3963 | Total Reward: -14020.411333970369|
| Episode:  46 | Epsilon:  0.18 | Reward: -298.85056604800616 | Average Reward: -311.288 | Steps:  4046 | Total Reward: -14319.26190001837|
| Episode:  47 | Epsilon:  0.18 | Reward: -288.6174633358944 | Average Reward: -310.806 | Steps:  4133 | Total Reward: -14607.879363354257|
| Episode:  48 | Epsilon:  0.18 | Reward: -386.01657549315104 | Average Reward: -312.373 | Steps:  4240 | Total Reward: -14993.89593884741|
| Episode:  49 | Epsilon:  0.17 | Reward: -323.71216136302945 | Average Reward: -312.604 | Steps:  4334 | Total Reward: -15317.608100210437|
| Episode:  50 | Epsilon:  0.17 | Reward: -302.2836021186703 | Average Reward: -312.398 | Steps:  4505 | Total Reward: -15619.891702329109|
| Episode:  51 | Epsilon:  0.17 | Reward: -175.23183973616645 | Average Reward: -309.708 | Steps:  4623 | Total Reward: -15795.123542065267|
| Episode:  52 | Epsilon:  0.16 | Reward: -305.8079326161437 | Average Reward: -309.633 | Steps:  4757 | Total Reward: -16100.9314746814|
| Episode:  53 | Epsilon:  0.16 | Reward: -283.22395205611974 | Average Reward: -309.135 | Steps:  4873 | Total Reward: -16384.155426737518|
| Episode:  54 | Epsilon:  0.16 | Reward: -267.84990169468676 | Average Reward: -308.370 | Steps:  4974 | Total Reward: -16652.005328432206|
| Episode:  55 | Epsilon:  0.15 | Reward: -427.6095108674397 | Average Reward: -310.538 | Steps:  5104 | Total Reward: -17079.614839299626|
| Episode:  56 | Epsilon:  0.15 | Reward: -110.96526939344469 | Average Reward: -306.975 | Steps:  5195 | Total Reward: -17190.58010869308|
| Episode:  57 | Epsilon:  0.15 | Reward: -82.45897265084545 | Average Reward: -303.036 | Steps:  5343 | Total Reward: -17273.039081343923|
| Episode:  58 | Epsilon:  0.15 | Reward: -197.95059839546292 | Average Reward: -301.224 | Steps:  5420 | Total Reward: -17470.989679739385|
| Episode:  59 | Epsilon:  0.14 | Reward: -127.48531893346237 | Average Reward: -298.279 | Steps:  5525 | Total Reward: -17598.474998672857|
| Episode:  60 | Epsilon:  0.14 | Reward: -244.04110334013288 | Average Reward: -297.375 | Steps:  5614 | Total Reward: -17842.516102013|
| Episode:  61 | Epsilon:  0.14 | Reward: -148.26451134903763 | Average Reward: -294.931 | Steps:  5749 | Total Reward: -17990.78061336205|
| Episode:  62 | Epsilon:  0.14 | Reward: -148.58256680302017 | Average Reward: -292.570 | Steps:  5875 | Total Reward: -18139.363180165088|
| Episode:  63 | Epsilon:  0.14 | Reward: -600.9249872868145 | Average Reward: -297.465 | Steps:  6111 | Total Reward: -18740.288167451887|
| Episode:  64 | Epsilon:  0.13 | Reward: -353.7081572126366 | Average Reward: -298.344 | Steps:  6244 | Total Reward: -19093.996324664506|
| Episode:  65 | Epsilon:  0.13 | Reward: -267.8705340650352 | Average Reward: -297.875 | Steps:  6398 | Total Reward: -19361.86685872953|
| Episode:  66 | Epsilon:  0.13 | Reward: -423.43699003469777 | Average Reward: -299.777 | Steps:  6632 | Total Reward: -19785.303848764215|
| Episode:  67 | Epsilon:  0.13 | Reward: -238.31909167374022 | Average Reward: -298.860 | Steps:  6789 | Total Reward: -20023.622940437974|
| Episode:  68 | Epsilon:  0.13 | Reward: -397.3311364722315 | Average Reward: -300.308 | Steps:  6893 | Total Reward: -20420.954076910188|
| Episode:  69 | Epsilon:  0.13 | Reward: -295.1301259248297 | Average Reward: -300.233 | Steps:  7020 | Total Reward: -20716.084202835023|
| Episode:  70 | Epsilon:  0.13 | Reward: -183.04062345138433 | Average Reward: -298.559 | Steps:  7126 | Total Reward: -20899.124826286403|
| Episode:  71 | Epsilon:  0.12 | Reward: -592.1653033564844 | Average Reward: -302.694 | Steps:  7315 | Total Reward: -21491.29012964287|
| Episode:  72 | Epsilon:  0.12 | Reward: -302.2825046440179 | Average Reward: -302.689 | Steps:  7473 | Total Reward: -21793.57263428692|
| Episode:  73 | Epsilon:  0.12 | Reward: -228.87266814234786 | Average Reward: -301.677 | Steps:  7586 | Total Reward: -22022.445302429285|
| Episode:  74 | Epsilon:  0.12 | Reward: -410.10501654367954 | Average Reward: -303.143 | Steps:  7768 | Total Reward: -22432.550318972975|
| Episode:  75 | Epsilon:  0.12 | Reward: -144.73113749044688 | Average Reward: -301.030 | Steps:  7829 | Total Reward: -22577.281456463417|
| Episode:  76 | Epsilon:  0.12 | Reward: -358.37881359298996 | Average Reward: -301.785 | Steps:  8043 | Total Reward: -22935.660270056414|
| Episode:  77 | Epsilon:  0.12 | Reward: -226.44299818723385 | Average Reward: -300.807 | Steps:  8181 | Total Reward: -23162.10326824362|
| Episode:  78 | Epsilon:  0.12 | Reward: -187.10125217033584 | Average Reward: -299.349 | Steps:  8345 | Total Reward: -23349.20452041394|
| Episode:  79 | Epsilon:  0.12 | Reward: -80.23283711605 | Average Reward: -296.575 | Steps:  8451 | Total Reward: -23429.43735752998|
| Episode:  80 | Epsilon:  0.12 | Reward: -323.97901083295767 | Average Reward: -296.918 | Steps:  8554 | Total Reward: -23753.416368362934|
| Episode:  81 | Epsilon:  0.11 | Reward: -210.49796428485752 | Average Reward: -295.851 | Steps:  8752 | Total Reward: -23963.914332647793|
| Episode:  82 | Epsilon:  0.11 | Reward: -112.71986902569765 | Average Reward: -293.617 | Steps:  9018 | Total Reward: -24076.634201673518|
| Episode:  83 | Epsilon:  0.11 | Reward: -281.0778299963637 | Average Reward: -293.466 | Steps:  9189 | Total Reward: -24357.712031669875|
| Episode:  84 | Epsilon:  0.11 | Reward: -507.8318962655771 | Average Reward: -296.018 | Steps:  9411 | Total Reward: -24865.543927935465|
| Episode:  85 | Epsilon:  0.11 | Reward: -304.3135843940125 | Average Reward: -296.116 | Steps:  9582 | Total Reward: -25169.857512329454|
| Episode:  86 | Epsilon:  0.11 | Reward: -245.47489848643164 | Average Reward: -295.527 | Steps:  9723 | Total Reward: -25415.332410815878|
| Episode:  87 | Epsilon:  0.11 | Reward: -232.47211863656406 | Average Reward: -294.802 | Steps:  9783 | Total Reward: -25647.804529452445|
| Episode:  88 | Epsilon:  0.11 | Reward: -265.4312477140538 | Average Reward: -294.469 | Steps:  9980 | Total Reward: -25913.235777166505|
| Episode:  89 | Epsilon:  0.11 | Reward: -116.1344855978887 | Average Reward: -292.465 | Steps: 10122 | Total Reward: -26029.370262764412|
| Episode:  90 | Epsilon:  0.11 | Reward: -276.3475659698215 | Average Reward: -292.286 | Steps: 10260 | Total Reward: -26305.71782873426|
| Episode:  91 | Epsilon:  0.11 | Reward: -593.3839338801129 | Average Reward: -295.595 | Steps: 10479 | Total Reward: -26899.101762614366|
| Episode:  92 | Epsilon:  0.11 | Reward: -417.45982643370667 | Average Reward: -296.919 | Steps: 10565 | Total Reward: -27316.56158904807|
| Episode:  93 | Epsilon:  0.11 | Reward: -249.27525150888317 | Average Reward: -296.407 | Steps: 10687 | Total Reward: -27565.836840556964|
| Episode:  94 | Epsilon:  0.11 | Reward: -227.49335507328644 | Average Reward: -295.674 | Steps: 10793 | Total Reward: -27793.330195630253|
| Episode:  95 | Epsilon:  0.11 | Reward: -293.7285405209034 | Average Reward: -295.653 | Steps: 10907 | Total Reward: -28087.058736151153|
| Episode:  96 | Epsilon:  0.11 | Reward: -361.75333180059664 | Average Reward: -296.342 | Steps: 10998 | Total Reward: -28448.812067951738|
| Episode:  97 | Epsilon:  0.11 | Reward: -216.37338384373675 | Average Reward: -295.517 | Steps: 11144 | Total Reward: -28665.185451795467|
| Episode:  98 | Epsilon:  0.11 | Reward: -42.061065651487866 | Average Reward: -292.931 | Steps: 11271 | Total Reward: -28707.24651744696|
| Episode:  99 | Epsilon:  0.11 | Reward: -184.19942624675332 | Average Reward: -291.833 | Steps: 11530 | Total Reward: -28891.44594369369|
| Episode: 100 | Epsilon:  0.11 | Reward: -241.7004360458447 | Average Reward: -291.331 | Steps: 11685 | Total Reward: -29133.146379739544|
| Episode: 101 | Epsilon:  0.11 | Reward: -281.9868673508875 | Average Reward: -293.984 | Steps: 11849 | Total Reward: -29415.13324709043|
| Episode: 102 | Epsilon:  0.11 | Reward: -362.6436604235374 | Average Reward: -295.480 | Steps: 11967 | Total Reward: -29777.77690751397|
| Episode: 103 | Epsilon:  0.10 | Reward: -287.3236076228493 | Average Reward: -294.860 | Steps: 12081 | Total Reward: -30065.10051513682|
| Episode: 104 | Epsilon:  0.10 | Reward: -257.2138024440243 | Average Reward: -296.003 | Steps: 12180 | Total Reward: -30322.314317580836|
| Episode: 105 | Epsilon:  0.10 | Reward: -283.32498482082053 | Average Reward: -297.662 | Steps: 12295 | Total Reward: -30605.63930240166|
| Episode: 106 | Epsilon:  0.10 | Reward: -254.1984151791407 | Average Reward: -295.910 | Steps: 12412 | Total Reward: -30859.837717580765|
| Episode: 107 | Epsilon:  0.10 | Reward: -260.69008677517525 | Average Reward: -294.637 | Steps: 12554 | Total Reward: -31120.52780435595|
| Episode: 108 | Epsilon:  0.10 | Reward: -251.80853111237133 | Average Reward: -291.279 | Steps: 12762 | Total Reward: -31372.336335468353|
| Episode: 109 | Epsilon:  0.10 | Reward: -319.826235762457 | Average Reward: -290.281 | Steps: 12886 | Total Reward: -31692.16257123081|
| Episode: 110 | Epsilon:  0.10 | Reward: -364.05377705324923 | Average Reward: -290.928 | Steps: 13041 | Total Reward: -32056.21634828403|
| Episode: 111 | Epsilon:  0.10 | Reward: -342.86677296976876 | Average Reward: -291.643 | Steps: 13231 | Total Reward: -32399.0831212538|
| Episode: 112 | Epsilon:  0.10 | Reward: -266.9017094737136 | Average Reward: -290.248 | Steps: 13384 | Total Reward: -32665.984830727517|
| Episode: 113 | Epsilon:  0.10 | Reward: -136.76114821281806 | Average Reward: -287.885 | Steps: 13593 | Total Reward: -32802.745978940366|
| Episode: 114 | Epsilon:  0.10 | Reward: -78.6618809510688 | Average Reward: -284.760 | Steps: 13714 | Total Reward: -32881.40785989142|
| Episode: 115 | Epsilon:  0.10 | Reward: -170.05673057922695 | Average Reward: -281.439 | Steps: 13875 | Total Reward: -33051.464590470656|
| Episode: 116 | Epsilon:  0.10 | Reward: -301.444030009323 | Average Reward: -281.738 | Steps: 14011 | Total Reward: -33352.90862047996|
| Episode: 117 | Epsilon:  0.10 | Reward: -313.8274771980056 | Average Reward: -280.561 | Steps: 14172 | Total Reward: -33666.73609767795|
| Episode: 118 | Epsilon:  0.10 | Reward: -242.72529866219992 | Average Reward: -280.526 | Steps: 14323 | Total Reward: -33909.46139634014|
| Episode: 119 | Epsilon:  0.10 | Reward: -358.19329578529096 | Average Reward: -280.429 | Steps: 14512 | Total Reward: -34267.654692125456|
| Episode: 120 | Epsilon:  0.10 | Reward: -339.0109713221335 | Average Reward: -279.745 | Steps: 14685 | Total Reward: -34606.66566344765|
| Episode: 121 | Epsilon:  0.10 | Reward: -193.8613666209414 | Average Reward: -277.533 | Steps: 14788 | Total Reward: -34800.527030068566|
| Episode: 122 | Epsilon:  0.10 | Reward: -299.04127571650906 | Average Reward: -274.667 | Steps: 14883 | Total Reward: -35099.56830578508|
| Episode: 123 | Epsilon:  0.10 | Reward: -197.9332917728227 | Average Reward: -271.781 | Steps: 14999 | Total Reward: -35297.50159755789|
| Episode: 124 | Epsilon:  0.10 | Reward: -316.18761615257284 | Average Reward: -271.421 | Steps: 15466 | Total Reward: -35613.68921371043|
| Episode: 125 | Epsilon:  0.10 | Reward: -184.46628902683167 | Average Reward: -268.152 | Steps: 15553 | Total Reward: -35798.15550273728|
| Episode: 126 | Epsilon:  0.10 | Reward: -214.78636988933272 | Average Reward: -267.199 | Steps: 15661 | Total Reward: -36012.94187262663|
| Episode: 127 | Epsilon:  0.10 | Reward: -354.72586526629254 | Average Reward: -267.170 | Steps: 15781 | Total Reward: -36367.66773789292|
| Episode: 128 | Epsilon:  0.10 | Reward: -218.81724736221253 | Average Reward: -265.997 | Steps: 15982 | Total Reward: -36586.48498525512|
| Episode: 129 | Epsilon:  0.10 | Reward: -277.9871858077241 | Average Reward: -257.183 | Steps: 16123 | Total Reward: -36864.47217106283|
| Episode: 130 | Epsilon:  0.10 | Reward: -113.5864682165339 | Average Reward: -252.682 | Steps: 16228 | Total Reward: -36978.058639279385|
| Episode: 131 | Epsilon:  0.10 | Reward: -271.18227116491505 | Average Reward: -254.152 | Steps: 16396 | Total Reward: -37249.24091044427|
| Episode: 132 | Epsilon:  0.10 | Reward: -145.22074948753885 | Average Reward: -253.707 | Steps: 16495 | Total Reward: -37394.46165993181|
| Episode: 133 | Epsilon:  0.10 | Reward: -151.28702664595713 | Average Reward: -253.900 | Steps: 16586 | Total Reward: -37545.74868657778|
| Episode: 134 | Epsilon:  0.10 | Reward: -108.28582647644075 | Average Reward: -253.611 | Steps: 16661 | Total Reward: -37654.03451305421|
| Episode: 135 | Epsilon:  0.10 | Reward: -211.83011378176184 | Average Reward: -254.683 | Steps: 16760 | Total Reward: -37865.864626836|
| Episode: 136 | Epsilon:  0.10 | Reward: -208.28356461169898 | Average Reward: -254.954 | Steps: 16956 | Total Reward: -38074.14819144772|
| Episode: 137 | Epsilon:  0.10 | Reward: -284.7780239049338 | Average Reward: -256.405 | Steps: 17088 | Total Reward: -38358.926215352636|
| Episode: 138 | Epsilon:  0.10 | Reward: -101.08578135271074 | Average Reward: -255.953 | Steps: 17154 | Total Reward: -38460.01199670537|
| Episode: 139 | Epsilon:  0.10 | Reward: -234.92953378890746 | Average Reward: -256.992 | Steps: 17294 | Total Reward: -38694.941530494245|
| Episode: 140 | Epsilon:  0.10 | Reward: -217.8221498337292 | Average Reward: -258.450 | Steps: 17384 | Total Reward: -38912.763680327946|
| Episode: 141 | Epsilon:  0.10 | Reward: -202.57710021269298 | Average Reward: -259.791 | Steps: 17535 | Total Reward: -39115.34078054063|
| Episode: 142 | Epsilon:  0.10 | Reward: -319.58125490063867 | Average Reward: -261.044 | Steps: 17659 | Total Reward: -39434.92203544124|
| Episode: 143 | Epsilon:  0.10 | Reward: -161.97409243387932 | Average Reward: -261.687 | Steps: 17757 | Total Reward: -39596.89612787516|
| Episode: 144 | Epsilon:  0.10 | Reward: -153.62570301955066 | Average Reward: -260.381 | Steps: 17879 | Total Reward: -39750.52183089469|
| Episode: 145 | Epsilon:  0.10 | Reward: -269.0589253380831 | Average Reward: -259.992 | Steps: 18122 | Total Reward: -40019.58075623281|
| Episode: 146 | Epsilon:  0.10 | Reward: -164.18716162132526 | Average Reward: -258.645 | Steps: 18243 | Total Reward: -40183.76791785414|
| Episode: 147 | Epsilon:  0.10 | Reward: -352.40832582896667 | Average Reward: -259.283 | Steps: 18380 | Total Reward: -40536.176243683054|
| Episode: 148 | Epsilon:  0.10 | Reward: -23.77586804500072 | Average Reward: -255.661 | Steps: 18644 | Total Reward: -40559.95211172808|
| Episode: 149 | Epsilon:  0.10 | Reward: -250.272355929815 | Average Reward: -254.926 | Steps: 18768 | Total Reward: -40810.224467657885|
| Episode: 150 | Epsilon:  0.10 | Reward: -266.07004501209894 | Average Reward: -254.564 | Steps: 18906 | Total Reward: -41076.29451266998|
| Episode: 151 | Epsilon:  0.10 | Reward: -270.62435789561414 | Average Reward: -255.518 | Steps: 19020 | Total Reward: -41346.9188705656|
| Episode: 152 | Epsilon:  0.10 | Reward: -293.36317797569893 | Average Reward: -255.394 | Steps: 19121 | Total Reward: -41640.282048541274|
| Episode: 153 | Epsilon:  0.10 | Reward: -314.52301454777137 | Average Reward: -255.706 | Steps: 19224 | Total Reward: -41954.80506308902|
| Episode: 154 | Epsilon:  0.10 | Reward: -118.05630780091133 | Average Reward: -254.209 | Steps: 19288 | Total Reward: -42072.86137088991|
| Episode: 155 | Epsilon:  0.10 | Reward: -321.26804350466944 | Average Reward: -253.145 | Steps: 19395 | Total Reward: -42394.12941439458|
| Episode: 156 | Epsilon:  0.10 | Reward: -203.19754548659625 | Average Reward: -254.067 | Steps: 19586 | Total Reward: -42597.326959881146|
| Episode: 157 | Epsilon:  0.10 | Reward: -146.14957749157497 | Average Reward: -254.704 | Steps: 19674 | Total Reward: -42743.476537372706|
| Episode: 158 | Epsilon:  0.10 | Reward: -207.7412543359959 | Average Reward: -254.802 | Steps: 19828 | Total Reward: -42951.21779170875|
| Episode: 159 | Epsilon:  0.10 | Reward: -224.58601556340142 | Average Reward: -255.773 | Steps: 19908 | Total Reward: -43175.80380727214|
| Episode: 160 | Epsilon:  0.10 | Reward: -131.5689779870695 | Average Reward: -254.649 | Steps: 20040 | Total Reward: -43307.3727852592|
| Episode: 161 | Epsilon:  0.10 | Reward: -337.22844450791246 | Average Reward: -256.538 | Steps: 20169 | Total Reward: -43644.60122976711|
| Episode: 162 | Epsilon:  0.10 | Reward: -233.44744774627782 | Average Reward: -257.387 | Steps: 20307 | Total Reward: -43878.048677513376|
| Episode: 163 | Epsilon:  0.10 | Reward: -126.1984665642378 | Average Reward: -252.640 | Steps: 20397 | Total Reward: -44004.247144077635|
| Episode: 164 | Epsilon:  0.10 | Reward: -187.89257390463342 | Average Reward: -250.981 | Steps: 20555 | Total Reward: -44192.13971798223|
| Episode: 165 | Epsilon:  0.10 | Reward: -143.57720680293983 | Average Reward: -249.739 | Steps: 20672 | Total Reward: -44335.71692478515|
| Episode: 166 | Epsilon:  0.10 | Reward: -193.63943280570905 | Average Reward: -247.441 | Steps: 20800 | Total Reward: -44529.35635759087|
| Episode: 167 | Epsilon:  0.10 | Reward: -234.0594055483481 | Average Reward: -247.398 | Steps: 20889 | Total Reward: -44763.41576313918|
| Episode: 168 | Epsilon:  0.10 | Reward: -258.3339140221583 | Average Reward: -246.008 | Steps: 21067 | Total Reward: -45021.74967716136|
| Episode: 169 | Epsilon:  0.10 | Reward: -264.8839700033012 | Average Reward: -245.705 | Steps: 21252 | Total Reward: -45286.63364716466|
| Episode: 170 | Epsilon:  0.10 | Reward: -33.03659758001184 | Average Reward: -244.205 | Steps: 21493 | Total Reward: -45319.67024474465|
| Episode: 171 | Epsilon:  0.10 | Reward: -268.97126090249026 | Average Reward: -240.974 | Steps: 21756 | Total Reward: -45588.641505647174|
| Episode: 172 | Epsilon:  0.10 | Reward: -123.51334077620415 | Average Reward: -239.186 | Steps: 21831 | Total Reward: -45712.154846423364|
| Episode: 173 | Epsilon:  0.10 | Reward: -119.11991899476214 | Average Reward: -238.088 | Steps: 21914 | Total Reward: -45831.27476541816|
| Episode: 174 | Epsilon:  0.10 | Reward: -113.61569834454684 | Average Reward: -235.123 | Steps: 22011 | Total Reward: -45944.89046376271|
| Episode: 175 | Epsilon:  0.10 | Reward: -216.96667600730598 | Average Reward: -235.846 | Steps: 22145 | Total Reward: -46161.85713977|
| Episode: 176 | Epsilon:  0.10 | Reward: -296.42648441986205 | Average Reward: -235.226 | Steps: 22259 | Total Reward: -46458.28362418985|
| Episode: 177 | Epsilon:  0.10 | Reward: -216.94481490273074 | Average Reward: -235.131 | Steps: 22457 | Total Reward: -46675.2284390926|
| Episode: 178 | Epsilon:  0.10 | Reward: -232.72589812033118 | Average Reward: -235.587 | Steps: 22711 | Total Reward: -46907.95433721292|
| Episode: 179 | Epsilon:  0.10 | Reward: -221.02013744873983 | Average Reward: -236.995 | Steps: 22927 | Total Reward: -47128.97447466168|
| Episode: 180 | Epsilon:  0.10 | Reward: -353.9786277107936 | Average Reward: -237.295 | Steps: 23068 | Total Reward: -47482.953102372485|
| Episode: 181 | Epsilon:  0.10 | Reward: -311.419122679736 | Average Reward: -238.305 | Steps: 23272 | Total Reward: -47794.37222505221|
| Episode: 182 | Epsilon:  0.10 | Reward: -146.82198077394645 | Average Reward: -238.646 | Steps: 23379 | Total Reward: -47941.19420582613|
| Episode: 183 | Epsilon:  0.10 | Reward: -150.49523611568515 | Average Reward: -237.340 | Steps: 23474 | Total Reward: -48091.68944194181|
| Episode: 184 | Epsilon:  0.10 | Reward: -275.54963691286616 | Average Reward: -235.017 | Steps: 23577 | Total Reward: -48367.23907885467|
| Episode: 185 | Epsilon:  0.10 | Reward: -229.00550337327417 | Average Reward: -234.264 | Steps: 23669 | Total Reward: -48596.24458222795|
| Episode: 186 | Epsilon:  0.10 | Reward: -313.2326250503315 | Average Reward: -234.941 | Steps: 23771 | Total Reward: -48909.477207278265|
| Episode: 187 | Epsilon:  0.10 | Reward: -127.54087185185853 | Average Reward: -233.892 | Steps: 23871 | Total Reward: -49037.01807913011|
| Episode: 188 | Epsilon:  0.10 | Reward: -135.26631311839114 | Average Reward: -232.590 | Steps: 23955 | Total Reward: -49172.28439224848|
| Episode: 189 | Epsilon:  0.10 | Reward: -291.65146725069496 | Average Reward: -234.346 | Steps: 24073 | Total Reward: -49463.935859499186|
| Episode: 190 | Epsilon:  0.10 | Reward: -330.77294695829517 | Average Reward: -234.890 | Steps: 24196 | Total Reward: -49794.708806457485|
| Episode: 191 | Epsilon:  0.10 | Reward: -187.1118253925284 | Average Reward: -230.827 | Steps: 24420 | Total Reward: -49981.820631849994|
| Episode: 192 | Epsilon:  0.10 | Reward: -147.67843000010197 | Average Reward: -228.129 | Steps: 24530 | Total Reward: -50129.499061850096|
| Episode: 193 | Epsilon:  0.10 | Reward: -146.7330200506912 | Average Reward: -227.104 | Steps: 24623 | Total Reward: -50276.23208190078|
| Episode: 194 | Epsilon:  0.10 | Reward: -172.5204364533891 | Average Reward: -226.554 | Steps: 24753 | Total Reward: -50448.752518354166|
| Episode: 195 | Epsilon:  0.10 | Reward: -232.65623587531067 | Average Reward: -225.944 | Steps: 24930 | Total Reward: -50681.40875422949|
| Episode: 196 | Epsilon:  0.10 | Reward: -407.7937420424993 | Average Reward: -226.404 | Steps: 25073 | Total Reward: -51089.202496271966|
| Episode: 197 | Epsilon:  0.10 | Reward: -470.3823331089099 | Average Reward: -228.944 | Steps: 25232 | Total Reward: -51559.58482938086|
| Episode: 198 | Epsilon:  0.10 | Reward: -218.74325329306313 | Average Reward: -230.711 | Steps: 25398 | Total Reward: -51778.32808267387|
| Episode: 199 | Epsilon:  0.10 | Reward: -334.58567048914995 | Average Reward: -232.215 | Steps: 25568 | Total Reward: -52112.913753163026|
| Episode: 200 | Epsilon:  0.10 | Reward: -139.5444198443342 | Average Reward: -231.193 | Steps: 25658 | Total Reward: -52252.45817300736|
| Episode: 201 | Epsilon:  0.10 | Reward: -107.6918820629353 | Average Reward: -229.450 | Steps: 25733 | Total Reward: -52360.1500550703|
| Episode: 202 | Epsilon:  0.10 | Reward: -367.10051338786224 | Average Reward: -229.495 | Steps: 26007 | Total Reward: -52727.25056845815|
| Episode: 203 | Epsilon:  0.10 | Reward: -298.1977146651073 | Average Reward: -229.603 | Steps: 26351 | Total Reward: -53025.44828312327|
| Episode: 204 | Epsilon:  0.10 | Reward: -351.2701917970698 | Average Reward: -230.544 | Steps: 26462 | Total Reward: -53376.71847492038|
| Episode: 205 | Epsilon:  0.10 | Reward: -226.40526002635914 | Average Reward: -229.975 | Steps: 26719 | Total Reward: -53603.12373494675|
| Episode: 206 | Epsilon:  0.10 | Reward: -360.9174809283709 | Average Reward: -231.042 | Steps: 26939 | Total Reward: -53964.041215875106|
| Episode: 207 | Epsilon:  0.10 | Reward: -313.968675520098 | Average Reward: -231.575 | Steps: 27087 | Total Reward: -54278.00989139522|
| Episode: 208 | Epsilon:  0.10 | Reward: -305.2499595647122 | Average Reward: -232.109 | Steps: 27222 | Total Reward: -54583.25985095993|
| Episode: 209 | Epsilon:  0.10 | Reward: -207.2612933020468 | Average Reward: -230.984 | Steps: 27352 | Total Reward: -54790.52114426195|
| Episode: 210 | Epsilon:  0.10 | Reward: -297.5106286045888 | Average Reward: -230.318 | Steps: 27536 | Total Reward: -55088.03177286656|
| Episode: 211 | Epsilon:  0.10 | Reward: -194.11616682135886 | Average Reward: -228.831 | Steps: 27718 | Total Reward: -55282.147939687915|
| Episode: 212 | Epsilon:  0.10 | Reward: -145.29286438110967 | Average Reward: -227.615 | Steps: 27816 | Total Reward: -55427.440804069054|
| Episode: 213 | Epsilon:  0.10 | Reward: -186.14853728692293 | Average Reward: -228.108 | Steps: 27919 | Total Reward: -55613.58934135595|
| Episode: 214 | Epsilon:  0.10 | Reward: -171.06980425871916 | Average Reward: -229.033 | Steps: 28023 | Total Reward: -55784.659145614685|
| Episode: 215 | Epsilon:  0.10 | Reward: -292.30842084882227 | Average Reward: -230.255 | Steps: 28244 | Total Reward: -56076.96756646348|
| Episode: 216 | Epsilon:  0.10 | Reward: -359.8136155443315 | Average Reward: -230.839 | Steps: 28431 | Total Reward: -56436.781182007784|
| Episode: 217 | Epsilon:  0.10 | Reward: -228.35433519248392 | Average Reward: -229.984 | Steps: 28629 | Total Reward: -56665.13551720023|
| Episode: 218 | Epsilon:  0.10 | Reward: -175.02132024099333 | Average Reward: -229.307 | Steps: 28697 | Total Reward: -56840.15683744123|
| Episode: 219 | Epsilon:  0.10 | Reward: -335.33593493462524 | Average Reward: -229.078 | Steps: 28912 | Total Reward: -57175.49277237589|
| Episode: 220 | Epsilon:  0.10 | Reward: -254.76779697302425 | Average Reward: -228.236 | Steps: 29087 | Total Reward: -57430.260569348895|
| Episode: 221 | Epsilon:  0.10 | Reward: -102.99668354848811 | Average Reward: -227.327 | Steps: 29258 | Total Reward: -57533.25725289736|
| Episode: 222 | Epsilon:  0.10 | Reward: -295.5308965693532 | Average Reward: -227.292 | Steps: 29408 | Total Reward: -57828.788149466716|
| Episode: 223 | Epsilon:  0.10 | Reward: -119.1534062312056 | Average Reward: -226.504 | Steps: 29493 | Total Reward: -57947.941555697944|
| Episode: 224 | Epsilon:  0.10 | Reward: -332.610685811866 | Average Reward: -226.669 | Steps: 29574 | Total Reward: -58280.55224150979|
| Episode: 225 | Epsilon:  0.10 | Reward: -357.25862077954315 | Average Reward: -228.397 | Steps: 29672 | Total Reward: -58637.810862289356|
| Episode: 226 | Epsilon:  0.10 | Reward: -351.80834992045845 | Average Reward: -229.767 | Steps: 29784 | Total Reward: -58989.61921220983|
| Episode: 227 | Epsilon:  0.10 | Reward: -282.61797982709743 | Average Reward: -229.046 | Steps: 29973 | Total Reward: -59272.237192036875|
| Episode: 228 | Epsilon:  0.10 | Reward: -380.3863304919454 | Average Reward: -230.661 | Steps: 30212 | Total Reward: -59652.62352252878|
| Episode: 229 | Epsilon:  0.10 | Reward: -330.1871004903451 | Average Reward: -231.183 | Steps: 30319 | Total Reward: -59982.81062301912|
| Episode: 230 | Epsilon:  0.10 | Reward: -265.39098813457247 | Average Reward: -232.701 | Steps: 30444 | Total Reward: -60248.201611153694|
| Episode: 231 | Epsilon:  0.10 | Reward: -344.337336727147 | Average Reward: -233.433 | Steps: 30560 | Total Reward: -60592.53894788085|
| Episode: 232 | Epsilon:  0.10 | Reward: -203.0145307412141 | Average Reward: -234.011 | Steps: 30675 | Total Reward: -60795.55347862207|
| Episode: 233 | Epsilon:  0.10 | Reward: -89.10726433207455 | Average Reward: -233.389 | Steps: 30887 | Total Reward: -60884.66074295418|
| Episode: 234 | Epsilon:  0.10 | Reward: -153.94973033540003 | Average Reward: -233.846 | Steps: 31053 | Total Reward: -61038.610473289555|
| Episode: 235 | Epsilon:  0.10 | Reward: -336.90993753330804 | Average Reward: -235.097 | Steps: 31231 | Total Reward: -61375.520410822865|
| Episode: 236 | Epsilon:  0.10 | Reward: -269.52023039575306 | Average Reward: -235.709 | Steps: 31355 | Total Reward: -61645.04064121862|
| Episode: 237 | Epsilon:  0.10 | Reward: -367.6398049016904 | Average Reward: -236.538 | Steps: 31445 | Total Reward: -62012.680446120336|
| Episode: 238 | Epsilon:  0.10 | Reward: -151.01392900716715 | Average Reward: -237.037 | Steps: 31593 | Total Reward: -62163.694375127525|
| Episode: 239 | Epsilon:  0.10 | Reward: -326.6176182007716 | Average Reward: -237.954 | Steps: 31704 | Total Reward: -62490.31199332834|
| Episode: 240 | Epsilon:  0.10 | Reward: -398.0431778522503 | Average Reward: -239.756 | Steps: 31837 | Total Reward: -62888.35517118059|
| Episode: 241 | Epsilon:  0.10 | Reward: -278.07376701217447 | Average Reward: -240.511 | Steps: 31970 | Total Reward: -63166.42893819279|
| Episode: 242 | Epsilon:  0.10 | Reward: -314.11167044085363 | Average Reward: -240.456 | Steps: 32225 | Total Reward: -63480.54060863361|
| Episode: 243 | Epsilon:  0.10 | Reward: -123.2094653039436 | Average Reward: -240.069 | Steps: 32295 | Total Reward: -63603.75007393754|
| Episode: 244 | Epsilon:  0.10 | Reward: -234.84791906616582 | Average Reward: -240.881 | Steps: 32403 | Total Reward: -63838.59799300369|
| Episode: 245 | Epsilon:  0.10 | Reward: -316.70166916242806 | Average Reward: -241.357 | Steps: 32580 | Total Reward: -64155.299662166166|
| Episode: 246 | Epsilon:  0.10 | Reward: -182.4719198606001 | Average Reward: -241.540 | Steps: 32731 | Total Reward: -64337.77158202675|
| Episode: 247 | Epsilon:  0.10 | Reward: -412.1904144082976 | Average Reward: -242.138 | Steps: 32846 | Total Reward: -64749.96199643505|
| Episode: 248 | Epsilon:  0.10 | Reward: -274.860119632911 | Average Reward: -244.649 | Steps: 32971 | Total Reward: -65024.82211606798|
| Episode: 249 | Epsilon:  0.10 | Reward: -165.52699211296814 | Average Reward: -243.801 | Steps: 33101 | Total Reward: -65190.34910818095|
| Episode: 250 | Epsilon:  0.10 | Reward: -105.97809269917805 | Average Reward: -242.200 | Steps: 33239 | Total Reward: -65296.32720088016|
| Episode: 251 | Epsilon:  0.10 | Reward: -135.17452288608132 | Average Reward: -240.846 | Steps: 33334 | Total Reward: -65431.50172376623|
| Episode: 252 | Epsilon:  0.10 | Reward: -139.08966436702525 | Average Reward: -239.303 | Steps: 33532 | Total Reward: -65570.59138813333|
| Episode: 253 | Epsilon:  0.10 | Reward: -148.3707108775249 | Average Reward: -237.642 | Steps: 33628 | Total Reward: -65718.96209901088|
| Episode: 254 | Epsilon:  0.10 | Reward: -193.33484939429547 | Average Reward: -238.394 | Steps: 33726 | Total Reward: -65912.2969484052|
| Episode: 255 | Epsilon:  0.10 | Reward: -333.46649731810254 | Average Reward: -238.516 | Steps: 34014 | Total Reward: -66245.76344572322|
| Episode: 256 | Epsilon:  0.10 | Reward: -469.6821940062202 | Average Reward: -241.181 | Steps: 34235 | Total Reward: -66715.4456397294|
| Episode: 257 | Epsilon:  0.10 | Reward: -199.36317540287408 | Average Reward: -241.713 | Steps: 34416 | Total Reward: -66914.80881513226|
| Episode: 258 | Epsilon:  0.10 | Reward: -299.6982294048389 | Average Reward: -242.633 | Steps: 34519 | Total Reward: -67214.50704453715|
| Episode: 259 | Epsilon:  0.10 | Reward: -375.5259739563833 | Average Reward: -244.142 | Steps: 34661 | Total Reward: -67590.0330184935|
| Episode: 260 | Epsilon:  0.10 | Reward: -457.75595069898856 | Average Reward: -247.404 | Steps: 34973 | Total Reward: -68047.78896919257|
| Episode: 261 | Epsilon:  0.10 | Reward: -483.1816906533426 | Average Reward: -248.864 | Steps: 35173 | Total Reward: -68530.970659846|
| Episode: 262 | Epsilon:  0.10 | Reward: -158.663361884323 | Average Reward: -248.116 | Steps: 35347 | Total Reward: -68689.63402173026|
| Episode: 263 | Epsilon:  0.10 | Reward: -222.11222733939286 | Average Reward: -249.075 | Steps: 35453 | Total Reward: -68911.7462490696|
| Episode: 264 | Epsilon:  0.10 | Reward: -242.42239466802835 | Average Reward: -249.620 | Steps: 35680 | Total Reward: -69154.1686437377|
| Episode: 265 | Epsilon:  0.10 | Reward: -176.40534318780163 | Average Reward: -249.949 | Steps: 35765 | Total Reward: -69330.57398692552|
| Episode: 266 | Epsilon:  0.10 | Reward: -129.71097586456082 | Average Reward: -249.309 | Steps: 35976 | Total Reward: -69460.28496279006|
| Episode: 267 | Epsilon:  0.10 | Reward: -239.19142355567126 | Average Reward: -249.361 | Steps: 36176 | Total Reward: -69699.47638634586|
| Episode: 268 | Epsilon:  0.10 | Reward: -101.51921812798521 | Average Reward: -247.792 | Steps: 36319 | Total Reward: -69800.9956044738|
| Episode: 269 | Epsilon:  0.10 | Reward: -315.0845022425326 | Average Reward: -248.294 | Steps: 36553 | Total Reward: -70116.08010671636|
| Episode: 270 | Epsilon:  0.10 | Reward: -232.6389123674607 | Average Reward: -250.290 | Steps: 36679 | Total Reward: -70348.71901908377|
| Episode: 271 | Epsilon:  0.10 | Reward: -249.65661339721666 | Average Reward: -250.097 | Steps: 36821 | Total Reward: -70598.37563248107|
| Episode: 272 | Epsilon:  0.10 | Reward: -237.50187044759053 | Average Reward: -251.237 | Steps: 36989 | Total Reward: -70835.87750292862|
| Episode: 273 | Epsilon:  0.10 | Reward: -355.7494469731033 | Average Reward: -253.604 | Steps: 37109 | Total Reward: -71191.62694990175|
| Episode: 274 | Epsilon:  0.10 | Reward: -217.1169767161487 | Average Reward: -254.639 | Steps: 37277 | Total Reward: -71408.74392661791|
| Episode: 275 | Epsilon:  0.10 | Reward: -185.89150736857124 | Average Reward: -254.328 | Steps: 37400 | Total Reward: -71594.63543398645|
| Episode: 276 | Epsilon:  0.10 | Reward: -182.91425095317538 | Average Reward: -253.193 | Steps: 37554 | Total Reward: -71777.54968493959|
| Episode: 277 | Epsilon:  0.10 | Reward: -322.54709421904283 | Average Reward: -254.249 | Steps: 37672 | Total Reward: -72100.0967791586|
| Episode: 278 | Epsilon:  0.10 | Reward: -272.7531019722965 | Average Reward: -254.649 | Steps: 37851 | Total Reward: -72372.84988113084|
| Episode: 279 | Epsilon:  0.10 | Reward: -363.7769931950222 | Average Reward: -256.077 | Steps: 38044 | Total Reward: -72736.62687432572|
| Episode: 280 | Epsilon:  0.10 | Reward: -170.29962581978629 | Average Reward: -254.240 | Steps: 38202 | Total Reward: -72906.92650014546|
| Episode: 281 | Epsilon:  0.10 | Reward: -364.20858731915206 | Average Reward: -254.768 | Steps: 38548 | Total Reward: -73271.13508746465|
| Episode: 282 | Epsilon:  0.10 | Reward: -175.58237331027527 | Average Reward: -255.055 | Steps: 38706 | Total Reward: -73446.7174607749|
| Episode: 283 | Epsilon:  0.10 | Reward: -261.5492453854408 | Average Reward: -256.166 | Steps: 38870 | Total Reward: -73708.2667061603|
| Episode: 284 | Epsilon:  0.10 | Reward: -127.702430009803 | Average Reward: -254.687 | Steps: 39042 | Total Reward: -73835.96913617008|
| Episode: 285 | Epsilon:  0.10 | Reward: -271.9536047729373 | Average Reward: -255.117 | Steps: 39186 | Total Reward: -74107.92274094302|
| Episode: 286 | Epsilon:  0.10 | Reward: -282.06841717534155 | Average Reward: -254.805 | Steps: 39499 | Total Reward: -74389.99115811831|
| Episode: 287 | Epsilon:  0.10 | Reward: -429.11624157060584 | Average Reward: -257.821 | Steps: 39767 | Total Reward: -74819.10739968887|
| Episode: 288 | Epsilon:  0.10 | Reward: -283.74646837654296 | Average Reward: -259.306 | Steps: 39892 | Total Reward: -75102.85386806549|
| Episode: 289 | Epsilon:  0.10 | Reward: -326.52545937444455 | Average Reward: -259.654 | Steps: 40260 | Total Reward: -75429.37932743988|
| Episode: 290 | Epsilon:  0.10 | Reward: -239.13128779774803 | Average Reward: -258.738 | Steps: 40454 | Total Reward: -75668.51061523762|
| Episode: 291 | Epsilon:  0.10 | Reward: -278.0643093123617 | Average Reward: -259.648 | Steps: 40578 | Total Reward: -75946.57492455002|
| Episode: 292 | Epsilon:  0.10 | Reward: -216.24297895200573 | Average Reward: -260.333 | Steps: 40727 | Total Reward: -76162.81790350203|
| Episode: 293 | Epsilon:  0.10 | Reward: -214.36615359707562 | Average Reward: -261.010 | Steps: 40954 | Total Reward: -76377.18405709906|
| Episode: 294 | Epsilon:  0.10 | Reward: -85.47013606158535 | Average Reward: -260.139 | Steps: 41082 | Total Reward: -76462.65419316069|
| Episode: 295 | Epsilon:  0.10 | Reward: -215.8441928455853 | Average Reward: -259.971 | Steps: 41186 | Total Reward: -76678.49838600631|
| Episode: 296 | Epsilon:  0.10 | Reward: -196.7992420958765 | Average Reward: -257.861 | Steps: 41336 | Total Reward: -76875.29762810207|
| Episode: 297 | Epsilon:  0.10 | Reward: -136.85888246565827 | Average Reward: -254.526 | Steps: 41501 | Total Reward: -77012.15651056774|
| Episode: 298 | Epsilon:  0.10 | Reward: -35.24244675939592 | Average Reward: -252.691 | Steps: 41761 | Total Reward: -77047.39895732718|
| Episode: 299 | Epsilon:  0.10 | Reward: -57.75308486600968 | Average Reward: -249.922 | Steps: 41922 | Total Reward: -77105.15204219321|
| Episode: 300 | Epsilon:  0.10 | Reward: -230.2736032719155 | Average Reward: -250.830 | Steps: 42176 | Total Reward: -77335.42564546513|
| Episode: 301 | Epsilon:  0.10 | Reward: -191.8158721895192 | Average Reward: -251.671 | Steps: 42636 | Total Reward: -77527.24151765453|
| Episode: 302 | Epsilon:  0.10 | Reward: -301.14612597904045 | Average Reward: -251.011 | Steps: 42864 | Total Reward: -77828.38764363356|
| Episode: 303 | Epsilon:  0.10 | Reward: -281.565645599582 | Average Reward: -250.845 | Steps: 43047 | Total Reward: -78109.9532892331|
| Episode: 304 | Epsilon:  0.10 | Reward: -156.43642339001062 | Average Reward: -248.897 | Steps: 43185 | Total Reward: -78266.38971262307|
| Episode: 305 | Epsilon:  0.10 | Reward: -365.06011458215903 | Average Reward: -250.283 | Steps: 43366 | Total Reward: -78631.44982720522|
| Episode: 306 | Epsilon:  0.10 | Reward: -195.90242274959166 | Average Reward: -248.633 | Steps: 43486 | Total Reward: -78827.35224995477|
| Episode: 307 | Epsilon:  0.10 | Reward: -306.6944811781915 | Average Reward: -248.560 | Steps: 43658 | Total Reward: -79134.04673113293|
| Episode: 308 | Epsilon:  0.10 | Reward: -289.8789944802952 | Average Reward: -248.407 | Steps: 43950 | Total Reward: -79423.92572561312|
| Episode: 309 | Epsilon:  0.10 | Reward: -222.06101708831852 | Average Reward: -248.555 | Steps: 44094 | Total Reward: -79645.98674270145|
| Episode: 310 | Epsilon:  0.10 | Reward: -253.04495303484498 | Average Reward: -248.110 | Steps: 44242 | Total Reward: -79899.03169573643|
| Episode: 311 | Epsilon:  0.10 | Reward: -128.5198176075278 | Average Reward: -247.454 | Steps: 44421 | Total Reward: -80027.55151334395|
| Episode: 312 | Epsilon:  0.10 | Reward: -183.2687669463476 | Average Reward: -247.834 | Steps: 44567 | Total Reward: -80210.82028029028|
| Episode: 313 | Epsilon:  0.10 | Reward: -162.89756660758664 | Average Reward: -247.601 | Steps: 44837 | Total Reward: -80373.71784689782|
| Episode: 314 | Epsilon:  0.10 | Reward: -158.65789253980927 | Average Reward: -247.477 | Steps: 44958 | Total Reward: -80532.37573943767|
| Episode: 315 | Epsilon:  0.10 | Reward: -513.7289770131123 | Average Reward: -249.691 | Steps: 45189 | Total Reward: -81046.1047164508|
| Episode: 316 | Epsilon:  0.10 | Reward: -238.92539487099626 | Average Reward: -248.482 | Steps: 45370 | Total Reward: -81285.03011132187|
| Episode: 317 | Epsilon:  0.10 | Reward: -146.71371175524595 | Average Reward: -247.666 | Steps: 45517 | Total Reward: -81431.74382307715|
| Episode: 318 | Epsilon:  0.10 | Reward: -198.33094224687238 | Average Reward: -247.899 | Steps: 45706 | Total Reward: -81630.07476532395|
| Episode: 319 | Epsilon:  0.10 | Reward: -265.1496553886976 | Average Reward: -247.197 | Steps: 45794 | Total Reward: -81895.22442071265|
| Episode: 320 | Epsilon:  0.10 | Reward: -256.81222840677526 | Average Reward: -247.218 | Steps: 45918 | Total Reward: -82152.03664911941|
| Episode: 321 | Epsilon:  0.10 | Reward: -296.34030613682 | Average Reward: -249.151 | Steps: 46135 | Total Reward: -82448.37695525624|
| Episode: 322 | Epsilon:  0.10 | Reward: -296.6876517210543 | Average Reward: -249.163 | Steps: 46297 | Total Reward: -82745.06460697719|
| Episode: 323 | Epsilon:  0.10 | Reward: -441.55146932419444 | Average Reward: -252.387 | Steps: 46383 | Total Reward: -83186.61607630139|
| Episode: 324 | Epsilon:  0.10 | Reward: -197.64051825730516 | Average Reward: -251.037 | Steps: 46647 | Total Reward: -83384.2565945587|
| Episode: 325 | Epsilon:  0.10 | Reward: -188.13596333590874 | Average Reward: -249.346 | Steps: 46778 | Total Reward: -83572.3925578946|
| Episode: 326 | Epsilon:  0.10 | Reward: -1155.827679695861 | Average Reward: -257.386 | Steps: 47469 | Total Reward: -84728.22023759047|
| Episode: 327 | Epsilon:  0.10 | Reward: -197.89838875411684 | Average Reward: -256.539 | Steps: 47640 | Total Reward: -84926.1186263446|
| Episode: 328 | Epsilon:  0.10 | Reward: -187.2611875269899 | Average Reward: -254.608 | Steps: 47751 | Total Reward: -85113.3798138716|
| Episode: 329 | Epsilon:  0.10 | Reward: -158.91527353392155 | Average Reward: -252.895 | Steps: 48141 | Total Reward: -85272.29508740555|
| Episode: 330 | Epsilon:  0.10 | Reward: -179.16380568296825 | Average Reward: -252.033 | Steps: 48263 | Total Reward: -85451.45889308862|
| Episode: 331 | Epsilon:  0.10 | Reward: -95.3780331627052 | Average Reward: -249.543 | Steps: 48392 | Total Reward: -85546.8369262514|
| Episode: 332 | Epsilon:  0.10 | Reward: -136.63633733174075 | Average Reward: -248.879 | Steps: 48506 | Total Reward: -85683.47326358309|
| Episode: 333 | Epsilon:  0.10 | Reward: -170.64380208428852 | Average Reward: -249.695 | Steps: 48754 | Total Reward: -85854.11706566741|
| Episode: 334 | Epsilon:  0.10 | Reward: -220.75557547690318 | Average Reward: -250.363 | Steps: 48879 | Total Reward: -86074.8726411443|
| Episode: 335 | Epsilon:  0.10 | Reward: -135.73712715283014 | Average Reward: -248.351 | Steps: 49038 | Total Reward: -86210.60976829717|
| Episode: 336 | Epsilon:  0.10 | Reward: -232.26116614158624 | Average Reward: -247.978 | Steps: 49275 | Total Reward: -86442.87093443875|
| Episode: 337 | Epsilon:  0.10 | Reward: -205.48194434714554 | Average Reward: -246.357 | Steps: 49399 | Total Reward: -86648.3528787859|
| Episode: 338 | Epsilon:  0.10 | Reward: -193.75931848526437 | Average Reward: -246.784 | Steps: 49571 | Total Reward: -86842.11219727105|
| Episode: 339 | Epsilon:  0.10 | Reward: -177.66220420033892 | Average Reward: -245.295 | Steps: 49736 | Total Reward: -87019.77440147134|
| Episode: 340 | Epsilon:  0.10 | Reward: -188.64010830803613 | Average Reward: -243.201 | Steps: 49875 | Total Reward: -87208.41450977947|
| Episode: 341 | Epsilon:  0.10 | Reward: -110.60811042704795 | Average Reward: -241.526 | Steps: 49984 | Total Reward: -87319.02262020654|
| Episode: 342 | Epsilon:  0.10 | Reward: -206.14590953995378 | Average Reward: -240.446 | Steps: 50087 | Total Reward: -87525.16852974644|
| Episode: 343 | Epsilon:  0.10 | Reward: -242.1214255141562 | Average Reward: -241.635 | Steps: 50252 | Total Reward: -87767.28995526065|
| Episode: 344 | Epsilon:  0.10 | Reward: -163.33356057233976 | Average Reward: -240.920 | Steps: 50445 | Total Reward: -87930.62351583291|
| Episode: 345 | Epsilon:  0.10 | Reward: -224.56929567403108 | Average Reward: -239.999 | Steps: 50534 | Total Reward: -88155.19281150696|
| Episode: 346 | Epsilon:  0.10 | Reward: -147.4229621607098 | Average Reward: -239.648 | Steps: 50980 | Total Reward: -88302.61577366755|
| Episode: 347 | Epsilon:  0.10 | Reward: -173.15392418623549 | Average Reward: -237.258 | Steps: 51152 | Total Reward: -88475.7696978538|
| Episode: 348 | Epsilon:  0.10 | Reward: -146.5876872580592 | Average Reward: -235.975 | Steps: 51239 | Total Reward: -88622.35738511186|
| Episode: 349 | Epsilon:  0.10 | Reward: -143.83747590180874 | Average Reward: -235.758 | Steps: 51367 | Total Reward: -88766.19486101366|
| Episode: 350 | Epsilon:  0.10 | Reward: -229.48089835601348 | Average Reward: -236.993 | Steps: 51507 | Total Reward: -88995.67575936968|
| Episode: 351 | Epsilon:  0.10 | Reward: -243.66519300189526 | Average Reward: -238.078 | Steps: 51643 | Total Reward: -89239.34095237152|
| Episode: 352 | Epsilon:  0.10 | Reward: -168.64704712712128 | Average Reward: -238.374 | Steps: 51827 | Total Reward: -89407.98799949858|
| Episode: 353 | Epsilon:  0.10 | Reward: -159.8701730041858 | Average Reward: -238.489 | Steps: 51922 | Total Reward: -89567.85817250276|
| Episode: 354 | Epsilon:  0.10 | Reward: -224.0925537248959 | Average Reward: -238.797 | Steps: 52026 | Total Reward: -89791.95072622765|
| Episode: 355 | Epsilon:  0.10 | Reward: -127.09422869655509 | Average Reward: -236.733 | Steps: 52144 | Total Reward: -89919.04495492417|
| Episode: 356 | Epsilon:  0.10 | Reward: -183.42473693780136 | Average Reward: -233.870 | Steps: 52512 | Total Reward: -90102.46969186196|
| Episode: 357 | Epsilon:  0.10 | Reward: -232.32377097606152 | Average Reward: -234.200 | Steps: 52656 | Total Reward: -90334.793462838|
| Episode: 358 | Epsilon:  0.10 | Reward: -234.41491788505002 | Average Reward: -233.547 | Steps: 52818 | Total Reward: -90569.20838072292|
| Episode: 359 | Epsilon:  0.10 | Reward: -187.52256527991787 | Average Reward: -231.667 | Steps: 52971 | Total Reward: -90756.73094600285|
| Episode: 360 | Epsilon:  0.10 | Reward: -158.8268686443116 | Average Reward: -228.678 | Steps: 53122 | Total Reward: -90915.55781464721|
| Episode: 361 | Epsilon:  0.10 | Reward: -143.23576668399642 | Average Reward: -225.278 | Steps: 53216 | Total Reward: -91058.79358133125|
| Episode: 362 | Epsilon:  0.10 | Reward: -58.852481217938305 | Average Reward: -224.280 | Steps: 53335 | Total Reward: -91117.64606254919|
| Episode: 363 | Epsilon:  0.10 | Reward: -103.147921638206 | Average Reward: -223.090 | Steps: 53485 | Total Reward: -91220.79398418736|
| Episode: 364 | Epsilon:  0.10 | Reward: -110.36380208978483 | Average Reward: -221.770 | Steps: 53682 | Total Reward: -91331.1577862771|
| Episode: 365 | Epsilon:  0.10 | Reward: -256.1360629528017 | Average Reward: -222.567 | Steps: 53897 | Total Reward: -91587.29384922989|
| Episode: 366 | Epsilon:  0.10 | Reward: -126.03447254639113 | Average Reward: -222.530 | Steps: 54024 | Total Reward: -91713.32832177627|
| Episode: 367 | Epsilon:  0.10 | Reward: -98.48833841447507 | Average Reward: -221.123 | Steps: 54103 | Total Reward: -91811.8166601908|
| Episode: 368 | Epsilon:  0.10 | Reward: -211.19797566243196 | Average Reward: -222.220 | Steps: 54243 | Total Reward: -92023.0146358532|
| Episode: 369 | Epsilon:  0.10 | Reward: -222.54086287278128 | Average Reward: -221.295 | Steps: 54400 | Total Reward: -92245.55549872597|
| Episode: 370 | Epsilon:  0.10 | Reward: -111.71019140414606 | Average Reward: -220.085 | Steps: 54548 | Total Reward: -92357.26569013014|
| Episode: 371 | Epsilon:  0.10 | Reward: -167.73871514004293 | Average Reward: -219.266 | Steps: 54823 | Total Reward: -92525.00440527033|
| Episode: 372 | Epsilon:  0.10 | Reward: -126.89295011415001 | Average Reward: -218.160 | Steps: 54898 | Total Reward: -92651.8973553845|
| Episode: 373 | Epsilon:  0.10 | Reward: -285.82837373906705 | Average Reward: -217.461 | Steps: 55085 | Total Reward: -92937.72572912357|
| Episode: 374 | Epsilon:  0.10 | Reward: -73.53305591005078 | Average Reward: -216.025 | Steps: 55270 | Total Reward: -93011.25878503367|
| Episode: 375 | Epsilon:  0.10 | Reward: -133.40131783829733 | Average Reward: -215.500 | Steps: 55347 | Total Reward: -93144.66010287197|
| Episode: 376 | Epsilon:  0.10 | Reward: -196.57278842291674 | Average Reward: -215.637 | Steps: 55502 | Total Reward: -93341.23289129487|
| Episode: 377 | Epsilon:  0.10 | Reward: -116.23267085691444 | Average Reward: -213.574 | Steps: 55597 | Total Reward: -93457.46556215183|
| Episode: 378 | Epsilon:  0.10 | Reward: -174.37274600176028 | Average Reward: -212.590 | Steps: 55822 | Total Reward: -93631.83830815359|
| Episode: 379 | Epsilon:  0.10 | Reward: -178.1156088367144 | Average Reward: -210.733 | Steps: 55946 | Total Reward: -93809.95391699024|
| Episode: 380 | Epsilon:  0.10 | Reward: -120.14963206329345 | Average Reward: -210.232 | Steps: 56173 | Total Reward: -93930.10354905372|
| Episode: 381 | Epsilon:  0.10 | Reward: -127.27503611873937 | Average Reward: -207.862 | Steps: 56333 | Total Reward: -94057.37858517248|
| Episode: 382 | Epsilon:  0.10 | Reward: -124.18067782201888 | Average Reward: -207.348 | Steps: 56439 | Total Reward: -94181.55926299449|
| Episode: 383 | Epsilon:  0.10 | Reward: -124.0515260193264 | Average Reward: -205.973 | Steps: 56533 | Total Reward: -94305.61078901384|
| Episode: 384 | Epsilon:  0.10 | Reward: -172.58241278347788 | Average Reward: -206.422 | Steps: 56720 | Total Reward: -94478.19320179723|
| Episode: 385 | Epsilon:  0.10 | Reward: -225.71939523054323 | Average Reward: -205.960 | Steps: 56846 | Total Reward: -94703.91259702781|
| Episode: 386 | Epsilon:  0.10 | Reward: -129.69955199245317 | Average Reward: -204.436 | Steps: 56932 | Total Reward: -94833.61214902025|
| Episode: 387 | Epsilon:  0.10 | Reward: -230.14868193091118 | Average Reward: -202.447 | Steps: 57127 | Total Reward: -95063.76083095111|
| Episode: 388 | Epsilon:  0.10 | Reward: -115.56819699737132 | Average Reward: -200.765 | Steps: 57297 | Total Reward: -95179.3290279485|
| Episode: 389 | Epsilon:  0.10 | Reward: -198.27411036244754 | Average Reward: -199.482 | Steps: 57515 | Total Reward: -95377.60313831091|
| Episode: 390 | Epsilon:  0.10 | Reward: -6.203259965521028 | Average Reward: -197.153 | Steps: 57648 | Total Reward: -95383.80639827647|
| Episode: 391 | Epsilon:  0.10 | Reward: -169.8368532850052 | Average Reward: -196.071 | Steps: 57726 | Total Reward: -95553.6432515615|
| Episode: 392 | Epsilon:  0.10 | Reward: -76.38614368159256 | Average Reward: -194.672 | Steps: 58044 | Total Reward: -95630.02939524292|
| Episode: 393 | Epsilon:  0.10 | Reward: -194.44141599204528 | Average Reward: -194.473 | Steps: 58154 | Total Reward: -95824.47081123492|
| Episode: 394 | Epsilon:  0.10 | Reward: -128.40504650132715 | Average Reward: -194.902 | Steps: 58321 | Total Reward: -95952.87585773622|
| Episode: 395 | Epsilon:  0.10 | Reward: -231.24805092849175 | Average Reward: -195.056 | Steps: 58475 | Total Reward: -96184.12390866474|
| Episode: 396 | Epsilon:  0.10 | Reward: -235.88146012492138 | Average Reward: -195.447 | Steps: 58608 | Total Reward: -96420.00536878969|
| Episode: 397 | Epsilon:  0.10 | Reward: -117.97995026218896 | Average Reward: -195.258 | Steps: 58748 | Total Reward: -96537.98531905188|
| Episode: 398 | Epsilon:  0.10 | Reward: -270.52893700837535 | Average Reward: -197.611 | Steps: 58985 | Total Reward: -96808.51425606036|
| Episode: 399 | Epsilon:  0.10 | Reward: -154.62705764134876 | Average Reward: -198.580 | Steps: 59140 | Total Reward: -96963.14131370181|
| Episode: 400 | Epsilon:  0.10 | Reward: -205.44803338643484 | Average Reward: -198.332 | Steps: 59336 | Total Reward: -97168.5893470882|
| Episode: 401 | Epsilon:  0.10 | Reward: -161.55334514304974 | Average Reward: -198.029 | Steps: 59538 | Total Reward: -97330.14269223125|
| Episode: 402 | Epsilon:  0.10 | Reward: -248.95066712744207 | Average Reward: -197.507 | Steps: 59787 | Total Reward: -97579.09335935862|
| Episode: 403 | Epsilon:  0.10 | Reward: -129.7018976713755 | Average Reward: -195.988 | Steps: 59954 | Total Reward: -97708.79525703001|
| Episode: 404 | Epsilon:  0.10 | Reward: -32.511909503558755 | Average Reward: -194.749 | Steps: 60422 | Total Reward: -97741.30716653365|
| Episode: 405 | Epsilon:  0.10 | Reward: -70.26234861034679 | Average Reward: -191.801 | Steps: 60707 | Total Reward: -97811.56951514403|
| Episode: 406 | Epsilon:  0.10 | Reward: -91.94157609661889 | Average Reward: -190.762 | Steps: 60961 | Total Reward: -97903.51109124057|
| Episode: 407 | Epsilon:  0.10 | Reward: -177.63241953125376 | Average Reward: -189.471 | Steps: 61056 | Total Reward: -98081.14351077181|
| Episode: 408 | Epsilon:  0.10 | Reward: -303.9348390458946 | Average Reward: -189.612 | Steps: 61364 | Total Reward: -98385.07834981762|
| Episode: 409 | Epsilon:  0.10 | Reward: -224.8555791384421 | Average Reward: -189.639 | Steps: 61502 | Total Reward: -98609.93392895599|
| Episode: 410 | Epsilon:  0.10 | Reward: -369.53790024697395 | Average Reward: -190.804 | Steps: 61741 | Total Reward: -98979.47182920291|
| Episode: 411 | Epsilon:  0.10 | Reward: -184.37999698007252 | Average Reward: -191.363 | Steps: 62246 | Total Reward: -99163.85182618299|
| Episode: 412 | Epsilon:  0.10 | Reward: -132.9755890758211 | Average Reward: -190.860 | Steps: 62565 | Total Reward: -99296.82741525873|
| Episode: 413 | Epsilon:  0.10 | Reward: -567.9250982655556 | Average Reward: -194.910 | Steps: 62640 | Total Reward: -99864.75251352426|
| Episode: 414 | Epsilon:  0.10 | Reward: -185.6021909371268 | Average Reward: -195.180 | Steps: 62755 | Total Reward: -100050.3547044614|
| Episode: 415 | Epsilon:  0.10 | Reward: -270.06940107987646 | Average Reward: -192.743 | Steps: 62999 | Total Reward: -100320.42410554133|
| Episode: 416 | Epsilon:  0.10 | Reward: -190.65578590283252 | Average Reward: -192.260 | Steps: 63127 | Total Reward: -100511.07989144424|
| Episode: 417 | Epsilon:  0.10 | Reward: -168.69570876670565 | Average Reward: -192.480 | Steps: 63491 | Total Reward: -100679.77560021088|
| Episode: 418 | Epsilon:  0.10 | Reward: -258.8859797997826 | Average Reward: -193.086 | Steps: 63644 | Total Reward: -100938.66158001065|
| Episode: 419 | Epsilon:  0.10 | Reward: -243.94462979144575 | Average Reward: -192.874 | Steps: 64053 | Total Reward: -101182.60620980209|
| Episode: 420 | Epsilon:  0.10 | Reward: -216.43996006820697 | Average Reward: -192.470 | Steps: 64205 | Total Reward: -101399.0461698703|
| Episode: 421 | Epsilon:  0.10 | Reward: -144.66494741786914 | Average Reward: -190.953 | Steps: 64377 | Total Reward: -101543.71111728807|
| Episode: 422 | Epsilon:  0.10 | Reward: -208.51982552654823 | Average Reward: -190.072 | Steps: 64580 | Total Reward: -101752.23094281452|
| Episode: 423 | Epsilon:  0.10 | Reward: -152.24011975084824 | Average Reward: -187.179 | Steps: 64709 | Total Reward: -101904.47106256538|
| Episode: 424 | Epsilon:  0.10 | Reward: -74.0058204677086 | Average Reward: -185.942 | Steps: 64843 | Total Reward: -101978.47688303303|
| Episode: 425 | Epsilon:  0.10 | Reward: -97.43209596005772 | Average Reward: -185.035 | Steps: 64920 | Total Reward: -102075.90897899312|
| Episode: 426 | Epsilon:  0.10 | Reward: -297.40272341539895 | Average Reward: -176.451 | Steps: 65030 | Total Reward: -102373.31170240848|
| Episode: 427 | Epsilon:  0.10 | Reward: -201.92117092305094 | Average Reward: -176.491 | Steps: 65141 | Total Reward: -102575.23287333157|
| Episode: 428 | Epsilon:  0.10 | Reward: -450.72170636650213 | Average Reward: -179.126 | Steps: 65466 | Total Reward: -103025.9545796982|
| Episode: 429 | Epsilon:  0.10 | Reward: -264.4022336096507 | Average Reward: -180.181 | Steps: 65588 | Total Reward: -103290.35681330775|
| Episode: 430 | Epsilon:  0.10 | Reward: -250.59481101247246 | Average Reward: -180.895 | Steps: 65742 | Total Reward: -103540.9516243202|
| Episode: 431 | Epsilon:  0.10 | Reward: -91.65350650180612 | Average Reward: -180.858 | Steps: 65860 | Total Reward: -103632.60513082199|
| Episode: 432 | Epsilon:  0.10 | Reward: -55.770734181873415 | Average Reward: -180.049 | Steps: 66125 | Total Reward: -103688.37586500387|
| Episode: 433 | Epsilon:  0.10 | Reward: -102.44701360434652 | Average Reward: -179.367 | Steps: 66366 | Total Reward: -103790.82287860825|
| Episode: 434 | Epsilon:  0.10 | Reward: -307.5517492746666 | Average Reward: -180.235 | Steps: 66576 | Total Reward: -104098.37462788277|
| Episode: 435 | Epsilon:  0.10 | Reward: -207.24598671942948 | Average Reward: -180.950 | Steps: 66848 | Total Reward: -104305.62061460211|
| Episode: 436 | Epsilon:  0.10 | Reward: -107.67917010192389 | Average Reward: -179.704 | Steps: 67084 | Total Reward: -104413.29978470401|
| Episode: 437 | Epsilon:  0.10 | Reward: -291.8929228996177 | Average Reward: -180.568 | Steps: 67180 | Total Reward: -104705.19270760365|
| Episode: 438 | Epsilon:  0.10 | Reward: -127.37522451271153 | Average Reward: -179.905 | Steps: 67262 | Total Reward: -104832.56793211639|
| Episode: 439 | Epsilon:  0.10 | Reward: -293.3802684116519 | Average Reward: -181.062 | Steps: 67370 | Total Reward: -105125.948200528|
| Episode: 440 | Epsilon:  0.10 | Reward: -170.01016226697465 | Average Reward: -180.875 | Steps: 67758 | Total Reward: -105295.95836279489|
| Episode: 441 | Epsilon:  0.10 | Reward: -67.95218288259785 | Average Reward: -180.449 | Steps: 67950 | Total Reward: -105363.91054567746|
| Episode: 442 | Epsilon:  0.10 | Reward: -310.2976953029837 | Average Reward: -181.490 | Steps: 68112 | Total Reward: -105674.20824098043|
| Episode: 443 | Epsilon:  0.10 | Reward: -155.6815435770589 | Average Reward: -180.626 | Steps: 68338 | Total Reward: -105829.88978455745|
| Episode: 444 | Epsilon:  0.10 | Reward: -304.2696453495337 | Average Reward: -182.035 | Steps: 68575 | Total Reward: -106134.15942990691|
| Episode: 445 | Epsilon:  0.10 | Reward: -250.9702940508277 | Average Reward: -182.299 | Steps: 68752 | Total Reward: -106385.1297239578|
| Episode: 446 | Epsilon:  0.10 | Reward: -203.92555787800404 | Average Reward: -182.864 | Steps: 68882 | Total Reward: -106589.0552818359|
| Episode: 447 | Epsilon:  0.10 | Reward: -34.891472086331916 | Average Reward: -181.482 | Steps: 69054 | Total Reward: -106623.94675392217|
| Episode: 448 | Epsilon:  0.10 | Reward: -227.82700447070334 | Average Reward: -182.294 | Steps: 69228 | Total Reward: -106851.77375839278|
| Episode: 449 | Epsilon:  0.10 | Reward: -369.2558362680869 | Average Reward: -184.548 | Steps: 69407 | Total Reward: -107221.0295946608|
| Episode: 450 | Epsilon:  0.10 | Reward: -288.14871234452085 | Average Reward: -185.135 | Steps: 69540 | Total Reward: -107509.17830700532|
| Episode: 451 | Epsilon:  0.10 | Reward: -141.4887500390406 | Average Reward: -184.113 | Steps: 69777 | Total Reward: -107650.6670570444|
| Episode: 452 | Epsilon:  0.10 | Reward: -9.62656964270711 | Average Reward: -182.523 | Steps: 69909 | Total Reward: -107660.29362668711|
| Episode: 453 | Epsilon:  0.10 | Reward: -239.668632090119 | Average Reward: -183.321 | Steps: 70086 | Total Reward: -107899.9622587772|
| Episode: 454 | Epsilon:  0.10 | Reward: -69.40168122659506 | Average Reward: -181.774 | Steps: 70170 | Total Reward: -107969.36394000384|
| Episode: 455 | Epsilon:  0.10 | Reward: -13.122037683514492 | Average Reward: -180.634 | Steps: 70316 | Total Reward: -107982.48597768741|
| Episode: 456 | Epsilon:  0.10 | Reward: -250.78952110120716 | Average Reward: -181.308 | Steps: 70510 | Total Reward: -108233.2754987887|
| Episode: 457 | Epsilon:  0.10 | Reward: -196.47805320987595 | Average Reward: -180.950 | Steps: 70640 | Total Reward: -108429.75355199852|
| Episode: 458 | Epsilon:  0.10 | Reward: -151.00404640077414 | Average Reward: -180.115 | Steps: 70816 | Total Reward: -108580.75759839932|
| Episode: 459 | Epsilon:  0.10 | Reward: -401.14569036570066 | Average Reward: -182.252 | Steps: 70945 | Total Reward: -108981.90328876502|
| Episode: 460 | Epsilon:  0.10 | Reward: -248.94674517732426 | Average Reward: -183.153 | Steps: 71085 | Total Reward: -109230.8500339424|
| Episode: 461 | Epsilon:  0.10 | Reward: -252.3664911829495 | Average Reward: -184.244 | Steps: 71182 | Total Reward: -109483.21652512539|
| Episode: 462 | Epsilon:  0.10 | Reward: -55.26343667879385 | Average Reward: -184.208 | Steps: 71387 | Total Reward: -109538.47996180416|
| Episode: 463 | Epsilon:  0.10 | Reward: -230.95302038454727 | Average Reward: -185.486 | Steps: 71478 | Total Reward: -109769.43298218872|
| Episode: 464 | Epsilon:  0.10 | Reward: -248.11603082774494 | Average Reward: -186.864 | Steps: 71632 | Total Reward: -110017.54901301656|
| Episode: 465 | Epsilon:  0.10 | Reward: -154.06715477724583 | Average Reward: -185.843 | Steps: 71761 | Total Reward: -110171.61616779384|
| Episode: 466 | Epsilon:  0.10 | Reward: -305.25494632001426 | Average Reward: -187.635 | Steps: 71930 | Total Reward: -110476.87111411383|
| Episode: 467 | Epsilon:  0.10 | Reward: -208.0071599723487 | Average Reward: -188.731 | Steps: 71996 | Total Reward: -110684.87827408612|
| Episode: 468 | Epsilon:  0.10 | Reward: -45.400600071158564 | Average Reward: -187.073 | Steps: 72174 | Total Reward: -110730.2788741573|
| Episode: 469 | Epsilon:  0.10 | Reward: -137.69010821038728 | Average Reward: -186.224 | Steps: 72359 | Total Reward: -110867.96898236766|
| Episode: 470 | Epsilon:  0.10 | Reward: -91.34420139527089 | Average Reward: -186.020 | Steps: 72457 | Total Reward: -110959.31318376293|
| Episode: 471 | Epsilon:  0.10 | Reward: -389.97333052876087 | Average Reward: -188.243 | Steps: 72661 | Total Reward: -111349.28651429164|
| Episode: 472 | Epsilon:  0.10 | Reward: -70.87757986254462 | Average Reward: -187.683 | Steps: 72922 | Total Reward: -111420.16409415426|
| Episode: 473 | Epsilon:  0.10 | Reward: -380.69886905150116 | Average Reward: -188.631 | Steps: 73086 | Total Reward: -111800.86296320577|
| Episode: 474 | Epsilon:  0.10 | Reward: -302.5769049641207 | Average Reward: -190.922 | Steps: 73262 | Total Reward: -112103.43986816988|
| Episode: 475 | Epsilon:  0.10 | Reward: -64.37555275786065 | Average Reward: -190.232 | Steps: 73367 | Total Reward: -112167.81542092771|
| Episode: 476 | Epsilon:  0.10 | Reward: -193.2265757001826 | Average Reward: -190.198 | Steps: 73530 | Total Reward: -112361.04199662787|
| Episode: 477 | Epsilon:  0.10 | Reward: -370.3824899934019 | Average Reward: -192.740 | Steps: 73697 | Total Reward: -112731.42448662128|
| Episode: 478 | Epsilon:  0.10 | Reward: -136.01498660219158 | Average Reward: -192.356 | Steps: 73792 | Total Reward: -112867.43947322351|
| Episode: 479 | Epsilon:  0.10 | Reward: -258.7047767576554 | Average Reward: -193.162 | Steps: 73931 | Total Reward: -113126.14424998125|
| Episode: 480 | Epsilon:  0.10 | Reward: -240.9686470544855 | Average Reward: -194.370 | Steps: 74057 | Total Reward: -113367.11289703574|
| Episode: 481 | Epsilon:  0.10 | Reward: -329.1099400048295 | Average Reward: -196.388 | Steps: 74233 | Total Reward: -113696.22283704064|
| Episode: 482 | Epsilon:  0.10 | Reward: -149.5703629277163 | Average Reward: -196.642 | Steps: 74396 | Total Reward: -113845.79319996834|
| Episode: 483 | Epsilon:  0.10 | Reward: -71.91533695761159 | Average Reward: -196.121 | Steps: 74582 | Total Reward: -113917.70853692594|
| Episode: 484 | Epsilon:  0.10 | Reward: -133.97546556837491 | Average Reward: -195.735 | Steps: 74732 | Total Reward: -114051.68400249432|
| Episode: 485 | Epsilon:  0.10 | Reward: -241.45012678211452 | Average Reward: -195.892 | Steps: 74933 | Total Reward: -114293.13412927635|
| Episode: 486 | Epsilon:  0.10 | Reward: 13.303311598965834 | Average Reward: -194.462 | Steps: 75073 | Total Reward: -114279.83081767737|
| Episode: 487 | Epsilon:  0.10 | Reward: -246.11118468983344 | Average Reward: -194.622 | Steps: 75250 | Total Reward: -114525.94200236714|
| Episode: 488 | Epsilon:  0.10 | Reward: -175.026426595271 | Average Reward: -195.216 | Steps: 75382 | Total Reward: -114700.96842896238|
| Episode: 489 | Epsilon:  0.10 | Reward: -187.89776330795922 | Average Reward: -195.113 | Steps: 75510 | Total Reward: -114888.86619227036|
| Episode: 490 | Epsilon:  0.10 | Reward: -206.8117851538486 | Average Reward: -197.119 | Steps: 75677 | Total Reward: -115095.67797742422|
| Episode: 491 | Epsilon:  0.10 | Reward: -119.92122804618268 | Average Reward: -196.620 | Steps: 75849 | Total Reward: -115215.5992054704|
| Episode: 492 | Epsilon:  0.10 | Reward: -402.8554344701467 | Average Reward: -199.884 | Steps: 76018 | Total Reward: -115618.45463994057|
| Episode: 493 | Epsilon:  0.10 | Reward: -46.785108363446966 | Average Reward: -198.408 | Steps: 76183 | Total Reward: -115665.23974830395|
| Episode: 494 | Epsilon:  0.10 | Reward: -130.89500922465658 | Average Reward: -198.433 | Steps: 76488 | Total Reward: -115796.13475752884|
| Episode: 495 | Epsilon:  0.10 | Reward: -64.1900529520745 | Average Reward: -196.762 | Steps: 76670 | Total Reward: -115860.3248104809|
| Episode: 496 | Epsilon:  0.10 | Reward: -311.67904022236144 | Average Reward: -197.520 | Steps: 76889 | Total Reward: -116172.00385070329|
| Episode: 497 | Epsilon:  0.10 | Reward: -244.43910251292976 | Average Reward: -198.785 | Steps: 77149 | Total Reward: -116416.44295321607|
| Episode: 498 | Epsilon:  0.10 | Reward: -290.38690191252863 | Average Reward: -198.983 | Steps: 77429 | Total Reward: -116706.82985512857|
| Episode: 499 | Epsilon:  0.10 | Reward: -515.0418268834433 | Average Reward: -202.587 | Steps: 77579 | Total Reward: -117221.87168201199|
| Episode: 500 | Epsilon:  0.10 | Reward: -58.03928293045516 | Average Reward: -201.113 | Steps: 77796 | Total Reward: -117279.9109649426|
| Episode: 501 | Epsilon:  0.10 | Reward: -226.84163339591484 | Average Reward: -201.766 | Steps: 77948 | Total Reward: -117506.75259833847|
| Episode: 502 | Epsilon:  0.10 | Reward: -518.9447134388711 | Average Reward: -204.466 | Steps: 78116 | Total Reward: -118025.69731177739|
| Episode: 503 | Epsilon:  0.10 | Reward: -177.40057562077854 | Average Reward: -204.943 | Steps: 78282 | Total Reward: -118203.09788739812|
| Episode: 504 | Epsilon:  0.10 | Reward: -71.60499070259237 | Average Reward: -205.334 | Steps: 78439 | Total Reward: -118274.70287810061|
| Episode: 505 | Epsilon:  0.10 | Reward: -76.10613752895932 | Average Reward: -205.392 | Steps: 78566 | Total Reward: -118350.80901562958|
| Episode: 506 | Epsilon:  0.10 | Reward: -275.4742719527399 | Average Reward: -207.228 | Steps: 78777 | Total Reward: -118626.28328758225|
| Episode: 507 | Epsilon:  0.10 | Reward: -236.86288518183463 | Average Reward: -207.820 | Steps: 78954 | Total Reward: -118863.14617276404|
| Episode: 508 | Epsilon:  0.10 | Reward: -55.016789400211806 | Average Reward: -205.331 | Steps: 79101 | Total Reward: -118918.16296216425|
| Episode: 509 | Epsilon:  0.10 | Reward: -114.86704059612858 | Average Reward: -204.231 | Steps: 79315 | Total Reward: -119033.0300027603|
| Episode: 510 | Epsilon:  0.10 | Reward: -156.1915348605962 | Average Reward: -202.097 | Steps: 79484 | Total Reward: -119189.2215376209|
| Episode: 511 | Epsilon:  0.10 | Reward: -172.72648498202682 | Average Reward: -201.981 | Steps: 79776 | Total Reward: -119361.94802260277|
| Episode: 512 | Epsilon:  0.10 | Reward: -338.28745661525886 | Average Reward: -204.034 | Steps: 79949 | Total Reward: -119700.23547921798|
| Episode: 513 | Epsilon:  0.10 | Reward: -265.682068662298 | Average Reward: -201.012 | Steps: 80083 | Total Reward: -119965.9175478803|
| Episode: 514 | Epsilon:  0.10 | Reward: -424.4335775411965 | Average Reward: -203.400 | Steps: 80242 | Total Reward: -120390.3511254214|
| Episode: 515 | Epsilon:  0.10 | Reward: -228.3376423844901 | Average Reward: -202.983 | Steps: 80451 | Total Reward: -120618.68876780584|
| Episode: 516 | Epsilon:  0.10 | Reward: -168.60232486401523 | Average Reward: -202.762 | Steps: 80597 | Total Reward: -120787.2910926698|
| Episode: 517 | Epsilon:  0.10 | Reward: -43.814913347310245 | Average Reward: -201.513 | Steps: 80761 | Total Reward: -120831.10600601704|
| Episode: 518 | Epsilon:  0.10 | Reward: -563.1394877106744 | Average Reward: -204.556 | Steps: 80909 | Total Reward: -121394.2454937277|
| Episode: 519 | Epsilon:  0.10 | Reward: -298.60354859293074 | Average Reward: -205.102 | Steps: 81025 | Total Reward: -121692.84904232073|
| Episode: 520 | Epsilon:  0.10 | Reward: -491.4688469072014 | Average Reward: -207.853 | Steps: 81237 | Total Reward: -122184.31788922792|
| Episode: 521 | Epsilon:  0.10 | Reward: -522.5320529154648 | Average Reward: -211.631 | Steps: 81461 | Total Reward: -122706.84994214342|
| Episode: 522 | Epsilon:  0.10 | Reward: -155.856047800551 | Average Reward: -211.105 | Steps: 81725 | Total Reward: -122862.70598994388|
| Episode: 523 | Epsilon:  0.10 | Reward: -121.49010505667127 | Average Reward: -210.797 | Steps: 81867 | Total Reward: -122984.19609500059|
| Episode: 524 | Epsilon:  0.10 | Reward: -736.5168407805803 | Average Reward: -217.422 | Steps: 82124 | Total Reward: -123720.7129357811|
| Episode: 525 | Epsilon:  0.10 | Reward: -366.1281010132583 | Average Reward: -220.109 | Steps: 82294 | Total Reward: -124086.84103679431|
| Episode: 526 | Epsilon:  0.10 | Reward: -369.6094140428981 | Average Reward: -220.831 | Steps: 82622 | Total Reward: -124456.45045083734|
| Episode: 527 | Epsilon:  0.10 | Reward: -76.63715140833358 | Average Reward: -219.579 | Steps: 82934 | Total Reward: -124533.0876022456|
| Episode: 528 | Epsilon:  0.10 | Reward: -330.4761560276018 | Average Reward: -218.376 | Steps: 83042 | Total Reward: -124863.56375827316|
| Episode: 529 | Epsilon:  0.10 | Reward: -188.6936216464457 | Average Reward: -217.619 | Steps: 83369 | Total Reward: -125052.25737991961|
| Episode: 530 | Epsilon:  0.10 | Reward: -262.18533171316113 | Average Reward: -217.735 | Steps: 83649 | Total Reward: -125314.44271163273|
| Episode: 531 | Epsilon:  0.10 | Reward: -487.0596925973712 | Average Reward: -221.689 | Steps: 83833 | Total Reward: -125801.50240423014|
| Episode: 532 | Epsilon:  0.10 | Reward: -118.25401949047654 | Average Reward: -222.314 | Steps: 84025 | Total Reward: -125919.75642372065|
| Episode: 533 | Epsilon:  0.10 | Reward: -463.642162906174 | Average Reward: -225.926 | Steps: 84136 | Total Reward: -126383.39858662686|
| Episode: 534 | Epsilon:  0.10 | Reward: -459.1478043293669 | Average Reward: -227.442 | Steps: 84300 | Total Reward: -126842.54639095622|
| Episode: 535 | Epsilon:  0.10 | Reward: -524.8817155078991 | Average Reward: -230.618 | Steps: 84425 | Total Reward: -127367.42810646411|
| Episode: 536 | Epsilon:  0.10 | Reward: -374.73040567506007 | Average Reward: -233.289 | Steps: 84600 | Total Reward: -127742.15851213913|
| Episode: 537 | Epsilon:  0.10 | Reward: -283.53478601984307 | Average Reward: -233.205 | Steps: 84933 | Total Reward: -128025.69329815902|
| Episode: 538 | Epsilon:  0.10 | Reward: -362.8932502757971 | Average Reward: -235.560 | Steps: 85028 | Total Reward: -128388.58654843476|
| Episode: 539 | Epsilon:  0.10 | Reward: -311.7302983691742 | Average Reward: -235.744 | Steps: 85278 | Total Reward: -128700.31684680394|
| Episode: 540 | Epsilon:  0.10 | Reward: -187.57416650604796 | Average Reward: -235.919 | Steps: 85423 | Total Reward: -128887.89101330997|
| Episode: 541 | Epsilon:  0.10 | Reward: -156.3766759460783 | Average Reward: -236.804 | Steps: 85546 | Total Reward: -129044.2676892561|
| Episode: 542 | Epsilon:  0.10 | Reward: -248.60427846049885 | Average Reward: -236.187 | Steps: 85680 | Total Reward: -129292.87196771664|
| Episode: 543 | Epsilon:  0.10 | Reward: -65.28936545535004 | Average Reward: -235.283 | Steps: 86041 | Total Reward: -129358.16133317199|
| Episode: 544 | Epsilon:  0.10 | Reward: -91.57458000706177 | Average Reward: -233.156 | Steps: 86223 | Total Reward: -129449.73591317909|
| Episode: 545 | Epsilon:  0.10 | Reward: -516.9531079145358 | Average Reward: -235.816 | Steps: 86385 | Total Reward: -129966.68902109365|
| Episode: 546 | Epsilon:  0.10 | Reward: -241.16091682918307 | Average Reward: -236.188 | Steps: 86501 | Total Reward: -130207.84993792285|
| Episode: 547 | Epsilon:  0.10 | Reward: -117.54601484892723 | Average Reward: -237.014 | Steps: 86756 | Total Reward: -130325.3959527718|
| Episode: 548 | Epsilon:  0.10 | Reward: -298.1344283607309 | Average Reward: -237.718 | Steps: 86862 | Total Reward: -130623.53038113254|
| Episode: 549 | Epsilon:  0.10 | Reward: -125.80972396594647 | Average Reward: -235.283 | Steps: 87054 | Total Reward: -130749.34010509844|
| Episode: 550 | Epsilon:  0.10 | Reward: -443.2836841861321 | Average Reward: -236.834 | Steps: 87197 | Total Reward: -131192.6237892845|
| Episode: 551 | Epsilon:  0.10 | Reward: -177.98152510723736 | Average Reward: -237.199 | Steps: 87401 | Total Reward: -131370.60531439152|
| Episode: 552 | Epsilon:  0.10 | Reward: -368.7507318757664 | Average Reward: -240.791 | Steps: 87633 | Total Reward: -131739.3560462671|
| Episode: 553 | Epsilon:  0.10 | Reward: -383.84229708399135 | Average Reward: -242.232 | Steps: 87915 | Total Reward: -132123.19834335105|
| Episode: 554 | Epsilon:  0.10 | Reward: -694.4666079714837 | Average Reward: -248.483 | Steps: 88210 | Total Reward: -132817.66495132245|
| Episode: 555 | Epsilon:  0.10 | Reward: -75.26762073612538 | Average Reward: -249.104 | Steps: 88275 | Total Reward: -132892.93257205855|
| Episode: 556 | Epsilon:  0.10 | Reward: -651.7701638210546 | Average Reward: -253.114 | Steps: 88501 | Total Reward: -133544.70273587943|
| Episode: 557 | Epsilon:  0.10 | Reward: -258.9279652933353 | Average Reward: -253.739 | Steps: 88638 | Total Reward: -133803.63070117278|
| Episode: 558 | Epsilon:  0.10 | Reward: -508.97410286530834 | Average Reward: -257.318 | Steps: 88744 | Total Reward: -134312.60480403813|
| Episode: 559 | Epsilon:  0.10 | Reward: -565.9805569085781 | Average Reward: -258.967 | Steps: 88911 | Total Reward: -134878.5853609468|
| Episode: 560 | Epsilon:  0.10 | Reward: -57.5089377444492 | Average Reward: -257.052 | Steps: 89085 | Total Reward: -134936.09429869114|
| Episode: 561 | Epsilon:  0.10 | Reward: -419.23451066937884 | Average Reward: -258.721 | Steps: 89275 | Total Reward: -135355.3288093607|
| Episode: 562 | Epsilon:  0.10 | Reward: -545.7880543075366 | Average Reward: -263.626 | Steps: 89363 | Total Reward: -135901.1168636683|
| Episode: 563 | Epsilon:  0.10 | Reward: -376.363711408831 | Average Reward: -265.080 | Steps: 89440 | Total Reward: -136277.48057507715|
| Episode: 564 | Epsilon:  0.10 | Reward: -308.027055478354 | Average Reward: -265.680 | Steps: 89594 | Total Reward: -136585.50763055563|
| Episode: 565 | Epsilon:  0.10 | Reward: -69.4160708940955 | Average Reward: -264.833 | Steps: 89767 | Total Reward: -136654.92370144976|
| Episode: 566 | Epsilon:  0.10 | Reward: -64.45400537470375 | Average Reward: -262.425 | Steps: 89927 | Total Reward: -136719.37770682442|
| Episode: 567 | Epsilon:  0.10 | Reward: -168.13615459304953 | Average Reward: -262.026 | Steps: 90020 | Total Reward: -136887.51386141745|
| Episode: 568 | Epsilon:  0.10 | Reward: -515.955896707744 | Average Reward: -266.732 | Steps: 90161 | Total Reward: -137403.46975812528|
| Episode: 569 | Epsilon:  0.10 | Reward: -281.58532776459015 | Average Reward: -268.171 | Steps: 90388 | Total Reward: -137685.05508588985|
| Episode: 570 | Epsilon:  0.10 | Reward: -243.99808690648553 | Average Reward: -269.697 | Steps: 90472 | Total Reward: -137929.0531727963|
| Episode: 571 | Epsilon:  0.10 | Reward: -56.773683691624285 | Average Reward: -266.365 | Steps: 90610 | Total Reward: -137985.8268564878|
| Episode: 572 | Epsilon:  0.10 | Reward: -176.14331766692123 | Average Reward: -267.418 | Steps: 90843 | Total Reward: -138161.97017415488|
| Episode: 573 | Epsilon:  0.10 | Reward: -316.9654901422599 | Average Reward: -266.781 | Steps: 91008 | Total Reward: -138478.9356642971|
| Episode: 574 | Epsilon:  0.10 | Reward: -106.62482662864662 | Average Reward: -264.821 | Steps: 91148 | Total Reward: -138585.56049092568|
| Episode: 575 | Epsilon:  0.10 | Reward: -345.67206848538194 | Average Reward: -267.634 | Steps: 91370 | Total Reward: -138931.23255941097|
| Episode: 576 | Epsilon:  0.10 | Reward: -181.64939251603988 | Average Reward: -267.518 | Steps: 91447 | Total Reward: -139112.88195192703|
| Episode: 577 | Epsilon:  0.10 | Reward: -244.31266495891927 | Average Reward: -266.258 | Steps: 91585 | Total Reward: -139357.19461688586|
| Episode: 578 | Epsilon:  0.10 | Reward: -238.87788377814846 | Average Reward: -267.286 | Steps: 91785 | Total Reward: -139596.0725006641|
| Episode: 579 | Epsilon:  0.10 | Reward: -158.27569409467765 | Average Reward: -266.282 | Steps: 91964 | Total Reward: -139754.34819475882|
| Episode: 580 | Epsilon:  0.10 | Reward: -279.6464893546511 | Average Reward: -266.669 | Steps: 92049 | Total Reward: -140033.99468411348|
| Episode: 581 | Epsilon:  0.10 | Reward: -685.2811763650559 | Average Reward: -270.231 | Steps: 92182 | Total Reward: -140719.2758604786|
| Episode: 582 | Epsilon:  0.10 | Reward: -216.44886640216998 | Average Reward: -270.899 | Steps: 92315 | Total Reward: -140935.72472688096|
| Episode: 583 | Epsilon:  0.10 | Reward: -482.0476570641234 | Average Reward: -275.001 | Steps: 92438 | Total Reward: -141417.77238394512|
| Episode: 584 | Epsilon:  0.10 | Reward: -101.9961970017553 | Average Reward: -274.681 | Steps: 92639 | Total Reward: -141519.76858094663|
| Episode: 585 | Epsilon:  0.10 | Reward: -715.9298018422041 | Average Reward: -279.426 | Steps: 92731 | Total Reward: -142235.69838278895|
| Episode: 586 | Epsilon:  0.10 | Reward: -555.5748659953026 | Average Reward: -285.114 | Steps: 92982 | Total Reward: -142791.2732487843|
| Episode: 587 | Epsilon:  0.10 | Reward: -279.72762824603274 | Average Reward: -285.451 | Steps: 93095 | Total Reward: -143071.00087703022|
| Episode: 588 | Epsilon:  0.10 | Reward: -658.9269987371563 | Average Reward: -290.290 | Steps: 93318 | Total Reward: -143729.92787576746|
| Episode: 589 | Epsilon:  0.10 | Reward: -146.12786454435292 | Average Reward: -289.872 | Steps: 93467 | Total Reward: -143876.0557403119|
| Episode: 590 | Epsilon:  0.10 | Reward: -459.43849918110766 | Average Reward: -292.398 | Steps: 93606 | Total Reward: -144335.49423949304|
| Episode: 591 | Epsilon:  0.10 | Reward: -488.0879790138581 | Average Reward: -296.080 | Steps: 93761 | Total Reward: -144823.58221850693|
| Episode: 592 | Epsilon:  0.10 | Reward: -295.8416880356134 | Average Reward: -295.010 | Steps: 93882 | Total Reward: -145119.42390654256|
| Episode: 593 | Epsilon:  0.10 | Reward: -462.6728722856012 | Average Reward: -299.169 | Steps: 94071 | Total Reward: -145582.0967788281|
| Episode: 594 | Epsilon:  0.10 | Reward: -224.13276067400702 | Average Reward: -300.101 | Steps: 94141 | Total Reward: -145806.22953950215|
| Episode: 595 | Epsilon:  0.10 | Reward: -251.18776657016141 | Average Reward: -301.971 | Steps: 94341 | Total Reward: -146057.4173060722|
| Episode: 596 | Epsilon:  0.10 | Reward: -162.97265552663396 | Average Reward: -300.484 | Steps: 94483 | Total Reward: -146220.38996159885|
| Episode: 597 | Epsilon:  0.10 | Reward: -251.0224171431038 | Average Reward: -300.550 | Steps: 94557 | Total Reward: -146471.41237874198|
| Episode: 598 | Epsilon:  0.10 | Reward: -451.4465303856088 | Average Reward: -302.160 | Steps: 94782 | Total Reward: -146922.85890912754|
| Episode: 599 | Epsilon:  0.10 | Reward: -349.6158423891171 | Average Reward: -300.506 | Steps: 94953 | Total Reward: -147272.4747515167|
| Episode: 600 | Epsilon:  0.10 | Reward: -312.99566958614014 | Average Reward: -303.056 | Steps: 95362 | Total Reward: -147585.4704211028|
| Episode: 601 | Epsilon:  0.10 | Reward: -344.0295583446332 | Average Reward: -304.227 | Steps: 95471 | Total Reward: -147929.49997944752|
| Episode: 602 | Epsilon:  0.10 | Reward: -937.7760270755646 | Average Reward: -308.416 | Steps: 95582 | Total Reward: -148867.2760065232|
| Episode: 603 | Epsilon:  0.10 | Reward: -399.6214634971245 | Average Reward: -310.638 | Steps: 95742 | Total Reward: -149266.89747002057|
| Episode: 604 | Epsilon:  0.10 | Reward: -366.47607747997404 | Average Reward: -313.587 | Steps: 95904 | Total Reward: -149633.37354750067|
| Episode: 605 | Epsilon:  0.10 | Reward: -478.20569940190313 | Average Reward: -317.608 | Steps: 96160 | Total Reward: -150111.57924690275|
| Episode: 606 | Epsilon:  0.10 | Reward: -409.06658089999485 | Average Reward: -318.944 | Steps: 96394 | Total Reward: -150520.64582780283|
| Episode: 607 | Epsilon:  0.10 | Reward: 19.721038567796228 | Average Reward: -316.378 | Steps: 96615 | Total Reward: -150500.9247892351|
| Episode: 608 | Epsilon:  0.10 | Reward: -82.82406257845527 | Average Reward: -316.656 | Steps: 96674 | Total Reward: -150583.74885181343|
| Episode: 609 | Epsilon:  0.10 | Reward: -131.64673648927294 | Average Reward: -316.824 | Steps: 96914 | Total Reward: -150715.39558830272|
| Episode: 610 | Epsilon:  0.10 | Reward: -205.2325475818639 | Average Reward: -317.314 | Steps: 97249 | Total Reward: -150920.62813588482|
| Episode: 611 | Epsilon:  0.10 | Reward: -265.33113688877705 | Average Reward: -318.240 | Steps: 97335 | Total Reward: -151185.95927277376|
| Episode: 612 | Epsilon:  0.10 | Reward: -312.74313245323583 | Average Reward: -317.985 | Steps: 97609 | Total Reward: -151498.70240522694|
| Episode: 613 | Epsilon:  0.10 | Reward: -69.14617108095223 | Average Reward: -316.019 | Steps: 97886 | Total Reward: -151567.84857630805|
| Episode: 614 | Epsilon:  0.10 | Reward: -140.77294762185988 | Average Reward: -313.183 | Steps: 97972 | Total Reward: -151708.62152393005|
| Episode: 615 | Epsilon:  0.10 | Reward: -349.39888963486703 | Average Reward: -314.393 | Steps: 98228 | Total Reward: -152058.02041356493|
| Episode: 616 | Epsilon:  0.10 | Reward: -120.27135382434679 | Average Reward: -313.910 | Steps: 98499 | Total Reward: -152178.29176738925|
| Episode: 617 | Epsilon:  0.10 | Reward: -206.29625571757606 | Average Reward: -315.535 | Steps: 98624 | Total Reward: -152384.58802310683|
| Episode: 618 | Epsilon:  0.10 | Reward: -258.89341125516137 | Average Reward: -312.492 | Steps: 98909 | Total Reward: -152643.48143436198|
| Episode: 619 | Epsilon:  0.10 | Reward: -207.10218475019957 | Average Reward: -311.577 | Steps: 99254 | Total Reward: -152850.58361911192|
| Episode: 620 | Epsilon:  0.10 | Reward: -256.7090837631566 | Average Reward: -309.230 | Steps: 99399 | Total Reward: -153107.2927028751|
| Episode: 621 | Epsilon:  0.10 | Reward: -377.4718644135557 | Average Reward: -307.779 | Steps: 99546 | Total Reward: -153484.76456728866|
| Episode: 622 | Epsilon:  0.10 | Reward: -199.83626907183134 | Average Reward: -308.219 | Steps: 99645 | Total Reward: -153684.6008363605|
| Episode: 623 | Epsilon:  0.10 | Reward: -148.22802077624794 | Average Reward: -308.486 | Steps: 99740 | Total Reward: -153832.82885713674|
| Episode: 624 | Epsilon:  0.10 | Reward: -114.7097976216618 | Average Reward: -302.268 | Steps: 100031 | Total Reward: -153947.5386547583|
| Episode: 625 | Epsilon:  0.10 | Reward: -161.32437541639905 | Average Reward: -300.220 | Steps: 100369 | Total Reward: -154108.86303017463|
| Episode: 626 | Epsilon:  0.10 | Reward: -293.4948707743455 | Average Reward: -299.459 | Steps: 100622 | Total Reward: -154402.35790094887|
| Episode: 627 | Epsilon:  0.10 | Reward: -382.98215434632056 | Average Reward: -302.523 | Steps: 100698 | Total Reward: -154785.34005529515|
