+------------------------+----------------------------+--------------------+
|                        |     Supported Features     |  Program Commands  |
+========================+============================+====================+
| Compatible Layers      | Hopfield Layer,            | hopfield,          |
|                        | HopfieldLayer Layer,       | hopfield_layer,    |
|                        | HopfieldPooling Layer,     | hopfield_pooling,  |
|                        | LSTM,                      | lstm,              |
|                        | GRU                        | gru                |
+------------------------+----------------------------+--------------------+
| Supported Loss Metrics | Huber Loss,                | huber,             |
|                        | Mean Absolute Error Loss,  | mae,               |
|                        | Mean Squared Error Loss,   | mse,               |
|                        | SmoothL1 Loss              | smooth_l1          |
+------------------------+----------------------------+--------------------+
| Supported Optimizers   | RMSprop (default),         | rmsprop,           |
|                        | AdamW,                     | adam,              |
|                        | Adam                       | adamW              |
+------------------------+----------------------------+--------------------+
| Episode:   1 | Epsilon:  0.90 | Reward: -203.15237000868444 | Average Reward: -203.152 | Steps:    53 | Total Reward: -203.15237000868444|
| Episode:   2 | Epsilon:  0.86 | Reward: -137.03512486898697 | Average Reward: -170.094 | Steps:   142 | Total Reward: -340.1874948776715|
| Episode:   3 | Epsilon:  0.82 | Reward: -150.18140407836734 | Average Reward: -163.456 | Steps:   202 | Total Reward: -490.3688989560383|
| Episode:   4 | Epsilon:  0.79 | Reward: -359.51850398008423 | Average Reward: -212.472 | Steps:   322 | Total Reward: -849.8874029361219|
| Episode:   5 | Epsilon:  0.75 | Reward: -353.4665935674951 | Average Reward: -240.671 | Steps:   392 | Total Reward: -1203.3539965036166|
| Episode:   6 | Epsilon:  0.72 | Reward: -631.8177008414032 | Average Reward: -305.862 | Steps:   488 | Total Reward: -1835.1716973450202|
| Episode:   7 | Epsilon:  0.69 | Reward: -436.4706607554909 | Average Reward: -324.520 | Steps:   587 | Total Reward: -2271.6423581005097|
| Episode:   8 | Epsilon:  0.66 | Reward: -365.07469562590467 | Average Reward: -329.590 | Steps:   687 | Total Reward: -2636.7170537264137|
| Episode:   9 | Epsilon:  0.64 | Reward: -715.7628416504767 | Average Reward: -372.498 | Steps:   784 | Total Reward: -3352.479895376892|
| Episode:  10 | Epsilon:  0.61 | Reward: -286.4150546360414 | Average Reward: -363.889 | Steps:   860 | Total Reward: -3638.8949500129343|
| Episode:  11 | Epsilon:  0.59 | Reward: -288.8071759588619 | Average Reward: -357.064 | Steps:   929 | Total Reward: -3927.7021259717962|
| Episode:  12 | Epsilon:  0.56 | Reward: -584.7095667677559 | Average Reward: -376.034 | Steps:  1019 | Total Reward: -4512.411692739554|
| Episode:  13 | Epsilon:  0.54 | Reward: -221.5780803478301 | Average Reward: -364.153 | Steps:  1100 | Total Reward: -4733.9897730873845|
| Episode:  14 | Epsilon:  0.52 | Reward: -312.0237945048734 | Average Reward: -360.430 | Steps:  1164 | Total Reward: -5046.013567592257|
| Episode:  15 | Epsilon:  0.50 | Reward: -285.2160253842001 | Average Reward: -355.415 | Steps:  1229 | Total Reward: -5331.229592976455|
| Episode:  16 | Epsilon:  0.48 | Reward: -270.9229994428439 | Average Reward: -350.135 | Steps:  1290 | Total Reward: -5602.152592419304|
| Episode:  17 | Epsilon:  0.46 | Reward: -345.8158449072628 | Average Reward: -349.880 | Steps:  1346 | Total Reward: -5947.968437326568|
| Episode:  18 | Epsilon:  0.44 | Reward: -489.62047357325366 | Average Reward: -357.644 | Steps:  1409 | Total Reward: -6437.588910899824|
| Episode:  19 | Epsilon:  0.43 | Reward: -574.0174392556759 | Average Reward: -369.032 | Steps:  1489 | Total Reward: -7011.606350155503|
| Episode:  20 | Epsilon:  0.41 | Reward: -303.41426397683756 | Average Reward: -365.751 | Steps:  1550 | Total Reward: -7315.020614132339|
| Episode:  21 | Epsilon:  0.39 | Reward: -360.8500629831808 | Average Reward: -365.518 | Steps:  1608 | Total Reward: -7675.870677115523|
| Episode:  22 | Epsilon:  0.38 | Reward: -363.48909968828366 | Average Reward: -365.425 | Steps:  1666 | Total Reward: -8039.3597768038035|
| Episode:  23 | Epsilon:  0.37 | Reward: -468.43203557942735 | Average Reward: -369.904 | Steps:  1750 | Total Reward: -8507.79181238323|
| Episode:  24 | Epsilon:  0.35 | Reward: -394.97920304574205 | Average Reward: -370.949 | Steps:  1803 | Total Reward: -8902.771015428969|
| Episode:  25 | Epsilon:  0.34 | Reward: -254.8569558061426 | Average Reward: -366.305 | Steps:  1855 | Total Reward: -9157.627971235113|
| Episode:  26 | Epsilon:  0.33 | Reward: -498.72662831106464 | Average Reward: -371.398 | Steps:  1925 | Total Reward: -9656.35459954617|
| Episode:  27 | Epsilon:  0.32 | Reward: -553.4075755095931 | Average Reward: -378.139 | Steps:  2010 | Total Reward: -10209.76217505576|
| Episode:  28 | Epsilon:  0.31 | Reward: -387.95047866348114 | Average Reward: -378.490 | Steps:  2126 | Total Reward: -10597.712653719234|
| Episode:  29 | Epsilon:  0.30 | Reward: -75.8983837908493 | Average Reward: -368.056 | Steps:  2206 | Total Reward: -10673.611037510085|
| Episode:  30 | Epsilon:  0.29 | Reward: -328.15955437677434 | Average Reward: -366.726 | Steps:  2352 | Total Reward: -11001.770591886852|
| Episode:  31 | Epsilon:  0.28 | Reward: 17.47131999085984 | Average Reward: -354.332 | Steps:  2535 | Total Reward: -10984.299271896|
| Episode:  32 | Epsilon:  0.27 | Reward: 0.2193029447572883 | Average Reward: -343.252 | Steps:  2823 | Total Reward: -10984.07996895125|
| Episode:  33 | Epsilon:  0.26 | Reward: -172.53840699233808 | Average Reward: -338.079 | Steps:  3022 | Total Reward: -11156.61837594358|
| Episode:  34 | Epsilon:  0.25 | Reward: -314.31354948209173 | Average Reward: -337.380 | Steps:  3190 | Total Reward: -11470.931925425668|
| Episode:  35 | Epsilon:  0.25 | Reward: -262.4050745270016 | Average Reward: -335.238 | Steps:  3368 | Total Reward: -11733.336999952655|
| Episode:  36 | Epsilon:  0.24 | Reward: -48.15578527312173 | Average Reward: -327.264 | Steps:  3523 | Total Reward: -11781.492785225772|
| Episode:  37 | Epsilon:  0.23 | Reward: -146.70877869796865 | Average Reward: -322.384 | Steps:  3706 | Total Reward: -11928.201563923732|
| Episode:  38 | Epsilon:  0.23 | Reward: -144.97410153075415 | Average Reward: -317.715 | Steps:  3850 | Total Reward: -12073.175665454482|
| Episode:  39 | Epsilon:  0.22 | Reward: -216.363009380571 | Average Reward: -315.116 | Steps:  4043 | Total Reward: -12289.538674835041|
| Episode:  40 | Epsilon:  0.21 | Reward: -243.4299405888317 | Average Reward: -313.324 | Steps:  4211 | Total Reward: -12532.968615423863|
| Episode:  41 | Epsilon:  0.21 | Reward: -291.89491058130795 | Average Reward: -312.802 | Steps:  4453 | Total Reward: -12824.863526005185|
| Episode:  42 | Epsilon:  0.20 | Reward: -354.2992021268866 | Average Reward: -313.790 | Steps:  4598 | Total Reward: -13179.162728132058|
| Episode:  43 | Epsilon:  0.20 | Reward: -353.0666706011417 | Average Reward: -314.703 | Steps:  4750 | Total Reward: -13532.229398733196|
| Episode:  44 | Epsilon:  0.19 | Reward: -217.3745347688078 | Average Reward: -312.491 | Steps:  4945 | Total Reward: -13749.60393350199|
| Episode:  45 | Epsilon:  0.19 | Reward: -258.79845729798876 | Average Reward: -311.298 | Steps:  5101 | Total Reward: -14008.402390799973|
| Episode:  46 | Epsilon:  0.18 | Reward: -74.77232101077166 | Average Reward: -306.156 | Steps:  5372 | Total Reward: -14083.174711810749|
| Episode:  47 | Epsilon:  0.18 | Reward: -64.66142303091884 | Average Reward: -301.018 | Steps:  5488 | Total Reward: -14147.836134841673|
| Episode:  48 | Epsilon:  0.18 | Reward: -100.22207440718985 | Average Reward: -296.835 | Steps:  5641 | Total Reward: -14248.058209248855|
| Episode:  49 | Epsilon:  0.17 | Reward: -278.6894967925412 | Average Reward: -296.464 | Steps:  5790 | Total Reward: -14526.7477060414|
| Episode:  50 | Epsilon:  0.17 | Reward: -163.8913810957915 | Average Reward: -293.813 | Steps:  5913 | Total Reward: -14690.639087137202|
| Episode:  51 | Epsilon:  0.17 | Reward: -309.099753166844 | Average Reward: -294.113 | Steps:  6068 | Total Reward: -14999.738840304046|
| Episode:  52 | Epsilon:  0.16 | Reward: -101.33333404614767 | Average Reward: -290.405 | Steps:  6260 | Total Reward: -15101.072174350185|
| Episode:  53 | Epsilon:  0.16 | Reward: -109.01763711649967 | Average Reward: -286.983 | Steps:  7154 | Total Reward: -15210.089811466685|
| Episode:  54 | Epsilon:  0.16 | Reward: -160.89006779453922 | Average Reward: -284.648 | Steps:  7279 | Total Reward: -15370.979879261224|
| Episode:  55 | Epsilon:  0.15 | Reward: -359.9704776933261 | Average Reward: -286.017 | Steps:  7574 | Total Reward: -15730.950356954541|
| Episode:  56 | Epsilon:  0.15 | Reward: -293.63504863855405 | Average Reward: -286.153 | Steps:  7935 | Total Reward: -16024.58540559309|
| Episode:  57 | Epsilon:  0.15 | Reward: -145.3545627809773 | Average Reward: -283.683 | Steps:  8113 | Total Reward: -16169.939968374078|
| Episode:  58 | Epsilon:  0.15 | Reward: -126.16073034334129 | Average Reward: -280.967 | Steps:  8233 | Total Reward: -16296.100698717419|
| Episode:  59 | Epsilon:  0.14 | Reward: -208.97318297031995 | Average Reward: -279.747 | Steps:  8536 | Total Reward: -16505.073881687713|
| Episode:  60 | Epsilon:  0.14 | Reward: 27.624663381170606 | Average Reward: -274.624 | Steps:  8691 | Total Reward: -16477.449218306538|
| Episode:  61 | Epsilon:  0.14 | Reward: -145.28420746223472 | Average Reward: -272.504 | Steps:  8995 | Total Reward: -16622.733425768787|
| Episode:  62 | Epsilon:  0.14 | Reward: -168.45278987650778 | Average Reward: -270.826 | Steps:  9186 | Total Reward: -16791.186215645295|
| Episode:  63 | Epsilon:  0.14 | Reward: -171.7314927441505 | Average Reward: -269.253 | Steps:  9429 | Total Reward: -16962.917708389443|
| Episode:  64 | Epsilon:  0.13 | Reward: -219.76288250126004 | Average Reward: -268.479 | Steps:  9644 | Total Reward: -17182.68059089069|
| Episode:  65 | Epsilon:  0.13 | Reward: -281.4182211891916 | Average Reward: -268.678 | Steps:  9926 | Total Reward: -17464.098812079887|
| Episode:  66 | Epsilon:  0.13 | Reward: -351.32851442446247 | Average Reward: -269.931 | Steps: 10098 | Total Reward: -17815.427326504338|
| Episode:  67 | Epsilon:  0.13 | Reward: -67.16288580104566 | Average Reward: -266.904 | Steps: 10226 | Total Reward: -17882.59021230536|
| Episode:  68 | Epsilon:  0.13 | Reward: -135.33730600229347 | Average Reward: -264.970 | Steps: 10450 | Total Reward: -18017.92751830763|
| Episode:  69 | Epsilon:  0.13 | Reward: -261.2589201271178 | Average Reward: -264.916 | Steps: 10583 | Total Reward: -18279.186438434735|
| Episode:  70 | Epsilon:  0.13 | Reward: -498.39811410422595 | Average Reward: -268.251 | Steps: 10775 | Total Reward: -18777.58455253895|
| Episode:  71 | Epsilon:  0.12 | Reward: -221.09751827309378 | Average Reward: -267.587 | Steps: 10947 | Total Reward: -18998.68207081207|
| Episode:  72 | Epsilon:  0.12 | Reward: -51.05191159954312 | Average Reward: -264.580 | Steps: 11125 | Total Reward: -19049.733982411635|
| Episode:  73 | Epsilon:  0.12 | Reward: -323.7156469010156 | Average Reward: -265.390 | Steps: 11269 | Total Reward: -19373.449629312665|
| Episode:  74 | Epsilon:  0.12 | Reward: -273.1047851974468 | Average Reward: -265.494 | Steps: 11458 | Total Reward: -19646.55441451012|
| Episode:  75 | Epsilon:  0.12 | Reward: -473.07348827328366 | Average Reward: -268.262 | Steps: 11592 | Total Reward: -20119.627902783413|
| Episode:  76 | Epsilon:  0.12 | Reward: -495.0392634699808 | Average Reward: -271.246 | Steps: 11804 | Total Reward: -20614.66716625341|
| Episode:  77 | Epsilon:  0.12 | Reward: -116.63763596135456 | Average Reward: -269.238 | Steps: 11939 | Total Reward: -20731.304802214778|
| Episode:  78 | Epsilon:  0.12 | Reward: -247.62962696375521 | Average Reward: -268.961 | Steps: 12108 | Total Reward: -20978.934429178516|
| Episode:  79 | Epsilon:  0.12 | Reward: -121.64925806047111 | Average Reward: -267.096 | Steps: 12256 | Total Reward: -21100.58368723901|
| Episode:  80 | Epsilon:  0.12 | Reward: -351.01563501785995 | Average Reward: -268.145 | Steps: 12449 | Total Reward: -21451.599322256883|
| Episode:  81 | Epsilon:  0.11 | Reward: 6.8062052783142235 | Average Reward: -264.751 | Steps: 12671 | Total Reward: -21444.793116978602|
| Episode:  82 | Epsilon:  0.11 | Reward: -103.62908267281283 | Average Reward: -262.786 | Steps: 12873 | Total Reward: -21548.42219965142|
| Episode:  83 | Epsilon:  0.11 | Reward: -252.2546835675113 | Average Reward: -262.659 | Steps: 13071 | Total Reward: -21800.67688321893|
| Episode:  84 | Epsilon:  0.11 | Reward: -33.9142624351735 | Average Reward: -259.936 | Steps: 13223 | Total Reward: -21834.59114565409|
| Episode:  85 | Epsilon:  0.11 | Reward: -197.68087144542454 | Average Reward: -259.203 | Steps: 13387 | Total Reward: -22032.27201709953|
| Episode:  86 | Epsilon:  0.11 | Reward: -1.0637269813446295 | Average Reward: -256.202 | Steps: 13606 | Total Reward: -22033.335744080872|
| Episode:  87 | Epsilon:  0.11 | Reward: -197.26581277288693 | Average Reward: -255.524 | Steps: 13793 | Total Reward: -22230.601556853773|
| Episode:  88 | Epsilon:  0.11 | Reward: -70.17352724074289 | Average Reward: -253.418 | Steps: 14026 | Total Reward: -22300.77508409455|
| Episode:  89 | Epsilon:  0.11 | Reward: 203.0519238445085 | Average Reward: -248.289 | Steps: 14292 | Total Reward: -22097.72316025005|
| Episode:  90 | Epsilon:  0.11 | Reward: -129.1825208725786 | Average Reward: -246.966 | Steps: 14422 | Total Reward: -22226.90568112264|
| Episode:  91 | Epsilon:  0.11 | Reward: -240.5214416022732 | Average Reward: -246.895 | Steps: 14654 | Total Reward: -22467.42712272491|
| Episode:  92 | Epsilon:  0.11 | Reward: -133.92436116926262 | Average Reward: -245.667 | Steps: 14790 | Total Reward: -22601.35148389418|
| Episode:  93 | Epsilon:  0.11 | Reward: -76.01167038839992 | Average Reward: -243.843 | Steps: 15003 | Total Reward: -22677.36315428257|
| Episode:  94 | Epsilon:  0.11 | Reward: -119.93166785131667 | Average Reward: -242.524 | Steps: 15112 | Total Reward: -22797.294822133885|
| Episode:  95 | Epsilon:  0.11 | Reward: -174.6024008438797 | Average Reward: -241.809 | Steps: 15252 | Total Reward: -22971.897222977754|
| Episode:  96 | Epsilon:  0.11 | Reward: -296.27165981533335 | Average Reward: -242.377 | Steps: 15471 | Total Reward: -23268.1688827931|
| Episode:  97 | Epsilon:  0.11 | Reward: -106.39886447088917 | Average Reward: -240.975 | Steps: 15679 | Total Reward: -23374.567747263998|
| Episode:  98 | Epsilon:  0.11 | Reward: -168.83661429851855 | Average Reward: -240.239 | Steps: 15858 | Total Reward: -23543.404361562512|
| Episode:  99 | Epsilon:  0.11 | Reward: -72.74433613334688 | Average Reward: -238.547 | Steps: 15992 | Total Reward: -23616.148697695862|
| Episode: 100 | Epsilon:  0.11 | Reward: 191.8140867388896 | Average Reward: -234.243 | Steps: 16394 | Total Reward: -23424.334610956994|
| Episode: 101 | Epsilon:  0.11 | Reward: 29.358851427307798 | Average Reward: -231.918 | Steps: 16569 | Total Reward: -23394.97575952969|
| Episode: 102 | Epsilon:  0.11 | Reward: -177.75753358340106 | Average Reward: -232.325 | Steps: 16822 | Total Reward: -23572.733293113084|
| Episode: 103 | Epsilon:  0.10 | Reward: -2.611834514503002 | Average Reward: -230.850 | Steps: 17025 | Total Reward: -23575.345127627585|
| Episode: 104 | Epsilon:  0.10 | Reward: -121.15298653291401 | Average Reward: -228.466 | Steps: 17147 | Total Reward: -23696.49811416049|
| Episode: 105 | Epsilon:  0.10 | Reward: -174.87158144142154 | Average Reward: -226.680 | Steps: 17360 | Total Reward: -23871.369695601905|
| Episode: 106 | Epsilon:  0.10 | Reward: -168.58112119132636 | Average Reward: -222.048 | Steps: 17571 | Total Reward: -24039.950816793236|
| Episode: 107 | Epsilon:  0.10 | Reward: -209.66927999120304 | Average Reward: -219.780 | Steps: 17765 | Total Reward: -24249.620096784434|
| Episode: 108 | Epsilon:  0.10 | Reward: -226.3996963678851 | Average Reward: -218.393 | Steps: 18028 | Total Reward: -24476.019793152314|
| Episode: 109 | Epsilon:  0.10 | Reward: -118.239913333263 | Average Reward: -212.418 | Steps: 18261 | Total Reward: -24594.259706485616|
| Episode: 110 | Epsilon:  0.10 | Reward: -125.93252121027322 | Average Reward: -210.813 | Steps: 18583 | Total Reward: -24720.192227695858|
| Episode: 111 | Epsilon:  0.10 | Reward: -234.5888706442387 | Average Reward: -210.271 | Steps: 18851 | Total Reward: -24954.781098340107|
| Episode: 112 | Epsilon:  0.10 | Reward: -136.6921109439989 | Average Reward: -205.791 | Steps: 19052 | Total Reward: -25091.473209284093|
| Episode: 113 | Epsilon:  0.10 | Reward: -160.53235931996954 | Average Reward: -205.180 | Steps: 19177 | Total Reward: -25252.005568604076|
| Episode: 114 | Epsilon:  0.10 | Reward: -136.8449198238492 | Average Reward: -203.428 | Steps: 19383 | Total Reward: -25388.850488427935|
| Episode: 115 | Epsilon:  0.10 | Reward: -60.27192735058128 | Average Reward: -201.179 | Steps: 19638 | Total Reward: -25449.122415778522|
| Episode: 116 | Epsilon:  0.10 | Reward: -291.5617367138226 | Average Reward: -201.385 | Steps: 19854 | Total Reward: -25740.684152492344|
| Episode: 117 | Epsilon:  0.10 | Reward: -181.7124763191236 | Average Reward: -199.744 | Steps: 20057 | Total Reward: -25922.396628811446|
| Episode: 118 | Epsilon:  0.10 | Reward: -49.763302051858986 | Average Reward: -195.346 | Steps: 20351 | Total Reward: -25972.15993086327|
| Episode: 119 | Epsilon:  0.10 | Reward: -251.01575711787737 | Average Reward: -192.116 | Steps: 20597 | Total Reward: -26223.175687981136|
| Episode: 120 | Epsilon:  0.10 | Reward: -251.40668280544733 | Average Reward: -191.596 | Steps: 20794 | Total Reward: -26474.58237078658|
| Episode: 121 | Epsilon:  0.10 | Reward: -248.08869979356544 | Average Reward: -190.468 | Steps: 20974 | Total Reward: -26722.671070580123|
| Episode: 122 | Epsilon:  0.10 | Reward: -45.98551157690483 | Average Reward: -187.293 | Steps: 21203 | Total Reward: -26768.656582157004|
| Episode: 123 | Epsilon:  0.10 | Reward: 20.535660458682855 | Average Reward: -182.403 | Steps: 21414 | Total Reward: -26748.12092169833|
| Episode: 124 | Epsilon:  0.10 | Reward: -55.7151762918552 | Average Reward: -179.011 | Steps: 21635 | Total Reward: -26803.83609799017|
| Episode: 125 | Epsilon:  0.10 | Reward: -205.9396866857694 | Average Reward: -178.521 | Steps: 21902 | Total Reward: -27009.77578467594|
| Episode: 126 | Epsilon:  0.10 | Reward: -151.69414995601443 | Average Reward: -175.051 | Steps: 21979 | Total Reward: -27161.46993463195|
| Episode: 127 | Epsilon:  0.10 | Reward: -114.74409918660609 | Average Reward: -170.665 | Steps: 22172 | Total Reward: -27276.21403381856|
| Episode: 128 | Epsilon:  0.10 | Reward: -302.93344256095213 | Average Reward: -169.814 | Steps: 22331 | Total Reward: -27579.14747637952|
| Episode: 129 | Epsilon:  0.10 | Reward: -190.4322023459743 | Average Reward: -170.960 | Steps: 22573 | Total Reward: -27769.579678725477|
| Episode: 130 | Epsilon:  0.10 | Reward: -155.10876482061934 | Average Reward: -169.229 | Steps: 22703 | Total Reward: -27924.68844354609|
| Episode: 131 | Epsilon:  0.10 | Reward: -111.19213391984293 | Average Reward: -170.516 | Steps: 22911 | Total Reward: -28035.880577465916|
| Episode: 132 | Epsilon:  0.10 | Reward: -222.73267371729747 | Average Reward: -172.745 | Steps: 23101 | Total Reward: -28258.613251183237|
| Episode: 133 | Epsilon:  0.10 | Reward: -205.61918139270014 | Average Reward: -173.076 | Steps: 23357 | Total Reward: -28464.23243257593|
| Episode: 134 | Epsilon:  0.10 | Reward: -130.32561325223475 | Average Reward: -171.236 | Steps: 23627 | Total Reward: -28594.558045828166|
| Episode: 135 | Epsilon:  0.10 | Reward: -101.81984689410416 | Average Reward: -169.630 | Steps: 23764 | Total Reward: -28696.37789272227|
| Episode: 136 | Epsilon:  0.10 | Reward: -162.14310567674613 | Average Reward: -170.770 | Steps: 24040 | Total Reward: -28858.52099839901|
| Episode: 137 | Epsilon:  0.10 | Reward: 240.22629688252968 | Average Reward: -166.901 | Steps: 24706 | Total Reward: -28618.29470151645|
| Episode: 138 | Epsilon:  0.10 | Reward: -105.37104852825269 | Average Reward: -166.505 | Steps: 24934 | Total Reward: -28723.665750044693|
| Episode: 139 | Epsilon:  0.10 | Reward: -59.752984053913636 | Average Reward: -164.939 | Steps: 25225 | Total Reward: -28783.41873409862|
| Episode: 140 | Epsilon:  0.10 | Reward: 186.08743669546232 | Average Reward: -160.644 | Steps: 25708 | Total Reward: -28597.331297403125|
| Episode: 141 | Epsilon:  0.10 | Reward: -186.11741220565222 | Average Reward: -159.586 | Steps: 25875 | Total Reward: -28783.44870960879|
| Episode: 142 | Epsilon:  0.10 | Reward: -59.47128458116045 | Average Reward: -156.638 | Steps: 26044 | Total Reward: -28842.919994189964|
| Episode: 143 | Epsilon:  0.10 | Reward: 4.330305038036457 | Average Reward: -153.064 | Steps: 26160 | Total Reward: -28838.589689151937|
| Episode: 144 | Epsilon:  0.10 | Reward: -130.6293674904029 | Average Reward: -152.196 | Steps: 26356 | Total Reward: -28969.219056642345|
| Episode: 145 | Epsilon:  0.10 | Reward: -123.77784877479061 | Average Reward: -150.846 | Steps: 26574 | Total Reward: -29092.99690541711|
| Episode: 146 | Epsilon:  0.10 | Reward: -418.2045661193969 | Average Reward: -154.280 | Steps: 26733 | Total Reward: -29511.201471536504|
| Episode: 147 | Epsilon:  0.10 | Reward: -65.80988958470398 | Average Reward: -154.292 | Steps: 26985 | Total Reward: -29577.011361121207|
| Episode: 148 | Epsilon:  0.10 | Reward: -155.3653741623542 | Average Reward: -154.843 | Steps: 27187 | Total Reward: -29732.37673528356|
| Episode: 149 | Epsilon:  0.10 | Reward: 189.1106152042175 | Average Reward: -150.165 | Steps: 27701 | Total Reward: -29543.266120079345|
| Episode: 150 | Epsilon:  0.10 | Reward: -169.98619571583095 | Average Reward: -150.226 | Steps: 27924 | Total Reward: -29713.25231579517|
| Episode: 151 | Epsilon:  0.10 | Reward: -166.0673970718749 | Average Reward: -148.796 | Steps: 28120 | Total Reward: -29879.319712867058|
| Episode: 152 | Epsilon:  0.10 | Reward: -218.20389650728694 | Average Reward: -149.965 | Steps: 28262 | Total Reward: -30097.52360937432|
| Episode: 153 | Epsilon:  0.10 | Reward: -47.37922491467842 | Average Reward: -149.348 | Steps: 28389 | Total Reward: -30144.90283428899|
| Episode: 154 | Epsilon:  0.10 | Reward: -228.2887166470435 | Average Reward: -150.022 | Steps: 28587 | Total Reward: -30373.191550936026|
| Episode: 155 | Epsilon:  0.10 | Reward: -155.82823285446472 | Average Reward: -147.981 | Steps: 28695 | Total Reward: -30529.019783790463|
| Episode: 156 | Epsilon:  0.10 | Reward: -166.34651200375987 | Average Reward: -146.708 | Steps: 28979 | Total Reward: -30695.366295794203|
| Episode: 157 | Epsilon:  0.10 | Reward: -50.57365410433068 | Average Reward: -145.760 | Steps: 29138 | Total Reward: -30745.939949898526|
| Episode: 158 | Epsilon:  0.10 | Reward: -197.68929409576532 | Average Reward: -146.475 | Steps: 29300 | Total Reward: -30943.629243994274|
| Episode: 159 | Epsilon:  0.10 | Reward: -103.31469837570717 | Average Reward: -145.419 | Steps: 29453 | Total Reward: -31046.943942369995|
| Episode: 160 | Epsilon:  0.10 | Reward: -121.85555777224555 | Average Reward: -146.914 | Steps: 29587 | Total Reward: -31168.799500142235|
| Episode: 161 | Epsilon:  0.10 | Reward: -218.1226978741587 | Average Reward: -147.642 | Steps: 29745 | Total Reward: -31386.92219801639|
| Episode: 162 | Epsilon:  0.10 | Reward: -443.8680036896591 | Average Reward: -150.396 | Steps: 29996 | Total Reward: -31830.79020170602|
| Episode: 163 | Epsilon:  0.10 | Reward: -285.3213954916947 | Average Reward: -151.532 | Steps: 30140 | Total Reward: -32116.111597197705|
| Episode: 164 | Epsilon:  0.10 | Reward: -27.44550953525996 | Average Reward: -149.609 | Steps: 30328 | Total Reward: -32143.557106732987|
| Episode: 165 | Epsilon:  0.10 | Reward: -75.24395719502922 | Average Reward: -147.547 | Steps: 30530 | Total Reward: -32218.801063928022|
| Episode: 166 | Epsilon:  0.10 | Reward: -319.73155851308695 | Average Reward: -147.231 | Steps: 30776 | Total Reward: -32538.53262244111|
| Episode: 167 | Epsilon:  0.10 | Reward: -266.7393314253043 | Average Reward: -149.227 | Steps: 30920 | Total Reward: -32805.2719538664|
| Episode: 168 | Epsilon:  0.10 | Reward: -132.4194685295514 | Average Reward: -149.198 | Steps: 31121 | Total Reward: -32937.69142239597|
| Episode: 169 | Epsilon:  0.10 | Reward: -226.43816874193067 | Average Reward: -148.849 | Steps: 31262 | Total Reward: -33164.129591137884|
| Episode: 170 | Epsilon:  0.10 | Reward: -249.1625472755083 | Average Reward: -146.357 | Steps: 31439 | Total Reward: -33413.29213841339|
| Episode: 171 | Epsilon:  0.10 | Reward: -234.99119440622474 | Average Reward: -146.496 | Steps: 31745 | Total Reward: -33648.28333281957|
| Episode: 172 | Epsilon:  0.10 | Reward: -111.22185883610264 | Average Reward: -147.098 | Steps: 31898 | Total Reward: -33759.505191655655|
| Episode: 173 | Epsilon:  0.10 | Reward: -369.7220005759301 | Average Reward: -147.558 | Steps: 32054 | Total Reward: -34129.227192231585|
| Episode: 174 | Epsilon:  0.10 | Reward: -381.51990750943327 | Average Reward: -148.642 | Steps: 32279 | Total Reward: -34510.747099740984|
| Episode: 175 | Epsilon:  0.10 | Reward: -205.24155553989095 | Average Reward: -145.964 | Steps: 32566 | Total Reward: -34715.98865528088|
| Episode: 176 | Epsilon:  0.10 | Reward: -228.33783757001254 | Average Reward: -143.297 | Steps: 32805 | Total Reward: -34944.326492850865|
| Episode: 177 | Epsilon:  0.10 | Reward: -256.6632721446893 | Average Reward: -144.697 | Steps: 33054 | Total Reward: -35200.98976499554|
| Episode: 178 | Epsilon:  0.10 | Reward: -45.527259509695284 | Average Reward: -142.676 | Steps: 33225 | Total Reward: -35246.517024505236|
| Episode: 179 | Epsilon:  0.10 | Reward: -262.2972088255316 | Average Reward: -144.082 | Steps: 33387 | Total Reward: -35508.814233330755|
| Episode: 180 | Epsilon:  0.10 | Reward: -251.2853288076353 | Average Reward: -143.085 | Steps: 33535 | Total Reward: -35760.09956213839|
| Episode: 181 | Epsilon:  0.10 | Reward: -36.120335491499205 | Average Reward: -143.514 | Steps: 33705 | Total Reward: -35796.21989762993|
| Episode: 182 | Epsilon:  0.10 | Reward: -257.682192992779 | Average Reward: -145.055 | Steps: 33873 | Total Reward: -36053.902090622694|
| Episode: 183 | Epsilon:  0.10 | Reward: -50.79188856905269 | Average Reward: -143.040 | Steps: 34041 | Total Reward: -36104.69397919173|
| Episode: 184 | Epsilon:  0.10 | Reward: -258.7560497753088 | Average Reward: -145.289 | Steps: 34227 | Total Reward: -36363.45002896706|
| Episode: 185 | Epsilon:  0.10 | Reward: -71.33341354053519 | Average Reward: -144.025 | Steps: 34344 | Total Reward: -36434.783442507614|
| Episode: 186 | Epsilon:  0.10 | Reward: -281.97544780097996 | Average Reward: -146.834 | Steps: 34539 | Total Reward: -36716.75889030862|
| Episode: 187 | Epsilon:  0.10 | Reward: -230.61485466901937 | Average Reward: -147.168 | Steps: 34682 | Total Reward: -36947.373744977645|
| Episode: 188 | Epsilon:  0.10 | Reward: -223.5718727836923 | Average Reward: -148.702 | Steps: 34865 | Total Reward: -37170.945617761325|
| Episode: 189 | Epsilon:  0.10 | Reward: -263.3032413785501 | Average Reward: -153.365 | Steps: 35073 | Total Reward: -37434.24885913986|
| Episode: 190 | Epsilon:  0.10 | Reward: -276.0909302583234 | Average Reward: -154.834 | Steps: 35217 | Total Reward: -37710.33978939819|
| Episode: 191 | Epsilon:  0.10 | Reward: -306.6280005955014 | Average Reward: -155.495 | Steps: 35442 | Total Reward: -38016.96778999366|
| Episode: 192 | Epsilon:  0.10 | Reward: -255.4921886596115 | Average Reward: -156.711 | Steps: 35603 | Total Reward: -38272.45997865321|
| Episode: 193 | Epsilon:  0.10 | Reward: -130.4263193963006 | Average Reward: -157.255 | Steps: 35718 | Total Reward: -38402.88629804952|
| Episode: 194 | Epsilon:  0.10 | Reward: -211.99814462311969 | Average Reward: -158.176 | Steps: 35858 | Total Reward: -38614.8844426726|
| Episode: 195 | Epsilon:  0.10 | Reward: -297.4551747841571 | Average Reward: -159.404 | Steps: 36055 | Total Reward: -38912.339617456746|
| Episode: 196 | Epsilon:  0.10 | Reward: -183.88313837865684 | Average Reward: -158.281 | Steps: 36196 | Total Reward: -39096.22275583543|
| Episode: 197 | Epsilon:  0.10 | Reward: -68.38031477059673 | Average Reward: -157.900 | Steps: 36413 | Total Reward: -39164.60307060606|
| Episode: 198 | Epsilon:  0.10 | Reward: -89.0600153932476 | Average Reward: -157.103 | Steps: 36680 | Total Reward: -39253.66308599934|
| Episode: 199 | Epsilon:  0.10 | Reward: -237.30694250607934 | Average Reward: -158.748 | Steps: 36923 | Total Reward: -39490.9700285054|
| Episode: 200 | Epsilon:  0.10 | Reward: -256.30918681163723 | Average Reward: -163.229 | Steps: 37140 | Total Reward: -39747.27921531699|
| Episode: 201 | Epsilon:  0.10 | Reward: -295.5831037220295 | Average Reward: -166.479 | Steps: 37331 | Total Reward: -40042.86231903906|
| Episode: 202 | Epsilon:  0.10 | Reward: -230.02677474256922 | Average Reward: -167.002 | Steps: 37474 | Total Reward: -40272.88909378161|
| Episode: 203 | Epsilon:  0.10 | Reward: -259.9329060405248 | Average Reward: -169.575 | Steps: 37667 | Total Reward: -40532.82199982214|
| Episode: 204 | Epsilon:  0.10 | Reward: -289.1986293536548 | Average Reward: -171.255 | Steps: 37927 | Total Reward: -40822.020629175815|
| Episode: 205 | Epsilon:  0.10 | Reward: -231.36717322006234 | Average Reward: -171.820 | Steps: 38073 | Total Reward: -41053.38780239586|
| Episode: 206 | Epsilon:  0.10 | Reward: -275.41316437965145 | Average Reward: -172.889 | Steps: 38313 | Total Reward: -41328.80096677551|
| Episode: 207 | Epsilon:  0.10 | Reward: -199.3316762089816 | Average Reward: -172.785 | Steps: 38502 | Total Reward: -41528.13264298444|
| Episode: 208 | Epsilon:  0.10 | Reward: -228.5852290193125 | Average Reward: -172.807 | Steps: 38638 | Total Reward: -41756.717872003755|
| Episode: 209 | Epsilon:  0.10 | Reward: -252.4200245854202 | Average Reward: -174.149 | Steps: 38790 | Total Reward: -42009.137896589185|
| Episode: 210 | Epsilon:  0.10 | Reward: -45.75994389565736 | Average Reward: -173.347 | Steps: 38996 | Total Reward: -42054.89784048487|
| Episode: 211 | Epsilon:  0.10 | Reward: -246.3499785644153 | Average Reward: -173.465 | Steps: 39328 | Total Reward: -42301.24781904931|
| Episode: 212 | Epsilon:  0.10 | Reward: 37.07505716180469 | Average Reward: -171.727 | Steps: 39533 | Total Reward: -42264.17276188752|
| Episode: 213 | Epsilon:  0.10 | Reward: -379.57650974890294 | Average Reward: -173.917 | Steps: 39740 | Total Reward: -42643.74927163646|
| Episode: 214 | Epsilon:  0.10 | Reward: -196.81363875040955 | Average Reward: -174.517 | Steps: 39873 | Total Reward: -42840.56291038685|
| Episode: 215 | Epsilon:  0.10 | Reward: -359.98143651091453 | Average Reward: -177.514 | Steps: 40029 | Total Reward: -43200.54434689774|
| Episode: 216 | Epsilon:  0.10 | Reward: -235.60713064013981 | Average Reward: -176.955 | Steps: 40187 | Total Reward: -43436.15147753787|
| Episode: 217 | Epsilon:  0.10 | Reward: -190.6009984027931 | Average Reward: -177.044 | Steps: 40327 | Total Reward: -43626.75247594066|
| Episode: 218 | Epsilon:  0.10 | Reward: -250.59251195702694 | Average Reward: -179.052 | Steps: 40502 | Total Reward: -43877.344987897675|
| Episode: 219 | Epsilon:  0.10 | Reward: -283.06320193598526 | Average Reward: -179.372 | Steps: 40650 | Total Reward: -44160.408189833666|
| Episode: 220 | Epsilon:  0.10 | Reward: -278.70631184809446 | Average Reward: -179.645 | Steps: 40800 | Total Reward: -44439.11450168176|
| Episode: 221 | Epsilon:  0.10 | Reward: -180.14179595732526 | Average Reward: -178.966 | Steps: 40969 | Total Reward: -44619.256297639084|
| Episode: 222 | Epsilon:  0.10 | Reward: -180.76341329036785 | Average Reward: -180.314 | Steps: 41132 | Total Reward: -44800.01971092944|
| Episode: 223 | Epsilon:  0.10 | Reward: -220.07905294000562 | Average Reward: -182.720 | Steps: 41286 | Total Reward: -45020.09876386945|
| Episode: 224 | Epsilon:  0.10 | Reward: -228.96810499427332 | Average Reward: -184.452 | Steps: 41436 | Total Reward: -45249.06686886368|
| Episode: 225 | Epsilon:  0.10 | Reward: -216.54038410094302 | Average Reward: -184.558 | Steps: 41574 | Total Reward: -45465.60725296461|
| Episode: 226 | Epsilon:  0.10 | Reward: -191.34184251797132 | Average Reward: -184.955 | Steps: 41726 | Total Reward: -45656.949095482574|
| Episode: 227 | Epsilon:  0.10 | Reward: -336.05887763626606 | Average Reward: -187.168 | Steps: 41913 | Total Reward: -45993.00797311882|
| Episode: 228 | Epsilon:  0.10 | Reward: -60.45611469959167 | Average Reward: -184.743 | Steps: 42084 | Total Reward: -46053.46408781843|
| Episode: 229 | Epsilon:  0.10 | Reward: -127.21973397107112 | Average Reward: -184.111 | Steps: 42222 | Total Reward: -46180.6838217895|
| Episode: 230 | Epsilon:  0.10 | Reward: -186.48860100659738 | Average Reward: -184.425 | Steps: 42361 | Total Reward: -46367.17242279609|
| Episode: 231 | Epsilon:  0.10 | Reward: -266.61607988620153 | Average Reward: -185.979 | Steps: 42528 | Total Reward: -46633.788502682284|
| Episode: 232 | Epsilon:  0.10 | Reward: -32.838463348490265 | Average Reward: -184.080 | Steps: 42711 | Total Reward: -46666.62696603075|
| Episode: 233 | Epsilon:  0.10 | Reward: -61.63325757420252 | Average Reward: -182.640 | Steps: 42891 | Total Reward: -46728.26022360495|
| Episode: 234 | Epsilon:  0.10 | Reward: -9.28143197208442 | Average Reward: -181.430 | Steps: 43105 | Total Reward: -46737.54165557702|
| Episode: 235 | Epsilon:  0.10 | Reward: -300.22989531431983 | Average Reward: -183.414 | Steps: 43232 | Total Reward: -47037.77155089133|
| Episode: 236 | Epsilon:  0.10 | Reward: -158.31212644164083 | Average Reward: -183.376 | Steps: 43482 | Total Reward: -47196.08367733294|
| Episode: 237 | Epsilon:  0.10 | Reward: -324.14094341791326 | Average Reward: -189.019 | Steps: 43617 | Total Reward: -47520.224620750836|
| Episode: 238 | Epsilon:  0.10 | Reward: -163.51334139293652 | Average Reward: -189.601 | Steps: 43795 | Total Reward: -47683.737962143765|
| Episode: 239 | Epsilon:  0.10 | Reward: -147.7734933452296 | Average Reward: -190.481 | Steps: 43960 | Total Reward: -47831.51145548899|
| Episode: 240 | Epsilon:  0.10 | Reward: -215.3666521921581 | Average Reward: -194.495 | Steps: 44092 | Total Reward: -48046.87810768117|
| Episode: 241 | Epsilon:  0.10 | Reward: -99.48180720216659 | Average Reward: -193.629 | Steps: 44277 | Total Reward: -48146.359914883375|
| Episode: 242 | Epsilon:  0.10 | Reward: -307.51483748284045 | Average Reward: -196.110 | Steps: 44470 | Total Reward: -48453.87475236625|
| Episode: 243 | Epsilon:  0.10 | Reward: -279.81401657567346 | Average Reward: -198.951 | Steps: 44626 | Total Reward: -48733.6887689419|
| Episode: 244 | Epsilon:  0.10 | Reward: -211.01048829425147 | Average Reward: -199.755 | Steps: 44795 | Total Reward: -48944.69925723614|
| Episode: 245 | Epsilon:  0.10 | Reward: -268.3360580901382 | Average Reward: -201.200 | Steps: 44942 | Total Reward: -49213.035315326306|
| Episode: 246 | Epsilon:  0.10 | Reward: -266.36712646085164 | Average Reward: -199.682 | Steps: 45133 | Total Reward: -49479.40244178714|
| Episode: 247 | Epsilon:  0.10 | Reward: -109.30936295214943 | Average Reward: -200.117 | Steps: 45309 | Total Reward: -49588.7118047393|
| Episode: 248 | Epsilon:  0.10 | Reward: -134.68657428468538 | Average Reward: -199.910 | Steps: 45484 | Total Reward: -49723.398379023965|
| Episode: 249 | Epsilon:  0.10 | Reward: -100.81168731223902 | Average Reward: -202.809 | Steps: 45690 | Total Reward: -49824.21006633619|
| Episode: 250 | Epsilon:  0.10 | Reward: -230.36228229276537 | Average Reward: -203.413 | Steps: 46012 | Total Reward: -50054.57234862888|
| Episode: 251 | Epsilon:  0.10 | Reward: -28.02556781463204 | Average Reward: -202.033 | Steps: 46203 | Total Reward: -50082.597916443476|
| Episode: 252 | Epsilon:  0.10 | Reward: -370.20587099968924 | Average Reward: -203.553 | Steps: 46291 | Total Reward: -50452.803787443176|
| Episode: 253 | Epsilon:  0.10 | Reward: -324.2455813346079 | Average Reward: -206.321 | Steps: 46480 | Total Reward: -50777.04936877779|
| Episode: 254 | Epsilon:  0.10 | Reward: -67.19911711288027 | Average Reward: -204.711 | Steps: 46787 | Total Reward: -50844.248485890625|
| Episode: 255 | Epsilon:  0.10 | Reward: -399.84740584687637 | Average Reward: -207.151 | Steps: 46965 | Total Reward: -51244.09589173753|
| Episode: 256 | Epsilon:  0.10 | Reward: -217.42418909590384 | Average Reward: -207.662 | Steps: 47108 | Total Reward: -51461.52008083345|
| Episode: 257 | Epsilon:  0.10 | Reward: -318.1295568449806 | Average Reward: -210.337 | Steps: 47249 | Total Reward: -51779.64963767842|
| Episode: 258 | Epsilon:  0.10 | Reward: -170.75066819039523 | Average Reward: -210.068 | Steps: 47388 | Total Reward: -51950.40030586877|
| Episode: 259 | Epsilon:  0.10 | Reward: -217.41236209229643 | Average Reward: -211.209 | Steps: 47610 | Total Reward: -52167.812667961094|
| Episode: 260 | Epsilon:  0.10 | Reward: -96.56828192283433 | Average Reward: -210.956 | Steps: 47807 | Total Reward: -52264.38094988394|
| Episode: 261 | Epsilon:  0.10 | Reward: -251.95716869390571 | Average Reward: -211.294 | Steps: 48009 | Total Reward: -52516.33811857786|
| Episode: 262 | Epsilon:  0.10 | Reward: -323.30378994423313 | Average Reward: -210.089 | Steps: 48136 | Total Reward: -52839.64190852211|
| Episode: 263 | Epsilon:  0.10 | Reward: -155.5122115342404 | Average Reward: -208.790 | Steps: 48347 | Total Reward: -52995.15412005635|
| Episode: 264 | Epsilon:  0.10 | Reward: -182.74166697757667 | Average Reward: -210.343 | Steps: 48498 | Total Reward: -53177.89578703396|
| Episode: 265 | Epsilon:  0.10 | Reward: -424.5298824864124 | Average Reward: -213.836 | Steps: 48722 | Total Reward: -53602.42566952041|
| Episode: 266 | Epsilon:  0.10 | Reward: -233.01566368367386 | Average Reward: -212.969 | Steps: 48938 | Total Reward: -53835.441333204035|
| Episode: 267 | Epsilon:  0.10 | Reward: -189.32330082160814 | Average Reward: -212.195 | Steps: 49072 | Total Reward: -54024.76463402565|
| Episode: 268 | Epsilon:  0.10 | Reward: -211.3575520801494 | Average Reward: -212.984 | Steps: 49170 | Total Reward: -54236.122186105786|
| Episode: 269 | Epsilon:  0.10 | Reward: -69.56493666877566 | Average Reward: -211.416 | Steps: 49395 | Total Reward: -54305.687122774536|
| Episode: 270 | Epsilon:  0.10 | Reward: -240.00083502927916 | Average Reward: -211.324 | Steps: 49575 | Total Reward: -54545.687957803806|
| Episode: 271 | Epsilon:  0.10 | Reward: -155.2363086515199 | Average Reward: -210.526 | Steps: 49756 | Total Reward: -54700.924266455346|
| Episode: 272 | Epsilon:  0.10 | Reward: -203.45203509992143 | Average Reward: -211.449 | Steps: 49913 | Total Reward: -54904.376301555254|
| Episode: 273 | Epsilon:  0.10 | Reward: -126.83943749786374 | Average Reward: -209.020 | Steps: 50076 | Total Reward: -55031.21573905311|
| Episode: 274 | Epsilon:  0.10 | Reward: -182.01182380753812 | Average Reward: -207.025 | Steps: 50233 | Total Reward: -55213.22756286068|
| Episode: 275 | Epsilon:  0.10 | Reward: -174.41728470435413 | Average Reward: -206.717 | Steps: 50375 | Total Reward: -55387.64484756501|
| Episode: 276 | Epsilon:  0.10 | Reward: 65.8510462580686 | Average Reward: -203.775 | Steps: 50550 | Total Reward: -55321.79380130696|
| Episode: 277 | Epsilon:  0.10 | Reward: -212.2654293078435 | Average Reward: -203.331 | Steps: 50828 | Total Reward: -55534.059230614825|
| Episode: 278 | Epsilon:  0.10 | Reward: -218.25961118798546 | Average Reward: -205.058 | Steps: 51041 | Total Reward: -55752.31884180284|
| Episode: 279 | Epsilon:  0.10 | Reward: -404.2250008435236 | Average Reward: -206.477 | Steps: 51276 | Total Reward: -56156.54384264631|
| Episode: 280 | Epsilon:  0.10 | Reward: -243.12380899992957 | Average Reward: -206.396 | Steps: 51420 | Total Reward: -56399.66765164619|
| Episode: 281 | Epsilon:  0.10 | Reward: -179.62893441130697 | Average Reward: -207.831 | Steps: 51567 | Total Reward: -56579.2965860575|
| Episode: 282 | Epsilon:  0.10 | Reward: -310.93300105350045 | Average Reward: -208.363 | Steps: 51696 | Total Reward: -56890.229587110975|
| Episode: 283 | Epsilon:  0.10 | Reward: -194.19884173090554 | Average Reward: -209.797 | Steps: 51843 | Total Reward: -57084.42842884187|
| Episode: 284 | Epsilon:  0.10 | Reward: -272.9513672984491 | Average Reward: -209.939 | Steps: 51981 | Total Reward: -57357.3797961403|
| Episode: 285 | Epsilon:  0.10 | Reward: -198.0233318663278 | Average Reward: -211.206 | Steps: 52163 | Total Reward: -57555.4031280066|
| Episode: 286 | Epsilon:  0.10 | Reward: -329.441704898182 | Average Reward: -211.681 | Steps: 52316 | Total Reward: -57884.84483290478|
| Episode: 287 | Epsilon:  0.10 | Reward: -174.23789684014702 | Average Reward: -211.117 | Steps: 52447 | Total Reward: -58059.082729744914|
| Episode: 288 | Epsilon:  0.10 | Reward: -277.6516539193028 | Average Reward: -211.658 | Steps: 52648 | Total Reward: -58336.734383664225|
| Episode: 289 | Epsilon:  0.10 | Reward: -183.29284312599134 | Average Reward: -210.858 | Steps: 52744 | Total Reward: -58520.02722679023|
| Episode: 290 | Epsilon:  0.10 | Reward: -350.17222381485396 | Average Reward: -211.599 | Steps: 52948 | Total Reward: -58870.19945060506|
| Episode: 291 | Epsilon:  0.10 | Reward: -239.58350362633462 | Average Reward: -210.928 | Steps: 53104 | Total Reward: -59109.78295423144|
| Episode: 292 | Epsilon:  0.10 | Reward: -187.5686275193754 | Average Reward: -210.249 | Steps: 53244 | Total Reward: -59297.35158175083|
| Episode: 293 | Epsilon:  0.10 | Reward: -27.938799749863463 | Average Reward: -209.224 | Steps: 53476 | Total Reward: -59325.29038150065|
| Episode: 294 | Epsilon:  0.10 | Reward: -121.19419579209158 | Average Reward: -208.316 | Steps: 53645 | Total Reward: -59446.48457729274|
| Episode: 295 | Epsilon:  0.10 | Reward: -194.07386679347456 | Average Reward: -207.282 | Steps: 53795 | Total Reward: -59640.558444086215|
| Episode: 296 | Epsilon:  0.10 | Reward: -165.35341047325838 | Average Reward: -207.097 | Steps: 53927 | Total Reward: -59805.91185455949|
| Episode: 297 | Epsilon:  0.10 | Reward: 21.411960259192867 | Average Reward: -206.199 | Steps: 54042 | Total Reward: -59784.49989430027|
| Episode: 298 | Epsilon:  0.10 | Reward: -329.5386474400827 | Average Reward: -208.604 | Steps: 54241 | Total Reward: -60114.03854174037|
| Episode: 299 | Epsilon:  0.10 | Reward: -246.3373651756338 | Average Reward: -208.694 | Steps: 54494 | Total Reward: -60360.375906915986|
| Episode: 300 | Epsilon:  0.10 | Reward: -191.5203562916536 | Average Reward: -208.046 | Steps: 54647 | Total Reward: -60551.89626320762|
| Episode: 301 | Epsilon:  0.10 | Reward: -175.76391765738788 | Average Reward: -206.848 | Steps: 54781 | Total Reward: -60727.660180865016|
| Episode: 302 | Epsilon:  0.10 | Reward: -111.90294527224373 | Average Reward: -205.667 | Steps: 54980 | Total Reward: -60839.56312613722|
| Episode: 303 | Epsilon:  0.10 | Reward: -262.63901612783906 | Average Reward: -205.694 | Steps: 55185 | Total Reward: -61102.20214226505|
| Episode: 304 | Epsilon:  0.10 | Reward: -147.7593000344867 | Average Reward: -204.279 | Steps: 55350 | Total Reward: -61249.961442299515|
| Episode: 305 | Epsilon:  0.10 | Reward: -228.59726104559442 | Average Reward: -204.252 | Steps: 55518 | Total Reward: -61478.55870334511|
| Episode: 306 | Epsilon:  0.10 | Reward: -216.09165453003993 | Average Reward: -203.658 | Steps: 55676 | Total Reward: -61694.65035787514|
| Episode: 307 | Epsilon:  0.10 | Reward: -279.1528194581168 | Average Reward: -204.457 | Steps: 55808 | Total Reward: -61973.803177333284|
| Episode: 308 | Epsilon:  0.10 | Reward: -168.79022559463255 | Average Reward: -203.859 | Steps: 55960 | Total Reward: -62142.59340292794|
| Episode: 309 | Epsilon:  0.10 | Reward: -33.8651010300745 | Average Reward: -201.673 | Steps: 56099 | Total Reward: -62176.458503958|
| Episode: 310 | Epsilon:  0.10 | Reward: -227.52122245105613 | Average Reward: -203.491 | Steps: 56233 | Total Reward: -62403.97972640902|
| Episode: 311 | Epsilon:  0.10 | Reward: -149.73326876942662 | Average Reward: -202.525 | Steps: 56361 | Total Reward: -62553.712995178474|
| Episode: 312 | Epsilon:  0.10 | Reward: -233.7369814808375 | Average Reward: -205.233 | Steps: 56578 | Total Reward: -62787.44997665934|
| Episode: 313 | Epsilon:  0.10 | Reward: -309.55968279577104 | Average Reward: -204.533 | Steps: 56741 | Total Reward: -63097.00965945515|
| Episode: 314 | Epsilon:  0.10 | Reward: -217.54899320842853 | Average Reward: -204.740 | Steps: 56948 | Total Reward: -63314.55865266355|
| Episode: 315 | Epsilon:  0.10 | Reward: -300.09478726239 | Average Reward: -204.141 | Steps: 57086 | Total Reward: -63614.65343992595|
| Episode: 316 | Epsilon:  0.10 | Reward: -272.7327147071387 | Average Reward: -204.512 | Steps: 57187 | Total Reward: -63887.38615463308|
| Episode: 317 | Epsilon:  0.10 | Reward: -337.4768812490607 | Average Reward: -205.981 | Steps: 57337 | Total Reward: -64224.863035882125|
| Episode: 318 | Epsilon:  0.10 | Reward: -213.0667519338978 | Average Reward: -205.606 | Steps: 57535 | Total Reward: -64437.92978781601|
| Episode: 319 | Epsilon:  0.10 | Reward: -73.06743931054275 | Average Reward: -203.506 | Steps: 57735 | Total Reward: -64510.99722712657|
| Episode: 320 | Epsilon:  0.10 | Reward: -192.59297139283785 | Average Reward: -202.645 | Steps: 57876 | Total Reward: -64703.59019851943|
| Episode: 321 | Epsilon:  0.10 | Reward: -188.85035454500348 | Average Reward: -202.732 | Steps: 58125 | Total Reward: -64892.44055306439|
| Episode: 322 | Epsilon:  0.10 | Reward: -207.65272052070128 | Average Reward: -203.001 | Steps: 58289 | Total Reward: -65100.093273585124|
| Episode: 323 | Epsilon:  0.10 | Reward: -211.99464717735955 | Average Reward: -202.920 | Steps: 58425 | Total Reward: -65312.0879207625|
| Episode: 324 | Epsilon:  0.10 | Reward: -16.699503560686267 | Average Reward: -200.797 | Steps: 58544 | Total Reward: -65328.787424323185|
| Episode: 325 | Epsilon:  0.10 | Reward: -198.14252730853843 | Average Reward: -200.613 | Steps: 58690 | Total Reward: -65526.929951631704|
| Episode: 326 | Epsilon:  0.10 | Reward: -83.52850829033665 | Average Reward: -199.535 | Steps: 58874 | Total Reward: -65610.45845992208|
| Episode: 327 | Epsilon:  0.10 | Reward: 1.2972912019690028 | Average Reward: -196.162 | Steps: 59091 | Total Reward: -65609.16116872017|
| Episode: 328 | Epsilon:  0.10 | Reward: -141.39404683712246 | Average Reward: -196.971 | Steps: 59243 | Total Reward: -65750.55521555725|
| Episode: 329 | Epsilon:  0.10 | Reward: -228.0694352069587 | Average Reward: -197.979 | Steps: 59408 | Total Reward: -65978.62465076426|
| Episode: 330 | Epsilon:  0.10 | Reward: 43.158884372446295 | Average Reward: -195.683 | Steps: 59625 | Total Reward: -65935.46576639183|
| Episode: 331 | Epsilon:  0.10 | Reward: 33.50933576302262 | Average Reward: -192.682 | Steps: 59831 | Total Reward: -65901.95643062891|
| Episode: 332 | Epsilon:  0.10 | Reward: -212.39021017118083 | Average Reward: -194.477 | Steps: 59965 | Total Reward: -66114.34664080008|
| Episode: 333 | Epsilon:  0.10 | Reward: -366.1742897031365 | Average Reward: -197.523 | Steps: 60174 | Total Reward: -66480.52093050315|
| Episode: 334 | Epsilon:  0.10 | Reward: -305.2650546541133 | Average Reward: -200.482 | Steps: 60318 | Total Reward: -66785.78598515724|
| Episode: 335 | Epsilon:  0.10 | Reward: -279.91176179646357 | Average Reward: -200.279 | Steps: 60422 | Total Reward: -67065.69774695371|
| Episode: 336 | Epsilon:  0.10 | Reward: -220.58861925184715 | Average Reward: -200.902 | Steps: 60556 | Total Reward: -67286.2863662055|
| Episode: 337 | Epsilon:  0.10 | Reward: 160.14416030957932 | Average Reward: -196.059 | Steps: 61128 | Total Reward: -67126.14220589584|
| Episode: 338 | Epsilon:  0.10 | Reward: -249.14195846489665 | Average Reward: -196.915 | Steps: 61268 | Total Reward: -67375.28416436072|
| Episode: 339 | Epsilon:  0.10 | Reward: -226.8751654398086 | Average Reward: -197.706 | Steps: 61382 | Total Reward: -67602.1593298005|
| Episode: 340 | Epsilon:  0.10 | Reward: -109.73614076681187 | Average Reward: -196.650 | Steps: 61604 | Total Reward: -67711.89547056725|
| Episode: 341 | Epsilon:  0.10 | Reward: -278.58075747904326 | Average Reward: -198.441 | Steps: 61886 | Total Reward: -67990.47622804632|
| Episode: 342 | Epsilon:  0.10 | Reward: -361.96403732739367 | Average Reward: -198.986 | Steps: 62025 | Total Reward: -68352.44026537376|
| Episode: 343 | Epsilon:  0.10 | Reward: -55.02640455103276 | Average Reward: -196.738 | Steps: 62248 | Total Reward: -68407.46666992476|
| Episode: 344 | Epsilon:  0.10 | Reward: -111.1078569493547 | Average Reward: -195.739 | Steps: 62462 | Total Reward: -68518.57452687407|
| Episode: 345 | Epsilon:  0.10 | Reward: -25.87021142728149 | Average Reward: -193.314 | Steps: 62605 | Total Reward: -68544.44473830135|
| Episode: 346 | Epsilon:  0.10 | Reward: 10.94651461356247 | Average Reward: -190.541 | Steps: 62715 | Total Reward: -68533.49822368784|
| Episode: 347 | Epsilon:  0.10 | Reward: -202.3139770763782 | Average Reward: -191.471 | Steps: 62861 | Total Reward: -68735.81220076412|
| Episode: 348 | Epsilon:  0.10 | Reward: -303.4328536175402 | Average Reward: -193.158 | Steps: 63019 | Total Reward: -69039.24505438167|
| Episode: 349 | Epsilon:  0.10 | Reward: -262.1872022725849 | Average Reward: -194.772 | Steps: 63206 | Total Reward: -69301.43225665424|
| Episode: 350 | Epsilon:  0.10 | Reward: -321.7401357626421 | Average Reward: -195.686 | Steps: 63341 | Total Reward: -69623.17239241683|
| Episode: 351 | Epsilon:  0.10 | Reward: -214.71770445057683 | Average Reward: -197.553 | Steps: 63494 | Total Reward: -69837.89009686744|
| Episode: 352 | Epsilon:  0.10 | Reward: 36.62941973164121 | Average Reward: -193.485 | Steps: 63654 | Total Reward: -69801.26067713575|
| Episode: 353 | Epsilon:  0.10 | Reward: -90.53829636483877 | Average Reward: -191.147 | Steps: 63838 | Total Reward: -69891.79897350052|
| Episode: 354 | Epsilon:  0.10 | Reward: -201.01966016139477 | Average Reward: -192.486 | Steps: 63988 | Total Reward: -70092.81863366193|
| Episode: 355 | Epsilon:  0.10 | Reward: -309.9992206253006 | Average Reward: -191.587 | Steps: 64140 | Total Reward: -70402.81785428716|
| Episode: 356 | Epsilon:  0.10 | Reward: -36.04078825897601 | Average Reward: -189.773 | Steps: 64334 | Total Reward: -70438.85864254617|
| Episode: 357 | Epsilon:  0.10 | Reward: 34.76624698161592 | Average Reward: -186.244 | Steps: 64499 | Total Reward: -70404.09239556447|
| Episode: 358 | Epsilon:  0.10 | Reward: -385.9542876862148 | Average Reward: -188.396 | Steps: 64767 | Total Reward: -70790.04668325066|
| Episode: 359 | Epsilon:  0.10 | Reward: -324.50984504538735 | Average Reward: -189.467 | Steps: 64965 | Total Reward: -71114.55652829605|
| Episode: 360 | Epsilon:  0.10 | Reward: -285.6838251967408 | Average Reward: -191.359 | Steps: 65109 | Total Reward: -71400.24035349276|
| Episode: 361 | Epsilon:  0.10 | Reward: -277.7974879755619 | Average Reward: -191.617 | Steps: 65334 | Total Reward: -71678.03784146841|
| Episode: 362 | Epsilon:  0.10 | Reward: -55.12843706510649 | Average Reward: -188.935 | Steps: 65608 | Total Reward: -71733.1662785334|
| Episode: 363 | Epsilon:  0.10 | Reward: -284.3343467337841 | Average Reward: -190.223 | Steps: 65761 | Total Reward: -72017.50062526723|
| Episode: 364 | Epsilon:  0.10 | Reward: -8.615525645056607 | Average Reward: -188.482 | Steps: 65977 | Total Reward: -72026.11615091219|
| Episode: 365 | Epsilon:  0.10 | Reward: -286.0493953541102 | Average Reward: -187.097 | Steps: 66141 | Total Reward: -72312.16554626633|
| Episode: 366 | Epsilon:  0.10 | Reward: -225.49110468464056 | Average Reward: -187.022 | Steps: 66256 | Total Reward: -72537.65665095097|
| Episode: 367 | Epsilon:  0.10 | Reward: -289.9995989443021 | Average Reward: -188.029 | Steps: 66403 | Total Reward: -72827.65624989526|
| Episode: 368 | Epsilon:  0.10 | Reward: -266.6495544293126 | Average Reward: -188.582 | Steps: 66558 | Total Reward: -73094.30580432453|
| Episode: 369 | Epsilon:  0.10 | Reward: -295.1105844138066 | Average Reward: -190.837 | Steps: 66692 | Total Reward: -73389.41638873839|
| Episode: 370 | Epsilon:  0.10 | Reward: -5.5065728104423926 | Average Reward: -188.492 | Steps: 66930 | Total Reward: -73394.92296154877|
| Episode: 371 | Epsilon:  0.10 | Reward: -292.27963253152325 | Average Reward: -189.863 | Steps: 67125 | Total Reward: -73687.20259408031|
| Episode: 372 | Epsilon:  0.10 | Reward: -130.51048329831835 | Average Reward: -189.133 | Steps: 67320 | Total Reward: -73817.7130773786|
| Episode: 373 | Epsilon:  0.10 | Reward: -285.81229657114136 | Average Reward: -190.723 | Steps: 67533 | Total Reward: -74103.52537394981|
| Episode: 374 | Epsilon:  0.10 | Reward: -296.2123069883345 | Average Reward: -191.865 | Steps: 67732 | Total Reward: -74399.73768093824|
| Episode: 375 | Epsilon:  0.10 | Reward: -319.5001990416255 | Average Reward: -193.316 | Steps: 68081 | Total Reward: -74719.23787998|
| Episode: 376 | Epsilon:  0.10 | Reward: -269.85521782982255 | Average Reward: -196.673 | Steps: 68279 | Total Reward: -74989.09309780993|
| Episode: 377 | Epsilon:  0.10 | Reward: -150.15677858317923 | Average Reward: -196.052 | Steps: 68530 | Total Reward: -75139.24987639318|
| Episode: 378 | Epsilon:  0.10 | Reward: -80.60818773898598 | Average Reward: -194.675 | Steps: 68882 | Total Reward: -75219.85806413201|
| Episode: 379 | Epsilon:  0.10 | Reward: -197.17302337778935 | Average Reward: -192.605 | Steps: 69037 | Total Reward: -75417.03108750978|
| Episode: 380 | Epsilon:  0.10 | Reward: -181.9625049333319 | Average Reward: -191.993 | Steps: 69164 | Total Reward: -75598.99359244316|
| Episode: 381 | Epsilon:  0.10 | Reward: -98.14603302212005 | Average Reward: -191.178 | Steps: 69414 | Total Reward: -75697.13962546535|
| Episode: 382 | Epsilon:  0.10 | Reward: -343.30778507914437 | Average Reward: -191.502 | Steps: 69604 | Total Reward: -76040.4474105446|
| Episode: 383 | Epsilon:  0.10 | Reward: -201.6385134709842 | Average Reward: -191.577 | Steps: 69745 | Total Reward: -76242.08592401558|
| Episode: 384 | Epsilon:  0.10 | Reward: -299.7559171632346 | Average Reward: -191.845 | Steps: 69878 | Total Reward: -76541.84184117887|
| Episode: 385 | Epsilon:  0.10 | Reward: -324.8550915813242 | Average Reward: -193.113 | Steps: 70025 | Total Reward: -76866.69693276018|
| Episode: 386 | Epsilon:  0.10 | Reward: -87.14028466387902 | Average Reward: -190.690 | Steps: 70139 | Total Reward: -76953.83721742408|
| Episode: 387 | Epsilon:  0.10 | Reward: -323.8492646569316 | Average Reward: -192.186 | Steps: 70291 | Total Reward: -77277.68648208094|
| Episode: 388 | Epsilon:  0.10 | Reward: -307.74171449998533 | Average Reward: -192.487 | Steps: 70432 | Total Reward: -77585.42819658094|
| Episode: 389 | Epsilon:  0.10 | Reward: -331.25476936348537 | Average Reward: -193.967 | Steps: 70575 | Total Reward: -77916.68296594442|
| Episode: 390 | Epsilon:  0.10 | Reward: -300.6165121765174 | Average Reward: -193.471 | Steps: 70751 | Total Reward: -78217.2994781209|
| Episode: 391 | Epsilon:  0.10 | Reward: -247.95911547590495 | Average Reward: -193.555 | Steps: 70879 | Total Reward: -78465.25859359684|
| Episode: 392 | Epsilon:  0.10 | Reward: -243.77970739959824 | Average Reward: -194.117 | Steps: 71149 | Total Reward: -78709.03830099634|
| Episode: 393 | Epsilon:  0.10 | Reward: -302.15328065841254 | Average Reward: -196.859 | Steps: 71310 | Total Reward: -79011.19158165477|
| Episode: 394 | Epsilon:  0.10 | Reward: -243.6765856949842 | Average Reward: -198.084 | Steps: 71435 | Total Reward: -79254.86816734973|
| Episode: 395 | Epsilon:  0.10 | Reward: -134.0823676964301 | Average Reward: -197.484 | Steps: 71641 | Total Reward: -79388.95053504623|
| Episode: 396 | Epsilon:  0.10 | Reward: -213.9486935280801 | Average Reward: -197.970 | Steps: 71850 | Total Reward: -79602.8992285743|
| Episode: 397 | Epsilon:  0.10 | Reward: -103.73212930992815 | Average Reward: -199.221 | Steps: 72050 | Total Reward: -79706.63135788428|
| Episode: 398 | Epsilon:  0.10 | Reward: -222.9848544562383 | Average Reward: -198.156 | Steps: 72194 | Total Reward: -79929.61621234057|
| Episode: 399 | Epsilon:  0.10 | Reward: -103.6236762723231 | Average Reward: -196.729 | Steps: 72453 | Total Reward: -80033.23988861279|
| Episode: 400 | Epsilon:  0.10 | Reward: -383.2447088343771 | Average Reward: -198.646 | Steps: 72559 | Total Reward: -80416.4845974471|
| Episode: 401 | Epsilon:  0.10 | Reward: -183.6400826744444 | Average Reward: -198.725 | Steps: 72683 | Total Reward: -80600.12468012159|
| Episode: 402 | Epsilon:  0.10 | Reward: -265.3410025124015 | Average Reward: -200.259 | Steps: 72883 | Total Reward: -80865.46568263396|
| Episode: 403 | Epsilon:  0.10 | Reward: -225.8366804085194 | Average Reward: -199.891 | Steps: 73019 | Total Reward: -81091.30236304247|
| Episode: 404 | Epsilon:  0.10 | Reward: -128.17220792295402 | Average Reward: -199.695 | Steps: 73154 | Total Reward: -81219.47457096537|
| Episode: 405 | Epsilon:  0.10 | Reward: -302.9581374239036 | Average Reward: -200.439 | Steps: 73300 | Total Reward: -81522.43270838924|
| Episode: 406 | Epsilon:  0.10 | Reward: -220.7842818774705 | Average Reward: -200.486 | Steps: 73421 | Total Reward: -81743.21699026675|
| Episode: 407 | Epsilon:  0.10 | Reward: -189.77800818842957 | Average Reward: -199.592 | Steps: 73541 | Total Reward: -81932.99499845515|
| Episode: 408 | Epsilon:  0.10 | Reward: -320.07900502718064 | Average Reward: -201.105 | Steps: 73734 | Total Reward: -82253.07400348227|
| Episode: 409 | Epsilon:  0.10 | Reward: -344.1638120391647 | Average Reward: -204.208 | Steps: 73883 | Total Reward: -82597.23781552148|
| Episode: 410 | Epsilon:  0.10 | Reward: -98.34870544918294 | Average Reward: -202.916 | Steps: 74052 | Total Reward: -82695.5865209707|
| Episode: 411 | Epsilon:  0.10 | Reward: -220.13354651306352 | Average Reward: -203.620 | Steps: 74190 | Total Reward: -82915.72006748382|
| Episode: 412 | Epsilon:  0.10 | Reward: -222.84557319327558 | Average Reward: -203.511 | Steps: 74324 | Total Reward: -83138.565640677|
| Episode: 413 | Epsilon:  0.10 | Reward: 12.628088190538634 | Average Reward: -200.289 | Steps: 74480 | Total Reward: -83125.93755248652|
| Episode: 414 | Epsilon:  0.10 | Reward: -303.07883603464813 | Average Reward: -201.145 | Steps: 74630 | Total Reward: -83429.01638852117|
| Episode: 415 | Epsilon:  0.10 | Reward: -328.75586378890677 | Average Reward: -201.431 | Steps: 74930 | Total Reward: -83757.77225231015|
| Episode: 416 | Epsilon:  0.10 | Reward: -182.5288904160899 | Average Reward: -200.529 | Steps: 75090 | Total Reward: -83940.30114272624|
| Episode: 417 | Epsilon:  0.10 | Reward: -192.7627134773282 | Average Reward: -199.082 | Steps: 75257 | Total Reward: -84133.06385620362|
| Episode: 418 | Epsilon:  0.10 | Reward: -222.48794355125364 | Average Reward: -199.176 | Steps: 75413 | Total Reward: -84355.55179975489|
| Episode: 419 | Epsilon:  0.10 | Reward: -272.463403335276 | Average Reward: -201.170 | Steps: 75581 | Total Reward: -84628.01520309014|
| Episode: 420 | Epsilon:  0.10 | Reward: -17.651418953298162 | Average Reward: -199.421 | Steps: 75683 | Total Reward: -84645.66662204338|
| Episode: 421 | Epsilon:  0.10 | Reward: -226.24432061042722 | Average Reward: -199.795 | Steps: 75845 | Total Reward: -84871.91094265373|
| Episode: 422 | Epsilon:  0.10 | Reward: -372.70687161391515 | Average Reward: -201.445 | Steps: 76091 | Total Reward: -85244.6178142677|
| Episode: 423 | Epsilon:  0.10 | Reward: -300.0276088928538 | Average Reward: -202.326 | Steps: 76214 | Total Reward: -85544.64542316052|
| Episode: 424 | Epsilon:  0.10 | Reward: -255.44346058793994 | Average Reward: -204.713 | Steps: 76339 | Total Reward: -85800.08888374841|
| Episode: 425 | Epsilon:  0.10 | Reward: -48.60696213121564 | Average Reward: -203.218 | Steps: 76540 | Total Reward: -85848.69584587966|
| Episode: 426 | Epsilon:  0.10 | Reward: -327.0583656323953 | Average Reward: -205.653 | Steps: 76692 | Total Reward: -86175.75421151202|
| Episode: 427 | Epsilon:  0.10 | Reward: -166.07049313264338 | Average Reward: -207.327 | Steps: 76887 | Total Reward: -86341.82470464466|
| Episode: 428 | Epsilon:  0.10 | Reward: -304.0293154458844 | Average Reward: -208.953 | Steps: 77022 | Total Reward: -86645.85402009051|
| Episode: 429 | Epsilon:  0.10 | Reward: -130.40752870606815 | Average Reward: -207.976 | Steps: 77156 | Total Reward: -86776.26154879655|
| Episode: 430 | Epsilon:  0.10 | Reward: -230.97299113965863 | Average Reward: -210.718 | Steps: 77359 | Total Reward: -87007.23453993614|
| Episode: 431 | Epsilon:  0.10 | Reward: -258.99590292198616 | Average Reward: -213.643 | Steps: 77530 | Total Reward: -87266.23044285808|
| Episode: 432 | Epsilon:  0.10 | Reward: -329.15384634488123 | Average Reward: -214.810 | Steps: 77678 | Total Reward: -87595.38428920295|
| Episode: 433 | Epsilon:  0.10 | Reward: -238.66478742102686 | Average Reward: -213.535 | Steps: 77838 | Total Reward: -87834.04907662395|
| Episode: 434 | Epsilon:  0.10 | Reward: -307.2872147394756 | Average Reward: -213.556 | Steps: 77985 | Total Reward: -88141.33629136336|
| Episode: 435 | Epsilon:  0.10 | Reward: -283.81726340454 | Average Reward: -213.595 | Steps: 78153 | Total Reward: -88425.15355476792|
| Episode: 436 | Epsilon:  0.10 | Reward: -16.600049252859492 | Average Reward: -211.555 | Steps: 78307 | Total Reward: -88441.75360402076|
| Episode: 437 | Epsilon:  0.10 | Reward: -158.10880868100145 | Average Reward: -214.737 | Steps: 78566 | Total Reward: -88599.86241270164|
| Episode: 438 | Epsilon:  0.10 | Reward: -253.21067477317425 | Average Reward: -214.778 | Steps: 78726 | Total Reward: -88853.07308747478|
| Episode: 439 | Epsilon:  0.10 | Reward: -151.371312410114 | Average Reward: -214.023 | Steps: 78881 | Total Reward: -89004.44439988476|
| Episode: 440 | Epsilon:  0.10 | Reward: -254.45687821316395 | Average Reward: -215.470 | Steps: 79113 | Total Reward: -89258.901278098|
| Episode: 441 | Epsilon:  0.10 | Reward: -163.3101346817436 | Average Reward: -214.317 | Steps: 79217 | Total Reward: -89422.21141277972|
| Episode: 442 | Epsilon:  0.10 | Reward: -225.1292687419585 | Average Reward: -212.949 | Steps: 79327 | Total Reward: -89647.34068152172|
| Episode: 443 | Epsilon:  0.10 | Reward: -332.8935309482115 | Average Reward: -215.728 | Steps: 79481 | Total Reward: -89980.23421247005|
| Episode: 444 | Epsilon:  0.10 | Reward: -341.60051883376127 | Average Reward: -218.033 | Steps: 79619 | Total Reward: -90321.83473130382|
| Episode: 445 | Epsilon:  0.10 | Reward: 4.151748426260667 | Average Reward: -217.732 | Steps: 79949 | Total Reward: -90317.68298287745|
| Episode: 446 | Epsilon:  0.10 | Reward: -3.1170378341823977 | Average Reward: -217.873 | Steps: 80158 | Total Reward: -90320.80002071163|
| Episode: 447 | Epsilon:  0.10 | Reward: -239.36161054878846 | Average Reward: -218.243 | Steps: 80316 | Total Reward: -90560.16163126045|
| Episode: 448 | Epsilon:  0.10 | Reward: -313.24166086510655 | Average Reward: -218.342 | Steps: 80524 | Total Reward: -90873.40329212556|
| Episode: 449 | Epsilon:  0.10 | Reward: -275.05781010742623 | Average Reward: -218.470 | Steps: 80669 | Total Reward: -91148.46110223296|
| Episode: 450 | Epsilon:  0.10 | Reward: -268.084832596011 | Average Reward: -217.934 | Steps: 80818 | Total Reward: -91416.54593482894|
| Episode: 451 | Epsilon:  0.10 | Reward: -212.78088884439904 | Average Reward: -217.914 | Steps: 80976 | Total Reward: -91629.32682367333|
| Episode: 452 | Epsilon:  0.10 | Reward: -115.36643520319171 | Average Reward: -219.434 | Steps: 81182 | Total Reward: -91744.69325887653|
| Episode: 453 | Epsilon:  0.10 | Reward: -270.3316326262744 | Average Reward: -221.232 | Steps: 81486 | Total Reward: -92015.0248915029|
| Episode: 454 | Epsilon:  0.10 | Reward: -292.4514646937248 | Average Reward: -222.147 | Steps: 81628 | Total Reward: -92307.4763561966|
| Episode: 455 | Epsilon:  0.10 | Reward: -236.08104232419572 | Average Reward: -221.407 | Steps: 81800 | Total Reward: -92543.5573985209|
| Episode: 456 | Epsilon:  0.10 | Reward: -231.17367405573066 | Average Reward: -223.359 | Steps: 81952 | Total Reward: -92774.73107257666|
| Episode: 457 | Epsilon:  0.10 | Reward: -190.70270574514547 | Average Reward: -225.613 | Steps: 82107 | Total Reward: -92965.4337783218|
| Episode: 458 | Epsilon:  0.10 | Reward: 1.8846342384989612 | Average Reward: -221.735 | Steps: 82284 | Total Reward: -92963.5491440833|
| Episode: 459 | Epsilon:  0.10 | Reward: -203.88630682559506 | Average Reward: -220.529 | Steps: 82445 | Total Reward: -93167.43545090877|
| Episode: 460 | Epsilon:  0.10 | Reward: -225.84235955390488 | Average Reward: -219.930 | Steps: 82593 | Total Reward: -93393.27781046277|
| Episode: 461 | Epsilon:  0.10 | Reward: -296.968856524475 | Average Reward: -220.122 | Steps: 82742 | Total Reward: -93690.24666698724|
| Episode: 462 | Epsilon:  0.10 | Reward: -175.02502142008942 | Average Reward: -221.321 | Steps: 82857 | Total Reward: -93865.27168840737|
| Episode: 463 | Epsilon:  0.10 | Reward: -264.7056293830418 | Average Reward: -221.125 | Steps: 83000 | Total Reward: -94129.97731779047|
| Episode: 464 | Epsilon:  0.10 | Reward: -263.2386772464938 | Average Reward: -223.671 | Steps: 83278 | Total Reward: -94393.21599503708|
| Episode: 465 | Epsilon:  0.10 | Reward: -274.4302656255519 | Average Reward: -223.555 | Steps: 83426 | Total Reward: -94667.64626066263|
| Episode: 466 | Epsilon:  0.10 | Reward: -221.55329408282847 | Average Reward: -223.515 | Steps: 83574 | Total Reward: -94889.19955474547|
| Episode: 467 | Epsilon:  0.10 | Reward: -178.03429849943979 | Average Reward: -222.396 | Steps: 83768 | Total Reward: -95067.23385324489|
| Episode: 468 | Epsilon:  0.10 | Reward: -245.98549292858576 | Average Reward: -222.189 | Steps: 83948 | Total Reward: -95313.2193461735|
| Episode: 469 | Epsilon:  0.10 | Reward: -5.177601295573027 | Average Reward: -219.290 | Steps: 84116 | Total Reward: -95318.3969474691|
| Episode: 470 | Epsilon:  0.10 | Reward: -209.34101429489846 | Average Reward: -221.328 | Steps: 84249 | Total Reward: -95527.73796176413|
| Episode: 471 | Epsilon:  0.10 | Reward: -288.0572648310448 | Average Reward: -221.286 | Steps: 84378 | Total Reward: -95815.7952265952|
| Episode: 472 | Epsilon:  0.10 | Reward: -299.8698303398569 | Average Reward: -222.980 | Steps: 84509 | Total Reward: -96115.6650569351|
| Episode: 473 | Epsilon:  0.10 | Reward: -255.44510042370976 | Average Reward: -222.676 | Steps: 84662 | Total Reward: -96371.11015735885|
| Episode: 474 | Epsilon:  0.10 | Reward: -239.20477263497884 | Average Reward: -222.106 | Steps: 84805 | Total Reward: -96610.31492999381|
| Episode: 475 | Epsilon:  0.10 | Reward: -59.940165171879215 | Average Reward: -219.510 | Steps: 85112 | Total Reward: -96670.25509516569|
| Episode: 476 | Epsilon:  0.10 | Reward: -287.54304443906346 | Average Reward: -219.687 | Steps: 85262 | Total Reward: -96957.79813960473|
| Episode: 477 | Epsilon:  0.10 | Reward: -185.22951818878505 | Average Reward: -220.038 | Steps: 85406 | Total Reward: -97143.02765779351|
| Episode: 478 | Epsilon:  0.10 | Reward: -120.24721661022197 | Average Reward: -220.434 | Steps: 85578 | Total Reward: -97263.27487440374|
| Episode: 479 | Epsilon:  0.10 | Reward: -42.65098125073649 | Average Reward: -218.889 | Steps: 85786 | Total Reward: -97305.92585565451|
| Episode: 480 | Epsilon:  0.10 | Reward: -201.8479192502512 | Average Reward: -219.088 | Steps: 85933 | Total Reward: -97507.77377490484|
| Episode: 481 | Epsilon:  0.10 | Reward: -174.93509200473807 | Average Reward: -219.856 | Steps: 86080 | Total Reward: -97682.70886690955|
| Episode: 482 | Epsilon:  0.10 | Reward: -219.2705010724697 | Average Reward: -218.615 | Steps: 86238 | Total Reward: -97901.97936798201|
| Episode: 483 | Epsilon:  0.10 | Reward: -281.7646225782969 | Average Reward: -219.417 | Steps: 86372 | Total Reward: -98183.74399056031|
| Episode: 484 | Epsilon:  0.10 | Reward: -221.28746041883537 | Average Reward: -218.632 | Steps: 86566 | Total Reward: -98405.03145097908|
| Episode: 485 | Epsilon:  0.10 | Reward: -69.96375785682527 | Average Reward: -216.083 | Steps: 86705 | Total Reward: -98474.99520883586|
| Episode: 486 | Epsilon:  0.10 | Reward: -269.7806488062282 | Average Reward: -217.909 | Steps: 86841 | Total Reward: -98744.77585764206|
| Episode: 487 | Epsilon:  0.10 | Reward: -218.73030056110395 | Average Reward: -216.858 | Steps: 87008 | Total Reward: -98963.50615820319|
| Episode: 488 | Epsilon:  0.10 | Reward: -183.40641815704612 | Average Reward: -215.615 | Steps: 87185 | Total Reward: -99146.9125763602|
| Episode: 489 | Epsilon:  0.10 | Reward: -185.2035745765248 | Average Reward: -214.154 | Steps: 87364 | Total Reward: -99332.11615093677|
| Episode: 490 | Epsilon:  0.10 | Reward: 266.2673023239587 | Average Reward: -208.485 | Steps: 87983 | Total Reward: -99065.84884861292|
| Episode: 491 | Epsilon:  0.10 | Reward: -222.58965487162206 | Average Reward: -208.232 | Steps: 88153 | Total Reward: -99288.43850348453|
| Episode: 492 | Epsilon:  0.10 | Reward: -254.84476409713386 | Average Reward: -208.342 | Steps: 88296 | Total Reward: -99543.28326758166|
| Episode: 493 | Epsilon:  0.10 | Reward: -61.66889739469476 | Average Reward: -205.938 | Steps: 88472 | Total Reward: -99604.9521649763|
| Episode: 494 | Epsilon:  0.10 | Reward: -275.86632656218865 | Average Reward: -206.260 | Steps: 88626 | Total Reward: -99880.81849153854|
| Episode: 495 | Epsilon:  0.10 | Reward: -334.2082730988127 | Average Reward: -208.261 | Steps: 88848 | Total Reward: -100215.02676463731|
| Episode: 496 | Epsilon:  0.10 | Reward: -273.9869256385704 | Average Reward: -208.861 | Steps: 89001 | Total Reward: -100489.0136902759|
| Episode: 497 | Epsilon:  0.10 | Reward: -321.2896631289337 | Average Reward: -211.037 | Steps: 89237 | Total Reward: -100810.30335340483|
| Episode: 498 | Epsilon:  0.10 | Reward: 182.68936879269108 | Average Reward: -206.980 | Steps: 89517 | Total Reward: -100627.61398461214|
| Episode: 499 | Epsilon:  0.10 | Reward: -72.83678691343053 | Average Reward: -206.672 | Steps: 89694 | Total Reward: -100700.45077152547|
| Episode: 500 | Epsilon:  0.10 | Reward: -243.21367880789748 | Average Reward: -205.272 | Steps: 89903 | Total Reward: -100943.6644503333|
| Episode: 501 | Epsilon:  0.10 | Reward: -284.9140505254986 | Average Reward: -206.285 | Steps: 90081 | Total Reward: -101228.57850085881|
| Episode: 502 | Epsilon:  0.10 | Reward: -166.55839724564152 | Average Reward: -205.297 | Steps: 90203 | Total Reward: -101395.13689810445|
| Episode: 503 | Epsilon:  0.10 | Reward: -62.283337480939565 | Average Reward: -203.661 | Steps: 90428 | Total Reward: -101457.42023558546|
| Episode: 504 | Epsilon:  0.10 | Reward: -197.72243915604645 | Average Reward: -204.357 | Steps: 90574 | Total Reward: -101655.1426747415|
| Episode: 505 | Epsilon:  0.10 | Reward: -348.9377939483403 | Average Reward: -204.816 | Steps: 90707 | Total Reward: -102004.0804686898|
| Episode: 506 | Epsilon:  0.10 | Reward: -214.29396760885186 | Average Reward: -204.752 | Steps: 90873 | Total Reward: -102218.37443629869|
| Episode: 507 | Epsilon:  0.10 | Reward: -312.78039437426065 | Average Reward: -205.982 | Steps: 91038 | Total Reward: -102531.15483067297|
| Episode: 508 | Epsilon:  0.10 | Reward: -354.6530037683144 | Average Reward: -206.327 | Steps: 91172 | Total Reward: -102885.8078344413|
| Episode: 509 | Epsilon:  0.10 | Reward: -209.13804372547935 | Average Reward: -204.977 | Steps: 91304 | Total Reward: -103094.94587816672|
| Episode: 510 | Epsilon:  0.10 | Reward: -185.49433298748815 | Average Reward: -205.849 | Steps: 91441 | Total Reward: -103280.44021115419|
| Episode: 511 | Epsilon:  0.10 | Reward: -5.96184737627361 | Average Reward: -203.707 | Steps: 91594 | Total Reward: -103286.40205853044|
| Episode: 512 | Epsilon:  0.10 | Reward: -271.0098818873754 | Average Reward: -204.188 | Steps: 91725 | Total Reward: -103557.4119404177|
| Episode: 513 | Epsilon:  0.10 | Reward: -358.30286826987236 | Average Reward: -207.898 | Steps: 91883 | Total Reward: -103915.71480868763|
| Episode: 514 | Epsilon:  0.10 | Reward: -189.19757351493973 | Average Reward: -206.759 | Steps: 92019 | Total Reward: -104104.91238220256|
| Episode: 515 | Epsilon:  0.10 | Reward: -303.7870349586035 | Average Reward: -206.509 | Steps: 92161 | Total Reward: -104408.69941716119|
| Episode: 516 | Epsilon:  0.10 | Reward: -220.85256320409155 | Average Reward: -206.893 | Steps: 92307 | Total Reward: -104629.55198036527|
| Episode: 517 | Epsilon:  0.10 | Reward: -259.5467705877459 | Average Reward: -207.560 | Steps: 92491 | Total Reward: -104889.09875095292|
| Episode: 518 | Epsilon:  0.10 | Reward: -178.50938698042597 | Average Reward: -207.121 | Steps: 92657 | Total Reward: -105067.60813793328|
| Episode: 519 | Epsilon:  0.10 | Reward: -236.08908971491144 | Average Reward: -206.757 | Steps: 92771 | Total Reward: -105303.69722764815|
| Episode: 520 | Epsilon:  0.10 | Reward: -164.6399083758459 | Average Reward: -208.227 | Steps: 92941 | Total Reward: -105468.33713602395|
| Episode: 521 | Epsilon:  0.10 | Reward: -323.1520361112266 | Average Reward: -209.196 | Steps: 93090 | Total Reward: -105791.4891721352|
| Episode: 522 | Epsilon:  0.10 | Reward: -201.5976778985994 | Average Reward: -207.485 | Steps: 93238 | Total Reward: -105993.08685003383|
| Episode: 523 | Epsilon:  0.10 | Reward: 2.931730648673451 | Average Reward: -204.455 | Steps: 93385 | Total Reward: -105990.15511938518|
| Episode: 524 | Epsilon:  0.10 | Reward: -183.26760460477652 | Average Reward: -203.733 | Steps: 93512 | Total Reward: -106173.42272398999|
| Episode: 525 | Epsilon:  0.10 | Reward: -231.52120419596974 | Average Reward: -205.562 | Steps: 93636 | Total Reward: -106404.94392818597|
| Episode: 526 | Epsilon:  0.10 | Reward: -238.25449022937437 | Average Reward: -204.674 | Steps: 93819 | Total Reward: -106643.1984184153|
| Episode: 527 | Epsilon:  0.10 | Reward: -275.0137354467936 | Average Reward: -205.764 | Steps: 93956 | Total Reward: -106918.21215386207|
| Episode: 528 | Epsilon:  0.10 | Reward: -159.2527084109944 | Average Reward: -204.316 | Steps: 94076 | Total Reward: -107077.4648622731|
| Episode: 529 | Epsilon:  0.10 | Reward: -196.41189092174375 | Average Reward: -204.976 | Steps: 94231 | Total Reward: -107273.8767531949|
| Episode: 530 | Epsilon:  0.10 | Reward: -204.2721369370454 | Average Reward: -204.709 | Steps: 94375 | Total Reward: -107478.14889013191|
| Episode: 531 | Epsilon:  0.10 | Reward: -216.6434558094901 | Average Reward: -204.286 | Steps: 94639 | Total Reward: -107694.79234594133|
| Episode: 532 | Epsilon:  0.10 | Reward: -259.16375107264264 | Average Reward: -203.586 | Steps: 94808 | Total Reward: -107953.95609701391|
| Episode: 533 | Epsilon:  0.10 | Reward: -340.24918128520284 | Average Reward: -204.602 | Steps: 94951 | Total Reward: -108294.20527829917|
| Episode: 534 | Epsilon:  0.10 | Reward: -292.2577557834062 | Average Reward: -204.451 | Steps: 95178 | Total Reward: -108586.46303408248|
| Episode: 535 | Epsilon:  0.10 | Reward: -162.64629831909747 | Average Reward: -203.240 | Steps: 95358 | Total Reward: -108749.10933240155|
| Episode: 536 | Epsilon:  0.10 | Reward: -321.41984874749846 | Average Reward: -206.288 | Steps: 95487 | Total Reward: -109070.52918114915|
| Episode: 537 | Epsilon:  0.10 | Reward: -334.13222639562326 | Average Reward: -208.048 | Steps: 95600 | Total Reward: -109404.66140754476|
| Episode: 538 | Epsilon:  0.10 | Reward: -222.342815388783 | Average Reward: -207.739 | Steps: 95741 | Total Reward: -109627.00422293355|
| Episode: 539 | Epsilon:  0.10 | Reward: -331.41971851537494 | Average Reward: -209.540 | Steps: 95883 | Total Reward: -109958.42394144897|
| Episode: 540 | Epsilon:  0.10 | Reward: -94.53772975526375 | Average Reward: -207.941 | Steps: 96102 | Total Reward: -110052.96167120425|
| Episode: 541 | Epsilon:  0.10 | Reward: -261.2030967915507 | Average Reward: -208.920 | Steps: 96284 | Total Reward: -110314.16476799578|
| Episode: 542 | Epsilon:  0.10 | Reward: -348.12185997688346 | Average Reward: -210.149 | Steps: 96437 | Total Reward: -110662.28662797263|
| Episode: 543 | Epsilon:  0.10 | Reward: -299.1290858856056 | Average Reward: -209.812 | Steps: 96563 | Total Reward: -110961.41571385815|
| Episode: 544 | Epsilon:  0.10 | Reward: -315.03071693804026 | Average Reward: -209.546 | Steps: 96771 | Total Reward: -111276.44643079618|
| Episode: 545 | Epsilon:  0.10 | Reward: -187.3636568356659 | Average Reward: -211.461 | Steps: 96905 | Total Reward: -111463.81008763188|
| Episode: 546 | Epsilon:  0.10 | Reward: -324.47793487939924 | Average Reward: -214.675 | Steps: 97036 | Total Reward: -111788.2880225112|
| Episode: 547 | Epsilon:  0.10 | Reward: -160.0330258734244 | Average Reward: -213.882 | Steps: 97173 | Total Reward: -111948.3210483846|
| Episode: 548 | Epsilon:  0.10 | Reward: -62.2266511167975 | Average Reward: -211.371 | Steps: 97472 | Total Reward: -112010.54769950152|
| Episode: 549 | Epsilon:  0.10 | Reward: -232.71348553293305 | Average Reward: -210.948 | Steps: 97613 | Total Reward: -112243.26118503443|
| Episode: 550 | Epsilon:  0.10 | Reward: -221.2398923591615 | Average Reward: -210.480 | Steps: 97776 | Total Reward: -112464.50107739365|
| Episode: 551 | Epsilon:  0.10 | Reward: -322.44249933353365 | Average Reward: -211.576 | Steps: 97900 | Total Reward: -112786.94357672722|
| Episode: 552 | Epsilon:  0.10 | Reward: -202.1393363254229 | Average Reward: -212.444 | Steps: 98038 | Total Reward: -112989.0829130526|
| Episode: 553 | Epsilon:  0.10 | Reward: -24.96188533171994 | Average Reward: -209.990 | Steps: 98161 | Total Reward: -113014.04479838426|
| Episode: 554 | Epsilon:  0.10 | Reward: -245.3385058792671 | Average Reward: -209.519 | Steps: 98404 | Total Reward: -113259.38330426352|
| Episode: 555 | Epsilon:  0.10 | Reward: -65.82337279564649 | Average Reward: -207.816 | Steps: 98570 | Total Reward: -113325.2066770593|
| Episode: 556 | Epsilon:  0.10 | Reward: -267.2950688559837 | Average Reward: -208.178 | Steps: 98727 | Total Reward: -113592.50174591533|
| Episode: 557 | Epsilon:  0.10 | Reward: -97.7724406996519 | Average Reward: -207.248 | Steps: 98919 | Total Reward: -113690.27418661499|
| Episode: 558 | Epsilon:  0.10 | Reward: -242.377202902478 | Average Reward: -209.691 | Steps: 99060 | Total Reward: -113932.65138951752|
| Episode: 559 | Epsilon:  0.10 | Reward: -125.39919622274918 | Average Reward: -208.906 | Steps: 99212 | Total Reward: -114058.05058574017|
| Episode: 560 | Epsilon:  0.10 | Reward: -299.05024478300265 | Average Reward: -209.638 | Steps: 99376 | Total Reward: -114357.10083052318|
| Episode: 561 | Epsilon:  0.10 | Reward: -359.0542950914685 | Average Reward: -210.259 | Steps: 99771 | Total Reward: -114716.15512561459|
| Episode: 562 | Epsilon:  0.10 | Reward: -98.49856039171615 | Average Reward: -209.494 | Steps: 100046 | Total Reward: -114814.65368600647|
| Episode: 563 | Epsilon:  0.10 | Reward: -3.7312552644934414 | Average Reward: -206.884 | Steps: 100221 | Total Reward: -114818.384941271|
| Episode: 564 | Epsilon:  0.10 | Reward: -161.06541475172543 | Average Reward: -205.862 | Steps: 100403 | Total Reward: -114979.45035602279|
| Episode: 565 | Epsilon:  0.10 | Reward: -249.47457500432796 | Average Reward: -205.613 | Steps: 100551 | Total Reward: -115228.92493102714|
| Episode: 566 | Epsilon:  0.10 | Reward: -262.4083605002395 | Average Reward: -206.021 | Steps: 100724 | Total Reward: -115491.33329152735|
| Episode: 567 | Epsilon:  0.10 | Reward: -233.5240891547454 | Average Reward: -206.576 | Steps: 100878 | Total Reward: -115724.85738068202|
| Episode: 568 | Epsilon:  0.10 | Reward: -159.11652382899203 | Average Reward: -205.708 | Steps: 101037 | Total Reward: -115883.97390451099|
| Episode: 569 | Epsilon:  0.10 | Reward: -73.78945904067005 | Average Reward: -206.394 | Steps: 101250 | Total Reward: -115957.76336355174|
| Episode: 570 | Epsilon:  0.10 | Reward: -213.8661176781917 | Average Reward: -206.439 | Steps: 101462 | Total Reward: -116171.62948122984|
| Episode: 571 | Epsilon:  0.10 | Reward: -258.11503988753634 | Average Reward: -206.139 | Steps: 101679 | Total Reward: -116429.7445211173|
| Episode: 572 | Epsilon:  0.10 | Reward: -54.437784359089065 | Average Reward: -203.685 | Steps: 101847 | Total Reward: -116484.18230547628|
| Episode: 573 | Epsilon:  0.10 | Reward: -62.11949115246487 | Average Reward: -201.752 | Steps: 102016 | Total Reward: -116546.30179662873|
| Episode: 574 | Epsilon:  0.10 | Reward: -209.4592261009171 | Average Reward: -201.454 | Steps: 102168 | Total Reward: -116755.7610227296|
| Episode: 575 | Epsilon:  0.10 | Reward: -273.83273582325 | Average Reward: -203.593 | Steps: 102332 | Total Reward: -117029.59375855284|
| Episode: 576 | Epsilon:  0.10 | Reward: -209.6981254840272 | Average Reward: -202.815 | Steps: 102492 | Total Reward: -117239.29188403692|
| Episode: 577 | Epsilon:  0.10 | Reward: -295.25258069769575 | Average Reward: -203.915 | Steps: 102643 | Total Reward: -117534.54446473466|
| Episode: 578 | Epsilon:  0.10 | Reward: -49.706437313195075 | Average Reward: -203.210 | Steps: 102758 | Total Reward: -117584.25090204792|
| Episode: 579 | Epsilon:  0.10 | Reward: -194.01629458844837 | Average Reward: -204.723 | Steps: 102928 | Total Reward: -117778.26719663643|
| Episode: 580 | Epsilon:  0.10 | Reward: -163.79929179097476 | Average Reward: -204.343 | Steps: 103095 | Total Reward: -117942.0664884273|
| Episode: 581 | Epsilon:  0.10 | Reward: -279.2881727858545 | Average Reward: -205.386 | Steps: 103268 | Total Reward: -118221.35466121318|
| Episode: 582 | Epsilon:  0.10 | Reward: -283.23499691700545 | Average Reward: -206.026 | Steps: 103500 | Total Reward: -118504.58965813012|
| Episode: 583 | Epsilon:  0.10 | Reward: -163.22640801555377 | Average Reward: -204.841 | Steps: 103657 | Total Reward: -118667.81606614562|
| Episode: 584 | Epsilon:  0.10 | Reward: -294.87417985623864 | Average Reward: -205.577 | Steps: 103798 | Total Reward: -118962.69024600186|
| Episode: 585 | Epsilon:  0.10 | Reward: -259.270437451989 | Average Reward: -207.470 | Steps: 103970 | Total Reward: -119221.96068345389|
| Episode: 586 | Epsilon:  0.10 | Reward: -209.8374303330546 | Average Reward: -206.870 | Steps: 104134 | Total Reward: -119431.79811378688|
| Episode: 587 | Epsilon:  0.10 | Reward: -81.20822802510668 | Average Reward: -205.495 | Steps: 104290 | Total Reward: -119513.00634181198|
| Episode: 588 | Epsilon:  0.10 | Reward: -171.93460120938488 | Average Reward: -205.380 | Steps: 104450 | Total Reward: -119684.94094302131|
| Episode: 589 | Epsilon:  0.10 | Reward: -331.7579618349047 | Average Reward: -206.846 | Steps: 104579 | Total Reward: -120016.69890485612|
| Episode: 590 | Epsilon:  0.10 | Reward: -148.33136251195978 | Average Reward: -210.992 | Steps: 104738 | Total Reward: -120165.03026736809|
| Episode: 591 | Epsilon:  0.10 | Reward: -21.91703774562845 | Average Reward: -208.985 | Steps: 104853 | Total Reward: -120186.94730511376|
| Episode: 592 | Epsilon:  0.10 | Reward: 3.037954572647095 | Average Reward: -206.406 | Steps: 105055 | Total Reward: -120183.90935054111|
| Episode: 593 | Epsilon:  0.10 | Reward: -276.36549533574976 | Average Reward: -208.553 | Steps: 105210 | Total Reward: -120460.27484587696|
| Episode: 594 | Epsilon:  0.10 | Reward: -341.12962491966096 | Average Reward: -209.206 | Steps: 105333 | Total Reward: -120801.40447079665|
| Episode: 595 | Epsilon:  0.10 | Reward: -74.39702694389737 | Average Reward: -206.608 | Steps: 105616 | Total Reward: -120875.80149774054|
| Episode: 596 | Epsilon:  0.10 | Reward: -306.24758606466685 | Average Reward: -206.930 | Steps: 105815 | Total Reward: -121182.04908380502|
| Episode: 597 | Epsilon:  0.10 | Reward: -191.98905442847902 | Average Reward: -205.637 | Steps: 105993 | Total Reward: -121374.03813823353|
| Episode: 598 | Epsilon:  0.10 | Reward: -311.81034991594674 | Average Reward: -210.582 | Steps: 106192 | Total Reward: -121685.84848814948|
| Episode: 599 | Epsilon:  0.10 | Reward: -200.6565370371366 | Average Reward: -211.861 | Steps: 106338 | Total Reward: -121886.50502518659|
| Episode: 600 | Epsilon:  0.10 | Reward: -80.645177304201 | Average Reward: -210.235 | Steps: 106591 | Total Reward: -121967.1502024907|
| Episode: 601 | Epsilon:  0.10 | Reward: -257.27113151778815 | Average Reward: -209.958 | Steps: 106728 | Total Reward: -122224.42133400853|
| Episode: 602 | Epsilon:  0.10 | Reward: -115.10407906174662 | Average Reward: -209.444 | Steps: 106919 | Total Reward: -122339.52541307038|
| Episode: 603 | Epsilon:  0.10 | Reward: -259.69342684135063 | Average Reward: -211.418 | Steps: 107062 | Total Reward: -122599.21883991169|
| Episode: 604 | Epsilon:  0.10 | Reward: -172.64787174265297 | Average Reward: -211.167 | Steps: 107202 | Total Reward: -122771.86671165432|
| Episode: 605 | Epsilon:  0.10 | Reward: 57.12182293111837 | Average Reward: -207.107 | Steps: 107406 | Total Reward: -122714.74488872322|
| Episode: 606 | Epsilon:  0.10 | Reward: -73.62277094379368 | Average Reward: -205.700 | Steps: 107546 | Total Reward: -122788.36765966707|
| Episode: 607 | Epsilon:  0.10 | Reward: -233.33438434362915 | Average Reward: -204.905 | Steps: 107710 | Total Reward: -123021.70204401076|
| Episode: 608 | Epsilon:  0.10 | Reward: -239.67315643142706 | Average Reward: -203.756 | Steps: 107856 | Total Reward: -123261.37520044218|
| Episode: 609 | Epsilon:  0.10 | Reward: -383.91782317831587 | Average Reward: -205.503 | Steps: 108010 | Total Reward: -123645.29302362048|
| Episode: 610 | Epsilon:  0.10 | Reward: -171.5921627772916 | Average Reward: -205.364 | Steps: 108187 | Total Reward: -123816.88518639778|
| Episode: 611 | Epsilon:  0.10 | Reward: -232.78162974538324 | Average Reward: -207.633 | Steps: 108328 | Total Reward: -124049.66681614317|
| Episode: 612 | Epsilon:  0.10 | Reward: -70.94928312166456 | Average Reward: -205.632 | Steps: 108502 | Total Reward: -124120.61609926488|
| Episode: 613 | Epsilon:  0.10 | Reward: -266.5124029591564 | Average Reward: -204.714 | Steps: 108657 | Total Reward: -124387.12850222395|
| Episode: 614 | Epsilon:  0.10 | Reward: -212.1268481560474 | Average Reward: -204.943 | Steps: 108868 | Total Reward: -124599.25535038|
| Episode: 615 | Epsilon:  0.10 | Reward: -217.98237148277866 | Average Reward: -204.085 | Steps: 109030 | Total Reward: -124817.23772186266|
| Episode: 616 | Epsilon:  0.10 | Reward: -178.74977656319749 | Average Reward: -203.664 | Steps: 109173 | Total Reward: -124995.98749842602|
| Episode: 617 | Epsilon:  0.10 | Reward: -173.23820054465182 | Average Reward: -202.801 | Steps: 109374 | Total Reward: -125169.22569897074|
| Episode: 618 | Epsilon:  0.10 | Reward: -133.98556565482085 | Average Reward: -202.356 | Steps: 109571 | Total Reward: -125303.21126462558|
| Episode: 619 | Epsilon:  0.10 | Reward: -204.13354917109763 | Average Reward: -202.036 | Steps: 109705 | Total Reward: -125507.3448137967|
| Episode: 620 | Epsilon:  0.10 | Reward: -267.7347578745351 | Average Reward: -203.067 | Steps: 109841 | Total Reward: -125775.07957167129|
| Episode: 621 | Epsilon:  0.10 | Reward: -98.04413258229975 | Average Reward: -200.816 | Steps: 110016 | Total Reward: -125873.12370425355|
| Episode: 622 | Epsilon:  0.10 | Reward: -87.8839270939134 | Average Reward: -199.679 | Steps: 110180 | Total Reward: -125961.00763134751|
| Episode: 623 | Epsilon:  0.10 | Reward: -129.79834870121636 | Average Reward: -201.007 | Steps: 110380 | Total Reward: -126090.80598004872|
| Episode: 624 | Epsilon:  0.10 | Reward: -244.9715858967084 | Average Reward: -201.624 | Steps: 110499 | Total Reward: -126335.77756594538|
| Episode: 625 | Epsilon:  0.10 | Reward: -240.26578783274593 | Average Reward: -201.711 | Steps: 110702 | Total Reward: -126576.04335377812|
| Episode: 626 | Epsilon:  0.10 | Reward: -30.35417592531843 | Average Reward: -199.632 | Steps: 110846 | Total Reward: -126606.39752970339|
| Episode: 627 | Epsilon:  0.10 | Reward: -323.3939998776283 | Average Reward: -200.116 | Steps: 110997 | Total Reward: -126929.79152958098|
| Episode: 628 | Epsilon:  0.10 | Reward: -187.4836521389834 | Average Reward: -200.398 | Steps: 111160 | Total Reward: -127117.27518171992|
| Episode: 629 | Epsilon:  0.10 | Reward: -263.9072099000607 | Average Reward: -201.073 | Steps: 111309 | Total Reward: -127381.18239162|
| Episode: 630 | Epsilon:  0.10 | Reward: -226.59704799266865 | Average Reward: -201.296 | Steps: 111476 | Total Reward: -127607.7794396127|
| Episode: 631 | Epsilon:  0.10 | Reward: -189.5041820019087 | Average Reward: -201.025 | Steps: 111682 | Total Reward: -127797.28362161462|
| Episode: 632 | Epsilon:  0.10 | Reward: 25.86477421716981 | Average Reward: -198.175 | Steps: 111844 | Total Reward: -127771.41884739748|
| Episode: 633 | Epsilon:  0.10 | Reward: -358.1652866393931 | Average Reward: -198.354 | Steps: 111969 | Total Reward: -128129.58413403685|
| Episode: 634 | Epsilon:  0.10 | Reward: -363.1358661146053 | Average Reward: -199.063 | Steps: 112109 | Total Reward: -128492.72000015141|
| Episode: 635 | Epsilon:  0.10 | Reward: 261.1722305440069 | Average Reward: -194.824 | Steps: 112577 | Total Reward: -128231.54776960738|
| Episode: 636 | Epsilon:  0.10 | Reward: -274.3868307745247 | Average Reward: -194.354 | Steps: 112719 | Total Reward: -128505.93460038184|
| Episode: 637 | Epsilon:  0.10 | Reward: -57.99486364262039 | Average Reward: -191.593 | Steps: 112887 | Total Reward: -128563.9294640244|
| Episode: 638 | Epsilon:  0.10 | Reward: -333.87294010148844 | Average Reward: -192.708 | Steps: 113104 | Total Reward: -128897.80240412593|
| Episode: 639 | Epsilon:  0.10 | Reward: -246.10595903366607 | Average Reward: -191.855 | Steps: 113324 | Total Reward: -129143.90836315956|
| Episode: 640 | Epsilon:  0.10 | Reward: -202.59446098701147 | Average Reward: -192.935 | Steps: 113471 | Total Reward: -129346.50282414645|
| Episode: 641 | Epsilon:  0.10 | Reward: -350.4874529510224 | Average Reward: -193.828 | Steps: 113687 | Total Reward: -129696.99027709739|
| Episode: 642 | Epsilon:  0.10 | Reward: 24.54597453194762 | Average Reward: -190.102 | Steps: 113853 | Total Reward: -129672.44430256546|
| Episode: 643 | Epsilon:  0.10 | Reward: -145.1100936829249 | Average Reward: -188.561 | Steps: 113967 | Total Reward: -129817.55439624832|
| Episode: 644 | Epsilon:  0.10 | Reward: -151.4929390244125 | Average Reward: -186.926 | Steps: 114082 | Total Reward: -129969.04733527265|
| Episode: 645 | Epsilon:  0.10 | Reward: -90.93460776210244 | Average Reward: -185.962 | Steps: 114214 | Total Reward: -130059.98194303477|
| Episode: 646 | Epsilon:  0.10 | Reward: -200.25379732841287 | Average Reward: -184.719 | Steps: 114366 | Total Reward: -130260.23574036328|
| Episode: 647 | Epsilon:  0.10 | Reward: -17.765189863566334 | Average Reward: -183.297 | Steps: 114492 | Total Reward: -130278.00093022687|
| Episode: 648 | Epsilon:  0.10 | Reward: -207.4383756884719 | Average Reward: -184.749 | Steps: 114653 | Total Reward: -130485.43930591535|
| Episode: 649 | Epsilon:  0.10 | Reward: -137.1244663290671 | Average Reward: -183.793 | Steps: 114801 | Total Reward: -130622.56377224445|
| Episode: 650 | Epsilon:  0.10 | Reward: -360.2955946019909 | Average Reward: -185.184 | Steps: 114925 | Total Reward: -130982.85936684646|
| Episode: 651 | Epsilon:  0.10 | Reward: -234.21299889957908 | Average Reward: -184.301 | Steps: 115086 | Total Reward: -131217.07236574608|
| Episode: 652 | Epsilon:  0.10 | Reward: -342.3412366693855 | Average Reward: -185.703 | Steps: 115280 | Total Reward: -131559.4136024156|
| Episode: 653 | Epsilon:  0.10 | Reward: -286.39508259550973 | Average Reward: -188.318 | Steps: 115404 | Total Reward: -131845.8086850111|
| Episode: 654 | Epsilon:  0.10 | Reward: -240.84065283729566 | Average Reward: -188.273 | Steps: 115580 | Total Reward: -132086.64933784847|
| Episode: 655 | Epsilon:  0.10 | Reward: -151.47098473838173 | Average Reward: -189.129 | Steps: 115719 | Total Reward: -132238.12032258668|
| Episode: 656 | Epsilon:  0.10 | Reward: -289.7150309879661 | Average Reward: -189.353 | Steps: 115880 | Total Reward: -132527.83535357483|
| Episode: 657 | Epsilon:  0.10 | Reward: -219.8003493004822 | Average Reward: -190.574 | Steps: 116159 | Total Reward: -132747.63570287538|
| Episode: 658 | Epsilon:  0.10 | Reward: -81.35754023410678 | Average Reward: -188.963 | Steps: 116282 | Total Reward: -132828.99324310932|
| Episode: 659 | Epsilon:  0.10 | Reward: -325.1514431464884 | Average Reward: -190.961 | Steps: 116417 | Total Reward: -133154.14468625575|
| Episode: 660 | Epsilon:  0.10 | Reward: -42.88771955561427 | Average Reward: -188.399 | Steps: 116599 | Total Reward: -133197.03240581127|
| Episode: 661 | Epsilon:  0.10 | Reward: -328.4513459691407 | Average Reward: -188.093 | Steps: 116724 | Total Reward: -133525.4837517804|
| Episode: 662 | Epsilon:  0.10 | Reward: -150.80561002563672 | Average Reward: -188.616 | Steps: 116822 | Total Reward: -133676.28936180606|
| Episode: 663 | Epsilon:  0.10 | Reward: -319.1290485788516 | Average Reward: -191.770 | Steps: 116950 | Total Reward: -133995.418410385|
| Episode: 664 | Epsilon:  0.10 | Reward: -192.7663040401854 | Average Reward: -192.087 | Steps: 117133 | Total Reward: -134188.18471442524|
| Episode: 665 | Epsilon:  0.10 | Reward: -186.6124453020645 | Average Reward: -191.459 | Steps: 117289 | Total Reward: -134374.79715972737|
| Episode: 666 | Epsilon:  0.10 | Reward: -305.7932000107236 | Average Reward: -191.893 | Steps: 117469 | Total Reward: -134680.59035973798|
| Episode: 667 | Epsilon:  0.10 | Reward: -195.3745698070298 | Average Reward: -191.511 | Steps: 117781 | Total Reward: -134875.964929545|
| Episode: 668 | Epsilon:  0.10 | Reward: -199.03895449887634 | Average Reward: -191.910 | Steps: 117946 | Total Reward: -135075.0038840439|
| Episode: 669 | Epsilon:  0.10 | Reward: -189.72967105240576 | Average Reward: -193.070 | Steps: 118105 | Total Reward: -135264.73355509635|
| Episode: 670 | Epsilon:  0.10 | Reward: -205.57023402489074 | Average Reward: -192.987 | Steps: 118260 | Total Reward: -135470.30378912107|
| Episode: 671 | Epsilon:  0.10 | Reward: -254.30681779265421 | Average Reward: -192.949 | Steps: 118446 | Total Reward: -135724.61060691375|
| Episode: 672 | Epsilon:  0.10 | Reward: -134.46680425212725 | Average Reward: -193.749 | Steps: 118605 | Total Reward: -135859.07741116578|
| Episode: 673 | Epsilon:  0.10 | Reward: -223.1558547910213 | Average Reward: -195.359 | Steps: 118768 | Total Reward: -136082.2332659566|
| Episode: 674 | Epsilon:  0.10 | Reward: -276.71347662097554 | Average Reward: -196.032 | Steps: 118904 | Total Reward: -136358.94674257768|
| Episode: 675 | Epsilon:  0.10 | Reward: -167.30298043217562 | Average Reward: -194.967 | Steps: 119046 | Total Reward: -136526.2497230099|
| Episode: 676 | Epsilon:  0.10 | Reward: -175.77171648495778 | Average Reward: -194.627 | Steps: 119189 | Total Reward: -136702.02143949503|
| Episode: 677 | Epsilon:  0.10 | Reward: -47.899944490165666 | Average Reward: -192.154 | Steps: 119324 | Total Reward: -136749.92138398523|
| Episode: 678 | Epsilon:  0.10 | Reward: -192.65620817773737 | Average Reward: -193.583 | Steps: 119620 | Total Reward: -136942.57759216303|
| Episode: 679 | Epsilon:  0.10 | Reward: 60.756564510365166 | Average Reward: -191.036 | Steps: 119814 | Total Reward: -136881.82102765262|
| Episode: 680 | Epsilon:  0.10 | Reward: -184.12655413953786 | Average Reward: -191.239 | Steps: 120006 | Total Reward: -137065.94758179205|
| Episode: 681 | Epsilon:  0.10 | Reward: -254.6236322963044 | Average Reward: -190.992 | Steps: 120277 | Total Reward: -137320.57121408818|
| Episode: 682 | Epsilon:  0.10 | Reward: -278.2214306137339 | Average Reward: -190.942 | Steps: 120412 | Total Reward: -137598.79264470199|
| Episode: 683 | Epsilon:  0.10 | Reward: -132.2216816308235 | Average Reward: -190.632 | Steps: 120542 | Total Reward: -137731.0143263327|
| Episode: 684 | Epsilon:  0.10 | Reward: -286.6105519477115 | Average Reward: -190.549 | Steps: 120687 | Total Reward: -138017.62487828036|
| Episode: 685 | Epsilon:  0.10 | Reward: -19.752660311578794 | Average Reward: -188.154 | Steps: 120822 | Total Reward: -138037.37753859206|
| Episode: 686 | Epsilon:  0.10 | Reward: -262.5937654371769 | Average Reward: -188.682 | Steps: 121100 | Total Reward: -138299.97130402928|
| Episode: 687 | Epsilon:  0.10 | Reward: -295.7558624080562 | Average Reward: -190.827 | Steps: 121233 | Total Reward: -138595.7271664374|
| Episode: 688 | Epsilon:  0.10 | Reward: 74.50366992842692 | Average Reward: -188.363 | Steps: 121417 | Total Reward: -138521.223496509|
| Episode: 689 | Epsilon:  0.10 | Reward: -352.4921447243807 | Average Reward: -188.570 | Steps: 121549 | Total Reward: -138873.71564123343|
| Episode: 690 | Epsilon:  0.10 | Reward: -246.2954900363473 | Average Reward: -189.550 | Steps: 121705 | Total Reward: -139120.01113126974|
| Episode: 691 | Epsilon:  0.10 | Reward: -113.01764476612021 | Average Reward: -190.461 | Steps: 121899 | Total Reward: -139233.02877603585|
| Episode: 692 | Epsilon:  0.10 | Reward: -234.94265604781188 | Average Reward: -192.841 | Steps: 122088 | Total Reward: -139467.97143208352|
| Episode: 693 | Epsilon:  0.10 | Reward: -185.09203157238971 | Average Reward: -191.928 | Steps: 122242 | Total Reward: -139653.0634636559|
| Episode: 694 | Epsilon:  0.10 | Reward: -120.17170258079341 | Average Reward: -189.718 | Steps: 122552 | Total Reward: -139773.2351662365|
| Episode: 695 | Epsilon:  0.10 | Reward: -320.2211175038376 | Average Reward: -192.177 | Steps: 122679 | Total Reward: -140093.45628374032|
