+------------------------+----------------------------+--------------------+
|                        |     Supported Features     |  Program Commands  |
+========================+============================+====================+
| Compatible Layers      | Hopfield Layer,            | hopfield,          |
|                        | HopfieldLayer Layer,       | hopfield_layer,    |
|                        | HopfieldPooling Layer,     | hopfield_pooling,  |
|                        | LSTM,                      | lstm,              |
|                        | GRU                        | gru                |
+------------------------+----------------------------+--------------------+
| Supported Loss Metrics | Huber Loss,                | huber,             |
|                        | Mean Absolute Error Loss,  | mae,               |
|                        | Mean Squared Error Loss,   | mse,               |
|                        | SmoothL1 Loss              | smooth_l1          |
+------------------------+----------------------------+--------------------+
| Supported Optimizers   | RMSprop (default),         | rmsprop,           |
|                        | AdamW,                     | adam,              |
|                        | Adam                       | adamW              |
+------------------------+----------------------------+--------------------+
| Episode:   1 | Epsilon:  0.90 | Reward: -227.68690398233903 | Average Reward: -227.687 | Steps:    89 | Total Reward: -227.68690398233903|
| Episode:   2 | Epsilon:  0.86 | Reward: -150.2004697684655 | Average Reward: -188.944 | Steps:   173 | Total Reward: -377.88737375080416|
| Episode:   3 | Epsilon:  0.82 | Reward: -127.92866503956742 | Average Reward: -168.605 | Steps:   264 | Total Reward: -505.8160387903713|
| Episode:   4 | Epsilon:  0.79 | Reward: -128.6517680122907 | Average Reward: -158.617 | Steps:   340 | Total Reward: -634.4678068026617|
| Episode:   5 | Epsilon:  0.75 | Reward: -187.3167098158961 | Average Reward: -164.357 | Steps:   419 | Total Reward: -821.7845166185575|
| Episode:   6 | Epsilon:  0.72 | Reward: -139.22654599087906 | Average Reward: -160.169 | Steps:   498 | Total Reward: -961.0110626094364|
| Episode:   7 | Epsilon:  0.69 | Reward: -112.97725337699018 | Average Reward: -153.427 | Steps:   569 | Total Reward: -1073.9883159864266|
| Episode:   8 | Epsilon:  0.66 | Reward: -143.6620896499693 | Average Reward: -152.206 | Steps:   654 | Total Reward: -1217.6504056363958|
| Episode:   9 | Epsilon:  0.64 | Reward: -153.8643673515055 | Average Reward: -152.391 | Steps:   728 | Total Reward: -1371.5147729879002|
| Episode:  10 | Epsilon:  0.61 | Reward: -163.75252570553295 | Average Reward: -153.527 | Steps:   813 | Total Reward: -1535.2672986934326|
| Episode:  11 | Epsilon:  0.59 | Reward: -137.62653913737523 | Average Reward: -152.081 | Steps:   902 | Total Reward: -1672.8938378308076|
| Episode:  12 | Epsilon:  0.56 | Reward: -116.16128476103795 | Average Reward: -149.088 | Steps:   987 | Total Reward: -1789.0551225918448|
| Episode:  13 | Epsilon:  0.54 | Reward: -136.20279825548695 | Average Reward: -148.097 | Steps:  1062 | Total Reward: -1925.2579208473317|
| Episode:  14 | Epsilon:  0.52 | Reward: -97.48678416116236 | Average Reward: -144.482 | Steps:  1115 | Total Reward: -2022.7447050084936|
| Episode:  15 | Epsilon:  0.50 | Reward: -135.66539386134366 | Average Reward: -143.894 | Steps:  1196 | Total Reward: -2158.4100988698374|
| Episode:  16 | Epsilon:  0.48 | Reward: -199.22708943430135 | Average Reward: -147.352 | Steps:  1263 | Total Reward: -2357.6371883041393|
| Episode:  17 | Epsilon:  0.46 | Reward: -103.18493072556777 | Average Reward: -144.754 | Steps:  1353 | Total Reward: -2460.8221190297068|
| Episode:  18 | Epsilon:  0.44 | Reward: -107.19493688622504 | Average Reward: -142.668 | Steps:  1434 | Total Reward: -2568.0170559159337|
| Episode:  19 | Epsilon:  0.43 | Reward: 13.571581172519757 | Average Reward: -134.444 | Steps:  1546 | Total Reward: -2554.4454747434133|
| Episode:  20 | Epsilon:  0.41 | Reward: -141.00262047226016 | Average Reward: -134.772 | Steps:  1620 | Total Reward: -2695.448095215673|
| Episode:  21 | Epsilon:  0.39 | Reward: -113.03506748993769 | Average Reward: -133.737 | Steps:  1716 | Total Reward: -2808.483162705611|
| Episode:  22 | Epsilon:  0.38 | Reward: -151.08622035709664 | Average Reward: -134.526 | Steps:  1795 | Total Reward: -2959.569383062709|
| Episode:  23 | Epsilon:  0.37 | Reward: -443.53868038397525 | Average Reward: -147.961 | Steps:  1894 | Total Reward: -3403.108063446686|
| Episode:  24 | Epsilon:  0.35 | Reward: -618.4100026528455 | Average Reward: -167.563 | Steps:  2191 | Total Reward: -4021.5180660995316|
| Episode:  25 | Epsilon:  0.34 | Reward: -408.1283943234354 | Average Reward: -177.186 | Steps:  2320 | Total Reward: -4429.64646042297|
| Episode:  26 | Epsilon:  0.33 | Reward: -517.4788278400334 | Average Reward: -190.274 | Steps:  2399 | Total Reward: -4947.125288263004|
| Episode:  27 | Epsilon:  0.32 | Reward: -686.950943965673 | Average Reward: -208.669 | Steps:  2490 | Total Reward: -5634.076232228679|
| Episode:  28 | Epsilon:  0.31 | Reward: -400.1799037863611 | Average Reward: -215.509 | Steps:  2640 | Total Reward: -6034.25613601504|
| Episode:  29 | Epsilon:  0.30 | Reward: -259.18780758548866 | Average Reward: -217.015 | Steps:  2756 | Total Reward: -6293.443943600532|
| Episode:  30 | Epsilon:  0.29 | Reward: -305.8054931480892 | Average Reward: -219.975 | Steps:  2849 | Total Reward: -6599.249436748623|
| Episode:  31 | Epsilon:  0.28 | Reward: -317.70425957580596 | Average Reward: -223.128 | Steps:  2969 | Total Reward: -6916.9536963244245|
| Episode:  32 | Epsilon:  0.27 | Reward: -237.79066867208522 | Average Reward: -223.586 | Steps:  3057 | Total Reward: -7154.744364996508|
| Episode:  33 | Epsilon:  0.26 | Reward: -262.2159006605991 | Average Reward: -224.756 | Steps:  3188 | Total Reward: -7416.96026565711|
| Episode:  34 | Epsilon:  0.25 | Reward: -376.0324946758593 | Average Reward: -229.206 | Steps:  3285 | Total Reward: -7792.992760332971|
| Episode:  35 | Epsilon:  0.25 | Reward: -273.34518759117293 | Average Reward: -230.467 | Steps:  3361 | Total Reward: -8066.337947924142|
| Episode:  36 | Epsilon:  0.24 | Reward: -156.08515926087216 | Average Reward: -228.401 | Steps:  3483 | Total Reward: -8222.423107185014|
| Episode:  37 | Epsilon:  0.23 | Reward: -147.3420444963129 | Average Reward: -226.210 | Steps:  3595 | Total Reward: -8369.76515168133|
| Episode:  38 | Epsilon:  0.23 | Reward: -205.935579992295 | Average Reward: -225.676 | Steps:  3721 | Total Reward: -8575.700731673633|
| Episode:  39 | Epsilon:  0.22 | Reward: -246.54280764493717 | Average Reward: -226.211 | Steps:  3941 | Total Reward: -8822.243539318577|
| Episode:  40 | Epsilon:  0.21 | Reward: 2.3890490528394253 | Average Reward: -220.496 | Steps:  4081 | Total Reward: -8819.854490265745|
| Episode:  41 | Epsilon:  0.21 | Reward: 40.212345911361524 | Average Reward: -214.138 | Steps:  5081 | Total Reward: -8779.642144354353|
| Episode:  42 | Epsilon:  0.20 | Reward: -268.2965413908809 | Average Reward: -215.427 | Steps:  5279 | Total Reward: -9047.93868574525|
| Episode:  43 | Epsilon:  0.20 | Reward: -253.53179737875496 | Average Reward: -216.313 | Steps:  5442 | Total Reward: -9301.47048312401|
| Episode:  44 | Epsilon:  0.19 | Reward: -141.7858288128852 | Average Reward: -214.619 | Steps:  5619 | Total Reward: -9443.256311936895|
| Episode:  45 | Epsilon:  0.19 | Reward: -108.93732738595023 | Average Reward: -212.271 | Steps:  5741 | Total Reward: -9552.193639322855|
| Episode:  46 | Epsilon:  0.18 | Reward: -362.3497555212562 | Average Reward: -215.534 | Steps:  5979 | Total Reward: -9914.543394844111|
| Episode:  47 | Epsilon:  0.18 | Reward: -236.00698342831947 | Average Reward: -215.969 | Steps:  6140 | Total Reward: -10150.550378272437|
| Episode:  48 | Epsilon:  0.18 | Reward: -166.76917126981883 | Average Reward: -214.944 | Steps:  6263 | Total Reward: -10317.319549542253|
| Episode:  49 | Epsilon:  0.17 | Reward: -98.42388392516384 | Average Reward: -212.566 | Steps:  6442 | Total Reward: -10415.743433467416|
| Episode:  50 | Epsilon:  0.17 | Reward: -249.9698477582819 | Average Reward: -213.314 | Steps:  6580 | Total Reward: -10665.713281225684|
| Episode:  51 | Epsilon:  0.17 | Reward: -67.90251097679509 | Average Reward: -210.463 | Steps:  6773 | Total Reward: -10733.615792202478|
| Episode:  52 | Epsilon:  0.16 | Reward: -287.34769080561205 | Average Reward: -211.942 | Steps:  6957 | Total Reward: -11020.963483008085|
| Episode:  53 | Epsilon:  0.16 | Reward: -242.34410685398382 | Average Reward: -212.515 | Steps:  7178 | Total Reward: -11263.307589862077|
| Episode:  54 | Epsilon:  0.16 | Reward: -254.34892869395586 | Average Reward: -213.290 | Steps:  7397 | Total Reward: -11517.656518556038|
| Episode:  55 | Epsilon:  0.15 | Reward: -196.76228674970008 | Average Reward: -212.989 | Steps:  7537 | Total Reward: -11714.418805305739|
| Episode:  56 | Epsilon:  0.15 | Reward: -76.93965176819742 | Average Reward: -210.560 | Steps:  7695 | Total Reward: -11791.358457073933|
| Episode:  57 | Epsilon:  0.15 | Reward: -301.85617777954417 | Average Reward: -212.162 | Steps:  7873 | Total Reward: -12093.21463485348|
| Episode:  58 | Epsilon:  0.15 | Reward: -349.9185590571824 | Average Reward: -214.537 | Steps:  8018 | Total Reward: -12443.133193910671|
| Episode:  59 | Epsilon:  0.14 | Reward: -300.4586995984123 | Average Reward: -215.993 | Steps:  8153 | Total Reward: -12743.591893509081|
| Episode:  60 | Epsilon:  0.14 | Reward: 2.26545040987196 | Average Reward: -212.355 | Steps:  8363 | Total Reward: -12741.32644309921|
| Episode:  61 | Epsilon:  0.14 | Reward: -167.30738829995516 | Average Reward: -211.617 | Steps:  8548 | Total Reward: -12908.633831399167|
| Episode:  62 | Epsilon:  0.14 | Reward: -162.30422909223626 | Average Reward: -210.822 | Steps:  8692 | Total Reward: -13070.938060491402|
| Episode:  63 | Epsilon:  0.14 | Reward: -103.30148278890715 | Average Reward: -209.115 | Steps:  8815 | Total Reward: -13174.239543280311|
| Episode:  64 | Epsilon:  0.13 | Reward: -198.11698547298823 | Average Reward: -208.943 | Steps:  9012 | Total Reward: -13372.356528753295|
| Episode:  65 | Epsilon:  0.13 | Reward: -293.6432535904635 | Average Reward: -210.246 | Steps:  9158 | Total Reward: -13665.999782343757|
| Episode:  66 | Epsilon:  0.13 | Reward: -158.02474988536778 | Average Reward: -209.455 | Steps:  9296 | Total Reward: -13824.024532229123|
| Episode:  67 | Epsilon:  0.13 | Reward: -281.877233677968 | Average Reward: -210.536 | Steps:  9452 | Total Reward: -14105.901765907098|
| Episode:  68 | Epsilon:  0.13 | Reward: -239.37526197989445 | Average Reward: -210.960 | Steps:  9673 | Total Reward: -14345.277027886994|
| Episode:  69 | Epsilon:  0.13 | Reward: -249.07633352258483 | Average Reward: -211.512 | Steps:  9842 | Total Reward: -14594.353361409563|
| Episode:  70 | Epsilon:  0.13 | Reward: -252.18506341884176 | Average Reward: -212.093 | Steps: 10009 | Total Reward: -14846.538424828397|
| Episode:  71 | Epsilon:  0.12 | Reward: -164.84220604916032 | Average Reward: -211.428 | Steps: 10148 | Total Reward: -15011.380630877566|
| Episode:  72 | Epsilon:  0.12 | Reward: -99.14381603751853 | Average Reward: -209.868 | Steps: 10334 | Total Reward: -15110.524446915084|
| Episode:  73 | Epsilon:  0.12 | Reward: -94.31333149283572 | Average Reward: -208.285 | Steps: 10527 | Total Reward: -15204.837778407906|
| Episode:  74 | Epsilon:  0.12 | Reward: -201.99371199361218 | Average Reward: -208.200 | Steps: 10706 | Total Reward: -15406.831490401506|
| Episode:  75 | Epsilon:  0.12 | Reward: -117.71332573077711 | Average Reward: -206.994 | Steps: 10933 | Total Reward: -15524.54481613228|
| Episode:  76 | Epsilon:  0.12 | Reward: -76.98594060249286 | Average Reward: -205.283 | Steps: 11149 | Total Reward: -15601.530756734765|
| Episode:  77 | Epsilon:  0.12 | Reward: -253.9153356506825 | Average Reward: -205.915 | Steps: 11337 | Total Reward: -15855.446092385435|
| Episode:  78 | Epsilon:  0.12 | Reward: -106.12953476331946 | Average Reward: -204.636 | Steps: 11451 | Total Reward: -15961.575627148759|
| Episode:  79 | Epsilon:  0.12 | Reward: -309.23915718721025 | Average Reward: -205.960 | Steps: 11629 | Total Reward: -16270.81478433597|
| Episode:  80 | Epsilon:  0.12 | Reward: -230.60785528613263 | Average Reward: -206.268 | Steps: 11784 | Total Reward: -16501.422639622102|
| Episode:  81 | Epsilon:  0.11 | Reward: -236.87070982139576 | Average Reward: -206.646 | Steps: 11938 | Total Reward: -16738.293349443487|
| Episode:  82 | Epsilon:  0.11 | Reward: -71.01947597455991 | Average Reward: -204.992 | Steps: 12164 | Total Reward: -16809.312825418023|
| Episode:  83 | Epsilon:  0.11 | Reward: -127.60933067200463 | Average Reward: -204.059 | Steps: 12344 | Total Reward: -16936.922156090037|
| Episode:  84 | Epsilon:  0.11 | Reward: -196.32188175882052 | Average Reward: -203.967 | Steps: 12446 | Total Reward: -17133.244037848854|
| Episode:  85 | Epsilon:  0.11 | Reward: -122.20796079123515 | Average Reward: -203.005 | Steps: 12561 | Total Reward: -17255.45199864007|
| Episode:  86 | Epsilon:  0.11 | Reward: -117.31397777222686 | Average Reward: -202.009 | Steps: 12759 | Total Reward: -17372.765976412284|
| Episode:  87 | Epsilon:  0.11 | Reward: -337.56268397866427 | Average Reward: -203.567 | Steps: 12908 | Total Reward: -17710.328660390933|
| Episode:  88 | Epsilon:  0.11 | Reward: -540.468209134086 | Average Reward: -207.395 | Steps: 13081 | Total Reward: -18250.79686952502|
| Episode:  89 | Epsilon:  0.11 | Reward: -230.1697625473216 | Average Reward: -207.651 | Steps: 13257 | Total Reward: -18480.966632072355|
| Episode:  90 | Epsilon:  0.11 | Reward: -229.77303803614734 | Average Reward: -207.897 | Steps: 13420 | Total Reward: -18710.73967010851|
| Episode:  91 | Epsilon:  0.11 | Reward: -190.72572262217477 | Average Reward: -207.708 | Steps: 13577 | Total Reward: -18901.465392730683|
| Episode:  92 | Epsilon:  0.11 | Reward: -209.33029134039793 | Average Reward: -207.726 | Steps: 13729 | Total Reward: -19110.79568407108|
| Episode:  93 | Epsilon:  0.11 | Reward: -124.7178037231921 | Average Reward: -206.833 | Steps: 13926 | Total Reward: -19235.513487794276|
| Episode:  94 | Epsilon:  0.11 | Reward: -283.1992208880789 | Average Reward: -207.646 | Steps: 14087 | Total Reward: -19518.71270868236|
| Episode:  95 | Epsilon:  0.11 | Reward: -60.88280305491196 | Average Reward: -206.101 | Steps: 14266 | Total Reward: -19579.59551173727|
| Episode:  96 | Epsilon:  0.11 | Reward: -210.84335256824397 | Average Reward: -206.150 | Steps: 14423 | Total Reward: -19790.43886430551|
| Episode:  97 | Epsilon:  0.11 | Reward: -160.9578690275012 | Average Reward: -205.685 | Steps: 14599 | Total Reward: -19951.39673333302|
| Episode:  98 | Epsilon:  0.11 | Reward: -87.38521473165281 | Average Reward: -204.477 | Steps: 14776 | Total Reward: -20038.78194806468|
| Episode:  99 | Epsilon:  0.11 | Reward: -293.56690291562757 | Average Reward: -205.377 | Steps: 14984 | Total Reward: -20332.348850980325|
| Episode: 100 | Epsilon:  0.11 | Reward: -295.4819741855108 | Average Reward: -206.278 | Steps: 15176 | Total Reward: -20627.830825165838|
| Episode: 101 | Epsilon:  0.11 | Reward: -220.73324863514415 | Average Reward: -206.209 | Steps: 15357 | Total Reward: -20848.564073800986|
| Episode: 102 | Epsilon:  0.11 | Reward: -196.85315265553717 | Average Reward: -206.675 | Steps: 15575 | Total Reward: -21045.41722645652|
| Episode: 103 | Epsilon:  0.10 | Reward: -332.89011721490283 | Average Reward: -208.725 | Steps: 15727 | Total Reward: -21378.307343671408|
| Episode: 104 | Epsilon:  0.10 | Reward: -175.6915037115 | Average Reward: -209.195 | Steps: 15954 | Total Reward: -21553.99884738292|
| Episode: 105 | Epsilon:  0.10 | Reward: -236.20355907429868 | Average Reward: -209.684 | Steps: 16140 | Total Reward: -21790.20240645724|
| Episode: 106 | Epsilon:  0.10 | Reward: -175.9700750442131 | Average Reward: -210.052 | Steps: 16292 | Total Reward: -21966.17248150145|
| Episode: 107 | Epsilon:  0.10 | Reward: -144.6098565146914 | Average Reward: -210.368 | Steps: 16427 | Total Reward: -22110.782338016157|
| Episode: 108 | Epsilon:  0.10 | Reward: -25.309200337731056 | Average Reward: -209.184 | Steps: 16601 | Total Reward: -22136.091538353856|
| Episode: 109 | Epsilon:  0.10 | Reward: -145.95478838620232 | Average Reward: -209.105 | Steps: 16745 | Total Reward: -22282.046326740056|
| Episode: 110 | Epsilon:  0.10 | Reward: -75.51211848336828 | Average Reward: -208.223 | Steps: 16951 | Total Reward: -22357.558445223418|
| Episode: 111 | Epsilon:  0.10 | Reward: -84.91002473200817 | Average Reward: -207.696 | Steps: 17117 | Total Reward: -22442.468469955405|
| Episode: 112 | Epsilon:  0.10 | Reward: -131.63572497217334 | Average Reward: -207.850 | Steps: 17247 | Total Reward: -22574.104194927593|
| Episode: 113 | Epsilon:  0.10 | Reward: 5.743474006271171 | Average Reward: -206.431 | Steps: 17437 | Total Reward: -22568.360720921337|
| Episode: 114 | Epsilon:  0.10 | Reward: -190.92439389868693 | Average Reward: -207.365 | Steps: 17638 | Total Reward: -22759.285114820035|
| Episode: 115 | Epsilon:  0.10 | Reward: -293.97764462724865 | Average Reward: -208.949 | Steps: 17801 | Total Reward: -23053.26275944731|
| Episode: 116 | Epsilon:  0.10 | Reward: -255.9697045206237 | Average Reward: -209.516 | Steps: 18012 | Total Reward: -23309.232463967932|
| Episode: 117 | Epsilon:  0.10 | Reward: -154.83164411490918 | Average Reward: -210.032 | Steps: 18240 | Total Reward: -23464.064108082817|
| Episode: 118 | Epsilon:  0.10 | Reward: -66.5841897868373 | Average Reward: -209.626 | Steps: 18422 | Total Reward: -23530.64829786967|
| Episode: 119 | Epsilon:  0.10 | Reward: -129.92632697878463 | Average Reward: -211.061 | Steps: 18565 | Total Reward: -23660.57462484846|
| Episode: 120 | Epsilon:  0.10 | Reward: -307.29648314973235 | Average Reward: -212.724 | Steps: 18729 | Total Reward: -23967.87110799821|
| Episode: 121 | Epsilon:  0.10 | Reward: -180.52470733678365 | Average Reward: -213.399 | Steps: 18892 | Total Reward: -24148.395815335003|
| Episode: 122 | Epsilon:  0.10 | Reward: -77.6646717996307 | Average Reward: -212.665 | Steps: 19124 | Total Reward: -24226.06048713464|
| Episode: 123 | Epsilon:  0.10 | Reward: -196.30943080777536 | Average Reward: -210.193 | Steps: 19267 | Total Reward: -24422.369917942422|
| Episode: 124 | Epsilon:  0.10 | Reward: -208.85977661789357 | Average Reward: -206.097 | Steps: 19512 | Total Reward: -24631.229694560305|
| Episode: 125 | Epsilon:  0.10 | Reward: -204.70159269217515 | Average Reward: -204.063 | Steps: 19678 | Total Reward: -24835.931287252508|
| Episode: 126 | Epsilon:  0.10 | Reward: -265.5356804456554 | Average Reward: -201.543 | Steps: 19855 | Total Reward: -25101.46696769819|
| Episode: 127 | Epsilon:  0.10 | Reward: -195.9262748895493 | Average Reward: -196.633 | Steps: 20030 | Total Reward: -25297.393242587732|
| Episode: 128 | Epsilon:  0.10 | Reward: -200.39262802216442 | Average Reward: -194.635 | Steps: 20217 | Total Reward: -25497.78587060991|
| Episode: 129 | Epsilon:  0.10 | Reward: -291.9528598591328 | Average Reward: -194.963 | Steps: 20429 | Total Reward: -25789.738730469046|
| Episode: 130 | Epsilon:  0.10 | Reward: -205.8080657838576 | Average Reward: -193.963 | Steps: 20597 | Total Reward: -25995.546796252886|
| Episode: 131 | Epsilon:  0.10 | Reward: -40.83285685679567 | Average Reward: -191.194 | Steps: 20794 | Total Reward: -26036.379653109663|
| Episode: 132 | Epsilon:  0.10 | Reward: -54.47008997459881 | Average Reward: -189.361 | Steps: 20952 | Total Reward: -26090.849743084254|
| Episode: 133 | Epsilon:  0.10 | Reward: -109.46881604424577 | Average Reward: -187.834 | Steps: 21101 | Total Reward: -26200.3185591285|
| Episode: 134 | Epsilon:  0.10 | Reward: -69.91275243248293 | Average Reward: -184.772 | Steps: 21346 | Total Reward: -26270.23131156099|
| Episode: 135 | Epsilon:  0.10 | Reward: -166.629119495631 | Average Reward: -183.705 | Steps: 21520 | Total Reward: -26436.860431056597|
| Episode: 136 | Epsilon:  0.10 | Reward: -198.39241516511322 | Average Reward: -184.128 | Steps: 21757 | Total Reward: -26635.252846221727|
| Episode: 137 | Epsilon:  0.10 | Reward: -286.58349445244846 | Average Reward: -185.521 | Steps: 21922 | Total Reward: -26921.836340674203|
| Episode: 138 | Epsilon:  0.10 | Reward: -65.24290622663318 | Average Reward: -184.114 | Steps: 22157 | Total Reward: -26987.079246900816|
| Episode: 139 | Epsilon:  0.10 | Reward: -179.02264399283717 | Average Reward: -183.439 | Steps: 22322 | Total Reward: -27166.10189089364|
| Episode: 140 | Epsilon:  0.10 | Reward: -43.5519675903523 | Average Reward: -183.898 | Steps: 22580 | Total Reward: -27209.65385848397|
| Episode: 141 | Epsilon:  0.10 | Reward: -75.62476338994337 | Average Reward: -185.056 | Steps: 22761 | Total Reward: -27285.278621873917|
| Episode: 142 | Epsilon:  0.10 | Reward: -213.06103639915432 | Average Reward: -184.504 | Steps: 22997 | Total Reward: -27498.33965827307|
| Episode: 143 | Epsilon:  0.10 | Reward: -219.45806153944312 | Average Reward: -184.163 | Steps: 23158 | Total Reward: -27717.797719812515|
| Episode: 144 | Epsilon:  0.10 | Reward: -234.0766923174133 | Average Reward: -185.086 | Steps: 23368 | Total Reward: -27951.874412129968|
| Episode: 145 | Epsilon:  0.10 | Reward: -50.84411606186214 | Average Reward: -184.505 | Steps: 23554 | Total Reward: -28002.718528191836|
| Episode: 146 | Epsilon:  0.10 | Reward: -244.91512581786463 | Average Reward: -183.331 | Steps: 23716 | Total Reward: -28247.63365400971|
| Episode: 147 | Epsilon:  0.10 | Reward: 38.59496383934592 | Average Reward: -180.585 | Steps: 23904 | Total Reward: -28209.038690170353|
| Episode: 148 | Epsilon:  0.10 | Reward: -207.34628818748888 | Average Reward: -180.991 | Steps: 24063 | Total Reward: -28416.384978357844|
| Episode: 149 | Epsilon:  0.10 | Reward: -213.0375732658588 | Average Reward: -182.137 | Steps: 24273 | Total Reward: -28629.42255162369|
| Episode: 150 | Epsilon:  0.10 | Reward: -205.0765449798214 | Average Reward: -181.688 | Steps: 24537 | Total Reward: -28834.499096603504|
| Episode: 151 | Epsilon:  0.10 | Reward: -212.32984781469435 | Average Reward: -183.132 | Steps: 24714 | Total Reward: -29046.828944418205|
| Episode: 152 | Epsilon:  0.10 | Reward: -25.738097729789942 | Average Reward: -180.516 | Steps: 24854 | Total Reward: -29072.567042147977|
| Episode: 153 | Epsilon:  0.10 | Reward: -30.436327587787616 | Average Reward: -178.397 | Steps: 25097 | Total Reward: -29103.003369735754|
| Episode: 154 | Epsilon:  0.10 | Reward: -275.9477029151299 | Average Reward: -178.613 | Steps: 25327 | Total Reward: -29378.951072650892|
| Episode: 155 | Epsilon:  0.10 | Reward: -277.84857642385043 | Average Reward: -179.424 | Steps: 25600 | Total Reward: -29656.799649074735|
| Episode: 156 | Epsilon:  0.10 | Reward: -11.562986777106843 | Average Reward: -178.770 | Steps: 25790 | Total Reward: -29668.362635851834|
| Episode: 157 | Epsilon:  0.10 | Reward: -64.87352083306563 | Average Reward: -176.400 | Steps: 25956 | Total Reward: -29733.236156684896|
| Episode: 158 | Epsilon:  0.10 | Reward: -265.4062159538047 | Average Reward: -175.555 | Steps: 26217 | Total Reward: -29998.64237263867|
| Episode: 159 | Epsilon:  0.10 | Reward: -22.70602380729197 | Average Reward: -172.778 | Steps: 26414 | Total Reward: -30021.348396445963|
| Episode: 160 | Epsilon:  0.10 | Reward: -214.30398337025343 | Average Reward: -174.943 | Steps: 26672 | Total Reward: -30235.652379816234|
| Episode: 161 | Epsilon:  0.10 | Reward: -217.94103404619983 | Average Reward: -175.450 | Steps: 26938 | Total Reward: -30453.593413862436|
| Episode: 162 | Epsilon:  0.10 | Reward: -101.80520837639622 | Average Reward: -174.845 | Steps: 27097 | Total Reward: -30555.398622238827|
| Episode: 163 | Epsilon:  0.10 | Reward: 0.5784087660782262 | Average Reward: -173.806 | Steps: 27305 | Total Reward: -30554.82021347273|
| Episode: 164 | Epsilon:  0.10 | Reward: -77.4014383994011 | Average Reward: -172.599 | Steps: 27494 | Total Reward: -30632.221651872136|
| Episode: 165 | Epsilon:  0.10 | Reward: -227.22757639968086 | Average Reward: -171.934 | Steps: 27745 | Total Reward: -30859.449228271817|
| Episode: 166 | Epsilon:  0.10 | Reward: -268.0650588052934 | Average Reward: -173.035 | Steps: 27993 | Total Reward: -31127.514287077083|
| Episode: 167 | Epsilon:  0.10 | Reward: -64.55904686975246 | Average Reward: -170.862 | Steps: 28174 | Total Reward: -31192.073333946813|
| Episode: 168 | Epsilon:  0.10 | Reward: -178.04580180112129 | Average Reward: -170.248 | Steps: 28371 | Total Reward: -31370.119135747937|
| Episode: 169 | Epsilon:  0.10 | Reward: -187.86050894751907 | Average Reward: -169.636 | Steps: 28593 | Total Reward: -31557.979644695457|
| Episode: 170 | Epsilon:  0.10 | Reward: -241.40495680782934 | Average Reward: -169.528 | Steps: 28837 | Total Reward: -31799.3846015033|
| Episode: 171 | Epsilon:  0.10 | Reward: -174.8744110923376 | Average Reward: -169.629 | Steps: 28994 | Total Reward: -31974.259012595645|
| Episode: 172 | Epsilon:  0.10 | Reward: -225.36730064343908 | Average Reward: -170.891 | Steps: 29249 | Total Reward: -32199.62631323909|
| Episode: 173 | Epsilon:  0.10 | Reward: -91.6230037021638 | Average Reward: -170.864 | Steps: 29474 | Total Reward: -32291.249316941237|
| Episode: 174 | Epsilon:  0.10 | Reward: -222.0531110139953 | Average Reward: -171.065 | Steps: 29717 | Total Reward: -32513.302427955223|
| Episode: 175 | Epsilon:  0.10 | Reward: 72.96527144485621 | Average Reward: -169.158 | Steps: 30717 | Total Reward: -32440.337156510344|
| Episode: 176 | Epsilon:  0.10 | Reward: -34.32515298593236 | Average Reward: -168.731 | Steps: 30921 | Total Reward: -32474.66230949627|
| Episode: 177 | Epsilon:  0.10 | Reward: -162.57495938394916 | Average Reward: -167.818 | Steps: 31130 | Total Reward: -32637.23726888024|
| Episode: 178 | Epsilon:  0.10 | Reward: -195.609386917486 | Average Reward: -168.713 | Steps: 31389 | Total Reward: -32832.84665579774|
| Episode: 179 | Epsilon:  0.10 | Reward: -12.319424983554043 | Average Reward: -165.744 | Steps: 31577 | Total Reward: -32845.16608078127|
| Episode: 180 | Epsilon:  0.10 | Reward: -193.9069361810077 | Average Reward: -165.377 | Steps: 31764 | Total Reward: -33039.07301696227|
| Episode: 181 | Epsilon:  0.10 | Reward: -244.90578379778285 | Average Reward: -165.457 | Steps: 32004 | Total Reward: -33283.97880076012|
| Episode: 182 | Epsilon:  0.10 | Reward: -216.79839010076466 | Average Reward: -166.915 | Steps: 32204 | Total Reward: -33500.77719086084|
| Episode: 183 | Epsilon:  0.10 | Reward: -241.21840769555675 | Average Reward: -168.051 | Steps: 32464 | Total Reward: -33741.995598556416|
| Episode: 184 | Epsilon:  0.10 | Reward: -51.237289924823045 | Average Reward: -166.600 | Steps: 32658 | Total Reward: -33793.23288848125|
| Episode: 185 | Epsilon:  0.10 | Reward: -45.086958867813145 | Average Reward: -165.829 | Steps: 32808 | Total Reward: -33838.31984734909|
| Episode: 186 | Epsilon:  0.10 | Reward: -53.903152652025966 | Average Reward: -165.195 | Steps: 32991 | Total Reward: -33892.22300000112|
| Episode: 187 | Epsilon:  0.10 | Reward: -217.29130917924877 | Average Reward: -163.992 | Steps: 33154 | Total Reward: -34109.514309180384|
| Episode: 188 | Epsilon:  0.10 | Reward: 49.41468243211452 | Average Reward: -158.093 | Steps: 33321 | Total Reward: -34060.099626748255|
| Episode: 189 | Epsilon:  0.10 | Reward: 224.67993759001183 | Average Reward: -153.545 | Steps: 33787 | Total Reward: -33835.419689158254|
| Episode: 190 | Epsilon:  0.10 | Reward: -52.742929079859636 | Average Reward: -151.774 | Steps: 33973 | Total Reward: -33888.162618238115|
| Episode: 191 | Epsilon:  0.10 | Reward: 239.95818416506012 | Average Reward: -147.467 | Steps: 34283 | Total Reward: -33648.204434073035|
| Episode: 192 | Epsilon:  0.10 | Reward: -2.587360181340742 | Average Reward: -145.400 | Steps: 34402 | Total Reward: -33650.79179425437|
| Episode: 193 | Epsilon:  0.10 | Reward: -250.0025735134201 | Average Reward: -146.653 | Steps: 34603 | Total Reward: -33900.794367767805|
| Episode: 194 | Epsilon:  0.10 | Reward: -213.13750976570594 | Average Reward: -145.952 | Steps: 34751 | Total Reward: -34113.93187753351|
| Episode: 195 | Epsilon:  0.10 | Reward: -10.945358248868672 | Average Reward: -145.453 | Steps: 34968 | Total Reward: -34124.87723578237|
| Episode: 196 | Epsilon:  0.10 | Reward: -198.47941284606927 | Average Reward: -145.329 | Steps: 35194 | Total Reward: -34323.35664862844|
| Episode: 197 | Epsilon:  0.10 | Reward: -70.38635024443795 | Average Reward: -144.423 | Steps: 35379 | Total Reward: -34393.742998872855|
| Episode: 198 | Epsilon:  0.10 | Reward: -25.350885632052808 | Average Reward: -143.803 | Steps: 35631 | Total Reward: -34419.093884504895|
| Episode: 199 | Epsilon:  0.10 | Reward: -96.51424968734426 | Average Reward: -141.833 | Steps: 35775 | Total Reward: -34515.608134192255|
| Episode: 200 | Epsilon:  0.10 | Reward: -222.0634586866097 | Average Reward: -141.098 | Steps: 36062 | Total Reward: -34737.6715928789|
| Episode: 201 | Epsilon:  0.10 | Reward: -188.04818412849 | Average Reward: -140.772 | Steps: 36243 | Total Reward: -34925.719777007354|
| Episode: 202 | Epsilon:  0.10 | Reward: -8.293318904953153 | Average Reward: -138.886 | Steps: 36423 | Total Reward: -34934.01309591232|
| Episode: 203 | Epsilon:  0.10 | Reward: -20.61227021190767 | Average Reward: -135.763 | Steps: 36636 | Total Reward: -34954.62536612418|
| Episode: 204 | Epsilon:  0.10 | Reward: -172.41761989308628 | Average Reward: -135.730 | Steps: 36819 | Total Reward: -35127.042986017244|
| Episode: 205 | Epsilon:  0.10 | Reward: -105.13278623949809 | Average Reward: -134.420 | Steps: 37018 | Total Reward: -35232.175772256705|
| Episode: 206 | Epsilon:  0.10 | Reward: -284.833725994916 | Average Reward: -135.508 | Steps: 37242 | Total Reward: -35517.00949825158|
| Episode: 207 | Epsilon:  0.10 | Reward: -213.34627620867016 | Average Reward: -136.196 | Steps: 37400 | Total Reward: -35730.35577446025|
| Episode: 208 | Epsilon:  0.10 | Reward: -27.655173907752143 | Average Reward: -136.219 | Steps: 37580 | Total Reward: -35758.01094836801|
| Episode: 209 | Epsilon:  0.10 | Reward: -46.19790333393827 | Average Reward: -135.222 | Steps: 37768 | Total Reward: -35804.208851701966|
| Episode: 210 | Epsilon:  0.10 | Reward: -47.096994518570554 | Average Reward: -134.937 | Steps: 37971 | Total Reward: -35851.30584622056|
| Episode: 211 | Epsilon:  0.10 | Reward: 232.77220796483562 | Average Reward: -131.761 | Steps: 38918 | Total Reward: -35618.53363825565|
| Episode: 212 | Epsilon:  0.10 | Reward: -155.6422694773522 | Average Reward: -132.001 | Steps: 39098 | Total Reward: -35774.17590773298|
| Episode: 213 | Epsilon:  0.10 | Reward: -44.08173740649801 | Average Reward: -132.499 | Steps: 39315 | Total Reward: -35818.257645139514|
| Episode: 214 | Epsilon:  0.10 | Reward: 2.996224339809075 | Average Reward: -130.560 | Steps: 39580 | Total Reward: -35815.26142079973|
| Episode: 215 | Epsilon:  0.10 | Reward: -70.00578408691038 | Average Reward: -128.320 | Steps: 39805 | Total Reward: -35885.267204886644|
| Episode: 216 | Epsilon:  0.10 | Reward: -139.22055129264214 | Average Reward: -127.153 | Steps: 39972 | Total Reward: -36024.48775617926|
| Episode: 217 | Epsilon:  0.10 | Reward: -30.26198197595363 | Average Reward: -125.907 | Steps: 40201 | Total Reward: -36054.749738155224|
| Episode: 218 | Epsilon:  0.10 | Reward: -67.07899905169957 | Average Reward: -125.912 | Steps: 40452 | Total Reward: -36121.828737206975|
| Episode: 219 | Epsilon:  0.10 | Reward: -41.322240079205805 | Average Reward: -125.026 | Steps: 40671 | Total Reward: -36163.150977286154|
| Episode: 220 | Epsilon:  0.10 | Reward: 252.55160194956088 | Average Reward: -119.427 | Steps: 41200 | Total Reward: -35910.59937533657|
| Episode: 221 | Epsilon:  0.10 | Reward: 1.179123405993991 | Average Reward: -117.610 | Steps: 41397 | Total Reward: -35909.420251930576|
| Episode: 222 | Epsilon:  0.10 | Reward: -202.39389056177117 | Average Reward: -118.858 | Steps: 41628 | Total Reward: -36111.81414249234|
| Episode: 223 | Epsilon:  0.10 | Reward: -45.79898724474899 | Average Reward: -117.352 | Steps: 41795 | Total Reward: -36157.61312973704|
| Episode: 224 | Epsilon:  0.10 | Reward: -202.28009203550124 | Average Reward: -117.287 | Steps: 42040 | Total Reward: -36359.89322177254|
| Episode: 225 | Epsilon:  0.10 | Reward: -190.7786263918085 | Average Reward: -117.147 | Steps: 42313 | Total Reward: -36550.671848164304|
| Episode: 226 | Epsilon:  0.10 | Reward: -76.23711535595268 | Average Reward: -115.254 | Steps: 42493 | Total Reward: -36626.90896352027|
| Episode: 227 | Epsilon:  0.10 | Reward: -46.010914655006786 | Average Reward: -113.755 | Steps: 42685 | Total Reward: -36672.9198781753|
| Episode: 228 | Epsilon:  0.10 | Reward: 33.54813813919864 | Average Reward: -111.416 | Steps: 42890 | Total Reward: -36639.37174003611|
| Episode: 229 | Epsilon:  0.10 | Reward: -242.68230905612083 | Average Reward: -110.923 | Steps: 43106 | Total Reward: -36882.054049092265|
| Episode: 230 | Epsilon:  0.10 | Reward: -27.689614100412882 | Average Reward: -109.142 | Steps: 43320 | Total Reward: -36909.74366319265|
| Episode: 231 | Epsilon:  0.10 | Reward: -68.56613781546766 | Average Reward: -109.419 | Steps: 43547 | Total Reward: -36978.30980100811|
| Episode: 232 | Epsilon:  0.10 | Reward: -59.68447848409544 | Average Reward: -109.471 | Steps: 43746 | Total Reward: -37037.994279492144|
| Episode: 233 | Epsilon:  0.10 | Reward: -145.90872341395402 | Average Reward: -109.836 | Steps: 43924 | Total Reward: -37183.90300290608|
| Episode: 234 | Epsilon:  0.10 | Reward: -141.49583680230404 | Average Reward: -110.552 | Steps: 44101 | Total Reward: -37325.39883970836|
| Episode: 235 | Epsilon:  0.10 | Reward: -219.45854260151577 | Average Reward: -111.080 | Steps: 44351 | Total Reward: -37544.85738230987|
| Episode: 236 | Epsilon:  0.10 | Reward: -35.81159091792321 | Average Reward: -109.454 | Steps: 44579 | Total Reward: -37580.66897322784|
| Episode: 237 | Epsilon:  0.10 | Reward: -218.0495470969317 | Average Reward: -108.769 | Steps: 44757 | Total Reward: -37798.71852032474|
| Episode: 238 | Epsilon:  0.10 | Reward: -55.630557101905666 | Average Reward: -108.673 | Steps: 44928 | Total Reward: -37854.34907742666|
| Episode: 239 | Epsilon:  0.10 | Reward: -6.64092448594711 | Average Reward: -106.949 | Steps: 45236 | Total Reward: -37860.99000191265|
| Episode: 240 | Epsilon:  0.10 | Reward: -240.1332774492399 | Average Reward: -108.915 | Steps: 45463 | Total Reward: -38101.123279361855|
| Episode: 241 | Epsilon:  0.10 | Reward: -161.47490805577863 | Average Reward: -109.773 | Steps: 45671 | Total Reward: -38262.598187417614|
| Episode: 242 | Epsilon:  0.10 | Reward: -172.13387726306087 | Average Reward: -109.364 | Steps: 45894 | Total Reward: -38434.73206468064|
| Episode: 243 | Epsilon:  0.10 | Reward: -214.41018488013955 | Average Reward: -109.313 | Steps: 46046 | Total Reward: -38649.14224956074|
| Episode: 244 | Epsilon:  0.10 | Reward: 47.68507446356046 | Average Reward: -106.496 | Steps: 47046 | Total Reward: -38601.45717509727|
| Episode: 245 | Epsilon:  0.10 | Reward: -196.82923040711458 | Average Reward: -107.956 | Steps: 47291 | Total Reward: -38798.28640550438|
| Episode: 246 | Epsilon:  0.10 | Reward: -210.63720638622814 | Average Reward: -107.613 | Steps: 47549 | Total Reward: -39008.9236118906|
| Episode: 247 | Epsilon:  0.10 | Reward: -10.188226002267612 | Average Reward: -108.101 | Steps: 47798 | Total Reward: -39019.11183789282|
| Episode: 248 | Epsilon:  0.10 | Reward: 27.044285468632097 | Average Reward: -105.757 | Steps: 47952 | Total Reward: -38992.067552424174|
| Episode: 249 | Epsilon:  0.10 | Reward: -217.63536916967223 | Average Reward: -105.803 | Steps: 48122 | Total Reward: -39209.70292159383|
| Episode: 250 | Epsilon:  0.10 | Reward: -66.35051500803857 | Average Reward: -104.416 | Steps: 48372 | Total Reward: -39276.05343660181|
| Episode: 251 | Epsilon:  0.10 | Reward: -0.47525338325631594 | Average Reward: -102.297 | Steps: 48594 | Total Reward: -39276.52868998505|
| Episode: 252 | Epsilon:  0.10 | Reward: -272.5838681548169 | Average Reward: -104.765 | Steps: 48844 | Total Reward: -39549.11255813984|
| Episode: 253 | Epsilon:  0.10 | Reward: -167.0411966833788 | Average Reward: -106.132 | Steps: 49065 | Total Reward: -39716.153754823186|
| Episode: 254 | Epsilon:  0.10 | Reward: -36.31257929792062 | Average Reward: -103.735 | Steps: 49241 | Total Reward: -39752.46633412113|
| Episode: 255 | Epsilon:  0.10 | Reward: -38.54786042970939 | Average Reward: -101.342 | Steps: 49417 | Total Reward: -39791.01419455079|
| Episode: 256 | Epsilon:  0.10 | Reward: -207.93650471761856 | Average Reward: -103.306 | Steps: 49633 | Total Reward: -39998.95069926841|
| Episode: 257 | Epsilon:  0.10 | Reward: -252.5457014085906 | Average Reward: -105.183 | Steps: 49855 | Total Reward: -40251.49640067695|
| Episode: 258 | Epsilon:  0.10 | Reward: -33.11755509605561 | Average Reward: -102.860 | Steps: 50099 | Total Reward: -40284.613955773006|
| Episode: 259 | Epsilon:  0.10 | Reward: -516.8173554437344 | Average Reward: -107.801 | Steps: 50180 | Total Reward: -40801.43131121672|
| Episode: 260 | Epsilon:  0.10 | Reward: -212.54602176488712 | Average Reward: -107.783 | Steps: 50427 | Total Reward: -41013.97733298162|
| Episode: 261 | Epsilon:  0.10 | Reward: 17.24947055307451 | Average Reward: -105.431 | Steps: 51427 | Total Reward: -40996.727862428546|
| Episode: 262 | Epsilon:  0.10 | Reward: -3.293790688140575 | Average Reward: -104.446 | Steps: 51682 | Total Reward: -41000.02165311668|
| Episode: 263 | Epsilon:  0.10 | Reward: 10.250468046953742 | Average Reward: -104.350 | Steps: 51899 | Total Reward: -40989.7711850697|
| Episode: 264 | Epsilon:  0.10 | Reward: 68.88212359630296 | Average Reward: -102.887 | Steps: 52899 | Total Reward: -40920.889061473405|
| Episode: 265 | Epsilon:  0.10 | Reward: 36.448210213135745 | Average Reward: -100.250 | Steps: 53899 | Total Reward: -40884.44085126028|
| Episode: 266 | Epsilon:  0.10 | Reward: -67.2766102750333 | Average Reward: -98.242 | Steps: 54105 | Total Reward: -40951.71746153531|
| Episode: 267 | Epsilon:  0.10 | Reward: -244.25020892717018 | Average Reward: -100.039 | Steps: 54337 | Total Reward: -41195.96767046244|
| Episode: 268 | Epsilon:  0.10 | Reward: -38.913181874652 | Average Reward: -98.648 | Steps: 54604 | Total Reward: -41234.88085233712|
| Episode: 269 | Epsilon:  0.10 | Reward: 217.2288165995597 | Average Reward: -94.597 | Steps: 54925 | Total Reward: -41017.652035737556|
| Episode: 270 | Epsilon:  0.10 | Reward: -228.17820151706334 | Average Reward: -94.464 | Steps: 55191 | Total Reward: -41245.83023725459|
| Episode: 271 | Epsilon:  0.10 | Reward: 180.75108854660067 | Average Reward: -90.908 | Steps: 55741 | Total Reward: -41065.07914870801|
| Episode: 272 | Epsilon:  0.10 | Reward: -216.67331231565953 | Average Reward: -90.821 | Steps: 56083 | Total Reward: -41281.75246102364|
| Episode: 273 | Epsilon:  0.10 | Reward: -14.43486362186637 | Average Reward: -90.049 | Steps: 56281 | Total Reward: -41296.187324645565|
| Episode: 274 | Epsilon:  0.10 | Reward: -33.83966473670891 | Average Reward: -88.167 | Steps: 56458 | Total Reward: -41330.02698938228|
| Episode: 275 | Epsilon:  0.10 | Reward: -27.263389919434204 | Average Reward: -89.170 | Steps: 56642 | Total Reward: -41357.29037930168|
| Episode: 276 | Epsilon:  0.10 | Reward: 16.954834371797432 | Average Reward: -88.657 | Steps: 56828 | Total Reward: -41340.33554492985|
| Episode: 277 | Epsilon:  0.10 | Reward: -36.92765489722152 | Average Reward: -87.400 | Steps: 57079 | Total Reward: -41377.26319982711|
| Episode: 278 | Epsilon:  0.10 | Reward: -63.70347250518421 | Average Reward: -86.081 | Steps: 57274 | Total Reward: -41440.9666723323|
| Episode: 279 | Epsilon:  0.10 | Reward: 241.27105492546372 | Average Reward: -83.545 | Steps: 58023 | Total Reward: -41199.69561740682|
| Episode: 280 | Epsilon:  0.10 | Reward: -194.76197212851986 | Average Reward: -83.554 | Steps: 58201 | Total Reward: -41394.45758953537|
| Episode: 281 | Epsilon:  0.10 | Reward: -57.385190123171284 | Average Reward: -81.679 | Steps: 58399 | Total Reward: -41451.84277965855|
| Episode: 282 | Epsilon:  0.10 | Reward: -134.12614197984163 | Average Reward: -80.852 | Steps: 58598 | Total Reward: -41585.968921638436|
| Episode: 283 | Epsilon:  0.10 | Reward: -311.7386867190436 | Average Reward: -81.557 | Steps: 58765 | Total Reward: -41897.707608357516|
| Episode: 284 | Epsilon:  0.10 | Reward: -256.93932961673 | Average Reward: -83.614 | Steps: 58953 | Total Reward: -42154.6469379742|
| Episode: 285 | Epsilon:  0.10 | Reward: -217.6142946739703 | Average Reward: -85.339 | Steps: 59243 | Total Reward: -42372.26123264819|
| Episode: 286 | Epsilon:  0.10 | Reward: -274.29081758561625 | Average Reward: -87.543 | Steps: 59482 | Total Reward: -42646.5520502338|
| Episode: 287 | Epsilon:  0.10 | Reward: -272.95731368790877 | Average Reward: -88.100 | Steps: 59657 | Total Reward: -42919.5093639217|
| Episode: 288 | Epsilon:  0.10 | Reward: -265.5058995872489 | Average Reward: -91.249 | Steps: 59928 | Total Reward: -43185.01526350893|
| Episode: 289 | Epsilon:  0.10 | Reward: 28.529586156688282 | Average Reward: -93.211 | Steps: 60132 | Total Reward: -43156.485677352306|
| Episode: 290 | Epsilon:  0.10 | Reward: -196.50419998309812 | Average Reward: -94.648 | Steps: 60397 | Total Reward: -43352.98987733541|
| Episode: 291 | Epsilon:  0.10 | Reward: -205.13372639775153 | Average Reward: -99.099 | Steps: 60589 | Total Reward: -43558.12360373313|
| Episode: 292 | Epsilon:  0.10 | Reward: -193.2934898973737 | Average Reward: -101.006 | Steps: 60816 | Total Reward: -43751.417093630516|
| Episode: 293 | Epsilon:  0.10 | Reward: -191.48416106609704 | Average Reward: -100.421 | Steps: 61066 | Total Reward: -43942.90125469658|
| Episode: 294 | Epsilon:  0.10 | Reward: -10.82950463740805 | Average Reward: -98.398 | Steps: 61263 | Total Reward: -43953.730759334016|
| Episode: 295 | Epsilon:  0.10 | Reward: -240.71341210165664 | Average Reward: -100.696 | Steps: 61468 | Total Reward: -44194.44417143564|
| Episode: 296 | Epsilon:  0.10 | Reward: -50.63933779613477 | Average Reward: -99.217 | Steps: 61770 | Total Reward: -44245.083509231794|
| Episode: 297 | Epsilon:  0.10 | Reward: -194.65460035353715 | Average Reward: -100.460 | Steps: 62002 | Total Reward: -44439.7381095853|
| Episode: 298 | Epsilon:  0.10 | Reward: 231.0196054896037 | Average Reward: -97.896 | Steps: 62596 | Total Reward: -44208.71850409567|
| Episode: 299 | Epsilon:  0.10 | Reward: -24.459106492601848 | Average Reward: -97.176 | Steps: 62762 | Total Reward: -44233.17761058823|
| Episode: 300 | Epsilon:  0.10 | Reward: -47.97383320598033 | Average Reward: -95.435 | Steps: 63030 | Total Reward: -44281.1514437942|
| Episode: 301 | Epsilon:  0.10 | Reward: -47.1810270648253 | Average Reward: -94.026 | Steps: 63322 | Total Reward: -44328.332470859044|
| Episode: 302 | Epsilon:  0.10 | Reward: -199.7580776233661 | Average Reward: -95.941 | Steps: 63521 | Total Reward: -44528.09054848245|
| Episode: 303 | Epsilon:  0.10 | Reward: -291.63566606003775 | Average Reward: -98.651 | Steps: 63717 | Total Reward: -44819.72621454243|
| Episode: 304 | Epsilon:  0.10 | Reward: -316.80173567623683 | Average Reward: -100.095 | Steps: 63938 | Total Reward: -45136.527950218704|
| Episode: 305 | Epsilon:  0.10 | Reward: -39.429588637966305 | Average Reward: -99.438 | Steps: 64157 | Total Reward: -45175.95753885667|
| Episode: 306 | Epsilon:  0.10 | Reward: -28.625963642591103 | Average Reward: -96.876 | Steps: 64353 | Total Reward: -45204.5835024993|
| Episode: 307 | Epsilon:  0.10 | Reward: -185.1496560359816 | Average Reward: -96.594 | Steps: 64593 | Total Reward: -45389.73315853528|
| Episode: 308 | Epsilon:  0.10 | Reward: 2.7104025217394394 | Average Reward: -96.290 | Steps: 64796 | Total Reward: -45387.02275601353|
| Episode: 309 | Epsilon:  0.10 | Reward: -213.64738448268378 | Average Reward: -97.965 | Steps: 65000 | Total Reward: -45600.67014049624|
| Episode: 310 | Epsilon:  0.10 | Reward: 245.35270684898308 | Average Reward: -95.040 | Steps: 65584 | Total Reward: -45355.317433647215|
| Episode: 311 | Epsilon:  0.10 | Reward: -14.139299643627439 | Average Reward: -97.509 | Steps: 65775 | Total Reward: -45369.456733290855|
| Episode: 312 | Epsilon:  0.10 | Reward: -181.6683241248728 | Average Reward: -97.769 | Steps: 65932 | Total Reward: -45551.125057415746|
| Episode: 313 | Epsilon:  0.10 | Reward: -40.24701071806185 | Average Reward: -97.731 | Steps: 66110 | Total Reward: -45591.372068133816|
| Episode: 314 | Epsilon:  0.10 | Reward: -41.3704204305247 | Average Reward: -98.175 | Steps: 66298 | Total Reward: -45632.742488564305|
| Episode: 315 | Epsilon:  0.10 | Reward: -35.84932875557385 | Average Reward: -97.833 | Steps: 66553 | Total Reward: -45668.5918173199|
| Episode: 316 | Epsilon:  0.10 | Reward: -178.56117846458403 | Average Reward: -98.227 | Steps: 66714 | Total Reward: -45847.15299578445|
| Episode: 317 | Epsilon:  0.10 | Reward: -184.7822755065853 | Average Reward: -99.772 | Steps: 66927 | Total Reward: -46031.935271291004|
| Episode: 318 | Epsilon:  0.10 | Reward: -37.398287361297214 | Average Reward: -99.475 | Steps: 67118 | Total Reward: -46069.333558652324|
| Episode: 319 | Epsilon:  0.10 | Reward: -34.70182763119368 | Average Reward: -99.409 | Steps: 67309 | Total Reward: -46104.03538628353|
| Episode: 320 | Epsilon:  0.10 | Reward: 3.2185728744548214 | Average Reward: -101.902 | Steps: 67530 | Total Reward: -46100.81681340905|
| Episode: 321 | Epsilon:  0.10 | Reward: -187.03145829877081 | Average Reward: -103.784 | Steps: 67774 | Total Reward: -46287.848271707815|
| Episode: 322 | Epsilon:  0.10 | Reward: -23.71219807347667 | Average Reward: -101.997 | Steps: 67951 | Total Reward: -46311.56046978129|
| Episode: 323 | Epsilon:  0.10 | Reward: -24.958537991161563 | Average Reward: -101.789 | Steps: 68195 | Total Reward: -46336.51900777245|
| Episode: 324 | Epsilon:  0.10 | Reward: -248.47587362977274 | Average Reward: -102.251 | Steps: 68563 | Total Reward: -46584.99488140225|
| Episode: 325 | Epsilon:  0.10 | Reward: 34.096695237962024 | Average Reward: -100.002 | Steps: 68763 | Total Reward: -46550.89818616426|
| Episode: 326 | Epsilon:  0.10 | Reward: -56.278076349945906 | Average Reward: -99.803 | Steps: 69011 | Total Reward: -46607.17626251424|
| Episode: 327 | Epsilon:  0.10 | Reward: -164.3557172726126 | Average Reward: -100.986 | Steps: 69263 | Total Reward: -46771.5319797868|
| Episode: 328 | Epsilon:  0.10 | Reward: -228.04192459604766 | Average Reward: -103.602 | Steps: 69499 | Total Reward: -46999.573904382814|
| Episode: 329 | Epsilon:  0.10 | Reward: -18.519926273350038 | Average Reward: -101.360 | Steps: 69677 | Total Reward: -47018.093830656166|
| Episode: 330 | Epsilon:  0.10 | Reward: -215.7699028700731 | Average Reward: -103.241 | Steps: 69968 | Total Reward: -47233.863733526225|
| Episode: 331 | Epsilon:  0.10 | Reward: 65.99063171925167 | Average Reward: -101.896 | Steps: 70225 | Total Reward: -47167.87310180699|
| Episode: 332 | Epsilon:  0.10 | Reward: -213.08466930375678 | Average Reward: -103.430 | Steps: 70497 | Total Reward: -47380.957771110836|
| Episode: 333 | Epsilon:  0.10 | Reward: -66.91235847904557 | Average Reward: -102.640 | Steps: 70717 | Total Reward: -47447.870129589886|
| Episode: 334 | Epsilon:  0.10 | Reward: 243.0177080426085 | Average Reward: -98.795 | Steps: 71135 | Total Reward: -47204.852421547264|
| Episode: 335 | Epsilon:  0.10 | Reward: 103.8635320676152 | Average Reward: -95.561 | Steps: 72135 | Total Reward: -47100.988889479646|
| Episode: 336 | Epsilon:  0.10 | Reward: -215.10704454435069 | Average Reward: -97.354 | Steps: 72375 | Total Reward: -47316.09593402404|
| Episode: 337 | Epsilon:  0.10 | Reward: -213.62654934664818 | Average Reward: -97.310 | Steps: 72582 | Total Reward: -47529.7224833707|
| Episode: 338 | Epsilon:  0.10 | Reward: -10.243862088098695 | Average Reward: -96.856 | Steps: 72806 | Total Reward: -47539.9663454588|
| Episode: 339 | Epsilon:  0.10 | Reward: 18.98611328593114 | Average Reward: -96.600 | Steps: 72991 | Total Reward: -47520.98023217287|
| Episode: 340 | Epsilon:  0.10 | Reward: -15.642475672323513 | Average Reward: -94.355 | Steps: 73178 | Total Reward: -47536.62270784516|
| Episode: 341 | Epsilon:  0.10 | Reward: -11.49867567254644 | Average Reward: -92.855 | Steps: 73381 | Total Reward: -47548.12138351771|
| Episode: 342 | Epsilon:  0.10 | Reward: -56.88888591549586 | Average Reward: -91.703 | Steps: 73585 | Total Reward: -47605.01026943319|
| Episode: 343 | Epsilon:  0.10 | Reward: -195.1251414216223 | Average Reward: -91.510 | Steps: 73769 | Total Reward: -47800.13541085477|
| Episode: 344 | Epsilon:  0.10 | Reward: -19.074058700678805 | Average Reward: -92.178 | Steps: 74021 | Total Reward: -47819.20946955545|
| Episode: 345 | Epsilon:  0.10 | Reward: -52.8307894689339 | Average Reward: -90.738 | Steps: 74314 | Total Reward: -47872.04025902436|
| Episode: 346 | Epsilon:  0.10 | Reward: -22.249897703325573 | Average Reward: -88.854 | Steps: 74560 | Total Reward: -47894.29015672768|
| Episode: 347 | Epsilon:  0.10 | Reward: -223.596746421895 | Average Reward: -90.988 | Steps: 74941 | Total Reward: -48117.88690314954|
| Episode: 348 | Epsilon:  0.10 | Reward: -46.024370228760645 | Average Reward: -91.718 | Steps: 75129 | Total Reward: -48163.91127337834|
| Episode: 349 | Epsilon:  0.10 | Reward: -22.421914900883195 | Average Reward: -89.766 | Steps: 75369 | Total Reward: -48186.333188279226|
| Episode: 350 | Epsilon:  0.10 | Reward: -45.18088221910354 | Average Reward: -89.555 | Steps: 75533 | Total Reward: -48231.514070498335|
| Episode: 351 | Epsilon:  0.10 | Reward: 57.38773147536786 | Average Reward: -88.976 | Steps: 76533 | Total Reward: -48174.126339022856|
| Episode: 352 | Epsilon:  0.10 | Reward: -233.98342290429053 | Average Reward: -88.590 | Steps: 76805 | Total Reward: -48408.109761927095|
| Episode: 353 | Epsilon:  0.10 | Reward: 255.7901592910333 | Average Reward: -84.362 | Steps: 77394 | Total Reward: -48152.319602635995|
| Episode: 354 | Epsilon:  0.10 | Reward: -155.24751344402299 | Average Reward: -85.551 | Steps: 77559 | Total Reward: -48307.56711608004|
| Episode: 355 | Epsilon:  0.10 | Reward: -5.213881131105495 | Average Reward: -85.218 | Steps: 77768 | Total Reward: -48312.78099721118|
| Episode: 356 | Epsilon:  0.10 | Reward: -19.722298500768048 | Average Reward: -83.336 | Steps: 78074 | Total Reward: -48332.50329571198|
| Episode: 357 | Epsilon:  0.10 | Reward: -236.33146136883497 | Average Reward: -83.173 | Steps: 78303 | Total Reward: -48568.83475708081|
| Episode: 358 | Epsilon:  0.10 | Reward: 201.38192714130966 | Average Reward: -80.828 | Steps: 79083 | Total Reward: -48367.45282993937|
| Episode: 359 | Epsilon:  0.10 | Reward: 0.363790074527401 | Average Reward: -75.657 | Steps: 79352 | Total Reward: -48367.08903986486|
| Episode: 360 | Epsilon:  0.10 | Reward: 33.19722267885069 | Average Reward: -73.199 | Steps: 79543 | Total Reward: -48333.891817186006|
| Episode: 361 | Epsilon:  0.10 | Reward: -5.473582114719207 | Average Reward: -73.426 | Steps: 79780 | Total Reward: -48339.36539930072|
| Episode: 362 | Epsilon:  0.10 | Reward: -233.52770855945286 | Average Reward: -75.729 | Steps: 80026 | Total Reward: -48572.89310786016|
| Episode: 363 | Epsilon:  0.10 | Reward: 151.76890469953804 | Average Reward: -74.314 | Steps: 80611 | Total Reward: -48421.12420316057|
| Episode: 364 | Epsilon:  0.10 | Reward: 268.8434481933581 | Average Reward: -72.314 | Steps: 80994 | Total Reward: -48152.28075496724|
| Episode: 365 | Epsilon:  0.10 | Reward: -173.14730379949427 | Average Reward: -74.410 | Steps: 81237 | Total Reward: -48325.42805876676|
| Episode: 366 | Epsilon:  0.10 | Reward: -109.36412718571188 | Average Reward: -74.831 | Steps: 81538 | Total Reward: -48434.792185952494|
| Episode: 367 | Epsilon:  0.10 | Reward: 224.76520041984156 | Average Reward: -70.141 | Steps: 82469 | Total Reward: -48210.02698553267|
| Episode: 368 | Epsilon:  0.10 | Reward: -199.4240287892946 | Average Reward: -71.746 | Steps: 82638 | Total Reward: -48409.451014321974|
| Episode: 369 | Epsilon:  0.10 | Reward: -189.3896741539533 | Average Reward: -75.812 | Steps: 82812 | Total Reward: -48598.84068847595|
| Episode: 370 | Epsilon:  0.10 | Reward: -203.85618402704284 | Average Reward: -75.569 | Steps: 83014 | Total Reward: -48802.69687250301|
| Episode: 371 | Epsilon:  0.10 | Reward: 22.74941902011544 | Average Reward: -77.149 | Steps: 83192 | Total Reward: -48779.94745348283|
| Episode: 372 | Epsilon:  0.10 | Reward: 89.02538666558443 | Average Reward: -74.092 | Steps: 84192 | Total Reward: -48690.922066817206|
| Episode: 373 | Epsilon:  0.10 | Reward: -22.4250450035709 | Average Reward: -74.172 | Steps: 84378 | Total Reward: -48713.34711182075|
| Episode: 374 | Epsilon:  0.10 | Reward: 208.09096861904789 | Average Reward: -71.752 | Steps: 85080 | Total Reward: -48505.25614320169|
| Episode: 375 | Epsilon:  0.10 | Reward: 247.34065282879098 | Average Reward: -69.006 | Steps: 85658 | Total Reward: -48257.915490372834|
| Episode: 376 | Epsilon:  0.10 | Reward: -219.70910230234546 | Average Reward: -71.373 | Steps: 85917 | Total Reward: -48477.62459267516|
| Episode: 377 | Epsilon:  0.10 | Reward: -57.403178200167076 | Average Reward: -71.578 | Steps: 86092 | Total Reward: -48535.027770875364|
| Episode: 378 | Epsilon:  0.10 | Reward: -211.43355178160573 | Average Reward: -73.055 | Steps: 86312 | Total Reward: -48746.461322656956|
| Episode: 379 | Epsilon:  0.10 | Reward: -15.641306348155197 | Average Reward: -75.624 | Steps: 86530 | Total Reward: -48762.10262900516|
| Episode: 380 | Epsilon:  0.10 | Reward: 232.0851689068106 | Average Reward: -71.356 | Steps: 86960 | Total Reward: -48530.01746009832|
| Episode: 381 | Epsilon:  0.10 | Reward: -60.54090586374447 | Average Reward: -71.387 | Steps: 87335 | Total Reward: -48590.55836596203|
| Episode: 382 | Epsilon:  0.10 | Reward: -122.89407988214961 | Average Reward: -71.275 | Steps: 87508 | Total Reward: -48713.45244584416|
| Episode: 383 | Epsilon:  0.10 | Reward: -35.22641042989446 | Average Reward: -68.510 | Steps: 87749 | Total Reward: -48748.67885627403|
| Episode: 384 | Epsilon:  0.10 | Reward: -202.90022585408843 | Average Reward: -67.969 | Steps: 88004 | Total Reward: -48951.57908212815|
| Episode: 385 | Epsilon:  0.10 | Reward: -214.58176611677024 | Average Reward: -67.939 | Steps: 88184 | Total Reward: -49166.16084824494|
| Episode: 386 | Epsilon:  0.10 | Reward: -244.83801190933198 | Average Reward: -67.644 | Steps: 88503 | Total Reward: -49410.99886015421|
| Episode: 387 | Epsilon:  0.10 | Reward: -248.17785468599237 | Average Reward: -67.397 | Steps: 88813 | Total Reward: -49659.176714840185|
| Episode: 388 | Epsilon:  0.10 | Reward: -48.38698893550274 | Average Reward: -65.225 | Steps: 89813 | Total Reward: -49707.56370377573|
| Episode: 389 | Epsilon:  0.10 | Reward: -22.970892851852597 | Average Reward: -65.740 | Steps: 90105 | Total Reward: -49730.53459662761|
| Episode: 390 | Epsilon:  0.10 | Reward: -26.61428565829098 | Average Reward: -64.042 | Steps: 90309 | Total Reward: -49757.14888228591|
| Episode: 391 | Epsilon:  0.10 | Reward: 28.08566823865155 | Average Reward: -61.709 | Steps: 90571 | Total Reward: -49729.0632140472|
| Episode: 392 | Epsilon:  0.10 | Reward: -205.53945058069255 | Average Reward: -61.832 | Steps: 90791 | Total Reward: -49934.6026646279|
| Episode: 393 | Epsilon:  0.10 | Reward: -52.08587947871516 | Average Reward: -60.438 | Steps: 91085 | Total Reward: -49986.68854410665|
| Episode: 394 | Epsilon:  0.10 | Reward: -41.29117983533072 | Average Reward: -60.742 | Steps: 91317 | Total Reward: -50027.97972394202|
| Episode: 395 | Epsilon:  0.10 | Reward: -239.3503966894134 | Average Reward: -60.729 | Steps: 91536 | Total Reward: -50267.330120631465|
| Episode: 396 | Epsilon:  0.10 | Reward: 256.5883890968492 | Average Reward: -57.657 | Steps: 91885 | Total Reward: -50010.741731534574|
| Episode: 397 | Epsilon:  0.10 | Reward: -45.781640518341355 | Average Reward: -56.168 | Steps: 92150 | Total Reward: -50056.52337205284|
| Episode: 398 | Epsilon:  0.10 | Reward: 3.7048595271924682 | Average Reward: -58.441 | Steps: 92328 | Total Reward: -50052.818512525686|
| Episode: 399 | Epsilon:  0.10 | Reward: -226.12186903114304 | Average Reward: -60.458 | Steps: 92555 | Total Reward: -50278.940381556866|
| Episode: 400 | Epsilon:  0.10 | Reward: 8.60871013966765 | Average Reward: -59.892 | Steps: 92751 | Total Reward: -50270.3316714172|
| Episode: 401 | Epsilon:  0.10 | Reward: 263.0994693653373 | Average Reward: -56.789 | Steps: 93048 | Total Reward: -50007.232202051884|
| Episode: 402 | Epsilon:  0.10 | Reward: -31.079606440269743 | Average Reward: -55.102 | Steps: 93352 | Total Reward: -50038.311808492144|
| Episode: 403 | Epsilon:  0.10 | Reward: -202.37311422406907 | Average Reward: -54.210 | Steps: 93510 | Total Reward: -50240.684922716224|
| Episode: 404 | Epsilon:  0.10 | Reward: -184.55164689314407 | Average Reward: -52.887 | Steps: 93704 | Total Reward: -50425.23656960935|
| Episode: 405 | Epsilon:  0.10 | Reward: -24.658909604520076 | Average Reward: -52.739 | Steps: 93901 | Total Reward: -50449.89547921386|
| Episode: 406 | Epsilon:  0.10 | Reward: -209.02117702851842 | Average Reward: -54.543 | Steps: 94154 | Total Reward: -50658.91665624235|
| Episode: 407 | Epsilon:  0.10 | Reward: -222.36171446934353 | Average Reward: -54.915 | Steps: 94432 | Total Reward: -50881.278370711705|
| Episode: 408 | Epsilon:  0.10 | Reward: 212.43896854825107 | Average Reward: -52.818 | Steps: 95066 | Total Reward: -50668.83940216343|
| Episode: 409 | Epsilon:  0.10 | Reward: -24.922508843276717 | Average Reward: -50.931 | Steps: 95322 | Total Reward: -50693.76191100666|
| Episode: 410 | Epsilon:  0.10 | Reward: -168.2415474781879 | Average Reward: -55.067 | Steps: 95562 | Total Reward: -50862.00345848487|
| Episode: 411 | Epsilon:  0.10 | Reward: 238.39659167054157 | Average Reward: -52.542 | Steps: 96015 | Total Reward: -50623.60686681435|
| Episode: 412 | Epsilon:  0.10 | Reward: -79.2945137026461 | Average Reward: -51.518 | Steps: 96211 | Total Reward: -50702.90138051698|
| Episode: 413 | Epsilon:  0.10 | Reward: 116.25196503033004 | Average Reward: -49.953 | Steps: 97211 | Total Reward: -50586.649415486696|
| Episode: 414 | Epsilon:  0.10 | Reward: -179.40867514117213 | Average Reward: -51.333 | Steps: 97456 | Total Reward: -50766.05809062782|
| Episode: 415 | Epsilon:  0.10 | Reward: -38.10045516733497 | Average Reward: -51.356 | Steps: 97719 | Total Reward: -50804.15854579516|
| Episode: 416 | Epsilon:  0.10 | Reward: -262.3372977380276 | Average Reward: -52.193 | Steps: 97993 | Total Reward: -51066.495843533216|
| Episode: 417 | Epsilon:  0.10 | Reward: -214.83506412071782 | Average Reward: -52.494 | Steps: 98208 | Total Reward: -51281.33090765392|
| Episode: 418 | Epsilon:  0.10 | Reward: -192.55992165072894 | Average Reward: -54.046 | Steps: 98468 | Total Reward: -51473.89082930462|
| Episode: 419 | Epsilon:  0.10 | Reward: -204.75436613383818 | Average Reward: -55.746 | Steps: 98732 | Total Reward: -51678.64519543842|
| Episode: 420 | Epsilon:  0.10 | Reward: -207.24310183134696 | Average Reward: -57.851 | Steps: 98933 | Total Reward: -51885.88829726979|
| Episode: 421 | Epsilon:  0.10 | Reward: -25.845706966693996 | Average Reward: -56.239 | Steps: 99121 | Total Reward: -51911.73400423649|
| Episode: 422 | Epsilon:  0.10 | Reward: -195.20708359883108 | Average Reward: -57.954 | Steps: 99266 | Total Reward: -52106.94108783531|
| Episode: 423 | Epsilon:  0.10 | Reward: 251.97752603972344 | Average Reward: -55.184 | Steps: 99666 | Total Reward: -51854.96356179555|
| Episode: 424 | Epsilon:  0.10 | Reward: 217.10481195677795 | Average Reward: -50.529 | Steps: 100460 | Total Reward: -51637.858749838706|
| Episode: 425 | Epsilon:  0.10 | Reward: -152.2869843517416 | Average Reward: -52.392 | Steps: 100697 | Total Reward: -51790.145734190475|
| Episode: 426 | Epsilon:  0.10 | Reward: 203.67292099437284 | Average Reward: -49.793 | Steps: 101623 | Total Reward: -51586.472813196175|
| Episode: 427 | Epsilon:  0.10 | Reward: -80.08986210574922 | Average Reward: -48.950 | Steps: 101838 | Total Reward: -51666.56267530191|
| Episode: 428 | Epsilon:  0.10 | Reward: -32.738085759576165 | Average Reward: -46.997 | Steps: 102178 | Total Reward: -51699.30076106154|
| Episode: 429 | Epsilon:  0.10 | Reward: 56.08817532886496 | Average Reward: -46.251 | Steps: 103178 | Total Reward: -51643.21258573276|
| Episode: 430 | Epsilon:  0.10 | Reward: -206.00843874220345 | Average Reward: -46.154 | Steps: 103424 | Total Reward: -51849.221024474944|
| Episode: 431 | Epsilon:  0.10 | Reward: -32.54361080051201 | Average Reward: -47.139 | Steps: 103634 | Total Reward: -51881.764635275475|
| Episode: 432 | Epsilon:  0.10 | Reward: -174.10224698464987 | Average Reward: -46.749 | Steps: 103871 | Total Reward: -52055.86688226006|
| Episode: 433 | Epsilon:  0.10 | Reward: -6.691997610348054 | Average Reward: -46.147 | Steps: 104063 | Total Reward: -52062.558879870434|
| Episode: 434 | Epsilon:  0.10 | Reward: -241.93361968843234 | Average Reward: -50.996 | Steps: 104273 | Total Reward: -52304.492499558866|
| Episode: 435 | Epsilon:  0.10 | Reward: 224.4756488005812 | Average Reward: -49.790 | Steps: 104948 | Total Reward: -52080.01685075831|
| Episode: 436 | Epsilon:  0.10 | Reward: -225.1675794176376 | Average Reward: -49.891 | Steps: 105316 | Total Reward: -52305.184430175985|
| Episode: 437 | Epsilon:  0.10 | Reward: -37.27178733675511 | Average Reward: -48.127 | Steps: 105494 | Total Reward: -52342.456217512736|
| Episode: 438 | Epsilon:  0.10 | Reward: -24.815058049512757 | Average Reward: -48.273 | Steps: 105679 | Total Reward: -52367.27127556224|
| Episode: 439 | Epsilon:  0.10 | Reward: 188.4603576270337 | Average Reward: -46.578 | Steps: 106349 | Total Reward: -52178.81091793522|
| Episode: 440 | Epsilon:  0.10 | Reward: -247.3904596772662 | Average Reward: -48.896 | Steps: 106740 | Total Reward: -52426.20137761244|
| Episode: 441 | Epsilon:  0.10 | Reward: -181.3145882853348 | Average Reward: -50.594 | Steps: 106897 | Total Reward: -52607.51596589779|
| Episode: 442 | Epsilon:  0.10 | Reward: -40.62200341484583 | Average Reward: -50.431 | Steps: 107102 | Total Reward: -52648.13796931262|
| Episode: 443 | Epsilon:  0.10 | Reward: 45.977881434132996 | Average Reward: -48.020 | Steps: 107343 | Total Reward: -52602.16008787847|
| Episode: 444 | Epsilon:  0.10 | Reward: -157.31856097603645 | Average Reward: -49.403 | Steps: 107500 | Total Reward: -52759.478648854536|
| Episode: 445 | Epsilon:  0.10 | Reward: -38.35319089460481 | Average Reward: -49.258 | Steps: 107721 | Total Reward: -52797.8318397491|
| Episode: 446 | Epsilon:  0.10 | Reward: -172.48518826652867 | Average Reward: -50.760 | Steps: 107951 | Total Reward: -52970.31702801563|
| Episode: 447 | Epsilon:  0.10 | Reward: -205.34129632915383 | Average Reward: -50.578 | Steps: 108176 | Total Reward: -53175.65832434481|
| Episode: 448 | Epsilon:  0.10 | Reward: -40.32847055850965 | Average Reward: -50.521 | Steps: 108364 | Total Reward: -53215.986794903336|
| Episode: 449 | Epsilon:  0.10 | Reward: -220.99917547663355 | Average Reward: -52.507 | Steps: 108617 | Total Reward: -53436.98597038003|
| Episode: 450 | Epsilon:  0.10 | Reward: -178.05054691096677 | Average Reward: -53.835 | Steps: 108887 | Total Reward: -53615.03651729102|
| Episode: 451 | Epsilon:  0.10 | Reward: 261.11884244783903 | Average Reward: -51.798 | Steps: 109534 | Total Reward: -53353.91767484317|
| Episode: 452 | Epsilon:  0.10 | Reward: 219.5090777503163 | Average Reward: -47.263 | Steps: 110042 | Total Reward: -53134.40859709283|
| Episode: 453 | Epsilon:  0.10 | Reward: -96.08288829232598 | Average Reward: -50.782 | Steps: 110243 | Total Reward: -53230.49148538521|
| Episode: 454 | Epsilon:  0.10 | Reward: -308.1984988608267 | Average Reward: -52.311 | Steps: 111052 | Total Reward: -53538.68998424595|
| Episode: 455 | Epsilon:  0.10 | Reward: 182.01216662674807 | Average Reward: -50.439 | Steps: 111653 | Total Reward: -53356.67781761911|
| Episode: 456 | Epsilon:  0.10 | Reward: -29.61483335752294 | Average Reward: -50.538 | Steps: 111863 | Total Reward: -53386.29265097668|
| Episode: 457 | Epsilon:  0.10 | Reward: -168.13745074909122 | Average Reward: -49.856 | Steps: 112080 | Total Reward: -53554.43010172575|
| Episode: 458 | Epsilon:  0.10 | Reward: -40.71660227366611 | Average Reward: -52.277 | Steps: 112348 | Total Reward: -53595.14670399939|
| Episode: 459 | Epsilon:  0.10 | Reward: -286.4541788748412 | Average Reward: -55.145 | Steps: 112682 | Total Reward: -53881.600882874234|
| Episode: 460 | Epsilon:  0.10 | Reward: 186.6974571497024 | Average Reward: -53.610 | Steps: 113381 | Total Reward: -53694.90342572457|
| Episode: 461 | Epsilon:  0.10 | Reward: 115.67285896378161 | Average Reward: -52.399 | Steps: 114381 | Total Reward: -53579.2305667607|
| Episode: 462 | Epsilon:  0.10 | Reward: -267.0649418337689 | Average Reward: -52.734 | Steps: 114658 | Total Reward: -53846.295508594485|
| Episode: 463 | Epsilon:  0.10 | Reward: -208.4950562768562 | Average Reward: -56.337 | Steps: 115010 | Total Reward: -54054.790564871306|
| Episode: 464 | Epsilon:  0.10 | Reward: -8.43290999893145 | Average Reward: -59.109 | Steps: 115238 | Total Reward: -54063.22347487025|
| Episode: 465 | Epsilon:  0.10 | Reward: 0.038976747710691484 | Average Reward: -57.378 | Steps: 115443 | Total Reward: -54063.184498122544|
| Episode: 466 | Epsilon:  0.10 | Reward: 119.13183776067665 | Average Reward: -55.093 | Steps: 116443 | Total Reward: -53944.05266036192|
| Episode: 467 | Epsilon:  0.10 | Reward: -187.8938484766214 | Average Reward: -59.219 | Steps: 116666 | Total Reward: -54131.94650883854|
| Episode: 468 | Epsilon:  0.10 | Reward: -11.60242624059687 | Average Reward: -57.341 | Steps: 116854 | Total Reward: -54143.54893507911|
| Episode: 469 | Epsilon:  0.10 | Reward: 44.48406023826205 | Average Reward: -55.002 | Steps: 117854 | Total Reward: -54099.06487484093|
| Episode: 470 | Epsilon:  0.10 | Reward: -13.236890193390664 | Average Reward: -53.096 | Steps: 118854 | Total Reward: -54112.3017650344|
| Episode: 471 | Epsilon:  0.10 | Reward: -209.22790185548322 | Average Reward: -55.416 | Steps: 119106 | Total Reward: -54321.529666889866|
| Episode: 472 | Epsilon:  0.10 | Reward: -152.06435956395757 | Average Reward: -57.827 | Steps: 119782 | Total Reward: -54473.59402645372|
| Episode: 473 | Epsilon:  0.10 | Reward: -194.36031334534806 | Average Reward: -59.546 | Steps: 120000 | Total Reward: -54667.954339799086|
| Episode: 474 | Epsilon:  0.10 | Reward: 54.92906861888131 | Average Reward: -61.078 | Steps: 121000 | Total Reward: -54613.025271180246|
| Episode: 475 | Epsilon:  0.10 | Reward: -163.1040077889912 | Average Reward: -65.182 | Steps: 121219 | Total Reward: -54776.12927896927|
| Episode: 476 | Epsilon:  0.10 | Reward: -49.856580100308335 | Average Reward: -63.484 | Steps: 121389 | Total Reward: -54825.98585906956|
| Episode: 477 | Epsilon:  0.10 | Reward: -45.72054814174214 | Average Reward: -63.367 | Steps: 121568 | Total Reward: -54871.706407211306|
| Episode: 478 | Epsilon:  0.10 | Reward: 21.23887571414162 | Average Reward: -61.040 | Steps: 122568 | Total Reward: -54850.46753149713|
| Episode: 479 | Epsilon:  0.10 | Reward: -283.01116785189095 | Average Reward: -63.714 | Steps: 122998 | Total Reward: -55133.47869934907|
| Episode: 480 | Epsilon:  0.10 | Reward: 200.99181549279248 | Average Reward: -64.025 | Steps: 123806 | Total Reward: -54932.48688385618|
| Episode: 481 | Epsilon:  0.10 | Reward: -0.7910779904229628 | Average Reward: -63.427 | Steps: 124041 | Total Reward: -54933.27796184661|
| Episode: 482 | Epsilon:  0.10 | Reward: -186.59948717496948 | Average Reward: -64.064 | Steps: 124194 | Total Reward: -55119.877449021544|
| Episode: 483 | Epsilon:  0.10 | Reward: -261.3879550922315 | Average Reward: -66.326 | Steps: 124536 | Total Reward: -55381.265404113845|
| Episode: 484 | Epsilon:  0.10 | Reward: -168.55914316888243 | Average Reward: -65.982 | Steps: 124794 | Total Reward: -55549.824547282726|
| Episode: 485 | Epsilon:  0.10 | Reward: -135.56423509788158 | Average Reward: -65.192 | Steps: 124999 | Total Reward: -55685.388782380614|
| Episode: 486 | Epsilon:  0.10 | Reward: -196.94412735112374 | Average Reward: -64.713 | Steps: 125150 | Total Reward: -55882.332909731726|
| Episode: 487 | Epsilon:  0.10 | Reward: -184.43991941045252 | Average Reward: -64.076 | Steps: 126150 | Total Reward: -56066.77282914219|
| Episode: 488 | Epsilon:  0.10 | Reward: -201.93844300508886 | Average Reward: -65.611 | Steps: 126373 | Total Reward: -56268.71127214725|
| Episode: 489 | Epsilon:  0.10 | Reward: -319.56826937838366 | Average Reward: -68.577 | Steps: 127272 | Total Reward: -56588.2795415257|
| Episode: 490 | Epsilon:  0.10 | Reward: 0.28138708617173336 | Average Reward: -68.308 | Steps: 127476 | Total Reward: -56587.99815443957|
| Episode: 491 | Epsilon:  0.10 | Reward: 235.26701326240658 | Average Reward: -66.237 | Steps: 127858 | Total Reward: -56352.73114117718|
| Episode: 492 | Epsilon:  0.10 | Reward: -63.60699071733326 | Average Reward: -64.817 | Steps: 128071 | Total Reward: -56416.33813189456|
| Episode: 493 | Epsilon:  0.10 | Reward: -45.36027781137008 | Average Reward: -64.750 | Steps: 128485 | Total Reward: -56461.69840970591|
| Episode: 494 | Epsilon:  0.10 | Reward: -226.4556115219242 | Average Reward: -66.602 | Steps: 128717 | Total Reward: -56688.15402122786|
| Episode: 495 | Epsilon:  0.10 | Reward: -160.86609436878942 | Average Reward: -65.817 | Steps: 129717 | Total Reward: -56849.020115596584|
| Episode: 496 | Epsilon:  0.10 | Reward: -219.66011940949159 | Average Reward: -70.579 | Steps: 129941 | Total Reward: -57068.68023500607|
| Episode: 497 | Epsilon:  0.10 | Reward: 50.518984424999985 | Average Reward: -69.616 | Steps: 130941 | Total Reward: -57018.16125058104|
| Episode: 498 | Epsilon:  0.10 | Reward: -41.25239154344768 | Average Reward: -70.066 | Steps: 131136 | Total Reward: -57059.413642124506|
| Episode: 499 | Epsilon:  0.10 | Reward: -160.57005068675642 | Average Reward: -69.410 | Steps: 132136 | Total Reward: -57219.98369281127|
| Episode: 500 | Epsilon:  0.10 | Reward: 267.2210225092116 | Average Reward: -66.824 | Steps: 132568 | Total Reward: -56952.762670301985|
| Episode: 501 | Epsilon:  0.10 | Reward: -168.82841277317806 | Average Reward: -71.144 | Steps: 132798 | Total Reward: -57121.59108307509|
| Episode: 502 | Epsilon:  0.10 | Reward: -156.89303689199645 | Average Reward: -72.402 | Steps: 133798 | Total Reward: -57278.48411996701|
| Episode: 503 | Epsilon:  0.10 | Reward: -109.69761185540462 | Average Reward: -71.475 | Steps: 133990 | Total Reward: -57388.18173182243|
| Episode: 504 | Epsilon:  0.10 | Reward: 23.611017165701142 | Average Reward: -69.393 | Steps: 134172 | Total Reward: -57364.57071465677|
| Episode: 505 | Epsilon:  0.10 | Reward: -42.744171823505894 | Average Reward: -69.574 | Steps: 134395 | Total Reward: -57407.31488648029|
| Episode: 506 | Epsilon:  0.10 | Reward: -156.94851091404874 | Average Reward: -69.053 | Steps: 135395 | Total Reward: -57564.263397394374|
| Episode: 507 | Epsilon:  0.10 | Reward: -21.438012390992938 | Average Reward: -67.044 | Steps: 135662 | Total Reward: -57585.701409785404|
| Episode: 508 | Epsilon:  0.10 | Reward: -189.9129846642606 | Average Reward: -71.068 | Steps: 135828 | Total Reward: -57775.614394449614|
| Episode: 509 | Epsilon:  0.10 | Reward: -13.452087997338808 | Average Reward: -70.953 | Steps: 136068 | Total Reward: -57789.066482446986|
| Episode: 510 | Epsilon:  0.10 | Reward: -141.19919393056603 | Average Reward: -70.683 | Steps: 137068 | Total Reward: -57930.26567637758|
| Episode: 511 | Epsilon:  0.10 | Reward: -160.21148010590224 | Average Reward: -74.669 | Steps: 137294 | Total Reward: -58090.47715648348|
| Episode: 512 | Epsilon:  0.10 | Reward: -264.97190287063415 | Average Reward: -76.525 | Steps: 137618 | Total Reward: -58355.44905935405|
| Episode: 513 | Epsilon:  0.10 | Reward: 2.2059794652216596 | Average Reward: -77.666 | Steps: 137816 | Total Reward: -58353.24307988885|
| Episode: 514 | Epsilon:  0.10 | Reward: -29.445174348056852 | Average Reward: -76.166 | Steps: 137973 | Total Reward: -58382.68825423682|
| Episode: 515 | Epsilon:  0.10 | Reward: 256.66010650887756 | Average Reward: -73.219 | Steps: 138377 | Total Reward: -58126.02814772793|
| Episode: 516 | Epsilon:  0.10 | Reward: -128.08719610809098 | Average Reward: -71.876 | Steps: 139377 | Total Reward: -58254.11534383598|
| Episode: 517 | Epsilon:  0.10 | Reward: -61.34818770423388 | Average Reward: -70.341 | Steps: 139597 | Total Reward: -58315.46353154027|
| Episode: 518 | Epsilon:  0.10 | Reward: -139.18105753526578 | Average Reward: -69.808 | Steps: 140597 | Total Reward: -58454.6445890755|
| Episode: 519 | Epsilon:  0.10 | Reward: 40.05933033980146 | Average Reward: -67.359 | Steps: 141597 | Total Reward: -58414.58525873567|
| Episode: 520 | Epsilon:  0.10 | Reward: 165.2319208160458 | Average Reward: -63.635 | Steps: 142512 | Total Reward: -58249.353337919616|
| Episode: 521 | Epsilon:  0.10 | Reward: -158.75602513887063 | Average Reward: -64.964 | Steps: 143512 | Total Reward: -58408.10936305845|
| Episode: 522 | Epsilon:  0.10 | Reward: -102.29708777281846 | Average Reward: -64.035 | Steps: 144512 | Total Reward: -58510.406450831324|
| Episode: 523 | Epsilon:  0.10 | Reward: 27.14441111001412 | Average Reward: -66.283 | Steps: 145512 | Total Reward: -58483.26203972131|
| Episode: 524 | Epsilon:  0.10 | Reward: -144.77127202916142 | Average Reward: -69.902 | Steps: 146512 | Total Reward: -58628.03331175051|
| Episode: 525 | Epsilon:  0.10 | Reward: 43.93253477927897 | Average Reward: -67.940 | Steps: 147512 | Total Reward: -58584.10077697136|
| Episode: 526 | Epsilon:  0.10 | Reward: -38.64509652096642 | Average Reward: -70.363 | Steps: 147762 | Total Reward: -58622.745873492335|
| Episode: 527 | Epsilon:  0.10 | Reward: -144.56333893775422 | Average Reward: -71.007 | Steps: 148762 | Total Reward: -58767.30921243022|
| Episode: 528 | Epsilon:  0.10 | Reward: -31.51404231472982 | Average Reward: -70.995 | Steps: 148927 | Total Reward: -58798.823254744966|
| Episode: 529 | Epsilon:  0.10 | Reward: 22.784362099601367 | Average Reward: -71.328 | Steps: 149108 | Total Reward: -58776.03889264538|
| Episode: 530 | Epsilon:  0.10 | Reward: 26.766370405289162 | Average Reward: -69.001 | Steps: 150108 | Total Reward: -58749.27252224001|
| Episode: 531 | Epsilon:  0.10 | Reward: -265.0880350657115 | Average Reward: -71.326 | Steps: 150429 | Total Reward: -59014.3605573057|
| Episode: 532 | Epsilon:  0.10 | Reward: -143.40440276936704 | Average Reward: -71.019 | Steps: 151429 | Total Reward: -59157.764960075205|
| Episode: 533 | Epsilon:  0.10 | Reward: -151.1780790196275 | Average Reward: -72.464 | Steps: 152429 | Total Reward: -59308.94303909482|
| Episode: 534 | Epsilon:  0.10 | Reward: -24.76745336111655 | Average Reward: -70.292 | Steps: 152634 | Total Reward: -59333.71049245593|
| Episode: 535 | Epsilon:  0.10 | Reward: -172.47291166311018 | Average Reward: -74.262 | Steps: 153634 | Total Reward: -59506.183404119074|
| Episode: 536 | Epsilon:  0.10 | Reward: -128.89989476696135 | Average Reward: -73.299 | Steps: 154634 | Total Reward: -59635.083298885926|
| Episode: 537 | Epsilon:  0.10 | Reward: -178.31390703846887 | Average Reward: -74.709 | Steps: 154867 | Total Reward: -59813.39720592441|
| Episode: 538 | Epsilon:  0.10 | Reward: -148.1383934125101 | Average Reward: -75.943 | Steps: 155867 | Total Reward: -59961.53559933694|
| Episode: 539 | Epsilon:  0.10 | Reward: -22.41448972627765 | Average Reward: -78.051 | Steps: 156101 | Total Reward: -59983.95008906317|
| Episode: 540 | Epsilon:  0.10 | Reward: -53.56709349904877 | Average Reward: -76.113 | Steps: 156423 | Total Reward: -60037.51718256221|
| Episode: 541 | Epsilon:  0.10 | Reward: -131.35632076071062 | Average Reward: -75.614 | Steps: 156683 | Total Reward: -60168.87350332288|
| Episode: 542 | Epsilon:  0.10 | Reward: -0.8020421386504495 | Average Reward: -75.215 | Steps: 156862 | Total Reward: -60169.67554546151|
| Episode: 543 | Epsilon:  0.10 | Reward: 151.00699549438585 | Average Reward: -74.165 | Steps: 157708 | Total Reward: -60018.66854996716|
| Episode: 544 | Epsilon:  0.10 | Reward: 51.914806853342334 | Average Reward: -72.073 | Steps: 158708 | Total Reward: -59966.753743113804|
| Episode: 545 | Epsilon:  0.10 | Reward: -48.14367805187531 | Average Reward: -72.171 | Steps: 158945 | Total Reward: -60014.89742116563|
| Episode: 546 | Epsilon:  0.10 | Reward: -246.88105608343022 | Average Reward: -72.915 | Steps: 159189 | Total Reward: -60261.77847724905|
| Episode: 547 | Epsilon:  0.10 | Reward: -133.94740884266773 | Average Reward: -72.201 | Steps: 160189 | Total Reward: -60395.72588609177|
| Episode: 548 | Epsilon:  0.10 | Reward: -131.99468657391253 | Average Reward: -73.117 | Steps: 161189 | Total Reward: -60527.72057266567|
| Episode: 549 | Epsilon:  0.10 | Reward: -105.77656028801856 | Average Reward: -71.965 | Steps: 162189 | Total Reward: -60633.497132953686|
| Episode: 550 | Epsilon:  0.10 | Reward: -36.201790039773016 | Average Reward: -70.547 | Steps: 162434 | Total Reward: -60669.69892299344|
| Episode: 551 | Epsilon:  0.10 | Reward: -86.95020335166298 | Average Reward: -74.027 | Steps: 162683 | Total Reward: -60756.64912634516|
| Episode: 552 | Epsilon:  0.10 | Reward: 4.1154652247696 | Average Reward: -76.181 | Steps: 163683 | Total Reward: -60752.53366112029|
| Episode: 553 | Epsilon:  0.10 | Reward: -26.15891831361145 | Average Reward: -75.482 | Steps: 163940 | Total Reward: -60778.69257943387|
| Episode: 554 | Epsilon:  0.10 | Reward: -169.20665238314598 | Average Reward: -74.092 | Steps: 164114 | Total Reward: -60947.899231817|
| Episode: 555 | Epsilon:  0.10 | Reward: -127.86737905183391 | Average Reward: -77.191 | Steps: 165114 | Total Reward: -61075.76661086888|
| Episode: 556 | Epsilon:  0.10 | Reward: -161.3541029439258 | Average Reward: -78.508 | Steps: 165302 | Total Reward: -61237.120713812794|
| Episode: 557 | Epsilon:  0.10 | Reward: -42.721869183218956 | Average Reward: -77.254 | Steps: 165645 | Total Reward: -61279.84258299608|
| Episode: 558 | Epsilon:  0.10 | Reward: -139.34678489362764 | Average Reward: -78.240 | Steps: 166645 | Total Reward: -61419.18936788973|
| Episode: 559 | Epsilon:  0.10 | Reward: 176.04018118556786 | Average Reward: -73.615 | Steps: 167320 | Total Reward: -61243.14918670422|
| Episode: 560 | Epsilon:  0.10 | Reward: -140.55757914360495 | Average Reward: -76.888 | Steps: 168320 | Total Reward: -61383.70676584793|
| Episode: 561 | Epsilon:  0.10 | Reward: -114.78355246698644 | Average Reward: -79.193 | Steps: 169320 | Total Reward: -61498.490318314856|
| Episode: 562 | Epsilon:  0.10 | Reward: 80.43621188030788 | Average Reward: -75.718 | Steps: 170320 | Total Reward: -61418.054106434516|
| Episode: 563 | Epsilon:  0.10 | Reward: 40.20436888553417 | Average Reward: -73.231 | Steps: 171320 | Total Reward: -61377.849737549|
| Episode: 564 | Epsilon:  0.10 | Reward: -119.3620660794373 | Average Reward: -74.340 | Steps: 172320 | Total Reward: -61497.21180362836|
| Episode: 565 | Epsilon:  0.10 | Reward: -98.49046897277555 | Average Reward: -75.325 | Steps: 173320 | Total Reward: -61595.70227260112|
| Episode: 566 | Epsilon:  0.10 | Reward: -137.34423212140322 | Average Reward: -77.890 | Steps: 174320 | Total Reward: -61733.04650472248|
| Episode: 567 | Epsilon:  0.10 | Reward: -146.31137317714396 | Average Reward: -77.474 | Steps: 175320 | Total Reward: -61879.3578778998|
| Episode: 568 | Epsilon:  0.10 | Reward: -131.92730319071475 | Average Reward: -78.677 | Steps: 176320 | Total Reward: -62011.28518109051|
| Episode: 569 | Epsilon:  0.10 | Reward: -179.83154182153294 | Average Reward: -80.921 | Steps: 176667 | Total Reward: -62191.116722912055|
| Episode: 570 | Epsilon:  0.10 | Reward: -144.82891381605182 | Average Reward: -82.236 | Steps: 177667 | Total Reward: -62335.94563672824|
| Episode: 571 | Epsilon:  0.10 | Reward: -104.26612787863463 | Average Reward: -81.187 | Steps: 178667 | Total Reward: -62440.211764606975|
| Episode: 572 | Epsilon:  0.10 | Reward: 139.8155414534836 | Average Reward: -78.268 | Steps: 179538 | Total Reward: -62300.396223153366|
| Episode: 573 | Epsilon:  0.10 | Reward: -137.20220913940486 | Average Reward: -77.696 | Steps: 180538 | Total Reward: -62437.59843229275|
| Episode: 574 | Epsilon:  0.10 | Reward: -64.60240214087142 | Average Reward: -78.892 | Steps: 181538 | Total Reward: -62502.20083443354|
| Episode: 575 | Epsilon:  0.10 | Reward: -123.02982718755167 | Average Reward: -78.491 | Steps: 182538 | Total Reward: -62625.23066162108|
| Episode: 576 | Epsilon:  0.10 | Reward: -78.96791717528188 | Average Reward: -78.782 | Steps: 183538 | Total Reward: -62704.19857879641|
| Episode: 577 | Epsilon:  0.10 | Reward: -127.73567322033702 | Average Reward: -79.602 | Steps: 184538 | Total Reward: -62831.934252016654|
| Episode: 578 | Epsilon:  0.10 | Reward: -145.46822456443834 | Average Reward: -81.269 | Steps: 185538 | Total Reward: -62977.4024765812|
| Episode: 579 | Epsilon:  0.10 | Reward: 21.211448770107722 | Average Reward: -78.227 | Steps: 186538 | Total Reward: -62956.19102781108|
| Episode: 580 | Epsilon:  0.10 | Reward: -120.96531150597761 | Average Reward: -81.447 | Steps: 187538 | Total Reward: -63077.15633931724|
| Episode: 581 | Epsilon:  0.10 | Reward: -135.1763175329894 | Average Reward: -82.791 | Steps: 188538 | Total Reward: -63212.33265685015|
| Episode: 582 | Epsilon:  0.10 | Reward: -117.86661206931431 | Average Reward: -82.103 | Steps: 189538 | Total Reward: -63330.19926891956|
| Episode: 583 | Epsilon:  0.10 | Reward: -95.42245381796064 | Average Reward: -80.444 | Steps: 189735 | Total Reward: -63425.62172273754|
| Episode: 584 | Epsilon:  0.10 | Reward: -123.75152298710991 | Average Reward: -79.995 | Steps: 190735 | Total Reward: -63549.37324572473|
| Episode: 585 | Epsilon:  0.10 | Reward: 17.285980036409722 | Average Reward: -78.467 | Steps: 191735 | Total Reward: -63532.08726568828|
| Episode: 586 | Epsilon:  0.10 | Reward: -104.28272278987015 | Average Reward: -77.540 | Steps: 191976 | Total Reward: -63636.36998847814|
| Episode: 587 | Epsilon:  0.10 | Reward: 31.66631721552463 | Average Reward: -75.379 | Steps: 192976 | Total Reward: -63604.70367126277|
| Episode: 588 | Epsilon:  0.10 | Reward: -132.49683942230763 | Average Reward: -74.685 | Steps: 193976 | Total Reward: -63737.20051068507|
| Episode: 589 | Epsilon:  0.10 | Reward: -160.45215916360394 | Average Reward: -73.094 | Steps: 194191 | Total Reward: -63897.652669848656|
| Episode: 590 | Epsilon:  0.10 | Reward: 26.531644898724608 | Average Reward: -72.831 | Steps: 195191 | Total Reward: -63871.121024949935|
| Episode: 591 | Epsilon:  0.10 | Reward: -96.50242346990304 | Average Reward: -76.149 | Steps: 196191 | Total Reward: -63967.62344841982|
| Episode: 592 | Epsilon:  0.10 | Reward: 74.36218768059898 | Average Reward: -74.769 | Steps: 197191 | Total Reward: -63893.261260739215|
| Episode: 593 | Epsilon:  0.10 | Reward: 30.497947463010238 | Average Reward: -74.011 | Steps: 198191 | Total Reward: -63862.763313276155|
| Episode: 594 | Epsilon:  0.10 | Reward: -80.460188755444 | Average Reward: -72.551 | Steps: 199191 | Total Reward: -63943.223502031586|
| Episode: 595 | Epsilon:  0.10 | Reward: -144.54561236560076 | Average Reward: -72.387 | Steps: 200191 | Total Reward: -64087.76911439715|
| Episode: 596 | Epsilon:  0.10 | Reward: -59.573016167842795 | Average Reward: -70.787 | Steps: 200414 | Total Reward: -64147.342130564946|
| Episode: 597 | Epsilon:  0.10 | Reward: -358.2097565844783 | Average Reward: -74.874 | Steps: 200613 | Total Reward: -64505.55188714941|
| Episode: 598 | Epsilon:  0.10 | Reward: 106.51903961292147 | Average Reward: -73.396 | Steps: 201613 | Total Reward: -64399.032847536495|
| Episode: 599 | Epsilon:  0.10 | Reward: -66.59267058709321 | Average Reward: -72.456 | Steps: 202613 | Total Reward: -64465.62551812355|
| Episode: 600 | Epsilon:  0.10 | Reward: -132.62146454060934 | Average Reward: -76.455 | Steps: 203613 | Total Reward: -64598.24698266412|
| Episode: 601 | Epsilon:  0.10 | Reward: -88.52162068220245 | Average Reward: -75.652 | Steps: 204613 | Total Reward: -64686.76860334628|
| Episode: 602 | Epsilon:  0.10 | Reward: -139.33129659157873 | Average Reward: -75.476 | Steps: 205613 | Total Reward: -64826.0998999379|
| Episode: 603 | Epsilon:  0.10 | Reward: 219.638588851681 | Average Reward: -72.183 | Steps: 206226 | Total Reward: -64606.46131108622|
| Episode: 604 | Epsilon:  0.10 | Reward: 79.49547127763724 | Average Reward: -71.624 | Steps: 207226 | Total Reward: -64526.96583980867|
| Episode: 605 | Epsilon:  0.10 | Reward: -121.64410176343927 | Average Reward: -72.413 | Steps: 208226 | Total Reward: -64648.60994157217|
| Episode: 606 | Epsilon:  0.10 | Reward: -121.25994992912055 | Average Reward: -72.056 | Steps: 209226 | Total Reward: -64769.86989150141|
| Episode: 607 | Epsilon:  0.10 | Reward: -85.8983946634733 | Average Reward: -72.701 | Steps: 210226 | Total Reward: -64855.76828616488|
| Episode: 608 | Epsilon:  0.10 | Reward: -87.986038750471 | Average Reward: -71.681 | Steps: 211226 | Total Reward: -64943.754324915375|
| Episode: 609 | Epsilon:  0.10 | Reward: -149.88513825058743 | Average Reward: -73.046 | Steps: 211455 | Total Reward: -65093.63946316596|
| Episode: 610 | Epsilon:  0.10 | Reward: -14.932706950943185 | Average Reward: -71.783 | Steps: 211701 | Total Reward: -65108.572170116924|
| Episode: 611 | Epsilon:  0.10 | Reward: -66.44363180073503 | Average Reward: -70.845 | Steps: 212701 | Total Reward: -65175.01580191767|
| Episode: 612 | Epsilon:  0.10 | Reward: -59.42197250271178 | Average Reward: -68.790 | Steps: 213113 | Total Reward: -65234.43777442041|
| Episode: 613 | Epsilon:  0.10 | Reward: -139.51769602603497 | Average Reward: -70.207 | Steps: 214113 | Total Reward: -65373.95547044644|
| Episode: 614 | Epsilon:  0.10 | Reward: -85.09684797138516 | Average Reward: -70.764 | Steps: 215113 | Total Reward: -65459.05231841772|
| Episode: 615 | Epsilon:  0.10 | Reward: -169.2602437309304 | Average Reward: -75.023 | Steps: 216113 | Total Reward: -65628.31256214855|
| Episode: 616 | Epsilon:  0.10 | Reward: -111.0028471582931 | Average Reward: -74.852 | Steps: 216238 | Total Reward: -65739.31540930687|
| Episode: 617 | Epsilon:  0.10 | Reward: -80.93277827955728 | Average Reward: -75.048 | Steps: 217238 | Total Reward: -65820.2481875867|
| Episode: 618 | Epsilon:  0.10 | Reward: -169.36191702611174 | Average Reward: -75.350 | Steps: 218238 | Total Reward: -65989.61010461279|
| Episode: 619 | Epsilon:  0.10 | Reward: -99.40277774609459 | Average Reward: -76.744 | Steps: 219238 | Total Reward: -66089.01288235905|
| Episode: 620 | Epsilon:  0.10 | Reward: -136.15793553439292 | Average Reward: -79.758 | Steps: 220238 | Total Reward: -66225.1708178935|
| Episode: 621 | Epsilon:  0.10 | Reward: -145.3727460568187 | Average Reward: -79.624 | Steps: 221238 | Total Reward: -66370.54356395033|
| Episode: 622 | Epsilon:  0.10 | Reward: -159.82972574535066 | Average Reward: -80.200 | Steps: 222238 | Total Reward: -66530.37328969549|
| Episode: 623 | Epsilon:  0.10 | Reward: -120.40220586527934 | Average Reward: -81.675 | Steps: 223238 | Total Reward: -66650.77549556088|
| Episode: 624 | Epsilon:  0.10 | Reward: -29.8348152830591 | Average Reward: -80.526 | Steps: 224238 | Total Reward: -66680.61031084415|
| Episode: 625 | Epsilon:  0.10 | Reward: 62.09426220672906 | Average Reward: -80.344 | Steps: 225238 | Total Reward: -66618.51604863745|
| Episode: 626 | Epsilon:  0.10 | Reward: -144.21975039140816 | Average Reward: -81.400 | Steps: 226238 | Total Reward: -66762.73579902881|
| Episode: 627 | Epsilon:  0.10 | Reward: -134.5422181841337 | Average Reward: -81.300 | Steps: 227238 | Total Reward: -66897.27801721286|
| Episode: 628 | Epsilon:  0.10 | Reward: -116.24245486217059 | Average Reward: -82.147 | Steps: 228238 | Total Reward: -67013.52047207496|
| Episode: 629 | Epsilon:  0.10 | Reward: -88.49524406071103 | Average Reward: -83.260 | Steps: 229238 | Total Reward: -67102.01571613552|
| Episode: 630 | Epsilon:  0.10 | Reward: -79.3091052527951 | Average Reward: -84.321 | Steps: 230238 | Total Reward: -67181.32482138842|
| Episode: 631 | Epsilon:  0.10 | Reward: -90.99090956943445 | Average Reward: -82.580 | Steps: 231238 | Total Reward: -67272.31573095801|
| Episode: 632 | Epsilon:  0.10 | Reward: -116.06334105037779 | Average Reward: -82.306 | Steps: 232238 | Total Reward: -67388.37907200838|
| Episode: 633 | Epsilon:  0.10 | Reward: -132.71960900686906 | Average Reward: -82.122 | Steps: 233238 | Total Reward: -67521.09868101534|
| Episode: 634 | Epsilon:  0.10 | Reward: -43.94467057524396 | Average Reward: -82.313 | Steps: 233835 | Total Reward: -67565.04335159055|
| Episode: 635 | Epsilon:  0.10 | Reward: 13.27820986865641 | Average Reward: -80.456 | Steps: 234835 | Total Reward: -67551.76514172216|
| Episode: 636 | Epsilon:  0.10 | Reward: -93.74082655469098 | Average Reward: -80.104 | Steps: 235835 | Total Reward: -67645.50596827688|
| Episode: 637 | Epsilon:  0.10 | Reward: 24.196514670799246 | Average Reward: -78.079 | Steps: 236053 | Total Reward: -67621.30945360614|
| Episode: 638 | Epsilon:  0.10 | Reward: -120.24640340363437 | Average Reward: -77.800 | Steps: 237053 | Total Reward: -67741.55585700984|
| Episode: 639 | Epsilon:  0.10 | Reward: -118.75588699073013 | Average Reward: -78.764 | Steps: 238053 | Total Reward: -67860.31174400062|
| Episode: 640 | Epsilon:  0.10 | Reward: -105.19116824365271 | Average Reward: -79.280 | Steps: 239053 | Total Reward: -67965.50291224428|
| Episode: 641 | Epsilon:  0.10 | Reward: -182.24866313939867 | Average Reward: -79.789 | Steps: 239302 | Total Reward: -68147.75157538377|
| Episode: 642 | Epsilon:  0.10 | Reward: -153.82724514536133 | Average Reward: -81.319 | Steps: 240302 | Total Reward: -68301.57882052906|
| Episode: 643 | Epsilon:  0.10 | Reward: -166.7043699103544 | Average Reward: -84.496 | Steps: 241302 | Total Reward: -68468.28319043928|
| Episode: 644 | Epsilon:  0.10 | Reward: 23.50960957828583 | Average Reward: -84.780 | Steps: 242302 | Total Reward: -68444.77358086093|
| Episode: 645 | Epsilon:  0.10 | Reward: 8.295682661600488 | Average Reward: -84.216 | Steps: 243302 | Total Reward: -68436.47789819929|
| Episode: 646 | Epsilon:  0.10 | Reward: -115.71630897296028 | Average Reward: -82.904 | Steps: 244302 | Total Reward: -68552.1942071723|
| Episode: 647 | Epsilon:  0.10 | Reward: -117.51040002808196 | Average Reward: -82.740 | Steps: 245302 | Total Reward: -68669.70460720036|
| Episode: 648 | Epsilon:  0.10 | Reward: -139.4849058362807 | Average Reward: -82.815 | Steps: 246302 | Total Reward: -68809.18951303654|
| Episode: 649 | Epsilon:  0.10 | Reward: -112.46056266376615 | Average Reward: -82.882 | Steps: 247302 | Total Reward: -68921.65007570028|
| Episode: 650 | Epsilon:  0.10 | Reward: -34.93981188582973 | Average Reward: -82.869 | Steps: 247486 | Total Reward: -68956.58988758613|
| Episode: 651 | Epsilon:  0.10 | Reward: -108.88350487143168 | Average Reward: -83.088 | Steps: 248486 | Total Reward: -69065.47339245774|
| Episode: 652 | Epsilon:  0.10 | Reward: -123.79132748153687 | Average Reward: -84.367 | Steps: 249486 | Total Reward: -69189.26471993937|
| Episode: 653 | Epsilon:  0.10 | Reward: -118.19703157117003 | Average Reward: -85.288 | Steps: 250486 | Total Reward: -69307.46175151036|
| Episode: 654 | Epsilon:  0.10 | Reward: -8.977384182465485 | Average Reward: -83.685 | Steps: 250681 | Total Reward: -69316.43913569277|
| Episode: 655 | Epsilon:  0.10 | Reward: -53.52874329027925 | Average Reward: -82.942 | Steps: 251681 | Total Reward: -69369.96787898286|
| Episode: 656 | Epsilon:  0.10 | Reward: -90.01366433624793 | Average Reward: -82.229 | Steps: 252681 | Total Reward: -69459.98154331911|
| Episode: 657 | Epsilon:  0.10 | Reward: -234.99514635854877 | Average Reward: -84.151 | Steps: 253003 | Total Reward: -69694.97668967754|
| Episode: 658 | Epsilon:  0.10 | Reward: -138.05105995569753 | Average Reward: -84.138 | Steps: 254003 | Total Reward: -69833.02774963318|
| Episode: 659 | Epsilon:  0.10 | Reward: 4.717795618314676 | Average Reward: -85.852 | Steps: 255003 | Total Reward: -69828.30995401484|
| Episode: 660 | Epsilon:  0.10 | Reward: -127.54940173351532 | Average Reward: -85.722 | Steps: 256003 | Total Reward: -69955.85935574831|
| Episode: 661 | Epsilon:  0.10 | Reward: -92.9247483558073 | Average Reward: -85.503 | Steps: 257003 | Total Reward: -70048.78410410428|
| Episode: 662 | Epsilon:  0.10 | Reward: -141.0468003314198 | Average Reward: -87.718 | Steps: 258003 | Total Reward: -70189.83090443564|
| Episode: 663 | Epsilon:  0.10 | Reward: -51.21467534316754 | Average Reward: -88.632 | Steps: 259003 | Total Reward: -70241.04557977877|
| Episode: 664 | Epsilon:  0.10 | Reward: -107.91195623413344 | Average Reward: -88.517 | Steps: 260003 | Total Reward: -70348.95753601272|
| Episode: 665 | Epsilon:  0.10 | Reward: -79.62263233010626 | Average Reward: -88.329 | Steps: 261003 | Total Reward: -70428.58016834299|
| Episode: 666 | Epsilon:  0.10 | Reward: -91.88334341987492 | Average Reward: -87.874 | Steps: 262003 | Total Reward: -70520.46351176273|
| Episode: 667 | Epsilon:  0.10 | Reward: -85.49117457037244 | Average Reward: -87.266 | Steps: 263003 | Total Reward: -70605.95468633313|
| Episode: 668 | Epsilon:  0.10 | Reward: -147.9728476789005 | Average Reward: -87.426 | Steps: 264003 | Total Reward: -70753.92753401227|
| Episode: 669 | Epsilon:  0.10 | Reward: -20.446116555201584 | Average Reward: -85.833 | Steps: 265003 | Total Reward: -70774.37365056739|
| Episode: 670 | Epsilon:  0.10 | Reward: -64.81846541223723 | Average Reward: -85.032 | Steps: 266003 | Total Reward: -70839.19211597991|
| Episode: 671 | Epsilon:  0.10 | Reward: -135.1499288951288 | Average Reward: -85.341 | Steps: 267003 | Total Reward: -70974.3420448751|
| Episode: 672 | Epsilon:  0.10 | Reward: -116.85998384978275 | Average Reward: -87.908 | Steps: 268003 | Total Reward: -71091.2020287249|
| Episode: 673 | Epsilon:  0.10 | Reward: -74.90373388929277 | Average Reward: -87.285 | Steps: 269003 | Total Reward: -71166.10576261434|
| Episode: 674 | Epsilon:  0.10 | Reward: -110.38666694982882 | Average Reward: -87.743 | Steps: 270003 | Total Reward: -71276.4924295641|
| Episode: 675 | Epsilon:  0.10 | Reward: -146.91697612282954 | Average Reward: -87.982 | Steps: 271003 | Total Reward: -71423.40940568682|
| Episode: 676 | Epsilon:  0.10 | Reward: 19.093264642635077 | Average Reward: -87.001 | Steps: 271179 | Total Reward: -71404.31614104423|
| Episode: 677 | Epsilon:  0.10 | Reward: -123.05726416396539 | Average Reward: -86.954 | Steps: 272179 | Total Reward: -71527.3734052081|
