+------------------------+----------------------------+--------------------+
|                        |     Supported Features     |  Program Commands  |
+========================+============================+====================+
| Compatible Layers      | Hopfield Layer,            | hopfield,          |
|                        | HopfieldLayer Layer,       | hopfield_layer,    |
|                        | HopfieldPooling Layer,     | hopfield_pooling,  |
|                        | LSTM,                      | lstm,              |
|                        | GRU                        | gru                |
+------------------------+----------------------------+--------------------+
| Supported Loss Metrics | Huber Loss,                | huber,             |
|                        | Mean Absolute Error Loss,  | mae,               |
|                        | Mean Squared Error Loss,   | mse,               |
|                        | SmoothL1 Loss              | smooth_l1          |
+------------------------+----------------------------+--------------------+
| Supported Optimizers   | RMSprop (default),         | rmsprop,           |
|                        | AdamW,                     | adam,              |
|                        | Adam,                      | adamW,             |
|                        | SGD                        |  sgd               |
+------------------------+----------------------------+--------------------+
+------------------------------+------------------------------------------+
|          Parameter           |                  Value                   |
+==============================+==========================================+
| Layer Type:                  | gru                                      |
+------------------------------+------------------------------------------+
| Loss Metric:                 | smooth_l1                                |
+------------------------------+------------------------------------------+
| Sequence Length:             | 20                                       |
+------------------------------+------------------------------------------+
| Learning Rate:               | 0.001                                    |
+------------------------------+------------------------------------------+
| Target Update Steps:         | 100                                      |
+------------------------------+------------------------------------------+
| Optimizer:                   | rmsprop                                  |
+------------------------------+------------------------------------------+
| Weight Decay:                | 0                                        |
+------------------------------+------------------------------------------+
| Hopfield Inverse Temperature | 0.100                                    |
+------------------------------+------------------------------------------+
| Scale Q-values with lr       | False                                    |
+------------------------------+------------------------------------------+
| Hard or Soft Update          | True                                     |
+------------------------------+------------------------------------------+
| Polyak Factor                | None                                     |
+------------------------------+------------------------------------------+
| Make POMDP                   | Train: False, Hidden dims: [1], mask     |
|                              | Evaluation: True, Hidden dims: [1], mask |
+------------------------------+------------------------------------------+
---------------
| TRAINING... |
---------------
| Episode:   1 | Epsilon:  0.89 | Reward:   1.0 | Average Reward: 1.000 | Steps:   193 | Total Reward:   1.0|
| Episode:   2 | Epsilon:  0.89 | Reward:   2.0 | Average Reward: 1.500 | Steps:   470 | Total Reward:   3.0|
| Episode:   3 | Epsilon:  0.88 | Reward:   2.0 | Average Reward: 1.667 | Steps:   721 | Total Reward:   5.0|
| Episode:   4 | Epsilon:  0.87 | Reward:   3.0 | Average Reward: 2.000 | Steps:  1041 | Total Reward:   8.0|
| Episode:   5 | Epsilon:  0.86 | Reward:   3.0 | Average Reward: 2.200 | Steps:  1337 | Total Reward:  11.0|
| Episode:   6 | Epsilon:  0.85 | Reward:   0.0 | Average Reward: 1.833 | Steps:  1487 | Total Reward:  11.0|
| Episode:   7 | Epsilon:  0.85 | Reward:   2.0 | Average Reward: 1.857 | Steps:  1739 | Total Reward:  13.0|
| Episode:   8 | Epsilon:  0.84 | Reward:   2.0 | Average Reward: 1.875 | Steps:  1974 | Total Reward:  15.0|
| Episode:   9 | Epsilon:  0.83 | Reward:   2.0 | Average Reward: 1.889 | Steps:  2223 | Total Reward:  17.0|
| Episode:  10 | Epsilon:  0.83 | Reward:   2.0 | Average Reward: 1.900 | Steps:  2480 | Total Reward:  19.0|
| Episode:  11 | Epsilon:  0.82 | Reward:   0.0 | Average Reward: 1.727 | Steps:  2640 | Total Reward:  19.0|
| Episode:  12 | Epsilon:  0.81 | Reward:   2.0 | Average Reward: 1.750 | Steps:  2926 | Total Reward:  21.0|
| Episode:  13 | Epsilon:  0.80 | Reward:   0.0 | Average Reward: 1.615 | Steps:  3082 | Total Reward:  21.0|
| Episode:  14 | Epsilon:  0.80 | Reward:   0.0 | Average Reward: 1.500 | Steps:  3234 | Total Reward:  21.0|
| Episode:  15 | Epsilon:  0.79 | Reward:   1.0 | Average Reward: 1.467 | Steps:  3426 | Total Reward:  22.0|
| Episode:  16 | Epsilon:  0.78 | Reward:   1.0 | Average Reward: 1.438 | Steps:  3616 | Total Reward:  23.0|
| Episode:  17 | Epsilon:  0.78 | Reward:   0.0 | Average Reward: 1.353 | Steps:  3778 | Total Reward:  23.0|
| Episode:  18 | Epsilon:  0.77 | Reward:   6.0 | Average Reward: 1.611 | Steps:  4213 | Total Reward:  29.0|
| Episode:  19 | Epsilon:  0.76 | Reward:   2.0 | Average Reward: 1.632 | Steps:  4449 | Total Reward:  31.0|
| Episode:  20 | Epsilon:  0.76 | Reward:   2.0 | Average Reward: 1.650 | Steps:  4679 | Total Reward:  33.0|
| Episode:  21 | Epsilon:  0.75 | Reward:   0.0 | Average Reward: 1.571 | Steps:  4830 | Total Reward:  33.0|
| Episode:  22 | Epsilon:  0.74 | Reward:   2.0 | Average Reward: 1.591 | Steps:  5117 | Total Reward:  35.0|
| Episode:  23 | Epsilon:  0.74 | Reward:   1.0 | Average Reward: 1.565 | Steps:  5307 | Total Reward:  36.0|
| Episode:  24 | Epsilon:  0.73 | Reward:   3.0 | Average Reward: 1.625 | Steps:  5586 | Total Reward:  39.0|
| Episode:  25 | Epsilon:  0.72 | Reward:   0.0 | Average Reward: 1.560 | Steps:  5736 | Total Reward:  39.0|
| Episode:  26 | Epsilon:  0.72 | Reward:   0.0 | Average Reward: 1.500 | Steps:  5891 | Total Reward:  39.0|
| Episode:  27 | Epsilon:  0.71 | Reward:   3.0 | Average Reward: 1.556 | Steps:  6163 | Total Reward:  42.0|
| Episode:  28 | Epsilon:  0.71 | Reward:   1.0 | Average Reward: 1.536 | Steps:  6352 | Total Reward:  43.0|
| Episode:  29 | Epsilon:  0.70 | Reward:   3.0 | Average Reward: 1.586 | Steps:  6660 | Total Reward:  46.0|
| Episode:  30 | Epsilon:  0.69 | Reward:   2.0 | Average Reward: 1.600 | Steps:  6928 | Total Reward:  48.0|
| Episode:  31 | Epsilon:  0.69 | Reward:   1.0 | Average Reward: 1.581 | Steps:  7123 | Total Reward:  49.0|
| Episode:  32 | Epsilon:  0.68 | Reward:   1.0 | Average Reward: 1.562 | Steps:  7310 | Total Reward:  50.0|
| Episode:  33 | Epsilon:  0.68 | Reward:   0.0 | Average Reward: 1.515 | Steps:  7463 | Total Reward:  50.0|
| Episode:  34 | Epsilon:  0.67 | Reward:   0.0 | Average Reward: 1.471 | Steps:  7618 | Total Reward:  50.0|
| Episode:  35 | Epsilon:  0.66 | Reward:   0.0 | Average Reward: 1.429 | Steps:  7767 | Total Reward:  50.0|
| Episode:  36 | Epsilon:  0.66 | Reward:   1.0 | Average Reward: 1.417 | Steps:  7953 | Total Reward:  51.0|
| Episode:  37 | Epsilon:  0.65 | Reward:   1.0 | Average Reward: 1.405 | Steps:  8140 | Total Reward:  52.0|
| Episode:  38 | Epsilon:  0.65 | Reward:   0.0 | Average Reward: 1.368 | Steps:  8303 | Total Reward:  52.0|
| Episode:  39 | Epsilon:  0.64 | Reward:   5.0 | Average Reward: 1.462 | Steps:  8722 | Total Reward:  57.0|
| Episode:  40 | Epsilon:  0.64 | Reward:   1.0 | Average Reward: 1.450 | Steps:  8916 | Total Reward:  58.0|
| Episode:  41 | Epsilon:  0.63 | Reward:   2.0 | Average Reward: 1.463 | Steps:  9143 | Total Reward:  60.0|
| Episode:  42 | Epsilon:  0.63 | Reward:   0.0 | Average Reward: 1.429 | Steps:  9299 | Total Reward:  60.0|
| Episode:  43 | Epsilon:  0.62 | Reward:   0.0 | Average Reward: 1.395 | Steps:  9457 | Total Reward:  60.0|
| Episode:  44 | Epsilon:  0.62 | Reward:   0.0 | Average Reward: 1.364 | Steps:  9610 | Total Reward:  60.0|
| Episode:  45 | Epsilon:  0.61 | Reward:   2.0 | Average Reward: 1.378 | Steps:  9841 | Total Reward:  62.0|
| Episode:  46 | Epsilon:  0.61 | Reward:   4.0 | Average Reward: 1.435 | Steps: 10222 | Total Reward:  66.0|
| Episode:  47 | Epsilon:  0.60 | Reward:   3.0 | Average Reward: 1.468 | Steps: 10492 | Total Reward:  69.0|
| Episode:  48 | Epsilon:  0.60 | Reward:   1.0 | Average Reward: 1.458 | Steps: 10688 | Total Reward:  70.0|
| Episode:  49 | Epsilon:  0.59 | Reward:   1.0 | Average Reward: 1.449 | Steps: 10877 | Total Reward:  71.0|
| Episode:  50 | Epsilon:  0.59 | Reward:   2.0 | Average Reward: 1.460 | Steps: 11108 | Total Reward:  73.0|
| Episode:  51 | Epsilon:  0.58 | Reward:   2.0 | Average Reward: 1.471 | Steps: 11344 | Total Reward:  75.0|
| Episode:  52 | Epsilon:  0.58 | Reward:   3.0 | Average Reward: 1.500 | Steps: 11624 | Total Reward:  78.0|
| Episode:  53 | Epsilon:  0.57 | Reward:   2.0 | Average Reward: 1.509 | Steps: 11849 | Total Reward:  80.0|
| Episode:  54 | Epsilon:  0.57 | Reward:   2.0 | Average Reward: 1.519 | Steps: 12077 | Total Reward:  82.0|
| Episode:  55 | Epsilon:  0.56 | Reward:   1.0 | Average Reward: 1.509 | Steps: 12276 | Total Reward:  83.0|
| Episode:  56 | Epsilon:  0.56 | Reward:   1.0 | Average Reward: 1.500 | Steps: 12468 | Total Reward:  84.0|
| Episode:  57 | Epsilon:  0.55 | Reward:   1.0 | Average Reward: 1.491 | Steps: 12657 | Total Reward:  85.0|
| Episode:  58 | Epsilon:  0.55 | Reward:   0.0 | Average Reward: 1.466 | Steps: 12809 | Total Reward:  85.0|
| Episode:  59 | Epsilon:  0.54 | Reward:   2.0 | Average Reward: 1.475 | Steps: 13040 | Total Reward:  87.0|
| Episode:  60 | Epsilon:  0.54 | Reward:   0.0 | Average Reward: 1.450 | Steps: 13188 | Total Reward:  87.0|
| Episode:  61 | Epsilon:  0.54 | Reward:   2.0 | Average Reward: 1.459 | Steps: 13441 | Total Reward:  89.0|
| Episode:  62 | Epsilon:  0.53 | Reward:   2.0 | Average Reward: 1.468 | Steps: 13677 | Total Reward:  91.0|
| Episode:  63 | Epsilon:  0.53 | Reward:   0.0 | Average Reward: 1.444 | Steps: 13830 | Total Reward:  91.0|
| Episode:  64 | Epsilon:  0.52 | Reward:   3.0 | Average Reward: 1.469 | Steps: 14132 | Total Reward:  94.0|
| Episode:  65 | Epsilon:  0.52 | Reward:   6.0 | Average Reward: 1.538 | Steps: 14582 | Total Reward: 100.0|
| Episode:  66 | Epsilon:  0.51 | Reward:   0.0 | Average Reward: 1.515 | Steps: 14737 | Total Reward: 100.0|
| Episode:  67 | Epsilon:  0.51 | Reward:   1.0 | Average Reward: 1.507 | Steps: 14928 | Total Reward: 101.0|
| Episode:  68 | Epsilon:  0.51 | Reward:   1.0 | Average Reward: 1.500 | Steps: 15167 | Total Reward: 102.0|
| Episode:  69 | Epsilon:  0.50 | Reward:   3.0 | Average Reward: 1.522 | Steps: 15437 | Total Reward: 105.0|
| Episode:  70 | Epsilon:  0.50 | Reward:   1.0 | Average Reward: 1.514 | Steps: 15633 | Total Reward: 106.0|
| Episode:  71 | Epsilon:  0.49 | Reward:   0.0 | Average Reward: 1.493 | Steps: 15784 | Total Reward: 106.0|
| Episode:  72 | Epsilon:  0.49 | Reward:   3.0 | Average Reward: 1.514 | Steps: 16058 | Total Reward: 109.0|
| Episode:  73 | Epsilon:  0.49 | Reward:   0.0 | Average Reward: 1.493 | Steps: 16217 | Total Reward: 109.0|
| Episode:  74 | Epsilon:  0.48 | Reward:   1.0 | Average Reward: 1.486 | Steps: 16404 | Total Reward: 110.0|
| Episode:  75 | Epsilon:  0.48 | Reward:   2.0 | Average Reward: 1.493 | Steps: 16640 | Total Reward: 112.0|
| Episode:  76 | Epsilon:  0.47 | Reward:   1.0 | Average Reward: 1.487 | Steps: 16833 | Total Reward: 113.0|
| Episode:  77 | Epsilon:  0.47 | Reward:   1.0 | Average Reward: 1.481 | Steps: 17027 | Total Reward: 114.0|
| Episode:  78 | Epsilon:  0.47 | Reward:   1.0 | Average Reward: 1.474 | Steps: 17219 | Total Reward: 115.0|
| Episode:  79 | Epsilon:  0.46 | Reward:   2.0 | Average Reward: 1.481 | Steps: 17481 | Total Reward: 117.0|
| Episode:  80 | Epsilon:  0.46 | Reward:   0.0 | Average Reward: 1.462 | Steps: 17634 | Total Reward: 117.0|
| Episode:  81 | Epsilon:  0.46 | Reward:   0.0 | Average Reward: 1.444 | Steps: 17783 | Total Reward: 117.0|
| Episode:  82 | Epsilon:  0.45 | Reward:   4.0 | Average Reward: 1.476 | Steps: 18094 | Total Reward: 121.0|
| Episode:  83 | Epsilon:  0.45 | Reward:   1.0 | Average Reward: 1.470 | Steps: 18287 | Total Reward: 122.0|
| Episode:  84 | Epsilon:  0.45 | Reward:   3.0 | Average Reward: 1.488 | Steps: 18563 | Total Reward: 125.0|
| Episode:  85 | Epsilon:  0.44 | Reward:   1.0 | Average Reward: 1.482 | Steps: 18760 | Total Reward: 126.0|
| Episode:  86 | Epsilon:  0.44 | Reward:   2.0 | Average Reward: 1.488 | Steps: 18992 | Total Reward: 128.0|
| Episode:  87 | Epsilon:  0.44 | Reward:   1.0 | Average Reward: 1.483 | Steps: 19185 | Total Reward: 129.0|
| Episode:  88 | Epsilon:  0.43 | Reward:   0.0 | Average Reward: 1.466 | Steps: 19339 | Total Reward: 129.0|
| Episode:  89 | Epsilon:  0.43 | Reward:   1.0 | Average Reward: 1.461 | Steps: 19532 | Total Reward: 130.0|
| Episode:  90 | Epsilon:  0.43 | Reward:   0.0 | Average Reward: 1.444 | Steps: 19695 | Total Reward: 130.0|
| Episode:  91 | Epsilon:  0.42 | Reward:   1.0 | Average Reward: 1.440 | Steps: 19888 | Total Reward: 131.0|
| Episode:  92 | Epsilon:  0.42 | Reward:   2.0 | Average Reward: 1.446 | Steps: 20114 | Total Reward: 133.0|
| Episode:  93 | Epsilon:  0.42 | Reward:   2.0 | Average Reward: 1.452 | Steps: 20351 | Total Reward: 135.0|
| Episode:  94 | Epsilon:  0.41 | Reward:   1.0 | Average Reward: 1.447 | Steps: 20545 | Total Reward: 136.0|
| Episode:  95 | Epsilon:  0.41 | Reward:   1.0 | Average Reward: 1.442 | Steps: 20742 | Total Reward: 137.0|
| Episode:  96 | Epsilon:  0.41 | Reward:   2.0 | Average Reward: 1.448 | Steps: 20993 | Total Reward: 139.0|
| Episode:  97 | Epsilon:  0.40 | Reward:   3.0 | Average Reward: 1.464 | Steps: 21282 | Total Reward: 142.0|
| Episode:  98 | Epsilon:  0.40 | Reward:   2.0 | Average Reward: 1.469 | Steps: 21513 | Total Reward: 144.0|
| Episode:  99 | Epsilon:  0.40 | Reward:   1.0 | Average Reward: 1.465 | Steps: 21707 | Total Reward: 145.0|
| Episode: 100 | Epsilon:  0.39 | Reward:   1.0 | Average Reward: 1.460 | Steps: 21895 | Total Reward: 146.0|
| Episode: 101 | Epsilon:  0.39 | Reward:   0.0 | Average Reward: 1.450 | Steps: 22048 | Total Reward: 146.0|
| Episode: 102 | Epsilon:  0.39 | Reward:   2.0 | Average Reward: 1.450 | Steps: 22280 | Total Reward: 148.0|
| Episode: 103 | Epsilon:  0.39 | Reward:   1.0 | Average Reward: 1.440 | Steps: 22467 | Total Reward: 149.0|
| Episode: 104 | Epsilon:  0.38 | Reward:   1.0 | Average Reward: 1.420 | Steps: 22658 | Total Reward: 150.0|
| Episode: 105 | Epsilon:  0.38 | Reward:   3.0 | Average Reward: 1.420 | Steps: 22973 | Total Reward: 153.0|
| Episode: 106 | Epsilon:  0.38 | Reward:   0.0 | Average Reward: 1.420 | Steps: 23132 | Total Reward: 153.0|
| Episode: 107 | Epsilon:  0.37 | Reward:   2.0 | Average Reward: 1.420 | Steps: 23364 | Total Reward: 155.0|
| Episode: 108 | Epsilon:  0.37 | Reward:   3.0 | Average Reward: 1.430 | Steps: 23657 | Total Reward: 158.0|
| Episode: 109 | Epsilon:  0.37 | Reward:   4.0 | Average Reward: 1.450 | Steps: 23975 | Total Reward: 162.0|
| Episode: 110 | Epsilon:  0.37 | Reward:   2.0 | Average Reward: 1.450 | Steps: 24218 | Total Reward: 164.0|
| Episode: 111 | Epsilon:  0.36 | Reward:   2.0 | Average Reward: 1.470 | Steps: 24452 | Total Reward: 166.0|
| Episode: 112 | Epsilon:  0.36 | Reward:   2.0 | Average Reward: 1.470 | Steps: 24675 | Total Reward: 168.0|
| Episode: 113 | Epsilon:  0.36 | Reward:   2.0 | Average Reward: 1.490 | Steps: 24909 | Total Reward: 170.0|
| Episode: 114 | Epsilon:  0.36 | Reward:   2.0 | Average Reward: 1.510 | Steps: 25136 | Total Reward: 172.0|
| Episode: 115 | Epsilon:  0.35 | Reward:   3.0 | Average Reward: 1.530 | Steps: 25411 | Total Reward: 175.0|
| Episode: 116 | Epsilon:  0.35 | Reward:   1.0 | Average Reward: 1.530 | Steps: 25596 | Total Reward: 176.0|
| Episode: 117 | Epsilon:  0.35 | Reward:   1.0 | Average Reward: 1.540 | Steps: 25785 | Total Reward: 177.0|
| Episode: 118 | Epsilon:  0.35 | Reward:   0.0 | Average Reward: 1.480 | Steps: 25962 | Total Reward: 177.0|
| Episode: 119 | Epsilon:  0.34 | Reward:   2.0 | Average Reward: 1.480 | Steps: 26242 | Total Reward: 179.0|
| Episode: 120 | Epsilon:  0.34 | Reward:   2.0 | Average Reward: 1.480 | Steps: 26481 | Total Reward: 181.0|
| Episode: 121 | Epsilon:  0.34 | Reward:   1.0 | Average Reward: 1.490 | Steps: 26671 | Total Reward: 182.0|
| Episode: 122 | Epsilon:  0.34 | Reward:   1.0 | Average Reward: 1.480 | Steps: 26868 | Total Reward: 183.0|
| Episode: 123 | Epsilon:  0.33 | Reward:   0.0 | Average Reward: 1.470 | Steps: 27024 | Total Reward: 183.0|
| Episode: 124 | Epsilon:  0.33 | Reward:   0.0 | Average Reward: 1.440 | Steps: 27177 | Total Reward: 183.0|
| Episode: 125 | Epsilon:  0.33 | Reward:   1.0 | Average Reward: 1.450 | Steps: 27366 | Total Reward: 184.0|
| Episode: 126 | Epsilon:  0.33 | Reward:   1.0 | Average Reward: 1.460 | Steps: 27572 | Total Reward: 185.0|
| Episode: 127 | Epsilon:  0.33 | Reward:   1.0 | Average Reward: 1.440 | Steps: 27771 | Total Reward: 186.0|
| Episode: 128 | Epsilon:  0.32 | Reward:   2.0 | Average Reward: 1.450 | Steps: 28002 | Total Reward: 188.0|
| Episode: 129 | Epsilon:  0.32 | Reward:   0.0 | Average Reward: 1.420 | Steps: 28155 | Total Reward: 188.0|
| Episode: 130 | Epsilon:  0.32 | Reward:   3.0 | Average Reward: 1.430 | Steps: 28461 | Total Reward: 191.0|
| Episode: 131 | Epsilon:  0.32 | Reward:   6.0 | Average Reward: 1.480 | Steps: 28906 | Total Reward: 197.0|
| Episode: 132 | Epsilon:  0.31 | Reward:   2.0 | Average Reward: 1.490 | Steps: 29146 | Total Reward: 199.0|
| Episode: 133 | Epsilon:  0.31 | Reward:   0.0 | Average Reward: 1.490 | Steps: 29305 | Total Reward: 199.0|
| Episode: 134 | Epsilon:  0.31 | Reward:   1.0 | Average Reward: 1.500 | Steps: 29524 | Total Reward: 200.0|
| Episode: 135 | Epsilon:  0.31 | Reward:   1.0 | Average Reward: 1.510 | Steps: 29714 | Total Reward: 201.0|
| Episode: 136 | Epsilon:  0.31 | Reward:   1.0 | Average Reward: 1.510 | Steps: 29906 | Total Reward: 202.0|
| Episode: 137 | Epsilon:  0.30 | Reward:   1.0 | Average Reward: 1.510 | Steps: 30099 | Total Reward: 203.0|
| Episode: 138 | Epsilon:  0.30 | Reward:   1.0 | Average Reward: 1.520 | Steps: 30287 | Total Reward: 204.0|
| Episode: 139 | Epsilon:  0.30 | Reward:   1.0 | Average Reward: 1.480 | Steps: 30488 | Total Reward: 205.0|
| Episode: 140 | Epsilon:  0.30 | Reward:   0.0 | Average Reward: 1.470 | Steps: 30637 | Total Reward: 205.0|
| Episode: 141 | Epsilon:  0.30 | Reward:   2.0 | Average Reward: 1.470 | Steps: 30871 | Total Reward: 207.0|
| Episode: 142 | Epsilon:  0.29 | Reward:   1.0 | Average Reward: 1.480 | Steps: 31063 | Total Reward: 208.0|
| Episode: 143 | Epsilon:  0.29 | Reward:   0.0 | Average Reward: 1.480 | Steps: 31211 | Total Reward: 208.0|
| Episode: 144 | Epsilon:  0.29 | Reward:   0.0 | Average Reward: 1.480 | Steps: 31370 | Total Reward: 208.0|
| Episode: 145 | Epsilon:  0.29 | Reward:   3.0 | Average Reward: 1.490 | Steps: 31665 | Total Reward: 211.0|
| Episode: 146 | Epsilon:  0.29 | Reward:   1.0 | Average Reward: 1.460 | Steps: 31857 | Total Reward: 212.0|
| Episode: 147 | Epsilon:  0.28 | Reward:   1.0 | Average Reward: 1.440 | Steps: 32050 | Total Reward: 213.0|
| Episode: 148 | Epsilon:  0.28 | Reward:   1.0 | Average Reward: 1.440 | Steps: 32246 | Total Reward: 214.0|
| Episode: 149 | Epsilon:  0.28 | Reward:   7.0 | Average Reward: 1.500 | Steps: 32737 | Total Reward: 221.0|
| Episode: 150 | Epsilon:  0.28 | Reward:   0.0 | Average Reward: 1.480 | Steps: 32892 | Total Reward: 221.0|
| Episode: 151 | Epsilon:  0.28 | Reward:   2.0 | Average Reward: 1.480 | Steps: 33140 | Total Reward: 223.0|
| Episode: 152 | Epsilon:  0.28 | Reward:   1.0 | Average Reward: 1.460 | Steps: 33333 | Total Reward: 224.0|
| Episode: 153 | Epsilon:  0.27 | Reward:   2.0 | Average Reward: 1.460 | Steps: 33569 | Total Reward: 226.0|
| Episode: 154 | Epsilon:  0.27 | Reward:   1.0 | Average Reward: 1.450 | Steps: 33761 | Total Reward: 227.0|
| Episode: 155 | Epsilon:  0.27 | Reward:   2.0 | Average Reward: 1.460 | Steps: 33994 | Total Reward: 229.0|
| Episode: 156 | Epsilon:  0.27 | Reward:   2.0 | Average Reward: 1.470 | Steps: 34229 | Total Reward: 231.0|
| Episode: 157 | Epsilon:  0.27 | Reward:   2.0 | Average Reward: 1.480 | Steps: 34460 | Total Reward: 233.0|
| Episode: 158 | Epsilon:  0.27 | Reward:   2.0 | Average Reward: 1.500 | Steps: 34688 | Total Reward: 235.0|
| Episode: 159 | Epsilon:  0.26 | Reward:   1.0 | Average Reward: 1.490 | Steps: 34881 | Total Reward: 236.0|
| Episode: 160 | Epsilon:  0.26 | Reward:   1.0 | Average Reward: 1.500 | Steps: 35073 | Total Reward: 237.0|
| Episode: 161 | Epsilon:  0.26 | Reward:   2.0 | Average Reward: 1.500 | Steps: 35304 | Total Reward: 239.0|
| Episode: 162 | Epsilon:  0.26 | Reward:   2.0 | Average Reward: 1.500 | Steps: 35534 | Total Reward: 241.0|
| Episode: 163 | Epsilon:  0.26 | Reward:   1.0 | Average Reward: 1.510 | Steps: 35717 | Total Reward: 242.0|
| Episode: 164 | Epsilon:  0.26 | Reward:   2.0 | Average Reward: 1.500 | Steps: 35981 | Total Reward: 244.0|
| Episode: 165 | Epsilon:  0.25 | Reward:   3.0 | Average Reward: 1.470 | Steps: 36251 | Total Reward: 247.0|
| Episode: 166 | Epsilon:  0.25 | Reward:   1.0 | Average Reward: 1.480 | Steps: 36441 | Total Reward: 248.0|
| Episode: 167 | Epsilon:  0.25 | Reward:   1.0 | Average Reward: 1.480 | Steps: 36631 | Total Reward: 249.0|
| Episode: 168 | Epsilon:  0.25 | Reward:   0.0 | Average Reward: 1.470 | Steps: 36787 | Total Reward: 249.0|
| Episode: 169 | Epsilon:  0.25 | Reward:   1.0 | Average Reward: 1.450 | Steps: 36979 | Total Reward: 250.0|
| Episode: 170 | Epsilon:  0.25 | Reward:   1.0 | Average Reward: 1.450 | Steps: 37189 | Total Reward: 251.0|
| Episode: 171 | Epsilon:  0.24 | Reward:   0.0 | Average Reward: 1.450 | Steps: 37345 | Total Reward: 251.0|
| Episode: 172 | Epsilon:  0.24 | Reward:   1.0 | Average Reward: 1.430 | Steps: 37533 | Total Reward: 252.0|
| Episode: 173 | Epsilon:  0.24 | Reward:   0.0 | Average Reward: 1.430 | Steps: 37713 | Total Reward: 252.0|
| Episode: 174 | Epsilon:  0.24 | Reward:   2.0 | Average Reward: 1.440 | Steps: 37940 | Total Reward: 254.0|
| Episode: 175 | Epsilon:  0.24 | Reward:   2.0 | Average Reward: 1.440 | Steps: 38167 | Total Reward: 256.0|
| Episode: 176 | Epsilon:  0.24 | Reward:   1.0 | Average Reward: 1.440 | Steps: 38366 | Total Reward: 257.0|
| Episode: 177 | Epsilon:  0.24 | Reward:   2.0 | Average Reward: 1.450 | Steps: 38603 | Total Reward: 259.0|
| Episode: 178 | Epsilon:  0.24 | Reward:   2.0 | Average Reward: 1.460 | Steps: 38838 | Total Reward: 261.0|
| Episode: 179 | Epsilon:  0.23 | Reward:   0.0 | Average Reward: 1.440 | Steps: 38997 | Total Reward: 261.0|
| Episode: 180 | Epsilon:  0.23 | Reward:   1.0 | Average Reward: 1.450 | Steps: 39188 | Total Reward: 262.0|
| Episode: 181 | Epsilon:  0.23 | Reward:   0.0 | Average Reward: 1.450 | Steps: 39339 | Total Reward: 262.0|
| Episode: 182 | Epsilon:  0.23 | Reward:   1.0 | Average Reward: 1.420 | Steps: 39531 | Total Reward: 263.0|
| Episode: 183 | Epsilon:  0.23 | Reward:   0.0 | Average Reward: 1.410 | Steps: 39681 | Total Reward: 263.0|
| Episode: 184 | Epsilon:  0.23 | Reward:   0.0 | Average Reward: 1.380 | Steps: 39833 | Total Reward: 263.0|
| Episode: 185 | Epsilon:  0.23 | Reward:   1.0 | Average Reward: 1.380 | Steps: 40026 | Total Reward: 264.0|
| Episode: 186 | Epsilon:  0.22 | Reward:   0.0 | Average Reward: 1.360 | Steps: 40183 | Total Reward: 264.0|
| Episode: 187 | Epsilon:  0.22 | Reward:   0.0 | Average Reward: 1.350 | Steps: 40334 | Total Reward: 264.0|
| Episode: 188 | Epsilon:  0.22 | Reward:   2.0 | Average Reward: 1.370 | Steps: 40571 | Total Reward: 266.0|
| Episode: 189 | Epsilon:  0.22 | Reward:   1.0 | Average Reward: 1.370 | Steps: 40758 | Total Reward: 267.0|
| Episode: 190 | Epsilon:  0.22 | Reward:   1.0 | Average Reward: 1.380 | Steps: 40949 | Total Reward: 268.0|
| Episode: 191 | Epsilon:  0.22 | Reward:   1.0 | Average Reward: 1.380 | Steps: 41139 | Total Reward: 269.0|
| Episode: 192 | Epsilon:  0.22 | Reward:   2.0 | Average Reward: 1.380 | Steps: 41372 | Total Reward: 271.0|
| Episode: 193 | Epsilon:  0.22 | Reward:   1.0 | Average Reward: 1.370 | Steps: 41568 | Total Reward: 272.0|
| Episode: 194 | Epsilon:  0.22 | Reward:   2.0 | Average Reward: 1.380 | Steps: 41798 | Total Reward: 274.0|
| Episode: 195 | Epsilon:  0.21 | Reward:   2.0 | Average Reward: 1.390 | Steps: 42028 | Total Reward: 276.0|
| Episode: 196 | Epsilon:  0.21 | Reward:   1.0 | Average Reward: 1.380 | Steps: 42219 | Total Reward: 277.0|
| Episode: 197 | Epsilon:  0.21 | Reward:   0.0 | Average Reward: 1.350 | Steps: 42372 | Total Reward: 277.0|
| Episode: 198 | Epsilon:  0.21 | Reward:   1.0 | Average Reward: 1.340 | Steps: 42569 | Total Reward: 278.0|
| Episode: 199 | Epsilon:  0.21 | Reward:   0.0 | Average Reward: 1.330 | Steps: 42717 | Total Reward: 278.0|
| Episode: 200 | Epsilon:  0.21 | Reward:   0.0 | Average Reward: 1.320 | Steps: 42871 | Total Reward: 278.0|
| Episode: 201 | Epsilon:  0.21 | Reward:   1.0 | Average Reward: 1.330 | Steps: 43062 | Total Reward: 279.0|
| Episode: 202 | Epsilon:  0.21 | Reward:   2.0 | Average Reward: 1.330 | Steps: 43296 | Total Reward: 281.0|
| Episode: 203 | Epsilon:  0.21 | Reward:   2.0 | Average Reward: 1.340 | Steps: 43527 | Total Reward: 283.0|
| Episode: 204 | Epsilon:  0.20 | Reward:   1.0 | Average Reward: 1.340 | Steps: 43719 | Total Reward: 284.0|
| Episode: 205 | Epsilon:  0.20 | Reward:   2.0 | Average Reward: 1.330 | Steps: 43951 | Total Reward: 286.0|
| Episode: 206 | Epsilon:  0.20 | Reward:   1.0 | Average Reward: 1.340 | Steps: 44142 | Total Reward: 287.0|
| Episode: 207 | Epsilon:  0.20 | Reward:   1.0 | Average Reward: 1.330 | Steps: 44331 | Total Reward: 288.0|
| Episode: 208 | Epsilon:  0.20 | Reward:   3.0 | Average Reward: 1.330 | Steps: 44595 | Total Reward: 291.0|
| Episode: 209 | Epsilon:  0.20 | Reward:   2.0 | Average Reward: 1.310 | Steps: 44853 | Total Reward: 293.0|
| Episode: 210 | Epsilon:  0.20 | Reward:   1.0 | Average Reward: 1.300 | Steps: 45039 | Total Reward: 294.0|
| Episode: 211 | Epsilon:  0.20 | Reward:   1.0 | Average Reward: 1.290 | Steps: 45234 | Total Reward: 295.0|
| Episode: 212 | Epsilon:  0.20 | Reward:   1.0 | Average Reward: 1.280 | Steps: 45456 | Total Reward: 296.0|
| Episode: 213 | Epsilon:  0.20 | Reward:   1.0 | Average Reward: 1.270 | Steps: 45695 | Total Reward: 297.0|
| Episode: 214 | Epsilon:  0.19 | Reward:   2.0 | Average Reward: 1.270 | Steps: 45941 | Total Reward: 299.0|
| Episode: 215 | Epsilon:  0.19 | Reward:   1.0 | Average Reward: 1.250 | Steps: 46132 | Total Reward: 300.0|
| Episode: 216 | Epsilon:  0.19 | Reward:   1.0 | Average Reward: 1.250 | Steps: 46324 | Total Reward: 301.0|
| Episode: 217 | Epsilon:  0.19 | Reward:   1.0 | Average Reward: 1.250 | Steps: 46512 | Total Reward: 302.0|
| Episode: 218 | Epsilon:  0.19 | Reward:   2.0 | Average Reward: 1.270 | Steps: 46765 | Total Reward: 304.0|
| Episode: 219 | Epsilon:  0.19 | Reward:   3.0 | Average Reward: 1.280 | Steps: 47058 | Total Reward: 307.0|
| Episode: 220 | Epsilon:  0.19 | Reward:   2.0 | Average Reward: 1.280 | Steps: 47386 | Total Reward: 309.0|
| Episode: 221 | Epsilon:  0.19 | Reward:   2.0 | Average Reward: 1.290 | Steps: 47619 | Total Reward: 311.0|
| Episode: 222 | Epsilon:  0.19 | Reward:   1.0 | Average Reward: 1.290 | Steps: 47809 | Total Reward: 312.0|
| Episode: 223 | Epsilon:  0.19 | Reward:   1.0 | Average Reward: 1.300 | Steps: 48004 | Total Reward: 313.0|
| Episode: 224 | Epsilon:  0.19 | Reward:   0.0 | Average Reward: 1.300 | Steps: 48164 | Total Reward: 313.0|
| Episode: 225 | Epsilon:  0.18 | Reward:   1.0 | Average Reward: 1.300 | Steps: 48356 | Total Reward: 314.0|
| Episode: 226 | Epsilon:  0.18 | Reward:   0.0 | Average Reward: 1.290 | Steps: 48509 | Total Reward: 314.0|
| Episode: 227 | Epsilon:  0.18 | Reward:   3.0 | Average Reward: 1.310 | Steps: 48777 | Total Reward: 317.0|
| Episode: 228 | Epsilon:  0.18 | Reward:   1.0 | Average Reward: 1.300 | Steps: 48968 | Total Reward: 318.0|
| Episode: 229 | Epsilon:  0.18 | Reward:   1.0 | Average Reward: 1.310 | Steps: 49154 | Total Reward: 319.0|
| Episode: 230 | Epsilon:  0.18 | Reward:   0.0 | Average Reward: 1.280 | Steps: 49310 | Total Reward: 319.0|
| Episode: 231 | Epsilon:  0.18 | Reward:   2.0 | Average Reward: 1.240 | Steps: 49545 | Total Reward: 321.0|
| Episode: 232 | Epsilon:  0.18 | Reward:   1.0 | Average Reward: 1.230 | Steps: 49740 | Total Reward: 322.0|
| Episode: 233 | Epsilon:  0.18 | Reward:   1.0 | Average Reward: 1.240 | Steps: 49931 | Total Reward: 323.0|
| Episode: 234 | Epsilon:  0.18 | Reward:   3.0 | Average Reward: 1.260 | Steps: 50205 | Total Reward: 326.0|
| Episode: 235 | Epsilon:  0.18 | Reward:   0.0 | Average Reward: 1.250 | Steps: 50381 | Total Reward: 326.0|
| Episode: 236 | Epsilon:  0.18 | Reward:   1.0 | Average Reward: 1.250 | Steps: 50572 | Total Reward: 327.0|
| Episode: 237 | Epsilon:  0.17 | Reward:   1.0 | Average Reward: 1.250 | Steps: 50775 | Total Reward: 328.0|
| Episode: 238 | Epsilon:  0.17 | Reward:   2.0 | Average Reward: 1.260 | Steps: 51010 | Total Reward: 330.0|
| Episode: 239 | Epsilon:  0.17 | Reward:   0.0 | Average Reward: 1.250 | Steps: 51163 | Total Reward: 330.0|
| Episode: 240 | Epsilon:  0.17 | Reward:   2.0 | Average Reward: 1.270 | Steps: 51398 | Total Reward: 332.0|
| Episode: 241 | Epsilon:  0.17 | Reward:   1.0 | Average Reward: 1.260 | Steps: 51592 | Total Reward: 333.0|
| Episode: 242 | Epsilon:  0.17 | Reward:   1.0 | Average Reward: 1.260 | Steps: 51784 | Total Reward: 334.0|
| Episode: 243 | Epsilon:  0.17 | Reward:   2.0 | Average Reward: 1.280 | Steps: 52020 | Total Reward: 336.0|
| Episode: 244 | Epsilon:  0.17 | Reward:   1.0 | Average Reward: 1.290 | Steps: 52216 | Total Reward: 337.0|
| Episode: 245 | Epsilon:  0.17 | Reward:   2.0 | Average Reward: 1.280 | Steps: 52449 | Total Reward: 339.0|
| Episode: 246 | Epsilon:  0.17 | Reward:   2.0 | Average Reward: 1.290 | Steps: 52682 | Total Reward: 341.0|
| Episode: 247 | Epsilon:  0.17 | Reward:   1.0 | Average Reward: 1.290 | Steps: 52873 | Total Reward: 342.0|
| Episode: 248 | Epsilon:  0.17 | Reward:   2.0 | Average Reward: 1.300 | Steps: 53103 | Total Reward: 344.0|
| Episode: 249 | Epsilon:  0.17 | Reward:   1.0 | Average Reward: 1.240 | Steps: 53297 | Total Reward: 345.0|
| Episode: 250 | Epsilon:  0.17 | Reward:   1.0 | Average Reward: 1.250 | Steps: 53493 | Total Reward: 346.0|
| Episode: 251 | Epsilon:  0.17 | Reward:   1.0 | Average Reward: 1.240 | Steps: 53683 | Total Reward: 347.0|
| Episode: 252 | Epsilon:  0.16 | Reward:   2.0 | Average Reward: 1.250 | Steps: 53911 | Total Reward: 349.0|
| Episode: 253 | Epsilon:  0.16 | Reward:   0.0 | Average Reward: 1.230 | Steps: 54070 | Total Reward: 349.0|
| Episode: 254 | Epsilon:  0.16 | Reward:   7.0 | Average Reward: 1.290 | Steps: 54555 | Total Reward: 356.0|
| Episode: 255 | Epsilon:  0.16 | Reward:   3.0 | Average Reward: 1.300 | Steps: 54837 | Total Reward: 359.0|
| Episode: 256 | Epsilon:  0.16 | Reward:   2.0 | Average Reward: 1.300 | Steps: 55063 | Total Reward: 361.0|
| Episode: 257 | Epsilon:  0.16 | Reward:   2.0 | Average Reward: 1.300 | Steps: 55294 | Total Reward: 363.0|
| Episode: 258 | Epsilon:  0.16 | Reward:   3.0 | Average Reward: 1.310 | Steps: 55573 | Total Reward: 366.0|
| Episode: 259 | Epsilon:  0.16 | Reward:   3.0 | Average Reward: 1.330 | Steps: 55857 | Total Reward: 369.0|
| Episode: 260 | Epsilon:  0.16 | Reward:   0.0 | Average Reward: 1.320 | Steps: 56014 | Total Reward: 369.0|
| Episode: 261 | Epsilon:  0.16 | Reward:   1.0 | Average Reward: 1.310 | Steps: 56206 | Total Reward: 370.0|
| Episode: 262 | Epsilon:  0.16 | Reward:   2.0 | Average Reward: 1.310 | Steps: 56431 | Total Reward: 372.0|
| Episode: 263 | Epsilon:  0.16 | Reward:   0.0 | Average Reward: 1.300 | Steps: 56586 | Total Reward: 372.0|
| Episode: 264 | Epsilon:  0.16 | Reward:   1.0 | Average Reward: 1.290 | Steps: 56782 | Total Reward: 373.0|
| Episode: 265 | Epsilon:  0.16 | Reward:   1.0 | Average Reward: 1.270 | Steps: 56972 | Total Reward: 374.0|
| Episode: 266 | Epsilon:  0.16 | Reward:   0.0 | Average Reward: 1.260 | Steps: 57125 | Total Reward: 374.0|
| Episode: 267 | Epsilon:  0.16 | Reward:   0.0 | Average Reward: 1.250 | Steps: 57279 | Total Reward: 374.0|
| Episode: 268 | Epsilon:  0.15 | Reward:   1.0 | Average Reward: 1.260 | Steps: 57472 | Total Reward: 375.0|
| Episode: 269 | Epsilon:  0.15 | Reward:   0.0 | Average Reward: 1.250 | Steps: 57625 | Total Reward: 375.0|
| Episode: 270 | Epsilon:  0.15 | Reward:   0.0 | Average Reward: 1.240 | Steps: 57782 | Total Reward: 375.0|
| Episode: 271 | Epsilon:  0.15 | Reward:   1.0 | Average Reward: 1.250 | Steps: 58051 | Total Reward: 376.0|
| Episode: 272 | Epsilon:  0.15 | Reward:   1.0 | Average Reward: 1.250 | Steps: 58236 | Total Reward: 377.0|
| Episode: 273 | Epsilon:  0.15 | Reward:   0.0 | Average Reward: 1.250 | Steps: 58392 | Total Reward: 377.0|
| Episode: 274 | Epsilon:  0.15 | Reward:   3.0 | Average Reward: 1.260 | Steps: 58667 | Total Reward: 380.0|
| Episode: 275 | Epsilon:  0.15 | Reward:   0.0 | Average Reward: 1.240 | Steps: 58822 | Total Reward: 380.0|
| Episode: 276 | Epsilon:  0.15 | Reward:   0.0 | Average Reward: 1.230 | Steps: 58977 | Total Reward: 380.0|
| Episode: 277 | Epsilon:  0.15 | Reward:   2.0 | Average Reward: 1.230 | Steps: 59207 | Total Reward: 382.0|
| Episode: 278 | Epsilon:  0.15 | Reward:   0.0 | Average Reward: 1.210 | Steps: 59357 | Total Reward: 382.0|
| Episode: 279 | Epsilon:  0.15 | Reward:   0.0 | Average Reward: 1.210 | Steps: 59512 | Total Reward: 382.0|
| Episode: 280 | Epsilon:  0.15 | Reward:   1.0 | Average Reward: 1.210 | Steps: 59708 | Total Reward: 383.0|
| Episode: 281 | Epsilon:  0.15 | Reward:   3.0 | Average Reward: 1.240 | Steps: 59980 | Total Reward: 386.0|
| Episode: 282 | Epsilon:  0.15 | Reward:   1.0 | Average Reward: 1.240 | Steps: 60170 | Total Reward: 387.0|
| Episode: 283 | Epsilon:  0.15 | Reward:   0.0 | Average Reward: 1.240 | Steps: 60319 | Total Reward: 387.0|
| Episode: 284 | Epsilon:  0.15 | Reward:   1.0 | Average Reward: 1.250 | Steps: 60512 | Total Reward: 388.0|
| Episode: 285 | Epsilon:  0.15 | Reward:   3.0 | Average Reward: 1.270 | Steps: 60791 | Total Reward: 391.0|
| Episode: 286 | Epsilon:  0.15 | Reward:   1.0 | Average Reward: 1.280 | Steps: 60981 | Total Reward: 392.0|
| Episode: 287 | Epsilon:  0.15 | Reward:   0.0 | Average Reward: 1.280 | Steps: 61136 | Total Reward: 392.0|
| Episode: 288 | Epsilon:  0.14 | Reward:   5.0 | Average Reward: 1.310 | Steps: 61540 | Total Reward: 397.0|
| Episode: 289 | Epsilon:  0.14 | Reward:   1.0 | Average Reward: 1.310 | Steps: 61724 | Total Reward: 398.0|
| Episode: 290 | Epsilon:  0.14 | Reward:   3.0 | Average Reward: 1.330 | Steps: 62004 | Total Reward: 401.0|
| Episode: 291 | Epsilon:  0.14 | Reward:   2.0 | Average Reward: 1.340 | Steps: 62269 | Total Reward: 403.0|
| Episode: 292 | Epsilon:  0.14 | Reward:   2.0 | Average Reward: 1.340 | Steps: 62496 | Total Reward: 405.0|
| Episode: 293 | Epsilon:  0.14 | Reward:   1.0 | Average Reward: 1.340 | Steps: 62688 | Total Reward: 406.0|
| Episode: 294 | Epsilon:  0.14 | Reward:   2.0 | Average Reward: 1.340 | Steps: 62916 | Total Reward: 408.0|
| Episode: 295 | Epsilon:  0.14 | Reward:   0.0 | Average Reward: 1.320 | Steps: 63074 | Total Reward: 408.0|
| Episode: 296 | Epsilon:  0.14 | Reward:   0.0 | Average Reward: 1.310 | Steps: 63224 | Total Reward: 408.0|
| Episode: 297 | Epsilon:  0.14 | Reward:   1.0 | Average Reward: 1.320 | Steps: 63418 | Total Reward: 409.0|
| Episode: 298 | Epsilon:  0.14 | Reward:   1.0 | Average Reward: 1.320 | Steps: 63614 | Total Reward: 410.0|
| Episode: 299 | Epsilon:  0.14 | Reward:   1.0 | Average Reward: 1.330 | Steps: 63803 | Total Reward: 411.0|
| Episode: 300 | Epsilon:  0.14 | Reward:   2.0 | Average Reward: 1.350 | Steps: 64059 | Total Reward: 413.0|
| Episode: 301 | Epsilon:  0.14 | Reward:   1.0 | Average Reward: 1.350 | Steps: 64249 | Total Reward: 414.0|
| Episode: 302 | Epsilon:  0.14 | Reward:   1.0 | Average Reward: 1.340 | Steps: 64442 | Total Reward: 415.0|
| Episode: 303 | Epsilon:  0.14 | Reward:   2.0 | Average Reward: 1.340 | Steps: 64678 | Total Reward: 417.0|
| Episode: 304 | Epsilon:  0.14 | Reward:   1.0 | Average Reward: 1.340 | Steps: 64873 | Total Reward: 418.0|
| Episode: 305 | Epsilon:  0.14 | Reward:   2.0 | Average Reward: 1.340 | Steps: 65104 | Total Reward: 420.0|
| Episode: 306 | Epsilon:  0.14 | Reward:   2.0 | Average Reward: 1.350 | Steps: 65340 | Total Reward: 422.0|
| Episode: 307 | Epsilon:  0.14 | Reward:   0.0 | Average Reward: 1.340 | Steps: 65493 | Total Reward: 422.0|
| Episode: 308 | Epsilon:  0.14 | Reward:   2.0 | Average Reward: 1.330 | Steps: 65729 | Total Reward: 424.0|
| Episode: 309 | Epsilon:  0.14 | Reward:   0.0 | Average Reward: 1.310 | Steps: 65882 | Total Reward: 424.0|
| Episode: 310 | Epsilon:  0.14 | Reward:   3.0 | Average Reward: 1.330 | Steps: 66159 | Total Reward: 427.0|
| Episode: 311 | Epsilon:  0.14 | Reward:   0.0 | Average Reward: 1.320 | Steps: 66309 | Total Reward: 427.0|
| Episode: 312 | Epsilon:  0.14 | Reward:   0.0 | Average Reward: 1.310 | Steps: 66467 | Total Reward: 427.0|
| Episode: 313 | Epsilon:  0.14 | Reward:   3.0 | Average Reward: 1.330 | Steps: 66744 | Total Reward: 430.0|
| Episode: 314 | Epsilon:  0.13 | Reward:   2.0 | Average Reward: 1.330 | Steps: 66979 | Total Reward: 432.0|
| Episode: 315 | Epsilon:  0.13 | Reward:   1.0 | Average Reward: 1.330 | Steps: 67175 | Total Reward: 433.0|
| Episode: 316 | Epsilon:  0.13 | Reward:   0.0 | Average Reward: 1.320 | Steps: 67328 | Total Reward: 433.0|
| Episode: 317 | Epsilon:  0.13 | Reward:   1.0 | Average Reward: 1.320 | Steps: 67517 | Total Reward: 434.0|
| Episode: 318 | Epsilon:  0.13 | Reward:   1.0 | Average Reward: 1.310 | Steps: 67706 | Total Reward: 435.0|
| Episode: 319 | Epsilon:  0.13 | Reward:   2.0 | Average Reward: 1.300 | Steps: 67935 | Total Reward: 437.0|
| Episode: 320 | Epsilon:  0.13 | Reward:   1.0 | Average Reward: 1.290 | Steps: 68135 | Total Reward: 438.0|
| Episode: 321 | Epsilon:  0.13 | Reward:   1.0 | Average Reward: 1.280 | Steps: 68328 | Total Reward: 439.0|
| Episode: 322 | Epsilon:  0.13 | Reward:   1.0 | Average Reward: 1.280 | Steps: 68521 | Total Reward: 440.0|
| Episode: 323 | Epsilon:  0.13 | Reward:   1.0 | Average Reward: 1.280 | Steps: 68707 | Total Reward: 441.0|
| Episode: 324 | Epsilon:  0.13 | Reward:   1.0 | Average Reward: 1.290 | Steps: 68903 | Total Reward: 442.0|
| Episode: 325 | Epsilon:  0.13 | Reward:   2.0 | Average Reward: 1.300 | Steps: 69131 | Total Reward: 444.0|
| Episode: 326 | Epsilon:  0.13 | Reward:   2.0 | Average Reward: 1.320 | Steps: 69365 | Total Reward: 446.0|
| Episode: 327 | Epsilon:  0.13 | Reward:   2.0 | Average Reward: 1.310 | Steps: 69600 | Total Reward: 448.0|
| Episode: 328 | Epsilon:  0.13 | Reward:   1.0 | Average Reward: 1.310 | Steps: 69787 | Total Reward: 449.0|
| Episode: 329 | Epsilon:  0.13 | Reward:   1.0 | Average Reward: 1.310 | Steps: 69983 | Total Reward: 450.0|
| Episode: 330 | Epsilon:  0.13 | Reward:   0.0 | Average Reward: 1.310 | Steps: 70140 | Total Reward: 450.0|
| Episode: 331 | Epsilon:  0.13 | Reward:   2.0 | Average Reward: 1.310 | Steps: 70368 | Total Reward: 452.0|
| Episode: 332 | Epsilon:  0.13 | Reward:   1.0 | Average Reward: 1.310 | Steps: 70564 | Total Reward: 453.0|
| Episode: 334 | Epsilon:  0.13 | Reward:   3.0 | Average Reward: 1.310 | Steps: 71038 | Total Reward: 457.0|
| Episode: 335 | Epsilon:  0.13 | Reward:   2.0 | Average Reward: 1.330 | Steps: 71268 | Total Reward: 459.0|
| Episode: 336 | Epsilon:  0.13 | Reward:   2.0 | Average Reward: 1.340 | Steps: 71504 | Total Reward: 461.0|
| Episode: 337 | Epsilon:  0.13 | Reward:   2.0 | Average Reward: 1.350 | Steps: 71742 | Total Reward: 463.0|
| Episode: 338 | Epsilon:  0.13 | Reward:   2.0 | Average Reward: 1.350 | Steps: 71973 | Total Reward: 465.0|
| Episode: 339 | Epsilon:  0.13 | Reward:   0.0 | Average Reward: 1.350 | Steps: 72126 | Total Reward: 465.0|
| Episode: 340 | Epsilon:  0.13 | Reward:   2.0 | Average Reward: 1.350 | Steps: 72358 | Total Reward: 467.0|
| Episode: 341 | Epsilon:  0.13 | Reward:   2.0 | Average Reward: 1.360 | Steps: 72594 | Total Reward: 469.0|
| Episode: 342 | Epsilon:  0.13 | Reward:   0.0 | Average Reward: 1.350 | Steps: 72747 | Total Reward: 469.0|
| Episode: 343 | Epsilon:  0.13 | Reward:   0.0 | Average Reward: 1.330 | Steps: 72904 | Total Reward: 469.0|
| Episode: 344 | Epsilon:  0.13 | Reward:   0.0 | Average Reward: 1.320 | Steps: 73065 | Total Reward: 469.0|
| Episode: 345 | Epsilon:  0.13 | Reward:   1.0 | Average Reward: 1.310 | Steps: 73249 | Total Reward: 470.0|
| Episode: 346 | Epsilon:  0.13 | Reward:   3.0 | Average Reward: 1.320 | Steps: 73527 | Total Reward: 473.0|
| Episode: 347 | Epsilon:  0.12 | Reward:   1.0 | Average Reward: 1.320 | Steps: 73722 | Total Reward: 474.0|
| Episode: 348 | Epsilon:  0.12 | Reward:   1.0 | Average Reward: 1.310 | Steps: 73910 | Total Reward: 475.0|
| Episode: 349 | Epsilon:  0.12 | Reward:   2.0 | Average Reward: 1.320 | Steps: 74148 | Total Reward: 477.0|
| Episode: 350 | Epsilon:  0.12 | Reward:   0.0 | Average Reward: 1.310 | Steps: 74300 | Total Reward: 477.0|
| Episode: 351 | Epsilon:  0.12 | Reward:   2.0 | Average Reward: 1.320 | Steps: 74531 | Total Reward: 479.0|
| Episode: 352 | Epsilon:  0.12 | Reward:   3.0 | Average Reward: 1.330 | Steps: 74807 | Total Reward: 482.0|
| Episode: 353 | Epsilon:  0.12 | Reward:   1.0 | Average Reward: 1.340 | Steps: 75000 | Total Reward: 483.0|
| Episode: 354 | Epsilon:  0.12 | Reward:   0.0 | Average Reward: 1.270 | Steps: 75156 | Total Reward: 483.0|
| Episode: 355 | Epsilon:  0.12 | Reward:   1.0 | Average Reward: 1.250 | Steps: 75349 | Total Reward: 484.0|
| Episode: 356 | Epsilon:  0.12 | Reward:   0.0 | Average Reward: 1.230 | Steps: 75504 | Total Reward: 484.0|
| Episode: 357 | Epsilon:  0.12 | Reward:   2.0 | Average Reward: 1.230 | Steps: 75747 | Total Reward: 486.0|
| Episode: 358 | Epsilon:  0.12 | Reward:   2.0 | Average Reward: 1.220 | Steps: 75979 | Total Reward: 488.0|
| Episode: 359 | Epsilon:  0.12 | Reward:   2.0 | Average Reward: 1.210 | Steps: 76211 | Total Reward: 490.0|
| Episode: 360 | Epsilon:  0.12 | Reward:   1.0 | Average Reward: 1.220 | Steps: 76404 | Total Reward: 491.0|
| Episode: 361 | Epsilon:  0.12 | Reward:   2.0 | Average Reward: 1.230 | Steps: 76640 | Total Reward: 493.0|
| Episode: 362 | Epsilon:  0.12 | Reward:   2.0 | Average Reward: 1.230 | Steps: 76879 | Total Reward: 495.0|
| Episode: 363 | Epsilon:  0.12 | Reward:   2.0 | Average Reward: 1.250 | Steps: 77109 | Total Reward: 497.0|
| Episode: 364 | Epsilon:  0.12 | Reward:   1.0 | Average Reward: 1.250 | Steps: 77301 | Total Reward: 498.0|
| Episode: 365 | Epsilon:  0.12 | Reward:   2.0 | Average Reward: 1.260 | Steps: 77538 | Total Reward: 500.0|
| Episode: 366 | Epsilon:  0.12 | Reward:   1.0 | Average Reward: 1.270 | Steps: 77735 | Total Reward: 501.0|
| Episode: 367 | Epsilon:  0.12 | Reward:   1.0 | Average Reward: 1.280 | Steps: 77930 | Total Reward: 502.0|
| Episode: 368 | Epsilon:  0.12 | Reward:   1.0 | Average Reward: 1.280 | Steps: 78127 | Total Reward: 503.0|
| Episode: 369 | Epsilon:  0.12 | Reward:   1.0 | Average Reward: 1.290 | Steps: 78323 | Total Reward: 504.0|
| Episode: 370 | Epsilon:  0.12 | Reward:   1.0 | Average Reward: 1.300 | Steps: 78519 | Total Reward: 505.0|
| Episode: 371 | Epsilon:  0.12 | Reward:   1.0 | Average Reward: 1.300 | Steps: 78709 | Total Reward: 506.0|
| Episode: 372 | Epsilon:  0.12 | Reward:   1.0 | Average Reward: 1.300 | Steps: 78894 | Total Reward: 507.0|
| Episode: 373 | Epsilon:  0.12 | Reward:   3.0 | Average Reward: 1.330 | Steps: 79198 | Total Reward: 510.0|
| Episode: 374 | Epsilon:  0.12 | Reward:   1.0 | Average Reward: 1.310 | Steps: 79383 | Total Reward: 511.0|
| Episode: 375 | Epsilon:  0.12 | Reward:   1.0 | Average Reward: 1.320 | Steps: 79579 | Total Reward: 512.0|
| Episode: 376 | Epsilon:  0.12 | Reward:   0.0 | Average Reward: 1.320 | Steps: 79730 | Total Reward: 512.0|
| Episode: 377 | Epsilon:  0.12 | Reward:   2.0 | Average Reward: 1.320 | Steps: 79974 | Total Reward: 514.0|
| Episode: 378 | Epsilon:  0.12 | Reward:   3.0 | Average Reward: 1.350 | Steps: 80250 | Total Reward: 517.0|
| Episode: 379 | Epsilon:  0.12 | Reward:   2.0 | Average Reward: 1.370 | Steps: 80479 | Total Reward: 519.0|
| Episode: 380 | Epsilon:  0.12 | Reward:   1.0 | Average Reward: 1.370 | Steps: 80667 | Total Reward: 520.0|
| Episode: 381 | Epsilon:  0.12 | Reward:   1.0 | Average Reward: 1.350 | Steps: 80857 | Total Reward: 521.0|
| Episode: 382 | Epsilon:  0.12 | Reward:   0.0 | Average Reward: 1.340 | Steps: 81008 | Total Reward: 521.0|
| Episode: 383 | Epsilon:  0.12 | Reward:   1.0 | Average Reward: 1.350 | Steps: 81197 | Total Reward: 522.0|
| Episode: 384 | Epsilon:  0.12 | Reward:   3.0 | Average Reward: 1.370 | Steps: 81502 | Total Reward: 525.0|
| Episode: 385 | Epsilon:  0.12 | Reward:   1.0 | Average Reward: 1.350 | Steps: 81702 | Total Reward: 526.0|
| Episode: 386 | Epsilon:  0.12 | Reward:   2.0 | Average Reward: 1.360 | Steps: 81935 | Total Reward: 528.0|
| Episode: 387 | Epsilon:  0.12 | Reward:   0.0 | Average Reward: 1.360 | Steps: 82092 | Total Reward: 528.0|
| Episode: 388 | Epsilon:  0.12 | Reward:   1.0 | Average Reward: 1.320 | Steps: 82286 | Total Reward: 529.0|
| Episode: 389 | Epsilon:  0.12 | Reward:   1.0 | Average Reward: 1.320 | Steps: 82474 | Total Reward: 530.0|
| Episode: 390 | Epsilon:  0.12 | Reward:   0.0 | Average Reward: 1.290 | Steps: 82632 | Total Reward: 530.0|
| Episode: 391 | Epsilon:  0.12 | Reward:   1.0 | Average Reward: 1.280 | Steps: 82824 | Total Reward: 531.0|
| Episode: 392 | Epsilon:  0.12 | Reward:   2.0 | Average Reward: 1.280 | Steps: 83060 | Total Reward: 533.0|
