+------------------------+----------------------------+--------------------+
|                        |     Supported Features     |  Program Commands  |
+========================+============================+====================+
| Compatible Layers      | Hopfield Layer,            | hopfield,          |
|                        | HopfieldLayer Layer,       | hopfield_layer,    |
|                        | HopfieldPooling Layer,     | hopfield_pooling,  |
|                        | LSTM,                      | lstm,              |
|                        | GRU                        | gru                |
+------------------------+----------------------------+--------------------+
| Supported Loss Metrics | Huber Loss,                | huber,             |
|                        | Mean Absolute Error Loss,  | mae,               |
|                        | Mean Squared Error Loss,   | mse,               |
|                        | SmoothL1 Loss              | smooth_l1          |
+------------------------+----------------------------+--------------------+
| Supported Optimizers   | RMSprop (default),         | rmsprop,           |
|                        | AdamW,                     | adam,              |
|                        | Adam,                      | adamW,             |
|                        | SGD                        |  sgd               |
+------------------------+----------------------------+--------------------+
+------------------------------+------------------------------------------+
|          Parameter           |                  Value                   |
+==============================+==========================================+
| Layer Type:                  | gru                                      |
+------------------------------+------------------------------------------+
| Loss Metric:                 | mse                                      |
+------------------------------+------------------------------------------+
| Sequence Length:             | 20                                       |
+------------------------------+------------------------------------------+
| Learning Rate:               | 0.000                                    |
+------------------------------+------------------------------------------+
| Target Update Steps:         | 100                                      |
+------------------------------+------------------------------------------+
| Optimizer:                   | rmsprop                                  |
+------------------------------+------------------------------------------+
| Weight Decay:                | 0                                        |
+------------------------------+------------------------------------------+
| Hopfield Inverse Temperature | 0.100                                    |
+------------------------------+------------------------------------------+
| Scale Q-values with lr       | False                                    |
+------------------------------+------------------------------------------+
| Hard or Soft Update          | True                                     |
+------------------------------+------------------------------------------+
| Polyak Factor                | None                                     |
+------------------------------+------------------------------------------+
| Make POMDP                   | Train: False, Hidden dims: [1], mask     |
|                              | Evaluation: True, Hidden dims: [1], mask |
+------------------------------+------------------------------------------+
---------------
| TRAINING... |
---------------
| Episode:   1 | Epsilon:  0.89 | Reward:   0.0 | Average Reward: 0.000 | Steps:   153 | Total Reward:   0.0|
| Episode:   2 | Epsilon:  0.89 | Reward:   0.0 | Average Reward: 0.000 | Steps:   306 | Total Reward:   0.0|
| Episode:   3 | Epsilon:  0.88 | Reward:   2.0 | Average Reward: 0.667 | Steps:   558 | Total Reward:   2.0|
| Episode:   4 | Epsilon:  0.87 | Reward:   0.0 | Average Reward: 0.500 | Steps:   714 | Total Reward:   2.0|
| Episode:   5 | Epsilon:  0.86 | Reward:   2.0 | Average Reward: 0.800 | Steps:   943 | Total Reward:   4.0|
| Episode:   6 | Epsilon:  0.85 | Reward:   0.0 | Average Reward: 0.667 | Steps:  1093 | Total Reward:   4.0|
| Episode:   7 | Epsilon:  0.85 | Reward:   0.0 | Average Reward: 0.571 | Steps:  1246 | Total Reward:   4.0|
| Episode:   8 | Epsilon:  0.84 | Reward:   1.0 | Average Reward: 0.625 | Steps:  1463 | Total Reward:   5.0|
| Episode:   9 | Epsilon:  0.83 | Reward:   3.0 | Average Reward: 0.889 | Steps:  1810 | Total Reward:   8.0|
| Episode:  10 | Epsilon:  0.83 | Reward:   0.0 | Average Reward: 0.800 | Steps:  1961 | Total Reward:   8.0|
| Episode:  11 | Epsilon:  0.82 | Reward:   2.0 | Average Reward: 0.909 | Steps:  2209 | Total Reward:  10.0|
| Episode:  12 | Epsilon:  0.81 | Reward:   2.0 | Average Reward: 1.000 | Steps:  2490 | Total Reward:  12.0|
| Episode:  13 | Epsilon:  0.80 | Reward:   1.0 | Average Reward: 1.000 | Steps:  2675 | Total Reward:  13.0|
| Episode:  14 | Epsilon:  0.80 | Reward:   3.0 | Average Reward: 1.143 | Steps:  2966 | Total Reward:  16.0|
| Episode:  15 | Epsilon:  0.79 | Reward:   2.0 | Average Reward: 1.200 | Steps:  3189 | Total Reward:  18.0|
| Episode:  16 | Epsilon:  0.78 | Reward:   1.0 | Average Reward: 1.188 | Steps:  3379 | Total Reward:  19.0|
| Episode:  17 | Epsilon:  0.78 | Reward:   1.0 | Average Reward: 1.176 | Steps:  3560 | Total Reward:  20.0|
| Episode:  18 | Epsilon:  0.77 | Reward:   2.0 | Average Reward: 1.222 | Steps:  3788 | Total Reward:  22.0|
| Episode:  19 | Epsilon:  0.76 | Reward:   1.0 | Average Reward: 1.211 | Steps:  4003 | Total Reward:  23.0|
| Episode:  20 | Epsilon:  0.76 | Reward:   2.0 | Average Reward: 1.250 | Steps:  4267 | Total Reward:  25.0|
| Episode:  21 | Epsilon:  0.75 | Reward:   6.0 | Average Reward: 1.476 | Steps:  4786 | Total Reward:  31.0|
| Episode:  22 | Epsilon:  0.74 | Reward:   1.0 | Average Reward: 1.455 | Steps:  4981 | Total Reward:  32.0|
| Episode:  23 | Epsilon:  0.74 | Reward:   1.0 | Average Reward: 1.435 | Steps:  5165 | Total Reward:  33.0|
| Episode:  24 | Epsilon:  0.73 | Reward:   0.0 | Average Reward: 1.375 | Steps:  5315 | Total Reward:  33.0|
| Episode:  25 | Epsilon:  0.72 | Reward:   3.0 | Average Reward: 1.440 | Steps:  5640 | Total Reward:  36.0|
| Episode:  26 | Epsilon:  0.72 | Reward:   0.0 | Average Reward: 1.385 | Steps:  5797 | Total Reward:  36.0|
| Episode:  27 | Epsilon:  0.71 | Reward:   1.0 | Average Reward: 1.370 | Steps:  5989 | Total Reward:  37.0|
| Episode:  28 | Epsilon:  0.71 | Reward:   0.0 | Average Reward: 1.321 | Steps:  6142 | Total Reward:  37.0|
| Episode:  29 | Epsilon:  0.70 | Reward:   0.0 | Average Reward: 1.276 | Steps:  6291 | Total Reward:  37.0|
| Episode:  30 | Epsilon:  0.69 | Reward:   2.0 | Average Reward: 1.300 | Steps:  6545 | Total Reward:  39.0|
| Episode:  31 | Epsilon:  0.69 | Reward:   3.0 | Average Reward: 1.355 | Steps:  6814 | Total Reward:  42.0|
| Episode:  32 | Epsilon:  0.68 | Reward:   1.0 | Average Reward: 1.344 | Steps:  7005 | Total Reward:  43.0|
| Episode:  33 | Epsilon:  0.68 | Reward:   3.0 | Average Reward: 1.394 | Steps:  7297 | Total Reward:  46.0|
| Episode:  34 | Epsilon:  0.67 | Reward:   3.0 | Average Reward: 1.441 | Steps:  7610 | Total Reward:  49.0|
| Episode:  35 | Epsilon:  0.66 | Reward:   1.0 | Average Reward: 1.429 | Steps:  7808 | Total Reward:  50.0|
| Episode:  36 | Epsilon:  0.66 | Reward:   2.0 | Average Reward: 1.444 | Steps:  8063 | Total Reward:  52.0|
| Episode:  37 | Epsilon:  0.65 | Reward:   1.0 | Average Reward: 1.432 | Steps:  8283 | Total Reward:  53.0|
| Episode:  38 | Epsilon:  0.65 | Reward:   3.0 | Average Reward: 1.474 | Steps:  8565 | Total Reward:  56.0|
| Episode:  39 | Epsilon:  0.64 | Reward:   0.0 | Average Reward: 1.436 | Steps:  8733 | Total Reward:  56.0|
| Episode:  40 | Epsilon:  0.64 | Reward:   0.0 | Average Reward: 1.400 | Steps:  8884 | Total Reward:  56.0|
| Episode:  41 | Epsilon:  0.63 | Reward:   1.0 | Average Reward: 1.390 | Steps:  9074 | Total Reward:  57.0|
| Episode:  42 | Epsilon:  0.63 | Reward:   2.0 | Average Reward: 1.405 | Steps:  9298 | Total Reward:  59.0|
| Episode:  43 | Epsilon:  0.62 | Reward:   2.0 | Average Reward: 1.419 | Steps:  9547 | Total Reward:  61.0|
| Episode:  44 | Epsilon:  0.62 | Reward:   1.0 | Average Reward: 1.409 | Steps:  9736 | Total Reward:  62.0|
| Episode:  45 | Epsilon:  0.61 | Reward:   1.0 | Average Reward: 1.400 | Steps:  9955 | Total Reward:  63.0|
| Episode:  46 | Epsilon:  0.61 | Reward:   0.0 | Average Reward: 1.370 | Steps: 10121 | Total Reward:  63.0|
| Episode:  47 | Epsilon:  0.60 | Reward:   3.0 | Average Reward: 1.404 | Steps: 10424 | Total Reward:  66.0|
| Episode:  48 | Epsilon:  0.60 | Reward:   3.0 | Average Reward: 1.438 | Steps: 10694 | Total Reward:  69.0|
| Episode:  49 | Epsilon:  0.59 | Reward:   1.0 | Average Reward: 1.429 | Steps: 10910 | Total Reward:  70.0|
| Episode:  50 | Epsilon:  0.59 | Reward:   1.0 | Average Reward: 1.420 | Steps: 11095 | Total Reward:  71.0|
| Episode:  51 | Epsilon:  0.58 | Reward:   1.0 | Average Reward: 1.412 | Steps: 11283 | Total Reward:  72.0|
| Episode:  52 | Epsilon:  0.58 | Reward:   1.0 | Average Reward: 1.404 | Steps: 11481 | Total Reward:  73.0|
| Episode:  53 | Epsilon:  0.57 | Reward:   0.0 | Average Reward: 1.377 | Steps: 11631 | Total Reward:  73.0|
| Episode:  54 | Epsilon:  0.57 | Reward:   2.0 | Average Reward: 1.389 | Steps: 11858 | Total Reward:  75.0|
| Episode:  55 | Epsilon:  0.56 | Reward:   0.0 | Average Reward: 1.364 | Steps: 12013 | Total Reward:  75.0|
| Episode:  56 | Epsilon:  0.56 | Reward:   1.0 | Average Reward: 1.357 | Steps: 12202 | Total Reward:  76.0|
| Episode:  57 | Epsilon:  0.55 | Reward:   0.0 | Average Reward: 1.333 | Steps: 12357 | Total Reward:  76.0|
| Episode:  58 | Epsilon:  0.55 | Reward:   0.0 | Average Reward: 1.310 | Steps: 12510 | Total Reward:  76.0|
| Episode:  59 | Epsilon:  0.54 | Reward:   2.0 | Average Reward: 1.322 | Steps: 12803 | Total Reward:  78.0|
| Episode:  60 | Epsilon:  0.54 | Reward:   1.0 | Average Reward: 1.317 | Steps: 13000 | Total Reward:  79.0|
| Episode:  61 | Epsilon:  0.54 | Reward:   1.0 | Average Reward: 1.311 | Steps: 13185 | Total Reward:  80.0|
| Episode:  62 | Epsilon:  0.53 | Reward:   0.0 | Average Reward: 1.290 | Steps: 13334 | Total Reward:  80.0|
| Episode:  63 | Epsilon:  0.53 | Reward:   0.0 | Average Reward: 1.270 | Steps: 13492 | Total Reward:  80.0|
| Episode:  64 | Epsilon:  0.52 | Reward:   1.0 | Average Reward: 1.266 | Steps: 13686 | Total Reward:  81.0|
| Episode:  65 | Epsilon:  0.52 | Reward:   0.0 | Average Reward: 1.246 | Steps: 13841 | Total Reward:  81.0|
| Episode:  66 | Epsilon:  0.51 | Reward:   2.0 | Average Reward: 1.258 | Steps: 14095 | Total Reward:  83.0|
| Episode:  67 | Epsilon:  0.51 | Reward:   2.0 | Average Reward: 1.269 | Steps: 14353 | Total Reward:  85.0|
| Episode:  68 | Epsilon:  0.51 | Reward:   1.0 | Average Reward: 1.265 | Steps: 14545 | Total Reward:  86.0|
| Episode:  69 | Epsilon:  0.50 | Reward:   2.0 | Average Reward: 1.275 | Steps: 14786 | Total Reward:  88.0|
| Episode:  70 | Epsilon:  0.50 | Reward:   0.0 | Average Reward: 1.257 | Steps: 14945 | Total Reward:  88.0|
| Episode:  71 | Epsilon:  0.49 | Reward:   1.0 | Average Reward: 1.254 | Steps: 15137 | Total Reward:  89.0|
| Episode:  72 | Epsilon:  0.49 | Reward:   1.0 | Average Reward: 1.250 | Steps: 15327 | Total Reward:  90.0|
| Episode:  73 | Epsilon:  0.49 | Reward:   2.0 | Average Reward: 1.260 | Steps: 15553 | Total Reward:  92.0|
| Episode:  74 | Epsilon:  0.48 | Reward:   1.0 | Average Reward: 1.257 | Steps: 15742 | Total Reward:  93.0|
| Episode:  75 | Epsilon:  0.48 | Reward:   1.0 | Average Reward: 1.253 | Steps: 15933 | Total Reward:  94.0|
| Episode:  76 | Epsilon:  0.47 | Reward:   1.0 | Average Reward: 1.250 | Steps: 16125 | Total Reward:  95.0|
| Episode:  77 | Epsilon:  0.47 | Reward:   1.0 | Average Reward: 1.247 | Steps: 16315 | Total Reward:  96.0|
| Episode:  78 | Epsilon:  0.47 | Reward:   2.0 | Average Reward: 1.256 | Steps: 16549 | Total Reward:  98.0|
| Episode:  79 | Epsilon:  0.46 | Reward:   1.0 | Average Reward: 1.253 | Steps: 16743 | Total Reward:  99.0|
| Episode:  80 | Epsilon:  0.46 | Reward:   1.0 | Average Reward: 1.250 | Steps: 16932 | Total Reward: 100.0|
| Episode:  81 | Epsilon:  0.46 | Reward:   0.0 | Average Reward: 1.235 | Steps: 17083 | Total Reward: 100.0|
| Episode:  82 | Epsilon:  0.45 | Reward:   1.0 | Average Reward: 1.232 | Steps: 17273 | Total Reward: 101.0|
| Episode:  83 | Epsilon:  0.45 | Reward:   1.0 | Average Reward: 1.229 | Steps: 17465 | Total Reward: 102.0|
| Episode:  84 | Epsilon:  0.45 | Reward:   0.0 | Average Reward: 1.214 | Steps: 17624 | Total Reward: 102.0|
| Episode:  85 | Epsilon:  0.44 | Reward:   1.0 | Average Reward: 1.212 | Steps: 17817 | Total Reward: 103.0|
| Episode:  86 | Epsilon:  0.44 | Reward:   2.0 | Average Reward: 1.221 | Steps: 18048 | Total Reward: 105.0|
| Episode:  87 | Epsilon:  0.44 | Reward:   0.0 | Average Reward: 1.207 | Steps: 18201 | Total Reward: 105.0|
| Episode:  88 | Epsilon:  0.43 | Reward:   0.0 | Average Reward: 1.193 | Steps: 18357 | Total Reward: 105.0|
| Episode:  89 | Epsilon:  0.43 | Reward:   0.0 | Average Reward: 1.180 | Steps: 18512 | Total Reward: 105.0|
| Episode:  90 | Epsilon:  0.43 | Reward:   1.0 | Average Reward: 1.178 | Steps: 18699 | Total Reward: 106.0|
| Episode:  91 | Epsilon:  0.42 | Reward:   2.0 | Average Reward: 1.187 | Steps: 18931 | Total Reward: 108.0|
| Episode:  92 | Epsilon:  0.42 | Reward:   1.0 | Average Reward: 1.185 | Steps: 19120 | Total Reward: 109.0|
| Episode:  93 | Epsilon:  0.42 | Reward:   2.0 | Average Reward: 1.194 | Steps: 19352 | Total Reward: 111.0|
| Episode:  94 | Epsilon:  0.41 | Reward:   2.0 | Average Reward: 1.202 | Steps: 19573 | Total Reward: 113.0|
| Episode:  95 | Epsilon:  0.41 | Reward:   1.0 | Average Reward: 1.200 | Steps: 19828 | Total Reward: 114.0|
| Episode:  96 | Epsilon:  0.41 | Reward:   0.0 | Average Reward: 1.188 | Steps: 19980 | Total Reward: 114.0|
| Episode:  97 | Epsilon:  0.40 | Reward:   0.0 | Average Reward: 1.175 | Steps: 20131 | Total Reward: 114.0|
| Episode:  98 | Epsilon:  0.40 | Reward:   1.0 | Average Reward: 1.173 | Steps: 20335 | Total Reward: 115.0|
| Episode:  99 | Epsilon:  0.40 | Reward:   1.0 | Average Reward: 1.172 | Steps: 20535 | Total Reward: 116.0|
| Episode: 100 | Epsilon:  0.39 | Reward:   2.0 | Average Reward: 1.180 | Steps: 20772 | Total Reward: 118.0|
| Episode: 101 | Epsilon:  0.39 | Reward:   0.0 | Average Reward: 1.180 | Steps: 20922 | Total Reward: 118.0|
| Episode: 102 | Epsilon:  0.39 | Reward:   0.0 | Average Reward: 1.180 | Steps: 21072 | Total Reward: 118.0|
| Episode: 103 | Epsilon:  0.39 | Reward:   0.0 | Average Reward: 1.160 | Steps: 21230 | Total Reward: 118.0|
| Episode: 104 | Epsilon:  0.38 | Reward:   2.0 | Average Reward: 1.180 | Steps: 21491 | Total Reward: 120.0|
| Episode: 105 | Epsilon:  0.38 | Reward:   1.0 | Average Reward: 1.170 | Steps: 21699 | Total Reward: 121.0|
| Episode: 106 | Epsilon:  0.38 | Reward:   5.0 | Average Reward: 1.220 | Steps: 22105 | Total Reward: 126.0|
| Episode: 107 | Epsilon:  0.37 | Reward:   2.0 | Average Reward: 1.240 | Steps: 22336 | Total Reward: 128.0|
| Episode: 108 | Epsilon:  0.37 | Reward:   1.0 | Average Reward: 1.240 | Steps: 22531 | Total Reward: 129.0|
| Episode: 109 | Epsilon:  0.37 | Reward:   0.0 | Average Reward: 1.210 | Steps: 22679 | Total Reward: 129.0|
| Episode: 110 | Epsilon:  0.37 | Reward:   2.0 | Average Reward: 1.230 | Steps: 22930 | Total Reward: 131.0|
| Episode: 111 | Epsilon:  0.36 | Reward:   0.0 | Average Reward: 1.210 | Steps: 23083 | Total Reward: 131.0|
| Episode: 112 | Epsilon:  0.36 | Reward:   0.0 | Average Reward: 1.190 | Steps: 23239 | Total Reward: 131.0|
| Episode: 113 | Epsilon:  0.36 | Reward:   0.0 | Average Reward: 1.180 | Steps: 23391 | Total Reward: 131.0|
| Episode: 114 | Epsilon:  0.36 | Reward:   1.0 | Average Reward: 1.160 | Steps: 23591 | Total Reward: 132.0|
| Episode: 115 | Epsilon:  0.35 | Reward:   0.0 | Average Reward: 1.140 | Steps: 23749 | Total Reward: 132.0|
| Episode: 116 | Epsilon:  0.35 | Reward:   1.0 | Average Reward: 1.140 | Steps: 23938 | Total Reward: 133.0|
| Episode: 117 | Epsilon:  0.35 | Reward:   1.0 | Average Reward: 1.140 | Steps: 24125 | Total Reward: 134.0|
| Episode: 118 | Epsilon:  0.35 | Reward:   1.0 | Average Reward: 1.130 | Steps: 24317 | Total Reward: 135.0|
| Episode: 119 | Epsilon:  0.34 | Reward:   2.0 | Average Reward: 1.140 | Steps: 24547 | Total Reward: 137.0|
| Episode: 120 | Epsilon:  0.34 | Reward:   1.0 | Average Reward: 1.130 | Steps: 24743 | Total Reward: 138.0|
| Episode: 121 | Epsilon:  0.34 | Reward:   2.0 | Average Reward: 1.090 | Steps: 24978 | Total Reward: 140.0|
| Episode: 122 | Epsilon:  0.34 | Reward:   1.0 | Average Reward: 1.090 | Steps: 25170 | Total Reward: 141.0|
| Episode: 123 | Epsilon:  0.33 | Reward:   1.0 | Average Reward: 1.090 | Steps: 25362 | Total Reward: 142.0|
| Episode: 124 | Epsilon:  0.33 | Reward:   0.0 | Average Reward: 1.090 | Steps: 25513 | Total Reward: 142.0|
| Episode: 125 | Epsilon:  0.33 | Reward:   2.0 | Average Reward: 1.080 | Steps: 25755 | Total Reward: 144.0|
| Episode: 126 | Epsilon:  0.33 | Reward:   0.0 | Average Reward: 1.080 | Steps: 25908 | Total Reward: 144.0|
| Episode: 127 | Epsilon:  0.33 | Reward:   1.0 | Average Reward: 1.080 | Steps: 26097 | Total Reward: 145.0|
| Episode: 128 | Epsilon:  0.32 | Reward:   1.0 | Average Reward: 1.090 | Steps: 26279 | Total Reward: 146.0|
| Episode: 129 | Epsilon:  0.32 | Reward:   1.0 | Average Reward: 1.100 | Steps: 26470 | Total Reward: 147.0|
| Episode: 130 | Epsilon:  0.32 | Reward:   0.0 | Average Reward: 1.080 | Steps: 26623 | Total Reward: 147.0|
| Episode: 131 | Epsilon:  0.32 | Reward:   0.0 | Average Reward: 1.050 | Steps: 26779 | Total Reward: 147.0|
| Episode: 132 | Epsilon:  0.31 | Reward:   2.0 | Average Reward: 1.060 | Steps: 27007 | Total Reward: 149.0|
| Episode: 133 | Epsilon:  0.31 | Reward:   3.0 | Average Reward: 1.060 | Steps: 27299 | Total Reward: 152.0|
| Episode: 134 | Epsilon:  0.31 | Reward:   1.0 | Average Reward: 1.040 | Steps: 27505 | Total Reward: 153.0|
| Episode: 135 | Epsilon:  0.31 | Reward:   0.0 | Average Reward: 1.030 | Steps: 27658 | Total Reward: 153.0|
| Episode: 136 | Epsilon:  0.31 | Reward:   2.0 | Average Reward: 1.030 | Steps: 27891 | Total Reward: 155.0|
| Episode: 137 | Epsilon:  0.30 | Reward:   2.0 | Average Reward: 1.040 | Steps: 28117 | Total Reward: 157.0|
| Episode: 138 | Epsilon:  0.30 | Reward:   0.0 | Average Reward: 1.010 | Steps: 28269 | Total Reward: 157.0|
| Episode: 139 | Epsilon:  0.30 | Reward:   2.0 | Average Reward: 1.030 | Steps: 28500 | Total Reward: 159.0|
| Episode: 140 | Epsilon:  0.30 | Reward:   1.0 | Average Reward: 1.040 | Steps: 28695 | Total Reward: 160.0|
| Episode: 141 | Epsilon:  0.30 | Reward:   0.0 | Average Reward: 1.030 | Steps: 28849 | Total Reward: 160.0|
| Episode: 142 | Epsilon:  0.29 | Reward:   1.0 | Average Reward: 1.020 | Steps: 29044 | Total Reward: 161.0|
| Episode: 143 | Epsilon:  0.29 | Reward:   1.0 | Average Reward: 1.010 | Steps: 29234 | Total Reward: 162.0|
| Episode: 144 | Epsilon:  0.29 | Reward:   0.0 | Average Reward: 1.000 | Steps: 29391 | Total Reward: 162.0|
| Episode: 145 | Epsilon:  0.29 | Reward:   1.0 | Average Reward: 1.000 | Steps: 29591 | Total Reward: 163.0|
| Episode: 146 | Epsilon:  0.29 | Reward:   1.0 | Average Reward: 1.010 | Steps: 29789 | Total Reward: 164.0|
| Episode: 147 | Epsilon:  0.28 | Reward:   4.0 | Average Reward: 1.020 | Steps: 30182 | Total Reward: 168.0|
| Episode: 148 | Epsilon:  0.28 | Reward:   1.0 | Average Reward: 1.000 | Steps: 30371 | Total Reward: 169.0|
| Episode: 149 | Epsilon:  0.28 | Reward:   2.0 | Average Reward: 1.010 | Steps: 30599 | Total Reward: 171.0|
| Episode: 150 | Epsilon:  0.28 | Reward:   1.0 | Average Reward: 1.010 | Steps: 30796 | Total Reward: 172.0|
| Episode: 151 | Epsilon:  0.28 | Reward:   1.0 | Average Reward: 1.010 | Steps: 30992 | Total Reward: 173.0|
| Episode: 152 | Epsilon:  0.28 | Reward:   0.0 | Average Reward: 1.000 | Steps: 31145 | Total Reward: 173.0|
| Episode: 153 | Epsilon:  0.27 | Reward:   1.0 | Average Reward: 1.010 | Steps: 31334 | Total Reward: 174.0|
| Episode: 154 | Epsilon:  0.27 | Reward:   2.0 | Average Reward: 1.010 | Steps: 31563 | Total Reward: 176.0|
| Episode: 155 | Epsilon:  0.27 | Reward:   2.0 | Average Reward: 1.030 | Steps: 31850 | Total Reward: 178.0|
| Episode: 156 | Epsilon:  0.27 | Reward:   2.0 | Average Reward: 1.040 | Steps: 32079 | Total Reward: 180.0|
| Episode: 157 | Epsilon:  0.27 | Reward:   1.0 | Average Reward: 1.050 | Steps: 32268 | Total Reward: 181.0|
| Episode: 158 | Epsilon:  0.27 | Reward:   1.0 | Average Reward: 1.060 | Steps: 32466 | Total Reward: 182.0|
| Episode: 159 | Epsilon:  0.26 | Reward:   2.0 | Average Reward: 1.060 | Steps: 32696 | Total Reward: 184.0|
| Episode: 160 | Epsilon:  0.26 | Reward:   1.0 | Average Reward: 1.060 | Steps: 32889 | Total Reward: 185.0|
| Episode: 161 | Epsilon:  0.26 | Reward:   2.0 | Average Reward: 1.070 | Steps: 33116 | Total Reward: 187.0|
| Episode: 162 | Epsilon:  0.26 | Reward:   1.0 | Average Reward: 1.080 | Steps: 33318 | Total Reward: 188.0|
| Episode: 163 | Epsilon:  0.26 | Reward:   2.0 | Average Reward: 1.100 | Steps: 33549 | Total Reward: 190.0|
| Episode: 164 | Epsilon:  0.26 | Reward:   0.0 | Average Reward: 1.090 | Steps: 33708 | Total Reward: 190.0|
| Episode: 165 | Epsilon:  0.25 | Reward:   0.0 | Average Reward: 1.090 | Steps: 33864 | Total Reward: 190.0|
| Episode: 166 | Epsilon:  0.25 | Reward:   0.0 | Average Reward: 1.070 | Steps: 34020 | Total Reward: 190.0|
| Episode: 167 | Epsilon:  0.25 | Reward:   1.0 | Average Reward: 1.060 | Steps: 34213 | Total Reward: 191.0|
| Episode: 168 | Epsilon:  0.25 | Reward:   0.0 | Average Reward: 1.050 | Steps: 34366 | Total Reward: 191.0|
| Episode: 169 | Epsilon:  0.25 | Reward:   2.0 | Average Reward: 1.050 | Steps: 34598 | Total Reward: 193.0|
| Episode: 170 | Epsilon:  0.25 | Reward:   1.0 | Average Reward: 1.060 | Steps: 34793 | Total Reward: 194.0|
| Episode: 171 | Epsilon:  0.24 | Reward:   3.0 | Average Reward: 1.080 | Steps: 35121 | Total Reward: 197.0|
| Episode: 172 | Epsilon:  0.24 | Reward:   1.0 | Average Reward: 1.080 | Steps: 35310 | Total Reward: 198.0|
| Episode: 173 | Epsilon:  0.24 | Reward:   1.0 | Average Reward: 1.070 | Steps: 35498 | Total Reward: 199.0|
| Episode: 174 | Epsilon:  0.24 | Reward:   1.0 | Average Reward: 1.070 | Steps: 35693 | Total Reward: 200.0|
| Episode: 175 | Epsilon:  0.24 | Reward:   0.0 | Average Reward: 1.060 | Steps: 35845 | Total Reward: 200.0|
| Episode: 176 | Epsilon:  0.24 | Reward:   0.0 | Average Reward: 1.050 | Steps: 36001 | Total Reward: 200.0|
| Episode: 177 | Epsilon:  0.24 | Reward:   1.0 | Average Reward: 1.050 | Steps: 36193 | Total Reward: 201.0|
| Episode: 178 | Epsilon:  0.24 | Reward:   1.0 | Average Reward: 1.040 | Steps: 36393 | Total Reward: 202.0|
| Episode: 179 | Epsilon:  0.23 | Reward:   1.0 | Average Reward: 1.040 | Steps: 36583 | Total Reward: 203.0|
| Episode: 180 | Epsilon:  0.23 | Reward:   1.0 | Average Reward: 1.040 | Steps: 36775 | Total Reward: 204.0|
| Episode: 181 | Epsilon:  0.23 | Reward:   3.0 | Average Reward: 1.070 | Steps: 37055 | Total Reward: 207.0|
| Episode: 182 | Epsilon:  0.23 | Reward:   1.0 | Average Reward: 1.070 | Steps: 37244 | Total Reward: 208.0|
| Episode: 183 | Epsilon:  0.23 | Reward:   2.0 | Average Reward: 1.080 | Steps: 37472 | Total Reward: 210.0|
| Episode: 184 | Epsilon:  0.23 | Reward:   0.0 | Average Reward: 1.080 | Steps: 37625 | Total Reward: 210.0|
| Episode: 185 | Epsilon:  0.23 | Reward:   0.0 | Average Reward: 1.070 | Steps: 37774 | Total Reward: 210.0|
| Episode: 186 | Epsilon:  0.22 | Reward:   1.0 | Average Reward: 1.060 | Steps: 37970 | Total Reward: 211.0|
| Episode: 187 | Epsilon:  0.22 | Reward:   0.0 | Average Reward: 1.060 | Steps: 38132 | Total Reward: 211.0|
| Episode: 188 | Epsilon:  0.22 | Reward:   2.0 | Average Reward: 1.080 | Steps: 38365 | Total Reward: 213.0|
| Episode: 189 | Epsilon:  0.22 | Reward:   1.0 | Average Reward: 1.090 | Steps: 38558 | Total Reward: 214.0|
| Episode: 190 | Epsilon:  0.22 | Reward:   2.0 | Average Reward: 1.100 | Steps: 38787 | Total Reward: 216.0|
| Episode: 191 | Epsilon:  0.22 | Reward:   0.0 | Average Reward: 1.080 | Steps: 38942 | Total Reward: 216.0|
| Episode: 192 | Epsilon:  0.22 | Reward:   1.0 | Average Reward: 1.080 | Steps: 39131 | Total Reward: 217.0|
| Episode: 193 | Epsilon:  0.22 | Reward:   1.0 | Average Reward: 1.070 | Steps: 39326 | Total Reward: 218.0|
| Episode: 194 | Epsilon:  0.22 | Reward:   1.0 | Average Reward: 1.060 | Steps: 39523 | Total Reward: 219.0|
| Episode: 195 | Epsilon:  0.21 | Reward:   0.0 | Average Reward: 1.050 | Steps: 39679 | Total Reward: 219.0|
| Episode: 196 | Epsilon:  0.21 | Reward:   1.0 | Average Reward: 1.060 | Steps: 39870 | Total Reward: 220.0|
| Episode: 197 | Epsilon:  0.21 | Reward:   1.0 | Average Reward: 1.070 | Steps: 40061 | Total Reward: 221.0|
| Episode: 198 | Epsilon:  0.21 | Reward:   0.0 | Average Reward: 1.060 | Steps: 40234 | Total Reward: 221.0|
| Episode: 199 | Epsilon:  0.21 | Reward:   1.0 | Average Reward: 1.060 | Steps: 40429 | Total Reward: 222.0|
| Episode: 200 | Epsilon:  0.21 | Reward:   2.0 | Average Reward: 1.060 | Steps: 40680 | Total Reward: 224.0|
| Episode: 201 | Epsilon:  0.21 | Reward:   1.0 | Average Reward: 1.070 | Steps: 40880 | Total Reward: 225.0|
| Episode: 202 | Epsilon:  0.21 | Reward:   0.0 | Average Reward: 1.070 | Steps: 41038 | Total Reward: 225.0|
| Episode: 203 | Epsilon:  0.21 | Reward:   0.0 | Average Reward: 1.070 | Steps: 41192 | Total Reward: 225.0|
| Episode: 204 | Epsilon:  0.20 | Reward:   1.0 | Average Reward: 1.060 | Steps: 41387 | Total Reward: 226.0|
| Episode: 205 | Epsilon:  0.20 | Reward:   1.0 | Average Reward: 1.060 | Steps: 41578 | Total Reward: 227.0|
| Episode: 206 | Epsilon:  0.20 | Reward:   1.0 | Average Reward: 1.020 | Steps: 41766 | Total Reward: 228.0|
| Episode: 207 | Epsilon:  0.20 | Reward:   0.0 | Average Reward: 1.000 | Steps: 41918 | Total Reward: 228.0|
| Episode: 208 | Epsilon:  0.20 | Reward:   2.0 | Average Reward: 1.010 | Steps: 42152 | Total Reward: 230.0|
| Episode: 209 | Epsilon:  0.20 | Reward:   0.0 | Average Reward: 1.010 | Steps: 42309 | Total Reward: 230.0|
| Episode: 210 | Epsilon:  0.20 | Reward:   1.0 | Average Reward: 1.000 | Steps: 42497 | Total Reward: 231.0|
| Episode: 211 | Epsilon:  0.20 | Reward:   2.0 | Average Reward: 1.020 | Steps: 42729 | Total Reward: 233.0|
| Episode: 212 | Epsilon:  0.20 | Reward:   3.0 | Average Reward: 1.050 | Steps: 42997 | Total Reward: 236.0|
| Episode: 213 | Epsilon:  0.20 | Reward:   1.0 | Average Reward: 1.060 | Steps: 43185 | Total Reward: 237.0|
| Episode: 214 | Epsilon:  0.19 | Reward:   1.0 | Average Reward: 1.060 | Steps: 43371 | Total Reward: 238.0|
| Episode: 215 | Epsilon:  0.19 | Reward:   1.0 | Average Reward: 1.070 | Steps: 43561 | Total Reward: 239.0|
| Episode: 216 | Epsilon:  0.19 | Reward:   1.0 | Average Reward: 1.070 | Steps: 43758 | Total Reward: 240.0|
| Episode: 217 | Epsilon:  0.19 | Reward:   1.0 | Average Reward: 1.070 | Steps: 43944 | Total Reward: 241.0|
| Episode: 218 | Epsilon:  0.19 | Reward:   0.0 | Average Reward: 1.060 | Steps: 44093 | Total Reward: 241.0|
| Episode: 219 | Epsilon:  0.19 | Reward:   1.0 | Average Reward: 1.050 | Steps: 44285 | Total Reward: 242.0|
| Episode: 220 | Epsilon:  0.19 | Reward:   0.0 | Average Reward: 1.040 | Steps: 44452 | Total Reward: 242.0|
| Episode: 221 | Epsilon:  0.19 | Reward:   1.0 | Average Reward: 1.030 | Steps: 44649 | Total Reward: 243.0|
| Episode: 222 | Epsilon:  0.19 | Reward:   1.0 | Average Reward: 1.030 | Steps: 44842 | Total Reward: 244.0|
| Episode: 223 | Epsilon:  0.19 | Reward:   1.0 | Average Reward: 1.030 | Steps: 45033 | Total Reward: 245.0|
| Episode: 224 | Epsilon:  0.19 | Reward:   1.0 | Average Reward: 1.040 | Steps: 45229 | Total Reward: 246.0|
| Episode: 225 | Epsilon:  0.18 | Reward:   0.0 | Average Reward: 1.020 | Steps: 45383 | Total Reward: 246.0|
| Episode: 226 | Epsilon:  0.18 | Reward:   2.0 | Average Reward: 1.040 | Steps: 45616 | Total Reward: 248.0|
| Episode: 227 | Epsilon:  0.18 | Reward:   1.0 | Average Reward: 1.040 | Steps: 45804 | Total Reward: 249.0|
| Episode: 228 | Epsilon:  0.18 | Reward:   2.0 | Average Reward: 1.050 | Steps: 46042 | Total Reward: 251.0|
| Episode: 229 | Epsilon:  0.18 | Reward:   3.0 | Average Reward: 1.070 | Steps: 46346 | Total Reward: 254.0|
| Episode: 230 | Epsilon:  0.18 | Reward:   1.0 | Average Reward: 1.080 | Steps: 46540 | Total Reward: 255.0|
| Episode: 231 | Epsilon:  0.18 | Reward:   1.0 | Average Reward: 1.090 | Steps: 46737 | Total Reward: 256.0|
| Episode: 232 | Epsilon:  0.18 | Reward:   1.0 | Average Reward: 1.080 | Steps: 46960 | Total Reward: 257.0|
| Episode: 233 | Epsilon:  0.18 | Reward:   1.0 | Average Reward: 1.060 | Steps: 47176 | Total Reward: 258.0|
| Episode: 234 | Epsilon:  0.18 | Reward:   2.0 | Average Reward: 1.070 | Steps: 47412 | Total Reward: 260.0|
| Episode: 235 | Epsilon:  0.18 | Reward:   1.0 | Average Reward: 1.080 | Steps: 47643 | Total Reward: 261.0|
| Episode: 236 | Epsilon:  0.18 | Reward:   2.0 | Average Reward: 1.080 | Steps: 47874 | Total Reward: 263.0|
| Episode: 237 | Epsilon:  0.17 | Reward:   0.0 | Average Reward: 1.060 | Steps: 48029 | Total Reward: 263.0|
| Episode: 238 | Epsilon:  0.17 | Reward:   2.0 | Average Reward: 1.080 | Steps: 48266 | Total Reward: 265.0|
| Episode: 239 | Epsilon:  0.17 | Reward:   1.0 | Average Reward: 1.070 | Steps: 48459 | Total Reward: 266.0|
| Episode: 240 | Epsilon:  0.17 | Reward:   1.0 | Average Reward: 1.070 | Steps: 48646 | Total Reward: 267.0|
| Episode: 241 | Epsilon:  0.17 | Reward:   3.0 | Average Reward: 1.100 | Steps: 48919 | Total Reward: 270.0|
| Episode: 242 | Epsilon:  0.17 | Reward:   1.0 | Average Reward: 1.100 | Steps: 49117 | Total Reward: 271.0|
| Episode: 243 | Epsilon:  0.17 | Reward:   2.0 | Average Reward: 1.110 | Steps: 49351 | Total Reward: 273.0|
| Episode: 244 | Epsilon:  0.17 | Reward:   1.0 | Average Reward: 1.120 | Steps: 49544 | Total Reward: 274.0|
| Episode: 245 | Epsilon:  0.17 | Reward:   2.0 | Average Reward: 1.130 | Steps: 49778 | Total Reward: 276.0|
| Episode: 246 | Epsilon:  0.17 | Reward:   1.0 | Average Reward: 1.130 | Steps: 49972 | Total Reward: 277.0|
| Episode: 247 | Epsilon:  0.17 | Reward:   1.0 | Average Reward: 1.100 | Steps: 50188 | Total Reward: 278.0|
