+------------------------+----------------------------+--------------------+
|                        |     Supported Features     |  Program Commands  |
+========================+============================+====================+
| Compatible Layers      | Hopfield Layer,            | hopfield,          |
|                        | HopfieldLayer Layer,       | hopfield_layer,    |
|                        | HopfieldPooling Layer,     | hopfield_pooling,  |
|                        | LSTM,                      | lstm,              |
|                        | GRU                        | gru                |
+------------------------+----------------------------+--------------------+
| Supported Loss Metrics | Huber Loss,                | huber,             |
|                        | Mean Absolute Error Loss,  | mae,               |
|                        | Mean Squared Error Loss,   | mse,               |
|                        | SmoothL1 Loss              | smooth_l1          |
+------------------------+----------------------------+--------------------+
| Supported Optimizers   | RMSprop (default),         | rmsprop,           |
|                        | AdamW,                     | adam,              |
|                        | Adam                       | adamW              |
+------------------------+----------------------------+--------------------+
| Episode:   1 | Epsilon:  0.90 | Reward: -87.13207732025646 | Average Reward: -87.132 | Steps:    62 | Total Reward: -87.13207732025646|
| Episode:   2 | Epsilon:  0.86 | Reward: -221.55576625056133 | Average Reward: -154.344 | Steps:   130 | Total Reward: -308.6878435708179|
| Episode:   3 | Epsilon:  0.82 | Reward: -79.13747756218794 | Average Reward: -129.275 | Steps:   194 | Total Reward: -387.8253211330054|
| Episode:   4 | Epsilon:  0.79 | Reward: -403.0778364336145 | Average Reward: -197.726 | Steps:   262 | Total Reward: -790.9031575666191|
| Episode:   5 | Epsilon:  0.75 | Reward: -207.40918319827918 | Average Reward: -199.662 | Steps:   333 | Total Reward: -998.3123407648982|
| Episode:   6 | Epsilon:  0.72 | Reward: -246.76854264841762 | Average Reward: -207.513 | Steps:   441 | Total Reward: -1245.080883413315|
| Episode:   7 | Epsilon:  0.69 | Reward: -153.06770705143947 | Average Reward: -199.736 | Steps:   508 | Total Reward: -1398.1485904647539|
| Episode:   8 | Epsilon:  0.66 | Reward: -136.7861015453297 | Average Reward: -191.867 | Steps:   575 | Total Reward: -1534.934692010083|
| Episode:   9 | Epsilon:  0.64 | Reward: -295.8982634598168 | Average Reward: -203.426 | Steps:   660 | Total Reward: -1830.832955469899|
| Episode:  10 | Epsilon:  0.61 | Reward: -272.3279116993858 | Average Reward: -210.316 | Steps:   721 | Total Reward: -2103.1608671692848|
| Episode:  11 | Epsilon:  0.59 | Reward: -399.6366007497595 | Average Reward: -227.527 | Steps:   800 | Total Reward: -2502.797467919044|
| Episode:  12 | Epsilon:  0.56 | Reward: -289.4563771952919 | Average Reward: -232.688 | Steps:   866 | Total Reward: -2792.253845114335|
| Episode:  13 | Epsilon:  0.54 | Reward: -422.52929361421343 | Average Reward: -247.291 | Steps:   948 | Total Reward: -3214.783138728548|
| Episode:  14 | Epsilon:  0.52 | Reward: -488.5286555397944 | Average Reward: -264.522 | Steps:  1055 | Total Reward: -3703.311794268344|
| Episode:  15 | Epsilon:  0.50 | Reward: -286.9699421367592 | Average Reward: -266.019 | Steps:  1118 | Total Reward: -3990.2817364051043|
| Episode:  16 | Epsilon:  0.48 | Reward: -338.30377882031985 | Average Reward: -270.537 | Steps:  1172 | Total Reward: -4328.585515225423|
| Episode:  17 | Epsilon:  0.46 | Reward: -242.64727915086988 | Average Reward: -268.896 | Steps:  1237 | Total Reward: -4571.232794376294|
| Episode:  18 | Epsilon:  0.44 | Reward: -346.3021109379517 | Average Reward: -273.196 | Steps:  1291 | Total Reward: -4917.534905314246|
| Episode:  19 | Epsilon:  0.43 | Reward: -495.9779983091225 | Average Reward: -284.922 | Steps:  1364 | Total Reward: -5413.512903623364|
| Episode:  20 | Epsilon:  0.41 | Reward: -734.138852382373 | Average Reward: -307.383 | Steps:  1446 | Total Reward: -6147.651756005741|
| Episode:  21 | Epsilon:  0.39 | Reward: -284.9155222065707 | Average Reward: -306.313 | Steps:  1501 | Total Reward: -6432.56727821231|
| Episode:  22 | Epsilon:  0.38 | Reward: -387.67429033903755 | Average Reward: -310.011 | Steps:  1556 | Total Reward: -6820.241568551345|
| Episode:  23 | Epsilon:  0.37 | Reward: -185.92646493684674 | Average Reward: -304.616 | Steps:  1611 | Total Reward: -7006.168033488195|
| Episode:  24 | Epsilon:  0.35 | Reward: -484.6594532163415 | Average Reward: -312.118 | Steps:  1693 | Total Reward: -7490.8274867045375|
| Episode:  25 | Epsilon:  0.34 | Reward: -481.1779783749688 | Average Reward: -318.880 | Steps:  1779 | Total Reward: -7972.005465079507|
| Episode:  26 | Epsilon:  0.33 | Reward: -695.1728755765317 | Average Reward: -333.353 | Steps:  1868 | Total Reward: -8667.178340656039|
| Episode:  27 | Epsilon:  0.32 | Reward: -348.49865685412965 | Average Reward: -333.914 | Steps:  1927 | Total Reward: -9015.676997510165|
| Episode:  28 | Epsilon:  0.31 | Reward: -670.635756467405 | Average Reward: -345.940 | Steps:  2015 | Total Reward: -9686.312753977567|
| Episode:  29 | Epsilon:  0.30 | Reward: -957.8102039338239 | Average Reward: -367.039 | Steps:  2245 | Total Reward: -10644.122957911395|
| Episode:  30 | Epsilon:  0.29 | Reward: -746.8963135929098 | Average Reward: -379.701 | Steps:  2426 | Total Reward: -11391.019271504296|
| Episode:  31 | Epsilon:  0.28 | Reward: -788.3562531214258 | Average Reward: -392.883 | Steps:  2584 | Total Reward: -12179.375524625719|
| Episode:  32 | Epsilon:  0.27 | Reward: -514.9337691761226 | Average Reward: -396.697 | Steps:  2731 | Total Reward: -12694.309293801845|
| Episode:  33 | Epsilon:  0.26 | Reward: -416.44546593169423 | Average Reward: -397.296 | Steps:  2884 | Total Reward: -13110.754759733545|
| Episode:  34 | Epsilon:  0.25 | Reward: -439.0704757631218 | Average Reward: -398.524 | Steps:  3044 | Total Reward: -13549.825235496666|
| Episode:  35 | Epsilon:  0.25 | Reward: -348.68048096175494 | Average Reward: -397.100 | Steps:  3169 | Total Reward: -13898.505716458421|
| Episode:  36 | Epsilon:  0.24 | Reward: -483.6461133663613 | Average Reward: -399.504 | Steps:  3271 | Total Reward: -14382.151829824788|
| Episode:  37 | Epsilon:  0.23 | Reward: -342.6620576316724 | Average Reward: -397.968 | Steps:  3370 | Total Reward: -14724.81388745646|
| Episode:  38 | Epsilon:  0.23 | Reward: -394.52176774781077 | Average Reward: -397.877 | Steps:  3482 | Total Reward: -15119.335655204277|
| Episode:  39 | Epsilon:  0.22 | Reward: 0.61019743291709 | Average Reward: -387.660 | Steps:  3653 | Total Reward: -15118.725457771357|
| Episode:  40 | Epsilon:  0.21 | Reward: -196.2861366695931 | Average Reward: -382.875 | Steps:  3823 | Total Reward: -15315.011594440963|
| Episode:  41 | Epsilon:  0.21 | Reward: -93.41580113813853 | Average Reward: -375.815 | Steps:  4823 | Total Reward: -15408.427395579089|
| Episode:  42 | Epsilon:  0.20 | Reward: -13.906530630995803 | Average Reward: -367.198 | Steps:  5059 | Total Reward: -15422.333926210067|
| Episode:  43 | Epsilon:  0.20 | Reward: -182.58512830120617 | Average Reward: -362.905 | Steps:  5327 | Total Reward: -15604.919054511265|
| Episode:  44 | Epsilon:  0.19 | Reward: -66.71672289243455 | Average Reward: -356.174 | Steps:  5711 | Total Reward: -15671.635777403697|
| Episode:  45 | Epsilon:  0.19 | Reward: -392.52912060731546 | Average Reward: -356.981 | Steps:  6368 | Total Reward: -16064.164898011015|
| Episode:  46 | Epsilon:  0.18 | Reward: -221.21116724573716 | Average Reward: -354.030 | Steps:  6525 | Total Reward: -16285.376065256749|
| Episode:  47 | Epsilon:  0.18 | Reward: -199.4120242160917 | Average Reward: -350.740 | Steps:  6759 | Total Reward: -16484.788089472837|
| Episode:  48 | Epsilon:  0.18 | Reward: -48.818914990252566 | Average Reward: -344.450 | Steps:  7015 | Total Reward: -16533.607004463094|
| Episode:  49 | Epsilon:  0.17 | Reward: -94.57304695156378 | Average Reward: -339.351 | Steps:  7299 | Total Reward: -16628.18005141465|
| Episode:  50 | Epsilon:  0.17 | Reward: -105.38142606198076 | Average Reward: -334.671 | Steps:  7560 | Total Reward: -16733.56147747663|
| Episode:  51 | Epsilon:  0.17 | Reward: -45.75197967923246 | Average Reward: -329.006 | Steps:  7680 | Total Reward: -16779.31345715585|
| Episode:  52 | Epsilon:  0.16 | Reward: -324.8079009129111 | Average Reward: -328.925 | Steps:  8132 | Total Reward: -17104.121358068795|
| Episode:  53 | Epsilon:  0.16 | Reward: -255.5675943668769 | Average Reward: -327.541 | Steps:  8350 | Total Reward: -17359.68895243569|
| Episode:  54 | Epsilon:  0.16 | Reward: -141.33193545635027 | Average Reward: -324.093 | Steps:  8823 | Total Reward: -17501.020887891966|
| Episode:  55 | Epsilon:  0.15 | Reward: -76.25558310500193 | Average Reward: -319.587 | Steps:  9542 | Total Reward: -17577.27647099699|
| Episode:  56 | Epsilon:  0.15 | Reward: -90.01933730438147 | Average Reward: -315.487 | Steps:  9795 | Total Reward: -17667.295808301376|
| Episode:  57 | Epsilon:  0.15 | Reward: -186.16496424223556 | Average Reward: -313.219 | Steps: 10148 | Total Reward: -17853.460772543618|
| Episode:  58 | Epsilon:  0.15 | Reward: -207.4422506807278 | Average Reward: -311.395 | Steps: 10428 | Total Reward: -18060.90302322437|
| Episode:  59 | Epsilon:  0.14 | Reward: -97.80868844403565 | Average Reward: -307.775 | Steps: 10867 | Total Reward: -18158.71171166842|
| Episode:  60 | Epsilon:  0.14 | Reward: -238.08975935419622 | Average Reward: -306.613 | Steps: 11049 | Total Reward: -18396.801471022594|
| Episode:  61 | Epsilon:  0.14 | Reward: -167.96276328216098 | Average Reward: -304.340 | Steps: 11199 | Total Reward: -18564.76423430476|
| Episode:  62 | Epsilon:  0.14 | Reward: -254.5950699161953 | Average Reward: -303.538 | Steps: 11330 | Total Reward: -18819.35930422094|
| Episode:  63 | Epsilon:  0.14 | Reward: -42.99603025941278 | Average Reward: -299.402 | Steps: 11507 | Total Reward: -18862.355334480348|
| Episode:  64 | Epsilon:  0.13 | Reward: -257.0845782474847 | Average Reward: -298.741 | Steps: 11889 | Total Reward: -19119.439912727827|
| Episode:  65 | Epsilon:  0.13 | Reward: -116.13903285686224 | Average Reward: -295.932 | Steps: 12059 | Total Reward: -19235.578945584693|
| Episode:  66 | Epsilon:  0.13 | Reward: -282.0082623982579 | Average Reward: -295.721 | Steps: 12322 | Total Reward: -19517.587207982928|
| Episode:  67 | Epsilon:  0.13 | Reward: -214.56243872075305 | Average Reward: -294.510 | Steps: 12522 | Total Reward: -19732.14964670366|
| Episode:  68 | Epsilon:  0.13 | Reward: -249.24054805167572 | Average Reward: -293.844 | Steps: 12744 | Total Reward: -19981.390194755353|
| Episode:  69 | Epsilon:  0.13 | Reward: -122.04865771847885 | Average Reward: -291.354 | Steps: 12980 | Total Reward: -20103.438852473828|
| Episode:  70 | Epsilon:  0.13 | Reward: -108.15342039510075 | Average Reward: -288.737 | Steps: 13152 | Total Reward: -20211.592272868926|
| Episode:  71 | Epsilon:  0.12 | Reward: -257.2659351383144 | Average Reward: -288.294 | Steps: 13378 | Total Reward: -20468.858208007183|
| Episode:  72 | Epsilon:  0.12 | Reward: -94.92881695644445 | Average Reward: -285.608 | Steps: 13615 | Total Reward: -20563.787024963636|
| Episode:  73 | Epsilon:  0.12 | Reward: -191.09864154818194 | Average Reward: -284.314 | Steps: 13919 | Total Reward: -20754.88566651183|
| Episode:  74 | Epsilon:  0.12 | Reward: -171.080297369954 | Average Reward: -282.783 | Steps: 14078 | Total Reward: -20925.96596388178|
| Episode:  75 | Epsilon:  0.12 | Reward: -238.34196946936626 | Average Reward: -282.191 | Steps: 14301 | Total Reward: -21164.307933351163|
| Episode:  76 | Epsilon:  0.12 | Reward: -36.60289359750618 | Average Reward: -278.959 | Steps: 14477 | Total Reward: -21200.91082694867|
| Episode:  77 | Epsilon:  0.12 | Reward: -269.5515143577461 | Average Reward: -278.837 | Steps: 14682 | Total Reward: -21470.462341306396|
| Episode:  78 | Epsilon:  0.12 | Reward: -258.9790284495366 | Average Reward: -278.583 | Steps: 14911 | Total Reward: -21729.441369755932|
| Episode:  79 | Epsilon:  0.12 | Reward: -285.5848760876745 | Average Reward: -278.671 | Steps: 15178 | Total Reward: -22015.026245843626|
| Episode:  80 | Epsilon:  0.12 | Reward: -90.35482961607829 | Average Reward: -276.317 | Steps: 15434 | Total Reward: -22105.38107545973|
| Episode:  81 | Epsilon:  0.11 | Reward: -262.112563389692 | Average Reward: -276.142 | Steps: 15680 | Total Reward: -22367.4936388494|
| Episode:  82 | Epsilon:  0.11 | Reward: -158.9500283879262 | Average Reward: -274.713 | Steps: 15828 | Total Reward: -22526.443667237327|
| Episode:  83 | Epsilon:  0.11 | Reward: -285.42492768399126 | Average Reward: -274.842 | Steps: 15987 | Total Reward: -22811.86859492133|
| Episode:  84 | Epsilon:  0.11 | Reward: -73.00105124950448 | Average Reward: -272.439 | Steps: 16196 | Total Reward: -22884.869646170835|
| Episode:  85 | Epsilon:  0.11 | Reward: -28.410472405017302 | Average Reward: -269.568 | Steps: 16376 | Total Reward: -22913.28011857587|
| Episode:  86 | Epsilon:  0.11 | Reward: -279.8499627182764 | Average Reward: -269.688 | Steps: 16605 | Total Reward: -23193.130081294166|
| Episode:  87 | Epsilon:  0.11 | Reward: -180.17686592969187 | Average Reward: -268.659 | Steps: 16783 | Total Reward: -23373.30694722388|
| Episode:  88 | Epsilon:  0.11 | Reward: -231.26240797748395 | Average Reward: -268.234 | Steps: 17058 | Total Reward: -23604.569355201354|
| Episode:  89 | Epsilon:  0.11 | Reward: -55.276015620554446 | Average Reward: -265.841 | Steps: 17274 | Total Reward: -23659.84537082192|
| Episode:  90 | Epsilon:  0.11 | Reward: -184.13708409165216 | Average Reward: -264.933 | Steps: 17424 | Total Reward: -23843.982454913577|
| Episode:  91 | Epsilon:  0.11 | Reward: -30.611204462488885 | Average Reward: -262.358 | Steps: 17719 | Total Reward: -23874.59365937606|
| Episode:  92 | Epsilon:  0.11 | Reward: -53.7917298572953 | Average Reward: -260.091 | Steps: 17965 | Total Reward: -23928.38538923334|
| Episode:  93 | Epsilon:  0.11 | Reward: -320.16016078332245 | Average Reward: -260.737 | Steps: 18200 | Total Reward: -24248.54555001666|
| Episode:  94 | Epsilon:  0.11 | Reward: -78.01910619443265 | Average Reward: -258.793 | Steps: 18398 | Total Reward: -24326.564656211096|
| Episode:  95 | Epsilon:  0.11 | Reward: -118.00327599457651 | Average Reward: -257.311 | Steps: 18681 | Total Reward: -24444.567932205682|
| Episode:  96 | Epsilon:  0.11 | Reward: -249.84785746717654 | Average Reward: -257.233 | Steps: 18891 | Total Reward: -24694.415789672847|
| Episode:  97 | Epsilon:  0.11 | Reward: -38.53057749431511 | Average Reward: -254.979 | Steps: 19133 | Total Reward: -24732.946367167166|
| Episode:  98 | Epsilon:  0.11 | Reward: -54.971246618432126 | Average Reward: -252.938 | Steps: 19355 | Total Reward: -24787.91761378559|
| Episode:  99 | Epsilon:  0.11 | Reward: -243.8497947401595 | Average Reward: -252.846 | Steps: 19548 | Total Reward: -25031.767408525742|
| Episode: 100 | Epsilon:  0.11 | Reward: -65.3244835502324 | Average Reward: -250.971 | Steps: 19735 | Total Reward: -25097.09189207596|
| Episode: 101 | Epsilon:  0.11 | Reward: -42.1719975871704 | Average Reward: -250.521 | Steps: 19949 | Total Reward: -25139.26388966314|
| Episode: 102 | Epsilon:  0.11 | Reward: -112.0862250323045 | Average Reward: -249.427 | Steps: 20158 | Total Reward: -25251.35011469543|
| Episode: 103 | Epsilon:  0.10 | Reward: -34.9843333619728 | Average Reward: -248.985 | Steps: 20334 | Total Reward: -25286.3344480574|
| Episode: 104 | Epsilon:  0.10 | Reward: -87.07953077842808 | Average Reward: -245.825 | Steps: 20547 | Total Reward: -25373.413978835815|
| Episode: 105 | Epsilon:  0.10 | Reward: -68.1990930347618 | Average Reward: -244.433 | Steps: 20739 | Total Reward: -25441.61307187059|
| Episode: 106 | Epsilon:  0.10 | Reward: -97.83614935589593 | Average Reward: -242.944 | Steps: 20918 | Total Reward: -25539.449221226485|
| Episode: 107 | Epsilon:  0.10 | Reward: -264.48390819338385 | Average Reward: -244.058 | Steps: 21080 | Total Reward: -25803.933129419896|
| Episode: 108 | Epsilon:  0.10 | Reward: -268.9188230250624 | Average Reward: -245.379 | Steps: 21241 | Total Reward: -26072.851952444955|
| Episode: 109 | Epsilon:  0.10 | Reward: -112.72759615977097 | Average Reward: -243.547 | Steps: 21435 | Total Reward: -26185.57954860473|
| Episode: 110 | Epsilon:  0.10 | Reward: -262.8824062247377 | Average Reward: -243.453 | Steps: 21575 | Total Reward: -26448.461954829465|
| Episode: 111 | Epsilon:  0.10 | Reward: -159.31768776729353 | Average Reward: -241.050 | Steps: 21761 | Total Reward: -26607.779642596764|
| Episode: 112 | Epsilon:  0.10 | Reward: -23.155428110379304 | Average Reward: -238.387 | Steps: 21862 | Total Reward: -26630.93507070714|
| Episode: 113 | Epsilon:  0.10 | Reward: -195.97495454996272 | Average Reward: -236.121 | Steps: 22006 | Total Reward: -26826.910025257115|
| Episode: 114 | Epsilon:  0.10 | Reward: -86.62602612928406 | Average Reward: -232.102 | Steps: 22136 | Total Reward: -26913.536051386393|
| Episode: 115 | Epsilon:  0.10 | Reward: 24.941410096498615 | Average Reward: -228.983 | Steps: 22313 | Total Reward: -26888.594641289914|
| Episode: 116 | Epsilon:  0.10 | Reward: -95.49602668146855 | Average Reward: -226.555 | Steps: 22494 | Total Reward: -26984.090667971388|
| Episode: 117 | Epsilon:  0.10 | Reward: -210.68128639098717 | Average Reward: -226.235 | Steps: 22945 | Total Reward: -27194.77195436233|
| Episode: 118 | Epsilon:  0.10 | Reward: -80.24818604014679 | Average Reward: -223.575 | Steps: 23112 | Total Reward: -27275.020140402477|
| Episode: 119 | Epsilon:  0.10 | Reward: -24.51459557524062 | Average Reward: -218.860 | Steps: 23389 | Total Reward: -27299.534735977744|
| Episode: 120 | Epsilon:  0.10 | Reward: -166.45478857555162 | Average Reward: -213.183 | Steps: 23572 | Total Reward: -27465.9895245533|
| Episode: 121 | Epsilon:  0.10 | Reward: -85.22955457670905 | Average Reward: -211.187 | Steps: 23757 | Total Reward: -27551.21907912999|
| Episode: 122 | Epsilon:  0.10 | Reward: 0.9225545010958882 | Average Reward: -207.301 | Steps: 23941 | Total Reward: -27550.296524628917|
| Episode: 123 | Epsilon:  0.10 | Reward: -221.8239807476034 | Average Reward: -207.660 | Steps: 24107 | Total Reward: -27772.12050537651|
| Episode: 124 | Epsilon:  0.10 | Reward: -227.49365450608633 | Average Reward: -205.088 | Steps: 24297 | Total Reward: -27999.614159882596|
| Episode: 125 | Epsilon:  0.10 | Reward: -63.07593101931482 | Average Reward: -200.907 | Steps: 24472 | Total Reward: -28062.690090901913|
| Episode: 126 | Epsilon:  0.10 | Reward: -249.57609904859873 | Average Reward: -196.451 | Steps: 24612 | Total Reward: -28312.266189950522|
| Episode: 127 | Epsilon:  0.10 | Reward: -235.58740534652978 | Average Reward: -195.322 | Steps: 24793 | Total Reward: -28547.85359529707|
| Episode: 128 | Epsilon:  0.10 | Reward: -216.63971588314837 | Average Reward: -190.782 | Steps: 24963 | Total Reward: -28764.49331118024|
| Episode: 129 | Epsilon:  0.10 | Reward: -94.15322019610491 | Average Reward: -182.145 | Steps: 25171 | Total Reward: -28858.646531376336|
| Episode: 130 | Epsilon:  0.10 | Reward: -43.384022174712086 | Average Reward: -175.110 | Steps: 25339 | Total Reward: -28902.03055355106|
| Episode: 131 | Epsilon:  0.10 | Reward: -22.51959743629314 | Average Reward: -167.452 | Steps: 25516 | Total Reward: -28924.55015098735|
| Episode: 132 | Epsilon:  0.10 | Reward: -69.30502248731227 | Average Reward: -162.995 | Steps: 25682 | Total Reward: -28993.855173474683|
| Episode: 133 | Epsilon:  0.10 | Reward: -409.5842496164775 | Average Reward: -162.927 | Steps: 25912 | Total Reward: -29403.43942309115|
| Episode: 134 | Epsilon:  0.10 | Reward: 46.719439575205655 | Average Reward: -158.069 | Steps: 26265 | Total Reward: -29356.719983515955|
| Episode: 135 | Epsilon:  0.10 | Reward: -36.08152465284693 | Average Reward: -154.943 | Steps: 26445 | Total Reward: -29392.80150816884|
| Episode: 136 | Epsilon:  0.10 | Reward: -82.13597125886896 | Average Reward: -150.928 | Steps: 26615 | Total Reward: -29474.93747942771|
| Episode: 137 | Epsilon:  0.10 | Reward: -9.264859976688783 | Average Reward: -147.594 | Steps: 26772 | Total Reward: -29484.202339404383|
| Episode: 138 | Epsilon:  0.10 | Reward: -218.36152946405102 | Average Reward: -145.832 | Steps: 26928 | Total Reward: -29702.56386886843|
| Episode: 139 | Epsilon:  0.10 | Reward: -71.21234516866264 | Average Reward: -146.551 | Steps: 27083 | Total Reward: -29773.776214037098|
| Episode: 140 | Epsilon:  0.10 | Reward: -67.19968606079568 | Average Reward: -145.260 | Steps: 27246 | Total Reward: -29840.975900097892|
| Episode: 141 | Epsilon:  0.10 | Reward: -17.668277257711225 | Average Reward: -144.502 | Steps: 27414 | Total Reward: -29858.644177355607|
| Episode: 142 | Epsilon:  0.10 | Reward: -124.673404760618 | Average Reward: -145.610 | Steps: 27666 | Total Reward: -29983.317582116237|
| Episode: 143 | Epsilon:  0.10 | Reward: -27.372397777002604 | Average Reward: -144.058 | Steps: 27850 | Total Reward: -30010.689979893235|
| Episode: 144 | Epsilon:  0.10 | Reward: -79.21266241959634 | Average Reward: -144.183 | Steps: 28068 | Total Reward: -30089.902642312813|
| Episode: 145 | Epsilon:  0.10 | Reward: -56.478556549071726 | Average Reward: -140.822 | Steps: 28263 | Total Reward: -30146.381198861873|
| Episode: 146 | Epsilon:  0.10 | Reward: -349.10615949705175 | Average Reward: -142.101 | Steps: 28466 | Total Reward: -30495.48735835891|
| Episode: 147 | Epsilon:  0.10 | Reward: -19.133931746911074 | Average Reward: -140.298 | Steps: 28631 | Total Reward: -30514.621290105813|
| Episode: 148 | Epsilon:  0.10 | Reward: 5.582779032709922 | Average Reward: -139.754 | Steps: 28886 | Total Reward: -30509.038511073097|
| Episode: 149 | Epsilon:  0.10 | Reward: -267.48225557287395 | Average Reward: -141.483 | Steps: 29117 | Total Reward: -30776.520766645957|
| Episode: 150 | Epsilon:  0.10 | Reward: 31.799425935226623 | Average Reward: -140.112 | Steps: 29288 | Total Reward: -30744.721340710727|
| Episode: 151 | Epsilon:  0.10 | Reward: -192.23955554372262 | Average Reward: -141.576 | Steps: 29458 | Total Reward: -30936.960896254437|
| Episode: 152 | Epsilon:  0.10 | Reward: -33.119824840412335 | Average Reward: -138.660 | Steps: 29648 | Total Reward: -30970.08072109485|
| Episode: 153 | Epsilon:  0.10 | Reward: -18.186547624899305 | Average Reward: -136.286 | Steps: 29836 | Total Reward: -30988.267268719745|
| Episode: 154 | Epsilon:  0.10 | Reward: -175.08881151437123 | Average Reward: -136.623 | Steps: 29993 | Total Reward: -31163.35608023411|
| Episode: 155 | Epsilon:  0.10 | Reward: -82.07186366685725 | Average Reward: -136.682 | Steps: 30214 | Total Reward: -31245.42794390095|
| Episode: 156 | Epsilon:  0.10 | Reward: -151.20044484182904 | Average Reward: -137.293 | Steps: 30478 | Total Reward: -31396.62838874279|
| Episode: 157 | Epsilon:  0.10 | Reward: -50.31695605023316 | Average Reward: -135.935 | Steps: 30746 | Total Reward: -31446.945344793043|
| Episode: 158 | Epsilon:  0.10 | Reward: -56.89120575288409 | Average Reward: -134.429 | Steps: 30922 | Total Reward: -31503.836550545944|
| Episode: 159 | Epsilon:  0.10 | Reward: -155.9791795474784 | Average Reward: -135.011 | Steps: 31131 | Total Reward: -31659.815730093425|
| Episode: 160 | Epsilon:  0.10 | Reward: -64.49530052873428 | Average Reward: -133.275 | Steps: 31301 | Total Reward: -31724.311030622164|
| Episode: 161 | Epsilon:  0.10 | Reward: -18.14233190684422 | Average Reward: -131.777 | Steps: 31495 | Total Reward: -31742.453362529|
| Episode: 162 | Epsilon:  0.10 | Reward: -256.5058460222808 | Average Reward: -131.796 | Steps: 31697 | Total Reward: -31998.959208551267|
| Episode: 163 | Epsilon:  0.10 | Reward: -32.31909701708189 | Average Reward: -131.689 | Steps: 31922 | Total Reward: -32031.278305568365|
| Episode: 164 | Epsilon:  0.10 | Reward: -183.95765482577556 | Average Reward: -130.958 | Steps: 32139 | Total Reward: -32215.235960394148|
| Episode: 165 | Epsilon:  0.10 | Reward: -225.6630279083377 | Average Reward: -132.053 | Steps: 32356 | Total Reward: -32440.89898830248|
| Episode: 166 | Epsilon:  0.10 | Reward: 239.28051397617284 | Average Reward: -126.840 | Steps: 32760 | Total Reward: -32201.618474326282|
| Episode: 167 | Epsilon:  0.10 | Reward: -38.924128671996385 | Average Reward: -125.084 | Steps: 32928 | Total Reward: -32240.542602998285|
| Episode: 168 | Epsilon:  0.10 | Reward: -16.473111640656498 | Average Reward: -122.756 | Steps: 33103 | Total Reward: -32257.015714638925|
| Episode: 169 | Epsilon:  0.10 | Reward: -173.45917915441936 | Average Reward: -123.270 | Steps: 33333 | Total Reward: -32430.474893793347|
| Episode: 170 | Epsilon:  0.10 | Reward: -136.1162635080601 | Average Reward: -123.550 | Steps: 33500 | Total Reward: -32566.591157301395|
| Episode: 171 | Epsilon:  0.10 | Reward: 248.37456464655088 | Average Reward: -118.494 | Steps: 33909 | Total Reward: -32318.216592654837|
| Episode: 172 | Epsilon:  0.10 | Reward: -79.47696585343266 | Average Reward: -118.339 | Steps: 34099 | Total Reward: -32397.69355850826|
| Episode: 173 | Epsilon:  0.10 | Reward: -229.81945711497315 | Average Reward: -118.726 | Steps: 34335 | Total Reward: -32627.513015623244|
| Episode: 174 | Epsilon:  0.10 | Reward: -85.43183870548884 | Average Reward: -117.870 | Steps: 34513 | Total Reward: -32712.94485432873|
| Episode: 175 | Epsilon:  0.10 | Reward: -99.02917337549381 | Average Reward: -116.477 | Steps: 34745 | Total Reward: -32811.97402770423|
| Episode: 176 | Epsilon:  0.10 | Reward: -31.938707053349574 | Average Reward: -116.430 | Steps: 34915 | Total Reward: -32843.9127347576|
| Episode: 177 | Epsilon:  0.10 | Reward: -193.6198381149527 | Average Reward: -115.671 | Steps: 35127 | Total Reward: -33037.53257287258|
| Episode: 178 | Epsilon:  0.10 | Reward: -172.55640713731663 | Average Reward: -114.806 | Steps: 35304 | Total Reward: -33210.088980009896|
| Episode: 179 | Epsilon:  0.10 | Reward: -172.59759752404318 | Average Reward: -113.677 | Steps: 35492 | Total Reward: -33382.686577533925|
| Episode: 180 | Epsilon:  0.10 | Reward: -7.890742255194169 | Average Reward: -112.852 | Steps: 35681 | Total Reward: -33390.57731978914|
| Episode: 181 | Epsilon:  0.10 | Reward: -16.812659052911798 | Average Reward: -110.399 | Steps: 35928 | Total Reward: -33407.38997884202|
| Episode: 182 | Epsilon:  0.10 | Reward: -171.09320519253924 | Average Reward: -110.520 | Steps: 36088 | Total Reward: -33578.48318403456|
| Episode: 183 | Epsilon:  0.10 | Reward: -100.04181695133988 | Average Reward: -108.667 | Steps: 36273 | Total Reward: -33678.52500098589|
| Episode: 184 | Epsilon:  0.10 | Reward: -29.726601738536317 | Average Reward: -108.234 | Steps: 36466 | Total Reward: -33708.25160272444|
| Episode: 185 | Epsilon:  0.10 | Reward: -222.75028134440188 | Average Reward: -110.177 | Steps: 36735 | Total Reward: -33931.00188406882|
| Episode: 186 | Epsilon:  0.10 | Reward: -131.70833357116476 | Average Reward: -108.696 | Steps: 36910 | Total Reward: -34062.71021763994|
| Episode: 187 | Epsilon:  0.10 | Reward: -60.83097057168883 | Average Reward: -107.502 | Steps: 37081 | Total Reward: -34123.5411882116|
| Episode: 188 | Epsilon:  0.10 | Reward: -267.68577977225107 | Average Reward: -107.867 | Steps: 37458 | Total Reward: -34391.22696798382|
| Episode: 189 | Epsilon:  0.10 | Reward: 222.2042263817163 | Average Reward: -105.092 | Steps: 37770 | Total Reward: -34169.02274160211|
| Episode: 190 | Epsilon:  0.10 | Reward: -10.925936904674842 | Average Reward: -103.360 | Steps: 37950 | Total Reward: -34179.948678506764|
| Episode: 191 | Epsilon:  0.10 | Reward: 261.35194578338377 | Average Reward: -100.440 | Steps: 38526 | Total Reward: -33918.596732723345|
| Episode: 192 | Epsilon:  0.10 | Reward: -42.34798279911138 | Average Reward: -100.326 | Steps: 38807 | Total Reward: -33960.94471552242|
| Episode: 193 | Epsilon:  0.10 | Reward: -222.6734684361997 | Average Reward: -99.351 | Steps: 38969 | Total Reward: -34183.6181839586|
| Episode: 194 | Epsilon:  0.10 | Reward: -150.86438291447533 | Average Reward: -100.079 | Steps: 39134 | Total Reward: -34334.4825668731|
| Episode: 195 | Epsilon:  0.10 | Reward: -176.90243580209432 | Average Reward: -100.668 | Steps: 39322 | Total Reward: -34511.38500267519|
| Episode: 196 | Epsilon:  0.10 | Reward: 235.71055883329302 | Average Reward: -95.813 | Steps: 39645 | Total Reward: -34275.674443841905|
| Episode: 197 | Epsilon:  0.10 | Reward: -220.60099374752085 | Average Reward: -97.633 | Steps: 39977 | Total Reward: -34496.27543758947|
| Episode: 198 | Epsilon:  0.10 | Reward: 10.631415408477807 | Average Reward: -96.977 | Steps: 40208 | Total Reward: -34485.64402218099|
| Episode: 199 | Epsilon:  0.10 | Reward: -378.42512847968976 | Average Reward: -98.323 | Steps: 40611 | Total Reward: -34864.069150660725|
| Episode: 200 | Epsilon:  0.10 | Reward: -12.606233023366826 | Average Reward: -97.796 | Steps: 40854 | Total Reward: -34876.675383684065|
| Episode: 201 | Epsilon:  0.10 | Reward: -239.54552921725087 | Average Reward: -99.770 | Steps: 41031 | Total Reward: -35116.22091290131|
| Episode: 202 | Epsilon:  0.10 | Reward: -200.76704398383086 | Average Reward: -100.656 | Steps: 41181 | Total Reward: -35316.987956885125|
| Episode: 203 | Epsilon:  0.10 | Reward: -92.62018037400755 | Average Reward: -101.233 | Steps: 41399 | Total Reward: -35409.60813725908|
| Episode: 204 | Epsilon:  0.10 | Reward: -45.815839131607675 | Average Reward: -100.820 | Steps: 41635 | Total Reward: -35455.423976390666|
| Episode: 205 | Epsilon:  0.10 | Reward: 252.15569061970174 | Average Reward: -97.617 | Steps: 42039 | Total Reward: -35203.268285770966|
| Episode: 206 | Epsilon:  0.10 | Reward: -63.617499462627585 | Average Reward: -97.274 | Steps: 42208 | Total Reward: -35266.88578523361|
| Episode: 207 | Epsilon:  0.10 | Reward: -137.2624431277908 | Average Reward: -96.002 | Steps: 42412 | Total Reward: -35404.14822836133|
| Episode: 208 | Epsilon:  0.10 | Reward: -212.55450985686565 | Average Reward: -95.439 | Steps: 42594 | Total Reward: -35616.702738218206|
| Episode: 209 | Epsilon:  0.10 | Reward: -160.51241384118083 | Average Reward: -95.916 | Steps: 42740 | Total Reward: -35777.215152059325|
| Episode: 210 | Epsilon:  0.10 | Reward: -14.370925613850517 | Average Reward: -93.431 | Steps: 42989 | Total Reward: -35791.58607767317|
| Episode: 211 | Epsilon:  0.10 | Reward: -156.1739638977409 | Average Reward: -93.400 | Steps: 43158 | Total Reward: -35947.760041570895|
| Episode: 212 | Epsilon:  0.10 | Reward: -55.54384722561407 | Average Reward: -93.724 | Steps: 43382 | Total Reward: -36003.30388879651|
| Episode: 213 | Epsilon:  0.10 | Reward: -27.34661435408964 | Average Reward: -92.037 | Steps: 43590 | Total Reward: -36030.65050315057|
| Episode: 214 | Epsilon:  0.10 | Reward: -169.99838112407986 | Average Reward: -92.871 | Steps: 43762 | Total Reward: -36200.6488842747|
| Episode: 215 | Epsilon:  0.10 | Reward: -234.4816403110621 | Average Reward: -95.465 | Steps: 44003 | Total Reward: -36435.13052458575|
| Episode: 216 | Epsilon:  0.10 | Reward: -247.52813048757474 | Average Reward: -96.986 | Steps: 44245 | Total Reward: -36682.65865507328|
| Episode: 217 | Epsilon:  0.10 | Reward: -43.92030221571437 | Average Reward: -95.318 | Steps: 44435 | Total Reward: -36726.57895728899|
| Episode: 218 | Epsilon:  0.10 | Reward: -28.310096160117567 | Average Reward: -94.799 | Steps: 44596 | Total Reward: -36754.88905344912|
| Episode: 219 | Epsilon:  0.10 | Reward: -29.192910719288903 | Average Reward: -94.845 | Steps: 44870 | Total Reward: -36784.0819641684|
| Episode: 220 | Epsilon:  0.10 | Reward: -74.3002283980905 | Average Reward: -93.924 | Steps: 45076 | Total Reward: -36858.38219256651|
| Episode: 221 | Epsilon:  0.10 | Reward: -87.1660087438128 | Average Reward: -93.943 | Steps: 45285 | Total Reward: -36945.54820131029|
| Episode: 222 | Epsilon:  0.10 | Reward: -243.6355011602284 | Average Reward: -96.389 | Steps: 45574 | Total Reward: -37189.183702470444|
| Episode: 223 | Epsilon:  0.10 | Reward: 285.4752917296101 | Average Reward: -91.316 | Steps: 46021 | Total Reward: -36903.708410740845|
| Episode: 224 | Epsilon:  0.10 | Reward: -9.399531761070392 | Average Reward: -89.135 | Steps: 46200 | Total Reward: -36913.10794250192|
| Episode: 225 | Epsilon:  0.10 | Reward: 262.09332239433706 | Average Reward: -85.883 | Steps: 46517 | Total Reward: -36651.0146201075|
| Episode: 226 | Epsilon:  0.10 | Reward: -224.372769172448 | Average Reward: -85.631 | Steps: 46698 | Total Reward: -36875.38738927993|
| Episode: 227 | Epsilon:  0.10 | Reward: -47.08860036794674 | Average Reward: -83.746 | Steps: 46888 | Total Reward: -36922.475989647835|
| Episode: 228 | Epsilon:  0.10 | Reward: -168.23929114125428 | Average Reward: -83.262 | Steps: 47052 | Total Reward: -37090.71528078914|
| Episode: 229 | Epsilon:  0.10 | Reward: -142.85358086896585 | Average Reward: -83.749 | Steps: 47225 | Total Reward: -37233.568861658154|
| Episode: 230 | Epsilon:  0.10 | Reward: -199.93612288431018 | Average Reward: -85.315 | Steps: 47471 | Total Reward: -37433.50498454241|
| Episode: 231 | Epsilon:  0.10 | Reward: -204.2840270911163 | Average Reward: -87.132 | Steps: 47762 | Total Reward: -37637.78901163351|
| Episode: 232 | Epsilon:  0.10 | Reward: -68.25557270842555 | Average Reward: -87.122 | Steps: 47934 | Total Reward: -37706.04458434196|
| Episode: 233 | Epsilon:  0.10 | Reward: 5.971451966081972 | Average Reward: -82.966 | Steps: 48190 | Total Reward: -37700.073132375896|
| Episode: 234 | Epsilon:  0.10 | Reward: -86.11821945329088 | Average Reward: -84.295 | Steps: 48466 | Total Reward: -37786.19135182915|
| Episode: 235 | Epsilon:  0.10 | Reward: -33.62747540412762 | Average Reward: -84.270 | Steps: 48707 | Total Reward: -37819.818827233314|
| Episode: 236 | Epsilon:  0.10 | Reward: -266.2747741815017 | Average Reward: -86.112 | Steps: 48971 | Total Reward: -38086.093601414796|
| Episode: 237 | Epsilon:  0.10 | Reward: -224.33229784113706 | Average Reward: -88.262 | Steps: 49356 | Total Reward: -38310.42589925596|
| Episode: 238 | Epsilon:  0.10 | Reward: 272.94584236210414 | Average Reward: -83.349 | Steps: 49958 | Total Reward: -38037.48005689391|
| Episode: 239 | Epsilon:  0.10 | Reward: -213.97617881140218 | Average Reward: -84.777 | Steps: 50186 | Total Reward: -38251.45623570528|
| Episode: 240 | Epsilon:  0.10 | Reward: -227.08444074374793 | Average Reward: -86.376 | Steps: 50422 | Total Reward: -38478.540676448996|
| Episode: 241 | Epsilon:  0.10 | Reward: 240.42788294658502 | Average Reward: -83.795 | Steps: 50968 | Total Reward: -38238.11279350239|
| Episode: 242 | Epsilon:  0.10 | Reward: -241.85357558003136 | Average Reward: -84.966 | Steps: 51254 | Total Reward: -38479.9663690824|
| Episode: 243 | Epsilon:  0.10 | Reward: -21.937776859124043 | Average Reward: -84.912 | Steps: 51532 | Total Reward: -38501.90414594155|
| Episode: 244 | Epsilon:  0.10 | Reward: -212.28298857207938 | Average Reward: -86.243 | Steps: 51766 | Total Reward: -38714.187134513595|
| Episode: 245 | Epsilon:  0.10 | Reward: 253.6807621521616 | Average Reward: -83.141 | Steps: 52319 | Total Reward: -38460.506372361495|
| Episode: 246 | Epsilon:  0.10 | Reward: 289.1649885631696 | Average Reward: -76.759 | Steps: 52830 | Total Reward: -38171.341383798244|
| Episode: 247 | Epsilon:  0.10 | Reward: -73.7149813455485 | Average Reward: -77.304 | Steps: 53118 | Total Reward: -38245.056365143784|
| Episode: 248 | Epsilon:  0.10 | Reward: -87.76422655298192 | Average Reward: -78.238 | Steps: 53350 | Total Reward: -38332.820591696756|
| Episode: 249 | Epsilon:  0.10 | Reward: -44.82195081839893 | Average Reward: -76.011 | Steps: 53556 | Total Reward: -38377.642542515176|
| Episode: 250 | Epsilon:  0.10 | Reward: -251.09772564231739 | Average Reward: -78.840 | Steps: 53821 | Total Reward: -38628.740268157446|
| Episode: 251 | Epsilon:  0.10 | Reward: -185.9848762134013 | Average Reward: -78.778 | Steps: 53990 | Total Reward: -38814.72514437087|
| Episode: 252 | Epsilon:  0.10 | Reward: -4.337136820145005 | Average Reward: -78.490 | Steps: 54194 | Total Reward: -38819.062281191065|
| Episode: 253 | Epsilon:  0.10 | Reward: 258.0720375317638 | Average Reward: -75.727 | Steps: 54673 | Total Reward: -38560.99024365928|
| Episode: 254 | Epsilon:  0.10 | Reward: -209.0300637827633 | Average Reward: -76.067 | Steps: 54890 | Total Reward: -38770.02030744201|
| Episode: 255 | Epsilon:  0.10 | Reward: -243.22347354975878 | Average Reward: -77.678 | Steps: 55123 | Total Reward: -39013.24378099181|
| Episode: 256 | Epsilon:  0.10 | Reward: -338.4602711342388 | Average Reward: -79.551 | Steps: 55354 | Total Reward: -39351.704052126035|
| Episode: 257 | Epsilon:  0.10 | Reward: 133.22146698625357 | Average Reward: -77.715 | Steps: 56354 | Total Reward: -39218.48258513975|
| Episode: 258 | Epsilon:  0.10 | Reward: -221.11958969700544 | Average Reward: -79.358 | Steps: 56561 | Total Reward: -39439.602174836815|
| Episode: 259 | Epsilon:  0.10 | Reward: -211.94892143822028 | Average Reward: -79.917 | Steps: 56801 | Total Reward: -39651.551096275005|
| Episode: 260 | Epsilon:  0.10 | Reward: -177.60556222889846 | Average Reward: -81.048 | Steps: 57041 | Total Reward: -39829.15665850386|
| Episode: 261 | Epsilon:  0.10 | Reward: -219.66369871650946 | Average Reward: -83.064 | Steps: 57289 | Total Reward: -40048.8203572204|
| Episode: 262 | Epsilon:  0.10 | Reward: 227.4507240739356 | Average Reward: -78.224 | Steps: 57875 | Total Reward: -39821.36963314638|
| Episode: 263 | Epsilon:  0.10 | Reward: -202.2732171870046 | Average Reward: -79.924 | Steps: 58113 | Total Reward: -40023.64285033336|
| Episode: 264 | Epsilon:  0.10 | Reward: -18.38540309171418 | Average Reward: -78.268 | Steps: 58293 | Total Reward: -40042.02825342508|
| Episode: 265 | Epsilon:  0.10 | Reward: -49.834081098358695 | Average Reward: -76.510 | Steps: 58504 | Total Reward: -40091.86233452342|
| Episode: 266 | Epsilon:  0.10 | Reward: 6.6989089146836704 | Average Reward: -78.835 | Steps: 58875 | Total Reward: -40085.16342560874|
| Episode: 267 | Epsilon:  0.10 | Reward: -185.12106550905855 | Average Reward: -80.297 | Steps: 59066 | Total Reward: -40270.28449111777|
| Episode: 268 | Epsilon:  0.10 | Reward: -58.2702938613206 | Average Reward: -80.715 | Steps: 59348 | Total Reward: -40328.554784979046|
| Episode: 269 | Epsilon:  0.10 | Reward: -71.85317116389174 | Average Reward: -79.699 | Steps: 59579 | Total Reward: -40400.40795614301|
| Episode: 270 | Epsilon:  0.10 | Reward: -17.013159349446525 | Average Reward: -78.508 | Steps: 59767 | Total Reward: -40417.421115492434|
| Episode: 271 | Epsilon:  0.10 | Reward: -325.8088716965824 | Average Reward: -84.250 | Steps: 59930 | Total Reward: -40743.22998718903|
| Episode: 272 | Epsilon:  0.10 | Reward: 208.9959749000554 | Average Reward: -81.365 | Steps: 60539 | Total Reward: -40534.23401228894|
| Episode: 273 | Epsilon:  0.10 | Reward: -253.058950978311 | Average Reward: -81.598 | Steps: 60752 | Total Reward: -40787.29296326724|
| Episode: 274 | Epsilon:  0.10 | Reward: 7.075140780169818 | Average Reward: -80.673 | Steps: 60985 | Total Reward: -40780.21782248703|
| Episode: 275 | Epsilon:  0.10 | Reward: -167.1727272475475 | Average Reward: -81.354 | Steps: 61149 | Total Reward: -40947.39054973452|
| Episode: 276 | Epsilon:  0.10 | Reward: -270.94082255015263 | Average Reward: -83.744 | Steps: 61390 | Total Reward: -41218.33137228467|
| Episode: 277 | Epsilon:  0.10 | Reward: -79.64931262594948 | Average Reward: -82.604 | Steps: 61701 | Total Reward: -41297.980684910595|
| Episode: 278 | Epsilon:  0.10 | Reward: -254.28621265560253 | Average Reward: -83.422 | Steps: 62015 | Total Reward: -41552.2668975662|
| Episode: 279 | Epsilon:  0.10 | Reward: -179.43794598948475 | Average Reward: -83.490 | Steps: 62174 | Total Reward: -41731.70484355567|
| Episode: 280 | Epsilon:  0.10 | Reward: -245.76837770368115 | Average Reward: -85.869 | Steps: 62327 | Total Reward: -41977.473221259366|
| Episode: 281 | Epsilon:  0.10 | Reward: -12.556217832927672 | Average Reward: -85.826 | Steps: 62512 | Total Reward: -41990.0294390923|
| Episode: 282 | Epsilon:  0.10 | Reward: -229.22315663998583 | Average Reward: -86.408 | Steps: 62728 | Total Reward: -42219.252595732236|
| Episode: 283 | Epsilon:  0.10 | Reward: -251.22229594527565 | Average Reward: -87.919 | Steps: 62961 | Total Reward: -42470.47489167754|
| Episode: 284 | Epsilon:  0.10 | Reward: -205.524336178741 | Average Reward: -89.677 | Steps: 63266 | Total Reward: -42675.99922785624|
| Episode: 285 | Epsilon:  0.10 | Reward: -39.805249684876294 | Average Reward: -87.848 | Steps: 63444 | Total Reward: -42715.80447754114|
| Episode: 286 | Epsilon:  0.10 | Reward: -202.47187319657735 | Average Reward: -88.556 | Steps: 63664 | Total Reward: -42918.276350737695|
| Episode: 287 | Epsilon:  0.10 | Reward: -39.72106932415501 | Average Reward: -88.345 | Steps: 63961 | Total Reward: -42957.99742006189|
| Episode: 288 | Epsilon:  0.10 | Reward: -96.84961403741855 | Average Reward: -86.636 | Steps: 64281 | Total Reward: -43054.84703409931|
| Episode: 289 | Epsilon:  0.10 | Reward: -115.58633737840889 | Average Reward: -90.014 | Steps: 64517 | Total Reward: -43170.433371477724|
| Episode: 290 | Epsilon:  0.10 | Reward: -234.30523751020684 | Average Reward: -92.248 | Steps: 64797 | Total Reward: -43404.73860898795|
| Episode: 291 | Epsilon:  0.10 | Reward: 230.10036705481653 | Average Reward: -92.560 | Steps: 65224 | Total Reward: -43174.638241933186|
| Episode: 292 | Epsilon:  0.10 | Reward: 231.6635509163014 | Average Reward: -89.820 | Steps: 65910 | Total Reward: -42942.974691016956|
| Episode: 293 | Epsilon:  0.10 | Reward: 251.79293019877468 | Average Reward: -85.076 | Steps: 66412 | Total Reward: -42691.18176081813|
| Episode: 294 | Epsilon:  0.10 | Reward: -232.5151078315918 | Average Reward: -85.892 | Steps: 66628 | Total Reward: -42923.69686864974|
| Episode: 295 | Epsilon:  0.10 | Reward: -70.04901575370846 | Average Reward: -84.824 | Steps: 66814 | Total Reward: -42993.74588440347|
| Episode: 296 | Epsilon:  0.10 | Reward: -244.3361566021866 | Average Reward: -89.624 | Steps: 67097 | Total Reward: -43238.082041005706|
| Episode: 297 | Epsilon:  0.10 | Reward: -175.16089827250278 | Average Reward: -89.170 | Steps: 67343 | Total Reward: -43413.242939278236|
| Episode: 298 | Epsilon:  0.10 | Reward: -179.49242956427915 | Average Reward: -91.071 | Steps: 67596 | Total Reward: -43592.735368842514|
| Episode: 299 | Epsilon:  0.10 | Reward: 266.9661860459801 | Average Reward: -84.617 | Steps: 68207 | Total Reward: -43325.769182796525|
| Episode: 300 | Epsilon:  0.10 | Reward: -203.67575716095155 | Average Reward: -86.528 | Steps: 68555 | Total Reward: -43529.44493995748|
| Episode: 301 | Epsilon:  0.10 | Reward: -209.55293053216343 | Average Reward: -86.228 | Steps: 68792 | Total Reward: -43738.997870489715|
| Episode: 302 | Epsilon:  0.10 | Reward: -28.04626865003695 | Average Reward: -84.501 | Steps: 69025 | Total Reward: -43767.044139139754|
| Episode: 303 | Epsilon:  0.10 | Reward: -202.25329464827033 | Average Reward: -85.597 | Steps: 69273 | Total Reward: -43969.29743378802|
| Episode: 304 | Epsilon:  0.10 | Reward: -261.0318995750713 | Average Reward: -87.749 | Steps: 69502 | Total Reward: -44230.329333363145|
| Episode: 305 | Epsilon:  0.10 | Reward: 204.92240774804088 | Average Reward: -88.221 | Steps: 69917 | Total Reward: -44025.406925615105|
| Episode: 306 | Epsilon:  0.10 | Reward: -88.23861846570892 | Average Reward: -88.468 | Steps: 70105 | Total Reward: -44113.64554408081|
| Episode: 307 | Epsilon:  0.10 | Reward: 14.226254660233991 | Average Reward: -86.953 | Steps: 70349 | Total Reward: -44099.41928942059|
| Episode: 308 | Epsilon:  0.10 | Reward: -17.957008179903852 | Average Reward: -85.007 | Steps: 70654 | Total Reward: -44117.37629760051|
| Episode: 309 | Epsilon:  0.10 | Reward: 203.18665079566904 | Average Reward: -81.370 | Steps: 71534 | Total Reward: -43914.189646804865|
| Episode: 310 | Epsilon:  0.10 | Reward: -69.1940495502318 | Average Reward: -81.918 | Steps: 71731 | Total Reward: -43983.3836963551|
| Episode: 311 | Epsilon:  0.10 | Reward: -222.5197327340449 | Average Reward: -82.581 | Steps: 71959 | Total Reward: -44205.903429089165|
| Episode: 312 | Epsilon:  0.10 | Reward: -205.77051433989874 | Average Reward: -84.084 | Steps: 72165 | Total Reward: -44411.673943428985|
| Episode: 313 | Epsilon:  0.10 | Reward: -219.48994100291378 | Average Reward: -86.005 | Steps: 72311 | Total Reward: -44631.16388443193|
| Episode: 314 | Epsilon:  0.10 | Reward: -222.24436790141857 | Average Reward: -86.528 | Steps: 72530 | Total Reward: -44853.408252333335|
| Episode: 315 | Epsilon:  0.10 | Reward: 269.451609054809 | Average Reward: -81.488 | Steps: 72931 | Total Reward: -44583.95664327857|
| Episode: 316 | Epsilon:  0.10 | Reward: -241.10014353419416 | Average Reward: -81.424 | Steps: 73162 | Total Reward: -44825.05678681274|
| Episode: 317 | Epsilon:  0.10 | Reward: -56.5915845217822 | Average Reward: -81.551 | Steps: 73471 | Total Reward: -44881.64837133447|
| Episode: 318 | Epsilon:  0.10 | Reward: -37.58247745764659 | Average Reward: -81.643 | Steps: 73661 | Total Reward: -44919.230848792155|
| Episode: 319 | Epsilon:  0.10 | Reward: -119.04619251240338 | Average Reward: -82.542 | Steps: 73843 | Total Reward: -45038.27704130454|
| Episode: 320 | Epsilon:  0.10 | Reward: -35.6360213740509 | Average Reward: -82.155 | Steps: 74027 | Total Reward: -45073.913062678585|
| Episode: 321 | Epsilon:  0.10 | Reward: 259.13178756797777 | Average Reward: -78.692 | Steps: 74696 | Total Reward: -44814.78127511056|
| Episode: 322 | Epsilon:  0.10 | Reward: 214.65868452273995 | Average Reward: -74.109 | Steps: 75090 | Total Reward: -44600.12259058785|
| Episode: 323 | Epsilon:  0.10 | Reward: 90.7695901626636 | Average Reward: -76.056 | Steps: 76090 | Total Reward: -44509.35300042504|
| Episode: 324 | Epsilon:  0.10 | Reward: -241.52114284172924 | Average Reward: -78.378 | Steps: 76329 | Total Reward: -44750.8741432668|
| Episode: 325 | Epsilon:  0.10 | Reward: 296.35330669786185 | Average Reward: -78.035 | Steps: 76720 | Total Reward: -44454.5208365689|
| Episode: 326 | Epsilon:  0.10 | Reward: -13.659909681389905 | Average Reward: -75.928 | Steps: 76911 | Total Reward: -44468.18074625031|
| Episode: 327 | Epsilon:  0.10 | Reward: -90.49764218593657 | Average Reward: -76.362 | Steps: 77124 | Total Reward: -44558.67838843628|
| Episode: 328 | Epsilon:  0.10 | Reward: -189.48599368375733 | Average Reward: -76.574 | Steps: 77315 | Total Reward: -44748.16438212006|
| Episode: 329 | Epsilon:  0.10 | Reward: -17.228556386804925 | Average Reward: -75.318 | Steps: 77518 | Total Reward: -44765.392938506855|
| Episode: 330 | Epsilon:  0.10 | Reward: -15.723219380777792 | Average Reward: -73.476 | Steps: 77780 | Total Reward: -44781.11615788762|
| Episode: 331 | Epsilon:  0.10 | Reward: -197.70110857234306 | Average Reward: -73.410 | Steps: 77968 | Total Reward: -44978.81726645996|
| Episode: 332 | Epsilon:  0.10 | Reward: -34.882265109850564 | Average Reward: -73.077 | Steps: 78161 | Total Reward: -45013.699531569786|
| Episode: 333 | Epsilon:  0.10 | Reward: -203.5225838172618 | Average Reward: -75.171 | Steps: 78363 | Total Reward: -45217.22211538705|
| Episode: 334 | Epsilon:  0.10 | Reward: -69.50386849298587 | Average Reward: -75.005 | Steps: 78624 | Total Reward: -45286.72598388006|
| Episode: 335 | Epsilon:  0.10 | Reward: -187.24160921054394 | Average Reward: -76.541 | Steps: 78862 | Total Reward: -45473.96759309061|
| Episode: 336 | Epsilon:  0.10 | Reward: 24.60285890531742 | Average Reward: -73.633 | Steps: 79109 | Total Reward: -45449.36473418531|
| Episode: 337 | Epsilon:  0.10 | Reward: -212.54243724646147 | Average Reward: -73.515 | Steps: 79351 | Total Reward: -45661.907171431754|
| Episode: 338 | Epsilon:  0.10 | Reward: -219.82607625064878 | Average Reward: -78.443 | Steps: 79575 | Total Reward: -45881.73324768239|
| Episode: 339 | Epsilon:  0.10 | Reward: -198.578434893377 | Average Reward: -78.289 | Steps: 79798 | Total Reward: -46080.31168257572|
| Episode: 340 | Epsilon:  0.10 | Reward: -198.76219725241788 | Average Reward: -78.005 | Steps: 80026 | Total Reward: -46279.0738798282|
| Episode: 341 | Epsilon:  0.10 | Reward: -9.398962293013412 | Average Reward: -80.504 | Steps: 80222 | Total Reward: -46288.472842121184|
| Episode: 342 | Epsilon:  0.10 | Reward: -174.43134443255468 | Average Reward: -79.829 | Steps: 80376 | Total Reward: -46462.90418655372|
| Episode: 343 | Epsilon:  0.10 | Reward: -258.3519719762969 | Average Reward: -82.194 | Steps: 80585 | Total Reward: -46721.256158530035|
| Episode: 344 | Epsilon:  0.10 | Reward: -43.34147879417419 | Average Reward: -80.504 | Steps: 80768 | Total Reward: -46764.597637324216|
| Episode: 345 | Epsilon:  0.10 | Reward: -159.06309009046305 | Average Reward: -84.632 | Steps: 80940 | Total Reward: -46923.660727414666|
| Episode: 346 | Epsilon:  0.10 | Reward: -214.9680877009322 | Average Reward: -89.673 | Steps: 81161 | Total Reward: -47138.62881511562|
| Episode: 347 | Epsilon:  0.10 | Reward: -45.502235177329055 | Average Reward: -89.391 | Steps: 81331 | Total Reward: -47184.13105029291|
| Episode: 348 | Epsilon:  0.10 | Reward: 39.88288808885568 | Average Reward: -88.114 | Steps: 81598 | Total Reward: -47144.248162204094|
| Episode: 349 | Epsilon:  0.10 | Reward: -253.0131947635689 | Average Reward: -90.196 | Steps: 81911 | Total Reward: -47397.26135696765|
| Episode: 350 | Epsilon:  0.10 | Reward: -170.38121020721195 | Average Reward: -89.389 | Steps: 82132 | Total Reward: -47567.642567174866|
| Episode: 351 | Epsilon:  0.10 | Reward: -208.63323329975267 | Average Reward: -89.616 | Steps: 82277 | Total Reward: -47776.27580047462|
| Episode: 352 | Epsilon:  0.10 | Reward: -277.6349863205041 | Average Reward: -92.348 | Steps: 82565 | Total Reward: -48053.91078679513|
| Episode: 353 | Epsilon:  0.10 | Reward: -49.71779658364464 | Average Reward: -95.426 | Steps: 82785 | Total Reward: -48103.628583378755|
| Episode: 354 | Epsilon:  0.10 | Reward: 40.72524751286943 | Average Reward: -92.929 | Steps: 82993 | Total Reward: -48062.90333586594|
| Episode: 355 | Epsilon:  0.10 | Reward: -38.96083184954425 | Average Reward: -90.886 | Steps: 83329 | Total Reward: -48101.86416771547|
| Episode: 356 | Epsilon:  0.10 | Reward: 36.32614904290827 | Average Reward: -87.138 | Steps: 83509 | Total Reward: -48065.538018672574|
| Episode: 357 | Epsilon:  0.10 | Reward: 216.95520932032417 | Average Reward: -86.301 | Steps: 84485 | Total Reward: -47848.58280935228|
| Episode: 358 | Epsilon:  0.10 | Reward: 275.8531913896312 | Average Reward: -81.331 | Steps: 84912 | Total Reward: -47572.72961796261|
| Episode: 359 | Epsilon:  0.10 | Reward: -245.3346153331019 | Average Reward: -81.665 | Steps: 85204 | Total Reward: -47818.064233295685|
| Episode: 360 | Epsilon:  0.10 | Reward: 258.39659651180165 | Average Reward: -77.305 | Steps: 85631 | Total Reward: -47559.667636783895|
| Episode: 361 | Epsilon:  0.10 | Reward: 110.71198899411718 | Average Reward: -74.001 | Steps: 86631 | Total Reward: -47448.955647789764|
| Episode: 362 | Epsilon:  0.10 | Reward: -254.2756557623766 | Average Reward: -78.819 | Steps: 86893 | Total Reward: -47703.23130355217|
| Episode: 363 | Epsilon:  0.10 | Reward: -141.44083616577197 | Average Reward: -78.210 | Steps: 87067 | Total Reward: -47844.67213971798|
| Episode: 364 | Epsilon:  0.10 | Reward: -16.837249925473287 | Average Reward: -78.195 | Steps: 87320 | Total Reward: -47861.509389643434|
| Episode: 365 | Epsilon:  0.10 | Reward: -25.648744526113347 | Average Reward: -77.953 | Steps: 87545 | Total Reward: -47887.158134169484|
| Episode: 366 | Epsilon:  0.10 | Reward: -71.61154699578098 | Average Reward: -78.736 | Steps: 87860 | Total Reward: -47958.76968116526|
| Episode: 367 | Epsilon:  0.10 | Reward: 251.31509883568498 | Average Reward: -74.372 | Steps: 88245 | Total Reward: -47707.454582329614|
| Episode: 368 | Epsilon:  0.10 | Reward: -196.25890197444932 | Average Reward: -75.752 | Steps: 88470 | Total Reward: -47903.713484304026|
| Episode: 369 | Epsilon:  0.10 | Reward: 213.32298948742317 | Average Reward: -72.900 | Steps: 88845 | Total Reward: -47690.390494816624|
| Episode: 370 | Epsilon:  0.10 | Reward: -165.2034705854844 | Average Reward: -74.382 | Steps: 89067 | Total Reward: -47855.5939654021|
| Episode: 371 | Epsilon:  0.10 | Reward: -31.186960518464645 | Average Reward: -71.436 | Steps: 89254 | Total Reward: -47886.78092592058|
| Episode: 372 | Epsilon:  0.10 | Reward: -167.0679000708721 | Average Reward: -75.196 | Steps: 89412 | Total Reward: -48053.848825991445|
| Episode: 373 | Epsilon:  0.10 | Reward: 19.32356260197058 | Average Reward: -72.472 | Steps: 89682 | Total Reward: -48034.52526338951|
| Episode: 374 | Epsilon:  0.10 | Reward: -277.4744905692837 | Average Reward: -75.318 | Steps: 90167 | Total Reward: -48311.99975395874|
| Episode: 375 | Epsilon:  0.10 | Reward: -61.28547237273074 | Average Reward: -74.259 | Steps: 90345 | Total Reward: -48373.28522633144|
| Episode: 376 | Epsilon:  0.10 | Reward: 208.92319052230843 | Average Reward: -69.460 | Steps: 90915 | Total Reward: -48164.36203580918|
| Episode: 377 | Epsilon:  0.10 | Reward: 20.51482523413783 | Average Reward: -68.459 | Steps: 91139 | Total Reward: -48143.84721057505|
| Episode: 378 | Epsilon:  0.10 | Reward: 182.13264578845587 | Average Reward: -64.094 | Steps: 92092 | Total Reward: -47961.714564786635|
| Episode: 379 | Epsilon:  0.10 | Reward: 276.6443607005172 | Average Reward: -59.534 | Steps: 92400 | Total Reward: -47685.07020408614|
| Episode: 380 | Epsilon:  0.10 | Reward: -8.193568878009813 | Average Reward: -57.158 | Steps: 92631 | Total Reward: -47693.26377296419|
| Episode: 381 | Epsilon:  0.10 | Reward: -227.64962959248967 | Average Reward: -59.309 | Steps: 92904 | Total Reward: -47920.91340255664|
| Episode: 382 | Epsilon:  0.10 | Reward: -207.72808069249623 | Average Reward: -59.094 | Steps: 93144 | Total Reward: -48128.6414832491|
| Episode: 383 | Epsilon:  0.10 | Reward: -188.55513797243998 | Average Reward: -58.467 | Steps: 93407 | Total Reward: -48317.196621221534|
| Episode: 384 | Epsilon:  0.10 | Reward: -33.44741770502897 | Average Reward: -56.746 | Steps: 93613 | Total Reward: -48350.644038926584|
| Episode: 385 | Epsilon:  0.10 | Reward: -195.35968490489705 | Average Reward: -58.302 | Steps: 93795 | Total Reward: -48546.00372383151|
| Episode: 386 | Epsilon:  0.10 | Reward: 24.61005452099866 | Average Reward: -56.031 | Steps: 93992 | Total Reward: -48521.393669310535|
| Episode: 387 | Epsilon:  0.10 | Reward: 119.73317283625468 | Average Reward: -54.437 | Steps: 94768 | Total Reward: -48401.660496474324|
| Episode: 388 | Epsilon:  0.10 | Reward: -12.142144445748144 | Average Reward: -53.590 | Steps: 95023 | Total Reward: -48413.80264092012|
| Episode: 389 | Epsilon:  0.10 | Reward: 6.340620480573747 | Average Reward: -52.370 | Steps: 95285 | Total Reward: -48407.462020439576|
| Episode: 390 | Epsilon:  0.10 | Reward: -102.6994558739159 | Average Reward: -51.054 | Steps: 95465 | Total Reward: -48510.161476313464|
| Episode: 391 | Epsilon:  0.10 | Reward: -70.40749039195141 | Average Reward: -54.059 | Steps: 95707 | Total Reward: -48580.568966705374|
| Episode: 392 | Epsilon:  0.10 | Reward: -259.23740617210217 | Average Reward: -58.968 | Steps: 95863 | Total Reward: -48839.80637287753|
| Episode: 393 | Epsilon:  0.10 | Reward: -17.197280424421223 | Average Reward: -61.658 | Steps: 96086 | Total Reward: -48857.00365330196|
| Episode: 394 | Epsilon:  0.10 | Reward: -36.358122047704754 | Average Reward: -59.697 | Steps: 96402 | Total Reward: -48893.361775349586|
| Episode: 395 | Epsilon:  0.10 | Reward: 188.15226003080883 | Average Reward: -57.115 | Steps: 97049 | Total Reward: -48705.20951531885|
| Episode: 396 | Epsilon:  0.10 | Reward: -262.36321815250574 | Average Reward: -57.295 | Steps: 97315 | Total Reward: -48967.57273347136|
| Episode: 397 | Epsilon:  0.10 | Reward: -189.37544597534009 | Average Reward: -57.437 | Steps: 97558 | Total Reward: -49156.94817944667|
| Episode: 398 | Epsilon:  0.10 | Reward: -204.18048669161556 | Average Reward: -57.684 | Steps: 97852 | Total Reward: -49361.128666138306|
| Episode: 399 | Epsilon:  0.10 | Reward: -188.13615318784304 | Average Reward: -62.235 | Steps: 98083 | Total Reward: -49549.2648193261|
| Episode: 400 | Epsilon:  0.10 | Reward: 247.11644200991563 | Average Reward: -57.727 | Steps: 98498 | Total Reward: -49302.14837731615|
| Episode: 401 | Epsilon:  0.10 | Reward: -190.96954350600794 | Average Reward: -57.541 | Steps: 98654 | Total Reward: -49493.11792082217|
| Episode: 402 | Epsilon:  0.10 | Reward: -154.273230717921 | Average Reward: -58.803 | Steps: 98836 | Total Reward: -49647.39115154012|
| Episode: 403 | Epsilon:  0.10 | Reward: -194.33613680972667 | Average Reward: -58.724 | Steps: 98935 | Total Reward: -49841.727288349844|
| Episode: 404 | Epsilon:  0.10 | Reward: -133.57152846573538 | Average Reward: -57.450 | Steps: 99252 | Total Reward: -49975.298816815564|
| Episode: 405 | Epsilon:  0.10 | Reward: -266.37567661907815 | Average Reward: -62.163 | Steps: 99523 | Total Reward: -50241.674493434584|
| Episode: 406 | Epsilon:  0.10 | Reward: 8.635235163660738 | Average Reward: -61.194 | Steps: 99721 | Total Reward: -50233.03925827092|
| Episode: 407 | Epsilon:  0.10 | Reward: 246.27297451383282 | Average Reward: -58.873 | Steps: 100232 | Total Reward: -49986.76628375711|
| Episode: 408 | Epsilon:  0.10 | Reward: -248.49250894871977 | Average Reward: -61.179 | Steps: 100437 | Total Reward: -50235.258792705885|
| Episode: 409 | Epsilon:  0.10 | Reward: -166.39057900503457 | Average Reward: -64.875 | Steps: 100600 | Total Reward: -50401.64937171092|
| Episode: 410 | Epsilon:  0.10 | Reward: 45.21973664608814 | Average Reward: -63.730 | Steps: 100804 | Total Reward: -50356.42963506488|
| Episode: 411 | Epsilon:  0.10 | Reward: -195.95395006706718 | Average Reward: -63.465 | Steps: 100977 | Total Reward: -50552.38358513198|
| Episode: 412 | Epsilon:  0.10 | Reward: -38.90996680591735 | Average Reward: -61.796 | Steps: 101197 | Total Reward: -50591.293551937815|
| Episode: 413 | Epsilon:  0.10 | Reward: -189.80058832057733 | Average Reward: -61.499 | Steps: 101442 | Total Reward: -50781.09414025843|
| Episode: 414 | Epsilon:  0.10 | Reward: -176.48674676661636 | Average Reward: -61.042 | Steps: 101599 | Total Reward: -50957.58088702506|
| Episode: 415 | Epsilon:  0.10 | Reward: -221.00750293749175 | Average Reward: -65.946 | Steps: 101824 | Total Reward: -51178.588389962526|
| Episode: 416 | Epsilon:  0.10 | Reward: -209.33572935530776 | Average Reward: -65.629 | Steps: 102046 | Total Reward: -51387.92411931784|
| Episode: 417 | Epsilon:  0.10 | Reward: 244.72853142932738 | Average Reward: -62.615 | Steps: 102466 | Total Reward: -51143.195587888535|
| Episode: 418 | Epsilon:  0.10 | Reward: -44.36919771488505 | Average Reward: -62.683 | Steps: 102693 | Total Reward: -51187.56478560341|
| Episode: 419 | Epsilon:  0.10 | Reward: -170.50489974925537 | Average Reward: -63.198 | Steps: 102867 | Total Reward: -51358.069685352675|
| Episode: 420 | Epsilon:  0.10 | Reward: -231.62075089489156 | Average Reward: -65.158 | Steps: 103193 | Total Reward: -51589.690436247605|
| Episode: 421 | Epsilon:  0.10 | Reward: -195.41854216108672 | Average Reward: -69.703 | Steps: 103426 | Total Reward: -51785.108978408694|
| Episode: 422 | Epsilon:  0.10 | Reward: -186.74951579984582 | Average Reward: -73.717 | Steps: 103610 | Total Reward: -51971.85849420856|
| Episode: 423 | Epsilon:  0.10 | Reward: -131.3389802009883 | Average Reward: -75.938 | Steps: 103783 | Total Reward: -52103.19747440956|
| Episode: 424 | Epsilon:  0.10 | Reward: 275.0357783034772 | Average Reward: -70.773 | Steps: 104300 | Total Reward: -51828.16169610611|
| Episode: 425 | Epsilon:  0.10 | Reward: -167.52681966464345 | Average Reward: -75.412 | Steps: 104473 | Total Reward: -51995.68851577071|
| Episode: 426 | Epsilon:  0.10 | Reward: -146.46448706021062 | Average Reward: -76.740 | Steps: 104695 | Total Reward: -52142.153002830906|
| Episode: 427 | Epsilon:  0.10 | Reward: 28.722051812302908 | Average Reward: -75.548 | Steps: 104905 | Total Reward: -52113.43095101859|
| Episode: 428 | Epsilon:  0.10 | Reward: -66.16226967013122 | Average Reward: -74.314 | Steps: 105153 | Total Reward: -52179.593220688694|
| Episode: 429 | Epsilon:  0.10 | Reward: -7.9545065408570395 | Average Reward: -74.222 | Steps: 105331 | Total Reward: -52187.54772722953|
| Episode: 430 | Epsilon:  0.10 | Reward: -195.43389925634273 | Average Reward: -76.019 | Steps: 105553 | Total Reward: -52382.98162648591|
| Episode: 431 | Epsilon:  0.10 | Reward: -68.00071169912798 | Average Reward: -74.722 | Steps: 105970 | Total Reward: -52450.982338185015|
| Episode: 432 | Epsilon:  0.10 | Reward: -178.92367036966448 | Average Reward: -76.162 | Steps: 106214 | Total Reward: -52629.90600855469|
| Episode: 433 | Epsilon:  0.10 | Reward: -36.36489279609357 | Average Reward: -74.490 | Steps: 106465 | Total Reward: -52666.27090135074|
| Episode: 434 | Epsilon:  0.10 | Reward: -234.6490720743571 | Average Reward: -76.142 | Steps: 106733 | Total Reward: -52900.91997342512|
| Episode: 435 | Epsilon:  0.10 | Reward: -178.07180594542817 | Average Reward: -76.050 | Steps: 106940 | Total Reward: -53078.99177937053|
| Episode: 436 | Epsilon:  0.10 | Reward: 18.57623939581444 | Average Reward: -76.111 | Steps: 107116 | Total Reward: -53060.415539974725|
| Episode: 437 | Epsilon:  0.10 | Reward: -211.1262556828127 | Average Reward: -76.096 | Steps: 107341 | Total Reward: -53271.54179565748|
| Episode: 438 | Epsilon:  0.10 | Reward: -129.6275404569531 | Average Reward: -75.194 | Steps: 107516 | Total Reward: -53401.1693361144|
| Episode: 439 | Epsilon:  0.10 | Reward: -192.64758447287522 | Average Reward: -75.135 | Steps: 107780 | Total Reward: -53593.81692058728|
| Episode: 440 | Epsilon:  0.10 | Reward: -1.7222983567349814 | Average Reward: -73.165 | Steps: 107962 | Total Reward: -53595.53921894401|
| Episode: 441 | Epsilon:  0.10 | Reward: -193.0754515246418 | Average Reward: -75.001 | Steps: 108310 | Total Reward: -53788.6146704686|
| Episode: 442 | Epsilon:  0.10 | Reward: -1.3337129470249778 | Average Reward: -73.270 | Steps: 108490 | Total Reward: -53789.94838341564|
| Episode: 443 | Epsilon:  0.10 | Reward: -4.12006566876677 | Average Reward: -70.728 | Steps: 108686 | Total Reward: -53794.06844908435|
| Episode: 444 | Epsilon:  0.10 | Reward: -202.1062734102303 | Average Reward: -72.316 | Steps: 108904 | Total Reward: -53996.174722494594|
| Episode: 445 | Epsilon:  0.10 | Reward: -29.512715644911353 | Average Reward: -71.020 | Steps: 109103 | Total Reward: -54025.687438139445|
| Episode: 446 | Epsilon:  0.10 | Reward: -194.85978834467122 | Average Reward: -70.819 | Steps: 109323 | Total Reward: -54220.547226484116|
| Episode: 447 | Epsilon:  0.10 | Reward: -103.1540847591956 | Average Reward: -71.396 | Steps: 109759 | Total Reward: -54323.7013112433|
| Episode: 448 | Epsilon:  0.10 | Reward: 180.45037672238905 | Average Reward: -69.990 | Steps: 110193 | Total Reward: -54143.2509345209|
| Episode: 449 | Epsilon:  0.10 | Reward: -246.33187336347098 | Average Reward: -69.923 | Steps: 110524 | Total Reward: -54389.58280788439|
| Episode: 450 | Epsilon:  0.10 | Reward: -223.51285611330277 | Average Reward: -70.455 | Steps: 110751 | Total Reward: -54613.095663997745|
| Episode: 451 | Epsilon:  0.10 | Reward: -97.9225685145579 | Average Reward: -69.347 | Steps: 111087 | Total Reward: -54711.01823251228|
| Episode: 452 | Epsilon:  0.10 | Reward: 166.21153716029312 | Average Reward: -64.909 | Steps: 111934 | Total Reward: -54544.8066953519|
| Episode: 453 | Epsilon:  0.10 | Reward: -37.35233514594201 | Average Reward: -64.785 | Steps: 112096 | Total Reward: -54582.15903049785|
| Episode: 454 | Epsilon:  0.10 | Reward: -24.803905712893112 | Average Reward: -65.441 | Steps: 112363 | Total Reward: -54606.962936210744|
| Episode: 455 | Epsilon:  0.10 | Reward: -62.514950382901276 | Average Reward: -65.676 | Steps: 112598 | Total Reward: -54669.47788659363|
| Episode: 456 | Epsilon:  0.10 | Reward: -183.09903922150863 | Average Reward: -67.870 | Steps: 112776 | Total Reward: -54852.57692581514|
| Episode: 457 | Epsilon:  0.10 | Reward: -214.49224341247387 | Average Reward: -72.185 | Steps: 113012 | Total Reward: -55067.06916922757|
| Episode: 458 | Epsilon:  0.10 | Reward: -164.25521636666332 | Average Reward: -76.586 | Steps: 113242 | Total Reward: -55231.32438559426|
| Episode: 459 | Epsilon:  0.10 | Reward: -198.0072762982383 | Average Reward: -76.113 | Steps: 113422 | Total Reward: -55429.33166189248|
| Episode: 460 | Epsilon:  0.10 | Reward: -0.48644263101311935 | Average Reward: -78.702 | Steps: 113600 | Total Reward: -55429.81810452345|
| Episode: 461 | Epsilon:  0.10 | Reward: -225.50093334616332 | Average Reward: -82.064 | Steps: 113833 | Total Reward: -55655.31903786961|
| Episode: 462 | Epsilon:  0.10 | Reward: -45.53912281794702 | Average Reward: -79.976 | Steps: 114044 | Total Reward: -55700.858160687596|
| Episode: 463 | Epsilon:  0.10 | Reward: -222.01719919130522 | Average Reward: -80.782 | Steps: 114223 | Total Reward: -55922.875359878875|
| Episode: 464 | Epsilon:  0.10 | Reward: -203.82475107635202 | Average Reward: -82.652 | Steps: 114390 | Total Reward: -56126.700110955244|
| Episode: 465 | Epsilon:  0.10 | Reward: -186.74547544325304 | Average Reward: -84.263 | Steps: 114653 | Total Reward: -56313.44558639851|
| Episode: 466 | Epsilon:  0.10 | Reward: -183.62436466295264 | Average Reward: -85.383 | Steps: 114918 | Total Reward: -56497.069951061465|
| Episode: 467 | Epsilon:  0.10 | Reward: 154.15974167843163 | Average Reward: -86.355 | Steps: 115727 | Total Reward: -56342.91020938316|
| Episode: 468 | Epsilon:  0.10 | Reward: -229.71434479741248 | Average Reward: -86.689 | Steps: 115996 | Total Reward: -56572.6245541806|
| Episode: 469 | Epsilon:  0.10 | Reward: 260.58509671041384 | Average Reward: -86.216 | Steps: 116316 | Total Reward: -56312.03945747021|
| Episode: 470 | Epsilon:  0.10 | Reward: -185.81612965309026 | Average Reward: -86.423 | Steps: 116573 | Total Reward: -56497.855587123326|
| Episode: 471 | Epsilon:  0.10 | Reward: -222.3411231819575 | Average Reward: -88.334 | Steps: 116799 | Total Reward: -56720.196710305274|
| Episode: 472 | Epsilon:  0.10 | Reward: -72.51394239094554 | Average Reward: -87.389 | Steps: 116991 | Total Reward: -56792.7106526962|
| Episode: 473 | Epsilon:  0.10 | Reward: -210.16482403094923 | Average Reward: -89.684 | Steps: 117214 | Total Reward: -57002.87547672712|
| Episode: 474 | Epsilon:  0.10 | Reward: 272.30598841646105 | Average Reward: -84.186 | Steps: 117983 | Total Reward: -56730.56948831059|
| Episode: 475 | Epsilon:  0.10 | Reward: -42.318473165552774 | Average Reward: -83.996 | Steps: 118234 | Total Reward: -56772.88796147614|
| Episode: 476 | Epsilon:  0.10 | Reward: -201.18004352295418 | Average Reward: -88.097 | Steps: 118486 | Total Reward: -56974.068004999026|
| Episode: 477 | Epsilon:  0.10 | Reward: -183.08019944813998 | Average Reward: -90.133 | Steps: 118734 | Total Reward: -57157.14820444719|
| Episode: 478 | Epsilon:  0.10 | Reward: 286.57343361999176 | Average Reward: -89.089 | Steps: 119241 | Total Reward: -56870.574770827174|
| Episode: 479 | Epsilon:  0.10 | Reward: -212.78413515698128 | Average Reward: -93.983 | Steps: 119470 | Total Reward: -57083.35890598418|
| Episode: 480 | Epsilon:  0.10 | Reward: -75.05481989416933 | Average Reward: -94.651 | Steps: 120083 | Total Reward: -57158.41372587837|
| Episode: 481 | Epsilon:  0.10 | Reward: -281.43822545818216 | Average Reward: -95.189 | Steps: 120303 | Total Reward: -57439.85195133658|
| Episode: 482 | Epsilon:  0.10 | Reward: -257.82445226288354 | Average Reward: -95.690 | Steps: 120589 | Total Reward: -57697.676403599464|
| Episode: 483 | Epsilon:  0.10 | Reward: -237.70650136389912 | Average Reward: -96.182 | Steps: 120990 | Total Reward: -57935.382904963364|
| Episode: 484 | Epsilon:  0.10 | Reward: -273.7572516186413 | Average Reward: -98.585 | Steps: 121410 | Total Reward: -58209.1401565821|
| Episode: 485 | Epsilon:  0.10 | Reward: -207.67270853345252 | Average Reward: -98.708 | Steps: 121649 | Total Reward: -58416.81286511551|
| Episode: 486 | Epsilon:  0.10 | Reward: -182.76540720520984 | Average Reward: -100.782 | Steps: 121903 | Total Reward: -58599.578272320774|
| Episode: 487 | Epsilon:  0.10 | Reward: -231.30748871907812 | Average Reward: -104.292 | Steps: 122181 | Total Reward: -58830.88576103985|
| Episode: 488 | Epsilon:  0.10 | Reward: -211.27939925986914 | Average Reward: -106.284 | Steps: 122425 | Total Reward: -59042.16516029975|
| Episode: 489 | Epsilon:  0.10 | Reward: -251.4305885619697 | Average Reward: -108.861 | Steps: 122739 | Total Reward: -59293.59574886173|
| Episode: 490 | Epsilon:  0.10 | Reward: -75.59524733589589 | Average Reward: -108.590 | Steps: 122956 | Total Reward: -59369.1909961976|
| Episode: 491 | Epsilon:  0.10 | Reward: 241.24611837278147 | Average Reward: -105.474 | Steps: 123692 | Total Reward: -59127.944877824855|
| Episode: 492 | Epsilon:  0.10 | Reward: -200.36401896660155 | Average Reward: -104.885 | Steps: 123900 | Total Reward: -59328.3088967915|
| Episode: 493 | Epsilon:  0.10 | Reward: -6.231383276962163 | Average Reward: -104.775 | Steps: 124209 | Total Reward: -59334.54028006845|
| Episode: 494 | Epsilon:  0.10 | Reward: -243.09794485296686 | Average Reward: -106.843 | Steps: 124445 | Total Reward: -59577.63822492141|
| Episode: 495 | Epsilon:  0.10 | Reward: 262.6675526242839 | Average Reward: -106.098 | Steps: 125016 | Total Reward: -59314.970672297124|
| Episode: 496 | Epsilon:  0.10 | Reward: 104.68480104703666 | Average Reward: -102.427 | Steps: 126016 | Total Reward: -59210.28587125015|
| Episode: 497 | Epsilon:  0.10 | Reward: -48.366167272089676 | Average Reward: -101.017 | Steps: 126278 | Total Reward: -59258.652038522225|
| Episode: 498 | Epsilon:  0.10 | Reward: -22.953865652344533 | Average Reward: -99.205 | Steps: 126484 | Total Reward: -59281.605904174576|
| Episode: 499 | Epsilon:  0.10 | Reward: -16.34134249444311 | Average Reward: -97.487 | Steps: 126915 | Total Reward: -59297.94724666895|
| Episode: 500 | Epsilon:  0.10 | Reward: -227.02413826132295 | Average Reward: -102.228 | Steps: 127141 | Total Reward: -59524.971384930286|
| Episode: 501 | Epsilon:  0.10 | Reward: 257.8579049457121 | Average Reward: -97.740 | Steps: 127553 | Total Reward: -59267.11347998464|
| Episode: 502 | Epsilon:  0.10 | Reward: -198.38062173188536 | Average Reward: -98.181 | Steps: 127825 | Total Reward: -59465.49410171654|
| Episode: 503 | Epsilon:  0.10 | Reward: 30.935232643778395 | Average Reward: -95.928 | Steps: 128825 | Total Reward: -59434.55886907279|
| Episode: 504 | Epsilon:  0.10 | Reward: -35.63382055835372 | Average Reward: -94.949 | Steps: 129064 | Total Reward: -59470.19268963116|
| Episode: 505 | Epsilon:  0.10 | Reward: -227.75551584407094 | Average Reward: -94.563 | Steps: 129304 | Total Reward: -59697.948205475186|
| Episode: 506 | Epsilon:  0.10 | Reward: -245.41700881484672 | Average Reward: -97.103 | Steps: 129678 | Total Reward: -59943.365214290134|
| Episode: 507 | Epsilon:  0.10 | Reward: 14.44066826149674 | Average Reward: -99.422 | Steps: 129869 | Total Reward: -59928.92454602867|
| Episode: 508 | Epsilon:  0.10 | Reward: 112.1805715790858 | Average Reward: -95.815 | Steps: 130869 | Total Reward: -59816.74397444959|
| Episode: 509 | Epsilon:  0.10 | Reward: -70.90435163699215 | Average Reward: -94.860 | Steps: 131139 | Total Reward: -59887.64832608667|
| Episode: 510 | Epsilon:  0.10 | Reward: 144.41473032205855 | Average Reward: -93.868 | Steps: 132139 | Total Reward: -59743.23359576468|
| Episode: 511 | Epsilon:  0.10 | Reward: 243.80144971268675 | Average Reward: -89.470 | Steps: 132628 | Total Reward: -59499.43214605201|
| Episode: 512 | Epsilon:  0.10 | Reward: -6.185416482821367 | Average Reward: -89.143 | Steps: 132916 | Total Reward: -59505.617562534775|
| Episode: 513 | Epsilon:  0.10 | Reward: -210.69740306058637 | Average Reward: -89.352 | Steps: 133138 | Total Reward: -59716.31496559531|
| Episode: 514 | Epsilon:  0.10 | Reward: 219.20125265254921 | Average Reward: -85.395 | Steps: 133842 | Total Reward: -59497.1137129427|
| Episode: 515 | Epsilon:  0.10 | Reward: -221.60568248077885 | Average Reward: -85.401 | Steps: 134072 | Total Reward: -59718.719395423526|
| Episode: 516 | Epsilon:  0.10 | Reward: -6.913012943559494 | Average Reward: -83.377 | Steps: 134284 | Total Reward: -59725.63240836706|
| Episode: 517 | Epsilon:  0.10 | Reward: -31.76938344933913 | Average Reward: -86.142 | Steps: 134513 | Total Reward: -59757.40179181642|
| Episode: 518 | Epsilon:  0.10 | Reward: -252.11228484320372 | Average Reward: -88.219 | Steps: 134815 | Total Reward: -60009.51407665963|
| Episode: 519 | Epsilon:  0.10 | Reward: -197.6963478207153 | Average Reward: -88.491 | Steps: 135052 | Total Reward: -60207.21042448036|
| Episode: 520 | Epsilon:  0.10 | Reward: -30.940295451052464 | Average Reward: -86.485 | Steps: 135234 | Total Reward: -60238.15071993143|
| Episode: 521 | Epsilon:  0.10 | Reward: -46.02119047191533 | Average Reward: -84.991 | Steps: 135538 | Total Reward: -60284.17191040334|
| Episode: 522 | Epsilon:  0.10 | Reward: -40.97697098334889 | Average Reward: -83.533 | Steps: 135740 | Total Reward: -60325.148881386696|
| Episode: 523 | Epsilon:  0.10 | Reward: -50.55999865543696 | Average Reward: -82.725 | Steps: 135984 | Total Reward: -60375.70888004216|
| Episode: 524 | Epsilon:  0.10 | Reward: -234.96078527290462 | Average Reward: -87.825 | Steps: 136262 | Total Reward: -60610.66966531504|
| Episode: 525 | Epsilon:  0.10 | Reward: 144.06953932700677 | Average Reward: -84.709 | Steps: 137262 | Total Reward: -60466.6001259881|
| Episode: 526 | Epsilon:  0.10 | Reward: -206.0004514464381 | Average Reward: -85.304 | Steps: 137478 | Total Reward: -60672.60057743451|
| Episode: 527 | Epsilon:  0.10 | Reward: -70.59824344889002 | Average Reward: -86.298 | Steps: 137889 | Total Reward: -60743.198820883335|
| Episode: 528 | Epsilon:  0.10 | Reward: -234.47098625566142 | Average Reward: -87.981 | Steps: 138135 | Total Reward: -60977.66980713905|
| Episode: 529 | Epsilon:  0.10 | Reward: -14.848773266160407 | Average Reward: -88.050 | Steps: 138317 | Total Reward: -60992.51858040523|
| Episode: 530 | Epsilon:  0.10 | Reward: 24.49854755740597 | Average Reward: -85.850 | Steps: 138559 | Total Reward: -60968.02003284779|
| Episode: 531 | Epsilon:  0.10 | Reward: -35.22830789741177 | Average Reward: -85.523 | Steps: 138752 | Total Reward: -61003.24834074519|
| Episode: 532 | Epsilon:  0.10 | Reward: 11.331610009463773 | Average Reward: -83.620 | Steps: 138986 | Total Reward: -60991.91673073567|
| Episode: 533 | Epsilon:  0.10 | Reward: -263.906027077807 | Average Reward: -85.896 | Steps: 139329 | Total Reward: -61255.82275781352|
| Episode: 534 | Epsilon:  0.10 | Reward: -276.21646583318704 | Average Reward: -86.311 | Steps: 139602 | Total Reward: -61532.039223646745|
| Episode: 535 | Epsilon:  0.10 | Reward: 92.58717304067072 | Average Reward: -83.605 | Steps: 140602 | Total Reward: -61439.45205060615|
| Episode: 536 | Epsilon:  0.10 | Reward: -191.02151863287492 | Average Reward: -85.701 | Steps: 140884 | Total Reward: -61630.47356923901|
| Episode: 537 | Epsilon:  0.10 | Reward: -288.545731038101 | Average Reward: -86.475 | Steps: 141601 | Total Reward: -61919.01930027709|
| Episode: 538 | Epsilon:  0.10 | Reward: -41.28352553366852 | Average Reward: -85.591 | Steps: 141781 | Total Reward: -61960.30282581071|
| Episode: 539 | Epsilon:  0.10 | Reward: -42.79979578708071 | Average Reward: -84.093 | Steps: 141970 | Total Reward: -62003.10262159777|
| Episode: 540 | Epsilon:  0.10 | Reward: 174.6146869764719 | Average Reward: -82.329 | Steps: 142562 | Total Reward: -61828.48793462131|
| Episode: 541 | Epsilon:  0.10 | Reward: -170.41848960560964 | Average Reward: -82.103 | Steps: 142788 | Total Reward: -61998.906424226916|
| Episode: 542 | Epsilon:  0.10 | Reward: -197.12665242019835 | Average Reward: -84.061 | Steps: 143017 | Total Reward: -62196.0330766471|
| Episode: 543 | Epsilon:  0.10 | Reward: 310.05118190242763 | Average Reward: -80.919 | Steps: 143313 | Total Reward: -61885.98189474464|
| Episode: 544 | Epsilon:  0.10 | Reward: 223.22921749708593 | Average Reward: -76.666 | Steps: 144065 | Total Reward: -61662.752677247554|
| Episode: 545 | Epsilon:  0.10 | Reward: 231.47300934616248 | Average Reward: -74.056 | Steps: 144928 | Total Reward: -61431.27966790145|
| Episode: 546 | Epsilon:  0.10 | Reward: -251.67170003421518 | Average Reward: -74.624 | Steps: 145270 | Total Reward: -61682.951367935646|
| Episode: 547 | Epsilon:  0.10 | Reward: -12.864728119553561 | Average Reward: -73.721 | Steps: 145515 | Total Reward: -61695.816096055176|
| Episode: 548 | Epsilon:  0.10 | Reward: -15.629045094542775 | Average Reward: -75.682 | Steps: 145713 | Total Reward: -61711.44514114974|
| Episode: 549 | Epsilon:  0.10 | Reward: -67.53843782706227 | Average Reward: -73.894 | Steps: 145974 | Total Reward: -61778.98357897675|
| Episode: 550 | Epsilon:  0.10 | Reward: -248.9106928740243 | Average Reward: -74.148 | Steps: 146234 | Total Reward: -62027.89427185076|
| Episode: 551 | Epsilon:  0.10 | Reward: -11.025856810681574 | Average Reward: -73.279 | Steps: 146411 | Total Reward: -62038.92012866142|
| Episode: 552 | Epsilon:  0.10 | Reward: -81.54099171297905 | Average Reward: -75.757 | Steps: 146643 | Total Reward: -62120.46112037443|
| Episode: 553 | Epsilon:  0.10 | Reward: -173.45703660760154 | Average Reward: -77.118 | Steps: 146916 | Total Reward: -62293.918156982014|
| Episode: 554 | Epsilon:  0.10 | Reward: -88.38850154228928 | Average Reward: -77.753 | Steps: 147085 | Total Reward: -62382.30665852425|
| Episode: 555 | Epsilon:  0.10 | Reward: -182.80247174987977 | Average Reward: -78.956 | Steps: 147245 | Total Reward: -62565.10913027415|
| Episode: 556 | Epsilon:  0.10 | Reward: -184.69083262010605 | Average Reward: -78.972 | Steps: 147510 | Total Reward: -62749.799962894256|
| Episode: 557 | Epsilon:  0.10 | Reward: -291.35457711460646 | Average Reward: -79.741 | Steps: 148079 | Total Reward: -63041.15454000885|
| Episode: 558 | Epsilon:  0.10 | Reward: -162.272711231801 | Average Reward: -79.721 | Steps: 148330 | Total Reward: -63203.427251240675|
| Episode: 559 | Epsilon:  0.10 | Reward: -32.662987820932244 | Average Reward: -78.068 | Steps: 148496 | Total Reward: -63236.090239061654|
| Episode: 560 | Epsilon:  0.10 | Reward: -26.93437216302327 | Average Reward: -78.332 | Steps: 148726 | Total Reward: -63263.0246112247|
| Episode: 561 | Epsilon:  0.10 | Reward: 20.231623319350845 | Average Reward: -75.875 | Steps: 148934 | Total Reward: -63242.79298790533|
| Episode: 562 | Epsilon:  0.10 | Reward: -195.43438046539615 | Average Reward: -77.374 | Steps: 149195 | Total Reward: -63438.22736837073|
| Episode: 563 | Epsilon:  0.10 | Reward: -69.14810132805789 | Average Reward: -75.845 | Steps: 149617 | Total Reward: -63507.37546969879|
| Episode: 564 | Epsilon:  0.10 | Reward: 133.8550489647423 | Average Reward: -72.468 | Steps: 150097 | Total Reward: -63373.52042073403|
| Episode: 565 | Epsilon:  0.10 | Reward: 174.0982692091676 | Average Reward: -68.860 | Steps: 150907 | Total Reward: -63199.422151524894|
| Episode: 566 | Epsilon:  0.10 | Reward: 218.2673691810364 | Average Reward: -64.841 | Steps: 151642 | Total Reward: -62981.15478234384|
| Episode: 567 | Epsilon:  0.10 | Reward: -79.9025613879857 | Average Reward: -67.181 | Steps: 152136 | Total Reward: -63061.05734373179|
| Episode: 568 | Epsilon:  0.10 | Reward: -18.28800688909304 | Average Reward: -65.067 | Steps: 152441 | Total Reward: -63079.3453506209|
| Episode: 569 | Epsilon:  0.10 | Reward: -34.042585133308705 | Average Reward: -68.013 | Steps: 152691 | Total Reward: -63113.38793575413|
| Episode: 570 | Epsilon:  0.10 | Reward: -205.70513000677425 | Average Reward: -68.212 | Steps: 152908 | Total Reward: -63319.093065760884|
| Episode: 571 | Epsilon:  0.10 | Reward: -245.0492233638631 | Average Reward: -68.439 | Steps: 153245 | Total Reward: -63564.14228912471|
| Episode: 572 | Epsilon:  0.10 | Reward: 137.82965018059988 | Average Reward: -66.336 | Steps: 154243 | Total Reward: -63426.3126389441|
| Episode: 573 | Epsilon:  0.10 | Reward: -58.99361388292117 | Average Reward: -64.824 | Steps: 154615 | Total Reward: -63485.306252827|
| Episode: 574 | Epsilon:  0.10 | Reward: -236.6326052844148 | Average Reward: -69.914 | Steps: 154845 | Total Reward: -63721.93885811142|
| Episode: 575 | Epsilon:  0.10 | Reward: -21.548630019215963 | Average Reward: -69.706 | Steps: 155072 | Total Reward: -63743.48748813064|
| Episode: 576 | Epsilon:  0.10 | Reward: 220.84710843637234 | Average Reward: -65.486 | Steps: 155643 | Total Reward: -63522.640379694225|
| Episode: 577 | Epsilon:  0.10 | Reward: -150.56936735136736 | Average Reward: -65.161 | Steps: 155794 | Total Reward: -63673.2097470456|
| Episode: 578 | Epsilon:  0.10 | Reward: -29.56990598603018 | Average Reward: -68.322 | Steps: 156054 | Total Reward: -63702.77965303165|
| Episode: 579 | Epsilon:  0.10 | Reward: -184.09939275860202 | Average Reward: -68.035 | Steps: 156290 | Total Reward: -63886.879045790265|
| Episode: 580 | Epsilon:  0.10 | Reward: -237.23907092859076 | Average Reward: -69.657 | Steps: 156528 | Total Reward: -64124.118116718826|
| Episode: 581 | Epsilon:  0.10 | Reward: -56.86483585444442 | Average Reward: -67.411 | Steps: 156809 | Total Reward: -64180.98295257333|
| Episode: 582 | Epsilon:  0.10 | Reward: -227.87989660055723 | Average Reward: -67.112 | Steps: 157028 | Total Reward: -64408.86284917389|
| Episode: 583 | Epsilon:  0.10 | Reward: -78.19891411098716 | Average Reward: -65.517 | Steps: 157397 | Total Reward: -64487.061763284866|
| Episode: 584 | Epsilon:  0.10 | Reward: -64.7708212341923 | Average Reward: -63.427 | Steps: 157705 | Total Reward: -64551.8325845191|
| Episode: 585 | Epsilon:  0.10 | Reward: 251.8190442334862 | Average Reward: -58.832 | Steps: 158114 | Total Reward: -64300.013540285596|
| Episode: 586 | Epsilon:  0.10 | Reward: -39.752877246732254 | Average Reward: -57.402 | Steps: 158404 | Total Reward: -64339.76641753223|
| Episode: 587 | Epsilon:  0.10 | Reward: -47.688564677264665 | Average Reward: -55.566 | Steps: 158679 | Total Reward: -64387.454982209514|
| Episode: 588 | Epsilon:  0.10 | Reward: -265.8770702183798 | Average Reward: -56.112 | Steps: 159139 | Total Reward: -64653.33205242785|
| Episode: 589 | Epsilon:  0.10 | Reward: -239.55454420982608 | Average Reward: -55.993 | Steps: 159404 | Total Reward: -64892.8865966376|
| Episode: 590 | Epsilon:  0.10 | Reward: -15.725996078824508 | Average Reward: -55.394 | Steps: 159582 | Total Reward: -64908.612592716454|
| Episode: 591 | Epsilon:  0.10 | Reward: 202.19784377808617 | Average Reward: -55.785 | Steps: 160060 | Total Reward: -64706.41474893831|
| Episode: 592 | Epsilon:  0.10 | Reward: 233.95377771103298 | Average Reward: -51.442 | Steps: 160423 | Total Reward: -64472.46097122728|
| Episode: 593 | Epsilon:  0.10 | Reward: -22.57325528460943 | Average Reward: -51.605 | Steps: 160696 | Total Reward: -64495.0342265119|
| Episode: 594 | Epsilon:  0.10 | Reward: -188.45198335455683 | Average Reward: -51.058 | Steps: 160981 | Total Reward: -64683.48620986644|
