+------------------------+----------------------------+--------------------+
|                        |     Supported Features     |  Program Commands  |
+========================+============================+====================+
| Compatible Layers      | Hopfield Layer,            | hopfield,          |
|                        | HopfieldLayer Layer,       | hopfield_layer,    |
|                        | HopfieldPooling Layer,     | hopfield_pooling,  |
|                        | LSTM,                      | lstm,              |
|                        | GRU                        | gru                |
+------------------------+----------------------------+--------------------+
| Supported Loss Metrics | Huber Loss,                | huber,             |
|                        | Mean Absolute Error Loss,  | mae,               |
|                        | Mean Squared Error Loss,   | mse,               |
|                        | SmoothL1 Loss              | smooth_l1          |
+------------------------+----------------------------+--------------------+
| Supported Optimizers   | RMSprop (default),         | rmsprop,           |
|                        | AdamW,                     | adam,              |
|                        | Adam,                      | adamW,             |
|                        | SGD                        |  sgd               |
+------------------------+----------------------------+--------------------+
+------------------------------+------------------------------------------+
|          Parameter           |                  Value                   |
+==============================+==========================================+
| Layer Type:                  | gru                                      |
+------------------------------+------------------------------------------+
| Loss Metric:                 | mse                                      |
+------------------------------+------------------------------------------+
| Sequence Length:             | 20                                       |
+------------------------------+------------------------------------------+
| Learning Rate:               | 0.000                                    |
+------------------------------+------------------------------------------+
| Target Update Steps:         | 100                                      |
+------------------------------+------------------------------------------+
| Optimizer:                   | rmsprop                                  |
+------------------------------+------------------------------------------+
| Weight Decay:                | 0.000                                    |
+------------------------------+------------------------------------------+
| Hopfield Inverse Temperature | 0.100                                    |
+------------------------------+------------------------------------------+
| Scale Q-values with lr       | False                                    |
+------------------------------+------------------------------------------+
| Hard or Soft Update          | True                                     |
+------------------------------+------------------------------------------+
| Polyak Factor                | None                                     |
+------------------------------+------------------------------------------+
| Make POMDP                   | Train: False, Hidden dims: [1], mask     |
|                              | Evaluation: True, Hidden dims: [1], mask |
+------------------------------+------------------------------------------+
---------------
| TRAINING... |
---------------
| Episode:   1 | Epsilon:  0.89 | Reward:   1.0 | Average Reward: 1.000 | Steps:   224 | Total Reward:   1.0|
| Episode:   2 | Epsilon:  0.89 | Reward:   2.0 | Average Reward: 1.500 | Steps:   477 | Total Reward:   3.0|
| Episode:   3 | Epsilon:  0.88 | Reward:   1.0 | Average Reward: 1.333 | Steps:   674 | Total Reward:   4.0|
| Episode:   4 | Epsilon:  0.87 | Reward:   0.0 | Average Reward: 1.000 | Steps:   831 | Total Reward:   4.0|
| Episode:   5 | Epsilon:  0.86 | Reward:   5.0 | Average Reward: 1.800 | Steps:  1239 | Total Reward:   9.0|
| Episode:   6 | Epsilon:  0.85 | Reward:   3.0 | Average Reward: 2.000 | Steps:  1553 | Total Reward:  12.0|
| Episode:   7 | Epsilon:  0.85 | Reward:   0.0 | Average Reward: 1.714 | Steps:  1701 | Total Reward:  12.0|
| Episode:   8 | Epsilon:  0.84 | Reward:   1.0 | Average Reward: 1.625 | Steps:  1894 | Total Reward:  13.0|
| Episode:   9 | Epsilon:  0.83 | Reward:   2.0 | Average Reward: 1.667 | Steps:  2175 | Total Reward:  15.0|
| Episode:  10 | Epsilon:  0.83 | Reward:   1.0 | Average Reward: 1.600 | Steps:  2365 | Total Reward:  16.0|
| Episode:  11 | Epsilon:  0.82 | Reward:   1.0 | Average Reward: 1.545 | Steps:  2570 | Total Reward:  17.0|
| Episode:  12 | Epsilon:  0.81 | Reward:   2.0 | Average Reward: 1.583 | Steps:  2820 | Total Reward:  19.0|
| Episode:  13 | Epsilon:  0.80 | Reward:   0.0 | Average Reward: 1.462 | Steps:  2968 | Total Reward:  19.0|
| Episode:  14 | Epsilon:  0.80 | Reward:   0.0 | Average Reward: 1.357 | Steps:  3114 | Total Reward:  19.0|
| Episode:  15 | Epsilon:  0.79 | Reward:   0.0 | Average Reward: 1.267 | Steps:  3258 | Total Reward:  19.0|
| Episode:  16 | Epsilon:  0.78 | Reward:   1.0 | Average Reward: 1.250 | Steps:  3480 | Total Reward:  20.0|
| Episode:  17 | Epsilon:  0.78 | Reward:   0.0 | Average Reward: 1.176 | Steps:  3633 | Total Reward:  20.0|
| Episode:  18 | Epsilon:  0.77 | Reward:   1.0 | Average Reward: 1.167 | Steps:  3822 | Total Reward:  21.0|
| Episode:  19 | Epsilon:  0.76 | Reward:   1.0 | Average Reward: 1.158 | Steps:  4008 | Total Reward:  22.0|
| Episode:  20 | Epsilon:  0.76 | Reward:   1.0 | Average Reward: 1.150 | Steps:  4224 | Total Reward:  23.0|
| Episode:  21 | Epsilon:  0.75 | Reward:   3.0 | Average Reward: 1.238 | Steps:  4517 | Total Reward:  26.0|
| Episode:  22 | Epsilon:  0.74 | Reward:   0.0 | Average Reward: 1.182 | Steps:  4672 | Total Reward:  26.0|
| Episode:  23 | Epsilon:  0.74 | Reward:   1.0 | Average Reward: 1.174 | Steps:  4865 | Total Reward:  27.0|
| Episode:  24 | Epsilon:  0.73 | Reward:   0.0 | Average Reward: 1.125 | Steps:  5015 | Total Reward:  27.0|
| Episode:  25 | Epsilon:  0.72 | Reward:   2.0 | Average Reward: 1.160 | Steps:  5295 | Total Reward:  29.0|
| Episode:  26 | Epsilon:  0.72 | Reward:   0.0 | Average Reward: 1.115 | Steps:  5448 | Total Reward:  29.0|
| Episode:  27 | Epsilon:  0.71 | Reward:   3.0 | Average Reward: 1.185 | Steps:  5770 | Total Reward:  32.0|
| Episode:  28 | Epsilon:  0.71 | Reward:   2.0 | Average Reward: 1.214 | Steps:  6011 | Total Reward:  34.0|
| Episode:  29 | Epsilon:  0.70 | Reward:   0.0 | Average Reward: 1.172 | Steps:  6160 | Total Reward:  34.0|
| Episode:  30 | Epsilon:  0.69 | Reward:   0.0 | Average Reward: 1.133 | Steps:  6314 | Total Reward:  34.0|
| Episode:  31 | Epsilon:  0.69 | Reward:   2.0 | Average Reward: 1.161 | Steps:  6595 | Total Reward:  36.0|
| Episode:  32 | Epsilon:  0.68 | Reward:   0.0 | Average Reward: 1.125 | Steps:  6747 | Total Reward:  36.0|
| Episode:  33 | Epsilon:  0.68 | Reward:   2.0 | Average Reward: 1.152 | Steps:  7022 | Total Reward:  38.0|
| Episode:  34 | Epsilon:  0.67 | Reward:   1.0 | Average Reward: 1.147 | Steps:  7237 | Total Reward:  39.0|
| Episode:  35 | Epsilon:  0.66 | Reward:   3.0 | Average Reward: 1.200 | Steps:  7555 | Total Reward:  42.0|
| Episode:  36 | Epsilon:  0.66 | Reward:   5.0 | Average Reward: 1.306 | Steps:  8033 | Total Reward:  47.0|
| Episode:  37 | Epsilon:  0.65 | Reward:   3.0 | Average Reward: 1.351 | Steps:  8338 | Total Reward:  50.0|
| Episode:  38 | Epsilon:  0.65 | Reward:   4.0 | Average Reward: 1.421 | Steps:  8687 | Total Reward:  54.0|
| Episode:  39 | Epsilon:  0.64 | Reward:   0.0 | Average Reward: 1.385 | Steps:  8841 | Total Reward:  54.0|
| Episode:  40 | Epsilon:  0.64 | Reward:   1.0 | Average Reward: 1.375 | Steps:  9055 | Total Reward:  55.0|
| Episode:  41 | Epsilon:  0.63 | Reward:   3.0 | Average Reward: 1.415 | Steps:  9357 | Total Reward:  58.0|
| Episode:  42 | Epsilon:  0.63 | Reward:   1.0 | Average Reward: 1.405 | Steps:  9546 | Total Reward:  59.0|
| Episode:  43 | Epsilon:  0.62 | Reward:   2.0 | Average Reward: 1.419 | Steps:  9797 | Total Reward:  61.0|
| Episode:  44 | Epsilon:  0.62 | Reward:   1.0 | Average Reward: 1.409 | Steps: 10009 | Total Reward:  62.0|
| Episode:  45 | Epsilon:  0.61 | Reward:   6.0 | Average Reward: 1.511 | Steps: 10483 | Total Reward:  68.0|
| Episode:  46 | Epsilon:  0.61 | Reward:   1.0 | Average Reward: 1.500 | Steps: 10700 | Total Reward:  69.0|
| Episode:  47 | Epsilon:  0.60 | Reward:   1.0 | Average Reward: 1.489 | Steps: 10915 | Total Reward:  70.0|
| Episode:  48 | Epsilon:  0.60 | Reward:   6.0 | Average Reward: 1.583 | Steps: 11421 | Total Reward:  76.0|
| Episode:  49 | Epsilon:  0.59 | Reward:   1.0 | Average Reward: 1.571 | Steps: 11612 | Total Reward:  77.0|
| Episode:  50 | Epsilon:  0.59 | Reward:   2.0 | Average Reward: 1.580 | Steps: 11903 | Total Reward:  79.0|
| Episode:  51 | Epsilon:  0.58 | Reward:   0.0 | Average Reward: 1.549 | Steps: 12047 | Total Reward:  79.0|
| Episode:  52 | Epsilon:  0.58 | Reward:   2.0 | Average Reward: 1.558 | Steps: 12298 | Total Reward:  81.0|
| Episode:  53 | Epsilon:  0.57 | Reward:   2.0 | Average Reward: 1.566 | Steps: 12547 | Total Reward:  83.0|
| Episode:  54 | Epsilon:  0.57 | Reward:   2.0 | Average Reward: 1.574 | Steps: 12791 | Total Reward:  85.0|
| Episode:  55 | Epsilon:  0.56 | Reward:   2.0 | Average Reward: 1.582 | Steps: 13045 | Total Reward:  87.0|
| Episode:  56 | Epsilon:  0.56 | Reward:   6.0 | Average Reward: 1.661 | Steps: 13524 | Total Reward:  93.0|
| Episode:  57 | Epsilon:  0.55 | Reward:   1.0 | Average Reward: 1.649 | Steps: 13735 | Total Reward:  94.0|
| Episode:  58 | Epsilon:  0.55 | Reward:   2.0 | Average Reward: 1.655 | Steps: 13978 | Total Reward:  96.0|
| Episode:  59 | Epsilon:  0.54 | Reward:   5.0 | Average Reward: 1.712 | Steps: 14390 | Total Reward: 101.0|
| Episode:  60 | Epsilon:  0.54 | Reward:   0.0 | Average Reward: 1.683 | Steps: 14540 | Total Reward: 101.0|
| Episode:  61 | Epsilon:  0.54 | Reward:   1.0 | Average Reward: 1.672 | Steps: 14737 | Total Reward: 102.0|
| Episode:  62 | Epsilon:  0.53 | Reward:   1.0 | Average Reward: 1.661 | Steps: 14951 | Total Reward: 103.0|
| Episode:  63 | Epsilon:  0.53 | Reward:   1.0 | Average Reward: 1.651 | Steps: 15141 | Total Reward: 104.0|
| Episode:  64 | Epsilon:  0.52 | Reward:   0.0 | Average Reward: 1.625 | Steps: 15297 | Total Reward: 104.0|
| Episode:  65 | Epsilon:  0.52 | Reward:   0.0 | Average Reward: 1.600 | Steps: 15453 | Total Reward: 104.0|
| Episode:  66 | Epsilon:  0.51 | Reward:   0.0 | Average Reward: 1.576 | Steps: 15608 | Total Reward: 104.0|
| Episode:  67 | Epsilon:  0.51 | Reward:   3.0 | Average Reward: 1.597 | Steps: 15959 | Total Reward: 107.0|
| Episode:  68 | Epsilon:  0.51 | Reward:   0.0 | Average Reward: 1.574 | Steps: 16109 | Total Reward: 107.0|
| Episode:  69 | Epsilon:  0.50 | Reward:   2.0 | Average Reward: 1.580 | Steps: 16368 | Total Reward: 109.0|
| Episode:  70 | Epsilon:  0.50 | Reward:   1.0 | Average Reward: 1.571 | Steps: 16551 | Total Reward: 110.0|
| Episode:  71 | Epsilon:  0.49 | Reward:   1.0 | Average Reward: 1.563 | Steps: 16764 | Total Reward: 111.0|
| Episode:  72 | Epsilon:  0.49 | Reward:   1.0 | Average Reward: 1.556 | Steps: 16978 | Total Reward: 112.0|
| Episode:  73 | Epsilon:  0.49 | Reward:   1.0 | Average Reward: 1.548 | Steps: 17192 | Total Reward: 113.0|
| Episode:  74 | Epsilon:  0.48 | Reward:   0.0 | Average Reward: 1.527 | Steps: 17351 | Total Reward: 113.0|
| Episode:  75 | Epsilon:  0.48 | Reward:   0.0 | Average Reward: 1.507 | Steps: 17506 | Total Reward: 113.0|
| Episode:  76 | Epsilon:  0.47 | Reward:   1.0 | Average Reward: 1.500 | Steps: 17720 | Total Reward: 114.0|
| Episode:  77 | Epsilon:  0.47 | Reward:   3.0 | Average Reward: 1.519 | Steps: 18036 | Total Reward: 117.0|
| Episode:  78 | Epsilon:  0.47 | Reward:   0.0 | Average Reward: 1.500 | Steps: 18186 | Total Reward: 117.0|
| Episode:  79 | Epsilon:  0.46 | Reward:   1.0 | Average Reward: 1.494 | Steps: 18401 | Total Reward: 118.0|
| Episode:  80 | Epsilon:  0.46 | Reward:   1.0 | Average Reward: 1.488 | Steps: 18586 | Total Reward: 119.0|
| Episode:  81 | Epsilon:  0.46 | Reward:   1.0 | Average Reward: 1.481 | Steps: 18806 | Total Reward: 120.0|
| Episode:  82 | Epsilon:  0.45 | Reward:   0.0 | Average Reward: 1.463 | Steps: 18952 | Total Reward: 120.0|
| Episode:  83 | Epsilon:  0.45 | Reward:   2.0 | Average Reward: 1.470 | Steps: 19198 | Total Reward: 122.0|
| Episode:  84 | Epsilon:  0.45 | Reward:   2.0 | Average Reward: 1.476 | Steps: 19445 | Total Reward: 124.0|
| Episode:  85 | Epsilon:  0.44 | Reward:   4.0 | Average Reward: 1.506 | Steps: 19807 | Total Reward: 128.0|
| Episode:  86 | Epsilon:  0.44 | Reward:   3.0 | Average Reward: 1.523 | Steps: 20100 | Total Reward: 131.0|
| Episode:  87 | Epsilon:  0.44 | Reward:   1.0 | Average Reward: 1.517 | Steps: 20320 | Total Reward: 132.0|
| Episode:  88 | Epsilon:  0.43 | Reward:   1.0 | Average Reward: 1.511 | Steps: 20526 | Total Reward: 133.0|
| Episode:  89 | Epsilon:  0.43 | Reward:   2.0 | Average Reward: 1.517 | Steps: 20779 | Total Reward: 135.0|
| Episode:  90 | Epsilon:  0.43 | Reward:   3.0 | Average Reward: 1.533 | Steps: 21087 | Total Reward: 138.0|
| Episode:  91 | Epsilon:  0.42 | Reward:   1.0 | Average Reward: 1.527 | Steps: 21280 | Total Reward: 139.0|
| Episode:  92 | Epsilon:  0.42 | Reward:   1.0 | Average Reward: 1.522 | Steps: 21474 | Total Reward: 140.0|
| Episode:  93 | Epsilon:  0.42 | Reward:   3.0 | Average Reward: 1.538 | Steps: 21773 | Total Reward: 143.0|
| Episode:  94 | Epsilon:  0.41 | Reward:   2.0 | Average Reward: 1.543 | Steps: 22021 | Total Reward: 145.0|
| Episode:  95 | Epsilon:  0.41 | Reward:   1.0 | Average Reward: 1.537 | Steps: 22238 | Total Reward: 146.0|
| Episode:  96 | Epsilon:  0.41 | Reward:   2.0 | Average Reward: 1.542 | Steps: 22501 | Total Reward: 148.0|
| Episode:  97 | Epsilon:  0.40 | Reward:   2.0 | Average Reward: 1.546 | Steps: 22747 | Total Reward: 150.0|
| Episode:  98 | Epsilon:  0.40 | Reward:   2.0 | Average Reward: 1.551 | Steps: 23017 | Total Reward: 152.0|
| Episode:  99 | Epsilon:  0.40 | Reward:   2.0 | Average Reward: 1.556 | Steps: 23265 | Total Reward: 154.0|
| Episode: 100 | Epsilon:  0.39 | Reward:   4.0 | Average Reward: 1.580 | Steps: 23625 | Total Reward: 158.0|
| Episode: 101 | Epsilon:  0.39 | Reward:   2.0 | Average Reward: 1.590 | Steps: 23882 | Total Reward: 160.0|
| Episode: 102 | Epsilon:  0.39 | Reward:   1.0 | Average Reward: 1.580 | Steps: 24100 | Total Reward: 161.0|
| Episode: 103 | Epsilon:  0.39 | Reward:   0.0 | Average Reward: 1.570 | Steps: 24255 | Total Reward: 161.0|
| Episode: 104 | Epsilon:  0.38 | Reward:   1.0 | Average Reward: 1.580 | Steps: 24471 | Total Reward: 162.0|
| Episode: 105 | Epsilon:  0.38 | Reward:   1.0 | Average Reward: 1.540 | Steps: 24684 | Total Reward: 163.0|
| Episode: 106 | Epsilon:  0.38 | Reward:   0.0 | Average Reward: 1.510 | Steps: 24836 | Total Reward: 163.0|
| Episode: 107 | Epsilon:  0.37 | Reward:   3.0 | Average Reward: 1.540 | Steps: 25152 | Total Reward: 166.0|
| Episode: 108 | Epsilon:  0.37 | Reward:   0.0 | Average Reward: 1.530 | Steps: 25297 | Total Reward: 166.0|
| Episode: 109 | Epsilon:  0.37 | Reward:   0.0 | Average Reward: 1.510 | Steps: 25444 | Total Reward: 166.0|
| Episode: 110 | Epsilon:  0.37 | Reward:   0.0 | Average Reward: 1.500 | Steps: 25596 | Total Reward: 166.0|
| Episode: 111 | Epsilon:  0.36 | Reward:   3.0 | Average Reward: 1.520 | Steps: 25915 | Total Reward: 169.0|
| Episode: 112 | Epsilon:  0.36 | Reward:   3.0 | Average Reward: 1.530 | Steps: 26238 | Total Reward: 172.0|
| Episode: 113 | Epsilon:  0.36 | Reward:   3.0 | Average Reward: 1.560 | Steps: 26560 | Total Reward: 175.0|
| Episode: 114 | Epsilon:  0.36 | Reward:   2.0 | Average Reward: 1.580 | Steps: 26808 | Total Reward: 177.0|
| Episode: 115 | Epsilon:  0.35 | Reward:   0.0 | Average Reward: 1.580 | Steps: 26958 | Total Reward: 177.0|
| Episode: 116 | Epsilon:  0.35 | Reward:   0.0 | Average Reward: 1.570 | Steps: 27104 | Total Reward: 177.0|
| Episode: 117 | Epsilon:  0.35 | Reward:   0.0 | Average Reward: 1.570 | Steps: 27261 | Total Reward: 177.0|
| Episode: 118 | Epsilon:  0.35 | Reward:   2.0 | Average Reward: 1.580 | Steps: 27507 | Total Reward: 179.0|
| Episode: 119 | Epsilon:  0.34 | Reward:   2.0 | Average Reward: 1.590 | Steps: 27783 | Total Reward: 181.0|
| Episode: 120 | Epsilon:  0.34 | Reward:   5.0 | Average Reward: 1.630 | Steps: 28210 | Total Reward: 186.0|
| Episode: 121 | Epsilon:  0.34 | Reward:   3.0 | Average Reward: 1.630 | Steps: 28526 | Total Reward: 189.0|
| Episode: 122 | Epsilon:  0.34 | Reward:   0.0 | Average Reward: 1.630 | Steps: 28676 | Total Reward: 189.0|
| Episode: 123 | Epsilon:  0.33 | Reward:   0.0 | Average Reward: 1.620 | Steps: 28827 | Total Reward: 189.0|
| Episode: 124 | Epsilon:  0.33 | Reward:   0.0 | Average Reward: 1.620 | Steps: 28970 | Total Reward: 189.0|
| Episode: 125 | Epsilon:  0.33 | Reward:   2.0 | Average Reward: 1.620 | Steps: 29218 | Total Reward: 191.0|
| Episode: 126 | Epsilon:  0.33 | Reward:   1.0 | Average Reward: 1.630 | Steps: 29411 | Total Reward: 192.0|
| Episode: 127 | Epsilon:  0.33 | Reward:   2.0 | Average Reward: 1.620 | Steps: 29653 | Total Reward: 194.0|
| Episode: 128 | Epsilon:  0.32 | Reward:   0.0 | Average Reward: 1.600 | Steps: 29813 | Total Reward: 194.0|
| Episode: 129 | Epsilon:  0.32 | Reward:   2.0 | Average Reward: 1.620 | Steps: 30067 | Total Reward: 196.0|
| Episode: 130 | Epsilon:  0.32 | Reward:   0.0 | Average Reward: 1.620 | Steps: 30220 | Total Reward: 196.0|
| Episode: 131 | Epsilon:  0.32 | Reward:   0.0 | Average Reward: 1.600 | Steps: 30370 | Total Reward: 196.0|
| Episode: 132 | Epsilon:  0.31 | Reward:   1.0 | Average Reward: 1.610 | Steps: 30558 | Total Reward: 197.0|
| Episode: 133 | Epsilon:  0.31 | Reward:   4.0 | Average Reward: 1.630 | Steps: 30934 | Total Reward: 201.0|
| Episode: 134 | Epsilon:  0.31 | Reward:   2.0 | Average Reward: 1.640 | Steps: 31186 | Total Reward: 203.0|
| Episode: 135 | Epsilon:  0.31 | Reward:   0.0 | Average Reward: 1.610 | Steps: 31337 | Total Reward: 203.0|
| Episode: 136 | Epsilon:  0.31 | Reward:   2.0 | Average Reward: 1.580 | Steps: 31582 | Total Reward: 205.0|
| Episode: 137 | Epsilon:  0.30 | Reward:   2.0 | Average Reward: 1.570 | Steps: 31826 | Total Reward: 207.0|
| Episode: 138 | Epsilon:  0.30 | Reward:   2.0 | Average Reward: 1.550 | Steps: 32077 | Total Reward: 209.0|
| Episode: 139 | Epsilon:  0.30 | Reward:   2.0 | Average Reward: 1.570 | Steps: 32323 | Total Reward: 211.0|
| Episode: 140 | Epsilon:  0.30 | Reward:   2.0 | Average Reward: 1.580 | Steps: 32576 | Total Reward: 213.0|
| Episode: 141 | Epsilon:  0.30 | Reward:   0.0 | Average Reward: 1.550 | Steps: 32724 | Total Reward: 213.0|
| Episode: 142 | Epsilon:  0.29 | Reward:   3.0 | Average Reward: 1.570 | Steps: 33059 | Total Reward: 216.0|
| Episode: 143 | Epsilon:  0.29 | Reward:   3.0 | Average Reward: 1.580 | Steps: 33379 | Total Reward: 219.0|
| Episode: 144 | Epsilon:  0.29 | Reward:   0.0 | Average Reward: 1.570 | Steps: 33530 | Total Reward: 219.0|
| Episode: 145 | Epsilon:  0.29 | Reward:   0.0 | Average Reward: 1.510 | Steps: 33684 | Total Reward: 219.0|
| Episode: 146 | Epsilon:  0.29 | Reward:   2.0 | Average Reward: 1.520 | Steps: 33969 | Total Reward: 221.0|
| Episode: 147 | Epsilon:  0.28 | Reward:   0.0 | Average Reward: 1.510 | Steps: 34121 | Total Reward: 221.0|
| Episode: 148 | Epsilon:  0.28 | Reward:   1.0 | Average Reward: 1.460 | Steps: 34306 | Total Reward: 222.0|
| Episode: 149 | Epsilon:  0.28 | Reward:   2.0 | Average Reward: 1.470 | Steps: 34555 | Total Reward: 224.0|
| Episode: 150 | Epsilon:  0.28 | Reward:   1.0 | Average Reward: 1.460 | Steps: 34743 | Total Reward: 225.0|
| Episode: 151 | Epsilon:  0.28 | Reward:   2.0 | Average Reward: 1.480 | Steps: 34992 | Total Reward: 227.0|
| Episode: 152 | Epsilon:  0.28 | Reward:   2.0 | Average Reward: 1.480 | Steps: 35273 | Total Reward: 229.0|
| Episode: 153 | Epsilon:  0.27 | Reward:   4.0 | Average Reward: 1.500 | Steps: 35661 | Total Reward: 233.0|
| Episode: 154 | Epsilon:  0.27 | Reward:   1.0 | Average Reward: 1.490 | Steps: 35871 | Total Reward: 234.0|
| Episode: 155 | Epsilon:  0.27 | Reward:   1.0 | Average Reward: 1.480 | Steps: 36066 | Total Reward: 235.0|
| Episode: 156 | Epsilon:  0.27 | Reward:   1.0 | Average Reward: 1.430 | Steps: 36282 | Total Reward: 236.0|
| Episode: 157 | Epsilon:  0.27 | Reward:   2.0 | Average Reward: 1.440 | Steps: 36544 | Total Reward: 238.0|
| Episode: 158 | Epsilon:  0.27 | Reward:   2.0 | Average Reward: 1.440 | Steps: 36831 | Total Reward: 240.0|
| Episode: 159 | Epsilon:  0.26 | Reward:   2.0 | Average Reward: 1.410 | Steps: 37081 | Total Reward: 242.0|
| Episode: 160 | Epsilon:  0.26 | Reward:   3.0 | Average Reward: 1.440 | Steps: 37395 | Total Reward: 245.0|
| Episode: 161 | Epsilon:  0.26 | Reward:   5.0 | Average Reward: 1.480 | Steps: 37805 | Total Reward: 250.0|
| Episode: 162 | Epsilon:  0.26 | Reward:   1.0 | Average Reward: 1.480 | Steps: 38020 | Total Reward: 251.0|
| Episode: 163 | Epsilon:  0.26 | Reward:   2.0 | Average Reward: 1.490 | Steps: 38267 | Total Reward: 253.0|
| Episode: 164 | Epsilon:  0.26 | Reward:   2.0 | Average Reward: 1.510 | Steps: 38542 | Total Reward: 255.0|
| Episode: 165 | Epsilon:  0.25 | Reward:   2.0 | Average Reward: 1.530 | Steps: 38796 | Total Reward: 257.0|
| Episode: 166 | Epsilon:  0.25 | Reward:   0.0 | Average Reward: 1.530 | Steps: 38946 | Total Reward: 257.0|
| Episode: 167 | Epsilon:  0.25 | Reward:   1.0 | Average Reward: 1.510 | Steps: 39162 | Total Reward: 258.0|
| Episode: 168 | Epsilon:  0.25 | Reward:   0.0 | Average Reward: 1.510 | Steps: 39317 | Total Reward: 258.0|
| Episode: 169 | Epsilon:  0.25 | Reward:   2.0 | Average Reward: 1.510 | Steps: 39595 | Total Reward: 260.0|
| Episode: 170 | Epsilon:  0.25 | Reward:   0.0 | Average Reward: 1.500 | Steps: 39748 | Total Reward: 260.0|
| Episode: 171 | Epsilon:  0.24 | Reward:   0.0 | Average Reward: 1.490 | Steps: 39897 | Total Reward: 260.0|
| Episode: 172 | Epsilon:  0.24 | Reward:   0.0 | Average Reward: 1.480 | Steps: 40053 | Total Reward: 260.0|
| Episode: 173 | Epsilon:  0.24 | Reward:   3.0 | Average Reward: 1.500 | Steps: 40359 | Total Reward: 263.0|
| Episode: 174 | Epsilon:  0.24 | Reward:   2.0 | Average Reward: 1.520 | Steps: 40612 | Total Reward: 265.0|
| Episode: 175 | Epsilon:  0.24 | Reward:   0.0 | Average Reward: 1.520 | Steps: 40758 | Total Reward: 265.0|
| Episode: 176 | Epsilon:  0.24 | Reward:   0.0 | Average Reward: 1.510 | Steps: 40907 | Total Reward: 265.0|
| Episode: 177 | Epsilon:  0.24 | Reward:   3.0 | Average Reward: 1.510 | Steps: 41228 | Total Reward: 268.0|
| Episode: 178 | Epsilon:  0.24 | Reward:   0.0 | Average Reward: 1.510 | Steps: 41375 | Total Reward: 268.0|
| Episode: 179 | Epsilon:  0.23 | Reward:   0.0 | Average Reward: 1.500 | Steps: 41525 | Total Reward: 268.0|
| Episode: 180 | Epsilon:  0.23 | Reward:   0.0 | Average Reward: 1.490 | Steps: 41673 | Total Reward: 268.0|
| Episode: 181 | Epsilon:  0.23 | Reward:   1.0 | Average Reward: 1.490 | Steps: 41865 | Total Reward: 269.0|
| Episode: 182 | Epsilon:  0.23 | Reward:   2.0 | Average Reward: 1.510 | Steps: 42105 | Total Reward: 271.0|
| Episode: 183 | Epsilon:  0.23 | Reward:   0.0 | Average Reward: 1.490 | Steps: 42254 | Total Reward: 271.0|
| Episode: 184 | Epsilon:  0.23 | Reward:   1.0 | Average Reward: 1.480 | Steps: 42464 | Total Reward: 272.0|
| Episode: 185 | Epsilon:  0.23 | Reward:   0.0 | Average Reward: 1.440 | Steps: 42611 | Total Reward: 272.0|
| Episode: 186 | Epsilon:  0.22 | Reward:   2.0 | Average Reward: 1.430 | Steps: 42854 | Total Reward: 274.0|
| Episode: 187 | Epsilon:  0.22 | Reward:   3.0 | Average Reward: 1.450 | Steps: 43166 | Total Reward: 277.0|
| Episode: 188 | Epsilon:  0.22 | Reward:   2.0 | Average Reward: 1.460 | Steps: 43414 | Total Reward: 279.0|
| Episode: 189 | Epsilon:  0.22 | Reward:   1.0 | Average Reward: 1.450 | Steps: 43628 | Total Reward: 280.0|
| Episode: 190 | Epsilon:  0.22 | Reward:   3.0 | Average Reward: 1.450 | Steps: 43939 | Total Reward: 283.0|
| Episode: 191 | Epsilon:  0.22 | Reward:   2.0 | Average Reward: 1.460 | Steps: 44195 | Total Reward: 285.0|
| Episode: 192 | Epsilon:  0.22 | Reward:   1.0 | Average Reward: 1.460 | Steps: 44410 | Total Reward: 286.0|
| Episode: 193 | Epsilon:  0.22 | Reward:   1.0 | Average Reward: 1.440 | Steps: 44628 | Total Reward: 287.0|
| Episode: 194 | Epsilon:  0.22 | Reward:   0.0 | Average Reward: 1.420 | Steps: 44776 | Total Reward: 287.0|
| Episode: 195 | Epsilon:  0.21 | Reward:   0.0 | Average Reward: 1.410 | Steps: 44928 | Total Reward: 287.0|
| Episode: 196 | Epsilon:  0.21 | Reward:   1.0 | Average Reward: 1.400 | Steps: 45116 | Total Reward: 288.0|
| Episode: 197 | Epsilon:  0.21 | Reward:   1.0 | Average Reward: 1.390 | Steps: 45299 | Total Reward: 289.0|
| Episode: 198 | Epsilon:  0.21 | Reward:   0.0 | Average Reward: 1.370 | Steps: 45450 | Total Reward: 289.0|
| Episode: 199 | Epsilon:  0.21 | Reward:   2.0 | Average Reward: 1.370 | Steps: 45703 | Total Reward: 291.0|
| Episode: 200 | Epsilon:  0.21 | Reward:   2.0 | Average Reward: 1.350 | Steps: 45945 | Total Reward: 293.0|
| Episode: 201 | Epsilon:  0.21 | Reward:   1.0 | Average Reward: 1.340 | Steps: 46128 | Total Reward: 294.0|
| Episode: 202 | Epsilon:  0.21 | Reward:   3.0 | Average Reward: 1.360 | Steps: 46468 | Total Reward: 297.0|
| Episode: 203 | Epsilon:  0.21 | Reward:   1.0 | Average Reward: 1.370 | Steps: 46683 | Total Reward: 298.0|
| Episode: 204 | Epsilon:  0.20 | Reward:   0.0 | Average Reward: 1.360 | Steps: 46835 | Total Reward: 298.0|
| Episode: 205 | Epsilon:  0.20 | Reward:   0.0 | Average Reward: 1.350 | Steps: 46978 | Total Reward: 298.0|
| Episode: 206 | Epsilon:  0.20 | Reward:   0.0 | Average Reward: 1.350 | Steps: 47122 | Total Reward: 298.0|
| Episode: 207 | Epsilon:  0.20 | Reward:   3.0 | Average Reward: 1.350 | Steps: 47420 | Total Reward: 301.0|
| Episode: 208 | Epsilon:  0.20 | Reward:   0.0 | Average Reward: 1.350 | Steps: 47568 | Total Reward: 301.0|
| Episode: 209 | Epsilon:  0.20 | Reward:   2.0 | Average Reward: 1.370 | Steps: 47811 | Total Reward: 303.0|
| Episode: 210 | Epsilon:  0.20 | Reward:   2.0 | Average Reward: 1.390 | Steps: 48066 | Total Reward: 305.0|
| Episode: 211 | Epsilon:  0.20 | Reward:   3.0 | Average Reward: 1.390 | Steps: 48382 | Total Reward: 308.0|
| Episode: 212 | Epsilon:  0.20 | Reward:   0.0 | Average Reward: 1.360 | Steps: 48526 | Total Reward: 308.0|
| Episode: 213 | Epsilon:  0.20 | Reward:   2.0 | Average Reward: 1.350 | Steps: 48775 | Total Reward: 310.0|
| Episode: 214 | Epsilon:  0.19 | Reward:   0.0 | Average Reward: 1.330 | Steps: 48928 | Total Reward: 310.0|
| Episode: 215 | Epsilon:  0.19 | Reward:   0.0 | Average Reward: 1.330 | Steps: 49075 | Total Reward: 310.0|
| Episode: 216 | Epsilon:  0.19 | Reward:   0.0 | Average Reward: 1.330 | Steps: 49229 | Total Reward: 310.0|
| Episode: 217 | Epsilon:  0.19 | Reward:   0.0 | Average Reward: 1.330 | Steps: 49387 | Total Reward: 310.0|
| Episode: 218 | Epsilon:  0.19 | Reward:   1.0 | Average Reward: 1.320 | Steps: 49594 | Total Reward: 311.0|
| Episode: 219 | Epsilon:  0.19 | Reward:   4.0 | Average Reward: 1.340 | Steps: 49972 | Total Reward: 315.0|
| Episode: 220 | Epsilon:  0.19 | Reward:   1.0 | Average Reward: 1.300 | Steps: 50164 | Total Reward: 316.0|
| Episode: 221 | Epsilon:  0.19 | Reward:   2.0 | Average Reward: 1.290 | Steps: 50394 | Total Reward: 318.0|
| Episode: 222 | Epsilon:  0.19 | Reward:   4.0 | Average Reward: 1.330 | Steps: 50751 | Total Reward: 322.0|
| Episode: 223 | Epsilon:  0.19 | Reward:   0.0 | Average Reward: 1.330 | Steps: 50914 | Total Reward: 322.0|
| Episode: 224 | Epsilon:  0.19 | Reward:   3.0 | Average Reward: 1.360 | Steps: 51231 | Total Reward: 325.0|
| Episode: 225 | Epsilon:  0.18 | Reward:   2.0 | Average Reward: 1.360 | Steps: 51484 | Total Reward: 327.0|
| Episode: 226 | Epsilon:  0.18 | Reward:   2.0 | Average Reward: 1.370 | Steps: 51731 | Total Reward: 329.0|
| Episode: 227 | Epsilon:  0.18 | Reward:   2.0 | Average Reward: 1.370 | Steps: 51984 | Total Reward: 331.0|
| Episode: 228 | Epsilon:  0.18 | Reward:   2.0 | Average Reward: 1.390 | Steps: 52246 | Total Reward: 333.0|
| Episode: 229 | Epsilon:  0.18 | Reward:   4.0 | Average Reward: 1.410 | Steps: 52630 | Total Reward: 337.0|
| Episode: 230 | Epsilon:  0.18 | Reward:   2.0 | Average Reward: 1.430 | Steps: 52904 | Total Reward: 339.0|
| Episode: 231 | Epsilon:  0.18 | Reward:   4.0 | Average Reward: 1.470 | Steps: 53282 | Total Reward: 343.0|
| Episode: 232 | Epsilon:  0.18 | Reward:   3.0 | Average Reward: 1.490 | Steps: 53596 | Total Reward: 346.0|
| Episode: 233 | Epsilon:  0.18 | Reward:   1.0 | Average Reward: 1.460 | Steps: 53808 | Total Reward: 347.0|
| Episode: 234 | Epsilon:  0.18 | Reward:   2.0 | Average Reward: 1.460 | Steps: 54056 | Total Reward: 349.0|
| Episode: 235 | Epsilon:  0.18 | Reward:   1.0 | Average Reward: 1.470 | Steps: 54243 | Total Reward: 350.0|
| Episode: 236 | Epsilon:  0.18 | Reward:   2.0 | Average Reward: 1.470 | Steps: 54488 | Total Reward: 352.0|
| Episode: 237 | Epsilon:  0.17 | Reward:   0.0 | Average Reward: 1.450 | Steps: 54638 | Total Reward: 352.0|
| Episode: 238 | Epsilon:  0.17 | Reward:   0.0 | Average Reward: 1.430 | Steps: 54788 | Total Reward: 352.0|
| Episode: 239 | Epsilon:  0.17 | Reward:   4.0 | Average Reward: 1.450 | Steps: 55134 | Total Reward: 356.0|
| Episode: 240 | Epsilon:  0.17 | Reward:   2.0 | Average Reward: 1.450 | Steps: 55386 | Total Reward: 358.0|
| Episode: 241 | Epsilon:  0.17 | Reward:   3.0 | Average Reward: 1.480 | Steps: 55685 | Total Reward: 361.0|
| Episode: 242 | Epsilon:  0.17 | Reward:   1.0 | Average Reward: 1.460 | Steps: 55899 | Total Reward: 362.0|
| Episode: 243 | Epsilon:  0.17 | Reward:   0.0 | Average Reward: 1.430 | Steps: 56047 | Total Reward: 362.0|
| Episode: 244 | Epsilon:  0.17 | Reward:   2.0 | Average Reward: 1.450 | Steps: 56300 | Total Reward: 364.0|
| Episode: 245 | Epsilon:  0.17 | Reward:   2.0 | Average Reward: 1.470 | Steps: 56581 | Total Reward: 366.0|
| Episode: 246 | Epsilon:  0.17 | Reward:   2.0 | Average Reward: 1.470 | Steps: 56829 | Total Reward: 368.0|
| Episode: 247 | Epsilon:  0.17 | Reward:   2.0 | Average Reward: 1.490 | Steps: 57078 | Total Reward: 370.0|
| Episode: 248 | Epsilon:  0.17 | Reward:   0.0 | Average Reward: 1.480 | Steps: 57225 | Total Reward: 370.0|
| Episode: 249 | Epsilon:  0.17 | Reward:   2.0 | Average Reward: 1.480 | Steps: 57465 | Total Reward: 372.0|
| Episode: 250 | Epsilon:  0.17 | Reward:   0.0 | Average Reward: 1.470 | Steps: 57613 | Total Reward: 372.0|
| Episode: 251 | Epsilon:  0.17 | Reward:   3.0 | Average Reward: 1.480 | Steps: 57926 | Total Reward: 375.0|
| Episode: 252 | Epsilon:  0.16 | Reward:   0.0 | Average Reward: 1.460 | Steps: 58077 | Total Reward: 375.0|
| Episode: 253 | Epsilon:  0.16 | Reward:   1.0 | Average Reward: 1.430 | Steps: 58273 | Total Reward: 376.0|
| Episode: 254 | Epsilon:  0.16 | Reward:   3.0 | Average Reward: 1.450 | Steps: 58632 | Total Reward: 379.0|
| Episode: 255 | Epsilon:  0.16 | Reward:   0.0 | Average Reward: 1.440 | Steps: 58782 | Total Reward: 379.0|
| Episode: 256 | Epsilon:  0.16 | Reward:   2.0 | Average Reward: 1.450 | Steps: 59038 | Total Reward: 381.0|
| Episode: 257 | Epsilon:  0.16 | Reward:   0.0 | Average Reward: 1.430 | Steps: 59192 | Total Reward: 381.0|
| Episode: 258 | Epsilon:  0.16 | Reward:   1.0 | Average Reward: 1.420 | Steps: 59382 | Total Reward: 382.0|
| Episode: 259 | Epsilon:  0.16 | Reward:   3.0 | Average Reward: 1.430 | Steps: 59668 | Total Reward: 385.0|
| Episode: 260 | Epsilon:  0.16 | Reward:   2.0 | Average Reward: 1.420 | Steps: 59922 | Total Reward: 387.0|
| Episode: 261 | Epsilon:  0.16 | Reward:   3.0 | Average Reward: 1.400 | Steps: 60265 | Total Reward: 390.0|
| Episode: 262 | Epsilon:  0.16 | Reward:   0.0 | Average Reward: 1.390 | Steps: 60418 | Total Reward: 390.0|
| Episode: 263 | Epsilon:  0.16 | Reward:   0.0 | Average Reward: 1.370 | Steps: 60570 | Total Reward: 390.0|
| Episode: 264 | Epsilon:  0.16 | Reward:   0.0 | Average Reward: 1.350 | Steps: 60718 | Total Reward: 390.0|
| Episode: 265 | Epsilon:  0.16 | Reward:   2.0 | Average Reward: 1.350 | Steps: 60965 | Total Reward: 392.0|
| Episode: 266 | Epsilon:  0.16 | Reward:   2.0 | Average Reward: 1.370 | Steps: 61216 | Total Reward: 394.0|
| Episode: 267 | Epsilon:  0.16 | Reward:   1.0 | Average Reward: 1.370 | Steps: 61424 | Total Reward: 395.0|
| Episode: 268 | Epsilon:  0.15 | Reward:   1.0 | Average Reward: 1.380 | Steps: 61640 | Total Reward: 396.0|
| Episode: 269 | Epsilon:  0.15 | Reward:   1.0 | Average Reward: 1.370 | Steps: 61857 | Total Reward: 397.0|
| Episode: 270 | Epsilon:  0.15 | Reward:   2.0 | Average Reward: 1.390 | Steps: 62104 | Total Reward: 399.0|
| Episode: 271 | Epsilon:  0.15 | Reward:   2.0 | Average Reward: 1.410 | Steps: 62352 | Total Reward: 401.0|
| Episode: 272 | Epsilon:  0.15 | Reward:   3.0 | Average Reward: 1.440 | Steps: 62618 | Total Reward: 404.0|
| Episode: 273 | Epsilon:  0.15 | Reward:   4.0 | Average Reward: 1.450 | Steps: 62943 | Total Reward: 408.0|
| Episode: 274 | Epsilon:  0.15 | Reward:   2.0 | Average Reward: 1.450 | Steps: 63202 | Total Reward: 410.0|
| Episode: 275 | Epsilon:  0.15 | Reward:   2.0 | Average Reward: 1.470 | Steps: 63448 | Total Reward: 412.0|
| Episode: 276 | Epsilon:  0.15 | Reward:   1.0 | Average Reward: 1.480 | Steps: 63668 | Total Reward: 413.0|
| Episode: 277 | Epsilon:  0.15 | Reward:   0.0 | Average Reward: 1.450 | Steps: 63824 | Total Reward: 413.0|
| Episode: 278 | Epsilon:  0.15 | Reward:   1.0 | Average Reward: 1.460 | Steps: 64006 | Total Reward: 414.0|
| Episode: 279 | Epsilon:  0.15 | Reward:   0.0 | Average Reward: 1.460 | Steps: 64156 | Total Reward: 414.0|
| Episode: 280 | Epsilon:  0.15 | Reward:   0.0 | Average Reward: 1.460 | Steps: 64305 | Total Reward: 414.0|
| Episode: 281 | Epsilon:  0.15 | Reward:   2.0 | Average Reward: 1.470 | Steps: 64547 | Total Reward: 416.0|
| Episode: 282 | Epsilon:  0.15 | Reward:   1.0 | Average Reward: 1.460 | Steps: 64761 | Total Reward: 417.0|
| Episode: 283 | Epsilon:  0.15 | Reward:   3.0 | Average Reward: 1.490 | Steps: 65077 | Total Reward: 420.0|
| Episode: 284 | Epsilon:  0.15 | Reward:   0.0 | Average Reward: 1.480 | Steps: 65230 | Total Reward: 420.0|
| Episode: 285 | Epsilon:  0.15 | Reward:   1.0 | Average Reward: 1.490 | Steps: 65419 | Total Reward: 421.0|
| Episode: 286 | Epsilon:  0.15 | Reward:   3.0 | Average Reward: 1.500 | Steps: 65736 | Total Reward: 424.0|
| Episode: 287 | Epsilon:  0.15 | Reward:   3.0 | Average Reward: 1.500 | Steps: 66054 | Total Reward: 427.0|
| Episode: 288 | Epsilon:  0.14 | Reward:   3.0 | Average Reward: 1.510 | Steps: 66374 | Total Reward: 430.0|
| Episode: 289 | Epsilon:  0.14 | Reward:   4.0 | Average Reward: 1.540 | Steps: 66751 | Total Reward: 434.0|
| Episode: 290 | Epsilon:  0.14 | Reward:   2.0 | Average Reward: 1.530 | Steps: 67031 | Total Reward: 436.0|
| Episode: 291 | Epsilon:  0.14 | Reward:   0.0 | Average Reward: 1.510 | Steps: 67184 | Total Reward: 436.0|
| Episode: 292 | Epsilon:  0.14 | Reward:   2.0 | Average Reward: 1.520 | Steps: 67427 | Total Reward: 438.0|
| Episode: 293 | Epsilon:  0.14 | Reward:   2.0 | Average Reward: 1.530 | Steps: 67677 | Total Reward: 440.0|
| Episode: 294 | Epsilon:  0.14 | Reward:   1.0 | Average Reward: 1.540 | Steps: 67858 | Total Reward: 441.0|
| Episode: 295 | Epsilon:  0.14 | Reward:   0.0 | Average Reward: 1.540 | Steps: 68006 | Total Reward: 441.0|
| Episode: 296 | Epsilon:  0.14 | Reward:   2.0 | Average Reward: 1.550 | Steps: 68249 | Total Reward: 443.0|
| Episode: 297 | Epsilon:  0.14 | Reward:   2.0 | Average Reward: 1.560 | Steps: 68482 | Total Reward: 445.0|
| Episode: 298 | Epsilon:  0.14 | Reward:   2.0 | Average Reward: 1.580 | Steps: 68730 | Total Reward: 447.0|
| Episode: 299 | Epsilon:  0.14 | Reward:   1.0 | Average Reward: 1.570 | Steps: 68918 | Total Reward: 448.0|
| Episode: 300 | Epsilon:  0.14 | Reward:   2.0 | Average Reward: 1.570 | Steps: 69164 | Total Reward: 450.0|
| Episode: 301 | Epsilon:  0.14 | Reward:   1.0 | Average Reward: 1.570 | Steps: 69375 | Total Reward: 451.0|
| Episode: 302 | Epsilon:  0.14 | Reward:   2.0 | Average Reward: 1.560 | Steps: 69623 | Total Reward: 453.0|
| Episode: 303 | Epsilon:  0.14 | Reward:   0.0 | Average Reward: 1.550 | Steps: 69774 | Total Reward: 453.0|
| Episode: 304 | Epsilon:  0.14 | Reward:   2.0 | Average Reward: 1.570 | Steps: 70019 | Total Reward: 455.0|
| Episode: 305 | Epsilon:  0.14 | Reward:   0.0 | Average Reward: 1.570 | Steps: 70170 | Total Reward: 455.0|
| Episode: 306 | Epsilon:  0.14 | Reward:   2.0 | Average Reward: 1.590 | Steps: 70434 | Total Reward: 457.0|
| Episode: 307 | Epsilon:  0.14 | Reward:   2.0 | Average Reward: 1.580 | Steps: 70680 | Total Reward: 459.0|
| Episode: 308 | Epsilon:  0.14 | Reward:   2.0 | Average Reward: 1.600 | Steps: 70966 | Total Reward: 461.0|
| Episode: 309 | Epsilon:  0.14 | Reward:   2.0 | Average Reward: 1.600 | Steps: 71213 | Total Reward: 463.0|
| Episode: 310 | Epsilon:  0.14 | Reward:   1.0 | Average Reward: 1.590 | Steps: 71396 | Total Reward: 464.0|
| Episode: 311 | Epsilon:  0.14 | Reward:   0.0 | Average Reward: 1.560 | Steps: 71544 | Total Reward: 464.0|
| Episode: 312 | Epsilon:  0.14 | Reward:   2.0 | Average Reward: 1.580 | Steps: 71794 | Total Reward: 466.0|
| Episode: 313 | Epsilon:  0.14 | Reward:   0.0 | Average Reward: 1.560 | Steps: 71940 | Total Reward: 466.0|
| Episode: 314 | Epsilon:  0.13 | Reward:   2.0 | Average Reward: 1.580 | Steps: 72187 | Total Reward: 468.0|
| Episode: 315 | Epsilon:  0.13 | Reward:   1.0 | Average Reward: 1.590 | Steps: 72400 | Total Reward: 469.0|
| Episode: 316 | Epsilon:  0.13 | Reward:   2.0 | Average Reward: 1.610 | Steps: 72674 | Total Reward: 471.0|
| Episode: 317 | Epsilon:  0.13 | Reward:   4.0 | Average Reward: 1.650 | Steps: 73060 | Total Reward: 475.0|
| Episode: 318 | Epsilon:  0.13 | Reward:   1.0 | Average Reward: 1.650 | Steps: 73276 | Total Reward: 476.0|
| Episode: 319 | Epsilon:  0.13 | Reward:   2.0 | Average Reward: 1.630 | Steps: 73531 | Total Reward: 478.0|
| Episode: 320 | Epsilon:  0.13 | Reward:   2.0 | Average Reward: 1.640 | Steps: 73787 | Total Reward: 480.0|
| Episode: 321 | Epsilon:  0.13 | Reward:   1.0 | Average Reward: 1.630 | Steps: 73973 | Total Reward: 481.0|
| Episode: 322 | Epsilon:  0.13 | Reward:   2.0 | Average Reward: 1.610 | Steps: 74218 | Total Reward: 483.0|
| Episode: 323 | Epsilon:  0.13 | Reward:   0.0 | Average Reward: 1.610 | Steps: 74374 | Total Reward: 483.0|
| Episode: 324 | Epsilon:  0.13 | Reward:   0.0 | Average Reward: 1.580 | Steps: 74521 | Total Reward: 483.0|
| Episode: 325 | Epsilon:  0.13 | Reward:   2.0 | Average Reward: 1.580 | Steps: 74769 | Total Reward: 485.0|
| Episode: 326 | Epsilon:  0.13 | Reward:   0.0 | Average Reward: 1.560 | Steps: 74921 | Total Reward: 485.0|
| Episode: 327 | Epsilon:  0.13 | Reward:   2.0 | Average Reward: 1.560 | Steps: 75174 | Total Reward: 487.0|
| Episode: 328 | Epsilon:  0.13 | Reward:   0.0 | Average Reward: 1.540 | Steps: 75326 | Total Reward: 487.0|
| Episode: 329 | Epsilon:  0.13 | Reward:   1.0 | Average Reward: 1.510 | Steps: 75535 | Total Reward: 488.0|
| Episode: 330 | Epsilon:  0.13 | Reward:   8.0 | Average Reward: 1.570 | Steps: 76131 | Total Reward: 496.0|
| Episode: 331 | Epsilon:  0.13 | Reward:   2.0 | Average Reward: 1.550 | Steps: 76389 | Total Reward: 498.0|
| Episode: 332 | Epsilon:  0.13 | Reward:   2.0 | Average Reward: 1.540 | Steps: 76635 | Total Reward: 500.0|
| Episode: 333 | Epsilon:  0.13 | Reward:   2.0 | Average Reward: 1.550 | Steps: 76887 | Total Reward: 502.0|
| Episode: 334 | Epsilon:  0.13 | Reward:   2.0 | Average Reward: 1.550 | Steps: 77144 | Total Reward: 504.0|
| Episode: 335 | Epsilon:  0.13 | Reward:   2.0 | Average Reward: 1.560 | Steps: 77392 | Total Reward: 506.0|
| Episode: 336 | Epsilon:  0.13 | Reward:   2.0 | Average Reward: 1.560 | Steps: 77639 | Total Reward: 508.0|
| Episode: 337 | Epsilon:  0.13 | Reward:   4.0 | Average Reward: 1.600 | Steps: 78008 | Total Reward: 512.0|
| Episode: 338 | Epsilon:  0.13 | Reward:   3.0 | Average Reward: 1.630 | Steps: 78317 | Total Reward: 515.0|
| Episode: 339 | Epsilon:  0.13 | Reward:   1.0 | Average Reward: 1.600 | Steps: 78525 | Total Reward: 516.0|
| Episode: 340 | Epsilon:  0.13 | Reward:   0.0 | Average Reward: 1.580 | Steps: 78674 | Total Reward: 516.0|
| Episode: 341 | Epsilon:  0.13 | Reward:   4.0 | Average Reward: 1.590 | Steps: 79024 | Total Reward: 520.0|
| Episode: 342 | Epsilon:  0.13 | Reward:   2.0 | Average Reward: 1.600 | Steps: 79281 | Total Reward: 522.0|
| Episode: 343 | Epsilon:  0.13 | Reward:   2.0 | Average Reward: 1.620 | Steps: 79527 | Total Reward: 524.0|
| Episode: 344 | Epsilon:  0.13 | Reward:   3.0 | Average Reward: 1.630 | Steps: 79836 | Total Reward: 527.0|
| Episode: 345 | Epsilon:  0.13 | Reward:   2.0 | Average Reward: 1.630 | Steps: 80075 | Total Reward: 529.0|
| Episode: 346 | Epsilon:  0.13 | Reward:   3.0 | Average Reward: 1.640 | Steps: 80360 | Total Reward: 532.0|
| Episode: 347 | Epsilon:  0.12 | Reward:   1.0 | Average Reward: 1.630 | Steps: 80553 | Total Reward: 533.0|
| Episode: 348 | Epsilon:  0.12 | Reward:   0.0 | Average Reward: 1.630 | Steps: 80712 | Total Reward: 533.0|
| Episode: 349 | Epsilon:  0.12 | Reward:   0.0 | Average Reward: 1.610 | Steps: 80864 | Total Reward: 533.0|
| Episode: 350 | Epsilon:  0.12 | Reward:   4.0 | Average Reward: 1.650 | Steps: 81193 | Total Reward: 537.0|
| Episode: 351 | Epsilon:  0.12 | Reward:   2.0 | Average Reward: 1.640 | Steps: 81453 | Total Reward: 539.0|
| Episode: 352 | Epsilon:  0.12 | Reward:   2.0 | Average Reward: 1.660 | Steps: 81704 | Total Reward: 541.0|
| Episode: 353 | Epsilon:  0.12 | Reward:   2.0 | Average Reward: 1.670 | Steps: 81945 | Total Reward: 543.0|
| Episode: 354 | Epsilon:  0.12 | Reward:   1.0 | Average Reward: 1.650 | Steps: 82134 | Total Reward: 544.0|
| Episode: 355 | Epsilon:  0.12 | Reward:   0.0 | Average Reward: 1.650 | Steps: 82279 | Total Reward: 544.0|
| Episode: 356 | Epsilon:  0.12 | Reward:   2.0 | Average Reward: 1.650 | Steps: 82550 | Total Reward: 546.0|
| Episode: 357 | Epsilon:  0.12 | Reward:   2.0 | Average Reward: 1.670 | Steps: 82779 | Total Reward: 548.0|
| Episode: 358 | Epsilon:  0.12 | Reward:   2.0 | Average Reward: 1.680 | Steps: 83021 | Total Reward: 550.0|
| Episode: 359 | Epsilon:  0.12 | Reward:   0.0 | Average Reward: 1.650 | Steps: 83171 | Total Reward: 550.0|
| Episode: 360 | Epsilon:  0.12 | Reward:   3.0 | Average Reward: 1.660 | Steps: 83507 | Total Reward: 553.0|
| Episode: 361 | Epsilon:  0.12 | Reward:   2.0 | Average Reward: 1.650 | Steps: 83762 | Total Reward: 555.0|
| Episode: 362 | Epsilon:  0.12 | Reward:   2.0 | Average Reward: 1.670 | Steps: 84013 | Total Reward: 557.0|
| Episode: 363 | Epsilon:  0.12 | Reward:   0.0 | Average Reward: 1.670 | Steps: 84164 | Total Reward: 557.0|
| Episode: 364 | Epsilon:  0.12 | Reward:   0.0 | Average Reward: 1.670 | Steps: 84310 | Total Reward: 557.0|
| Episode: 365 | Epsilon:  0.12 | Reward:   4.0 | Average Reward: 1.690 | Steps: 84662 | Total Reward: 561.0|
| Episode: 366 | Epsilon:  0.12 | Reward:   3.0 | Average Reward: 1.700 | Steps: 84981 | Total Reward: 564.0|
| Episode: 367 | Epsilon:  0.12 | Reward:   2.0 | Average Reward: 1.710 | Steps: 85233 | Total Reward: 566.0|
| Episode: 368 | Epsilon:  0.12 | Reward:   2.0 | Average Reward: 1.720 | Steps: 85478 | Total Reward: 568.0|
| Episode: 369 | Epsilon:  0.12 | Reward:   0.0 | Average Reward: 1.710 | Steps: 85636 | Total Reward: 568.0|
| Episode: 370 | Epsilon:  0.12 | Reward:   0.0 | Average Reward: 1.690 | Steps: 85786 | Total Reward: 568.0|
| Episode: 371 | Epsilon:  0.12 | Reward:   1.0 | Average Reward: 1.680 | Steps: 86006 | Total Reward: 569.0|
| Episode: 372 | Epsilon:  0.12 | Reward:   2.0 | Average Reward: 1.670 | Steps: 86253 | Total Reward: 571.0|
| Episode: 373 | Epsilon:  0.12 | Reward:   2.0 | Average Reward: 1.650 | Steps: 86529 | Total Reward: 573.0|
| Episode: 374 | Epsilon:  0.12 | Reward:   2.0 | Average Reward: 1.650 | Steps: 86785 | Total Reward: 575.0|
| Episode: 375 | Epsilon:  0.12 | Reward:   2.0 | Average Reward: 1.650 | Steps: 87034 | Total Reward: 577.0|
| Episode: 376 | Epsilon:  0.12 | Reward:   0.0 | Average Reward: 1.640 | Steps: 87179 | Total Reward: 577.0|
| Episode: 377 | Epsilon:  0.12 | Reward:   3.0 | Average Reward: 1.670 | Steps: 87490 | Total Reward: 580.0|
| Episode: 378 | Epsilon:  0.12 | Reward:   1.0 | Average Reward: 1.670 | Steps: 87702 | Total Reward: 581.0|
| Episode: 379 | Epsilon:  0.12 | Reward:   2.0 | Average Reward: 1.690 | Steps: 87947 | Total Reward: 583.0|
| Episode: 380 | Epsilon:  0.12 | Reward:   2.0 | Average Reward: 1.710 | Steps: 88198 | Total Reward: 585.0|
| Episode: 381 | Epsilon:  0.12 | Reward:   2.0 | Average Reward: 1.710 | Steps: 88449 | Total Reward: 587.0|
| Episode: 382 | Epsilon:  0.12 | Reward:   0.0 | Average Reward: 1.700 | Steps: 88597 | Total Reward: 587.0|
| Episode: 383 | Epsilon:  0.12 | Reward:   1.0 | Average Reward: 1.680 | Steps: 88811 | Total Reward: 588.0|
| Episode: 384 | Epsilon:  0.12 | Reward:   2.0 | Average Reward: 1.700 | Steps: 89058 | Total Reward: 590.0|
| Episode: 385 | Epsilon:  0.12 | Reward:   2.0 | Average Reward: 1.710 | Steps: 89303 | Total Reward: 592.0|
| Episode: 386 | Epsilon:  0.12 | Reward:   0.0 | Average Reward: 1.680 | Steps: 89454 | Total Reward: 592.0|
| Episode: 387 | Epsilon:  0.12 | Reward:   2.0 | Average Reward: 1.670 | Steps: 89712 | Total Reward: 594.0|
| Episode: 388 | Epsilon:  0.12 | Reward:   2.0 | Average Reward: 1.660 | Steps: 89962 | Total Reward: 596.0|
| Episode: 389 | Epsilon:  0.12 | Reward:   0.0 | Average Reward: 1.620 | Steps: 90114 | Total Reward: 596.0|
| Episode: 390 | Epsilon:  0.12 | Reward:   2.0 | Average Reward: 1.620 | Steps: 90364 | Total Reward: 598.0|
| Episode: 391 | Epsilon:  0.12 | Reward:   2.0 | Average Reward: 1.640 | Steps: 90613 | Total Reward: 600.0|
| Episode: 392 | Epsilon:  0.12 | Reward:   2.0 | Average Reward: 1.640 | Steps: 90867 | Total Reward: 602.0|
| Episode: 393 | Epsilon:  0.12 | Reward:   2.0 | Average Reward: 1.640 | Steps: 91150 | Total Reward: 604.0|
| Episode: 394 | Epsilon:  0.12 | Reward:   3.0 | Average Reward: 1.660 | Steps: 91435 | Total Reward: 607.0|
| Episode: 395 | Epsilon:  0.12 | Reward:   2.0 | Average Reward: 1.680 | Steps: 91690 | Total Reward: 609.0|
| Episode: 396 | Epsilon:  0.12 | Reward:   0.0 | Average Reward: 1.660 | Steps: 91844 | Total Reward: 609.0|
| Episode: 397 | Epsilon:  0.12 | Reward:   2.0 | Average Reward: 1.660 | Steps: 92100 | Total Reward: 611.0|
| Episode: 398 | Epsilon:  0.11 | Reward:   0.0 | Average Reward: 1.640 | Steps: 92250 | Total Reward: 611.0|
| Episode: 399 | Epsilon:  0.11 | Reward:   2.0 | Average Reward: 1.650 | Steps: 92499 | Total Reward: 613.0|
| Episode: 400 | Epsilon:  0.11 | Reward:   0.0 | Average Reward: 1.630 | Steps: 92655 | Total Reward: 613.0|
| Episode: 401 | Epsilon:  0.11 | Reward:   2.0 | Average Reward: 1.640 | Steps: 92906 | Total Reward: 615.0|
| Episode: 402 | Epsilon:  0.11 | Reward:   3.0 | Average Reward: 1.650 | Steps: 93217 | Total Reward: 618.0|
| Episode: 403 | Epsilon:  0.11 | Reward:   2.0 | Average Reward: 1.670 | Steps: 93493 | Total Reward: 620.0|
| Episode: 404 | Epsilon:  0.11 | Reward:   0.0 | Average Reward: 1.650 | Steps: 93641 | Total Reward: 620.0|
| Episode: 405 | Epsilon:  0.11 | Reward:   2.0 | Average Reward: 1.670 | Steps: 93893 | Total Reward: 622.0|
| Episode: 406 | Epsilon:  0.11 | Reward:   4.0 | Average Reward: 1.690 | Steps: 94282 | Total Reward: 626.0|
| Episode: 407 | Epsilon:  0.11 | Reward:   2.0 | Average Reward: 1.690 | Steps: 94531 | Total Reward: 628.0|
| Episode: 408 | Epsilon:  0.11 | Reward:   2.0 | Average Reward: 1.690 | Steps: 94809 | Total Reward: 630.0|
| Episode: 409 | Epsilon:  0.11 | Reward:   3.0 | Average Reward: 1.700 | Steps: 95154 | Total Reward: 633.0|
| Episode: 410 | Epsilon:  0.11 | Reward:   3.0 | Average Reward: 1.720 | Steps: 95469 | Total Reward: 636.0|
| Episode: 411 | Epsilon:  0.11 | Reward:   0.0 | Average Reward: 1.720 | Steps: 95618 | Total Reward: 636.0|
| Episode: 412 | Epsilon:  0.11 | Reward:   2.0 | Average Reward: 1.720 | Steps: 95868 | Total Reward: 638.0|
| Episode: 413 | Epsilon:  0.11 | Reward:   0.0 | Average Reward: 1.720 | Steps: 96012 | Total Reward: 638.0|
| Episode: 414 | Epsilon:  0.11 | Reward:   2.0 | Average Reward: 1.720 | Steps: 96259 | Total Reward: 640.0|
| Episode: 415 | Epsilon:  0.11 | Reward:   3.0 | Average Reward: 1.740 | Steps: 96552 | Total Reward: 643.0|
| Episode: 416 | Epsilon:  0.11 | Reward:   2.0 | Average Reward: 1.740 | Steps: 96810 | Total Reward: 645.0|
| Episode: 417 | Epsilon:  0.11 | Reward:   1.0 | Average Reward: 1.710 | Steps: 97027 | Total Reward: 646.0|
| Episode: 418 | Epsilon:  0.11 | Reward:   2.0 | Average Reward: 1.720 | Steps: 97303 | Total Reward: 648.0|
| Episode: 419 | Epsilon:  0.11 | Reward:   0.0 | Average Reward: 1.700 | Steps: 97456 | Total Reward: 648.0|
| Episode: 420 | Epsilon:  0.11 | Reward:   0.0 | Average Reward: 1.680 | Steps: 97605 | Total Reward: 648.0|
| Episode: 421 | Epsilon:  0.11 | Reward:   2.0 | Average Reward: 1.690 | Steps: 97856 | Total Reward: 650.0|
| Episode: 422 | Epsilon:  0.11 | Reward:   4.0 | Average Reward: 1.710 | Steps: 98232 | Total Reward: 654.0|
| Episode: 423 | Epsilon:  0.11 | Reward:   2.0 | Average Reward: 1.730 | Steps: 98485 | Total Reward: 656.0|
| Episode: 424 | Epsilon:  0.11 | Reward:   3.0 | Average Reward: 1.760 | Steps: 98771 | Total Reward: 659.0|
| Episode: 425 | Epsilon:  0.11 | Reward:   1.0 | Average Reward: 1.750 | Steps: 98958 | Total Reward: 660.0|
| Episode: 426 | Epsilon:  0.11 | Reward:   0.0 | Average Reward: 1.750 | Steps: 99110 | Total Reward: 660.0|
| Episode: 427 | Epsilon:  0.11 | Reward:   2.0 | Average Reward: 1.750 | Steps: 99357 | Total Reward: 662.0|
| Episode: 428 | Epsilon:  0.11 | Reward:   2.0 | Average Reward: 1.770 | Steps: 99606 | Total Reward: 664.0|
| Episode: 429 | Epsilon:  0.11 | Reward:   2.0 | Average Reward: 1.780 | Steps: 99855 | Total Reward: 666.0|
| Episode: 430 | Epsilon:  0.11 | Reward:   2.0 | Average Reward: 1.720 | Steps: 100110 | Total Reward: 668.0|
| Episode: 431 | Epsilon:  0.11 | Reward:   2.0 | Average Reward: 1.720 | Steps: 100361 | Total Reward: 670.0|
| Episode: 432 | Epsilon:  0.11 | Reward:   4.0 | Average Reward: 1.740 | Steps: 100741 | Total Reward: 674.0|
| Episode: 433 | Epsilon:  0.11 | Reward:   4.0 | Average Reward: 1.760 | Steps: 101124 | Total Reward: 678.0|
| Episode: 434 | Epsilon:  0.11 | Reward:   3.0 | Average Reward: 1.770 | Steps: 101440 | Total Reward: 681.0|
| Episode: 435 | Epsilon:  0.11 | Reward:   2.0 | Average Reward: 1.770 | Steps: 101686 | Total Reward: 683.0|
| Episode: 436 | Epsilon:  0.11 | Reward:   0.0 | Average Reward: 1.750 | Steps: 101838 | Total Reward: 683.0|
| Episode: 437 | Epsilon:  0.11 | Reward:   2.0 | Average Reward: 1.730 | Steps: 102111 | Total Reward: 685.0|
| Episode: 438 | Epsilon:  0.11 | Reward:   2.0 | Average Reward: 1.720 | Steps: 102372 | Total Reward: 687.0|
| Episode: 439 | Epsilon:  0.11 | Reward:   4.0 | Average Reward: 1.750 | Steps: 102731 | Total Reward: 691.0|
| Episode: 440 | Epsilon:  0.11 | Reward:   2.0 | Average Reward: 1.770 | Steps: 103010 | Total Reward: 693.0|
| Episode: 441 | Epsilon:  0.11 | Reward:   2.0 | Average Reward: 1.750 | Steps: 103256 | Total Reward: 695.0|
| Episode: 442 | Epsilon:  0.11 | Reward:   2.0 | Average Reward: 1.750 | Steps: 103531 | Total Reward: 697.0|
| Episode: 443 | Epsilon:  0.11 | Reward:   0.0 | Average Reward: 1.730 | Steps: 103679 | Total Reward: 697.0|
| Episode: 444 | Epsilon:  0.11 | Reward:   0.0 | Average Reward: 1.700 | Steps: 103824 | Total Reward: 697.0|
| Episode: 445 | Epsilon:  0.11 | Reward:   2.0 | Average Reward: 1.700 | Steps: 104071 | Total Reward: 699.0|
| Episode: 446 | Epsilon:  0.11 | Reward:   2.0 | Average Reward: 1.690 | Steps: 104325 | Total Reward: 701.0|
| Episode: 447 | Epsilon:  0.11 | Reward:   1.0 | Average Reward: 1.690 | Steps: 104533 | Total Reward: 702.0|
| Episode: 448 | Epsilon:  0.11 | Reward:   2.0 | Average Reward: 1.710 | Steps: 104788 | Total Reward: 704.0|
| Episode: 449 | Epsilon:  0.11 | Reward:   1.0 | Average Reward: 1.720 | Steps: 104971 | Total Reward: 705.0|
| Episode: 450 | Epsilon:  0.11 | Reward:   3.0 | Average Reward: 1.710 | Steps: 105256 | Total Reward: 708.0|
| Episode: 451 | Epsilon:  0.11 | Reward:   2.0 | Average Reward: 1.710 | Steps: 105501 | Total Reward: 710.0|
| Episode: 452 | Epsilon:  0.11 | Reward:   1.0 | Average Reward: 1.700 | Steps: 105695 | Total Reward: 711.0|
| Episode: 453 | Epsilon:  0.11 | Reward:   3.0 | Average Reward: 1.710 | Steps: 106013 | Total Reward: 714.0|
| Episode: 454 | Epsilon:  0.11 | Reward:   0.0 | Average Reward: 1.700 | Steps: 106160 | Total Reward: 714.0|
| Episode: 455 | Epsilon:  0.11 | Reward:   0.0 | Average Reward: 1.700 | Steps: 106311 | Total Reward: 714.0|
| Episode: 456 | Epsilon:  0.11 | Reward:   2.0 | Average Reward: 1.700 | Steps: 106567 | Total Reward: 716.0|
| Episode: 457 | Epsilon:  0.11 | Reward:   0.0 | Average Reward: 1.680 | Steps: 106722 | Total Reward: 716.0|
| Episode: 458 | Epsilon:  0.11 | Reward:   2.0 | Average Reward: 1.680 | Steps: 106965 | Total Reward: 718.0|
| Episode: 459 | Epsilon:  0.11 | Reward:   2.0 | Average Reward: 1.700 | Steps: 107215 | Total Reward: 720.0|
| Episode: 460 | Epsilon:  0.11 | Reward:   0.0 | Average Reward: 1.670 | Steps: 107371 | Total Reward: 720.0|
| Episode: 461 | Epsilon:  0.11 | Reward:   2.0 | Average Reward: 1.670 | Steps: 107612 | Total Reward: 722.0|
| Episode: 462 | Epsilon:  0.11 | Reward:   0.0 | Average Reward: 1.650 | Steps: 107755 | Total Reward: 722.0|
| Episode: 463 | Epsilon:  0.11 | Reward:   0.0 | Average Reward: 1.650 | Steps: 107900 | Total Reward: 722.0|
| Episode: 464 | Epsilon:  0.11 | Reward:   3.0 | Average Reward: 1.680 | Steps: 108222 | Total Reward: 725.0|
| Episode: 465 | Epsilon:  0.11 | Reward:   0.0 | Average Reward: 1.640 | Steps: 108364 | Total Reward: 725.0|
| Episode: 466 | Epsilon:  0.11 | Reward:   1.0 | Average Reward: 1.620 | Steps: 108579 | Total Reward: 726.0|
| Episode: 467 | Epsilon:  0.11 | Reward:   1.0 | Average Reward: 1.610 | Steps: 108767 | Total Reward: 727.0|
| Episode: 468 | Epsilon:  0.11 | Reward:   0.0 | Average Reward: 1.590 | Steps: 108923 | Total Reward: 727.0|
| Episode: 469 | Epsilon:  0.11 | Reward:   2.0 | Average Reward: 1.610 | Steps: 109174 | Total Reward: 729.0|
| Episode: 470 | Epsilon:  0.11 | Reward:   0.0 | Average Reward: 1.610 | Steps: 109322 | Total Reward: 729.0|
| Episode: 471 | Epsilon:  0.11 | Reward:   0.0 | Average Reward: 1.600 | Steps: 109477 | Total Reward: 729.0|
| Episode: 472 | Epsilon:  0.11 | Reward:   2.0 | Average Reward: 1.600 | Steps: 109725 | Total Reward: 731.0|
