+------------------------+----------------------------+--------------------+
|                        |     Supported Features     |  Program Commands  |
+========================+============================+====================+
| Compatible Layers      | Hopfield Layer,            | hopfield,          |
|                        | HopfieldLayer Layer,       | hopfield_layer,    |
|                        | HopfieldPooling Layer,     | hopfield_pooling,  |
|                        | LSTM,                      | lstm,              |
|                        | GRU                        | gru                |
+------------------------+----------------------------+--------------------+
| Supported Loss Metrics | Huber Loss,                | huber,             |
|                        | Mean Absolute Error Loss,  | mae,               |
|                        | Mean Squared Error Loss,   | mse,               |
|                        | SmoothL1 Loss              | smooth_l1          |
+------------------------+----------------------------+--------------------+
| Supported Optimizers   | RMSprop (default),         | rmsprop,           |
|                        | AdamW,                     | adam,              |
|                        | Adam,                      | adamW,             |
|                        | SGD                        |  sgd               |
+------------------------+----------------------------+--------------------+
+------------------------------+-------------------------------------------+
|          Parameter           |                   Value                   |
+==============================+===========================================+
| Layer Type:                  | hopfield_pooling                          |
+------------------------------+-------------------------------------------+
| Loss Metric:                 | mse                                       |
+------------------------------+-------------------------------------------+
| Sequence Length:             | 20                                        |
+------------------------------+-------------------------------------------+
| Learning Rate:               | 0.000                                     |
+------------------------------+-------------------------------------------+
| Target Update Steps:         | 5000                                      |
+------------------------------+-------------------------------------------+
| Optimizer:                   | rmsprop                                   |
+------------------------------+-------------------------------------------+
| Hopfield Inverse Temperature | 0.100                                     |
+------------------------------+-------------------------------------------+
| Scale Q-values with lr       | yes                                       |
+------------------------------+-------------------------------------------+
| Hard or Soft Update          | hard                                      |
+------------------------------+-------------------------------------------+
| Polyak Factor                | None                                      |
+------------------------------+-------------------------------------------+
| Make POMDP                   | Train: False, Hidden dims: [1], mask      |
|                              | Evaluation: False, Hidden dims: [1], mask |
+------------------------------+-------------------------------------------+
---------------
| TRAINING... |
---------------
| Episode:   1 | Epsilon:  0.89 | Reward:   1.0 | Average Reward: 1.000 | Steps:   159 | Total Reward:   1.0|
| Episode:   2 | Epsilon:  0.88 | Reward:   1.0 | Average Reward: 1.000 | Steps:   300 | Total Reward:   2.0|
| Episode:   3 | Epsilon:  0.86 | Reward:   0.0 | Average Reward: 0.667 | Steps:   413 | Total Reward:   2.0|
| Episode:   4 | Epsilon:  0.85 | Reward:   0.0 | Average Reward: 0.500 | Steps:   524 | Total Reward:   2.0|
| Episode:   5 | Epsilon:  0.84 | Reward:   2.0 | Average Reward: 0.800 | Steps:   732 | Total Reward:   4.0|
| Episode:   6 | Epsilon:  0.83 | Reward:   2.0 | Average Reward: 1.000 | Steps:   920 | Total Reward:   6.0|
| Episode:   7 | Epsilon:  0.81 | Reward:   2.0 | Average Reward: 1.143 | Steps:  1108 | Total Reward:   8.0|
| Episode:   8 | Epsilon:  0.80 | Reward:   0.0 | Average Reward: 1.000 | Steps:  1221 | Total Reward:   8.0|
| Episode:   9 | Epsilon:  0.79 | Reward:   0.0 | Average Reward: 0.889 | Steps:  1336 | Total Reward:   8.0|
| Episode:  10 | Epsilon:  0.78 | Reward:   0.0 | Average Reward: 0.800 | Steps:  1449 | Total Reward:   8.0|
| Episode:  11 | Epsilon:  0.77 | Reward:   2.0 | Average Reward: 0.909 | Steps:  1635 | Total Reward:  10.0|
| Episode:  12 | Epsilon:  0.76 | Reward:   0.0 | Average Reward: 0.833 | Steps:  1748 | Total Reward:  10.0|
| Episode:  13 | Epsilon:  0.75 | Reward:   4.0 | Average Reward: 1.077 | Steps:  2053 | Total Reward:  14.0|
| Episode:  14 | Epsilon:  0.74 | Reward:   4.0 | Average Reward: 1.286 | Steps:  2337 | Total Reward:  18.0|
| Episode:  15 | Epsilon:  0.73 | Reward:   6.0 | Average Reward: 1.600 | Steps:  2656 | Total Reward:  24.0|
| Episode:  16 | Epsilon:  0.71 | Reward:   0.0 | Average Reward: 1.500 | Steps:  2767 | Total Reward:  24.0|
| Episode:  17 | Epsilon:  0.70 | Reward:   2.0 | Average Reward: 1.529 | Steps:  2939 | Total Reward:  26.0|
| Episode:  18 | Epsilon:  0.69 | Reward:   1.0 | Average Reward: 1.500 | Steps:  3099 | Total Reward:  27.0|
| Episode:  19 | Epsilon:  0.68 | Reward:   2.0 | Average Reward: 1.526 | Steps:  3286 | Total Reward:  29.0|
| Episode:  20 | Epsilon:  0.68 | Reward:   1.0 | Average Reward: 1.500 | Steps:  3444 | Total Reward:  30.0|
| Episode:  21 | Epsilon:  0.67 | Reward:   1.0 | Average Reward: 1.476 | Steps:  3599 | Total Reward:  31.0|
| Episode:  22 | Epsilon:  0.66 | Reward:   3.0 | Average Reward: 1.545 | Steps:  3833 | Total Reward:  34.0|
| Episode:  23 | Epsilon:  0.65 | Reward:   0.0 | Average Reward: 1.478 | Steps:  3942 | Total Reward:  34.0|
| Episode:  24 | Epsilon:  0.64 | Reward:   2.0 | Average Reward: 1.500 | Steps:  4126 | Total Reward:  36.0|
| Episode:  25 | Epsilon:  0.63 | Reward:   1.0 | Average Reward: 1.480 | Steps:  4267 | Total Reward:  37.0|
| Episode:  26 | Epsilon:  0.62 | Reward:   5.0 | Average Reward: 1.615 | Steps:  4595 | Total Reward:  42.0|
| Episode:  27 | Epsilon:  0.61 | Reward:   1.0 | Average Reward: 1.593 | Steps:  4734 | Total Reward:  43.0|
| Episode:  28 | Epsilon:  0.60 | Reward:   0.0 | Average Reward: 1.536 | Steps:  4847 | Total Reward:  43.0|
| Episode:  29 | Epsilon:  0.60 | Reward:   2.0 | Average Reward: 1.552 | Steps:  5033 | Total Reward:  45.0|
| Episode:  30 | Epsilon:  0.59 | Reward:   2.0 | Average Reward: 1.567 | Steps:  5217 | Total Reward:  47.0|
| Episode:  31 | Epsilon:  0.58 | Reward:   0.0 | Average Reward: 1.516 | Steps:  5332 | Total Reward:  47.0|
| Episode:  32 | Epsilon:  0.57 | Reward:   2.0 | Average Reward: 1.531 | Steps:  5503 | Total Reward:  49.0|
| Episode:  33 | Epsilon:  0.56 | Reward:   2.0 | Average Reward: 1.545 | Steps:  5689 | Total Reward:  51.0|
| Episode:  34 | Epsilon:  0.56 | Reward:   2.0 | Average Reward: 1.559 | Steps:  5873 | Total Reward:  53.0|
| Episode:  35 | Epsilon:  0.55 | Reward:   0.0 | Average Reward: 1.514 | Steps:  5984 | Total Reward:  53.0|
| Episode:  36 | Epsilon:  0.54 | Reward:   0.0 | Average Reward: 1.472 | Steps:  6093 | Total Reward:  53.0|
| Episode:  37 | Epsilon:  0.53 | Reward:   0.0 | Average Reward: 1.432 | Steps:  6206 | Total Reward:  53.0|
| Episode:  38 | Epsilon:  0.53 | Reward:   0.0 | Average Reward: 1.395 | Steps:  6315 | Total Reward:  53.0|
| Episode:  39 | Epsilon:  0.52 | Reward:   0.0 | Average Reward: 1.359 | Steps:  6424 | Total Reward:  53.0|
| Episode:  40 | Epsilon:  0.51 | Reward:   0.0 | Average Reward: 1.325 | Steps:  6533 | Total Reward:  53.0|
| Episode:  41 | Epsilon:  0.51 | Reward:   0.0 | Average Reward: 1.293 | Steps:  6644 | Total Reward:  53.0|
| Episode:  42 | Epsilon:  0.50 | Reward:   2.0 | Average Reward: 1.310 | Steps:  6830 | Total Reward:  55.0|
| Episode:  43 | Epsilon:  0.49 | Reward:   3.0 | Average Reward: 1.349 | Steps:  7064 | Total Reward:  58.0|
| Episode:  44 | Epsilon:  0.49 | Reward:   0.0 | Average Reward: 1.318 | Steps:  7175 | Total Reward:  58.0|
| Episode:  45 | Epsilon:  0.48 | Reward:   1.0 | Average Reward: 1.311 | Steps:  7331 | Total Reward:  59.0|
| Episode:  46 | Epsilon:  0.47 | Reward:   0.0 | Average Reward: 1.283 | Steps:  7444 | Total Reward:  59.0|
| Episode:  47 | Epsilon:  0.47 | Reward:   4.0 | Average Reward: 1.340 | Steps:  7753 | Total Reward:  63.0|
| Episode:  48 | Epsilon:  0.46 | Reward:   0.0 | Average Reward: 1.312 | Steps:  7862 | Total Reward:  63.0|
| Episode:  49 | Epsilon:  0.45 | Reward:   2.0 | Average Reward: 1.327 | Steps:  8050 | Total Reward:  65.0|
| Episode:  50 | Epsilon:  0.45 | Reward:   2.0 | Average Reward: 1.340 | Steps:  8234 | Total Reward:  67.0|
| Episode:  51 | Epsilon:  0.44 | Reward:   0.0 | Average Reward: 1.314 | Steps:  8343 | Total Reward:  67.0|
| Episode:  52 | Epsilon:  0.44 | Reward:   5.0 | Average Reward: 1.385 | Steps:  8673 | Total Reward:  72.0|
| Episode:  53 | Epsilon:  0.43 | Reward:   0.0 | Average Reward: 1.358 | Steps:  8784 | Total Reward:  72.0|
| Episode:  54 | Epsilon:  0.43 | Reward:   5.0 | Average Reward: 1.426 | Steps:  9096 | Total Reward:  77.0|
| Episode:  55 | Epsilon:  0.42 | Reward:   2.0 | Average Reward: 1.436 | Steps:  9280 | Total Reward:  79.0|
| Episode:  56 | Epsilon:  0.42 | Reward:   1.0 | Average Reward: 1.429 | Steps:  9417 | Total Reward:  80.0|
| Episode:  57 | Epsilon:  0.41 | Reward:   0.0 | Average Reward: 1.404 | Steps:  9528 | Total Reward:  80.0|
| Episode:  58 | Epsilon:  0.41 | Reward:   3.0 | Average Reward: 1.431 | Steps:  9762 | Total Reward:  83.0|
| Episode:  59 | Epsilon:  0.40 | Reward:   0.0 | Average Reward: 1.407 | Steps:  9871 | Total Reward:  83.0|
| Episode:  60 | Epsilon:  0.40 | Reward:   2.0 | Average Reward: 1.417 | Steps: 10055 | Total Reward:  85.0|
| Episode:  61 | Epsilon:  0.39 | Reward:   2.0 | Average Reward: 1.426 | Steps: 10225 | Total Reward:  87.0|
| Episode:  62 | Epsilon:  0.39 | Reward:   5.0 | Average Reward: 1.484 | Steps: 10558 | Total Reward:  92.0|
| Episode:  63 | Epsilon:  0.38 | Reward:   0.0 | Average Reward: 1.460 | Steps: 10671 | Total Reward:  92.0|
| Episode:  64 | Epsilon:  0.38 | Reward:   2.0 | Average Reward: 1.469 | Steps: 10855 | Total Reward:  94.0|
| Episode:  65 | Epsilon:  0.37 | Reward:   2.0 | Average Reward: 1.477 | Steps: 11039 | Total Reward:  96.0|
| Episode:  66 | Epsilon:  0.37 | Reward:   4.0 | Average Reward: 1.515 | Steps: 11301 | Total Reward: 100.0|
| Episode:  67 | Epsilon:  0.36 | Reward:   0.0 | Average Reward: 1.493 | Steps: 11410 | Total Reward: 100.0|
| Episode:  68 | Epsilon:  0.36 | Reward:   0.0 | Average Reward: 1.471 | Steps: 11521 | Total Reward: 100.0|
| Episode:  69 | Epsilon:  0.35 | Reward:   2.0 | Average Reward: 1.478 | Steps: 11729 | Total Reward: 102.0|
| Episode:  70 | Epsilon:  0.35 | Reward:   0.0 | Average Reward: 1.457 | Steps: 11840 | Total Reward: 102.0|
| Episode:  71 | Epsilon:  0.35 | Reward:   0.0 | Average Reward: 1.437 | Steps: 11949 | Total Reward: 102.0|
| Episode:  72 | Epsilon:  0.34 | Reward:   5.0 | Average Reward: 1.486 | Steps: 12243 | Total Reward: 107.0|
| Episode:  73 | Epsilon:  0.34 | Reward:   2.0 | Average Reward: 1.493 | Steps: 12449 | Total Reward: 109.0|
| Episode:  74 | Epsilon:  0.33 | Reward:   5.0 | Average Reward: 1.541 | Steps: 12785 | Total Reward: 114.0|
| Episode:  75 | Epsilon:  0.33 | Reward:   3.0 | Average Reward: 1.560 | Steps: 13019 | Total Reward: 117.0|
| Episode:  76 | Epsilon:  0.33 | Reward:   1.0 | Average Reward: 1.553 | Steps: 13157 | Total Reward: 118.0|
| Episode:  77 | Epsilon:  0.32 | Reward:   2.0 | Average Reward: 1.558 | Steps: 13341 | Total Reward: 120.0|
| Episode:  78 | Epsilon:  0.32 | Reward:   0.0 | Average Reward: 1.538 | Steps: 13450 | Total Reward: 120.0|
| Episode:  79 | Epsilon:  0.32 | Reward:   1.0 | Average Reward: 1.532 | Steps: 13609 | Total Reward: 121.0|
| Episode:  80 | Epsilon:  0.31 | Reward:   2.0 | Average Reward: 1.538 | Steps: 13793 | Total Reward: 123.0|
| Episode:  81 | Epsilon:  0.31 | Reward:   2.0 | Average Reward: 1.543 | Steps: 13977 | Total Reward: 125.0|
| Episode:  82 | Epsilon:  0.30 | Reward:   2.0 | Average Reward: 1.549 | Steps: 14162 | Total Reward: 127.0|
| Episode:  83 | Epsilon:  0.30 | Reward:   0.0 | Average Reward: 1.530 | Steps: 14271 | Total Reward: 127.0|
| Episode:  84 | Epsilon:  0.30 | Reward:   1.0 | Average Reward: 1.524 | Steps: 14427 | Total Reward: 128.0|
| Episode:  85 | Epsilon:  0.29 | Reward:   0.0 | Average Reward: 1.506 | Steps: 14536 | Total Reward: 128.0|
| Episode:  86 | Epsilon:  0.29 | Reward:   0.0 | Average Reward: 1.488 | Steps: 14645 | Total Reward: 128.0|
| Episode:  87 | Epsilon:  0.29 | Reward:   1.0 | Average Reward: 1.483 | Steps: 14800 | Total Reward: 129.0|
| Episode:  88 | Epsilon:  0.29 | Reward:   0.0 | Average Reward: 1.466 | Steps: 14909 | Total Reward: 129.0|
| Episode:  89 | Epsilon:  0.28 | Reward:   2.0 | Average Reward: 1.472 | Steps: 15093 | Total Reward: 131.0|
| Episode:  90 | Epsilon:  0.28 | Reward:   4.0 | Average Reward: 1.500 | Steps: 15375 | Total Reward: 135.0|
| Episode:  91 | Epsilon:  0.28 | Reward:   0.0 | Average Reward: 1.484 | Steps: 15484 | Total Reward: 135.0|
| Episode:  92 | Epsilon:  0.27 | Reward:   1.0 | Average Reward: 1.478 | Steps: 15639 | Total Reward: 136.0|
| Episode:  93 | Epsilon:  0.27 | Reward:   0.0 | Average Reward: 1.462 | Steps: 15748 | Total Reward: 136.0|
| Episode:  94 | Epsilon:  0.27 | Reward:   3.0 | Average Reward: 1.479 | Steps: 15982 | Total Reward: 139.0|
| Episode:  95 | Epsilon:  0.26 | Reward:   4.0 | Average Reward: 1.505 | Steps: 16287 | Total Reward: 143.0|
| Episode:  96 | Epsilon:  0.26 | Reward:   2.0 | Average Reward: 1.510 | Steps: 16471 | Total Reward: 145.0|
| Episode:  97 | Epsilon:  0.26 | Reward:   2.0 | Average Reward: 1.515 | Steps: 16655 | Total Reward: 147.0|
| Episode:  98 | Epsilon:  0.26 | Reward:   2.0 | Average Reward: 1.520 | Steps: 16839 | Total Reward: 149.0|
| Episode:  99 | Epsilon:  0.25 | Reward:   1.0 | Average Reward: 1.515 | Steps: 16975 | Total Reward: 150.0|
| Episode: 100 | Epsilon:  0.25 | Reward:   0.0 | Average Reward: 1.500 | Steps: 17086 | Total Reward: 150.0|
| Episode: 101 | Epsilon:  0.25 | Reward:   2.0 | Average Reward: 1.510 | Steps: 17270 | Total Reward: 152.0|
| Episode: 102 | Epsilon:  0.25 | Reward:   3.0 | Average Reward: 1.530 | Steps: 17504 | Total Reward: 155.0|
| Episode: 103 | Epsilon:  0.24 | Reward:   0.0 | Average Reward: 1.530 | Steps: 17613 | Total Reward: 155.0|
| Episode: 104 | Epsilon:  0.24 | Reward:   2.0 | Average Reward: 1.550 | Steps: 17797 | Total Reward: 157.0|
| Episode: 105 | Epsilon:  0.24 | Reward:   2.0 | Average Reward: 1.550 | Steps: 17981 | Total Reward: 159.0|
| Episode: 106 | Epsilon:  0.24 | Reward:   1.0 | Average Reward: 1.540 | Steps: 18138 | Total Reward: 160.0|
| Episode: 107 | Epsilon:  0.23 | Reward:   2.0 | Average Reward: 1.540 | Steps: 18322 | Total Reward: 162.0|
| Episode: 108 | Epsilon:  0.23 | Reward:   0.0 | Average Reward: 1.540 | Steps: 18431 | Total Reward: 162.0|
| Episode: 109 | Epsilon:  0.23 | Reward:   1.0 | Average Reward: 1.550 | Steps: 18587 | Total Reward: 163.0|
| Episode: 110 | Epsilon:  0.23 | Reward:   0.0 | Average Reward: 1.550 | Steps: 18698 | Total Reward: 163.0|
| Episode: 111 | Epsilon:  0.23 | Reward:   2.0 | Average Reward: 1.550 | Steps: 18882 | Total Reward: 165.0|
| Episode: 112 | Epsilon:  0.22 | Reward:   2.0 | Average Reward: 1.570 | Steps: 19066 | Total Reward: 167.0|
| Episode: 113 | Epsilon:  0.22 | Reward:   3.0 | Average Reward: 1.560 | Steps: 19300 | Total Reward: 170.0|
| Episode: 114 | Epsilon:  0.22 | Reward:   1.0 | Average Reward: 1.530 | Steps: 19455 | Total Reward: 171.0|
| Episode: 115 | Epsilon:  0.22 | Reward:   0.0 | Average Reward: 1.470 | Steps: 19564 | Total Reward: 171.0|
| Episode: 116 | Epsilon:  0.22 | Reward:   2.0 | Average Reward: 1.490 | Steps: 19750 | Total Reward: 173.0|
| Episode: 117 | Epsilon:  0.21 | Reward:   2.0 | Average Reward: 1.490 | Steps: 19936 | Total Reward: 175.0|
| Episode: 118 | Epsilon:  0.21 | Reward:   2.0 | Average Reward: 1.500 | Steps: 20120 | Total Reward: 177.0|
| Episode: 119 | Epsilon:  0.21 | Reward:   2.0 | Average Reward: 1.500 | Steps: 20324 | Total Reward: 179.0|
| Episode: 120 | Epsilon:  0.21 | Reward:   2.0 | Average Reward: 1.510 | Steps: 20510 | Total Reward: 181.0|
| Episode: 121 | Epsilon:  0.21 | Reward:   1.0 | Average Reward: 1.510 | Steps: 20667 | Total Reward: 182.0|
| Episode: 122 | Epsilon:  0.21 | Reward:   2.0 | Average Reward: 1.500 | Steps: 20851 | Total Reward: 184.0|
| Episode: 123 | Epsilon:  0.20 | Reward:   0.0 | Average Reward: 1.500 | Steps: 20960 | Total Reward: 184.0|
| Episode: 124 | Epsilon:  0.20 | Reward:   0.0 | Average Reward: 1.480 | Steps: 21069 | Total Reward: 184.0|
| Episode: 125 | Epsilon:  0.20 | Reward:   1.0 | Average Reward: 1.480 | Steps: 21226 | Total Reward: 185.0|
| Episode: 126 | Epsilon:  0.20 | Reward:   0.0 | Average Reward: 1.430 | Steps: 21337 | Total Reward: 185.0|
| Episode: 127 | Epsilon:  0.20 | Reward:   2.0 | Average Reward: 1.440 | Steps: 21521 | Total Reward: 187.0|
| Episode: 128 | Epsilon:  0.20 | Reward:   2.0 | Average Reward: 1.460 | Steps: 21707 | Total Reward: 189.0|
| Episode: 129 | Epsilon:  0.19 | Reward:   1.0 | Average Reward: 1.450 | Steps: 21862 | Total Reward: 190.0|
| Episode: 130 | Epsilon:  0.19 | Reward:   2.0 | Average Reward: 1.450 | Steps: 22046 | Total Reward: 192.0|
| Episode: 131 | Epsilon:  0.19 | Reward:   2.0 | Average Reward: 1.470 | Steps: 22232 | Total Reward: 194.0|
| Episode: 132 | Epsilon:  0.19 | Reward:   1.0 | Average Reward: 1.460 | Steps: 22388 | Total Reward: 195.0|
| Episode: 133 | Epsilon:  0.19 | Reward:   3.0 | Average Reward: 1.470 | Steps: 22600 | Total Reward: 198.0|
| Episode: 134 | Epsilon:  0.19 | Reward:   1.0 | Average Reward: 1.460 | Steps: 22757 | Total Reward: 199.0|
| Episode: 135 | Epsilon:  0.18 | Reward:   2.0 | Average Reward: 1.480 | Steps: 22941 | Total Reward: 201.0|
| Episode: 136 | Epsilon:  0.18 | Reward:   0.0 | Average Reward: 1.480 | Steps: 23050 | Total Reward: 201.0|
| Episode: 137 | Epsilon:  0.18 | Reward:   1.0 | Average Reward: 1.490 | Steps: 23204 | Total Reward: 202.0|
| Episode: 138 | Epsilon:  0.18 | Reward:   2.0 | Average Reward: 1.510 | Steps: 23388 | Total Reward: 204.0|
| Episode: 139 | Epsilon:  0.18 | Reward:   2.0 | Average Reward: 1.530 | Steps: 23592 | Total Reward: 206.0|
| Episode: 140 | Epsilon:  0.18 | Reward:   0.0 | Average Reward: 1.530 | Steps: 23701 | Total Reward: 206.0|
| Episode: 141 | Epsilon:  0.18 | Reward:   2.0 | Average Reward: 1.550 | Steps: 23885 | Total Reward: 208.0|
| Episode: 142 | Epsilon:  0.18 | Reward:   2.0 | Average Reward: 1.550 | Steps: 24091 | Total Reward: 210.0|
| Episode: 143 | Epsilon:  0.17 | Reward:   0.0 | Average Reward: 1.520 | Steps: 24202 | Total Reward: 210.0|
| Episode: 144 | Epsilon:  0.17 | Reward:   0.0 | Average Reward: 1.520 | Steps: 24311 | Total Reward: 210.0|
| Episode: 145 | Epsilon:  0.17 | Reward:   2.0 | Average Reward: 1.530 | Steps: 24495 | Total Reward: 212.0|
| Episode: 146 | Epsilon:  0.17 | Reward:   2.0 | Average Reward: 1.550 | Steps: 24679 | Total Reward: 214.0|
| Episode: 147 | Epsilon:  0.17 | Reward:   2.0 | Average Reward: 1.530 | Steps: 24846 | Total Reward: 216.0|
| Episode: 148 | Epsilon:  0.17 | Reward:   2.0 | Average Reward: 1.550 | Steps: 25030 | Total Reward: 218.0|
| Episode: 149 | Epsilon:  0.17 | Reward:   0.0 | Average Reward: 1.530 | Steps: 25141 | Total Reward: 218.0|
| Episode: 150 | Epsilon:  0.17 | Reward:   2.0 | Average Reward: 1.530 | Steps: 25325 | Total Reward: 220.0|
| Episode: 151 | Epsilon:  0.16 | Reward:   2.0 | Average Reward: 1.550 | Steps: 25529 | Total Reward: 222.0|
| Episode: 152 | Epsilon:  0.16 | Reward:   3.0 | Average Reward: 1.530 | Steps: 25761 | Total Reward: 225.0|
| Episode: 153 | Epsilon:  0.16 | Reward:   1.0 | Average Reward: 1.540 | Steps: 25898 | Total Reward: 226.0|
| Episode: 154 | Epsilon:  0.16 | Reward:   1.0 | Average Reward: 1.500 | Steps: 26053 | Total Reward: 227.0|
| Episode: 155 | Epsilon:  0.16 | Reward:   2.0 | Average Reward: 1.500 | Steps: 26237 | Total Reward: 229.0|
| Episode: 156 | Epsilon:  0.16 | Reward:   0.0 | Average Reward: 1.490 | Steps: 26346 | Total Reward: 229.0|
| Episode: 157 | Epsilon:  0.16 | Reward:   2.0 | Average Reward: 1.510 | Steps: 26530 | Total Reward: 231.0|
| Episode: 158 | Epsilon:  0.16 | Reward:   1.0 | Average Reward: 1.490 | Steps: 26686 | Total Reward: 232.0|
| Episode: 159 | Epsilon:  0.16 | Reward:   0.0 | Average Reward: 1.490 | Steps: 26795 | Total Reward: 232.0|
| Episode: 160 | Epsilon:  0.16 | Reward:   4.0 | Average Reward: 1.510 | Steps: 27078 | Total Reward: 236.0|
| Episode: 161 | Epsilon:  0.15 | Reward:   1.0 | Average Reward: 1.500 | Steps: 27232 | Total Reward: 237.0|
| Episode: 162 | Epsilon:  0.15 | Reward:   2.0 | Average Reward: 1.470 | Steps: 27416 | Total Reward: 239.0|
| Episode: 163 | Epsilon:  0.15 | Reward:   2.0 | Average Reward: 1.490 | Steps: 27600 | Total Reward: 241.0|
| Episode: 164 | Epsilon:  0.15 | Reward:   0.0 | Average Reward: 1.470 | Steps: 27711 | Total Reward: 241.0|
| Episode: 165 | Epsilon:  0.15 | Reward:   2.0 | Average Reward: 1.470 | Steps: 27895 | Total Reward: 243.0|
| Episode: 166 | Epsilon:  0.15 | Reward:   1.0 | Average Reward: 1.440 | Steps: 28051 | Total Reward: 244.0|
| Episode: 167 | Epsilon:  0.15 | Reward:   2.0 | Average Reward: 1.460 | Steps: 28235 | Total Reward: 246.0|
| Episode: 168 | Epsilon:  0.15 | Reward:   2.0 | Average Reward: 1.480 | Steps: 28419 | Total Reward: 248.0|
| Episode: 169 | Epsilon:  0.15 | Reward:   2.0 | Average Reward: 1.480 | Steps: 28603 | Total Reward: 250.0|
| Episode: 170 | Epsilon:  0.15 | Reward:   3.0 | Average Reward: 1.510 | Steps: 28855 | Total Reward: 253.0|
| Episode: 171 | Epsilon:  0.15 | Reward:   2.0 | Average Reward: 1.530 | Steps: 29039 | Total Reward: 255.0|
| Episode: 172 | Epsilon:  0.15 | Reward:   2.0 | Average Reward: 1.500 | Steps: 29223 | Total Reward: 257.0|
| Episode: 173 | Epsilon:  0.14 | Reward:   2.0 | Average Reward: 1.500 | Steps: 29407 | Total Reward: 259.0|
| Episode: 174 | Epsilon:  0.14 | Reward:   0.0 | Average Reward: 1.450 | Steps: 29516 | Total Reward: 259.0|
| Episode: 175 | Epsilon:  0.14 | Reward:   2.0 | Average Reward: 1.440 | Steps: 29700 | Total Reward: 261.0|
| Episode: 176 | Epsilon:  0.14 | Reward:   2.0 | Average Reward: 1.450 | Steps: 29884 | Total Reward: 263.0|
| Episode: 177 | Epsilon:  0.14 | Reward:   4.0 | Average Reward: 1.470 | Steps: 30189 | Total Reward: 267.0|
| Episode: 178 | Epsilon:  0.14 | Reward:   2.0 | Average Reward: 1.490 | Steps: 30373 | Total Reward: 269.0|
| Episode: 179 | Epsilon:  0.14 | Reward:   2.0 | Average Reward: 1.500 | Steps: 30557 | Total Reward: 271.0|
| Episode: 180 | Epsilon:  0.14 | Reward:   2.0 | Average Reward: 1.500 | Steps: 30741 | Total Reward: 273.0|
| Episode: 181 | Epsilon:  0.14 | Reward:   3.0 | Average Reward: 1.510 | Steps: 30975 | Total Reward: 276.0|
| Episode: 182 | Epsilon:  0.14 | Reward:   2.0 | Average Reward: 1.510 | Steps: 31159 | Total Reward: 278.0|
| Episode: 183 | Epsilon:  0.14 | Reward:   0.0 | Average Reward: 1.510 | Steps: 31268 | Total Reward: 278.0|
| Episode: 184 | Epsilon:  0.14 | Reward:   4.0 | Average Reward: 1.540 | Steps: 31532 | Total Reward: 282.0|
| Episode: 185 | Epsilon:  0.14 | Reward:   1.0 | Average Reward: 1.550 | Steps: 31690 | Total Reward: 283.0|
| Episode: 186 | Epsilon:  0.14 | Reward:   2.0 | Average Reward: 1.570 | Steps: 31897 | Total Reward: 285.0|
| Episode: 187 | Epsilon:  0.14 | Reward:   2.0 | Average Reward: 1.580 | Steps: 32081 | Total Reward: 287.0|
| Episode: 188 | Epsilon:  0.13 | Reward:   2.0 | Average Reward: 1.600 | Steps: 32265 | Total Reward: 289.0|
| Episode: 189 | Epsilon:  0.13 | Reward:   3.0 | Average Reward: 1.610 | Steps: 32497 | Total Reward: 292.0|
| Episode: 190 | Epsilon:  0.13 | Reward:   3.0 | Average Reward: 1.600 | Steps: 32731 | Total Reward: 295.0|
| Episode: 191 | Epsilon:  0.13 | Reward:   2.0 | Average Reward: 1.620 | Steps: 32934 | Total Reward: 297.0|
| Episode: 192 | Epsilon:  0.13 | Reward:   0.0 | Average Reward: 1.610 | Steps: 33043 | Total Reward: 297.0|
| Episode: 193 | Epsilon:  0.13 | Reward:   3.0 | Average Reward: 1.640 | Steps: 33257 | Total Reward: 300.0|
| Episode: 194 | Epsilon:  0.13 | Reward:   2.0 | Average Reward: 1.630 | Steps: 33441 | Total Reward: 302.0|
| Episode: 195 | Epsilon:  0.13 | Reward:   0.0 | Average Reward: 1.590 | Steps: 33550 | Total Reward: 302.0|
| Episode: 196 | Epsilon:  0.13 | Reward:   5.0 | Average Reward: 1.620 | Steps: 33905 | Total Reward: 307.0|
| Episode: 197 | Epsilon:  0.13 | Reward:   2.0 | Average Reward: 1.620 | Steps: 34089 | Total Reward: 309.0|
| Episode: 198 | Epsilon:  0.13 | Reward:   2.0 | Average Reward: 1.620 | Steps: 34273 | Total Reward: 311.0|
| Episode: 199 | Epsilon:  0.13 | Reward:   5.0 | Average Reward: 1.660 | Steps: 34587 | Total Reward: 316.0|
| Episode: 200 | Epsilon:  0.13 | Reward:   2.0 | Average Reward: 1.680 | Steps: 34771 | Total Reward: 318.0|
| Episode: 201 | Epsilon:  0.13 | Reward:   0.0 | Average Reward: 1.660 | Steps: 34880 | Total Reward: 318.0|
| Episode: 202 | Epsilon:  0.13 | Reward:   2.0 | Average Reward: 1.650 | Steps: 35064 | Total Reward: 320.0|
| Episode: 203 | Epsilon:  0.13 | Reward:   2.0 | Average Reward: 1.670 | Steps: 35248 | Total Reward: 322.0|
| Episode: 204 | Epsilon:  0.13 | Reward:   2.0 | Average Reward: 1.670 | Steps: 35432 | Total Reward: 324.0|
| Episode: 205 | Epsilon:  0.13 | Reward:   0.0 | Average Reward: 1.650 | Steps: 35541 | Total Reward: 324.0|
| Episode: 206 | Epsilon:  0.13 | Reward:   0.0 | Average Reward: 1.640 | Steps: 35650 | Total Reward: 324.0|
| Episode: 207 | Epsilon:  0.13 | Reward:   2.0 | Average Reward: 1.640 | Steps: 35834 | Total Reward: 326.0|
| Episode: 208 | Epsilon:  0.13 | Reward:   3.0 | Average Reward: 1.670 | Steps: 36066 | Total Reward: 329.0|
| Episode: 209 | Epsilon:  0.12 | Reward:   2.0 | Average Reward: 1.680 | Steps: 36250 | Total Reward: 331.0|
| Episode: 210 | Epsilon:  0.12 | Reward:   0.0 | Average Reward: 1.680 | Steps: 36359 | Total Reward: 331.0|
| Episode: 211 | Epsilon:  0.12 | Reward:   2.0 | Average Reward: 1.680 | Steps: 36543 | Total Reward: 333.0|
| Episode: 212 | Epsilon:  0.12 | Reward:   3.0 | Average Reward: 1.690 | Steps: 36775 | Total Reward: 336.0|
| Episode: 213 | Epsilon:  0.12 | Reward:   3.0 | Average Reward: 1.690 | Steps: 36993 | Total Reward: 339.0|
| Episode: 214 | Epsilon:  0.12 | Reward:   2.0 | Average Reward: 1.700 | Steps: 37177 | Total Reward: 341.0|
| Episode: 215 | Epsilon:  0.12 | Reward:   2.0 | Average Reward: 1.720 | Steps: 37361 | Total Reward: 343.0|
| Episode: 216 | Epsilon:  0.12 | Reward:   2.0 | Average Reward: 1.720 | Steps: 37545 | Total Reward: 345.0|
| Episode: 217 | Epsilon:  0.12 | Reward:   1.0 | Average Reward: 1.710 | Steps: 37681 | Total Reward: 346.0|
| Episode: 218 | Epsilon:  0.12 | Reward:   1.0 | Average Reward: 1.700 | Steps: 37836 | Total Reward: 347.0|
| Episode: 219 | Epsilon:  0.12 | Reward:   2.0 | Average Reward: 1.700 | Steps: 38020 | Total Reward: 349.0|
| Episode: 220 | Epsilon:  0.12 | Reward:   2.0 | Average Reward: 1.700 | Steps: 38204 | Total Reward: 351.0|
| Episode: 221 | Epsilon:  0.12 | Reward:   3.0 | Average Reward: 1.720 | Steps: 38436 | Total Reward: 354.0|
| Episode: 222 | Epsilon:  0.12 | Reward:   4.0 | Average Reward: 1.740 | Steps: 38719 | Total Reward: 358.0|
| Episode: 223 | Epsilon:  0.12 | Reward:   2.0 | Average Reward: 1.760 | Steps: 38903 | Total Reward: 360.0|
| Episode: 224 | Epsilon:  0.12 | Reward:   2.0 | Average Reward: 1.780 | Steps: 39087 | Total Reward: 362.0|
| Episode: 225 | Epsilon:  0.12 | Reward:   3.0 | Average Reward: 1.800 | Steps: 39319 | Total Reward: 365.0|
| Episode: 226 | Epsilon:  0.12 | Reward:   2.0 | Average Reward: 1.820 | Steps: 39503 | Total Reward: 367.0|
| Episode: 227 | Epsilon:  0.12 | Reward:   1.0 | Average Reward: 1.810 | Steps: 39657 | Total Reward: 368.0|
| Episode: 228 | Epsilon:  0.12 | Reward:   0.0 | Average Reward: 1.790 | Steps: 39766 | Total Reward: 368.0|
| Episode: 229 | Epsilon:  0.12 | Reward:   2.0 | Average Reward: 1.800 | Steps: 39950 | Total Reward: 370.0|
| Episode: 230 | Epsilon:  0.12 | Reward:   2.0 | Average Reward: 1.800 | Steps: 40134 | Total Reward: 372.0|
| Episode: 231 | Epsilon:  0.12 | Reward:   0.0 | Average Reward: 1.780 | Steps: 40243 | Total Reward: 372.0|
| Episode: 232 | Epsilon:  0.12 | Reward:   0.0 | Average Reward: 1.770 | Steps: 40352 | Total Reward: 372.0|
| Episode: 233 | Epsilon:  0.12 | Reward:   1.0 | Average Reward: 1.750 | Steps: 40506 | Total Reward: 373.0|
| Episode: 234 | Epsilon:  0.12 | Reward:   2.0 | Average Reward: 1.760 | Steps: 40692 | Total Reward: 375.0|
| Episode: 235 | Epsilon:  0.12 | Reward:   2.0 | Average Reward: 1.760 | Steps: 40876 | Total Reward: 377.0|
| Episode: 236 | Epsilon:  0.12 | Reward:   3.0 | Average Reward: 1.790 | Steps: 41108 | Total Reward: 380.0|
| Episode: 237 | Epsilon:  0.12 | Reward:   2.0 | Average Reward: 1.800 | Steps: 41292 | Total Reward: 382.0|
| Episode: 238 | Epsilon:  0.12 | Reward:   0.0 | Average Reward: 1.780 | Steps: 41401 | Total Reward: 382.0|
| Episode: 239 | Epsilon:  0.11 | Reward:   2.0 | Average Reward: 1.780 | Steps: 41585 | Total Reward: 384.0|
| Episode: 240 | Epsilon:  0.11 | Reward:   0.0 | Average Reward: 1.780 | Steps: 41694 | Total Reward: 384.0|
| Episode: 241 | Epsilon:  0.11 | Reward:   2.0 | Average Reward: 1.780 | Steps: 41878 | Total Reward: 386.0|
| Episode: 242 | Epsilon:  0.11 | Reward:   1.0 | Average Reward: 1.770 | Steps: 42035 | Total Reward: 387.0|
| Episode: 243 | Epsilon:  0.11 | Reward:   3.0 | Average Reward: 1.800 | Steps: 42269 | Total Reward: 390.0|
| Episode: 244 | Epsilon:  0.11 | Reward:   0.0 | Average Reward: 1.800 | Steps: 42378 | Total Reward: 390.0|
| Episode: 245 | Epsilon:  0.11 | Reward:   0.0 | Average Reward: 1.780 | Steps: 42487 | Total Reward: 390.0|
| Episode: 246 | Epsilon:  0.11 | Reward:   2.0 | Average Reward: 1.780 | Steps: 42671 | Total Reward: 392.0|
| Episode: 247 | Epsilon:  0.11 | Reward:   0.0 | Average Reward: 1.760 | Steps: 42782 | Total Reward: 392.0|
| Episode: 248 | Epsilon:  0.11 | Reward:   2.0 | Average Reward: 1.760 | Steps: 42966 | Total Reward: 394.0|
| Episode: 249 | Epsilon:  0.11 | Reward:   2.0 | Average Reward: 1.780 | Steps: 43150 | Total Reward: 396.0|
| Episode: 250 | Epsilon:  0.11 | Reward:   2.0 | Average Reward: 1.780 | Steps: 43336 | Total Reward: 398.0|
| Episode: 251 | Epsilon:  0.11 | Reward:   2.0 | Average Reward: 1.780 | Steps: 43520 | Total Reward: 400.0|
| Episode: 252 | Epsilon:  0.11 | Reward:   2.0 | Average Reward: 1.770 | Steps: 43704 | Total Reward: 402.0|
| Episode: 253 | Epsilon:  0.11 | Reward:   2.0 | Average Reward: 1.780 | Steps: 43888 | Total Reward: 404.0|
| Episode: 254 | Epsilon:  0.11 | Reward:   2.0 | Average Reward: 1.790 | Steps: 44059 | Total Reward: 406.0|
| Episode: 255 | Epsilon:  0.11 | Reward:   2.0 | Average Reward: 1.790 | Steps: 44243 | Total Reward: 408.0|
| Episode: 256 | Epsilon:  0.11 | Reward:   2.0 | Average Reward: 1.810 | Steps: 44427 | Total Reward: 410.0|
| Episode: 257 | Epsilon:  0.11 | Reward:   2.0 | Average Reward: 1.810 | Steps: 44611 | Total Reward: 412.0|
| Episode: 258 | Epsilon:  0.11 | Reward:   0.0 | Average Reward: 1.800 | Steps: 44720 | Total Reward: 412.0|
| Episode: 259 | Epsilon:  0.11 | Reward:   0.0 | Average Reward: 1.800 | Steps: 44829 | Total Reward: 412.0|
| Episode: 260 | Epsilon:  0.11 | Reward:   0.0 | Average Reward: 1.760 | Steps: 44938 | Total Reward: 412.0|
| Episode: 261 | Epsilon:  0.11 | Reward:   2.0 | Average Reward: 1.770 | Steps: 45122 | Total Reward: 414.0|
| Episode: 262 | Epsilon:  0.11 | Reward:   2.0 | Average Reward: 1.770 | Steps: 45306 | Total Reward: 416.0|
| Episode: 263 | Epsilon:  0.11 | Reward:   2.0 | Average Reward: 1.770 | Steps: 45509 | Total Reward: 418.0|
| Episode: 264 | Epsilon:  0.11 | Reward:   2.0 | Average Reward: 1.790 | Steps: 45693 | Total Reward: 420.0|
| Episode: 265 | Epsilon:  0.11 | Reward:   2.0 | Average Reward: 1.790 | Steps: 45877 | Total Reward: 422.0|
| Episode: 266 | Epsilon:  0.11 | Reward:   2.0 | Average Reward: 1.800 | Steps: 46061 | Total Reward: 424.0|
| Episode: 267 | Epsilon:  0.11 | Reward:   0.0 | Average Reward: 1.780 | Steps: 46170 | Total Reward: 424.0|
| Episode: 268 | Epsilon:  0.11 | Reward:   2.0 | Average Reward: 1.780 | Steps: 46354 | Total Reward: 426.0|
| Episode: 269 | Epsilon:  0.11 | Reward:   0.0 | Average Reward: 1.760 | Steps: 46463 | Total Reward: 426.0|
| Episode: 270 | Epsilon:  0.11 | Reward:   2.0 | Average Reward: 1.750 | Steps: 46647 | Total Reward: 428.0|
| Episode: 271 | Epsilon:  0.11 | Reward:   2.0 | Average Reward: 1.750 | Steps: 46831 | Total Reward: 430.0|
| Episode: 272 | Epsilon:  0.11 | Reward:   2.0 | Average Reward: 1.750 | Steps: 47015 | Total Reward: 432.0|
| Episode: 273 | Epsilon:  0.11 | Reward:   0.0 | Average Reward: 1.730 | Steps: 47126 | Total Reward: 432.0|
| Episode: 274 | Epsilon:  0.11 | Reward:   2.0 | Average Reward: 1.750 | Steps: 47310 | Total Reward: 434.0|
| Episode: 275 | Epsilon:  0.11 | Reward:   2.0 | Average Reward: 1.750 | Steps: 47494 | Total Reward: 436.0|
| Episode: 276 | Epsilon:  0.11 | Reward:   2.0 | Average Reward: 1.750 | Steps: 47678 | Total Reward: 438.0|
| Episode: 277 | Epsilon:  0.11 | Reward:   2.0 | Average Reward: 1.730 | Steps: 47862 | Total Reward: 440.0|
| Episode: 278 | Epsilon:  0.11 | Reward:   0.0 | Average Reward: 1.710 | Steps: 47971 | Total Reward: 440.0|
| Episode: 279 | Epsilon:  0.11 | Reward:   0.0 | Average Reward: 1.690 | Steps: 48080 | Total Reward: 440.0|
| Episode: 280 | Epsilon:  0.11 | Reward:   2.0 | Average Reward: 1.690 | Steps: 48264 | Total Reward: 442.0|
| Episode: 281 | Epsilon:  0.11 | Reward:   0.0 | Average Reward: 1.660 | Steps: 48373 | Total Reward: 442.0|
| Episode: 282 | Epsilon:  0.11 | Reward:   2.0 | Average Reward: 1.660 | Steps: 48557 | Total Reward: 444.0|
| Episode: 283 | Epsilon:  0.11 | Reward:   2.0 | Average Reward: 1.680 | Steps: 48741 | Total Reward: 446.0|
| Episode: 284 | Epsilon:  0.11 | Reward:   2.0 | Average Reward: 1.660 | Steps: 48925 | Total Reward: 448.0|
| Episode: 285 | Epsilon:  0.11 | Reward:   2.0 | Average Reward: 1.670 | Steps: 49109 | Total Reward: 450.0|
| Episode: 286 | Epsilon:  0.11 | Reward:   2.0 | Average Reward: 1.670 | Steps: 49293 | Total Reward: 452.0|
| Episode: 287 | Epsilon:  0.11 | Reward:   2.0 | Average Reward: 1.670 | Steps: 49477 | Total Reward: 454.0|
| Episode: 288 | Epsilon:  0.11 | Reward:   2.0 | Average Reward: 1.670 | Steps: 49661 | Total Reward: 456.0|
| Episode: 289 | Epsilon:  0.11 | Reward:   0.0 | Average Reward: 1.640 | Steps: 49770 | Total Reward: 456.0|
| Episode: 290 | Epsilon:  0.11 | Reward:   2.0 | Average Reward: 1.630 | Steps: 49956 | Total Reward: 458.0|
| Episode: 291 | Epsilon:  0.11 | Reward:   0.0 | Average Reward: 1.610 | Steps: 50065 | Total Reward: 458.0|
| Episode: 292 | Epsilon:  0.11 | Reward:   2.0 | Average Reward: 1.630 | Steps: 50249 | Total Reward: 460.0|
| Episode: 293 | Epsilon:  0.11 | Reward:   2.0 | Average Reward: 1.620 | Steps: 50433 | Total Reward: 462.0|
| Episode: 294 | Epsilon:  0.11 | Reward:   2.0 | Average Reward: 1.620 | Steps: 50617 | Total Reward: 464.0|
| Episode: 295 | Epsilon:  0.11 | Reward:   3.0 | Average Reward: 1.650 | Steps: 50851 | Total Reward: 467.0|
| Episode: 296 | Epsilon:  0.11 | Reward:   2.0 | Average Reward: 1.620 | Steps: 51035 | Total Reward: 469.0|
| Episode: 297 | Epsilon:  0.11 | Reward:   2.0 | Average Reward: 1.620 | Steps: 51219 | Total Reward: 471.0|
| Episode: 298 | Epsilon:  0.11 | Reward:   2.0 | Average Reward: 1.620 | Steps: 51403 | Total Reward: 473.0|
| Episode: 299 | Epsilon:  0.11 | Reward:   2.0 | Average Reward: 1.590 | Steps: 51606 | Total Reward: 475.0|
| Episode: 300 | Epsilon:  0.11 | Reward:   0.0 | Average Reward: 1.570 | Steps: 51715 | Total Reward: 475.0|
| Episode: 301 | Epsilon:  0.11 | Reward:   1.0 | Average Reward: 1.580 | Steps: 51871 | Total Reward: 476.0|
| Episode: 302 | Epsilon:  0.11 | Reward:   2.0 | Average Reward: 1.580 | Steps: 52055 | Total Reward: 478.0|
| Episode: 303 | Epsilon:  0.11 | Reward:   2.0 | Average Reward: 1.580 | Steps: 52239 | Total Reward: 480.0|
| Episode: 304 | Epsilon:  0.11 | Reward:   2.0 | Average Reward: 1.580 | Steps: 52445 | Total Reward: 482.0|
| Episode: 305 | Epsilon:  0.10 | Reward:   2.0 | Average Reward: 1.600 | Steps: 52629 | Total Reward: 484.0|
| Episode: 306 | Epsilon:  0.10 | Reward:   2.0 | Average Reward: 1.620 | Steps: 52813 | Total Reward: 486.0|
| Episode: 307 | Epsilon:  0.10 | Reward:   0.0 | Average Reward: 1.600 | Steps: 52922 | Total Reward: 486.0|
| Episode: 308 | Epsilon:  0.10 | Reward:   2.0 | Average Reward: 1.590 | Steps: 53106 | Total Reward: 488.0|
| Episode: 309 | Epsilon:  0.10 | Reward:   0.0 | Average Reward: 1.570 | Steps: 53215 | Total Reward: 488.0|
| Episode: 310 | Epsilon:  0.10 | Reward:   2.0 | Average Reward: 1.590 | Steps: 53399 | Total Reward: 490.0|
| Episode: 311 | Epsilon:  0.10 | Reward:   0.0 | Average Reward: 1.570 | Steps: 53508 | Total Reward: 490.0|
| Episode: 312 | Epsilon:  0.10 | Reward:   3.0 | Average Reward: 1.570 | Steps: 53740 | Total Reward: 493.0|
| Episode: 313 | Epsilon:  0.10 | Reward:   2.0 | Average Reward: 1.560 | Steps: 53924 | Total Reward: 495.0|
| Episode: 314 | Epsilon:  0.10 | Reward:   0.0 | Average Reward: 1.540 | Steps: 54033 | Total Reward: 495.0|
| Episode: 315 | Epsilon:  0.10 | Reward:   2.0 | Average Reward: 1.540 | Steps: 54217 | Total Reward: 497.0|
| Episode: 316 | Epsilon:  0.10 | Reward:   2.0 | Average Reward: 1.540 | Steps: 54401 | Total Reward: 499.0|
| Episode: 317 | Epsilon:  0.10 | Reward:   2.0 | Average Reward: 1.550 | Steps: 54585 | Total Reward: 501.0|
| Episode: 318 | Epsilon:  0.10 | Reward:   2.0 | Average Reward: 1.560 | Steps: 54769 | Total Reward: 503.0|
| Episode: 319 | Epsilon:  0.10 | Reward:   2.0 | Average Reward: 1.560 | Steps: 54953 | Total Reward: 505.0|
| Episode: 320 | Epsilon:  0.10 | Reward:   2.0 | Average Reward: 1.560 | Steps: 55137 | Total Reward: 507.0|
| Episode: 321 | Epsilon:  0.10 | Reward:   0.0 | Average Reward: 1.530 | Steps: 55248 | Total Reward: 507.0|
| Episode: 322 | Epsilon:  0.10 | Reward:   2.0 | Average Reward: 1.510 | Steps: 55452 | Total Reward: 509.0|
| Episode: 323 | Epsilon:  0.10 | Reward:   0.0 | Average Reward: 1.490 | Steps: 55561 | Total Reward: 509.0|
| Episode: 324 | Epsilon:  0.10 | Reward:   2.0 | Average Reward: 1.490 | Steps: 55745 | Total Reward: 511.0|
| Episode: 325 | Epsilon:  0.10 | Reward:   2.0 | Average Reward: 1.480 | Steps: 55929 | Total Reward: 513.0|
| Episode: 326 | Epsilon:  0.10 | Reward:   2.0 | Average Reward: 1.480 | Steps: 56113 | Total Reward: 515.0|
| Episode: 327 | Epsilon:  0.10 | Reward:   0.0 | Average Reward: 1.470 | Steps: 56222 | Total Reward: 515.0|
| Episode: 328 | Epsilon:  0.10 | Reward:   2.0 | Average Reward: 1.490 | Steps: 56406 | Total Reward: 517.0|
| Episode: 329 | Epsilon:  0.10 | Reward:   2.0 | Average Reward: 1.490 | Steps: 56590 | Total Reward: 519.0|
| Episode: 330 | Epsilon:  0.10 | Reward:   1.0 | Average Reward: 1.480 | Steps: 56726 | Total Reward: 520.0|
| Episode: 331 | Epsilon:  0.10 | Reward:   0.0 | Average Reward: 1.480 | Steps: 56835 | Total Reward: 520.0|
| Episode: 332 | Epsilon:  0.10 | Reward:   2.0 | Average Reward: 1.500 | Steps: 57019 | Total Reward: 522.0|
| Episode: 333 | Epsilon:  0.10 | Reward:   3.0 | Average Reward: 1.520 | Steps: 57253 | Total Reward: 525.0|
| Episode: 334 | Epsilon:  0.10 | Reward:   2.0 | Average Reward: 1.520 | Steps: 57437 | Total Reward: 527.0|
| Episode: 335 | Epsilon:  0.10 | Reward:   2.0 | Average Reward: 1.520 | Steps: 57621 | Total Reward: 529.0|
| Episode: 336 | Epsilon:  0.10 | Reward:   2.0 | Average Reward: 1.510 | Steps: 57805 | Total Reward: 531.0|
| Episode: 337 | Epsilon:  0.10 | Reward:   2.0 | Average Reward: 1.510 | Steps: 57989 | Total Reward: 533.0|
| Episode: 338 | Epsilon:  0.10 | Reward:   2.0 | Average Reward: 1.530 | Steps: 58173 | Total Reward: 535.0|
| Episode: 339 | Epsilon:  0.10 | Reward:   2.0 | Average Reward: 1.530 | Steps: 58357 | Total Reward: 537.0|
| Episode: 340 | Epsilon:  0.10 | Reward:   1.0 | Average Reward: 1.540 | Steps: 58513 | Total Reward: 538.0|
| Episode: 341 | Epsilon:  0.10 | Reward:   2.0 | Average Reward: 1.540 | Steps: 58697 | Total Reward: 540.0|
| Episode: 342 | Epsilon:  0.10 | Reward:   2.0 | Average Reward: 1.550 | Steps: 58900 | Total Reward: 542.0|
| Episode: 343 | Epsilon:  0.10 | Reward:   3.0 | Average Reward: 1.550 | Steps: 59132 | Total Reward: 545.0|
| Episode: 344 | Epsilon:  0.10 | Reward:   1.0 | Average Reward: 1.560 | Steps: 59287 | Total Reward: 546.0|
| Episode: 345 | Epsilon:  0.10 | Reward:   3.0 | Average Reward: 1.590 | Steps: 59519 | Total Reward: 549.0|
| Episode: 346 | Epsilon:  0.10 | Reward:   2.0 | Average Reward: 1.590 | Steps: 59703 | Total Reward: 551.0|
| Episode: 347 | Epsilon:  0.10 | Reward:   2.0 | Average Reward: 1.610 | Steps: 59887 | Total Reward: 553.0|
| Episode: 348 | Epsilon:  0.10 | Reward:   2.0 | Average Reward: 1.610 | Steps: 60071 | Total Reward: 555.0|
| Episode: 349 | Epsilon:  0.10 | Reward:   2.0 | Average Reward: 1.610 | Steps: 60275 | Total Reward: 557.0|
| Episode: 350 | Epsilon:  0.10 | Reward:   2.0 | Average Reward: 1.610 | Steps: 60459 | Total Reward: 559.0|
| Episode: 351 | Epsilon:  0.10 | Reward:   2.0 | Average Reward: 1.610 | Steps: 60643 | Total Reward: 561.0|
| Episode: 352 | Epsilon:  0.10 | Reward:   2.0 | Average Reward: 1.610 | Steps: 60827 | Total Reward: 563.0|
| Episode: 353 | Epsilon:  0.10 | Reward:   2.0 | Average Reward: 1.610 | Steps: 61011 | Total Reward: 565.0|
| Episode: 354 | Epsilon:  0.10 | Reward:   4.0 | Average Reward: 1.630 | Steps: 61290 | Total Reward: 569.0|
| Episode: 355 | Epsilon:  0.10 | Reward:   2.0 | Average Reward: 1.630 | Steps: 61474 | Total Reward: 571.0|
| Episode: 356 | Epsilon:  0.10 | Reward:   2.0 | Average Reward: 1.630 | Steps: 61658 | Total Reward: 573.0|
| Episode: 357 | Epsilon:  0.10 | Reward:   0.0 | Average Reward: 1.610 | Steps: 61767 | Total Reward: 573.0|
| Episode: 358 | Epsilon:  0.10 | Reward:   0.0 | Average Reward: 1.610 | Steps: 61876 | Total Reward: 573.0|
| Episode: 359 | Epsilon:  0.10 | Reward:   2.0 | Average Reward: 1.630 | Steps: 62060 | Total Reward: 575.0|
| Episode: 360 | Epsilon:  0.10 | Reward:   2.0 | Average Reward: 1.650 | Steps: 62264 | Total Reward: 577.0|
| Episode: 361 | Epsilon:  0.10 | Reward:   3.0 | Average Reward: 1.660 | Steps: 62476 | Total Reward: 580.0|
| Episode: 362 | Epsilon:  0.10 | Reward:   2.0 | Average Reward: 1.660 | Steps: 62660 | Total Reward: 582.0|
| Episode: 363 | Epsilon:  0.10 | Reward:   0.0 | Average Reward: 1.640 | Steps: 62769 | Total Reward: 582.0|
| Episode: 364 | Epsilon:  0.10 | Reward:   2.0 | Average Reward: 1.640 | Steps: 62953 | Total Reward: 584.0|
| Episode: 365 | Epsilon:  0.10 | Reward:   2.0 | Average Reward: 1.640 | Steps: 63123 | Total Reward: 586.0|
| Episode: 366 | Epsilon:  0.10 | Reward:   0.0 | Average Reward: 1.620 | Steps: 63232 | Total Reward: 586.0|
| Episode: 367 | Epsilon:  0.10 | Reward:   2.0 | Average Reward: 1.640 | Steps: 63416 | Total Reward: 588.0|
| Episode: 368 | Epsilon:  0.10 | Reward:   1.0 | Average Reward: 1.630 | Steps: 63570 | Total Reward: 589.0|
| Episode: 369 | Epsilon:  0.10 | Reward:   0.0 | Average Reward: 1.630 | Steps: 63679 | Total Reward: 589.0|
| Episode: 370 | Epsilon:  0.10 | Reward:   0.0 | Average Reward: 1.610 | Steps: 63790 | Total Reward: 589.0|
| Episode: 371 | Epsilon:  0.10 | Reward:   2.0 | Average Reward: 1.610 | Steps: 63974 | Total Reward: 591.0|
| Episode: 372 | Epsilon:  0.10 | Reward:   2.0 | Average Reward: 1.610 | Steps: 64158 | Total Reward: 593.0|
| Episode: 373 | Epsilon:  0.10 | Reward:   2.0 | Average Reward: 1.630 | Steps: 64342 | Total Reward: 595.0|
| Episode: 374 | Epsilon:  0.10 | Reward:   0.0 | Average Reward: 1.610 | Steps: 64451 | Total Reward: 595.0|
| Episode: 375 | Epsilon:  0.10 | Reward:   2.0 | Average Reward: 1.610 | Steps: 64635 | Total Reward: 597.0|
| Episode: 376 | Epsilon:  0.10 | Reward:   2.0 | Average Reward: 1.610 | Steps: 64819 | Total Reward: 599.0|
| Episode: 377 | Epsilon:  0.10 | Reward:   2.0 | Average Reward: 1.610 | Steps: 65003 | Total Reward: 601.0|
| Episode: 378 | Epsilon:  0.10 | Reward:   2.0 | Average Reward: 1.630 | Steps: 65187 | Total Reward: 603.0|
| Episode: 379 | Epsilon:  0.10 | Reward:   2.0 | Average Reward: 1.650 | Steps: 65371 | Total Reward: 605.0|
| Episode: 380 | Epsilon:  0.10 | Reward:   3.0 | Average Reward: 1.660 | Steps: 65623 | Total Reward: 608.0|
| Episode: 381 | Epsilon:  0.10 | Reward:   2.0 | Average Reward: 1.680 | Steps: 65807 | Total Reward: 610.0|
| Episode: 382 | Epsilon:  0.10 | Reward:   2.0 | Average Reward: 1.680 | Steps: 65991 | Total Reward: 612.0|
| Episode: 383 | Epsilon:  0.10 | Reward:   2.0 | Average Reward: 1.680 | Steps: 66175 | Total Reward: 614.0|
| Episode: 384 | Epsilon:  0.10 | Reward:   2.0 | Average Reward: 1.680 | Steps: 66359 | Total Reward: 616.0|
| Episode: 385 | Epsilon:  0.10 | Reward:   2.0 | Average Reward: 1.680 | Steps: 66543 | Total Reward: 618.0|
| Episode: 386 | Epsilon:  0.10 | Reward:   2.0 | Average Reward: 1.680 | Steps: 66727 | Total Reward: 620.0|
| Episode: 387 | Epsilon:  0.10 | Reward:   6.0 | Average Reward: 1.720 | Steps: 67128 | Total Reward: 626.0|
| Episode: 388 | Epsilon:  0.10 | Reward:   1.0 | Average Reward: 1.710 | Steps: 67264 | Total Reward: 627.0|
| Episode: 389 | Epsilon:  0.10 | Reward:   3.0 | Average Reward: 1.740 | Steps: 67498 | Total Reward: 630.0|
| Episode: 390 | Epsilon:  0.10 | Reward:   2.0 | Average Reward: 1.740 | Steps: 67682 | Total Reward: 632.0|
| Episode: 391 | Epsilon:  0.10 | Reward:   2.0 | Average Reward: 1.760 | Steps: 67866 | Total Reward: 634.0|
| Episode: 392 | Epsilon:  0.10 | Reward:   3.0 | Average Reward: 1.770 | Steps: 68098 | Total Reward: 637.0|
| Episode: 393 | Epsilon:  0.10 | Reward:   2.0 | Average Reward: 1.770 | Steps: 68282 | Total Reward: 639.0|
| Episode: 394 | Epsilon:  0.10 | Reward:   2.0 | Average Reward: 1.770 | Steps: 68486 | Total Reward: 641.0|
| Episode: 395 | Epsilon:  0.10 | Reward:   2.0 | Average Reward: 1.760 | Steps: 68670 | Total Reward: 643.0|
| Episode: 396 | Epsilon:  0.10 | Reward:   2.0 | Average Reward: 1.760 | Steps: 68854 | Total Reward: 645.0|
| Episode: 397 | Epsilon:  0.10 | Reward:   0.0 | Average Reward: 1.740 | Steps: 68963 | Total Reward: 645.0|
| Episode: 398 | Epsilon:  0.10 | Reward:   0.0 | Average Reward: 1.720 | Steps: 69072 | Total Reward: 645.0|
| Episode: 399 | Epsilon:  0.10 | Reward:   3.0 | Average Reward: 1.730 | Steps: 69323 | Total Reward: 648.0|
| Episode: 400 | Epsilon:  0.10 | Reward:   2.0 | Average Reward: 1.750 | Steps: 69526 | Total Reward: 650.0|
| Episode: 401 | Epsilon:  0.10 | Reward:   2.0 | Average Reward: 1.760 | Steps: 69710 | Total Reward: 652.0|
| Episode: 402 | Epsilon:  0.10 | Reward:   2.0 | Average Reward: 1.760 | Steps: 69894 | Total Reward: 654.0|
| Episode: 403 | Epsilon:  0.10 | Reward:   2.0 | Average Reward: 1.760 | Steps: 70078 | Total Reward: 656.0|
| Episode: 404 | Epsilon:  0.10 | Reward:   6.0 | Average Reward: 1.800 | Steps: 70442 | Total Reward: 662.0|
| Episode: 405 | Epsilon:  0.10 | Reward:   2.0 | Average Reward: 1.800 | Steps: 70626 | Total Reward: 664.0|
| Episode: 406 | Epsilon:  0.10 | Reward:   2.0 | Average Reward: 1.800 | Steps: 70810 | Total Reward: 666.0|
| Episode: 407 | Epsilon:  0.10 | Reward:   0.0 | Average Reward: 1.800 | Steps: 70919 | Total Reward: 666.0|
| Episode: 408 | Epsilon:  0.10 | Reward:   2.0 | Average Reward: 1.800 | Steps: 71103 | Total Reward: 668.0|
| Episode: 409 | Epsilon:  0.10 | Reward:   2.0 | Average Reward: 1.820 | Steps: 71287 | Total Reward: 670.0|
| Episode: 410 | Epsilon:  0.10 | Reward:   2.0 | Average Reward: 1.820 | Steps: 71471 | Total Reward: 672.0|
| Episode: 411 | Epsilon:  0.10 | Reward:   2.0 | Average Reward: 1.840 | Steps: 71655 | Total Reward: 674.0|
| Episode: 412 | Epsilon:  0.10 | Reward:   2.0 | Average Reward: 1.830 | Steps: 71839 | Total Reward: 676.0|
| Episode: 413 | Epsilon:  0.10 | Reward:   0.0 | Average Reward: 1.810 | Steps: 71950 | Total Reward: 676.0|
| Episode: 414 | Epsilon:  0.10 | Reward:   2.0 | Average Reward: 1.830 | Steps: 72134 | Total Reward: 678.0|
| Episode: 415 | Epsilon:  0.10 | Reward:   2.0 | Average Reward: 1.830 | Steps: 72318 | Total Reward: 680.0|
| Episode: 416 | Epsilon:  0.10 | Reward:   2.0 | Average Reward: 1.830 | Steps: 72502 | Total Reward: 682.0|
| Episode: 417 | Epsilon:  0.10 | Reward:   2.0 | Average Reward: 1.830 | Steps: 72686 | Total Reward: 684.0|
| Episode: 418 | Epsilon:  0.10 | Reward:   2.0 | Average Reward: 1.830 | Steps: 72870 | Total Reward: 686.0|
| Episode: 419 | Epsilon:  0.10 | Reward:   2.0 | Average Reward: 1.830 | Steps: 73054 | Total Reward: 688.0|
| Episode: 420 | Epsilon:  0.10 | Reward:   2.0 | Average Reward: 1.830 | Steps: 73239 | Total Reward: 690.0|
| Episode: 421 | Epsilon:  0.10 | Reward:   2.0 | Average Reward: 1.850 | Steps: 73423 | Total Reward: 692.0|
| Episode: 422 | Epsilon:  0.10 | Reward:   2.0 | Average Reward: 1.850 | Steps: 73607 | Total Reward: 694.0|
| Episode: 423 | Epsilon:  0.10 | Reward:   0.0 | Average Reward: 1.850 | Steps: 73718 | Total Reward: 694.0|
| Episode: 424 | Epsilon:  0.10 | Reward:   0.0 | Average Reward: 1.830 | Steps: 73827 | Total Reward: 694.0|
| Episode: 425 | Epsilon:  0.10 | Reward:   0.0 | Average Reward: 1.810 | Steps: 73936 | Total Reward: 694.0|
| Episode: 426 | Epsilon:  0.10 | Reward:   2.0 | Average Reward: 1.810 | Steps: 74120 | Total Reward: 696.0|
| Episode: 427 | Epsilon:  0.10 | Reward:   2.0 | Average Reward: 1.830 | Steps: 74306 | Total Reward: 698.0|
| Episode: 428 | Epsilon:  0.10 | Reward:   2.0 | Average Reward: 1.830 | Steps: 74490 | Total Reward: 700.0|
| Episode: 429 | Epsilon:  0.10 | Reward:   4.0 | Average Reward: 1.850 | Steps: 74791 | Total Reward: 704.0|
| Episode: 430 | Epsilon:  0.10 | Reward:   2.0 | Average Reward: 1.860 | Steps: 74975 | Total Reward: 706.0|
| Episode: 431 | Epsilon:  0.10 | Reward:   2.0 | Average Reward: 1.880 | Steps: 75179 | Total Reward: 708.0|
| Episode: 432 | Epsilon:  0.10 | Reward:   1.0 | Average Reward: 1.870 | Steps: 75316 | Total Reward: 709.0|
| Episode: 433 | Epsilon:  0.10 | Reward:   2.0 | Average Reward: 1.860 | Steps: 75520 | Total Reward: 711.0|
| Episode: 434 | Epsilon:  0.10 | Reward:   2.0 | Average Reward: 1.860 | Steps: 75704 | Total Reward: 713.0|
| Episode: 435 | Epsilon:  0.10 | Reward:   0.0 | Average Reward: 1.840 | Steps: 75813 | Total Reward: 713.0|
| Episode: 436 | Epsilon:  0.10 | Reward:   2.0 | Average Reward: 1.840 | Steps: 75997 | Total Reward: 715.0|
| Episode: 437 | Epsilon:  0.10 | Reward:   0.0 | Average Reward: 1.820 | Steps: 76106 | Total Reward: 715.0|
| Episode: 438 | Epsilon:  0.10 | Reward:   2.0 | Average Reward: 1.820 | Steps: 76290 | Total Reward: 717.0|
| Episode: 439 | Epsilon:  0.10 | Reward:   2.0 | Average Reward: 1.820 | Steps: 76494 | Total Reward: 719.0|
| Episode: 440 | Epsilon:  0.10 | Reward:   2.0 | Average Reward: 1.830 | Steps: 76678 | Total Reward: 721.0|
| Episode: 441 | Epsilon:  0.10 | Reward:   2.0 | Average Reward: 1.830 | Steps: 76862 | Total Reward: 723.0|
| Episode: 442 | Epsilon:  0.10 | Reward:   3.0 | Average Reward: 1.840 | Steps: 77094 | Total Reward: 726.0|
| Episode: 443 | Epsilon:  0.10 | Reward:   2.0 | Average Reward: 1.830 | Steps: 77278 | Total Reward: 728.0|
| Episode: 444 | Epsilon:  0.10 | Reward:   2.0 | Average Reward: 1.840 | Steps: 77462 | Total Reward: 730.0|
| Episode: 445 | Epsilon:  0.10 | Reward:   2.0 | Average Reward: 1.830 | Steps: 77646 | Total Reward: 732.0|
| Episode: 446 | Epsilon:  0.10 | Reward:   2.0 | Average Reward: 1.830 | Steps: 77850 | Total Reward: 734.0|
| Episode: 447 | Epsilon:  0.10 | Reward:   3.0 | Average Reward: 1.840 | Steps: 78084 | Total Reward: 737.0|
| Episode: 448 | Epsilon:  0.10 | Reward:   0.0 | Average Reward: 1.820 | Steps: 78193 | Total Reward: 737.0|
| Episode: 449 | Epsilon:  0.10 | Reward:   2.0 | Average Reward: 1.820 | Steps: 78377 | Total Reward: 739.0|
| Episode: 450 | Epsilon:  0.10 | Reward:   2.0 | Average Reward: 1.820 | Steps: 78561 | Total Reward: 741.0|
| Episode: 451 | Epsilon:  0.10 | Reward:   2.0 | Average Reward: 1.820 | Steps: 78745 | Total Reward: 743.0|
| Episode: 452 | Epsilon:  0.10 | Reward:   2.0 | Average Reward: 1.820 | Steps: 78929 | Total Reward: 745.0|
| Episode: 453 | Epsilon:  0.10 | Reward:   2.0 | Average Reward: 1.820 | Steps: 79113 | Total Reward: 747.0|
| Episode: 454 | Epsilon:  0.10 | Reward:   2.0 | Average Reward: 1.800 | Steps: 79297 | Total Reward: 749.0|
| Episode: 455 | Epsilon:  0.10 | Reward:   2.0 | Average Reward: 1.800 | Steps: 79481 | Total Reward: 751.0|
| Episode: 456 | Epsilon:  0.10 | Reward:   2.0 | Average Reward: 1.800 | Steps: 79665 | Total Reward: 753.0|
| Episode: 457 | Epsilon:  0.10 | Reward:   2.0 | Average Reward: 1.820 | Steps: 79871 | Total Reward: 755.0|
| Episode: 458 | Epsilon:  0.10 | Reward:   0.0 | Average Reward: 1.820 | Steps: 79980 | Total Reward: 755.0|
| Episode: 459 | Epsilon:  0.10 | Reward:   3.0 | Average Reward: 1.830 | Steps: 80214 | Total Reward: 758.0|
| Episode: 460 | Epsilon:  0.10 | Reward:   1.0 | Average Reward: 1.820 | Steps: 80369 | Total Reward: 759.0|
| Episode: 461 | Epsilon:  0.10 | Reward:   2.0 | Average Reward: 1.810 | Steps: 80553 | Total Reward: 761.0|
| Episode: 462 | Epsilon:  0.10 | Reward:   2.0 | Average Reward: 1.810 | Steps: 80756 | Total Reward: 763.0|
| Episode: 463 | Epsilon:  0.10 | Reward:   2.0 | Average Reward: 1.830 | Steps: 80940 | Total Reward: 765.0|
| Episode: 464 | Epsilon:  0.10 | Reward:   0.0 | Average Reward: 1.810 | Steps: 81049 | Total Reward: 765.0|
| Episode: 465 | Epsilon:  0.10 | Reward:   2.0 | Average Reward: 1.810 | Steps: 81233 | Total Reward: 767.0|
| Episode: 466 | Epsilon:  0.10 | Reward:   2.0 | Average Reward: 1.830 | Steps: 81417 | Total Reward: 769.0|
| Episode: 467 | Epsilon:  0.10 | Reward:   2.0 | Average Reward: 1.830 | Steps: 81601 | Total Reward: 771.0|
| Episode: 468 | Epsilon:  0.10 | Reward:   0.0 | Average Reward: 1.820 | Steps: 81710 | Total Reward: 771.0|
| Episode: 469 | Epsilon:  0.10 | Reward:   2.0 | Average Reward: 1.840 | Steps: 81894 | Total Reward: 773.0|
| Episode: 470 | Epsilon:  0.10 | Reward:   3.0 | Average Reward: 1.870 | Steps: 82126 | Total Reward: 776.0|
| Episode: 471 | Epsilon:  0.10 | Reward:   0.0 | Average Reward: 1.850 | Steps: 82235 | Total Reward: 776.0|
| Episode: 472 | Epsilon:  0.10 | Reward:   0.0 | Average Reward: 1.830 | Steps: 82344 | Total Reward: 776.0|
| Episode: 473 | Epsilon:  0.10 | Reward:   0.0 | Average Reward: 1.810 | Steps: 82453 | Total Reward: 776.0|
| Episode: 474 | Epsilon:  0.10 | Reward:   0.0 | Average Reward: 1.810 | Steps: 82562 | Total Reward: 776.0|
| Episode: 475 | Epsilon:  0.10 | Reward:   0.0 | Average Reward: 1.790 | Steps: 82671 | Total Reward: 776.0|
| Episode: 476 | Epsilon:  0.10 | Reward:   2.0 | Average Reward: 1.790 | Steps: 82855 | Total Reward: 778.0|
| Episode: 477 | Epsilon:  0.10 | Reward:   2.0 | Average Reward: 1.790 | Steps: 83039 | Total Reward: 780.0|
| Episode: 478 | Epsilon:  0.10 | Reward:   0.0 | Average Reward: 1.770 | Steps: 83148 | Total Reward: 780.0|
| Episode: 479 | Epsilon:  0.10 | Reward:   0.0 | Average Reward: 1.750 | Steps: 83257 | Total Reward: 780.0|
| Episode: 480 | Epsilon:  0.10 | Reward:   0.0 | Average Reward: 1.720 | Steps: 83366 | Total Reward: 780.0|
| Episode: 481 | Epsilon:  0.10 | Reward:   2.0 | Average Reward: 1.720 | Steps: 83550 | Total Reward: 782.0|
| Episode: 482 | Epsilon:  0.10 | Reward:   2.0 | Average Reward: 1.720 | Steps: 83754 | Total Reward: 784.0|
| Episode: 483 | Epsilon:  0.10 | Reward:   2.0 | Average Reward: 1.720 | Steps: 83958 | Total Reward: 786.0|
| Episode: 484 | Epsilon:  0.10 | Reward:   1.0 | Average Reward: 1.710 | Steps: 84112 | Total Reward: 787.0|
| Episode: 485 | Epsilon:  0.10 | Reward:   2.0 | Average Reward: 1.710 | Steps: 84296 | Total Reward: 789.0|
| Episode: 486 | Epsilon:  0.10 | Reward:   2.0 | Average Reward: 1.710 | Steps: 84480 | Total Reward: 791.0|
| Episode: 487 | Epsilon:  0.10 | Reward:   2.0 | Average Reward: 1.670 | Steps: 84664 | Total Reward: 793.0|
| Episode: 488 | Epsilon:  0.10 | Reward:   0.0 | Average Reward: 1.660 | Steps: 84773 | Total Reward: 793.0|
| Episode: 489 | Epsilon:  0.10 | Reward:   2.0 | Average Reward: 1.650 | Steps: 84957 | Total Reward: 795.0|
| Episode: 490 | Epsilon:  0.10 | Reward:   0.0 | Average Reward: 1.630 | Steps: 85066 | Total Reward: 795.0|
| Episode: 491 | Epsilon:  0.10 | Reward:   2.0 | Average Reward: 1.630 | Steps: 85250 | Total Reward: 797.0|
| Episode: 492 | Epsilon:  0.10 | Reward:   2.0 | Average Reward: 1.620 | Steps: 85434 | Total Reward: 799.0|
| Episode: 493 | Epsilon:  0.10 | Reward:   2.0 | Average Reward: 1.620 | Steps: 85618 | Total Reward: 801.0|
| Episode: 494 | Epsilon:  0.10 | Reward:   1.0 | Average Reward: 1.610 | Steps: 85774 | Total Reward: 802.0|
| Episode: 495 | Epsilon:  0.10 | Reward:   1.0 | Average Reward: 1.600 | Steps: 85929 | Total Reward: 803.0|
| Episode: 496 | Epsilon:  0.10 | Reward:   2.0 | Average Reward: 1.600 | Steps: 86113 | Total Reward: 805.0|
| Episode: 497 | Epsilon:  0.10 | Reward:   3.0 | Average Reward: 1.630 | Steps: 86364 | Total Reward: 808.0|
| Episode: 498 | Epsilon:  0.10 | Reward:   2.0 | Average Reward: 1.650 | Steps: 86548 | Total Reward: 810.0|
| Episode: 499 | Epsilon:  0.10 | Reward:   2.0 | Average Reward: 1.640 | Steps: 86732 | Total Reward: 812.0|
| Episode: 500 | Epsilon:  0.10 | Reward:   2.0 | Average Reward: 1.640 | Steps: 86916 | Total Reward: 814.0|
| Episode: 501 | Epsilon:  0.10 | Reward:   2.0 | Average Reward: 1.640 | Steps: 87100 | Total Reward: 816.0|
| Episode: 502 | Epsilon:  0.10 | Reward:   0.0 | Average Reward: 1.620 | Steps: 87209 | Total Reward: 816.0|
| Episode: 503 | Epsilon:  0.10 | Reward:   2.0 | Average Reward: 1.620 | Steps: 87393 | Total Reward: 818.0|
| Episode: 504 | Epsilon:  0.10 | Reward:   0.0 | Average Reward: 1.560 | Steps: 87502 | Total Reward: 818.0|
| Episode: 505 | Epsilon:  0.10 | Reward:   2.0 | Average Reward: 1.560 | Steps: 87667 | Total Reward: 820.0|
| Episode: 506 | Epsilon:  0.10 | Reward:   2.0 | Average Reward: 1.560 | Steps: 87851 | Total Reward: 822.0|
| Episode: 507 | Epsilon:  0.10 | Reward:   2.0 | Average Reward: 1.580 | Steps: 88035 | Total Reward: 824.0|
| Episode: 508 | Epsilon:  0.10 | Reward:   2.0 | Average Reward: 1.580 | Steps: 88219 | Total Reward: 826.0|
| Episode: 509 | Epsilon:  0.10 | Reward:   0.0 | Average Reward: 1.560 | Steps: 88328 | Total Reward: 826.0|
| Episode: 510 | Epsilon:  0.10 | Reward:   2.0 | Average Reward: 1.560 | Steps: 88512 | Total Reward: 828.0|
| Episode: 511 | Epsilon:  0.10 | Reward:   2.0 | Average Reward: 1.560 | Steps: 88696 | Total Reward: 830.0|
| Episode: 512 | Epsilon:  0.10 | Reward:   1.0 | Average Reward: 1.550 | Steps: 88851 | Total Reward: 831.0|
| Episode: 513 | Epsilon:  0.10 | Reward:   2.0 | Average Reward: 1.570 | Steps: 89035 | Total Reward: 833.0|
| Episode: 514 | Epsilon:  0.10 | Reward:   0.0 | Average Reward: 1.550 | Steps: 89144 | Total Reward: 833.0|
| Episode: 515 | Epsilon:  0.10 | Reward:   2.0 | Average Reward: 1.550 | Steps: 89328 | Total Reward: 835.0|
| Episode: 516 | Epsilon:  0.10 | Reward:   2.0 | Average Reward: 1.550 | Steps: 89512 | Total Reward: 837.0|
| Episode: 517 | Epsilon:  0.10 | Reward:   0.0 | Average Reward: 1.530 | Steps: 89621 | Total Reward: 837.0|
| Episode: 518 | Epsilon:  0.10 | Reward:   2.0 | Average Reward: 1.530 | Steps: 89805 | Total Reward: 839.0|
| Episode: 519 | Epsilon:  0.10 | Reward:   2.0 | Average Reward: 1.530 | Steps: 89989 | Total Reward: 841.0|
| Episode: 520 | Epsilon:  0.10 | Reward:   2.0 | Average Reward: 1.530 | Steps: 90173 | Total Reward: 843.0|
| Episode: 521 | Epsilon:  0.10 | Reward:   2.0 | Average Reward: 1.530 | Steps: 90357 | Total Reward: 845.0|
| Episode: 522 | Epsilon:  0.10 | Reward:   2.0 | Average Reward: 1.530 | Steps: 90541 | Total Reward: 847.0|
| Episode: 523 | Epsilon:  0.10 | Reward:   3.0 | Average Reward: 1.560 | Steps: 90753 | Total Reward: 850.0|
| Episode: 524 | Epsilon:  0.10 | Reward:   2.0 | Average Reward: 1.580 | Steps: 90937 | Total Reward: 852.0|
| Episode: 525 | Epsilon:  0.10 | Reward:   2.0 | Average Reward: 1.600 | Steps: 91121 | Total Reward: 854.0|
| Episode: 526 | Epsilon:  0.10 | Reward:   1.0 | Average Reward: 1.590 | Steps: 91275 | Total Reward: 855.0|
| Episode: 527 | Epsilon:  0.10 | Reward:   2.0 | Average Reward: 1.590 | Steps: 91459 | Total Reward: 857.0|
| Episode: 528 | Epsilon:  0.10 | Reward:   1.0 | Average Reward: 1.580 | Steps: 91613 | Total Reward: 858.0|
| Episode: 529 | Epsilon:  0.10 | Reward:   0.0 | Average Reward: 1.540 | Steps: 91722 | Total Reward: 858.0|
| Episode: 530 | Epsilon:  0.10 | Reward:   2.0 | Average Reward: 1.540 | Steps: 91906 | Total Reward: 860.0|
| Episode: 531 | Epsilon:  0.10 | Reward:   2.0 | Average Reward: 1.540 | Steps: 92112 | Total Reward: 862.0|
| Episode: 532 | Epsilon:  0.10 | Reward:   0.0 | Average Reward: 1.530 | Steps: 92221 | Total Reward: 862.0|
| Episode: 533 | Epsilon:  0.10 | Reward:   0.0 | Average Reward: 1.510 | Steps: 92330 | Total Reward: 862.0|
| Episode: 534 | Epsilon:  0.10 | Reward:   0.0 | Average Reward: 1.490 | Steps: 92439 | Total Reward: 862.0|
| Episode: 535 | Epsilon:  0.10 | Reward:   1.0 | Average Reward: 1.500 | Steps: 92594 | Total Reward: 863.0|
| Episode: 536 | Epsilon:  0.10 | Reward:   2.0 | Average Reward: 1.500 | Steps: 92778 | Total Reward: 865.0|
| Episode: 537 | Epsilon:  0.10 | Reward:   1.0 | Average Reward: 1.510 | Steps: 92933 | Total Reward: 866.0|
| Episode: 538 | Epsilon:  0.10 | Reward:   2.0 | Average Reward: 1.510 | Steps: 93117 | Total Reward: 868.0|
| Episode: 539 | Epsilon:  0.10 | Reward:   2.0 | Average Reward: 1.510 | Steps: 93301 | Total Reward: 870.0|
| Episode: 540 | Epsilon:  0.10 | Reward:   2.0 | Average Reward: 1.510 | Steps: 93485 | Total Reward: 872.0|
| Episode: 541 | Epsilon:  0.10 | Reward:   2.0 | Average Reward: 1.510 | Steps: 93669 | Total Reward: 874.0|
| Episode: 542 | Epsilon:  0.10 | Reward:   2.0 | Average Reward: 1.500 | Steps: 93853 | Total Reward: 876.0|
| Episode: 543 | Epsilon:  0.10 | Reward:   2.0 | Average Reward: 1.500 | Steps: 94037 | Total Reward: 878.0|
| Episode: 544 | Epsilon:  0.10 | Reward:   0.0 | Average Reward: 1.480 | Steps: 94148 | Total Reward: 878.0|
| Episode: 545 | Epsilon:  0.10 | Reward:   2.0 | Average Reward: 1.480 | Steps: 94332 | Total Reward: 880.0|
| Episode: 546 | Epsilon:  0.10 | Reward:   2.0 | Average Reward: 1.480 | Steps: 94516 | Total Reward: 882.0|
| Episode: 547 | Epsilon:  0.10 | Reward:   2.0 | Average Reward: 1.470 | Steps: 94700 | Total Reward: 884.0|
| Episode: 548 | Epsilon:  0.10 | Reward:   2.0 | Average Reward: 1.490 | Steps: 94884 | Total Reward: 886.0|
| Episode: 549 | Epsilon:  0.10 | Reward:   2.0 | Average Reward: 1.490 | Steps: 95068 | Total Reward: 888.0|
| Episode: 550 | Epsilon:  0.10 | Reward:   1.0 | Average Reward: 1.480 | Steps: 95223 | Total Reward: 889.0|
| Episode: 551 | Epsilon:  0.10 | Reward:   2.0 | Average Reward: 1.480 | Steps: 95407 | Total Reward: 891.0|
| Episode: 552 | Epsilon:  0.10 | Reward:   0.0 | Average Reward: 1.460 | Steps: 95516 | Total Reward: 891.0|
| Episode: 553 | Epsilon:  0.10 | Reward:   2.0 | Average Reward: 1.460 | Steps: 95700 | Total Reward: 893.0|
| Episode: 554 | Epsilon:  0.10 | Reward:   2.0 | Average Reward: 1.460 | Steps: 95884 | Total Reward: 895.0|
| Episode: 555 | Epsilon:  0.10 | Reward:   0.0 | Average Reward: 1.440 | Steps: 95993 | Total Reward: 895.0|
| Episode: 556 | Epsilon:  0.10 | Reward:   2.0 | Average Reward: 1.440 | Steps: 96177 | Total Reward: 897.0|
| Episode: 557 | Epsilon:  0.10 | Reward:   2.0 | Average Reward: 1.440 | Steps: 96361 | Total Reward: 899.0|
| Episode: 558 | Epsilon:  0.10 | Reward:   2.0 | Average Reward: 1.460 | Steps: 96545 | Total Reward: 901.0|
| Episode: 559 | Epsilon:  0.10 | Reward:   2.0 | Average Reward: 1.450 | Steps: 96729 | Total Reward: 903.0|
| Episode: 560 | Epsilon:  0.10 | Reward:   0.0 | Average Reward: 1.440 | Steps: 96838 | Total Reward: 903.0|
| Episode: 561 | Epsilon:  0.10 | Reward:   0.0 | Average Reward: 1.420 | Steps: 96947 | Total Reward: 903.0|
| Episode: 562 | Epsilon:  0.10 | Reward:   3.0 | Average Reward: 1.430 | Steps: 97179 | Total Reward: 906.0|
| Episode: 563 | Epsilon:  0.10 | Reward:   2.0 | Average Reward: 1.430 | Steps: 97363 | Total Reward: 908.0|
| Episode: 564 | Epsilon:  0.10 | Reward:   1.0 | Average Reward: 1.440 | Steps: 97517 | Total Reward: 909.0|
| Episode: 565 | Epsilon:  0.10 | Reward:   1.0 | Average Reward: 1.430 | Steps: 97672 | Total Reward: 910.0|
| Episode: 566 | Epsilon:  0.10 | Reward:   2.0 | Average Reward: 1.430 | Steps: 97856 | Total Reward: 912.0|
| Episode: 567 | Epsilon:  0.10 | Reward:   0.0 | Average Reward: 1.410 | Steps: 97965 | Total Reward: 912.0|
| Episode: 568 | Epsilon:  0.10 | Reward:   2.0 | Average Reward: 1.430 | Steps: 98149 | Total Reward: 914.0|
| Episode: 569 | Epsilon:  0.10 | Reward:   2.0 | Average Reward: 1.430 | Steps: 98333 | Total Reward: 916.0|
| Episode: 570 | Epsilon:  0.10 | Reward:   2.0 | Average Reward: 1.420 | Steps: 98517 | Total Reward: 918.0|
| Episode: 571 | Epsilon:  0.10 | Reward:   2.0 | Average Reward: 1.440 | Steps: 98701 | Total Reward: 920.0|
| Episode: 572 | Epsilon:  0.10 | Reward:   4.0 | Average Reward: 1.480 | Steps: 98986 | Total Reward: 924.0|
| Episode: 573 | Epsilon:  0.10 | Reward:   4.0 | Average Reward: 1.520 | Steps: 99264 | Total Reward: 928.0|
| Episode: 574 | Epsilon:  0.10 | Reward:   2.0 | Average Reward: 1.540 | Steps: 99448 | Total Reward: 930.0|
| Episode: 575 | Epsilon:  0.10 | Reward:   0.0 | Average Reward: 1.540 | Steps: 99557 | Total Reward: 930.0|
| Episode: 576 | Epsilon:  0.10 | Reward:   2.0 | Average Reward: 1.540 | Steps: 99741 | Total Reward: 932.0|
| Episode: 577 | Epsilon:  0.10 | Reward:   2.0 | Average Reward: 1.540 | Steps: 99944 | Total Reward: 934.0|
| Episode: 578 | Epsilon:  0.10 | Reward:   2.0 | Average Reward: 1.560 | Steps: 100128 | Total Reward: 936.0|
| Episode: 579 | Epsilon:  0.10 | Reward:   3.0 | Average Reward: 1.590 | Steps: 100349 | Total Reward: 939.0|
| Episode: 580 | Epsilon:  0.10 | Reward:   1.0 | Average Reward: 1.600 | Steps: 100504 | Total Reward: 940.0|
| Episode: 581 | Epsilon:  0.10 | Reward:   1.0 | Average Reward: 1.590 | Steps: 100658 | Total Reward: 941.0|
| Episode: 582 | Epsilon:  0.10 | Reward:   2.0 | Average Reward: 1.590 | Steps: 100842 | Total Reward: 943.0|
| Episode: 583 | Epsilon:  0.10 | Reward:   0.0 | Average Reward: 1.570 | Steps: 100951 | Total Reward: 943.0|
| Episode: 584 | Epsilon:  0.10 | Reward:   0.0 | Average Reward: 1.560 | Steps: 101060 | Total Reward: 943.0|
| Episode: 585 | Epsilon:  0.10 | Reward:   2.0 | Average Reward: 1.560 | Steps: 101244 | Total Reward: 945.0|
| Episode: 586 | Epsilon:  0.10 | Reward:   2.0 | Average Reward: 1.560 | Steps: 101428 | Total Reward: 947.0|
| Episode: 587 | Epsilon:  0.10 | Reward:   2.0 | Average Reward: 1.560 | Steps: 101612 | Total Reward: 949.0|
| Episode: 588 | Epsilon:  0.10 | Reward:   2.0 | Average Reward: 1.580 | Steps: 101796 | Total Reward: 951.0|
| Episode: 589 | Epsilon:  0.10 | Reward:   2.0 | Average Reward: 1.580 | Steps: 101980 | Total Reward: 953.0|
| Episode: 590 | Epsilon:  0.10 | Reward:   2.0 | Average Reward: 1.600 | Steps: 102164 | Total Reward: 955.0|
| Episode: 591 | Epsilon:  0.10 | Reward:   1.0 | Average Reward: 1.590 | Steps: 102301 | Total Reward: 956.0|
| Episode: 592 | Epsilon:  0.10 | Reward:   0.0 | Average Reward: 1.570 | Steps: 102410 | Total Reward: 956.0|
| Episode: 593 | Epsilon:  0.10 | Reward:   1.0 | Average Reward: 1.560 | Steps: 102565 | Total Reward: 957.0|
| Episode: 594 | Epsilon:  0.10 | Reward:   2.0 | Average Reward: 1.570 | Steps: 102769 | Total Reward: 959.0|
| Episode: 595 | Epsilon:  0.10 | Reward:   0.0 | Average Reward: 1.560 | Steps: 102880 | Total Reward: 959.0|
| Episode: 596 | Epsilon:  0.10 | Reward:   2.0 | Average Reward: 1.560 | Steps: 103064 | Total Reward: 961.0|
| Episode: 597 | Epsilon:  0.10 | Reward:   0.0 | Average Reward: 1.530 | Steps: 103173 | Total Reward: 961.0|
| Episode: 598 | Epsilon:  0.10 | Reward:   1.0 | Average Reward: 1.520 | Steps: 103330 | Total Reward: 962.0|
| Episode: 599 | Epsilon:  0.10 | Reward:   2.0 | Average Reward: 1.520 | Steps: 103514 | Total Reward: 964.0|
| Episode: 600 | Epsilon:  0.10 | Reward:   0.0 | Average Reward: 1.500 | Steps: 103623 | Total Reward: 964.0|
| Episode: 601 | Epsilon:  0.10 | Reward:   2.0 | Average Reward: 1.500 | Steps: 103807 | Total Reward: 966.0|
| Episode: 602 | Epsilon:  0.10 | Reward:   0.0 | Average Reward: 1.500 | Steps: 103916 | Total Reward: 966.0|
| Episode: 603 | Epsilon:  0.10 | Reward:   2.0 | Average Reward: 1.500 | Steps: 104100 | Total Reward: 968.0|
| Episode: 604 | Epsilon:  0.10 | Reward:   1.0 | Average Reward: 1.510 | Steps: 104255 | Total Reward: 969.0|
| Episode: 605 | Epsilon:  0.10 | Reward:   2.0 | Average Reward: 1.510 | Steps: 104439 | Total Reward: 971.0|
| Episode: 606 | Epsilon:  0.10 | Reward:   2.0 | Average Reward: 1.510 | Steps: 104623 | Total Reward: 973.0|
