+------------------------+----------------------------+--------------------+
|                        |     Supported Features     |  Program Commands  |
+========================+============================+====================+
| Compatible Layers      | Hopfield Layer,            | hopfield,          |
|                        | HopfieldLayer Layer,       | hopfield_layer,    |
|                        | HopfieldPooling Layer,     | hopfield_pooling,  |
|                        | LSTM,                      | lstm,              |
|                        | GRU                        | gru                |
+------------------------+----------------------------+--------------------+
| Supported Loss Metrics | Huber Loss,                | huber,             |
|                        | Mean Absolute Error Loss,  | mae,               |
|                        | Mean Squared Error Loss,   | mse,               |
|                        | SmoothL1 Loss              | smooth_l1          |
+------------------------+----------------------------+--------------------+
| Supported Optimizers   | RMSprop (default),         | rmsprop,           |
|                        | AdamW,                     | adam,              |
|                        | Adam                       | adamW              |
+------------------------+----------------------------+--------------------+
+------------------------------+-----------+
|          Parameter           |   Value   |
+==============================+===========+
| Loss Metric:                 | smooth_l1 |
+------------------------------+-----------+
| Sequence Length:             | 50        |
+------------------------------+-----------+
| Learning Rate:               | 0.001     |
+------------------------------+-----------+
| Update Target Steps:         | 5000      |
+------------------------------+-----------+
| Optimizer:                   | rmsprop   |
+------------------------------+-----------+
| Hopfield Inverse Temperature | 0.100     |
+------------------------------+-----------+
| Big or Small Loss            | no        |
+------------------------------+-----------+
| Soft or Hard Update          | soft      |
+------------------------------+-----------+
| Polyak Factor                | 0.750     |
+------------------------------+-----------+
| Episode:   1 | Epsilon:  0.90 | Reward: -207.9229512637636 | Average Reward: -207.923 | Steps:    92 | Total Reward: -207.9229512637636|
| Episode:   2 | Epsilon:  0.86 | Reward: -279.4824061412917 | Average Reward: -243.703 | Steps:   160 | Total Reward: -487.4053574050548|
| Episode:   3 | Epsilon:  0.82 | Reward: -94.09078639488199 | Average Reward: -193.832 | Steps:   230 | Total Reward: -581.4961437999364|
| Episode:   4 | Epsilon:  0.78 | Reward: -93.39488082150748 | Average Reward: -168.723 | Steps:   320 | Total Reward: -674.8910246214434|
| Episode:   5 | Epsilon:  0.75 | Reward: -310.3099648456137 | Average Reward: -197.040 | Steps:   424 | Total Reward: -985.2009894670562|
| Episode:   6 | Epsilon:  0.71 | Reward: -433.63358494198485 | Average Reward: -236.472 | Steps:   506 | Total Reward: -1418.8345744090402|
| Episode:   7 | Epsilon:  0.68 | Reward: -397.5843930963461 | Average Reward: -259.488 | Steps:   584 | Total Reward: -1816.4189675053856|
| Episode:   8 | Epsilon:  0.65 | Reward: -281.9669006119034 | Average Reward: -262.298 | Steps:   663 | Total Reward: -2098.3858681172887|
| Episode:   9 | Epsilon:  0.62 | Reward: -230.9571994003281 | Average Reward: -258.816 | Steps:   731 | Total Reward: -2329.343067517616|
| Episode:  10 | Epsilon:  0.59 | Reward: -426.71342314356883 | Average Reward: -275.606 | Steps:   823 | Total Reward: -2756.056490661185|
| Episode:  11 | Epsilon:  0.57 | Reward: -530.3706518393229 | Average Reward: -298.766 | Steps:   916 | Total Reward: -3286.4271425005068|
| Episode:  12 | Epsilon:  0.54 | Reward: -421.20146534144345 | Average Reward: -308.969 | Steps:  1005 | Total Reward: -3707.6286078419503|
| Episode:  13 | Epsilon:  0.52 | Reward: -618.5623208198913 | Average Reward: -332.784 | Steps:  1092 | Total Reward: -4326.190928661841|
| Episode:  14 | Epsilon:  0.49 | Reward: -360.2421095709538 | Average Reward: -334.745 | Steps:  1170 | Total Reward: -4686.433038232792|
| Episode:  15 | Epsilon:  0.47 | Reward: -452.36934515952714 | Average Reward: -342.587 | Steps:  1243 | Total Reward: -5138.802383392319|
| Episode:  16 | Epsilon:  0.45 | Reward: -477.6056150047272 | Average Reward: -351.025 | Steps:  1342 | Total Reward: -5616.407998397046|
| Episode:  17 | Epsilon:  0.43 | Reward: -462.3571981208231 | Average Reward: -357.574 | Steps:  1424 | Total Reward: -6078.765196517869|
| Episode:  18 | Epsilon:  0.41 | Reward: -367.3786440308378 | Average Reward: -358.119 | Steps:  1484 | Total Reward: -6446.143840548707|
| Episode:  19 | Epsilon:  0.40 | Reward: -831.4406269480343 | Average Reward: -383.031 | Steps:  1576 | Total Reward: -7277.584467496746|
| Episode:  20 | Epsilon:  0.38 | Reward: -639.9487840371955 | Average Reward: -395.877 | Steps:  1654 | Total Reward: -7917.533251533938|
| Episode:  21 | Epsilon:  0.36 | Reward: -531.634953618211 | Average Reward: -402.341 | Steps:  1724 | Total Reward: -8449.168205152147|
| Episode:  22 | Epsilon:  0.35 | Reward: -321.26792503112495 | Average Reward: -398.656 | Steps:  1773 | Total Reward: -8770.436130183267|
| Episode:  23 | Epsilon:  0.33 | Reward: -967.5770575727961 | Average Reward: -423.392 | Steps:  1871 | Total Reward: -9738.013187756067|
| Episode:  24 | Epsilon:  0.32 | Reward: -673.3309272474568 | Average Reward: -433.806 | Steps:  1960 | Total Reward: -10411.344115003521|
| Episode:  25 | Epsilon:  0.31 | Reward: -297.11789475585476 | Average Reward: -428.338 | Steps:  2015 | Total Reward: -10708.462009759378|
| Episode:  26 | Epsilon:  0.29 | Reward: -91.82269835090204 | Average Reward: -415.396 | Steps:  2082 | Total Reward: -10800.284708110281|
| Episode:  27 | Epsilon:  0.28 | Reward: -692.9395618754686 | Average Reward: -425.675 | Steps:  2304 | Total Reward: -11493.224269985749|
| Episode:  28 | Epsilon:  0.27 | Reward: -402.82537307677995 | Average Reward: -424.859 | Steps:  2365 | Total Reward: -11896.049643062526|
| Episode:  29 | Epsilon:  0.26 | Reward: -553.0171751445228 | Average Reward: -429.278 | Steps:  2462 | Total Reward: -12449.06681820705|
| Episode:  30 | Epsilon:  0.25 | Reward: -549.9725520578793 | Average Reward: -433.301 | Steps:  2524 | Total Reward: -12999.039370264929|
| Episode:  31 | Epsilon:  0.24 | Reward: -254.349292751379 | Average Reward: -427.529 | Steps:  2652 | Total Reward: -13253.388663016314|
| Episode:  32 | Epsilon:  0.23 | Reward: -99.71475116267405 | Average Reward: -417.284 | Steps:  2714 | Total Reward: -13353.103414178982|
| Episode:  33 | Epsilon:  0.22 | Reward: -224.3550295089263 | Average Reward: -411.438 | Steps:  2771 | Total Reward: -13577.458443687912|
| Episode:  34 | Epsilon:  0.21 | Reward: -106.20072797853224 | Average Reward: -402.461 | Steps:  2850 | Total Reward: -13683.659171666444|
| Episode:  35 | Epsilon:  0.21 | Reward: -91.05774564837142 | Average Reward: -393.563 | Steps:  2909 | Total Reward: -13774.716917314825|
| Episode:  36 | Epsilon:  0.20 | Reward: -396.5911069744859 | Average Reward: -393.647 | Steps:  3041 | Total Reward: -14171.308024289321|
| Episode:  37 | Epsilon:  0.19 | Reward: -347.3169817695058 | Average Reward: -392.395 | Steps:  3129 | Total Reward: -14518.625006058815|
| Episode:  38 | Epsilon:  0.18 | Reward: -109.74844600571703 | Average Reward: -384.957 | Steps:  3185 | Total Reward: -14628.373452064532|
| Episode:  39 | Epsilon:  0.18 | Reward: -74.71991534822064 | Average Reward: -377.002 | Steps:  3268 | Total Reward: -14703.093367412748|
| Episode:  40 | Epsilon:  0.17 | Reward: -109.76107037871795 | Average Reward: -370.321 | Steps:  3321 | Total Reward: -14812.854437791466|
| Episode:  41 | Epsilon:  0.17 | Reward: -1023.2757459761015 | Average Reward: -386.247 | Steps:  3465 | Total Reward: -15836.130183767575|
| Episode:  42 | Epsilon:  0.16 | Reward: -154.99569617220163 | Average Reward: -380.741 | Steps:  3561 | Total Reward: -15991.125879939776|
| Episode:  43 | Epsilon:  0.15 | Reward: -2194.6088197043646 | Average Reward: -422.924 | Steps:  3896 | Total Reward: -18185.734699644137|
| Episode:  44 | Epsilon:  0.15 | Reward: -619.760387593462 | Average Reward: -427.398 | Steps:  4039 | Total Reward: -18805.495087237585|
| Episode:  45 | Epsilon:  0.14 | Reward: -315.08463996268875 | Average Reward: -424.902 | Steps:  4098 | Total Reward: -19120.579727200267|
| Episode:  46 | Epsilon:  0.14 | Reward: -153.48050272633293 | Average Reward: -419.001 | Steps:  4166 | Total Reward: -19274.0602299266|
| Episode:  47 | Epsilon:  0.14 | Reward: -85.33674978504372 | Average Reward: -411.902 | Steps:  4232 | Total Reward: -19359.39697971163|
| Episode:  48 | Epsilon:  0.13 | Reward: -527.782544661089 | Average Reward: -414.316 | Steps:  4316 | Total Reward: -19887.17952437273|
| Episode:  49 | Epsilon:  0.13 | Reward: -438.6481229866388 | Average Reward: -414.813 | Steps:  4419 | Total Reward: -20325.82764735935|
| Episode:  50 | Epsilon:  0.12 | Reward: -457.3801223647646 | Average Reward: -415.664 | Steps:  4504 | Total Reward: -20783.207769724137|
| Episode:  51 | Epsilon:  0.12 | Reward: -245.309093621513 | Average Reward: -412.324 | Steps:  4590 | Total Reward: -21028.516863345645|
| Episode:  52 | Epsilon:  0.12 | Reward: -585.1505802501223 | Average Reward: -415.647 | Steps:  4711 | Total Reward: -21613.66744359578|
| Episode:  53 | Epsilon:  0.11 | Reward: -545.7672294509898 | Average Reward: -418.103 | Steps:  4777 | Total Reward: -22159.43467304676|
| Episode:  54 | Epsilon:  0.11 | Reward: -313.6852700608233 | Average Reward: -416.169 | Steps:  4882 | Total Reward: -22473.119943107584|
| Episode:  55 | Epsilon:  0.11 | Reward: -557.5027658585784 | Average Reward: -418.739 | Steps:  4959 | Total Reward: -23030.62270896615|
| Episode:  56 | Epsilon:  0.10 | Reward: -230.53759231750516 | Average Reward: -415.378 | Steps:  5065 | Total Reward: -23261.160301283664|
| Episode:  57 | Epsilon:  0.10 | Reward: -99.70078046714296 | Average Reward: -409.840 | Steps:  5166 | Total Reward: -23360.861081750816|
| Episode:  58 | Epsilon:  0.10 | Reward: -468.6240468974182 | Average Reward: -410.853 | Steps:  5239 | Total Reward: -23829.485128648234|
| Episode:  59 | Epsilon:  0.10 | Reward: -532.6677510646734 | Average Reward: -412.918 | Steps:  5326 | Total Reward: -24362.15287971291|
| Episode:  60 | Epsilon:  0.09 | Reward: -131.6027590771799 | Average Reward: -408.229 | Steps:  5378 | Total Reward: -24493.755638790095|
| Episode:  61 | Epsilon:  0.09 | Reward: -91.76665505725774 | Average Reward: -403.041 | Steps:  5432 | Total Reward: -24585.52229384736|
| Episode:  62 | Epsilon:  0.09 | Reward: -93.28399078328681 | Average Reward: -398.045 | Steps:  5503 | Total Reward: -24678.806284630624|
| Episode:  63 | Epsilon:  0.09 | Reward: -409.707647372294 | Average Reward: -398.230 | Steps:  5583 | Total Reward: -25088.51393200291|
| Episode:  64 | Epsilon:  0.09 | Reward: -631.2064364281536 | Average Reward: -401.871 | Steps:  5693 | Total Reward: -25719.720368431048|
| Episode:  65 | Epsilon:  0.08 | Reward: -486.7302871520444 | Average Reward: -403.176 | Steps:  5812 | Total Reward: -26206.45065558309|
| Episode:  66 | Epsilon:  0.08 | Reward: -162.40616190213257 | Average Reward: -399.528 | Steps:  5891 | Total Reward: -26368.856817485237|
| Episode:  67 | Epsilon:  0.08 | Reward: -577.8553445683913 | Average Reward: -402.190 | Steps:  5971 | Total Reward: -26946.712162053635|
| Episode:  68 | Epsilon:  0.08 | Reward: -359.080091269657 | Average Reward: -401.556 | Steps:  6027 | Total Reward: -27305.7922533233|
| Episode:  69 | Epsilon:  0.08 | Reward: -204.46674752448203 | Average Reward: -398.699 | Steps:  6115 | Total Reward: -27510.259000847756|
| Episode:  70 | Epsilon:  0.08 | Reward: -130.73756726808176 | Average Reward: -394.871 | Steps:  6173 | Total Reward: -27640.996568115846|
| Episode:  71 | Epsilon:  0.08 | Reward: -582.8416714133675 | Average Reward: -397.519 | Steps:  6411 | Total Reward: -28223.838239529206|
| Episode:  72 | Epsilon:  0.07 | Reward: -290.4515364853503 | Average Reward: -396.032 | Steps:  6505 | Total Reward: -28514.289776014568|
| Episode:  73 | Epsilon:  0.07 | Reward: -108.07309338642688 | Average Reward: -392.087 | Steps:  6596 | Total Reward: -28622.362869400982|
| Episode:  74 | Epsilon:  0.07 | Reward: -143.76223868287641 | Average Reward: -388.731 | Steps:  6664 | Total Reward: -28766.125108083852|
| Episode:  75 | Epsilon:  0.07 | Reward: -30.130043877580817 | Average Reward: -383.950 | Steps:  6733 | Total Reward: -28796.25515196143|
| Episode:  76 | Epsilon:  0.07 | Reward: -342.8307763405057 | Average Reward: -383.409 | Steps:  6807 | Total Reward: -29139.085928301945|
| Episode:  77 | Epsilon:  0.07 | Reward: -759.4356758684194 | Average Reward: -388.292 | Steps:  6905 | Total Reward: -29898.521604170364|
| Episode:  78 | Epsilon:  0.07 | Reward: -234.2223099345345 | Average Reward: -386.317 | Steps:  6978 | Total Reward: -30132.743914104878|
| Episode:  79 | Epsilon:  0.07 | Reward: -100.92457752601834 | Average Reward: -382.705 | Steps:  7034 | Total Reward: -30233.66849163089|
| Episode:  80 | Epsilon:  0.07 | Reward: -111.32134446455717 | Average Reward: -379.312 | Steps:  7085 | Total Reward: -30344.989836095436|
| Episode:  81 | Epsilon:  0.07 | Reward: -650.8193488520949 | Average Reward: -382.664 | Steps:  7197 | Total Reward: -30995.80918494755|
| Episode:  82 | Epsilon:  0.06 | Reward: -224.1986612131749 | Average Reward: -380.732 | Steps:  7256 | Total Reward: -31220.007846160723|
| Episode:  83 | Epsilon:  0.06 | Reward: -566.1838716810182 | Average Reward: -382.966 | Steps:  7328 | Total Reward: -31786.191717841743|
| Episode:  84 | Epsilon:  0.06 | Reward: -123.70854810738136 | Average Reward: -379.880 | Steps:  7397 | Total Reward: -31909.900265949116|
| Episode:  85 | Epsilon:  0.06 | Reward: -422.7436211590064 | Average Reward: -380.384 | Steps:  7522 | Total Reward: -32332.643887108134|
| Episode:  86 | Epsilon:  0.06 | Reward: -493.35716192936326 | Average Reward: -381.698 | Steps:  7612 | Total Reward: -32826.001049037506|
| Episode:  87 | Epsilon:  0.06 | Reward: -118.05673660576404 | Average Reward: -378.667 | Steps:  7721 | Total Reward: -32944.05778564323|
| Episode:  88 | Epsilon:  0.06 | Reward: -776.898386760576 | Average Reward: -383.193 | Steps:  7806 | Total Reward: -33720.956172403814|
| Episode:  89 | Epsilon:  0.06 | Reward: -229.63252655663516 | Average Reward: -381.467 | Steps:  7863 | Total Reward: -33950.58869896044|
| Episode:  90 | Epsilon:  0.06 | Reward: -490.5345932695634 | Average Reward: -382.679 | Steps:  7921 | Total Reward: -34441.12329223001|
| Episode:  91 | Epsilon:  0.06 | Reward: -521.285034404056 | Average Reward: -384.202 | Steps:  7988 | Total Reward: -34962.40832663406|
| Episode:  92 | Epsilon:  0.06 | Reward: -286.1907080977637 | Average Reward: -383.137 | Steps:  8048 | Total Reward: -35248.599034731786|
| Episode:  93 | Epsilon:  0.06 | Reward: -652.2452403133846 | Average Reward: -386.031 | Steps:  8153 | Total Reward: -35900.84427504518|
| Episode:  94 | Epsilon:  0.06 | Reward: -393.39502456891273 | Average Reward: -386.109 | Steps:  8236 | Total Reward: -36294.23929961409|
| Episode:  95 | Epsilon:  0.06 | Reward: -145.05799837649994 | Average Reward: -383.572 | Steps:  8297 | Total Reward: -36439.29729799061|
| Episode:  96 | Epsilon:  0.06 | Reward: -317.5716965936459 | Average Reward: -382.884 | Steps:  8393 | Total Reward: -36756.868994584234|
| Episode:  97 | Epsilon:  0.06 | Reward: -98.48045003831291 | Average Reward: -379.952 | Steps:  8453 | Total Reward: -36855.34944462255|
| Episode:  98 | Epsilon:  0.06 | Reward: -130.97001221085966 | Average Reward: -377.411 | Steps:  8518 | Total Reward: -36986.31945683342|
| Episode:  99 | Epsilon:  0.06 | Reward: -150.31210899077274 | Average Reward: -375.117 | Steps:  8580 | Total Reward: -37136.6315658242|
| Episode: 100 | Epsilon:  0.06 | Reward: -416.29059865141295 | Average Reward: -375.529 | Steps:  8663 | Total Reward: -37552.92216447559|
| Episode: 101 | Epsilon:  0.06 | Reward: -484.5257199320179 | Average Reward: -378.295 | Steps:  8735 | Total Reward: -38037.44788440759|
| Episode: 102 | Epsilon:  0.06 | Reward: -366.33421345471584 | Average Reward: -379.164 | Steps:  8814 | Total Reward: -38403.78209786229|
| Episode: 103 | Epsilon:  0.06 | Reward: -358.71471819936056 | Average Reward: -381.810 | Steps:  8891 | Total Reward: -38762.49681606163|
| Episode: 104 | Epsilon:  0.05 | Reward: -319.0954464804484 | Average Reward: -384.067 | Steps:  8954 | Total Reward: -39081.59226254208|
| Episode: 105 | Epsilon:  0.05 | Reward: -732.5436939788939 | Average Reward: -388.289 | Steps:  9037 | Total Reward: -39814.13595652096|
| Episode: 106 | Epsilon:  0.05 | Reward: -516.2562483022439 | Average Reward: -389.116 | Steps:  9155 | Total Reward: -40330.392204823205|
| Episode: 107 | Epsilon:  0.05 | Reward: -149.90444454045155 | Average Reward: -386.639 | Steps:  9207 | Total Reward: -40480.29664936367|
| Episode: 108 | Epsilon:  0.05 | Reward: -686.9423445972099 | Average Reward: -390.689 | Steps:  9280 | Total Reward: -41167.23899396087|
| Episode: 109 | Epsilon:  0.05 | Reward: -149.95995370541686 | Average Reward: -389.879 | Steps:  9395 | Total Reward: -41317.1989476663|
| Episode: 110 | Epsilon:  0.05 | Reward: -167.08495367758854 | Average Reward: -387.282 | Steps:  9453 | Total Reward: -41484.283901343864|
| Episode: 111 | Epsilon:  0.05 | Reward: -158.39662708144078 | Average Reward: -383.563 | Steps:  9545 | Total Reward: -41642.68052842528|
| Episode: 112 | Epsilon:  0.05 | Reward: -121.51802615192534 | Average Reward: -380.566 | Steps:  9597 | Total Reward: -41764.19855457723|
| Episode: 113 | Epsilon:  0.05 | Reward: -254.28886090314776 | Average Reward: -376.923 | Steps:  9747 | Total Reward: -42018.4874154804|
| Episode: 114 | Epsilon:  0.05 | Reward: -725.0438307452941 | Average Reward: -380.571 | Steps:  9839 | Total Reward: -42743.531246225706|
| Episode: 115 | Epsilon:  0.05 | Reward: -540.9298509136536 | Average Reward: -381.457 | Steps:  9929 | Total Reward: -43284.46109713937|
| Episode: 116 | Epsilon:  0.05 | Reward: -496.78307459630406 | Average Reward: -381.648 | Steps: 10013 | Total Reward: -43781.24417173568|
| Episode: 117 | Epsilon:  0.05 | Reward: -280.74346085624677 | Average Reward: -379.832 | Steps: 10115 | Total Reward: -44061.98763259193|
| Episode: 118 | Epsilon:  0.05 | Reward: -121.68080993172062 | Average Reward: -377.375 | Steps: 10223 | Total Reward: -44183.66844252372|
| Episode: 119 | Epsilon:  0.05 | Reward: -151.97161324382785 | Average Reward: -370.581 | Steps: 10305 | Total Reward: -44335.64005576756|
| Episode: 120 | Epsilon:  0.05 | Reward: -184.6616570244969 | Average Reward: -366.028 | Steps: 10392 | Total Reward: -44520.30171279204|
| Episode: 121 | Epsilon:  0.05 | Reward: -384.6280794361371 | Average Reward: -364.558 | Steps: 10507 | Total Reward: -44904.929792228206|
| Episode: 122 | Epsilon:  0.05 | Reward: -591.3007684855716 | Average Reward: -367.258 | Steps: 10584 | Total Reward: -45496.23056071378|
| Episode: 123 | Epsilon:  0.05 | Reward: -326.17636387375825 | Average Reward: -360.844 | Steps: 10669 | Total Reward: -45822.40692458755|
| Episode: 124 | Epsilon:  0.05 | Reward: -540.2638030961923 | Average Reward: -359.513 | Steps: 10738 | Total Reward: -46362.670727683755|
| Episode: 125 | Epsilon:  0.05 | Reward: -130.38027824453235 | Average Reward: -357.846 | Steps: 10790 | Total Reward: -46493.05100592831|
| Episode: 126 | Epsilon:  0.05 | Reward: -172.5052925662575 | Average Reward: -358.653 | Steps: 10844 | Total Reward: -46665.55629849457|
| Episode: 127 | Epsilon:  0.05 | Reward: -274.69584163553486 | Average Reward: -354.470 | Steps: 10943 | Total Reward: -46940.2521401301|
| Episode: 128 | Epsilon:  0.05 | Reward: 3.4519586474029893 | Average Reward: -350.408 | Steps: 11048 | Total Reward: -46936.80018148271|
| Episode: 129 | Epsilon:  0.05 | Reward: -375.38496554442963 | Average Reward: -348.631 | Steps: 11115 | Total Reward: -47312.18514702714|
| Episode: 130 | Epsilon:  0.05 | Reward: -334.83449953344274 | Average Reward: -346.480 | Steps: 11188 | Total Reward: -47647.019646560584|
| Episode: 131 | Epsilon:  0.05 | Reward: -1252.6534700367872 | Average Reward: -356.463 | Steps: 11541 | Total Reward: -48899.6731165974|
| Episode: 132 | Epsilon:  0.05 | Reward: -645.1404279769741 | Average Reward: -361.917 | Steps: 11613 | Total Reward: -49544.81354457437|
| Episode: 133 | Epsilon:  0.05 | Reward: -261.7045612486486 | Average Reward: -362.291 | Steps: 11699 | Total Reward: -49806.51810582302|
| Episode: 134 | Epsilon:  0.05 | Reward: -222.06229527898546 | Average Reward: -363.449 | Steps: 11756 | Total Reward: -50028.58040110198|
| Episode: 135 | Epsilon:  0.05 | Reward: -432.9058371855155 | Average Reward: -366.868 | Steps: 11829 | Total Reward: -50461.48623828747|
| Episode: 136 | Epsilon:  0.05 | Reward: -251.8646684786827 | Average Reward: -365.420 | Steps: 11886 | Total Reward: -50713.35090676614|
| Episode: 137 | Epsilon:  0.05 | Reward: -345.8652268420291 | Average Reward: -365.406 | Steps: 12003 | Total Reward: -51059.21613360814|
| Episode: 138 | Epsilon:  0.05 | Reward: -122.92008180697763 | Average Reward: -365.538 | Steps: 12056 | Total Reward: -51182.13621541513|
| Episode: 139 | Epsilon:  0.05 | Reward: -81.40585495119873 | Average Reward: -365.604 | Steps: 12110 | Total Reward: -51263.542070366355|
| Episode: 140 | Epsilon:  0.05 | Reward: -126.89470546256689 | Average Reward: -365.776 | Steps: 12190 | Total Reward: -51390.43677582889|
| Episode: 141 | Epsilon:  0.05 | Reward: -109.89931725358586 | Average Reward: -356.642 | Steps: 12244 | Total Reward: -51500.33609308245|
| Episode: 142 | Epsilon:  0.05 | Reward: -320.0029850538018 | Average Reward: -358.292 | Steps: 12303 | Total Reward: -51820.33907813625|
| Episode: 143 | Epsilon:  0.05 | Reward: -600.0322282570276 | Average Reward: -342.346 | Steps: 12389 | Total Reward: -52420.37130639329|
| Episode: 144 | Epsilon:  0.05 | Reward: -579.9232089331479 | Average Reward: -341.948 | Steps: 12460 | Total Reward: -53000.294515326445|
| Episode: 145 | Epsilon:  0.05 | Reward: -329.78705722235236 | Average Reward: -342.095 | Steps: 12515 | Total Reward: -53330.081572548785|
| Episode: 146 | Epsilon:  0.05 | Reward: -153.39840572919218 | Average Reward: -342.094 | Steps: 12617 | Total Reward: -53483.47997827794|
| Episode: 147 | Epsilon:  0.05 | Reward: -298.60624234925547 | Average Reward: -344.227 | Steps: 12680 | Total Reward: -53782.08622062719|
| Episode: 148 | Epsilon:  0.05 | Reward: -183.01635105937703 | Average Reward: -340.779 | Steps: 12764 | Total Reward: -53965.10257168654|
| Episode: 149 | Epsilon:  0.05 | Reward: -392.2952942757849 | Average Reward: -340.316 | Steps: 12828 | Total Reward: -54357.397865962324|
| Episode: 150 | Epsilon:  0.05 | Reward: -567.00901404295 | Average Reward: -341.412 | Steps: 12925 | Total Reward: -54924.40688000527|
| Episode: 151 | Epsilon:  0.05 | Reward: -581.5140620340214 | Average Reward: -344.774 | Steps: 13112 | Total Reward: -55505.920942039294|
| Episode: 152 | Epsilon:  0.05 | Reward: -415.4413144533571 | Average Reward: -343.077 | Steps: 13270 | Total Reward: -55921.362256492626|
| Episode: 153 | Epsilon:  0.05 | Reward: -190.5840703306946 | Average Reward: -339.525 | Steps: 13322 | Total Reward: -56111.946326823294|
| Episode: 154 | Epsilon:  0.05 | Reward: -321.92108395821924 | Average Reward: -339.607 | Steps: 13374 | Total Reward: -56433.867410781524|
| Episode: 155 | Epsilon:  0.05 | Reward: -183.27424884746074 | Average Reward: -335.865 | Steps: 13472 | Total Reward: -56617.141659628986|
| Episode: 156 | Epsilon:  0.05 | Reward: -100.9628397421323 | Average Reward: -334.569 | Steps: 13527 | Total Reward: -56718.10449937112|
| Episode: 157 | Epsilon:  0.05 | Reward: -427.5502727268762 | Average Reward: -337.848 | Steps: 13588 | Total Reward: -57145.654772098|
| Episode: 158 | Epsilon:  0.05 | Reward: -536.2132303953226 | Average Reward: -338.524 | Steps: 13660 | Total Reward: -57681.86800249332|
| Episode: 159 | Epsilon:  0.05 | Reward: -484.8784293611637 | Average Reward: -338.046 | Steps: 13742 | Total Reward: -58166.74643185448|
| Episode: 160 | Epsilon:  0.05 | Reward: -596.6265142295861 | Average Reward: -342.696 | Steps: 13826 | Total Reward: -58763.37294608408|
| Episode: 161 | Epsilon:  0.05 | Reward: -620.7003754027977 | Average Reward: -347.986 | Steps: 13948 | Total Reward: -59384.07332148687|
| Episode: 162 | Epsilon:  0.05 | Reward: -444.4813812239399 | Average Reward: -351.497 | Steps: 14005 | Total Reward: -59828.55470271079|
| Episode: 163 | Epsilon:  0.05 | Reward: -520.6715599595282 | Average Reward: -352.607 | Steps: 14087 | Total Reward: -60349.22626267032|
| Episode: 164 | Epsilon:  0.05 | Reward: -685.7562137809902 | Average Reward: -353.153 | Steps: 14178 | Total Reward: -61034.98247645131|
| Episode: 165 | Epsilon:  0.05 | Reward: -405.17029006182565 | Average Reward: -352.337 | Steps: 14231 | Total Reward: -61440.152766513136|
| Episode: 166 | Epsilon:  0.05 | Reward: -317.21671008392866 | Average Reward: -353.885 | Steps: 14298 | Total Reward: -61757.36947659707|
| Episode: 167 | Epsilon:  0.05 | Reward: 23.83866887494203 | Average Reward: -347.868 | Steps: 14380 | Total Reward: -61733.53080772212|
| Episode: 168 | Epsilon:  0.05 | Reward: -449.527218849816 | Average Reward: -348.773 | Steps: 14466 | Total Reward: -62183.05802657191|
| Episode: 169 | Epsilon:  0.05 | Reward: -510.469949689957 | Average Reward: -351.833 | Steps: 14542 | Total Reward: -62693.52797626186|
| Episode: 170 | Epsilon:  0.05 | Reward: -155.75358244164232 | Average Reward: -352.083 | Steps: 14609 | Total Reward: -62849.28155870352|
| Episode: 171 | Epsilon:  0.05 | Reward: -383.6513801539365 | Average Reward: -350.091 | Steps: 14682 | Total Reward: -63232.93293885741|
| Episode: 172 | Epsilon:  0.05 | Reward: -145.97340566623 | Average Reward: -348.646 | Steps: 14737 | Total Reward: -63378.90634452363|
| Episode: 173 | Epsilon:  0.05 | Reward: -347.2290026809834 | Average Reward: -351.038 | Steps: 14800 | Total Reward: -63726.13534720463|
| Episode: 174 | Epsilon:  0.05 | Reward: -483.68447269554906 | Average Reward: -354.437 | Steps: 14885 | Total Reward: -64209.819819900214|
| Episode: 175 | Epsilon:  0.05 | Reward: -316.39720520946065 | Average Reward: -357.300 | Steps: 14941 | Total Reward: -64526.217025109676|
| Episode: 176 | Epsilon:  0.05 | Reward: -96.07189710341746 | Average Reward: -354.832 | Steps: 14999 | Total Reward: -64622.28892221309|
| Episode: 177 | Epsilon:  0.05 | Reward: -149.68648922691517 | Average Reward: -348.735 | Steps: 15054 | Total Reward: -64771.97541143998|
| Episode: 178 | Epsilon:  0.05 | Reward: -241.89449909564215 | Average Reward: -348.811 | Steps: 15112 | Total Reward: -65013.86991053562|
| Episode: 179 | Epsilon:  0.05 | Reward: -146.46618069123315 | Average Reward: -349.267 | Steps: 15202 | Total Reward: -65160.336091226876|
| Episode: 180 | Epsilon:  0.05 | Reward: -497.68899149087434 | Average Reward: -353.130 | Steps: 15270 | Total Reward: -65658.02508271777|
| Episode: 181 | Epsilon:  0.05 | Reward: -105.94955973016594 | Average Reward: -347.682 | Steps: 15340 | Total Reward: -65763.97464244797|
| Episode: 182 | Epsilon:  0.05 | Reward: -331.78501876006237 | Average Reward: -348.758 | Steps: 15421 | Total Reward: -66095.75966120807|
| Episode: 183 | Epsilon:  0.05 | Reward: -364.3463894315752 | Average Reward: -346.739 | Steps: 15494 | Total Reward: -66460.10605063965|
| Episode: 184 | Epsilon:  0.05 | Reward: -493.1401429953187 | Average Reward: -350.433 | Steps: 15676 | Total Reward: -66953.24619363496|
| Episode: 185 | Epsilon:  0.05 | Reward: -165.90502313657151 | Average Reward: -347.865 | Steps: 15750 | Total Reward: -67119.15121677153|
| Episode: 186 | Epsilon:  0.05 | Reward: -105.03339474361681 | Average Reward: -343.982 | Steps: 15804 | Total Reward: -67224.18461151519|
| Episode: 187 | Epsilon:  0.05 | Reward: -533.9216829313065 | Average Reward: -348.140 | Steps: 15900 | Total Reward: -67758.10629444648|
| Episode: 188 | Epsilon:  0.05 | Reward: -344.3234670726834 | Average Reward: -343.815 | Steps: 15975 | Total Reward: -68102.4297615191|
| Episode: 189 | Epsilon:  0.05 | Reward: -82.26383641054198 | Average Reward: -342.341 | Steps: 16056 | Total Reward: -68184.69359792967|
| Episode: 190 | Epsilon:  0.05 | Reward: -543.5626970920462 | Average Reward: -342.871 | Steps: 16143 | Total Reward: -68728.25629502167|
| Episode: 191 | Epsilon:  0.05 | Reward: -193.72440964072325 | Average Reward: -339.596 | Steps: 16387 | Total Reward: -68921.98070466227|
| Episode: 192 | Epsilon:  0.05 | Reward: -500.1738431034304 | Average Reward: -341.736 | Steps: 16478 | Total Reward: -69422.15454776568|
| Episode: 193 | Epsilon:  0.05 | Reward: -324.8697393767528 | Average Reward: -338.462 | Steps: 16538 | Total Reward: -69747.02428714247|
| Episode: 194 | Epsilon:  0.05 | Reward: -309.22768897762853 | Average Reward: -337.620 | Steps: 16588 | Total Reward: -70056.25197612014|
| Episode: 195 | Epsilon:  0.05 | Reward: -121.31985558325175 | Average Reward: -337.383 | Steps: 16688 | Total Reward: -70177.57183170336|
| Episode: 196 | Epsilon:  0.05 | Reward: -837.3182909629533 | Average Reward: -342.580 | Steps: 16772 | Total Reward: -71014.89012266639|
| Episode: 197 | Epsilon:  0.05 | Reward: -461.84666082410956 | Average Reward: -346.214 | Steps: 16830 | Total Reward: -71476.73678349056|
| Episode: 198 | Epsilon:  0.05 | Reward: -461.2505487176684 | Average Reward: -349.517 | Steps: 16913 | Total Reward: -71937.98733220826|
| Episode: 199 | Epsilon:  0.05 | Reward: -152.0859654525284 | Average Reward: -349.534 | Steps: 16984 | Total Reward: -72090.07329766074|
| Episode: 200 | Epsilon:  0.05 | Reward: -104.78751589746753 | Average Reward: -346.419 | Steps: 17128 | Total Reward: -72194.86081355823|
| Episode: 201 | Epsilon:  0.05 | Reward: -623.3236718499847 | Average Reward: -347.807 | Steps: 17202 | Total Reward: -72818.18448540823|
| Episode: 202 | Epsilon:  0.05 | Reward: 9.999290050682902 | Average Reward: -344.044 | Steps: 17293 | Total Reward: -72808.18519535752|
| Episode: 203 | Epsilon:  0.05 | Reward: -88.73738008060246 | Average Reward: -341.344 | Steps: 17353 | Total Reward: -72896.92257543812|
| Episode: 204 | Epsilon:  0.05 | Reward: -328.6097462034697 | Average Reward: -341.439 | Steps: 17430 | Total Reward: -73225.53232164166|
| Episode: 205 | Epsilon:  0.05 | Reward: -137.7250193326576 | Average Reward: -335.491 | Steps: 17519 | Total Reward: -73363.25734097428|
| Episode: 206 | Epsilon:  0.05 | Reward: -212.89949269996748 | Average Reward: -332.458 | Steps: 17586 | Total Reward: -73576.1568336743|
| Episode: 207 | Epsilon:  0.05 | Reward: -329.9931378484012 | Average Reward: -334.259 | Steps: 17677 | Total Reward: -73906.14997152274|
| Episode: 208 | Epsilon:  0.05 | Reward: -500.418946544903 | Average Reward: -332.393 | Steps: 17749 | Total Reward: -74406.56891806771|
| Episode: 209 | Epsilon:  0.05 | Reward: -513.22457727231 | Average Reward: -336.026 | Steps: 17825 | Total Reward: -74919.79349534007|
| Episode: 210 | Epsilon:  0.05 | Reward: -119.85319628375778 | Average Reward: -335.554 | Steps: 17883 | Total Reward: -75039.64669162383|
| Episode: 211 | Epsilon:  0.05 | Reward: -472.5836356894487 | Average Reward: -338.695 | Steps: 17963 | Total Reward: -75512.2303273133|
| Episode: 212 | Epsilon:  0.05 | Reward: -398.3933470488406 | Average Reward: -341.464 | Steps: 18049 | Total Reward: -75910.62367436214|
| Episode: 213 | Epsilon:  0.05 | Reward: -360.9958465163742 | Average Reward: -342.531 | Steps: 18138 | Total Reward: -76271.61952087849|
| Episode: 214 | Epsilon:  0.05 | Reward: -261.7246117493126 | Average Reward: -337.898 | Steps: 18211 | Total Reward: -76533.34413262781|
| Episode: 215 | Epsilon:  0.05 | Reward: -340.41215540411264 | Average Reward: -335.893 | Steps: 18275 | Total Reward: -76873.75628803193|
| Episode: 216 | Epsilon:  0.05 | Reward: -224.74718164029207 | Average Reward: -333.173 | Steps: 18337 | Total Reward: -77098.50346967221|
| Episode: 217 | Epsilon:  0.05 | Reward: -388.52885771869063 | Average Reward: -334.250 | Steps: 18398 | Total Reward: -77487.03232739097|
| Episode: 218 | Epsilon:  0.05 | Reward: -187.10531072903294 | Average Reward: -334.905 | Steps: 18474 | Total Reward: -77674.13763812005|
| Episode: 219 | Epsilon:  0.05 | Reward: -288.80163782009424 | Average Reward: -336.273 | Steps: 18550 | Total Reward: -77962.93927594018|
| Episode: 220 | Epsilon:  0.05 | Reward: -63.71364372898681 | Average Reward: -335.064 | Steps: 18627 | Total Reward: -78026.65291966914|
| Episode: 221 | Epsilon:  0.05 | Reward: -474.66663881274985 | Average Reward: -335.964 | Steps: 18695 | Total Reward: -78501.31955848189|
| Episode: 222 | Epsilon:  0.05 | Reward: -218.32463982885815 | Average Reward: -332.234 | Steps: 18796 | Total Reward: -78719.6441983107|
| Episode: 223 | Epsilon:  0.05 | Reward: -378.526776534022 | Average Reward: -332.758 | Steps: 18856 | Total Reward: -79098.17097484466|
| Episode: 224 | Epsilon:  0.05 | Reward: -547.7315719359756 | Average Reward: -332.832 | Steps: 18925 | Total Reward: -79645.90254678062|
| Episode: 225 | Epsilon:  0.05 | Reward: -406.59472778434144 | Average Reward: -335.594 | Steps: 18999 | Total Reward: -80052.49727456497|
| Episode: 226 | Epsilon:  0.05 | Reward: -246.43113881944268 | Average Reward: -336.334 | Steps: 19096 | Total Reward: -80298.92841338438|
| Episode: 227 | Epsilon:  0.05 | Reward: -97.35672074277164 | Average Reward: -334.560 | Steps: 19149 | Total Reward: -80396.28513412715|
| Episode: 228 | Epsilon:  0.05 | Reward: -312.88524751627006 | Average Reward: -337.724 | Steps: 19237 | Total Reward: -80709.17038164347|
| Episode: 229 | Epsilon:  0.05 | Reward: -456.72385980000837 | Average Reward: -338.537 | Steps: 19320 | Total Reward: -81165.89424144347|
| Episode: 230 | Epsilon:  0.05 | Reward: -284.7770920232858 | Average Reward: -338.037 | Steps: 19388 | Total Reward: -81450.67133346671|
| Episode: 231 | Epsilon:  0.05 | Reward: -690.4928924670553 | Average Reward: -332.415 | Steps: 19590 | Total Reward: -82141.16422593372|
| Episode: 232 | Epsilon:  0.05 | Reward: -215.60152942840966 | Average Reward: -328.120 | Steps: 19683 | Total Reward: -82356.76575536217|
| Episode: 233 | Epsilon:  0.05 | Reward: -407.7216284670337 | Average Reward: -329.580 | Steps: 19740 | Total Reward: -82764.48738382915|
| Episode: 234 | Epsilon:  0.05 | Reward: -253.68334405438523 | Average Reward: -329.896 | Steps: 19851 | Total Reward: -83018.17072788351|
| Episode: 235 | Epsilon:  0.05 | Reward: -45.5306860415436 | Average Reward: -326.022 | Steps: 19954 | Total Reward: -83063.70141392508|
| Episode: 236 | Epsilon:  0.05 | Reward: -156.61009987352813 | Average Reward: -325.070 | Steps: 20018 | Total Reward: -83220.3115137986|
| Episode: 237 | Epsilon:  0.05 | Reward: -461.632535754104 | Average Reward: -326.227 | Steps: 20113 | Total Reward: -83681.94404955272|
| Episode: 238 | Epsilon:  0.05 | Reward: -240.96232327281444 | Average Reward: -327.408 | Steps: 20176 | Total Reward: -83922.90637282557|
| Episode: 239 | Epsilon:  0.05 | Reward: -331.3039825362976 | Average Reward: -329.907 | Steps: 20250 | Total Reward: -84254.2103553619|
| Episode: 240 | Epsilon:  0.05 | Reward: -184.57080844471213 | Average Reward: -330.483 | Steps: 20310 | Total Reward: -84438.78116380659|
| Episode: 241 | Epsilon:  0.05 | Reward: -107.3045965349084 | Average Reward: -330.457 | Steps: 20374 | Total Reward: -84546.08576034145|
| Episode: 242 | Epsilon:  0.05 | Reward: -301.8851941539634 | Average Reward: -330.276 | Steps: 20535 | Total Reward: -84847.97095449537|
| Episode: 243 | Epsilon:  0.05 | Reward: -320.8037015536275 | Average Reward: -327.484 | Steps: 20635 | Total Reward: -85168.77465604898|
| Episode: 244 | Epsilon:  0.05 | Reward: -92.15456513312026 | Average Reward: -322.606 | Steps: 20693 | Total Reward: -85260.92922118213|
| Episode: 245 | Epsilon:  0.05 | Reward: -558.3309622294412 | Average Reward: -324.892 | Steps: 20819 | Total Reward: -85819.26018341158|
| Episode: 246 | Epsilon:  0.05 | Reward: -108.71044171151219 | Average Reward: -324.445 | Steps: 20882 | Total Reward: -85927.97062512307|
| Episode: 247 | Epsilon:  0.05 | Reward: -447.74701859810676 | Average Reward: -325.936 | Steps: 20933 | Total Reward: -86375.7176437212|
| Episode: 248 | Epsilon:  0.05 | Reward: -447.333612482064 | Average Reward: -328.579 | Steps: 20998 | Total Reward: -86823.05125620327|
| Episode: 249 | Epsilon:  0.05 | Reward: -154.68824065211004 | Average Reward: -326.203 | Steps: 21052 | Total Reward: -86977.73949685537|
| Episode: 250 | Epsilon:  0.05 | Reward: -370.4954910486743 | Average Reward: -324.238 | Steps: 21156 | Total Reward: -87348.23498790406|
| Episode: 251 | Epsilon:  0.05 | Reward: -136.19511013519798 | Average Reward: -319.785 | Steps: 21236 | Total Reward: -87484.43009803924|
| Episode: 252 | Epsilon:  0.05 | Reward: -226.24341069931685 | Average Reward: -317.893 | Steps: 21366 | Total Reward: -87710.6735087386|
| Episode: 253 | Epsilon:  0.05 | Reward: -198.5188303228823 | Average Reward: -317.972 | Steps: 21470 | Total Reward: -87909.1923390615|
| Episode: 254 | Epsilon:  0.05 | Reward: -153.36901191140782 | Average Reward: -316.287 | Steps: 21528 | Total Reward: -88062.5613509729|
| Episode: 255 | Epsilon:  0.05 | Reward: -426.3062967961505 | Average Reward: -318.717 | Steps: 21615 | Total Reward: -88488.867647769|
| Episode: 256 | Epsilon:  0.05 | Reward: -237.55031926849966 | Average Reward: -320.083 | Steps: 21693 | Total Reward: -88726.41796703744|
| Episode: 257 | Epsilon:  0.05 | Reward: -492.59883804387863 | Average Reward: -320.734 | Steps: 21754 | Total Reward: -89219.01680508132|
| Episode: 258 | Epsilon:  0.05 | Reward: -423.4145005864038 | Average Reward: -319.606 | Steps: 21834 | Total Reward: -89642.4313056677|
| Episode: 259 | Epsilon:  0.05 | Reward: -275.38775521430006 | Average Reward: -317.511 | Steps: 21981 | Total Reward: -89917.81906088194|
| Episode: 260 | Epsilon:  0.05 | Reward: -541.2482097564618 | Average Reward: -316.957 | Steps: 22057 | Total Reward: -90459.06727063836|
| Episode: 261 | Epsilon:  0.05 | Reward: -429.0505466956564 | Average Reward: -315.040 | Steps: 22144 | Total Reward: -90888.11781733406|
| Episode: 262 | Epsilon:  0.05 | Reward: -199.71380488579368 | Average Reward: -312.593 | Steps: 22203 | Total Reward: -91087.83162221982|
| Episode: 263 | Epsilon:  0.05 | Reward: -468.4842730779971 | Average Reward: -312.071 | Steps: 22290 | Total Reward: -91556.31589529783|
| Episode: 264 | Epsilon:  0.05 | Reward: -256.8690257308276 | Average Reward: -307.782 | Steps: 22382 | Total Reward: -91813.18492102863|
| Episode: 265 | Epsilon:  0.05 | Reward: -422.9228863537698 | Average Reward: -307.960 | Steps: 22444 | Total Reward: -92236.10780738242|
| Episode: 266 | Epsilon:  0.05 | Reward: -687.7312739944798 | Average Reward: -311.665 | Steps: 22526 | Total Reward: -92923.83908137685|
| Episode: 267 | Epsilon:  0.05 | Reward: -152.68733945145144 | Average Reward: -313.430 | Steps: 22588 | Total Reward: -93076.52642082833|
| Episode: 268 | Epsilon:  0.05 | Reward: -324.4035880165168 | Average Reward: -312.179 | Steps: 22650 | Total Reward: -93400.93000884485|
| Episode: 269 | Epsilon:  0.05 | Reward: -364.28483874186134 | Average Reward: -310.717 | Steps: 22719 | Total Reward: -93765.21484758674|
| Episode: 270 | Epsilon:  0.05 | Reward: -370.16056762560294 | Average Reward: -312.861 | Steps: 22768 | Total Reward: -94135.37541521233|
| Episode: 271 | Epsilon:  0.05 | Reward: -488.9278362302936 | Average Reward: -313.914 | Steps: 22838 | Total Reward: -94624.30325144264|
| Episode: 272 | Epsilon:  0.05 | Reward: -350.682215855462 | Average Reward: -315.961 | Steps: 22890 | Total Reward: -94974.9854672981|
| Episode: 273 | Epsilon:  0.05 | Reward: -322.4745687738249 | Average Reward: -315.713 | Steps: 22944 | Total Reward: -95297.46003607188|
| Episode: 274 | Epsilon:  0.05 | Reward: -227.7454815694093 | Average Reward: -313.154 | Steps: 23035 | Total Reward: -95525.20551764125|
| Episode: 275 | Epsilon:  0.05 | Reward: -163.88376234809562 | Average Reward: -311.629 | Steps: 23108 | Total Reward: -95689.08927998938|
| Episode: 276 | Epsilon:  0.05 | Reward: -448.225478484716 | Average Reward: -315.150 | Steps: 23198 | Total Reward: -96137.31475847402|
| Episode: 277 | Epsilon:  0.05 | Reward: -280.2759345153998 | Average Reward: -316.456 | Steps: 23317 | Total Reward: -96417.59069298943|
| Episode: 278 | Epsilon:  0.05 | Reward: -560.1862831043622 | Average Reward: -319.639 | Steps: 23383 | Total Reward: -96977.77697609377|
| Episode: 279 | Epsilon:  0.05 | Reward: -126.85548112670992 | Average Reward: -319.443 | Steps: 23440 | Total Reward: -97104.63245722052|
| Episode: 280 | Epsilon:  0.05 | Reward: -187.97920306985014 | Average Reward: -316.346 | Steps: 23531 | Total Reward: -97292.61166029042|
| Episode: 281 | Epsilon:  0.05 | Reward: -306.83836293375117 | Average Reward: -318.355 | Steps: 23598 | Total Reward: -97599.45002322418|
| Episode: 282 | Epsilon:  0.05 | Reward: -154.9559787245359 | Average Reward: -316.586 | Steps: 23668 | Total Reward: -97754.4060019488|
| Episode: 283 | Epsilon:  0.05 | Reward: -60.05134165007797 | Average Reward: -313.544 | Steps: 23735 | Total Reward: -97814.45734359886|
| Episode: 284 | Epsilon:  0.05 | Reward: -549.3498439051937 | Average Reward: -314.106 | Steps: 23839 | Total Reward: -98363.807187504|
| Episode: 285 | Epsilon:  0.05 | Reward: -335.84635412111925 | Average Reward: -315.805 | Steps: 23912 | Total Reward: -98699.65354162511|
| Episode: 286 | Epsilon:  0.05 | Reward: -260.06680217246725 | Average Reward: -317.355 | Steps: 23980 | Total Reward: -98959.72034379761|
| Episode: 287 | Epsilon:  0.05 | Reward: -137.09903351028134 | Average Reward: -313.387 | Steps: 24080 | Total Reward: -99096.81937730793|
| Episode: 288 | Epsilon:  0.05 | Reward: -572.3977849832806 | Average Reward: -315.668 | Steps: 24294 | Total Reward: -99669.21716229123|
| Episode: 289 | Epsilon:  0.05 | Reward: -238.68714854671697 | Average Reward: -317.232 | Steps: 24371 | Total Reward: -99907.904310838|
| Episode: 290 | Epsilon:  0.05 | Reward: -534.2781145624299 | Average Reward: -317.139 | Steps: 24444 | Total Reward: -100442.1824254004|
| Episode: 291 | Epsilon:  0.05 | Reward: -357.9128043139377 | Average Reward: -318.781 | Steps: 24508 | Total Reward: -100800.09522971426|
| Episode: 292 | Epsilon:  0.05 | Reward: -528.4402478229997 | Average Reward: -319.064 | Steps: 24572 | Total Reward: -101328.53547753723|
| Episode: 293 | Epsilon:  0.05 | Reward: -155.45223500736572 | Average Reward: -317.370 | Steps: 24638 | Total Reward: -101483.9877125446|
| Episode: 294 | Epsilon:  0.05 | Reward: -563.4096485131532 | Average Reward: -319.911 | Steps: 24711 | Total Reward: -102047.39736105775|
| Episode: 295 | Epsilon:  0.05 | Reward: -572.4671570739574 | Average Reward: -324.423 | Steps: 24791 | Total Reward: -102619.86451813171|
| Episode: 296 | Epsilon:  0.05 | Reward: -419.49054265535347 | Average Reward: -320.245 | Steps: 24867 | Total Reward: -103039.3550607871|
| Episode: 297 | Epsilon:  0.05 | Reward: -524.5816214077836 | Average Reward: -320.872 | Steps: 24946 | Total Reward: -103563.93668219482|
| Episode: 298 | Epsilon:  0.05 | Reward: -584.8397445480668 | Average Reward: -322.108 | Steps: 25022 | Total Reward: -104148.77642674294|
| Episode: 299 | Epsilon:  0.05 | Reward: -623.4664903125583 | Average Reward: -326.822 | Steps: 25091 | Total Reward: -104772.24291705548|
| Episode: 300 | Epsilon:  0.05 | Reward: -387.96673253561926 | Average Reward: -329.653 | Steps: 25168 | Total Reward: -105160.20964959111|
| Episode: 301 | Epsilon:  0.05 | Reward: -339.03801032886577 | Average Reward: -326.811 | Steps: 25243 | Total Reward: -105499.24765991996|
| Episode: 302 | Epsilon:  0.05 | Reward: -646.8411002240741 | Average Reward: -333.379 | Steps: 25359 | Total Reward: -106146.08876014396|
| Episode: 303 | Epsilon:  0.05 | Reward: -510.1144544623268 | Average Reward: -337.593 | Steps: 25425 | Total Reward: -106656.2032146063|
| Episode: 304 | Epsilon:  0.05 | Reward: -293.43232766697804 | Average Reward: -337.241 | Steps: 25477 | Total Reward: -106949.63554227327|
| Episode: 305 | Epsilon:  0.05 | Reward: -311.6697752126963 | Average Reward: -338.980 | Steps: 25542 | Total Reward: -107261.30531748591|
| Episode: 306 | Epsilon:  0.05 | Reward: -549.8115893379488 | Average Reward: -342.350 | Steps: 25633 | Total Reward: -107811.11690682387|
| Episode: 307 | Epsilon:  0.05 | Reward: -601.7417859701698 | Average Reward: -345.067 | Steps: 25717 | Total Reward: -108412.85869279399|
| Episode: 308 | Epsilon:  0.05 | Reward: -183.02928121967662 | Average Reward: -341.893 | Steps: 25839 | Total Reward: -108595.88797401365|
| Episode: 309 | Epsilon:  0.05 | Reward: -180.92485852909277 | Average Reward: -338.570 | Steps: 25894 | Total Reward: -108776.81283254272|
| Episode: 310 | Epsilon:  0.05 | Reward: -418.2592338489517 | Average Reward: -341.554 | Steps: 25979 | Total Reward: -109195.07206639167|
| Episode: 311 | Epsilon:  0.05 | Reward: -533.1753816699046 | Average Reward: -342.160 | Steps: 26056 | Total Reward: -109728.24744806165|
| Episode: 312 | Epsilon:  0.05 | Reward: -275.0267378270063 | Average Reward: -340.927 | Steps: 26111 | Total Reward: -110003.27418588869|
| Episode: 313 | Epsilon:  0.05 | Reward: -395.6722002946105 | Average Reward: -341.273 | Steps: 26167 | Total Reward: -110398.94638618329|
| Episode: 314 | Epsilon:  0.05 | Reward: -197.16585898335867 | Average Reward: -340.628 | Steps: 26227 | Total Reward: -110596.11224516666|
| Episode: 315 | Epsilon:  0.05 | Reward: -20.616409268741265 | Average Reward: -337.430 | Steps: 26300 | Total Reward: -110616.72865443538|
| Episode: 316 | Epsilon:  0.05 | Reward: -598.7320654457901 | Average Reward: -341.170 | Steps: 26378 | Total Reward: -111215.46071988114|
| Episode: 317 | Epsilon:  0.05 | Reward: -581.9283215456737 | Average Reward: -343.104 | Steps: 26443 | Total Reward: -111797.38904142685|
| Episode: 318 | Epsilon:  0.05 | Reward: -355.6445510825091 | Average Reward: -344.789 | Steps: 26570 | Total Reward: -112153.03359250944|
| Episode: 319 | Epsilon:  0.05 | Reward: -136.54286304523754 | Average Reward: -343.266 | Steps: 26661 | Total Reward: -112289.57645555469|
| Episode: 320 | Epsilon:  0.05 | Reward: -306.6928515270118 | Average Reward: -345.696 | Steps: 26719 | Total Reward: -112596.2693070817|
| Episode: 321 | Epsilon:  0.05 | Reward: -326.20505790767345 | Average Reward: -344.212 | Steps: 26785 | Total Reward: -112922.47436498941|
| Episode: 322 | Epsilon:  0.05 | Reward: -117.88180773920433 | Average Reward: -343.207 | Steps: 26862 | Total Reward: -113040.35617272866|
| Episode: 323 | Epsilon:  0.05 | Reward: -140.91501560209116 | Average Reward: -340.831 | Steps: 26926 | Total Reward: -113181.27118833076|
| Episode: 324 | Epsilon:  0.05 | Reward: -282.07338180186633 | Average Reward: -338.174 | Steps: 27008 | Total Reward: -113463.34457013263|
| Episode: 325 | Epsilon:  0.05 | Reward: -125.19041020518465 | Average Reward: -335.360 | Steps: 27068 | Total Reward: -113588.53498033783|
| Episode: 326 | Epsilon:  0.05 | Reward: -110.33632361424253 | Average Reward: -333.999 | Steps: 27133 | Total Reward: -113698.87130395208|
| Episode: 327 | Epsilon:  0.05 | Reward: -51.58874816835039 | Average Reward: -333.542 | Steps: 27225 | Total Reward: -113750.46005212038|
| Episode: 328 | Epsilon:  0.05 | Reward: -273.91448762918697 | Average Reward: -333.152 | Steps: 27323 | Total Reward: -114024.37453974957|
| Episode: 329 | Epsilon:  0.05 | Reward: -876.3798977309242 | Average Reward: -337.349 | Steps: 27413 | Total Reward: -114900.75443748047|
| Episode: 330 | Epsilon:  0.05 | Reward: -174.36752101419512 | Average Reward: -336.245 | Steps: 27471 | Total Reward: -115075.12195849462|
| Episode: 331 | Epsilon:  0.05 | Reward: -510.54279241248247 | Average Reward: -334.445 | Steps: 27546 | Total Reward: -115585.66475090712|
| Episode: 332 | Epsilon:  0.05 | Reward: -725.9083059427975 | Average Reward: -339.548 | Steps: 27623 | Total Reward: -116311.57305684991|
| Episode: 333 | Epsilon:  0.05 | Reward: -395.2188038458489 | Average Reward: -339.423 | Steps: 27685 | Total Reward: -116706.79186069575|
| Episode: 334 | Epsilon:  0.05 | Reward: -269.4547919374297 | Average Reward: -339.581 | Steps: 27777 | Total Reward: -116976.24665263321|
| Episode: 335 | Epsilon:  0.05 | Reward: -433.68202975279974 | Average Reward: -343.462 | Steps: 27908 | Total Reward: -117409.92868238603|
| Episode: 336 | Epsilon:  0.05 | Reward: -176.6611040422974 | Average Reward: -343.663 | Steps: 27992 | Total Reward: -117586.58978642835|
| Episode: 337 | Epsilon:  0.05 | Reward: -649.9909928411412 | Average Reward: -345.546 | Steps: 28141 | Total Reward: -118236.58077926957|
| Episode: 338 | Epsilon:  0.05 | Reward: -205.6410482760103 | Average Reward: -345.193 | Steps: 28263 | Total Reward: -118442.22182754555|
| Episode: 339 | Epsilon:  0.05 | Reward: -446.63229718387623 | Average Reward: -346.346 | Steps: 28321 | Total Reward: -118888.85412472939|
| Episode: 340 | Epsilon:  0.05 | Reward: -455.82071242574483 | Average Reward: -349.059 | Steps: 28391 | Total Reward: -119344.67483715511|
| Episode: 341 | Epsilon:  0.05 | Reward: -91.58065526531308 | Average Reward: -348.902 | Steps: 28470 | Total Reward: -119436.25549242042|
| Episode: 342 | Epsilon:  0.05 | Reward: -326.0689365573503 | Average Reward: -349.144 | Steps: 28569 | Total Reward: -119762.32442897775|
| Episode: 343 | Epsilon:  0.05 | Reward: -531.1444130166215 | Average Reward: -351.247 | Steps: 28647 | Total Reward: -120293.46884199439|
| Episode: 344 | Epsilon:  0.05 | Reward: -263.21861744990235 | Average Reward: -352.958 | Steps: 28701 | Total Reward: -120556.68745944425|
| Episode: 345 | Epsilon:  0.05 | Reward: -76.209296800026 | Average Reward: -348.136 | Steps: 28795 | Total Reward: -120632.89675624423|
| Episode: 346 | Epsilon:  0.05 | Reward: -565.5315770889263 | Average Reward: -352.705 | Steps: 28872 | Total Reward: -121198.42833333317|
| Episode: 347 | Epsilon:  0.05 | Reward: -377.12091699129905 | Average Reward: -351.998 | Steps: 28946 | Total Reward: -121575.5492503245|
| Episode: 348 | Epsilon:  0.05 | Reward: -506.40114527299596 | Average Reward: -352.589 | Steps: 29008 | Total Reward: -122081.95039559751|
| Episode: 349 | Epsilon:  0.05 | Reward: -145.18058602313232 | Average Reward: -352.494 | Steps: 29079 | Total Reward: -122227.13098162068|
| Episode: 350 | Epsilon:  0.05 | Reward: -166.60387739873389 | Average Reward: -350.455 | Steps: 29130 | Total Reward: -122393.73485901939|
| Episode: 351 | Epsilon:  0.05 | Reward: -211.0268452081403 | Average Reward: -351.203 | Steps: 29184 | Total Reward: -122604.76170422752|
| Episode: 352 | Epsilon:  0.05 | Reward: -158.3624653299682 | Average Reward: -350.525 | Steps: 29275 | Total Reward: -122763.12416955756|
| Episode: 353 | Epsilon:  0.05 | Reward: -345.1536753950927 | Average Reward: -351.991 | Steps: 29355 | Total Reward: -123108.27784495261|
| Episode: 354 | Epsilon:  0.05 | Reward: -266.21784822571544 | Average Reward: -353.119 | Steps: 29458 | Total Reward: -123374.49569317824|
| Episode: 355 | Epsilon:  0.05 | Reward: -213.97300442275687 | Average Reward: -350.996 | Steps: 29530 | Total Reward: -123588.46869760093|
| Episode: 356 | Epsilon:  0.05 | Reward: -837.744237190937 | Average Reward: -356.998 | Steps: 29764 | Total Reward: -124426.21293479193|
| Episode: 357 | Epsilon:  0.05 | Reward: -638.4005044197397 | Average Reward: -358.456 | Steps: 29832 | Total Reward: -125064.6134392117|
| Episode: 358 | Epsilon:  0.05 | Reward: -686.598640546704 | Average Reward: -361.088 | Steps: 29938 | Total Reward: -125751.21207975832|
| Episode: 359 | Epsilon:  0.05 | Reward: -1678.9926432994257 | Average Reward: -375.124 | Steps: 30151 | Total Reward: -127430.20472305772|
| Episode: 360 | Epsilon:  0.05 | Reward: -521.7122511204074 | Average Reward: -374.928 | Steps: 30247 | Total Reward: -127951.91697417812|
| Episode: 361 | Epsilon:  0.05 | Reward: -292.28135461890105 | Average Reward: -373.561 | Steps: 30320 | Total Reward: -128244.19832879698|
| Episode: 362 | Epsilon:  0.05 | Reward: -606.7620438148019 | Average Reward: -377.631 | Steps: 30386 | Total Reward: -128850.96037261182|
| Episode: 363 | Epsilon:  0.05 | Reward: -361.45457692693884 | Average Reward: -376.561 | Steps: 30471 | Total Reward: -129212.41494953881|
| Episode: 364 | Epsilon:  0.05 | Reward: -246.1117081631698 | Average Reward: -376.453 | Steps: 30527 | Total Reward: -129458.52665770196|
| Episode: 365 | Epsilon:  0.05 | Reward: -431.05128250335184 | Average Reward: -376.535 | Steps: 30587 | Total Reward: -129889.57794020537|
| Episode: 366 | Epsilon:  0.05 | Reward: -123.44839302747695 | Average Reward: -370.892 | Steps: 30651 | Total Reward: -130013.02633323282|
| Episode: 367 | Epsilon:  0.05 | Reward: -299.62699376362013 | Average Reward: -372.361 | Steps: 30703 | Total Reward: -130312.65332699646|
| Episode: 368 | Epsilon:  0.05 | Reward: -476.34856430274925 | Average Reward: -373.881 | Steps: 30777 | Total Reward: -130789.00189129921|
| Episode: 369 | Epsilon:  0.05 | Reward: -525.2091772828784 | Average Reward: -375.490 | Steps: 30866 | Total Reward: -131314.21106858205|
| Episode: 370 | Epsilon:  0.05 | Reward: -508.2868855056869 | Average Reward: -376.871 | Steps: 30950 | Total Reward: -131822.49795408765|
| Episode: 371 | Epsilon:  0.05 | Reward: -505.9600999977081 | Average Reward: -377.042 | Steps: 31036 | Total Reward: -132328.45805408532|
| Episode: 372 | Epsilon:  0.05 | Reward: -393.3473186888878 | Average Reward: -377.468 | Steps: 31123 | Total Reward: -132721.80537277422|
| Episode: 373 | Epsilon:  0.05 | Reward: -138.0135343019479 | Average Reward: -375.624 | Steps: 31230 | Total Reward: -132859.81890707603|
| Episode: 374 | Epsilon:  0.05 | Reward: -111.3149047943759 | Average Reward: -374.459 | Steps: 31324 | Total Reward: -132971.13381187033|
| Episode: 375 | Epsilon:  0.05 | Reward: -222.48033849501024 | Average Reward: -375.045 | Steps: 31453 | Total Reward: -133193.61415036517|
| Episode: 376 | Epsilon:  0.05 | Reward: -900.184358435096 | Average Reward: -379.565 | Steps: 31592 | Total Reward: -134093.79850880016|
| Episode: 377 | Epsilon:  0.05 | Reward: -475.43406607846936 | Average Reward: -381.516 | Steps: 31702 | Total Reward: -134569.23257487878|
| Episode: 378 | Epsilon:  0.05 | Reward: -88.99255614177602 | Average Reward: -376.804 | Steps: 31801 | Total Reward: -134658.22513102056|
| Episode: 379 | Epsilon:  0.05 | Reward: -785.1931762553429 | Average Reward: -383.388 | Steps: 31885 | Total Reward: -135443.4183072759|
| Episode: 380 | Epsilon:  0.05 | Reward: -676.3353658101703 | Average Reward: -388.271 | Steps: 31990 | Total Reward: -136119.75367308606|
| Episode: 381 | Epsilon:  0.05 | Reward: -210.99954739120176 | Average Reward: -387.313 | Steps: 32071 | Total Reward: -136330.75322047726|
| Episode: 382 | Epsilon:  0.05 | Reward: -297.89531798414305 | Average Reward: -388.742 | Steps: 32125 | Total Reward: -136628.64853846142|
| Episode: 383 | Epsilon:  0.05 | Reward: -425.1345873359668 | Average Reward: -392.393 | Steps: 32216 | Total Reward: -137053.78312579766|
| Episode: 384 | Epsilon:  0.05 | Reward: -528.9559572281014 | Average Reward: -392.189 | Steps: 32301 | Total Reward: -137582.7390830258|
| Episode: 385 | Epsilon:  0.05 | Reward: -551.8138190336701 | Average Reward: -394.349 | Steps: 32382 | Total Reward: -138134.5529020594|
| Episode: 386 | Epsilon:  0.05 | Reward: -452.10595328946846 | Average Reward: -396.269 | Steps: 32479 | Total Reward: -138586.6588553489|
| Episode: 387 | Epsilon:  0.05 | Reward: -179.95033103443382 | Average Reward: -396.698 | Steps: 32572 | Total Reward: -138766.60918638343|
| Episode: 388 | Epsilon:  0.05 | Reward: -155.2930513724231 | Average Reward: -392.527 | Steps: 32640 | Total Reward: -138921.90223775577|
| Episode: 389 | Epsilon:  0.05 | Reward: -549.2058763061585 | Average Reward: -395.632 | Steps: 32712 | Total Reward: -139471.10811406182|
| Episode: 390 | Epsilon:  0.05 | Reward: -170.9845993435079 | Average Reward: -391.999 | Steps: 32789 | Total Reward: -139642.09271340535|
| Episode: 391 | Epsilon:  0.05 | Reward: -114.25309945793191 | Average Reward: -389.563 | Steps: 32857 | Total Reward: -139756.34581286332|
| Episode: 392 | Epsilon:  0.05 | Reward: -484.7168517164906 | Average Reward: -389.125 | Steps: 32924 | Total Reward: -140241.06266457977|
| Episode: 393 | Epsilon:  0.05 | Reward: -426.9329849035704 | Average Reward: -391.840 | Steps: 33012 | Total Reward: -140667.99564948335|
| Episode: 394 | Epsilon:  0.05 | Reward: -350.3432319842303 | Average Reward: -389.709 | Steps: 33107 | Total Reward: -141018.33888146756|
| Episode: 395 | Epsilon:  0.05 | Reward: -413.42955026862364 | Average Reward: -388.119 | Steps: 33159 | Total Reward: -141431.7684317362|
| Episode: 396 | Epsilon:  0.05 | Reward: -549.2115973495956 | Average Reward: -389.416 | Steps: 33247 | Total Reward: -141980.98002908568|
| Episode: 397 | Epsilon:  0.05 | Reward: -535.3352933072752 | Average Reward: -389.524 | Steps: 33321 | Total Reward: -142516.315322393|
| Episode: 398 | Epsilon:  0.05 | Reward: -180.8324889951921 | Average Reward: -385.484 | Steps: 33408 | Total Reward: -142697.14781138822|
| Episode: 399 | Epsilon:  0.05 | Reward: -351.75575610417525 | Average Reward: -382.767 | Steps: 33501 | Total Reward: -143048.90356749232|
| Episode: 400 | Epsilon:  0.05 | Reward: -212.54707849309557 | Average Reward: -381.012 | Steps: 33564 | Total Reward: -143261.4506459855|
| Episode: 401 | Epsilon:  0.05 | Reward: -536.4394604140193 | Average Reward: -382.986 | Steps: 33636 | Total Reward: -143797.89010639949|
| Episode: 402 | Epsilon:  0.05 | Reward: -491.0081640349432 | Average Reward: -381.428 | Steps: 33711 | Total Reward: -144288.89827043435|
| Episode: 403 | Epsilon:  0.05 | Reward: -513.8676028111724 | Average Reward: -381.466 | Steps: 33829 | Total Reward: -144802.7658732457|
| Episode: 404 | Epsilon:  0.05 | Reward: -213.68247565435132 | Average Reward: -380.668 | Steps: 33907 | Total Reward: -145016.4483489001|
| Episode: 405 | Epsilon:  0.05 | Reward: -168.1093999113608 | Average Reward: -379.233 | Steps: 33992 | Total Reward: -145184.55774881152|
| Episode: 406 | Epsilon:  0.05 | Reward: -189.104633435809 | Average Reward: -375.625 | Steps: 34050 | Total Reward: -145373.66238224742|
| Episode: 407 | Epsilon:  0.05 | Reward: -178.51629503469348 | Average Reward: -371.393 | Steps: 34108 | Total Reward: -145552.17867728206|
| Episode: 408 | Epsilon:  0.05 | Reward: -632.782601750892 | Average Reward: -375.891 | Steps: 34246 | Total Reward: -146184.9612790331|
| Episode: 409 | Epsilon:  0.05 | Reward: -123.85867492080118 | Average Reward: -375.320 | Steps: 34321 | Total Reward: -146308.8199539538|
| Episode: 410 | Epsilon:  0.05 | Reward: -123.16332937845111 | Average Reward: -372.369 | Steps: 34379 | Total Reward: -146431.9832833322|
| Episode: 411 | Epsilon:  0.05 | Reward: -379.16364810724235 | Average Reward: -370.829 | Steps: 34462 | Total Reward: -146811.14693143946|
| Episode: 412 | Epsilon:  0.05 | Reward: -105.21333797409676 | Average Reward: -369.131 | Steps: 34524 | Total Reward: -146916.36026941353|
| Episode: 413 | Epsilon:  0.05 | Reward: -109.85472992497125 | Average Reward: -366.273 | Steps: 34619 | Total Reward: -147026.21499933852|
| Episode: 414 | Epsilon:  0.05 | Reward: -249.09713889346185 | Average Reward: -366.792 | Steps: 34694 | Total Reward: -147275.31213823188|
| Episode: 415 | Epsilon:  0.05 | Reward: -889.7650654610421 | Average Reward: -375.483 | Steps: 34811 | Total Reward: -148165.07720369293|
| Episode: 416 | Epsilon:  0.05 | Reward: -491.824672257649 | Average Reward: -374.414 | Steps: 34894 | Total Reward: -148656.90187595066|
| Episode: 417 | Epsilon:  0.05 | Reward: -433.5026443739625 | Average Reward: -372.930 | Steps: 34958 | Total Reward: -149090.40452032452|
| Episode: 418 | Epsilon:  0.05 | Reward: -521.276394062704 | Average Reward: -374.586 | Steps: 35022 | Total Reward: -149611.68091438722|
| Episode: 419 | Epsilon:  0.05 | Reward: -142.70520380742562 | Average Reward: -374.648 | Steps: 35103 | Total Reward: -149754.38611819473|
| Episode: 420 | Epsilon:  0.05 | Reward: -658.8526489219115 | Average Reward: -378.170 | Steps: 35191 | Total Reward: -150413.23876711677|
| Episode: 421 | Epsilon:  0.05 | Reward: -217.16183691426647 | Average Reward: -377.079 | Steps: 35244 | Total Reward: -150630.40060403117|
| Episode: 422 | Epsilon:  0.05 | Reward: -181.83456056127426 | Average Reward: -377.719 | Steps: 35344 | Total Reward: -150812.23516459245|
| Episode: 423 | Epsilon:  0.05 | Reward: -452.694579696064 | Average Reward: -380.837 | Steps: 35470 | Total Reward: -151264.92974428856|
| Episode: 424 | Epsilon:  0.05 | Reward: -362.8411543611136 | Average Reward: -381.644 | Steps: 35552 | Total Reward: -151627.7708986498|
| Episode: 425 | Epsilon:  0.05 | Reward: -137.96453632000808 | Average Reward: -381.772 | Steps: 35629 | Total Reward: -151765.73543496997|
| Episode: 426 | Epsilon:  0.05 | Reward: -187.36400341502997 | Average Reward: -382.542 | Steps: 35692 | Total Reward: -151953.09943838496|
| Episode: 427 | Epsilon:  0.05 | Reward: -445.8074699187662 | Average Reward: -386.484 | Steps: 35868 | Total Reward: -152398.9069083037|
| Episode: 428 | Epsilon:  0.05 | Reward: -169.82107175210382 | Average Reward: -385.444 | Steps: 35929 | Total Reward: -152568.72798005585|
| Episode: 429 | Epsilon:  0.05 | Reward: -379.5491548594872 | Average Reward: -380.475 | Steps: 36002 | Total Reward: -152948.27713491544|
| Episode: 430 | Epsilon:  0.05 | Reward: -469.0488994611398 | Average Reward: -383.422 | Steps: 36077 | Total Reward: -153417.32603437649|
| Episode: 431 | Epsilon:  0.05 | Reward: -300.4015509363072 | Average Reward: -381.321 | Steps: 36218 | Total Reward: -153717.72758531276|
| Episode: 432 | Epsilon:  0.05 | Reward: -386.62575281367947 | Average Reward: -377.928 | Steps: 36271 | Total Reward: -154104.35333812638|
| Episode: 433 | Epsilon:  0.05 | Reward: -90.78416224502209 | Average Reward: -374.883 | Steps: 36341 | Total Reward: -154195.13750037132|
| Episode: 434 | Epsilon:  0.05 | Reward: -357.1118767842805 | Average Reward: -375.760 | Steps: 36425 | Total Reward: -154552.24937715562|
| Episode: 435 | Epsilon:  0.05 | Reward: -419.4098970485216 | Average Reward: -375.617 | Steps: 36507 | Total Reward: -154971.65927420417|
| Episode: 436 | Epsilon:  0.05 | Reward: -282.15495952900847 | Average Reward: -376.672 | Steps: 36623 | Total Reward: -155253.8142337331|
| Episode: 437 | Epsilon:  0.05 | Reward: -208.55386652498555 | Average Reward: -372.258 | Steps: 36687 | Total Reward: -155462.36810025809|
| Episode: 438 | Epsilon:  0.05 | Reward: -203.04317124007042 | Average Reward: -372.232 | Steps: 36747 | Total Reward: -155665.41127149816|
| Episode: 439 | Epsilon:  0.05 | Reward: -412.80459610763893 | Average Reward: -371.894 | Steps: 36898 | Total Reward: -156078.21586760564|
| Episode: 440 | Epsilon:  0.05 | Reward: -107.47621029312755 | Average Reward: -368.410 | Steps: 36954 | Total Reward: -156185.69207789874|
| Episode: 441 | Epsilon:  0.05 | Reward: -209.61940306538398 | Average Reward: -369.591 | Steps: 37036 | Total Reward: -156395.31148096416|
| Episode: 442 | Epsilon:  0.05 | Reward: -563.4079561065472 | Average Reward: -371.964 | Steps: 37098 | Total Reward: -156958.71943707071|
| Episode: 443 | Epsilon:  0.05 | Reward: -423.5293582930971 | Average Reward: -370.888 | Steps: 37156 | Total Reward: -157382.24879536382|
| Episode: 444 | Epsilon:  0.05 | Reward: -88.98115053358241 | Average Reward: -369.145 | Steps: 37235 | Total Reward: -157471.22994589744|
| Episode: 445 | Epsilon:  0.05 | Reward: -166.30158288025007 | Average Reward: -370.046 | Steps: 37322 | Total Reward: -157637.5315287776|
| Episode: 446 | Epsilon:  0.05 | Reward: -140.86500096438095 | Average Reward: -365.800 | Steps: 37405 | Total Reward: -157778.396529742|
| Episode: 447 | Epsilon:  0.05 | Reward: -562.9814284361629 | Average Reward: -367.658 | Steps: 37480 | Total Reward: -158341.3779581781|
| Episode: 448 | Epsilon:  0.05 | Reward: -426.6051602055911 | Average Reward: -366.860 | Steps: 37618 | Total Reward: -158767.98311838353|
| Episode: 449 | Epsilon:  0.05 | Reward: -478.4707730091204 | Average Reward: -370.193 | Steps: 37705 | Total Reward: -159246.45389139283|
| Episode: 450 | Epsilon:  0.05 | Reward: -355.9828945443159 | Average Reward: -372.087 | Steps: 37780 | Total Reward: -159602.43678593708|
| Episode: 451 | Epsilon:  0.05 | Reward: -250.6703764384749 | Average Reward: -372.483 | Steps: 37877 | Total Reward: -159853.10716237553|
| Episode: 452 | Epsilon:  0.05 | Reward: -500.8645470589299 | Average Reward: -375.908 | Steps: 37966 | Total Reward: -160353.9717094345|
| Episode: 453 | Epsilon:  0.05 | Reward: -519.7638451298247 | Average Reward: -377.655 | Steps: 38078 | Total Reward: -160873.73555456437|
| Episode: 454 | Epsilon:  0.05 | Reward: -345.39953597537306 | Average Reward: -378.446 | Steps: 38155 | Total Reward: -161219.13509053976|
| Episode: 455 | Epsilon:  0.05 | Reward: -570.9317549000803 | Average Reward: -382.016 | Steps: 38223 | Total Reward: -161790.0668454399|
| Episode: 456 | Epsilon:  0.05 | Reward: -97.56620585997895 | Average Reward: -374.614 | Steps: 38308 | Total Reward: -161887.6330512999|
| Episode: 457 | Epsilon:  0.05 | Reward: -475.43036094684265 | Average Reward: -372.984 | Steps: 38377 | Total Reward: -162363.0634122468|
| Episode: 458 | Epsilon:  0.05 | Reward: -139.9189210833191 | Average Reward: -367.518 | Steps: 38433 | Total Reward: -162502.98233333012|
| Episode: 459 | Epsilon:  0.05 | Reward: -75.90991013323858 | Average Reward: -351.487 | Steps: 38527 | Total Reward: -162578.89224346328|
| Episode: 460 | Epsilon:  0.05 | Reward: -166.19947759272213 | Average Reward: -347.932 | Steps: 38586 | Total Reward: -162745.0917210559|
| Episode: 461 | Epsilon:  0.05 | Reward: -358.9484930437279 | Average Reward: -348.598 | Steps: 38660 | Total Reward: -163104.04021409978|
| Episode: 462 | Epsilon:  0.05 | Reward: -454.28773278204187 | Average Reward: -347.074 | Steps: 38854 | Total Reward: -163558.32794688182|
| Episode: 463 | Epsilon:  0.05 | Reward: -252.61742972932325 | Average Reward: -345.985 | Steps: 38912 | Total Reward: -163810.94537661117|
| Episode: 464 | Epsilon:  0.05 | Reward: -317.1925122352661 | Average Reward: -346.696 | Steps: 38985 | Total Reward: -164128.13788884642|
| Episode: 465 | Epsilon:  0.05 | Reward: -299.12033529185464 | Average Reward: -345.377 | Steps: 39077 | Total Reward: -164427.25822413838|
| Episode: 466 | Epsilon:  0.05 | Reward: -712.7184999271675 | Average Reward: -351.270 | Steps: 39165 | Total Reward: -165139.97672406543|
| Episode: 467 | Epsilon:  0.05 | Reward: -527.3049401128322 | Average Reward: -353.546 | Steps: 39297 | Total Reward: -165667.2816641782|
| Episode: 468 | Epsilon:  0.05 | Reward: -668.1568976422964 | Average Reward: -355.464 | Steps: 39395 | Total Reward: -166335.4385618205|
| Episode: 469 | Epsilon:  0.05 | Reward: -483.0995538906734 | Average Reward: -355.043 | Steps: 39479 | Total Reward: -166818.5381157111|
| Episode: 470 | Epsilon:  0.05 | Reward: -671.1761099893496 | Average Reward: -356.672 | Steps: 39565 | Total Reward: -167489.7142257004|
| Episode: 471 | Epsilon:  0.05 | Reward: -336.7685928399227 | Average Reward: -354.980 | Steps: 39637 | Total Reward: -167826.48281854045|
| Episode: 472 | Epsilon:  0.05 | Reward: -388.7419346999911 | Average Reward: -354.934 | Steps: 39704 | Total Reward: -168215.2247532404|
| Episode: 473 | Epsilon:  0.05 | Reward: -154.71744898031784 | Average Reward: -355.101 | Steps: 39814 | Total Reward: -168369.94220222082|
| Episode: 474 | Epsilon:  0.05 | Reward: -457.08435286552907 | Average Reward: -358.559 | Steps: 39879 | Total Reward: -168827.02655508625|
| Episode: 475 | Epsilon:  0.05 | Reward: -370.139849901235 | Average Reward: -360.036 | Steps: 39950 | Total Reward: -169197.16640498748|
| Episode: 476 | Epsilon:  0.05 | Reward: -206.60228002532938 | Average Reward: -353.100 | Steps: 40014 | Total Reward: -169403.76868501268|
| Episode: 477 | Epsilon:  0.05 | Reward: -340.87288956437226 | Average Reward: -351.754 | Steps: 40088 | Total Reward: -169744.64157457705|
| Episode: 478 | Epsilon:  0.05 | Reward: -579.180782637616 | Average Reward: -356.656 | Steps: 40158 | Total Reward: -170323.8223572147|
| Episode: 479 | Epsilon:  0.05 | Reward: -485.6368894894353 | Average Reward: -353.660 | Steps: 40223 | Total Reward: -170809.45924670415|
| Episode: 480 | Epsilon:  0.05 | Reward: -165.07607241739075 | Average Reward: -348.548 | Steps: 40306 | Total Reward: -170974.5353191215|
| Episode: 481 | Epsilon:  0.05 | Reward: -500.71692878382896 | Average Reward: -351.445 | Steps: 40452 | Total Reward: -171475.25224790533|
| Episode: 482 | Epsilon:  0.05 | Reward: -356.95724965895823 | Average Reward: -352.036 | Steps: 40572 | Total Reward: -171832.20949756436|
| Episode: 483 | Epsilon:  0.05 | Reward: -597.146117446586 | Average Reward: -353.756 | Steps: 40761 | Total Reward: -172429.35561501095|
| Episode: 484 | Epsilon:  0.05 | Reward: -489.13712830346316 | Average Reward: -353.358 | Steps: 40823 | Total Reward: -172918.49274331427|
| Episode: 485 | Epsilon:  0.05 | Reward: -243.04900703859934 | Average Reward: -350.270 | Steps: 40898 | Total Reward: -173161.5417503529|
| Episode: 486 | Epsilon:  0.05 | Reward: -39.20597391061172 | Average Reward: -346.141 | Steps: 41001 | Total Reward: -173200.74772426346|
| Episode: 487 | Epsilon:  0.05 | Reward: -446.2707464751967 | Average Reward: -348.804 | Steps: 41089 | Total Reward: -173647.01847073867|
| Episode: 488 | Epsilon:  0.05 | Reward: -477.0924663806986 | Average Reward: -352.022 | Steps: 41144 | Total Reward: -174124.11093711932|
| Episode: 489 | Epsilon:  0.05 | Reward: -622.6746984506532 | Average Reward: -352.757 | Steps: 41251 | Total Reward: -174746.78563556995|
| Episode: 490 | Epsilon:  0.05 | Reward: -346.9181106860072 | Average Reward: -354.516 | Steps: 41339 | Total Reward: -175093.70374625604|
| Episode: 491 | Epsilon:  0.05 | Reward: -231.03905580168046 | Average Reward: -355.684 | Steps: 41409 | Total Reward: -175324.74280205774|
| Episode: 492 | Epsilon:  0.05 | Reward: -199.55039106506194 | Average Reward: -352.832 | Steps: 41544 | Total Reward: -175524.293193123|
| Episode: 493 | Epsilon:  0.05 | Reward: -347.2597380101972 | Average Reward: -352.036 | Steps: 41617 | Total Reward: -175871.5529311333|
| Episode: 494 | Epsilon:  0.05 | Reward: -567.882643738554 | Average Reward: -354.211 | Steps: 41705 | Total Reward: -176439.4355748719|
| Episode: 495 | Epsilon:  0.05 | Reward: -259.80870574295545 | Average Reward: -352.675 | Steps: 41807 | Total Reward: -176699.2442806148|
| Episode: 496 | Epsilon:  0.05 | Reward: -161.48629128947152 | Average Reward: -348.798 | Steps: 41869 | Total Reward: -176860.7305719043|
| Episode: 497 | Epsilon:  0.05 | Reward: -260.8716818387272 | Average Reward: -346.053 | Steps: 41920 | Total Reward: -177121.60225374304|
| Episode: 498 | Epsilon:  0.05 | Reward: -170.34062818269726 | Average Reward: -345.948 | Steps: 41978 | Total Reward: -177291.94288192573|
| Episode: 499 | Epsilon:  0.05 | Reward: -305.27411276418553 | Average Reward: -345.483 | Steps: 42074 | Total Reward: -177597.21699469|
| Episode: 500 | Epsilon:  0.05 | Reward: -781.9800560419156 | Average Reward: -351.177 | Steps: 42268 | Total Reward: -178379.19705073183|
| Episode: 501 | Epsilon:  0.05 | Reward: -392.9155662492583 | Average Reward: -349.742 | Steps: 42335 | Total Reward: -178772.11261698115|
| Episode: 502 | Epsilon:  0.05 | Reward: -268.3185207124612 | Average Reward: -347.515 | Steps: 42431 | Total Reward: -179040.4311376935|
| Episode: 503 | Epsilon:  0.05 | Reward: -164.61543758327542 | Average Reward: -344.023 | Steps: 42528 | Total Reward: -179205.04657527673|
| Episode: 504 | Epsilon:  0.05 | Reward: -609.6039489080686 | Average Reward: -347.982 | Steps: 42619 | Total Reward: -179814.65052418478|
| Episode: 505 | Epsilon:  0.05 | Reward: -571.6215554317339 | Average Reward: -352.017 | Steps: 42756 | Total Reward: -180386.27207961635|
| Episode: 506 | Epsilon:  0.05 | Reward: -224.25609067342 | Average Reward: -352.369 | Steps: 42855 | Total Reward: -180610.52817028982|
| Episode: 507 | Epsilon:  0.05 | Reward: -527.2803729201655 | Average Reward: -355.856 | Steps: 42948 | Total Reward: -181137.80854321003|
| Episode: 508 | Epsilon:  0.05 | Reward: -389.7443342307406 | Average Reward: -353.426 | Steps: 43027 | Total Reward: -181527.5528774408|
| Episode: 509 | Epsilon:  0.05 | Reward: -349.9237293495622 | Average Reward: -355.687 | Steps: 43094 | Total Reward: -181877.47660679035|
| Episode: 510 | Epsilon:  0.05 | Reward: -728.8623252546524 | Average Reward: -361.744 | Steps: 43191 | Total Reward: -182606.3389320449|
| Episode: 511 | Epsilon:  0.05 | Reward: -317.0249212538078 | Average Reward: -361.122 | Steps: 43257 | Total Reward: -182923.3638532987|
| Episode: 512 | Epsilon:  0.05 | Reward: -349.48556067717345 | Average Reward: -363.565 | Steps: 43343 | Total Reward: -183272.84941397587|
| Episode: 513 | Epsilon:  0.05 | Reward: -183.4424750318928 | Average Reward: -364.301 | Steps: 43401 | Total Reward: -183456.29188900776|
| Episode: 514 | Epsilon:  0.05 | Reward: -413.26631559259397 | Average Reward: -365.942 | Steps: 43477 | Total Reward: -183869.5582046004|
| Episode: 515 | Epsilon:  0.05 | Reward: -284.0182144550572 | Average Reward: -359.885 | Steps: 43566 | Total Reward: -184153.57641905535|
| Episode: 516 | Epsilon:  0.05 | Reward: -550.7892725700258 | Average Reward: -360.475 | Steps: 43649 | Total Reward: -184704.36569162534|
| Episode: 517 | Epsilon:  0.05 | Reward: -506.7988674524202 | Average Reward: -361.208 | Steps: 43739 | Total Reward: -185211.16455907782|
| Episode: 518 | Epsilon:  0.05 | Reward: -572.0988840380647 | Average Reward: -361.716 | Steps: 43818 | Total Reward: -185783.26344311584|
| Episode: 519 | Epsilon:  0.05 | Reward: -197.7347409678647 | Average Reward: -362.266 | Steps: 43874 | Total Reward: -185980.9981840838|
| Episode: 520 | Epsilon:  0.05 | Reward: -208.36731758528418 | Average Reward: -357.761 | Steps: 43974 | Total Reward: -186189.3655016691|
| Episode: 521 | Epsilon:  0.05 | Reward: -98.50290791504102 | Average Reward: -356.575 | Steps: 44043 | Total Reward: -186287.86840958422|
| Episode: 522 | Epsilon:  0.05 | Reward: -624.0460600707776 | Average Reward: -360.997 | Steps: 44195 | Total Reward: -186911.91446965505|
| Episode: 523 | Epsilon:  0.05 | Reward: -583.58473630392 | Average Reward: -362.306 | Steps: 44342 | Total Reward: -187495.499205959|
| Episode: 524 | Epsilon:  0.05 | Reward: -768.1387974059696 | Average Reward: -366.359 | Steps: 44471 | Total Reward: -188263.63800336505|
| Episode: 525 | Epsilon:  0.05 | Reward: -297.8731474987371 | Average Reward: -367.958 | Steps: 44532 | Total Reward: -188561.5111508637|
| Episode: 526 | Epsilon:  0.05 | Reward: -445.71318609064866 | Average Reward: -370.541 | Steps: 44603 | Total Reward: -189007.2243369543|
| Episode: 527 | Epsilon:  0.05 | Reward: -311.2330193967042 | Average Reward: -369.196 | Steps: 44661 | Total Reward: -189318.45735635102|
| Episode: 528 | Epsilon:  0.05 | Reward: -296.40997398715604 | Average Reward: -370.461 | Steps: 44722 | Total Reward: -189614.8673303381|
| Episode: 529 | Epsilon:  0.05 | Reward: -149.30111550651822 | Average Reward: -368.159 | Steps: 44803 | Total Reward: -189764.16844584452|
| Episode: 530 | Epsilon:  0.05 | Reward: -344.5278499289942 | Average Reward: -366.914 | Steps: 44881 | Total Reward: -190108.6962957736|
| Episode: 531 | Epsilon:  0.05 | Reward: -255.7991288288441 | Average Reward: -366.468 | Steps: 44945 | Total Reward: -190364.49542460236|
| Episode: 532 | Epsilon:  0.05 | Reward: -151.40936936641123 | Average Reward: -364.116 | Steps: 45009 | Total Reward: -190515.90479396886|
| Episode: 533 | Epsilon:  0.05 | Reward: -234.0760530001832 | Average Reward: -365.548 | Steps: 45075 | Total Reward: -190749.98084696897|
| Episode: 534 | Epsilon:  0.05 | Reward: -457.42136621997605 | Average Reward: -366.552 | Steps: 45176 | Total Reward: -191207.40221318885|
| Episode: 535 | Epsilon:  0.05 | Reward: -298.38894857507955 | Average Reward: -365.341 | Steps: 45267 | Total Reward: -191505.79116176395|
| Episode: 536 | Epsilon:  0.05 | Reward: -427.66996904120725 | Average Reward: -366.796 | Steps: 45469 | Total Reward: -191933.46113080526|
| Episode: 537 | Epsilon:  0.05 | Reward: -348.0732697145034 | Average Reward: -368.192 | Steps: 45528 | Total Reward: -192281.53440051977|
| Episode: 538 | Epsilon:  0.05 | Reward: -315.41456526355046 | Average Reward: -369.315 | Steps: 45620 | Total Reward: -192596.94896578332|
| Episode: 539 | Epsilon:  0.05 | Reward: -135.7749663141633 | Average Reward: -366.545 | Steps: 45674 | Total Reward: -192732.72393209746|
| Episode: 540 | Epsilon:  0.05 | Reward: -271.7974517317897 | Average Reward: -368.188 | Steps: 45732 | Total Reward: -193004.52138382918|
| Episode: 541 | Epsilon:  0.05 | Reward: -526.197205496544 | Average Reward: -371.354 | Steps: 45840 | Total Reward: -193530.7185893255|
| Episode: 542 | Epsilon:  0.05 | Reward: -219.32981102981344 | Average Reward: -367.913 | Steps: 45922 | Total Reward: -193750.04840035524|
| Episode: 543 | Epsilon:  0.05 | Reward: -416.11001082292665 | Average Reward: -367.839 | Steps: 45980 | Total Reward: -194166.15841117816|
| Episode: 544 | Epsilon:  0.05 | Reward: -308.3721032816442 | Average Reward: -370.033 | Steps: 46042 | Total Reward: -194474.53051445982|
| Episode: 545 | Epsilon:  0.05 | Reward: -303.0553201818416 | Average Reward: -371.401 | Steps: 46120 | Total Reward: -194777.5858346415|
| Episode: 546 | Epsilon:  0.05 | Reward: -192.41415102132083 | Average Reward: -371.916 | Steps: 46201 | Total Reward: -194969.99998566278|
| Episode: 547 | Epsilon:  0.05 | Reward: -705.83127699559 | Average Reward: -373.345 | Steps: 46282 | Total Reward: -195675.8312626584|
| Episode: 548 | Epsilon:  0.05 | Reward: -280.23182539797386 | Average Reward: -371.881 | Steps: 46339 | Total Reward: -195956.0630880564|
| Episode: 549 | Epsilon:  0.05 | Reward: -723.2230253450621 | Average Reward: -374.328 | Steps: 46527 | Total Reward: -196679.28611340153|
| Episode: 550 | Epsilon:  0.05 | Reward: -308.22115712671376 | Average Reward: -373.851 | Steps: 46600 | Total Reward: -196987.50727052812|
| Episode: 551 | Epsilon:  0.05 | Reward: -66.6454386974444 | Average Reward: -372.010 | Steps: 46689 | Total Reward: -197054.15270922554|
| Episode: 552 | Epsilon:  0.05 | Reward: -536.1114572750596 | Average Reward: -372.363 | Steps: 46769 | Total Reward: -197590.26416650065|
| Episode: 553 | Epsilon:  0.05 | Reward: -390.2175297845112 | Average Reward: -371.067 | Steps: 46839 | Total Reward: -197980.48169628505|
| Episode: 554 | Epsilon:  0.05 | Reward: -591.1167374424842 | Average Reward: -373.525 | Steps: 46908 | Total Reward: -198571.5984337275|
| Episode: 555 | Epsilon:  0.05 | Reward: -280.09326314306963 | Average Reward: -370.616 | Steps: 47029 | Total Reward: -198851.6916968706|
| Episode: 556 | Epsilon:  0.05 | Reward: -193.90623697221574 | Average Reward: -371.580 | Steps: 47103 | Total Reward: -199045.59793384274|
| Episode: 557 | Epsilon:  0.05 | Reward: -234.1307959253641 | Average Reward: -369.167 | Steps: 47210 | Total Reward: -199279.72872976805|
| Episode: 558 | Epsilon:  0.05 | Reward: -510.3720196203349 | Average Reward: -372.871 | Steps: 47289 | Total Reward: -199790.10074938848|
| Episode: 559 | Epsilon:  0.05 | Reward: -378.4464579121097 | Average Reward: -375.897 | Steps: 47359 | Total Reward: -200168.54720730064|
| Episode: 560 | Epsilon:  0.05 | Reward: -147.68946864099928 | Average Reward: -375.711 | Steps: 47417 | Total Reward: -200316.23667594162|
| Episode: 561 | Epsilon:  0.05 | Reward: -77.52587217130265 | Average Reward: -372.897 | Steps: 47471 | Total Reward: -200393.76254811292|
| Episode: 562 | Epsilon:  0.05 | Reward: -802.1338020326339 | Average Reward: -376.376 | Steps: 47565 | Total Reward: -201195.89635014557|
| Episode: 563 | Epsilon:  0.05 | Reward: -539.8603320979184 | Average Reward: -379.248 | Steps: 47650 | Total Reward: -201735.75668224334|
| Episode: 564 | Epsilon:  0.05 | Reward: -534.8597294523122 | Average Reward: -381.425 | Steps: 47814 | Total Reward: -202270.61641169558|
| Episode: 565 | Epsilon:  0.05 | Reward: -557.4848407765974 | Average Reward: -384.008 | Steps: 47883 | Total Reward: -202828.10125247212|
| Episode: 566 | Epsilon:  0.05 | Reward: -213.79879777142224 | Average Reward: -379.019 | Steps: 47956 | Total Reward: -203041.9000502435|
| Episode: 567 | Epsilon:  0.05 | Reward: -244.92876002883028 | Average Reward: -376.195 | Steps: 48037 | Total Reward: -203286.82881027233|
| Episode: 568 | Epsilon:  0.05 | Reward: -427.509663084052 | Average Reward: -373.789 | Steps: 48115 | Total Reward: -203714.33847335627|
| Episode: 569 | Epsilon:  0.05 | Reward: -679.4737623227509 | Average Reward: -375.753 | Steps: 48220 | Total Reward: -204393.81223567907|
| Episode: 570 | Epsilon:  0.05 | Reward: -318.56135546505766 | Average Reward: -372.227 | Steps: 48303 | Total Reward: -204712.37359114405|
| Episode: 571 | Epsilon:  0.05 | Reward: -135.91900143863188 | Average Reward: -370.218 | Steps: 48380 | Total Reward: -204848.29259258264|
| Episode: 572 | Epsilon:  0.05 | Reward: -296.5486049534114 | Average Reward: -369.296 | Steps: 48461 | Total Reward: -205144.84119753607|
| Episode: 573 | Epsilon:  0.05 | Reward: -343.29361069872243 | Average Reward: -371.182 | Steps: 48559 | Total Reward: -205488.1348082347|
| Episode: 574 | Epsilon:  0.05 | Reward: -564.9487093347525 | Average Reward: -372.261 | Steps: 48628 | Total Reward: -206053.08351756944|
| Episode: 575 | Epsilon:  0.05 | Reward: -239.6184088760749 | Average Reward: -370.955 | Steps: 48683 | Total Reward: -206292.7019264455|
| Episode: 576 | Epsilon:  0.05 | Reward: -151.83392340716748 | Average Reward: -370.408 | Steps: 48736 | Total Reward: -206444.5358498527|
| Episode: 577 | Epsilon:  0.05 | Reward: -147.6459153317167 | Average Reward: -368.475 | Steps: 48915 | Total Reward: -206592.1817651845|
| Episode: 578 | Epsilon:  0.05 | Reward: -202.67730005925864 | Average Reward: -364.710 | Steps: 49037 | Total Reward: -206794.85906524377|
| Episode: 579 | Epsilon:  0.05 | Reward: -119.9459350056969 | Average Reward: -361.053 | Steps: 49125 | Total Reward: -206914.80500024947|
| Episode: 580 | Epsilon:  0.05 | Reward: -284.19883433870535 | Average Reward: -362.245 | Steps: 49209 | Total Reward: -207199.00383458816|
| Episode: 581 | Epsilon:  0.05 | Reward: -324.53767188787594 | Average Reward: -360.483 | Steps: 49270 | Total Reward: -207523.5415064761|
| Episode: 582 | Epsilon:  0.05 | Reward: -481.22006292465323 | Average Reward: -361.726 | Steps: 49366 | Total Reward: -208004.7615694008|
| Episode: 583 | Epsilon:  0.05 | Reward: -569.889028577917 | Average Reward: -361.453 | Steps: 49440 | Total Reward: -208574.6505979786|
| Episode: 584 | Epsilon:  0.05 | Reward: -455.4492552796731 | Average Reward: -361.116 | Steps: 49533 | Total Reward: -209030.09985325835|
| Episode: 585 | Epsilon:  0.05 | Reward: -421.8960011664827 | Average Reward: -362.905 | Steps: 49590 | Total Reward: -209451.99585442487|
| Episode: 586 | Epsilon:  0.05 | Reward: -683.4414601110884 | Average Reward: -369.347 | Steps: 49661 | Total Reward: -210135.43731453593|
| Episode: 587 | Epsilon:  0.05 | Reward: -487.5819504072987 | Average Reward: -369.760 | Steps: 49725 | Total Reward: -210623.01926494337|
| Episode: 588 | Epsilon:  0.05 | Reward: -168.49643313778898 | Average Reward: -366.674 | Steps: 49811 | Total Reward: -210791.51569808097|
| Episode: 589 | Epsilon:  0.05 | Reward: -331.1062326397377 | Average Reward: -363.758 | Steps: 49880 | Total Reward: -211122.62193072066|
| Episode: 590 | Epsilon:  0.05 | Reward: -407.89368731317927 | Average Reward: -364.368 | Steps: 49955 | Total Reward: -211530.51561803388|
| Episode: 591 | Epsilon:  0.05 | Reward: -319.00509740198004 | Average Reward: -365.248 | Steps: 50100 | Total Reward: -211849.52071543588|
| Episode: 592 | Epsilon:  0.05 | Reward: -80.08623996931095 | Average Reward: -364.053 | Steps: 50203 | Total Reward: -211929.60695540512|
| Episode: 593 | Epsilon:  0.05 | Reward: -203.02928279436395 | Average Reward: -362.611 | Steps: 50269 | Total Reward: -212132.63623819948|
| Episode: 594 | Epsilon:  0.05 | Reward: -531.0196836459198 | Average Reward: -362.242 | Steps: 50343 | Total Reward: -212663.65592184535|
| Episode: 595 | Epsilon:  0.05 | Reward: -395.41166032654377 | Average Reward: -363.598 | Steps: 50395 | Total Reward: -213059.06758217182|
| Episode: 596 | Epsilon:  0.05 | Reward: -409.53179037420773 | Average Reward: -366.079 | Steps: 50459 | Total Reward: -213468.59937254593|
| Episode: 597 | Epsilon:  0.05 | Reward: -115.96174509069962 | Average Reward: -364.630 | Steps: 50521 | Total Reward: -213584.56111763665|
| Episode: 598 | Epsilon:  0.05 | Reward: -270.05093686297516 | Average Reward: -365.627 | Steps: 50598 | Total Reward: -213854.61205449965|
| Episode: 599 | Epsilon:  0.05 | Reward: -650.6620286424022 | Average Reward: -369.081 | Steps: 50673 | Total Reward: -214505.274083142|
| Episode: 600 | Epsilon:  0.05 | Reward: -150.9451925783841 | Average Reward: -362.770 | Steps: 50799 | Total Reward: -214656.21927572048|
| Episode: 601 | Epsilon:  0.05 | Reward: -568.7541314465183 | Average Reward: -364.529 | Steps: 50904 | Total Reward: -215224.97340716713|
| Episode: 602 | Epsilon:  0.05 | Reward: -555.7626105567408 | Average Reward: -367.403 | Steps: 50978 | Total Reward: -215780.73601772386|
| Episode: 603 | Epsilon:  0.05 | Reward: -386.5380887163958 | Average Reward: -369.622 | Steps: 51050 | Total Reward: -216167.27410644013|
| Episode: 604 | Epsilon:  0.05 | Reward: -567.9824839424323 | Average Reward: -369.206 | Steps: 51130 | Total Reward: -216735.2565903826|
| Episode: 605 | Epsilon:  0.05 | Reward: -121.41608799263282 | Average Reward: -364.704 | Steps: 51229 | Total Reward: -216856.6726783753|
| Episode: 606 | Epsilon:  0.05 | Reward: -325.5618457929795 | Average Reward: -365.717 | Steps: 51305 | Total Reward: -217182.23452416816|
| Episode: 607 | Epsilon:  0.05 | Reward: -550.4222712923208 | Average Reward: -365.948 | Steps: 51379 | Total Reward: -217732.65679546059|
| Episode: 608 | Epsilon:  0.05 | Reward: -546.3111580322357 | Average Reward: -367.514 | Steps: 51443 | Total Reward: -218278.96795349283|
| Episode: 609 | Epsilon:  0.05 | Reward: -165.70278276749292 | Average Reward: -365.672 | Steps: 51513 | Total Reward: -218444.67073626033|
| Episode: 610 | Epsilon:  0.05 | Reward: -204.13585473820473 | Average Reward: -360.425 | Steps: 51571 | Total Reward: -218648.80659099855|
| Episode: 611 | Epsilon:  0.05 | Reward: -247.55805202979562 | Average Reward: -359.730 | Steps: 51667 | Total Reward: -218896.36464302838|
| Episode: 612 | Epsilon:  0.05 | Reward: -1091.2611887930332 | Average Reward: -367.148 | Steps: 51800 | Total Reward: -219987.62583182158|
| Episode: 613 | Epsilon:  0.05 | Reward: -429.4299447761598 | Average Reward: -369.608 | Steps: 51884 | Total Reward: -220417.0557765978|
| Episode: 614 | Epsilon:  0.05 | Reward: -937.9711279969599 | Average Reward: -374.855 | Steps: 51984 | Total Reward: -221355.02690459474|
| Episode: 615 | Epsilon:  0.05 | Reward: -270.6062932028681 | Average Reward: -374.721 | Steps: 52038 | Total Reward: -221625.6331977975|
| Episode: 616 | Epsilon:  0.05 | Reward: -467.8910044583723 | Average Reward: -373.892 | Steps: 52111 | Total Reward: -222093.5242022558|
| Episode: 617 | Epsilon:  0.05 | Reward: -478.8870177114311 | Average Reward: -373.612 | Steps: 52189 | Total Reward: -222572.41121996724|
| Episode: 618 | Epsilon:  0.05 | Reward: -413.0209695504638 | Average Reward: -372.022 | Steps: 52323 | Total Reward: -222985.4321895177|
| Episode: 619 | Epsilon:  0.05 | Reward: -100.76077080968328 | Average Reward: -371.052 | Steps: 52413 | Total Reward: -223086.1929603273|
| Episode: 620 | Epsilon:  0.05 | Reward: -224.4540156988803 | Average Reward: -371.213 | Steps: 52489 | Total Reward: -223310.6469760261|
| Episode: 621 | Epsilon:  0.05 | Reward: -32.1511761331669 | Average Reward: -370.549 | Steps: 52549 | Total Reward: -223342.79815215932|
| Episode: 622 | Epsilon:  0.05 | Reward: -205.4757828823693 | Average Reward: -366.364 | Steps: 52603 | Total Reward: -223548.2739350417|
| Episode: 623 | Epsilon:  0.05 | Reward: -300.6989357292233 | Average Reward: -363.535 | Steps: 52678 | Total Reward: -223848.972870771|
| Episode: 624 | Epsilon:  0.05 | Reward: -101.70848343518804 | Average Reward: -356.870 | Steps: 52739 | Total Reward: -223950.68135420617|
| Episode: 625 | Epsilon:  0.05 | Reward: -215.830314138435 | Average Reward: -356.050 | Steps: 52835 | Total Reward: -224166.51166834467|
| Episode: 626 | Epsilon:  0.05 | Reward: -366.81560209300414 | Average Reward: -355.261 | Steps: 52888 | Total Reward: -224533.32727043785|
| Episode: 627 | Epsilon:  0.05 | Reward: -161.50724268086796 | Average Reward: -353.764 | Steps: 52955 | Total Reward: -224694.83451311867|
| Episode: 628 | Epsilon:  0.05 | Reward: -238.84180344947993 | Average Reward: -353.188 | Steps: 53075 | Total Reward: -224933.6763165681|
| Episode: 629 | Epsilon:  0.05 | Reward: -132.0636225303275 | Average Reward: -353.016 | Steps: 53229 | Total Reward: -225065.73993909848|
| Episode: 630 | Epsilon:  0.05 | Reward: -362.61334832778516 | Average Reward: -353.197 | Steps: 53349 | Total Reward: -225428.3532874264|
| Episode: 631 | Epsilon:  0.05 | Reward: -352.13519774419603 | Average Reward: -354.160 | Steps: 53424 | Total Reward: -225780.48848517073|
| Episode: 632 | Epsilon:  0.05 | Reward: -900.1620743659558 | Average Reward: -361.647 | Steps: 53592 | Total Reward: -226680.65055953665|
| Episode: 633 | Epsilon:  0.05 | Reward: -426.4431425545831 | Average Reward: -363.571 | Steps: 53679 | Total Reward: -227107.09370209122|
| Episode: 634 | Epsilon:  0.05 | Reward: -378.2835611912489 | Average Reward: -362.780 | Steps: 53755 | Total Reward: -227485.3772632824|
| Episode: 635 | Epsilon:  0.05 | Reward: -738.3413739077567 | Average Reward: -367.179 | Steps: 53846 | Total Reward: -228223.71863719018|
| Episode: 636 | Epsilon:  0.05 | Reward: -69.78395151342377 | Average Reward: -363.600 | Steps: 53918 | Total Reward: -228293.5025887036|
| Episode: 637 | Epsilon:  0.05 | Reward: -437.88702940767035 | Average Reward: -364.499 | Steps: 54012 | Total Reward: -228731.3896181112|
| Episode: 638 | Epsilon:  0.05 | Reward: -225.9845488207987 | Average Reward: -363.604 | Steps: 54100 | Total Reward: -228957.37416693204|
| Episode: 639 | Epsilon:  0.05 | Reward: -79.06778449868197 | Average Reward: -363.037 | Steps: 54207 | Total Reward: -229036.44195143084|
| Episode: 640 | Epsilon:  0.05 | Reward: -306.71216374486187 | Average Reward: -363.386 | Steps: 54318 | Total Reward: -229343.15411517577|
| Episode: 641 | Epsilon:  0.05 | Reward: -32.62635720810199 | Average Reward: -358.451 | Steps: 54385 | Total Reward: -229375.7804723839|
| Episode: 642 | Epsilon:  0.05 | Reward: -446.7812022905192 | Average Reward: -360.725 | Steps: 54476 | Total Reward: -229822.56167467433|
| Episode: 643 | Epsilon:  0.05 | Reward: -358.5969633349292 | Average Reward: -360.150 | Steps: 54556 | Total Reward: -230181.15863800925|
| Episode: 644 | Epsilon:  0.05 | Reward: -492.72876893176624 | Average Reward: -361.994 | Steps: 54640 | Total Reward: -230673.88740694115|
| Episode: 645 | Epsilon:  0.05 | Reward: -283.06763696840216 | Average Reward: -361.794 | Steps: 54734 | Total Reward: -230956.95504390975|
