+------------------------+----------------------------+--------------------+
|                        |     Supported Features     |  Program Commands  |
+========================+============================+====================+
| Compatible Layers      | Hopfield Layer,            | hopfield,          |
|                        | HopfieldLayer Layer,       | hopfield_layer,    |
|                        | HopfieldPooling Layer,     | hopfield_pooling,  |
|                        | LSTM,                      | lstm,              |
|                        | GRU                        | gru                |
+------------------------+----------------------------+--------------------+
| Supported Loss Metrics | Huber Loss,                | huber,             |
|                        | Mean Absolute Error Loss,  | mae,               |
|                        | Mean Squared Error Loss,   | mse,               |
|                        | SmoothL1 Loss              | smooth_l1          |
+------------------------+----------------------------+--------------------+
| Supported Optimizers   | RMSprop (default),         | rmsprop,           |
|                        | AdamW,                     | adam,              |
|                        | Adam                       | adamW              |
+------------------------+----------------------------+--------------------+
| Episode:   1 | Epsilon:  0.90 | Reward: -92.36702816362761 | Average Reward: -92.367 | Steps:    99 | Total Reward: -92.36702816362761|
| Episode:   2 | Epsilon:  0.86 | Reward: -157.93105573551512 | Average Reward: -125.149 | Steps:   189 | Total Reward: -250.2980838991427|
| Episode:   3 | Epsilon:  0.82 | Reward: -79.2021254773291 | Average Reward: -109.833 | Steps:   247 | Total Reward: -329.5002093764715|
| Episode:   4 | Epsilon:  0.79 | Reward: -160.31965934143608 | Average Reward: -122.455 | Steps:   352 | Total Reward: -489.81986871790684|
| Episode:   5 | Epsilon:  0.75 | Reward: -209.45048132293576 | Average Reward: -139.854 | Steps:   481 | Total Reward: -699.2703500408418|
| Episode:   6 | Epsilon:  0.72 | Reward: -137.1288196414942 | Average Reward: -139.400 | Steps:   565 | Total Reward: -836.3991696823363|
| Episode:   7 | Epsilon:  0.69 | Reward: -38.603636550960616 | Average Reward: -125.000 | Steps:   631 | Total Reward: -875.0028062332967|
| Episode:   8 | Epsilon:  0.66 | Reward: -85.89588813149139 | Average Reward: -120.112 | Steps:   735 | Total Reward: -960.8986943647884|
| Episode:   9 | Epsilon:  0.64 | Reward: -132.37840696062096 | Average Reward: -121.475 | Steps:   836 | Total Reward: -1093.2771013254096|
| Episode:  10 | Epsilon:  0.61 | Reward: -146.01450056015045 | Average Reward: -123.929 | Steps:   918 | Total Reward: -1239.2916018855594|
| Episode:  11 | Epsilon:  0.59 | Reward: -151.10196310815138 | Average Reward: -126.399 | Steps:   980 | Total Reward: -1390.393564993711|
| Episode:  12 | Epsilon:  0.56 | Reward: -126.02536686904268 | Average Reward: -126.368 | Steps:  1058 | Total Reward: -1516.4189318627527|
| Episode:  13 | Epsilon:  0.54 | Reward: 21.467803443916225 | Average Reward: -114.996 | Steps:  1135 | Total Reward: -1494.9511284188357|
| Episode:  14 | Epsilon:  0.52 | Reward: 14.810146804250138 | Average Reward: -105.724 | Steps:  1217 | Total Reward: -1480.140981614586|
| Episode:  15 | Epsilon:  0.50 | Reward: -217.38097268113836 | Average Reward: -113.168 | Steps:  1307 | Total Reward: -1697.5219542957243|
| Episode:  16 | Epsilon:  0.48 | Reward: -142.0805274279607 | Average Reward: -114.975 | Steps:  1367 | Total Reward: -1839.6024817236855|
| Episode:  17 | Epsilon:  0.46 | Reward: -120.13552387598918 | Average Reward: -115.279 | Steps:  1432 | Total Reward: -1959.7380055996744|
| Episode:  18 | Epsilon:  0.44 | Reward: -116.3153695771289 | Average Reward: -115.336 | Steps:  1498 | Total Reward: -2076.053375176803|
| Episode:  19 | Epsilon:  0.43 | Reward: -159.33313851836624 | Average Reward: -117.652 | Steps:  1583 | Total Reward: -2235.386513695169|
| Episode:  20 | Epsilon:  0.41 | Reward: -81.32009553977669 | Average Reward: -115.835 | Steps:  1642 | Total Reward: -2316.706609234944|
| Episode:  21 | Epsilon:  0.39 | Reward: -129.34722629473873 | Average Reward: -116.479 | Steps:  1732 | Total Reward: -2446.0538355296817|
| Episode:  22 | Epsilon:  0.38 | Reward: -110.64686702070624 | Average Reward: -116.214 | Steps:  1791 | Total Reward: -2556.7007025503895|
| Episode:  23 | Epsilon:  0.37 | Reward: -91.59732142239466 | Average Reward: -115.143 | Steps:  1853 | Total Reward: -2648.298023972784|
| Episode:  24 | Epsilon:  0.35 | Reward: -105.18996049592566 | Average Reward: -114.729 | Steps:  1916 | Total Reward: -2753.4879844687084|
| Episode:  25 | Epsilon:  0.34 | Reward: -137.0194750621182 | Average Reward: -115.620 | Steps:  1974 | Total Reward: -2890.507459530825|
| Episode:  26 | Epsilon:  0.33 | Reward: -664.9171386998615 | Average Reward: -136.747 | Steps:  2251 | Total Reward: -3555.4245982306857|
| Episode:  27 | Epsilon:  0.32 | Reward: -224.95639985472687 | Average Reward: -140.014 | Steps:  2347 | Total Reward: -3780.380998085413|
| Episode:  28 | Epsilon:  0.31 | Reward: -258.1363058010912 | Average Reward: -144.233 | Steps:  2453 | Total Reward: -4038.5173038865046|
| Episode:  29 | Epsilon:  0.30 | Reward: -154.75911775385174 | Average Reward: -144.596 | Steps:  2567 | Total Reward: -4193.276421640355|
| Episode:  30 | Epsilon:  0.29 | Reward: -277.48197122132666 | Average Reward: -149.025 | Steps:  2685 | Total Reward: -4470.758392861679|
| Episode:  31 | Epsilon:  0.28 | Reward: -87.76194991714814 | Average Reward: -147.049 | Steps:  2859 | Total Reward: -4558.520342778829|
| Episode:  32 | Epsilon:  0.27 | Reward: -510.90036633588574 | Average Reward: -158.419 | Steps:  3039 | Total Reward: -5069.420709114714|
| Episode:  33 | Epsilon:  0.26 | Reward: -331.67299520473784 | Average Reward: -163.670 | Steps:  3254 | Total Reward: -5401.093704319446|
| Episode:  34 | Epsilon:  0.25 | Reward: -236.1734065615449 | Average Reward: -165.802 | Steps:  3508 | Total Reward: -5637.267110881003|
| Episode:  35 | Epsilon:  0.25 | Reward: -208.34866330543667 | Average Reward: -167.018 | Steps:  3702 | Total Reward: -5845.615774186441|
| Episode:  36 | Epsilon:  0.24 | Reward: -217.24745539947148 | Average Reward: -168.413 | Steps:  3943 | Total Reward: -6062.863229585916|
| Episode:  37 | Epsilon:  0.23 | Reward: -83.77223881626894 | Average Reward: -166.125 | Steps:  4140 | Total Reward: -6146.6354684021835|
| Episode:  38 | Epsilon:  0.23 | Reward: -91.9198305435841 | Average Reward: -164.173 | Steps:  4330 | Total Reward: -6238.5552989457665|
| Episode:  39 | Epsilon:  0.22 | Reward: -211.88892327231 | Average Reward: -165.396 | Steps:  4656 | Total Reward: -6450.444222218069|
| Episode:  40 | Epsilon:  0.21 | Reward: -65.72879144630083 | Average Reward: -162.904 | Steps:  4862 | Total Reward: -6516.173013664372|
| Episode:  41 | Epsilon:  0.21 | Reward: -1.6086861924669051 | Average Reward: -158.970 | Steps:  5086 | Total Reward: -6517.781699856841|
| Episode:  42 | Epsilon:  0.20 | Reward: -211.81314011200942 | Average Reward: -160.228 | Steps:  5328 | Total Reward: -6729.594839968858|
| Episode:  43 | Epsilon:  0.20 | Reward: -227.45854907939724 | Average Reward: -161.792 | Steps:  5614 | Total Reward: -6957.053389048255|
| Episode:  44 | Epsilon:  0.19 | Reward: -256.1236384668812 | Average Reward: -163.936 | Steps:  5970 | Total Reward: -7213.177027515122|
| Episode:  45 | Epsilon:  0.19 | Reward: -47.46505876917284 | Average Reward: -161.348 | Steps:  6300 | Total Reward: -7260.642086284297|
| Episode:  46 | Epsilon:  0.18 | Reward: -278.2513334284867 | Average Reward: -163.889 | Steps:  6458 | Total Reward: -7538.893419712783|
| Episode:  47 | Epsilon:  0.18 | Reward: -52.49594544060278 | Average Reward: -161.519 | Steps:  6672 | Total Reward: -7591.3893651533845|
| Episode:  48 | Epsilon:  0.18 | Reward: -72.60150915336114 | Average Reward: -159.666 | Steps:  6895 | Total Reward: -7663.990874306754|
| Episode:  49 | Epsilon:  0.17 | Reward: 59.08921916659736 | Average Reward: -155.202 | Steps:  7096 | Total Reward: -7604.901655140148|
| Episode:  50 | Epsilon:  0.17 | Reward: -79.37334739554444 | Average Reward: -153.686 | Steps:  7309 | Total Reward: -7684.275002535689|
| Episode:  51 | Epsilon:  0.17 | Reward: -41.79376335943424 | Average Reward: -151.492 | Steps:  7602 | Total Reward: -7726.068765895124|
| Episode:  52 | Epsilon:  0.16 | Reward: -112.6361395946264 | Average Reward: -150.744 | Steps:  7819 | Total Reward: -7838.704905489751|
| Episode:  53 | Epsilon:  0.16 | Reward: -2.3901235696238388 | Average Reward: -147.945 | Steps:  8039 | Total Reward: -7841.095029059373|
| Episode:  54 | Epsilon:  0.16 | Reward: -251.53826592669154 | Average Reward: -149.864 | Steps:  8196 | Total Reward: -8092.633294986061|
| Episode:  55 | Epsilon:  0.15 | Reward: -310.2955783526773 | Average Reward: -152.781 | Steps:  8433 | Total Reward: -8402.928873338738|
| Episode:  56 | Epsilon:  0.15 | Reward: -288.98087613819735 | Average Reward: -155.213 | Steps:  8692 | Total Reward: -8691.90974947694|
| Episode:  57 | Epsilon:  0.15 | Reward: -188.72992255884049 | Average Reward: -155.801 | Steps:  8872 | Total Reward: -8880.639672035775|
| Episode:  58 | Epsilon:  0.15 | Reward: -113.96817905385683 | Average Reward: -155.079 | Steps:  9127 | Total Reward: -8994.607851089628|
| Episode:  59 | Epsilon:  0.14 | Reward: -144.34504754413751 | Average Reward: -154.898 | Steps:  9249 | Total Reward: -9138.952898633763|
| Episode:  60 | Epsilon:  0.14 | Reward: -184.91034844719093 | Average Reward: -155.398 | Steps:  9393 | Total Reward: -9323.863247080948|
| Episode:  61 | Epsilon:  0.14 | Reward: -63.529565244981484 | Average Reward: -153.892 | Steps:  9607 | Total Reward: -9387.39281232592|
| Episode:  62 | Epsilon:  0.14 | Reward: -272.123075926417 | Average Reward: -155.799 | Steps:  9885 | Total Reward: -9659.51588825233|
| Episode:  63 | Epsilon:  0.14 | Reward: -54.398800142503234 | Average Reward: -154.189 | Steps: 10070 | Total Reward: -9713.91468839482|
| Episode:  64 | Epsilon:  0.13 | Reward: -247.94832643808508 | Average Reward: -155.654 | Steps: 10202 | Total Reward: -9961.863014832907|
| Episode:  65 | Epsilon:  0.13 | Reward: -485.2605531360398 | Average Reward: -160.725 | Steps: 10405 | Total Reward: -10447.123567968927|
| Episode:  66 | Epsilon:  0.13 | Reward: -208.9085477075352 | Average Reward: -161.455 | Steps: 10691 | Total Reward: -10656.032115676473|
| Episode:  67 | Epsilon:  0.13 | Reward: -198.93696914734136 | Average Reward: -162.014 | Steps: 10941 | Total Reward: -10854.969084823806|
| Episode:  68 | Epsilon:  0.13 | Reward: -19.14380880352097 | Average Reward: -159.913 | Steps: 11149 | Total Reward: -10874.112893627329|
| Episode:  69 | Epsilon:  0.13 | Reward: -217.79296404625094 | Average Reward: -160.752 | Steps: 11350 | Total Reward: -11091.905857673568|
| Episode:  70 | Epsilon:  0.13 | Reward: -142.48507547586536 | Average Reward: -160.491 | Steps: 11608 | Total Reward: -11234.390933149423|
| Episode:  71 | Epsilon:  0.12 | Reward: -220.36051410798538 | Average Reward: -161.335 | Steps: 11850 | Total Reward: -11454.751447257397|
| Episode:  72 | Epsilon:  0.12 | Reward: -147.1094308489014 | Average Reward: -161.137 | Steps: 12001 | Total Reward: -11601.860878106298|
| Episode:  73 | Epsilon:  0.12 | Reward: -14.746956107387959 | Average Reward: -159.132 | Steps: 12152 | Total Reward: -11616.607834213688|
| Episode:  74 | Epsilon:  0.12 | Reward: -175.091297568986 | Average Reward: -159.347 | Steps: 12321 | Total Reward: -11791.699131782687|
| Episode:  75 | Epsilon:  0.12 | Reward: -222.57836465958383 | Average Reward: -160.190 | Steps: 12460 | Total Reward: -12014.27749644228|
| Episode:  76 | Epsilon:  0.12 | Reward: -81.98107585338742 | Average Reward: -159.161 | Steps: 12714 | Total Reward: -12096.258572295668|
| Episode:  77 | Epsilon:  0.12 | Reward: -66.81316135823889 | Average Reward: -157.962 | Steps: 12912 | Total Reward: -12163.07173365391|
| Episode:  78 | Epsilon:  0.12 | Reward: -227.2508043033999 | Average Reward: -158.850 | Steps: 13108 | Total Reward: -12390.322537957305|
| Episode:  79 | Epsilon:  0.12 | Reward: -213.5878157624411 | Average Reward: -159.543 | Steps: 13268 | Total Reward: -12603.91035371974|
| Episode:  80 | Epsilon:  0.12 | Reward: -16.258394765421357 | Average Reward: -157.752 | Steps: 13507 | Total Reward: -12620.16874848517|
| Episode:  81 | Epsilon:  0.11 | Reward: -271.59439544079 | Average Reward: -159.158 | Steps: 13803 | Total Reward: -12891.763143925966|
| Episode:  82 | Epsilon:  0.11 | Reward: -35.691706712356776 | Average Reward: -157.652 | Steps: 14001 | Total Reward: -12927.454850638333|
| Episode:  83 | Epsilon:  0.11 | Reward: -254.6832763391479 | Average Reward: -158.821 | Steps: 14186 | Total Reward: -13182.138126977481|
| Episode:  84 | Epsilon:  0.11 | Reward: -69.35494499581 | Average Reward: -157.756 | Steps: 14379 | Total Reward: -13251.493071973293|
| Episode:  85 | Epsilon:  0.11 | Reward: -76.1080517801086 | Average Reward: -156.795 | Steps: 14652 | Total Reward: -13327.60112375339|
| Episode:  86 | Epsilon:  0.11 | Reward: 0.6677509748755597 | Average Reward: -154.964 | Steps: 14816 | Total Reward: -13326.933372778529|
| Episode:  87 | Epsilon:  0.11 | Reward: 5.575566588540099 | Average Reward: -153.119 | Steps: 14941 | Total Reward: -13321.357806189988|
| Episode:  88 | Epsilon:  0.11 | Reward: -178.76750729467997 | Average Reward: -153.411 | Steps: 15123 | Total Reward: -13500.125313484665|
| Episode:  89 | Epsilon:  0.11 | Reward: -209.96265280357636 | Average Reward: -154.046 | Steps: 15332 | Total Reward: -13710.087966288236|
| Episode:  90 | Epsilon:  0.11 | Reward: -206.17877689729812 | Average Reward: -154.625 | Steps: 15587 | Total Reward: -13916.266743185533|
| Episode:  91 | Epsilon:  0.11 | Reward: -406.64796798876387 | Average Reward: -157.395 | Steps: 15765 | Total Reward: -14322.914711174302|
| Episode:  92 | Epsilon:  0.11 | Reward: -297.54129959869783 | Average Reward: -158.918 | Steps: 15939 | Total Reward: -14620.456010773007|
| Episode:  93 | Epsilon:  0.11 | Reward: -212.8241171688391 | Average Reward: -159.498 | Steps: 16131 | Total Reward: -14833.28012794185|
| Episode:  94 | Epsilon:  0.11 | Reward: -183.38284394763713 | Average Reward: -159.752 | Steps: 16297 | Total Reward: -15016.662971889498|
| Episode:  95 | Epsilon:  0.11 | Reward: -338.0298135331294 | Average Reward: -161.628 | Steps: 16433 | Total Reward: -15354.692785422627|
| Episode:  96 | Epsilon:  0.11 | Reward: -7.670028843056272 | Average Reward: -160.025 | Steps: 16645 | Total Reward: -15362.362814265676|
| Episode:  97 | Epsilon:  0.11 | Reward: -224.17337997841457 | Average Reward: -160.686 | Steps: 16818 | Total Reward: -15586.536194244092|
| Episode:  98 | Epsilon:  0.11 | Reward: -252.52146103854727 | Average Reward: -161.623 | Steps: 17075 | Total Reward: -15839.05765528266|
| Episode:  99 | Epsilon:  0.11 | Reward: -225.8277406103981 | Average Reward: -162.272 | Steps: 17245 | Total Reward: -16064.885395893067|
| Episode: 100 | Epsilon:  0.11 | Reward: -131.97280269755333 | Average Reward: -161.969 | Steps: 17435 | Total Reward: -16196.858198590618|
| Episode: 101 | Epsilon:  0.11 | Reward: -215.16480252431614 | Average Reward: -163.197 | Steps: 17677 | Total Reward: -16412.02300111494|
| Episode: 102 | Epsilon:  0.11 | Reward: -280.9877460458408 | Average Reward: -164.427 | Steps: 17820 | Total Reward: -16693.010747160748|
| Episode: 103 | Epsilon:  0.10 | Reward: -178.583842162059 | Average Reward: -165.421 | Steps: 17950 | Total Reward: -16871.59458932281|
| Episode: 104 | Epsilon:  0.10 | Reward: -128.49840224987398 | Average Reward: -165.103 | Steps: 18131 | Total Reward: -17000.092991572703|
| Episode: 105 | Epsilon:  0.10 | Reward: -72.62082285149776 | Average Reward: -163.734 | Steps: 18272 | Total Reward: -17072.713814424213|
| Episode: 106 | Epsilon:  0.10 | Reward: -201.7450873014385 | Average Reward: -164.381 | Steps: 18459 | Total Reward: -17274.458901725637|
| Episode: 107 | Epsilon:  0.10 | Reward: -354.68568028110974 | Average Reward: -167.541 | Steps: 18605 | Total Reward: -17629.14458200673|
| Episode: 108 | Epsilon:  0.10 | Reward: -147.46509730102164 | Average Reward: -168.157 | Steps: 18760 | Total Reward: -17776.609679307745|
| Episode: 109 | Epsilon:  0.10 | Reward: 6.9129576816279865 | Average Reward: -166.764 | Steps: 19039 | Total Reward: -17769.696721626093|
| Episode: 110 | Epsilon:  0.10 | Reward: -117.98483621435474 | Average Reward: -166.484 | Steps: 19226 | Total Reward: -17887.681557840435|
| Episode: 111 | Epsilon:  0.10 | Reward: -227.9564069963837 | Average Reward: -167.252 | Steps: 19390 | Total Reward: -18115.637964836806|
| Episode: 112 | Epsilon:  0.10 | Reward: 30.816251574654558 | Average Reward: -165.684 | Steps: 19537 | Total Reward: -18084.82171326214|
| Episode: 113 | Epsilon:  0.10 | Reward: -198.7807761911339 | Average Reward: -167.887 | Steps: 19697 | Total Reward: -18283.602489453257|
| Episode: 114 | Epsilon:  0.10 | Reward: -339.61735892714285 | Average Reward: -171.431 | Steps: 19911 | Total Reward: -18623.21984838041|
| Episode: 115 | Epsilon:  0.10 | Reward: -93.9255492265902 | Average Reward: -170.196 | Steps: 20089 | Total Reward: -18717.14539760697|
| Episode: 116 | Epsilon:  0.10 | Reward: -246.72369501743242 | Average Reward: -171.243 | Steps: 20259 | Total Reward: -18963.8690926244|
| Episode: 117 | Epsilon:  0.10 | Reward: -394.87793494012067 | Average Reward: -173.990 | Steps: 20404 | Total Reward: -19358.74702756452|
| Episode: 118 | Epsilon:  0.10 | Reward: 5.024224523454279 | Average Reward: -172.777 | Steps: 20606 | Total Reward: -19353.722803041066|
| Episode: 119 | Epsilon:  0.10 | Reward: -171.05058118202487 | Average Reward: -172.894 | Steps: 20723 | Total Reward: -19524.773384223077|
| Episode: 120 | Epsilon:  0.10 | Reward: -251.69699649123564 | Average Reward: -174.598 | Steps: 20956 | Total Reward: -19776.47038071432|
| Episode: 121 | Epsilon:  0.10 | Reward: -258.026456773359 | Average Reward: -175.884 | Steps: 21083 | Total Reward: -20034.49683748769|
| Episode: 122 | Epsilon:  0.10 | Reward: -171.76553375944775 | Average Reward: -176.496 | Steps: 21221 | Total Reward: -20206.26237124715|
| Episode: 123 | Epsilon:  0.10 | Reward: -7.531866348333267 | Average Reward: -175.655 | Steps: 21420 | Total Reward: -20213.794237595488|
| Episode: 124 | Epsilon:  0.10 | Reward: -338.22794991221303 | Average Reward: -177.985 | Steps: 21596 | Total Reward: -20552.022187507668|
| Episode: 125 | Epsilon:  0.10 | Reward: -191.01632680798326 | Average Reward: -178.525 | Steps: 21779 | Total Reward: -20743.038514315656|
| Episode: 126 | Epsilon:  0.10 | Reward: -248.42273715024677 | Average Reward: -174.360 | Steps: 21991 | Total Reward: -20991.4612514659|
| Episode: 127 | Epsilon:  0.10 | Reward: -112.66883349797348 | Average Reward: -173.237 | Steps: 22144 | Total Reward: -21104.13008496388|
| Episode: 128 | Epsilon:  0.10 | Reward: -90.47446222122088 | Average Reward: -171.561 | Steps: 22363 | Total Reward: -21194.60454718509|
| Episode: 129 | Epsilon:  0.10 | Reward: -24.011050880194432 | Average Reward: -170.253 | Steps: 22626 | Total Reward: -21218.615598065287|
| Episode: 130 | Epsilon:  0.10 | Reward: -124.37222939498824 | Average Reward: -168.722 | Steps: 22769 | Total Reward: -21342.987827460278|
| Episode: 131 | Epsilon:  0.10 | Reward: -75.8956140431933 | Average Reward: -168.604 | Steps: 22939 | Total Reward: -21418.88344150348|
| Episode: 132 | Epsilon:  0.10 | Reward: -94.75531760309607 | Average Reward: -164.442 | Steps: 23139 | Total Reward: -21513.63875910658|
| Episode: 133 | Epsilon:  0.10 | Reward: -35.989324048195044 | Average Reward: -161.485 | Steps: 23334 | Total Reward: -21549.628083154777|
| Episode: 134 | Epsilon:  0.10 | Reward: -52.01897586448547 | Average Reward: -159.644 | Steps: 23537 | Total Reward: -21601.647059019255|
| Episode: 135 | Epsilon:  0.10 | Reward: -288.5671651878332 | Average Reward: -160.446 | Steps: 23779 | Total Reward: -21890.21422420711|
| Episode: 136 | Epsilon:  0.10 | Reward: -134.03794677911952 | Average Reward: -159.614 | Steps: 23949 | Total Reward: -22024.252170986245|
| Episode: 137 | Epsilon:  0.10 | Reward: -342.0380448268811 | Average Reward: -162.197 | Steps: 24143 | Total Reward: -22366.290215813093|
| Episode: 138 | Epsilon:  0.10 | Reward: 1.1088181670618127 | Average Reward: -161.266 | Steps: 24257 | Total Reward: -22365.18139764602|
| Episode: 139 | Epsilon:  0.10 | Reward: -37.40612026438512 | Average Reward: -159.521 | Steps: 24523 | Total Reward: -22402.587517910415|
| Episode: 140 | Epsilon:  0.10 | Reward: -204.1041173586037 | Average Reward: -160.905 | Steps: 24708 | Total Reward: -22606.69163526902|
| Episode: 141 | Epsilon:  0.10 | Reward: -348.7585553614633 | Average Reward: -164.377 | Steps: 24969 | Total Reward: -22955.45019063047|
| Episode: 142 | Epsilon:  0.10 | Reward: -118.95037585096992 | Average Reward: -163.448 | Steps: 25157 | Total Reward: -23074.400566481436|
| Episode: 143 | Epsilon:  0.10 | Reward: -245.72514499072895 | Average Reward: -163.631 | Steps: 25347 | Total Reward: -23320.125711472185|
| Episode: 144 | Epsilon:  0.10 | Reward: -77.80054354900629 | Average Reward: -161.847 | Steps: 25531 | Total Reward: -23397.926255021197|
| Episode: 145 | Epsilon:  0.10 | Reward: -145.9496493829585 | Average Reward: -162.832 | Steps: 25881 | Total Reward: -23543.875904404176|
| Episode: 146 | Epsilon:  0.10 | Reward: -83.3568306242928 | Average Reward: -160.883 | Steps: 26075 | Total Reward: -23627.232735028458|
| Episode: 147 | Epsilon:  0.10 | Reward: -95.72712643510054 | Average Reward: -161.316 | Steps: 26269 | Total Reward: -23722.959861463525|
| Episode: 148 | Epsilon:  0.10 | Reward: -61.18373462218006 | Average Reward: -161.202 | Steps: 26581 | Total Reward: -23784.1435960857|
| Episode: 149 | Epsilon:  0.10 | Reward: -80.58829946325876 | Average Reward: -162.598 | Steps: 26799 | Total Reward: -23864.731895548954|
| Episode: 150 | Epsilon:  0.10 | Reward: -18.7226440193853 | Average Reward: -161.992 | Steps: 26997 | Total Reward: -23883.454539568324|
| Episode: 151 | Epsilon:  0.10 | Reward: -78.24148786317174 | Average Reward: -162.356 | Steps: 27171 | Total Reward: -23961.6960274315|
| Episode: 152 | Epsilon:  0.10 | Reward: -220.8806022247061 | Average Reward: -163.439 | Steps: 27371 | Total Reward: -24182.576629656214|
| Episode: 153 | Epsilon:  0.10 | Reward: -57.66313409571332 | Average Reward: -163.991 | Steps: 27556 | Total Reward: -24240.23976375192|
| Episode: 154 | Epsilon:  0.10 | Reward: -66.06298403454674 | Average Reward: -162.137 | Steps: 27747 | Total Reward: -24306.302747786474|
| Episode: 155 | Epsilon:  0.10 | Reward: -76.12806598592238 | Average Reward: -159.795 | Steps: 28240 | Total Reward: -24382.43081377234|
| Episode: 156 | Epsilon:  0.10 | Reward: -110.31424063376605 | Average Reward: -158.008 | Steps: 28436 | Total Reward: -24492.745054406092|
| Episode: 157 | Epsilon:  0.10 | Reward: -83.6194419477541 | Average Reward: -156.957 | Steps: 28606 | Total Reward: -24576.364496353846|
| Episode: 158 | Epsilon:  0.10 | Reward: -93.58758232377212 | Average Reward: -156.753 | Steps: 28796 | Total Reward: -24669.952078677634|
| Episode: 159 | Epsilon:  0.10 | Reward: -361.43025860341487 | Average Reward: -158.924 | Steps: 29009 | Total Reward: -25031.382337281055|
| Episode: 160 | Epsilon:  0.10 | Reward: -235.35341214008739 | Average Reward: -159.429 | Steps: 29178 | Total Reward: -25266.735749421136|
| Episode: 161 | Epsilon:  0.10 | Reward: -232.68997620192977 | Average Reward: -161.120 | Steps: 29382 | Total Reward: -25499.425725623078|
| Episode: 162 | Epsilon:  0.10 | Reward: -300.98501758307236 | Average Reward: -161.409 | Steps: 29576 | Total Reward: -25800.410743206183|
| Episode: 163 | Epsilon:  0.10 | Reward: -51.35009990472588 | Average Reward: -161.378 | Steps: 29679 | Total Reward: -25851.760843110904|
| Episode: 164 | Epsilon:  0.10 | Reward: -194.4603529447451 | Average Reward: -160.844 | Steps: 29873 | Total Reward: -26046.221196055678|
| Episode: 165 | Epsilon:  0.10 | Reward: -201.9182360877325 | Average Reward: -158.010 | Steps: 30042 | Total Reward: -26248.139432143395|
| Episode: 166 | Epsilon:  0.10 | Reward: -96.54454560435013 | Average Reward: -156.887 | Steps: 30233 | Total Reward: -26344.68397774773|
| Episode: 167 | Epsilon:  0.10 | Reward: -177.77095838327563 | Average Reward: -156.675 | Steps: 30473 | Total Reward: -26522.454936130966|
| Episode: 168 | Epsilon:  0.10 | Reward: -286.0336742497283 | Average Reward: -159.344 | Steps: 30738 | Total Reward: -26808.48861038066|
| Episode: 169 | Epsilon:  0.10 | Reward: -79.27885016304316 | Average Reward: -157.959 | Steps: 30953 | Total Reward: -26887.767460543706|
| Episode: 170 | Epsilon:  0.10 | Reward: -313.5273910070928 | Average Reward: -159.669 | Steps: 31087 | Total Reward: -27201.294851550774|
| Episode: 171 | Epsilon:  0.10 | Reward: -113.26157830758177 | Average Reward: -158.598 | Steps: 31249 | Total Reward: -27314.556429858367|
| Episode: 172 | Epsilon:  0.10 | Reward: -201.95797863348253 | Average Reward: -159.147 | Steps: 31475 | Total Reward: -27516.514408491847|
| Episode: 173 | Epsilon:  0.10 | Reward: -20.785762206367693 | Average Reward: -159.207 | Steps: 31593 | Total Reward: -27537.30017069822|
| Episode: 174 | Epsilon:  0.10 | Reward: -38.5929572201983 | Average Reward: -157.842 | Steps: 31796 | Total Reward: -27575.893127918403|
| Episode: 175 | Epsilon:  0.10 | Reward: -259.28370663936346 | Average Reward: -158.209 | Steps: 32022 | Total Reward: -27835.17683455774|
| Episode: 176 | Epsilon:  0.10 | Reward: -119.83775990461697 | Average Reward: -158.588 | Steps: 32175 | Total Reward: -27955.014594462347|
| Episode: 177 | Epsilon:  0.10 | Reward: -102.69378343945623 | Average Reward: -158.946 | Steps: 32380 | Total Reward: -28057.70837790181|
| Episode: 178 | Epsilon:  0.10 | Reward: -227.76206896457455 | Average Reward: -158.951 | Steps: 32526 | Total Reward: -28285.470446866384|
| Episode: 179 | Epsilon:  0.10 | Reward: -276.14490780193887 | Average Reward: -159.577 | Steps: 32763 | Total Reward: -28561.615354668324|
| Episode: 180 | Epsilon:  0.10 | Reward: -246.74941142712345 | Average Reward: -161.882 | Steps: 32892 | Total Reward: -28808.364766095434|
| Episode: 181 | Epsilon:  0.10 | Reward: -130.5717506740969 | Average Reward: -160.472 | Steps: 33113 | Total Reward: -28938.936516769536|
| Episode: 182 | Epsilon:  0.10 | Reward: -154.3510437652538 | Average Reward: -161.658 | Steps: 33278 | Total Reward: -29093.287560534787|
| Episode: 183 | Epsilon:  0.10 | Reward: -55.65138861588661 | Average Reward: -159.668 | Steps: 33486 | Total Reward: -29148.938949150666|
| Episode: 184 | Epsilon:  0.10 | Reward: -235.3386939953186 | Average Reward: -161.328 | Steps: 33608 | Total Reward: -29384.277643145986|
| Episode: 185 | Epsilon:  0.10 | Reward: -230.45501363663632 | Average Reward: -162.871 | Steps: 33861 | Total Reward: -29614.73265678262|
| Episode: 186 | Epsilon:  0.10 | Reward: -199.6406970664116 | Average Reward: -164.874 | Steps: 34008 | Total Reward: -29814.373353849045|
| Episode: 187 | Epsilon:  0.10 | Reward: -333.2226720110988 | Average Reward: -168.262 | Steps: 34147 | Total Reward: -30147.596025860134|
| Episode: 188 | Epsilon:  0.10 | Reward: -231.31561225086625 | Average Reward: -168.788 | Steps: 34336 | Total Reward: -30378.911638110992|
| Episode: 189 | Epsilon:  0.10 | Reward: -267.8005909879043 | Average Reward: -169.366 | Steps: 34509 | Total Reward: -30646.7122290989|
| Episode: 190 | Epsilon:  0.10 | Reward: -226.98730350121699 | Average Reward: -169.574 | Steps: 34639 | Total Reward: -30873.69953260013|
| Episode: 191 | Epsilon:  0.10 | Reward: -211.50426339565252 | Average Reward: -167.623 | Steps: 34771 | Total Reward: -31085.2037959958|
| Episode: 192 | Epsilon:  0.10 | Reward: -199.55221750866747 | Average Reward: -166.643 | Steps: 34960 | Total Reward: -31284.75601350447|
| Episode: 193 | Epsilon:  0.10 | Reward: -239.37623220741023 | Average Reward: -166.909 | Steps: 35142 | Total Reward: -31524.13224571186|
| Episode: 194 | Epsilon:  0.10 | Reward: -51.47966198201341 | Average Reward: -165.589 | Steps: 35263 | Total Reward: -31575.611907693874|
| Episode: 195 | Epsilon:  0.10 | Reward: -209.3574188028229 | Average Reward: -164.303 | Steps: 35413 | Total Reward: -31784.969326496663|
| Episode: 196 | Epsilon:  0.10 | Reward: -89.21578404729102 | Average Reward: -165.118 | Steps: 35661 | Total Reward: -31874.185110543945|
| Episode: 197 | Epsilon:  0.10 | Reward: -203.23410718070016 | Average Reward: -164.909 | Steps: 35802 | Total Reward: -32077.419217724644|
| Episode: 198 | Epsilon:  0.10 | Reward: -377.1442751580833 | Average Reward: -166.155 | Steps: 35996 | Total Reward: -32454.563492882742|
| Episode: 199 | Epsilon:  0.10 | Reward: -82.56561178778557 | Average Reward: -164.722 | Steps: 36184 | Total Reward: -32537.12910467054|
| Episode: 200 | Epsilon:  0.10 | Reward: -155.46974709717523 | Average Reward: -164.957 | Steps: 36311 | Total Reward: -32692.598851767718|
| Episode: 201 | Epsilon:  0.10 | Reward: -21.229496757096513 | Average Reward: -163.018 | Steps: 36482 | Total Reward: -32713.828348524858|
| Episode: 202 | Epsilon:  0.10 | Reward: -241.8428561287984 | Average Reward: -162.627 | Steps: 36628 | Total Reward: -32955.67120465366|
| Episode: 203 | Epsilon:  0.10 | Reward: -161.23198126015143 | Average Reward: -162.453 | Steps: 36804 | Total Reward: -33116.90318591379|
| Episode: 204 | Epsilon:  0.10 | Reward: -243.42178811578205 | Average Reward: -163.602 | Steps: 36992 | Total Reward: -33360.32497402959|
| Episode: 205 | Epsilon:  0.10 | Reward: -166.85113961623915 | Average Reward: -164.545 | Steps: 37131 | Total Reward: -33527.17611364585|
| Episode: 206 | Epsilon:  0.10 | Reward: -74.51552034330513 | Average Reward: -163.272 | Steps: 37322 | Total Reward: -33601.69163398912|
| Episode: 207 | Epsilon:  0.10 | Reward: 27.641654853451513 | Average Reward: -159.449 | Steps: 37527 | Total Reward: -33574.049979135685|
| Episode: 208 | Epsilon:  0.10 | Reward: -243.8123495840694 | Average Reward: -160.413 | Steps: 37857 | Total Reward: -33817.862328719784|
| Episode: 209 | Epsilon:  0.10 | Reward: -74.73221795080079 | Average Reward: -161.229 | Steps: 38034 | Total Reward: -33892.59454667056|
| Episode: 210 | Epsilon:  0.10 | Reward: -210.52100662942928 | Average Reward: -162.154 | Steps: 38238 | Total Reward: -34103.115553299984|
| Episode: 211 | Epsilon:  0.10 | Reward: -230.21114482504876 | Average Reward: -162.177 | Steps: 38474 | Total Reward: -34333.32669812503|
| Episode: 212 | Epsilon:  0.10 | Reward: -29.21544959636678 | Average Reward: -162.777 | Steps: 38629 | Total Reward: -34362.54214772139|
| Episode: 213 | Epsilon:  0.10 | Reward: -270.7043070316668 | Average Reward: -163.496 | Steps: 38844 | Total Reward: -34633.246454753054|
| Episode: 214 | Epsilon:  0.10 | Reward: -185.83037674920968 | Average Reward: -161.959 | Steps: 39036 | Total Reward: -34819.07683150226|
| Episode: 215 | Epsilon:  0.10 | Reward: -220.41146530481228 | Average Reward: -163.223 | Steps: 39296 | Total Reward: -35039.48829680698|
| Episode: 216 | Epsilon:  0.10 | Reward: 65.05439563050595 | Average Reward: -160.106 | Steps: 39499 | Total Reward: -34974.4339011764|
| Episode: 217 | Epsilon:  0.10 | Reward: -176.94351010867211 | Average Reward: -157.926 | Steps: 39661 | Total Reward: -35151.37741128503|
| Episode: 218 | Epsilon:  0.10 | Reward: -249.48467948291295 | Average Reward: -160.471 | Steps: 39806 | Total Reward: -35400.86209076795|
| Episode: 219 | Epsilon:  0.10 | Reward: -86.63118639861443 | Average Reward: -159.627 | Steps: 40076 | Total Reward: -35487.49327716656|
| Episode: 220 | Epsilon:  0.10 | Reward: -127.51782787847263 | Average Reward: -158.385 | Steps: 40343 | Total Reward: -35615.011105045014|
| Episode: 221 | Epsilon:  0.10 | Reward: -126.09748806482631 | Average Reward: -157.066 | Steps: 40532 | Total Reward: -35741.10859310991|
| Episode: 222 | Epsilon:  0.10 | Reward: -181.7881852674777 | Average Reward: -157.166 | Steps: 40744 | Total Reward: -35922.89677837737|
| Episode: 223 | Epsilon:  0.10 | Reward: -231.4403364001495 | Average Reward: -159.405 | Steps: 40810 | Total Reward: -36154.33711477753|
| Episode: 224 | Epsilon:  0.10 | Reward: -72.63555573819781 | Average Reward: -156.750 | Steps: 40958 | Total Reward: -36226.97267051573|
| Episode: 225 | Epsilon:  0.10 | Reward: -246.4182672159314 | Average Reward: -157.304 | Steps: 41160 | Total Reward: -36473.39093773166|
| Episode: 226 | Epsilon:  0.10 | Reward: -261.76242476392656 | Average Reward: -157.437 | Steps: 41361 | Total Reward: -36735.15336249557|
| Episode: 227 | Epsilon:  0.10 | Reward: -56.757655961674715 | Average Reward: -156.878 | Steps: 41586 | Total Reward: -36791.91101845727|
| Episode: 228 | Epsilon:  0.10 | Reward: -229.45040479929662 | Average Reward: -158.268 | Steps: 41726 | Total Reward: -37021.36142325659|
| Episode: 229 | Epsilon:  0.10 | Reward: -197.39250642725892 | Average Reward: -160.001 | Steps: 41851 | Total Reward: -37218.7539296838|
| Episode: 230 | Epsilon:  0.10 | Reward: -266.0662372303525 | Average Reward: -161.418 | Steps: 42041 | Total Reward: -37484.82016691415|
| Episode: 231 | Epsilon:  0.10 | Reward: -267.166670045648 | Average Reward: -163.331 | Steps: 42163 | Total Reward: -37751.986836959826|
| Episode: 232 | Epsilon:  0.10 | Reward: -301.5363181075718 | Average Reward: -165.399 | Steps: 42339 | Total Reward: -38053.52315506743|
| Episode: 233 | Epsilon:  0.10 | Reward: -222.6094364422944 | Average Reward: -167.265 | Steps: 42513 | Total Reward: -38276.13259150971|
| Episode: 234 | Epsilon:  0.10 | Reward: -91.59901133137362 | Average Reward: -167.661 | Steps: 42797 | Total Reward: -38367.731602841115|
| Episode: 235 | Epsilon:  0.10 | Reward: -201.46097036666995 | Average Reward: -166.790 | Steps: 43000 | Total Reward: -38569.1925732078|
| Episode: 236 | Epsilon:  0.10 | Reward: -122.18596524284672 | Average Reward: -166.671 | Steps: 43199 | Total Reward: -38691.37853845066|
| Episode: 237 | Epsilon:  0.10 | Reward: -405.6539033983033 | Average Reward: -167.307 | Steps: 43419 | Total Reward: -39097.03244184902|
| Episode: 238 | Epsilon:  0.10 | Reward: -204.69189590544235 | Average Reward: -169.365 | Steps: 43635 | Total Reward: -39301.72433775445|
| Episode: 239 | Epsilon:  0.10 | Reward: -205.6633408093494 | Average Reward: -171.048 | Steps: 43828 | Total Reward: -39507.387678563806|
| Episode: 240 | Epsilon:  0.10 | Reward: -50.92983292733143 | Average Reward: -169.516 | Steps: 44031 | Total Reward: -39558.317511491165|
| Episode: 241 | Epsilon:  0.10 | Reward: -243.16151155404728 | Average Reward: -168.460 | Steps: 44230 | Total Reward: -39801.47902304519|
| Episode: 242 | Epsilon:  0.10 | Reward: 17.35445277253926 | Average Reward: -167.097 | Steps: 45230 | Total Reward: -39784.12457027262|
| Episode: 243 | Epsilon:  0.10 | Reward: -244.34934776393806 | Average Reward: -167.083 | Steps: 45378 | Total Reward: -40028.47391803654|
| Episode: 244 | Epsilon:  0.10 | Reward: -360.82655341519245 | Average Reward: -169.914 | Steps: 45603 | Total Reward: -40389.300471451694|
| Episode: 245 | Epsilon:  0.10 | Reward: 87.29307611673839 | Average Reward: -167.581 | Steps: 46603 | Total Reward: -40302.00739533501|
| Episode: 246 | Epsilon:  0.10 | Reward: -307.60322578553905 | Average Reward: -169.824 | Steps: 46814 | Total Reward: -40609.61062112056|
| Episode: 247 | Epsilon:  0.10 | Reward: -159.5390712857403 | Average Reward: -170.462 | Steps: 47027 | Total Reward: -40769.14969240625|
| Episode: 248 | Epsilon:  0.10 | Reward: -117.4055456969968 | Average Reward: -171.024 | Steps: 47223 | Total Reward: -40886.555238103254|
| Episode: 249 | Epsilon:  0.10 | Reward: -265.16970464873873 | Average Reward: -172.870 | Steps: 47391 | Total Reward: -41151.724942752|
| Episode: 250 | Epsilon:  0.10 | Reward: -232.06220780897962 | Average Reward: -175.003 | Steps: 47461 | Total Reward: -41383.78715056095|
| Episode: 251 | Epsilon:  0.10 | Reward: -293.5773066841043 | Average Reward: -177.157 | Steps: 47610 | Total Reward: -41677.36445724502|
| Episode: 252 | Epsilon:  0.10 | Reward: 109.30867352639366 | Average Reward: -173.855 | Steps: 48610 | Total Reward: -41568.05578371857|
| Episode: 253 | Epsilon:  0.10 | Reward: -274.94262529712614 | Average Reward: -176.028 | Steps: 48807 | Total Reward: -41842.99840901565|
| Episode: 254 | Epsilon:  0.10 | Reward: -234.0763098965493 | Average Reward: -177.708 | Steps: 48933 | Total Reward: -42077.07471891222|
| Episode: 255 | Epsilon:  0.10 | Reward: -167.96612325855438 | Average Reward: -178.626 | Steps: 49062 | Total Reward: -42245.040842170776|
| Episode: 256 | Epsilon:  0.10 | Reward: -251.4486351838176 | Average Reward: -180.037 | Steps: 49274 | Total Reward: -42496.48947735464|
| Episode: 257 | Epsilon:  0.10 | Reward: -93.10479235094913 | Average Reward: -180.132 | Steps: 49476 | Total Reward: -42589.594269705594|
| Episode: 258 | Epsilon:  0.10 | Reward: -360.987037725412 | Average Reward: -182.806 | Steps: 49676 | Total Reward: -42950.581307431006|
| Episode: 259 | Epsilon:  0.10 | Reward: -94.99009664065245 | Average Reward: -180.142 | Steps: 49893 | Total Reward: -43045.57140407162|
| Episode: 260 | Epsilon:  0.10 | Reward: -49.79784015760299 | Average Reward: -178.286 | Steps: 50082 | Total Reward: -43095.3692442292|
| Episode: 261 | Epsilon:  0.10 | Reward: -397.1335650626289 | Average Reward: -179.931 | Steps: 50268 | Total Reward: -43492.50280929179|
| Episode: 262 | Epsilon:  0.10 | Reward: -265.333408231593 | Average Reward: -179.574 | Steps: 50432 | Total Reward: -43757.836217523356|
| Episode: 263 | Epsilon:  0.10 | Reward: -263.2640427288725 | Average Reward: -181.693 | Steps: 50560 | Total Reward: -44021.10026025221|
| Episode: 264 | Epsilon:  0.10 | Reward: -247.7342542366446 | Average Reward: -182.226 | Steps: 50704 | Total Reward: -44268.834514488844|
| Episode: 265 | Epsilon:  0.10 | Reward: -276.1399306860768 | Average Reward: -182.968 | Steps: 50916 | Total Reward: -44544.97444517489|
| Episode: 266 | Epsilon:  0.10 | Reward: -24.087141652421877 | Average Reward: -182.244 | Steps: 51109 | Total Reward: -44569.06158682735|
| Episode: 267 | Epsilon:  0.10 | Reward: -274.18651163362097 | Average Reward: -183.208 | Steps: 51223 | Total Reward: -44843.248098460994|
| Episode: 268 | Epsilon:  0.10 | Reward: -222.95948326322502 | Average Reward: -182.577 | Steps: 51346 | Total Reward: -45066.20758172414|
| Episode: 269 | Epsilon:  0.10 | Reward: -281.30391526728084 | Average Reward: -184.597 | Steps: 51559 | Total Reward: -45347.511496991385|
| Episode: 270 | Epsilon:  0.10 | Reward: -181.56178885588562 | Average Reward: -183.278 | Steps: 51684 | Total Reward: -45529.07328584727|
| Episode: 271 | Epsilon:  0.10 | Reward: -125.20543701383386 | Average Reward: -183.397 | Steps: 51924 | Total Reward: -45654.27872286104|
| Episode: 272 | Epsilon:  0.10 | Reward: -260.56278442180775 | Average Reward: -183.983 | Steps: 52064 | Total Reward: -45914.84150728282|
| Episode: 273 | Epsilon:  0.10 | Reward: -254.46534191669704 | Average Reward: -186.320 | Steps: 52285 | Total Reward: -46169.30684919952|
| Episode: 274 | Epsilon:  0.10 | Reward: -228.53950451384972 | Average Reward: -188.220 | Steps: 52409 | Total Reward: -46397.84635371338|
| Episode: 275 | Epsilon:  0.10 | Reward: -40.3191214181219 | Average Reward: -186.030 | Steps: 52615 | Total Reward: -46438.16547513151|
| Episode: 276 | Epsilon:  0.10 | Reward: -211.45289253714648 | Average Reward: -186.946 | Steps: 52771 | Total Reward: -46649.61836766862|
| Episode: 277 | Epsilon:  0.10 | Reward: -198.9862955663146 | Average Reward: -187.909 | Steps: 52984 | Total Reward: -46848.60466323494|
| Episode: 278 | Epsilon:  0.10 | Reward: -218.76570373396433 | Average Reward: -187.819 | Steps: 53148 | Total Reward: -47067.37036696886|
| Episode: 279 | Epsilon:  0.10 | Reward: -98.94275984973106 | Average Reward: -186.047 | Steps: 53361 | Total Reward: -47166.313126818575|
| Episode: 280 | Epsilon:  0.10 | Reward: -80.30080499922978 | Average Reward: -184.382 | Steps: 53546 | Total Reward: -47246.61393181777|
| Episode: 281 | Epsilon:  0.10 | Reward: -252.8501130437262 | Average Reward: -185.605 | Steps: 53701 | Total Reward: -47499.46404486145|
| Episode: 282 | Epsilon:  0.10 | Reward: -38.638271775272855 | Average Reward: -184.448 | Steps: 53871 | Total Reward: -47538.1023166367|
| Episode: 283 | Epsilon:  0.10 | Reward: -66.43530059488647 | Average Reward: -184.556 | Steps: 54067 | Total Reward: -47604.53761723156|
| Episode: 284 | Epsilon:  0.10 | Reward: -221.1584510296292 | Average Reward: -184.414 | Steps: 54296 | Total Reward: -47825.6960682612|
| Episode: 285 | Epsilon:  0.10 | Reward: -71.76867298585985 | Average Reward: -182.827 | Steps: 54574 | Total Reward: -47897.464741247124|
| Episode: 286 | Epsilon:  0.10 | Reward: -237.85040603580615 | Average Reward: -183.209 | Steps: 54792 | Total Reward: -48135.31514728293|
| Episode: 287 | Epsilon:  0.10 | Reward: -91.49802792397463 | Average Reward: -180.792 | Steps: 55017 | Total Reward: -48226.813175206946|
| Episode: 288 | Epsilon:  0.10 | Reward: -100.42607394693651 | Average Reward: -179.483 | Steps: 55179 | Total Reward: -48327.2392491539|
| Episode: 289 | Epsilon:  0.10 | Reward: -64.23156368485252 | Average Reward: -177.448 | Steps: 55434 | Total Reward: -48391.47081283874|
| Episode: 290 | Epsilon:  0.10 | Reward: -73.55129144611882 | Average Reward: -175.913 | Steps: 55620 | Total Reward: -48465.02210428486|
| Episode: 291 | Epsilon:  0.10 | Reward: -171.82893952440708 | Average Reward: -175.516 | Steps: 55777 | Total Reward: -48636.85104380924|
| Episode: 292 | Epsilon:  0.10 | Reward: 16.018845764496717 | Average Reward: -173.361 | Steps: 55994 | Total Reward: -48620.8321980447|
| Episode: 293 | Epsilon:  0.10 | Reward: -252.3408309521708 | Average Reward: -173.490 | Steps: 56162 | Total Reward: -48873.17302899689|
| Episode: 294 | Epsilon:  0.10 | Reward: -116.53367039045885 | Average Reward: -174.141 | Steps: 56357 | Total Reward: -48989.706699387294|
| Episode: 295 | Epsilon:  0.10 | Reward: -320.5557315431744 | Average Reward: -175.253 | Steps: 56641 | Total Reward: -49310.26243093047|
| Episode: 296 | Epsilon:  0.10 | Reward: -36.39867626527537 | Average Reward: -174.725 | Steps: 56839 | Total Reward: -49346.66110719575|
| Episode: 297 | Epsilon:  0.10 | Reward: -193.10402682250896 | Average Reward: -174.623 | Steps: 57047 | Total Reward: -49539.765134018286|
| Episode: 298 | Epsilon:  0.10 | Reward: -163.30944359170047 | Average Reward: -172.485 | Steps: 57222 | Total Reward: -49703.07457760993|
| Episode: 299 | Epsilon:  0.10 | Reward: -59.70002165373259 | Average Reward: -172.256 | Steps: 57388 | Total Reward: -49762.77459926365|
| Episode: 300 | Epsilon:  0.10 | Reward: -258.37390135570536 | Average Reward: -173.285 | Steps: 57540 | Total Reward: -50021.14850061934|
| Episode: 301 | Epsilon:  0.10 | Reward: -215.25074272506816 | Average Reward: -175.226 | Steps: 57661 | Total Reward: -50236.39924334443|
| Episode: 302 | Epsilon:  0.10 | Reward: -169.4657328066129 | Average Reward: -174.502 | Steps: 57804 | Total Reward: -50405.86497615111|
| Episode: 303 | Epsilon:  0.10 | Reward: -261.9682042886345 | Average Reward: -175.509 | Steps: 58041 | Total Reward: -50667.833180439724|
| Episode: 304 | Epsilon:  0.10 | Reward: -200.13081577301557 | Average Reward: -175.076 | Steps: 58204 | Total Reward: -50867.96399621275|
| Episode: 305 | Epsilon:  0.10 | Reward: -202.33914986956404 | Average Reward: -175.431 | Steps: 58358 | Total Reward: -51070.30314608231|
| Episode: 306 | Epsilon:  0.10 | Reward: -259.61303852780486 | Average Reward: -177.282 | Steps: 58544 | Total Reward: -51329.916184610105|
| Episode: 307 | Epsilon:  0.10 | Reward: -189.92822068968502 | Average Reward: -179.458 | Steps: 58804 | Total Reward: -51519.84440529978|
| Episode: 308 | Epsilon:  0.10 | Reward: -94.95403294967124 | Average Reward: -177.969 | Steps: 59028 | Total Reward: -51614.79843824943|
| Episode: 309 | Epsilon:  0.10 | Reward: -240.80636397519706 | Average Reward: -179.630 | Steps: 59236 | Total Reward: -51855.604802224596|
| Episode: 310 | Epsilon:  0.10 | Reward: -222.19892367219182 | Average Reward: -179.747 | Steps: 59398 | Total Reward: -52077.80372589682|
| Episode: 311 | Epsilon:  0.10 | Reward: -263.7128753879964 | Average Reward: -180.082 | Steps: 59674 | Total Reward: -52341.51660128479|
| Episode: 312 | Epsilon:  0.10 | Reward: -81.77031161270585 | Average Reward: -180.607 | Steps: 59897 | Total Reward: -52423.286912897514|
| Episode: 313 | Epsilon:  0.10 | Reward: -263.6422683919089 | Average Reward: -180.537 | Steps: 60049 | Total Reward: -52686.929181289444|
| Episode: 314 | Epsilon:  0.10 | Reward: -235.4098227811366 | Average Reward: -181.033 | Steps: 60262 | Total Reward: -52922.33900407064|
| Episode: 315 | Epsilon:  0.10 | Reward: -184.19129255132333 | Average Reward: -180.670 | Steps: 60429 | Total Reward: -53106.530296621975|
| Episode: 316 | Epsilon:  0.10 | Reward: -205.85495142507227 | Average Reward: -183.380 | Steps: 60609 | Total Reward: -53312.385248047074|
| Episode: 317 | Epsilon:  0.10 | Reward: -224.70378345709423 | Average Reward: -183.857 | Steps: 60858 | Total Reward: -53537.08903150413|
| Episode: 318 | Epsilon:  0.10 | Reward: -50.65271844740741 | Average Reward: -181.869 | Steps: 61055 | Total Reward: -53587.74174995147|
| Episode: 319 | Epsilon:  0.10 | Reward: -283.04045365546835 | Average Reward: -183.833 | Steps: 61280 | Total Reward: -53870.782203606934|
| Episode: 320 | Epsilon:  0.10 | Reward: -242.4006465667933 | Average Reward: -184.982 | Steps: 61562 | Total Reward: -54113.182850173675|
| Episode: 321 | Epsilon:  0.10 | Reward: -217.2485792360398 | Average Reward: -185.893 | Steps: 61699 | Total Reward: -54330.4314294097|
| Episode: 322 | Epsilon:  0.10 | Reward: -200.26141919920303 | Average Reward: -186.078 | Steps: 61899 | Total Reward: -54530.69284860888|
| Episode: 323 | Epsilon:  0.10 | Reward: -192.21530823622612 | Average Reward: -185.686 | Steps: 62038 | Total Reward: -54722.90815684507|
| Episode: 324 | Epsilon:  0.10 | Reward: -223.87837404138668 | Average Reward: -187.198 | Steps: 62235 | Total Reward: -54946.78653088644|
| Episode: 325 | Epsilon:  0.10 | Reward: -222.85252964700675 | Average Reward: -186.962 | Steps: 62469 | Total Reward: -55169.639060533475|
| Episode: 326 | Epsilon:  0.10 | Reward: -192.19600108977025 | Average Reward: -186.267 | Steps: 62666 | Total Reward: -55361.83506162326|
| Episode: 327 | Epsilon:  0.10 | Reward: -52.78998820447721 | Average Reward: -186.227 | Steps: 62869 | Total Reward: -55414.62504982774|
| Episode: 328 | Epsilon:  0.10 | Reward: -219.94659160422646 | Average Reward: -186.132 | Steps: 63104 | Total Reward: -55634.571641431925|
| Episode: 329 | Epsilon:  0.10 | Reward: -62.374167835856895 | Average Reward: -184.782 | Steps: 63861 | Total Reward: -55696.94580926787|
| Episode: 330 | Epsilon:  0.10 | Reward: -177.53252697367074 | Average Reward: -183.897 | Steps: 63974 | Total Reward: -55874.47833624153|
| Episode: 331 | Epsilon:  0.10 | Reward: -181.40678719040397 | Average Reward: -183.039 | Steps: 64133 | Total Reward: -56055.885123431945|
| Episode: 332 | Epsilon:  0.10 | Reward: -70.93216559329404 | Average Reward: -180.733 | Steps: 64384 | Total Reward: -56126.817289025304|
| Episode: 333 | Epsilon:  0.10 | Reward: -42.0481723009804 | Average Reward: -178.927 | Steps: 64614 | Total Reward: -56168.86546132624|
| Episode: 334 | Epsilon:  0.10 | Reward: -238.9796549943583 | Average Reward: -180.401 | Steps: 64876 | Total Reward: -56407.84511632064|
| Episode: 335 | Epsilon:  0.10 | Reward: -307.09793408785214 | Average Reward: -181.458 | Steps: 65084 | Total Reward: -56714.94305040853|
| Episode: 336 | Epsilon:  0.10 | Reward: -191.7137899443345 | Average Reward: -182.153 | Steps: 65245 | Total Reward: -56906.656840352836|
| Episode: 337 | Epsilon:  0.10 | Reward: -154.151434182451 | Average Reward: -179.638 | Steps: 65411 | Total Reward: -57060.808274535295|
| Episode: 338 | Epsilon:  0.10 | Reward: -247.54787708182417 | Average Reward: -180.066 | Steps: 65631 | Total Reward: -57308.356151617154|
| Episode: 339 | Epsilon:  0.10 | Reward: -168.42261337520048 | Average Reward: -179.694 | Steps: 65790 | Total Reward: -57476.77876499236|
| Episode: 340 | Epsilon:  0.10 | Reward: -224.9817901269463 | Average Reward: -181.434 | Steps: 65947 | Total Reward: -57701.76055511933|
| Episode: 341 | Epsilon:  0.10 | Reward: -260.5955046367194 | Average Reward: -181.609 | Steps: 66150 | Total Reward: -57962.356059755984|
| Episode: 342 | Epsilon:  0.10 | Reward: -211.02351739167904 | Average Reward: -183.893 | Steps: 66406 | Total Reward: -58173.37957714764|
| Episode: 343 | Epsilon:  0.10 | Reward: -71.89377242442143 | Average Reward: -182.168 | Steps: 66618 | Total Reward: -58245.273349572046|
| Episode: 344 | Epsilon:  0.10 | Reward: -251.9448863605669 | Average Reward: -181.079 | Steps: 66866 | Total Reward: -58497.21823593259|
| Episode: 345 | Epsilon:  0.10 | Reward: -364.8226285542626 | Average Reward: -185.600 | Steps: 66954 | Total Reward: -58862.040864486866|
| Episode: 346 | Epsilon:  0.10 | Reward: -101.9181650817729 | Average Reward: -183.543 | Steps: 67148 | Total Reward: -58963.95902956862|
| Episode: 347 | Epsilon:  0.10 | Reward: -216.9650670221772 | Average Reward: -184.118 | Steps: 67402 | Total Reward: -59180.924096590774|
| Episode: 348 | Epsilon:  0.10 | Reward: -194.91867737453524 | Average Reward: -184.893 | Steps: 67556 | Total Reward: -59375.84277396531|
| Episode: 349 | Epsilon:  0.10 | Reward: -155.4022968827843 | Average Reward: -183.795 | Steps: 67689 | Total Reward: -59531.24507084813|
| Episode: 350 | Epsilon:  0.10 | Reward: -17.009515173426067 | Average Reward: -181.645 | Steps: 67878 | Total Reward: -59548.25458602152|
| Episode: 351 | Epsilon:  0.10 | Reward: -288.5711434319643 | Average Reward: -181.595 | Steps: 68081 | Total Reward: -59836.82572945346|
| Episode: 352 | Epsilon:  0.10 | Reward: -31.93719018703503 | Average Reward: -183.007 | Steps: 68384 | Total Reward: -59868.76291964051|
| Episode: 353 | Epsilon:  0.10 | Reward: -84.39963832469195 | Average Reward: -181.102 | Steps: 68531 | Total Reward: -59953.16255796517|
| Episode: 354 | Epsilon:  0.10 | Reward: -78.29824857793123 | Average Reward: -179.544 | Steps: 68774 | Total Reward: -60031.4608065431|
| Episode: 355 | Epsilon:  0.10 | Reward: -213.12484530191938 | Average Reward: -179.995 | Steps: 69036 | Total Reward: -60244.58565184503|
| Episode: 356 | Epsilon:  0.10 | Reward: -208.7991062668957 | Average Reward: -179.569 | Steps: 69222 | Total Reward: -60453.384758111926|
| Episode: 357 | Epsilon:  0.10 | Reward: -38.87976703067886 | Average Reward: -179.027 | Steps: 69396 | Total Reward: -60492.2645251426|
| Episode: 358 | Epsilon:  0.10 | Reward: -291.650499253346 | Average Reward: -178.333 | Steps: 69608 | Total Reward: -60783.91502439601|
| Episode: 359 | Epsilon:  0.10 | Reward: -60.60863765265784 | Average Reward: -177.990 | Steps: 69786 | Total Reward: -60844.523662048654|
| Episode: 360 | Epsilon:  0.10 | Reward: -235.7535503021967 | Average Reward: -179.849 | Steps: 69942 | Total Reward: -61080.27721235085|
| Episode: 361 | Epsilon:  0.10 | Reward: -73.83354887659698 | Average Reward: -176.616 | Steps: 70124 | Total Reward: -61154.11076122745|
| Episode: 362 | Epsilon:  0.10 | Reward: -220.56422585747072 | Average Reward: -176.168 | Steps: 70323 | Total Reward: -61374.6749870849|
| Episode: 363 | Epsilon:  0.10 | Reward: -24.70403587475748 | Average Reward: -173.783 | Steps: 70543 | Total Reward: -61399.37902295962|
| Episode: 364 | Epsilon:  0.10 | Reward: -209.43057680489233 | Average Reward: -173.400 | Steps: 70712 | Total Reward: -61608.80959976447|
| Episode: 365 | Epsilon:  0.10 | Reward: -200.5881564558013 | Average Reward: -172.644 | Steps: 70933 | Total Reward: -61809.39775622025|
| Episode: 366 | Epsilon:  0.10 | Reward: -19.821808441028836 | Average Reward: -172.602 | Steps: 71151 | Total Reward: -61829.2195646613|
| Episode: 367 | Epsilon:  0.10 | Reward: -236.7310198183659 | Average Reward: -172.227 | Steps: 71362 | Total Reward: -62065.95058447971|
| Episode: 368 | Epsilon:  0.10 | Reward: -219.81254285502553 | Average Reward: -172.196 | Steps: 71756 | Total Reward: -62285.76312733472|
| Episode: 369 | Epsilon:  0.10 | Reward: -69.48048707002293 | Average Reward: -170.077 | Steps: 71956 | Total Reward: -62355.243614404724|
| Episode: 370 | Epsilon:  0.10 | Reward: 101.48195905868353 | Average Reward: -167.247 | Steps: 72956 | Total Reward: -62253.7616553461|
| Episode: 371 | Epsilon:  0.10 | Reward: -214.36733526585783 | Average Reward: -168.139 | Steps: 73117 | Total Reward: -62468.12899061196|
| Episode: 372 | Epsilon:  0.10 | Reward: -99.2566608494929 | Average Reward: -166.525 | Steps: 73305 | Total Reward: -62567.38565146147|
| Episode: 373 | Epsilon:  0.10 | Reward: -155.5941571515241 | Average Reward: -165.537 | Steps: 73475 | Total Reward: -62722.979808612996|
| Episode: 374 | Epsilon:  0.10 | Reward: -218.7413672886316 | Average Reward: -165.439 | Steps: 73694 | Total Reward: -62941.721175901665|
| Episode: 375 | Epsilon:  0.10 | Reward: -213.34634782653305 | Average Reward: -167.169 | Steps: 73860 | Total Reward: -63155.06752372817|
| Episode: 376 | Epsilon:  0.10 | Reward: -262.10159071456593 | Average Reward: -167.676 | Steps: 74015 | Total Reward: -63417.16911444272|
| Episode: 377 | Epsilon:  0.10 | Reward: -168.8188923586908 | Average Reward: -167.374 | Steps: 74170 | Total Reward: -63585.9880068014|
| Episode: 378 | Epsilon:  0.10 | Reward: -402.1627416625269 | Average Reward: -169.208 | Steps: 74401 | Total Reward: -63988.15074846394|
| Episode: 379 | Epsilon:  0.10 | Reward: -240.91249996320533 | Average Reward: -170.628 | Steps: 74627 | Total Reward: -64229.06324842715|
| Episode: 380 | Epsilon:  0.10 | Reward: -258.4982506870658 | Average Reward: -172.409 | Steps: 74917 | Total Reward: -64487.56149911423|
| Episode: 381 | Epsilon:  0.10 | Reward: -34.858265300069775 | Average Reward: -170.230 | Steps: 75164 | Total Reward: -64522.419764414335|
| Episode: 382 | Epsilon:  0.10 | Reward: -196.86305211919955 | Average Reward: -171.812 | Steps: 75336 | Total Reward: -64719.282816533494|
| Episode: 383 | Epsilon:  0.10 | Reward: -285.47621560708706 | Average Reward: -174.002 | Steps: 75507 | Total Reward: -65004.7590321406|
| Episode: 384 | Epsilon:  0.10 | Reward: -69.18351685151254 | Average Reward: -172.482 | Steps: 75695 | Total Reward: -65073.942548992105|
| Episode: 385 | Epsilon:  0.10 | Reward: -194.32031196037994 | Average Reward: -173.708 | Steps: 75849 | Total Reward: -65268.26286095251|
| Episode: 386 | Epsilon:  0.10 | Reward: -247.09837907514103 | Average Reward: -173.800 | Steps: 76076 | Total Reward: -65515.36124002771|
| Episode: 387 | Epsilon:  0.10 | Reward: -209.44189709844449 | Average Reward: -174.980 | Steps: 76271 | Total Reward: -65724.80313712613|
| Episode: 388 | Epsilon:  0.10 | Reward: -226.80443368690715 | Average Reward: -176.244 | Steps: 76508 | Total Reward: -65951.60757081305|
| Episode: 389 | Epsilon:  0.10 | Reward: -284.97401015157106 | Average Reward: -178.451 | Steps: 76665 | Total Reward: -66236.5815809646|
| Episode: 390 | Epsilon:  0.10 | Reward: -165.54644967194628 | Average Reward: -179.371 | Steps: 76868 | Total Reward: -66402.12803063655|
| Episode: 391 | Epsilon:  0.10 | Reward: -61.114583917885284 | Average Reward: -178.264 | Steps: 77036 | Total Reward: -66463.24261455446|
| Episode: 392 | Epsilon:  0.10 | Reward: 71.45138870905097 | Average Reward: -177.710 | Steps: 78036 | Total Reward: -66391.79122584508|
| Episode: 393 | Epsilon:  0.10 | Reward: -200.04328306618004 | Average Reward: -177.187 | Steps: 78238 | Total Reward: -66591.83450891121|
| Episode: 394 | Epsilon:  0.10 | Reward: -313.7256419979909 | Average Reward: -179.159 | Steps: 78390 | Total Reward: -66905.56015090924|
| Episode: 395 | Epsilon:  0.10 | Reward: -98.84801575459196 | Average Reward: -176.941 | Steps: 78572 | Total Reward: -67004.40816666385|
| Episode: 396 | Epsilon:  0.10 | Reward: -20.009244692339365 | Average Reward: -176.778 | Steps: 78743 | Total Reward: -67024.41741135615|
| Episode: 397 | Epsilon:  0.10 | Reward: -50.307674553468814 | Average Reward: -175.350 | Steps: 78925 | Total Reward: -67074.7250859096|
| Episode: 398 | Epsilon:  0.10 | Reward: -191.29842422523444 | Average Reward: -175.629 | Steps: 79086 | Total Reward: -67266.02351013488|
| Episode: 399 | Epsilon:  0.10 | Reward: -10.361512360875977 | Average Reward: -175.136 | Steps: 79304 | Total Reward: -67276.38502249582|
| Episode: 400 | Epsilon:  0.10 | Reward: -179.716092350682 | Average Reward: -174.350 | Steps: 79470 | Total Reward: -67456.10111484652|
| Episode: 401 | Epsilon:  0.10 | Reward: -287.66832447837976 | Average Reward: -175.074 | Steps: 79643 | Total Reward: -67743.76943932493|
| Episode: 402 | Epsilon:  0.10 | Reward: -30.25261201949843 | Average Reward: -173.682 | Steps: 79837 | Total Reward: -67774.02205134451|
| Episode: 403 | Epsilon:  0.10 | Reward: -51.19033757665676 | Average Reward: -171.574 | Steps: 80066 | Total Reward: -67825.21238892125|
| Episode: 404 | Epsilon:  0.10 | Reward: -70.87536807984448 | Average Reward: -170.281 | Steps: 80187 | Total Reward: -67896.08775700115|
| Episode: 405 | Epsilon:  0.10 | Reward: -259.1283169163913 | Average Reward: -170.849 | Steps: 80378 | Total Reward: -68155.21607391757|
| Episode: 406 | Epsilon:  0.10 | Reward: 41.965242464082706 | Average Reward: -167.833 | Steps: 80569 | Total Reward: -68113.25083145344|
| Episode: 407 | Epsilon:  0.10 | Reward: -275.73184179254395 | Average Reward: -168.691 | Steps: 80807 | Total Reward: -68388.98267324595|
| Episode: 408 | Epsilon:  0.10 | Reward: -228.76696262915286 | Average Reward: -170.030 | Steps: 80966 | Total Reward: -68617.74963587504|
| Episode: 409 | Epsilon:  0.10 | Reward: -151.93166274818282 | Average Reward: -169.141 | Steps: 81137 | Total Reward: -68769.68129862315|
| Episode: 410 | Epsilon:  0.10 | Reward: -283.4486368343287 | Average Reward: -169.753 | Steps: 81296 | Total Reward: -69053.12993545741|
| Episode: 411 | Epsilon:  0.10 | Reward: -291.82071112848257 | Average Reward: -170.034 | Steps: 81429 | Total Reward: -69344.9506465859|
| Episode: 412 | Epsilon:  0.10 | Reward: -354.9119306103296 | Average Reward: -172.766 | Steps: 81617 | Total Reward: -69699.86257719625|
| Episode: 413 | Epsilon:  0.10 | Reward: -205.87823975397254 | Average Reward: -172.188 | Steps: 81772 | Total Reward: -69905.7408169502|
| Episode: 414 | Epsilon:  0.10 | Reward: -93.74480309216263 | Average Reward: -170.771 | Steps: 81960 | Total Reward: -69999.48562004231|
| Episode: 415 | Epsilon:  0.10 | Reward: -58.33748974681713 | Average Reward: -169.513 | Steps: 82221 | Total Reward: -70057.82310978924|
| Episode: 416 | Epsilon:  0.10 | Reward: -198.95471441000268 | Average Reward: -169.444 | Steps: 82415 | Total Reward: -70256.77782419932|
| Episode: 417 | Epsilon:  0.10 | Reward: -239.11417711845246 | Average Reward: -169.588 | Steps: 82557 | Total Reward: -70495.89200131783|
| Episode: 418 | Epsilon:  0.10 | Reward: -144.1442165182949 | Average Reward: -170.523 | Steps: 82748 | Total Reward: -70640.03621783614|
| Episode: 419 | Epsilon:  0.10 | Reward: -293.37520160760187 | Average Reward: -170.626 | Steps: 82887 | Total Reward: -70933.4114194438|
| Episode: 420 | Epsilon:  0.10 | Reward: -288.5673364731009 | Average Reward: -171.088 | Steps: 83022 | Total Reward: -71221.97875591695|
| Episode: 421 | Epsilon:  0.10 | Reward: -239.84680815728964 | Average Reward: -171.314 | Steps: 83250 | Total Reward: -71461.82556407423|
| Episode: 422 | Epsilon:  0.10 | Reward: -228.96520065822546 | Average Reward: -171.601 | Steps: 83399 | Total Reward: -71690.79076473239|
| Episode: 423 | Epsilon:  0.10 | Reward: -278.77654580653564 | Average Reward: -172.467 | Steps: 83541 | Total Reward: -71969.56731053881|
| Episode: 424 | Epsilon:  0.10 | Reward: -49.28441789430399 | Average Reward: -170.721 | Steps: 83756 | Total Reward: -72018.85172843309|
| Episode: 425 | Epsilon:  0.10 | Reward: -42.66765642539074 | Average Reward: -168.919 | Steps: 83970 | Total Reward: -72061.51938485856|
| Episode: 426 | Epsilon:  0.10 | Reward: -205.73984074794322 | Average Reward: -169.054 | Steps: 84190 | Total Reward: -72267.25922560648|
| Episode: 427 | Epsilon:  0.10 | Reward: -271.3165751421894 | Average Reward: -171.240 | Steps: 84332 | Total Reward: -72538.57580074867|
| Episode: 428 | Epsilon:  0.10 | Reward: -203.97004593401792 | Average Reward: -171.080 | Steps: 84631 | Total Reward: -72742.54584668275|
| Episode: 429 | Epsilon:  0.10 | Reward: -52.060163847474286 | Average Reward: -170.977 | Steps: 84858 | Total Reward: -72794.6060105302|
| Episode: 430 | Epsilon:  0.10 | Reward: -165.4429632442443 | Average Reward: -170.856 | Steps: 85087 | Total Reward: -72960.04897377455|
| Episode: 431 | Epsilon:  0.10 | Reward: -149.488700141005 | Average Reward: -170.537 | Steps: 85267 | Total Reward: -73109.53767391558|
| Episode: 432 | Epsilon:  0.10 | Reward: -266.20468555120374 | Average Reward: -172.489 | Steps: 85502 | Total Reward: -73375.74235946673|
| Episode: 433 | Epsilon:  0.10 | Reward: -295.04239586664073 | Average Reward: -175.019 | Steps: 85669 | Total Reward: -73670.7847553334|
| Episode: 434 | Epsilon:  0.10 | Reward: -183.28294845402235 | Average Reward: -174.462 | Steps: 85916 | Total Reward: -73854.06770378741|
| Episode: 435 | Epsilon:  0.10 | Reward: -269.95860535941733 | Average Reward: -174.091 | Steps: 86126 | Total Reward: -74124.02630914678|
| Episode: 436 | Epsilon:  0.10 | Reward: 47.92445782387307 | Average Reward: -171.694 | Steps: 86314 | Total Reward: -74076.10185132295|
| Episode: 437 | Epsilon:  0.10 | Reward: -278.10008602115425 | Average Reward: -172.934 | Steps: 86511 | Total Reward: -74354.20193734411|
| Episode: 438 | Epsilon:  0.10 | Reward: -104.8990794051941 | Average Reward: -171.507 | Steps: 86764 | Total Reward: -74459.10101674932|
| Episode: 439 | Epsilon:  0.10 | Reward: -272.8906085263071 | Average Reward: -172.552 | Steps: 86974 | Total Reward: -74731.99162527562|
| Episode: 440 | Epsilon:  0.10 | Reward: -197.02893672094956 | Average Reward: -172.273 | Steps: 87218 | Total Reward: -74929.02056199657|
| Episode: 441 | Epsilon:  0.10 | Reward: 226.95039687270085 | Average Reward: -167.397 | Steps: 87629 | Total Reward: -74702.07016512382|
| Episode: 442 | Epsilon:  0.10 | Reward: -91.55689038673228 | Average Reward: -166.202 | Steps: 87905 | Total Reward: -74793.6270555105|
| Episode: 443 | Epsilon:  0.10 | Reward: -235.15778427287793 | Average Reward: -167.835 | Steps: 88104 | Total Reward: -75028.78483978331|
| Episode: 444 | Epsilon:  0.10 | Reward: -318.9797417560088 | Average Reward: -168.505 | Steps: 88252 | Total Reward: -75347.76458153935|
| Episode: 445 | Epsilon:  0.10 | Reward: -214.7256471731455 | Average Reward: -167.004 | Steps: 88471 | Total Reward: -75562.49022871249|
| Episode: 446 | Epsilon:  0.10 | Reward: -279.37200463674554 | Average Reward: -168.779 | Steps: 88809 | Total Reward: -75841.86223334931|
| Episode: 447 | Epsilon:  0.10 | Reward: -255.52815071105306 | Average Reward: -169.165 | Steps: 88976 | Total Reward: -76097.39038406045|
| Episode: 448 | Epsilon:  0.10 | Reward: -64.90432285782344 | Average Reward: -167.865 | Steps: 89212 | Total Reward: -76162.29470691826|
| Episode: 449 | Epsilon:  0.10 | Reward: -255.63161852029458 | Average Reward: -168.867 | Steps: 89433 | Total Reward: -76417.9263254386|
| Episode: 450 | Epsilon:  0.10 | Reward: -226.88844577896452 | Average Reward: -170.966 | Steps: 89672 | Total Reward: -76644.81477121759|
| Episode: 451 | Epsilon:  0.10 | Reward: -209.01357189486936 | Average Reward: -170.170 | Steps: 89821 | Total Reward: -76853.8283431125|
| Episode: 452 | Epsilon:  0.10 | Reward: -311.2859836709962 | Average Reward: -172.964 | Steps: 90041 | Total Reward: -77165.11432678349|
| Episode: 453 | Epsilon:  0.10 | Reward: -18.80267397011515 | Average Reward: -172.308 | Steps: 90258 | Total Reward: -77183.91700075359|
| Episode: 454 | Epsilon:  0.10 | Reward: -44.894046905892154 | Average Reward: -171.974 | Steps: 90448 | Total Reward: -77228.81104765947|
| Episode: 455 | Epsilon:  0.10 | Reward: -183.8144893485097 | Average Reward: -171.680 | Steps: 90619 | Total Reward: -77412.62553700789|
| Episode: 456 | Epsilon:  0.10 | Reward: -300.05394226781095 | Average Reward: -172.593 | Steps: 90812 | Total Reward: -77712.67947927568|
| Episode: 457 | Epsilon:  0.10 | Reward: -55.98694011007217 | Average Reward: -172.764 | Steps: 91025 | Total Reward: -77768.66641938571|
| Episode: 458 | Epsilon:  0.10 | Reward: -72.12756318461103 | Average Reward: -170.569 | Steps: 91228 | Total Reward: -77840.7939825703|
| Episode: 459 | Epsilon:  0.10 | Reward: -38.233639253681424 | Average Reward: -170.345 | Steps: 91413 | Total Reward: -77879.02762182395|
| Episode: 460 | Epsilon:  0.10 | Reward: -34.89553797963249 | Average Reward: -168.336 | Steps: 91685 | Total Reward: -77913.92315980354|
| Episode: 461 | Epsilon:  0.10 | Reward: -223.4415788062816 | Average Reward: -169.833 | Steps: 91889 | Total Reward: -78137.36473860985|
| Episode: 462 | Epsilon:  0.10 | Reward: -110.4619213310144 | Average Reward: -168.732 | Steps: 92134 | Total Reward: -78247.8266599409|
| Episode: 463 | Epsilon:  0.10 | Reward: -253.0960752604847 | Average Reward: -171.015 | Steps: 92382 | Total Reward: -78500.92273520147|
| Episode: 464 | Epsilon:  0.10 | Reward: -88.46471013317009 | Average Reward: -169.806 | Steps: 92639 | Total Reward: -78589.38744533458|
| Episode: 465 | Epsilon:  0.10 | Reward: -269.7592797347048 | Average Reward: -170.497 | Steps: 92956 | Total Reward: -78859.14672506938|
| Episode: 466 | Epsilon:  0.10 | Reward: -55.9272512562881 | Average Reward: -170.859 | Steps: 93193 | Total Reward: -78915.07397632573|
| Episode: 467 | Epsilon:  0.10 | Reward: -273.0402033328253 | Average Reward: -171.222 | Steps: 93408 | Total Reward: -79188.11417965859|
| Episode: 468 | Epsilon:  0.10 | Reward: -76.07826586982554 | Average Reward: -169.784 | Steps: 93657 | Total Reward: -79264.19244552837|
| Episode: 469 | Epsilon:  0.10 | Reward: -33.22298394201066 | Average Reward: -169.422 | Steps: 93852 | Total Reward: -79297.41542947036|
| Episode: 470 | Epsilon:  0.10 | Reward: -238.83955492473336 | Average Reward: -172.825 | Steps: 94081 | Total Reward: -79536.25498439504|
| Episode: 471 | Epsilon:  0.10 | Reward: -242.1849094715556 | Average Reward: -173.103 | Steps: 94270 | Total Reward: -79778.43989386654|
| Episode: 472 | Epsilon:  0.10 | Reward: -182.66835063969341 | Average Reward: -173.937 | Steps: 94479 | Total Reward: -79961.10824450613|
| Episode: 473 | Epsilon:  0.10 | Reward: -214.66659817560196 | Average Reward: -174.528 | Steps: 94619 | Total Reward: -80175.77484268167|
| Episode: 474 | Epsilon:  0.10 | Reward: -229.22753713968768 | Average Reward: -174.633 | Steps: 94789 | Total Reward: -80405.00237982138|
| Episode: 475 | Epsilon:  0.10 | Reward: 195.81680343138612 | Average Reward: -170.541 | Steps: 95303 | Total Reward: -80209.18557639007|
| Episode: 476 | Epsilon:  0.10 | Reward: 22.863816312397987 | Average Reward: -167.692 | Steps: 95532 | Total Reward: -80186.32176007768|
| Episode: 477 | Epsilon:  0.10 | Reward: -41.97929981637185 | Average Reward: -166.423 | Steps: 95768 | Total Reward: -80228.30105989406|
| Episode: 478 | Epsilon:  0.10 | Reward: -5.069025247519718 | Average Reward: -162.452 | Steps: 96052 | Total Reward: -80233.3700851416|
| Episode: 479 | Epsilon:  0.10 | Reward: -179.9433561603373 | Average Reward: -161.843 | Steps: 96298 | Total Reward: -80413.31344130196|
| Episode: 480 | Epsilon:  0.10 | Reward: -284.1760303581683 | Average Reward: -162.099 | Steps: 96431 | Total Reward: -80697.4894716602|
| Episode: 481 | Epsilon:  0.10 | Reward: -148.0904582322542 | Average Reward: -163.232 | Steps: 96617 | Total Reward: -80845.57992989253|
| Episode: 482 | Epsilon:  0.10 | Reward: -208.75434241605254 | Average Reward: -163.351 | Steps: 96754 | Total Reward: -81054.33427230865|
| Episode: 483 | Epsilon:  0.10 | Reward: 11.902773064685618 | Average Reward: -160.377 | Steps: 97002 | Total Reward: -81042.43149924396|
| Episode: 484 | Epsilon:  0.10 | Reward: -112.90489868494745 | Average Reward: -160.814 | Steps: 97126 | Total Reward: -81155.33639792887|
| Episode: 485 | Epsilon:  0.10 | Reward: -253.27617648887548 | Average Reward: -161.403 | Steps: 97327 | Total Reward: -81408.61257441778|
| Episode: 486 | Epsilon:  0.10 | Reward: -64.23493462271024 | Average Reward: -159.575 | Steps: 97578 | Total Reward: -81472.84750904051|
| Episode: 487 | Epsilon:  0.10 | Reward: -206.06945687813493 | Average Reward: -159.541 | Steps: 97848 | Total Reward: -81678.91696591859|
| Episode: 488 | Epsilon:  0.10 | Reward: -187.27813190473648 | Average Reward: -159.146 | Steps: 98050 | Total Reward: -81866.19509782344|
| Episode: 489 | Epsilon:  0.10 | Reward: -84.85371732565294 | Average Reward: -157.145 | Steps: 98230 | Total Reward: -81951.04881514907|
| Episode: 490 | Epsilon:  0.10 | Reward: -16.724368605924667 | Average Reward: -155.656 | Steps: 98542 | Total Reward: -81967.77318375494|
| Episode: 491 | Epsilon:  0.10 | Reward: -0.09072558363574501 | Average Reward: -155.046 | Steps: 98729 | Total Reward: -81967.8639093386|
| Episode: 492 | Epsilon:  0.10 | Reward: -226.6134823513694 | Average Reward: -158.027 | Steps: 98956 | Total Reward: -82194.47739169002|
| Episode: 493 | Epsilon:  0.10 | Reward: -71.02051731816142 | Average Reward: -156.737 | Steps: 99140 | Total Reward: -82265.49790900816|
| Episode: 494 | Epsilon:  0.10 | Reward: -235.10868575438332 | Average Reward: -155.950 | Steps: 99399 | Total Reward: -82500.6065947626|
| Episode: 495 | Epsilon:  0.10 | Reward: -282.1507028857115 | Average Reward: -157.783 | Steps: 99564 | Total Reward: -82782.75729764828|
| Episode: 496 | Epsilon:  0.10 | Reward: -81.35307909786908 | Average Reward: -158.397 | Steps: 99838 | Total Reward: -82864.11037674606|
| Episode: 497 | Epsilon:  0.10 | Reward: -60.61599947092553 | Average Reward: -158.500 | Steps: 100015 | Total Reward: -82924.72637621702|
| Episode: 498 | Epsilon:  0.10 | Reward: -314.1962511408542 | Average Reward: -159.729 | Steps: 100151 | Total Reward: -83238.92262735787|
| Episode: 499 | Epsilon:  0.10 | Reward: -230.92566426172795 | Average Reward: -161.935 | Steps: 100397 | Total Reward: -83469.84829161962|
| Episode: 500 | Epsilon:  0.10 | Reward: -256.6438221751629 | Average Reward: -162.704 | Steps: 100718 | Total Reward: -83726.49211379478|
| Episode: 501 | Epsilon:  0.10 | Reward: -47.37708124396762 | Average Reward: -160.301 | Steps: 100900 | Total Reward: -83773.86919503873|
| Episode: 502 | Epsilon:  0.10 | Reward: 190.72539537672947 | Average Reward: -158.091 | Steps: 101758 | Total Reward: -83583.14379966204|
| Episode: 503 | Epsilon:  0.10 | Reward: -211.7890593388056 | Average Reward: -159.697 | Steps: 101964 | Total Reward: -83794.93285900081|
| Episode: 504 | Epsilon:  0.10 | Reward: -268.07032007258476 | Average Reward: -161.669 | Steps: 102226 | Total Reward: -84063.00317907329|
| Episode: 505 | Epsilon:  0.10 | Reward: 1.308291882719331 | Average Reward: -159.065 | Steps: 102447 | Total Reward: -84061.69488719046|
| Episode: 506 | Epsilon:  0.10 | Reward: -252.74075429927058 | Average Reward: -162.012 | Steps: 102609 | Total Reward: -84314.43564148966|
| Episode: 507 | Epsilon:  0.10 | Reward: -45.82312540906361 | Average Reward: -159.713 | Steps: 102810 | Total Reward: -84360.25876689864|
| Episode: 508 | Epsilon:  0.10 | Reward: -82.2618942767954 | Average Reward: -158.248 | Steps: 103026 | Total Reward: -84442.52066117547|
| Episode: 509 | Epsilon:  0.10 | Reward: 226.8732594317101 | Average Reward: -154.460 | Steps: 103613 | Total Reward: -84215.64740174376|
| Episode: 510 | Epsilon:  0.10 | Reward: -275.0405864386782 | Average Reward: -154.376 | Steps: 103799 | Total Reward: -84490.68798818247|
| Episode: 511 | Epsilon:  0.10 | Reward: -270.9173885418005 | Average Reward: -154.167 | Steps: 104017 | Total Reward: -84761.60537672421|
| Episode: 512 | Epsilon:  0.10 | Reward: -48.698206701265974 | Average Reward: -151.104 | Steps: 104256 | Total Reward: -84810.30358342556|
| Episode: 513 | Epsilon:  0.10 | Reward: 2.344492677517408 | Average Reward: -149.022 | Steps: 104518 | Total Reward: -84807.95909074818|
| Episode: 514 | Epsilon:  0.10 | Reward: -41.385080386409584 | Average Reward: -148.499 | Steps: 104775 | Total Reward: -84849.34417113462|
| Episode: 515 | Epsilon:  0.10 | Reward: 236.3842240491259 | Average Reward: -145.551 | Steps: 105604 | Total Reward: -84612.95994708549|
| Episode: 516 | Epsilon:  0.10 | Reward: -18.46068078984922 | Average Reward: -143.746 | Steps: 105824 | Total Reward: -84631.4206278754|
| Episode: 517 | Epsilon:  0.10 | Reward: 232.43675973081702 | Average Reward: -139.031 | Steps: 106191 | Total Reward: -84398.98386814453|
| Episode: 518 | Epsilon:  0.10 | Reward: -19.588560997689754 | Average Reward: -137.785 | Steps: 106363 | Total Reward: -84418.57242914216|
| Episode: 519 | Epsilon:  0.10 | Reward: -8.445133712540638 | Average Reward: -134.936 | Steps: 106609 | Total Reward: -84427.0175628547|
| Episode: 520 | Epsilon:  0.10 | Reward: -300.64466198215194 | Average Reward: -135.057 | Steps: 106923 | Total Reward: -84727.66222483695|
| Episode: 521 | Epsilon:  0.10 | Reward: 17.73925920022623 | Average Reward: -132.481 | Steps: 107120 | Total Reward: -84709.92296563683|
| Episode: 522 | Epsilon:  0.10 | Reward: -214.02570156909155 | Average Reward: -132.332 | Steps: 107246 | Total Reward: -84923.94866720591|
| Episode: 523 | Epsilon:  0.10 | Reward: -242.33303384245957 | Average Reward: -131.967 | Steps: 107392 | Total Reward: -85166.2817010484|
| Episode: 524 | Epsilon:  0.10 | Reward: -68.79122954431003 | Average Reward: -132.162 | Steps: 107569 | Total Reward: -85235.07293059267|
| Episode: 525 | Epsilon:  0.10 | Reward: -101.309403098673 | Average Reward: -132.749 | Steps: 107721 | Total Reward: -85336.38233369136|
| Episode: 526 | Epsilon:  0.10 | Reward: -86.57292552404755 | Average Reward: -131.557 | Steps: 107915 | Total Reward: -85422.95525921536|
| Episode: 527 | Epsilon:  0.10 | Reward: -152.6653682464892 | Average Reward: -130.370 | Steps: 108166 | Total Reward: -85575.62062746182|
| Episode: 528 | Epsilon:  0.10 | Reward: -237.5948048408593 | Average Reward: -130.707 | Steps: 108396 | Total Reward: -85813.21543230262|
| Episode: 529 | Epsilon:  0.10 | Reward: -35.2294249758897 | Average Reward: -130.538 | Steps: 108655 | Total Reward: -85848.44485727846|
| Episode: 530 | Epsilon:  0.10 | Reward: -46.88727644001306 | Average Reward: -129.353 | Steps: 108859 | Total Reward: -85895.33213371845|
| Episode: 531 | Epsilon:  0.10 | Reward: 131.5173480654422 | Average Reward: -126.543 | Steps: 109859 | Total Reward: -85763.81478565287|
| Episode: 532 | Epsilon:  0.10 | Reward: -171.34637924979444 | Average Reward: -125.594 | Steps: 110195 | Total Reward: -85935.1611649027|
| Episode: 533 | Epsilon:  0.10 | Reward: -335.4039379621372 | Average Reward: -125.998 | Steps: 110405 | Total Reward: -86270.5651028648|
| Episode: 534 | Epsilon:  0.10 | Reward: -238.34759112488481 | Average Reward: -126.548 | Steps: 110608 | Total Reward: -86508.91269398967|
| Episode: 535 | Epsilon:  0.10 | Reward: 18.322462934289973 | Average Reward: -123.666 | Steps: 110845 | Total Reward: -86490.59023105535|
| Episode: 536 | Epsilon:  0.10 | Reward: -256.0496921726362 | Average Reward: -126.705 | Steps: 111180 | Total Reward: -86746.63992322801|
| Episode: 537 | Epsilon:  0.10 | Reward: -66.37571629479328 | Average Reward: -124.588 | Steps: 111350 | Total Reward: -86813.01563952277|
| Episode: 538 | Epsilon:  0.10 | Reward: -189.60536321405266 | Average Reward: -125.435 | Steps: 111533 | Total Reward: -87002.62100273682|
| Episode: 539 | Epsilon:  0.10 | Reward: -233.95459380552364 | Average Reward: -125.046 | Steps: 111810 | Total Reward: -87236.57559654221|
| Episode: 540 | Epsilon:  0.10 | Reward: -235.69647714379397 | Average Reward: -125.433 | Steps: 112113 | Total Reward: -87472.27207368611|
| Episode: 541 | Epsilon:  0.10 | Reward: -233.19376418886236 | Average Reward: -130.034 | Steps: 112418 | Total Reward: -87705.4658378749|
| Episode: 542 | Epsilon:  0.10 | Reward: -43.14769216029512 | Average Reward: -129.550 | Steps: 112616 | Total Reward: -87748.61353003525|
| Episode: 543 | Epsilon:  0.10 | Reward: -247.73481404329866 | Average Reward: -129.676 | Steps: 112784 | Total Reward: -87996.34834407855|
| Episode: 544 | Epsilon:  0.10 | Reward: -80.33120065921625 | Average Reward: -127.289 | Steps: 113056 | Total Reward: -88076.67954473782|
| Episode: 545 | Epsilon:  0.10 | Reward: -198.06221349692964 | Average Reward: -127.123 | Steps: 113279 | Total Reward: -88274.74175823464|
| Episode: 546 | Epsilon:  0.10 | Reward: -347.5081460470391 | Average Reward: -127.804 | Steps: 113485 | Total Reward: -88622.24990428172|
| Episode: 547 | Epsilon:  0.10 | Reward: -49.031239151947176 | Average Reward: -125.739 | Steps: 113661 | Total Reward: -88671.28114343368|
| Episode: 548 | Epsilon:  0.10 | Reward: -205.23087051830487 | Average Reward: -127.142 | Steps: 113919 | Total Reward: -88876.51201395196|
| Episode: 549 | Epsilon:  0.10 | Reward: -228.6005688885939 | Average Reward: -126.872 | Steps: 114093 | Total Reward: -89105.11258284067|
| Episode: 550 | Epsilon:  0.10 | Reward: -257.7084456130858 | Average Reward: -127.180 | Steps: 114296 | Total Reward: -89362.82102845382|
| Episode: 551 | Epsilon:  0.10 | Reward: -143.7543813657723 | Average Reward: -126.527 | Steps: 114550 | Total Reward: -89506.57540981952|
| Episode: 552 | Epsilon:  0.10 | Reward: -21.28879559068335 | Average Reward: -123.627 | Steps: 115071 | Total Reward: -89527.86420541014|
| Episode: 553 | Epsilon:  0.10 | Reward: -251.35588362698365 | Average Reward: -125.953 | Steps: 115289 | Total Reward: -89779.2200890371|
| Episode: 554 | Epsilon:  0.10 | Reward: -268.98199504598983 | Average Reward: -128.194 | Steps: 115525 | Total Reward: -90048.20208408302|
| Episode: 555 | Epsilon:  0.10 | Reward: -167.77555635744332 | Average Reward: -128.034 | Steps: 115727 | Total Reward: -90215.97764044044|
| Episode: 556 | Epsilon:  0.10 | Reward: -184.1874076795666 | Average Reward: -126.875 | Steps: 115894 | Total Reward: -90400.16504812006|
| Episode: 557 | Epsilon:  0.10 | Reward: -12.43546499695644 | Average Reward: -126.439 | Steps: 116129 | Total Reward: -90412.60051311701|
| Episode: 558 | Epsilon:  0.10 | Reward: -24.7639298833369 | Average Reward: -125.966 | Steps: 116382 | Total Reward: -90437.36444300039|
| Episode: 559 | Epsilon:  0.10 | Reward: 12.477476527692659 | Average Reward: -125.459 | Steps: 116568 | Total Reward: -90424.88696647265|
| Episode: 560 | Epsilon:  0.10 | Reward: -141.58098855313983 | Average Reward: -126.525 | Steps: 116769 | Total Reward: -90566.46795502576|
| Episode: 561 | Epsilon:  0.10 | Reward: -451.5447708765744 | Average Reward: -128.806 | Steps: 116926 | Total Reward: -91018.01272590243|
| Episode: 562 | Epsilon:  0.10 | Reward: 255.25721063367487 | Average Reward: -125.149 | Steps: 117354 | Total Reward: -90762.75551526871|
| Episode: 563 | Epsilon:  0.10 | Reward: -116.78248556996579 | Average Reward: -123.786 | Steps: 117516 | Total Reward: -90879.53800083866|
| Episode: 564 | Epsilon:  0.10 | Reward: -192.7144277623691 | Average Reward: -124.829 | Steps: 117836 | Total Reward: -91072.25242860103|
| Episode: 565 | Epsilon:  0.10 | Reward: -23.291211152496487 | Average Reward: -122.364 | Steps: 118015 | Total Reward: -91095.54363975358|
| Episode: 566 | Epsilon:  0.10 | Reward: -57.43625800501475 | Average Reward: -122.379 | Steps: 118192 | Total Reward: -91152.9798977586|
| Episode: 567 | Epsilon:  0.10 | Reward: -169.4593252406363 | Average Reward: -121.343 | Steps: 118370 | Total Reward: -91322.43922299925|
| Episode: 568 | Epsilon:  0.10 | Reward: -235.83817454493018 | Average Reward: -122.941 | Steps: 118594 | Total Reward: -91558.27739754407|
| Episode: 569 | Epsilon:  0.10 | Reward: -265.1941361986085 | Average Reward: -125.261 | Steps: 118830 | Total Reward: -91823.4715337428|
| Episode: 570 | Epsilon:  0.10 | Reward: -192.91996062459032 | Average Reward: -124.801 | Steps: 119050 | Total Reward: -92016.39149436727|
| Episode: 571 | Epsilon:  0.10 | Reward: 62.3759578888226 | Average Reward: -121.756 | Steps: 119238 | Total Reward: -91954.01553647846|
| Episode: 572 | Epsilon:  0.10 | Reward: -60.00851205128645 | Average Reward: -120.529 | Steps: 119412 | Total Reward: -92014.02404852968|
| Episode: 573 | Epsilon:  0.10 | Reward: 19.258612230666998 | Average Reward: -118.190 | Steps: 119655 | Total Reward: -91994.76543629904|
| Episode: 574 | Epsilon:  0.10 | Reward: 2.8965409042565966 | Average Reward: -115.869 | Steps: 119885 | Total Reward: -91991.8688953947|
| Episode: 575 | Epsilon:  0.10 | Reward: -227.1555580902309 | Average Reward: -120.098 | Steps: 120304 | Total Reward: -92219.0244534851|
| Episode: 576 | Epsilon:  0.10 | Reward: 222.5856902478434 | Average Reward: -118.101 | Steps: 120918 | Total Reward: -91996.43876323714|
| Episode: 577 | Epsilon:  0.10 | Reward: -305.14203414407166 | Average Reward: -120.733 | Steps: 121108 | Total Reward: -92301.58079738113|
| Episode: 578 | Epsilon:  0.10 | Reward: -69.65966217336491 | Average Reward: -121.379 | Steps: 121290 | Total Reward: -92371.24045955448|
| Episode: 579 | Epsilon:  0.10 | Reward: -51.62099285798065 | Average Reward: -120.095 | Steps: 121618 | Total Reward: -92422.86145241249|
| Episode: 580 | Epsilon:  0.10 | Reward: -116.83354727166788 | Average Reward: -118.422 | Steps: 121781 | Total Reward: -92539.69499968424|
| Episode: 581 | Epsilon:  0.10 | Reward: 31.62203453633697 | Average Reward: -116.625 | Steps: 122019 | Total Reward: -92508.07296514774|
| Episode: 582 | Epsilon:  0.10 | Reward: -140.96426627294136 | Average Reward: -115.947 | Steps: 122248 | Total Reward: -92649.0372314206|
| Episode: 583 | Epsilon:  0.10 | Reward: -320.3357351943416 | Average Reward: -119.269 | Steps: 122533 | Total Reward: -92969.37296661499|
| Episode: 584 | Epsilon:  0.10 | Reward: -193.6585048218746 | Average Reward: -120.077 | Steps: 122672 | Total Reward: -93163.03147143692|
| Episode: 585 | Epsilon:  0.10 | Reward: -35.13786410448637 | Average Reward: -117.896 | Steps: 122988 | Total Reward: -93198.16933554142|
| Episode: 586 | Epsilon:  0.10 | Reward: -314.29820156589847 | Average Reward: -120.396 | Steps: 123170 | Total Reward: -93512.46753710734|
| Episode: 587 | Epsilon:  0.10 | Reward: -332.21392914736475 | Average Reward: -121.658 | Steps: 123355 | Total Reward: -93844.68146625473|
| Episode: 588 | Epsilon:  0.10 | Reward: -203.71095672679144 | Average Reward: -121.822 | Steps: 123575 | Total Reward: -94048.39242298157|
| Episode: 589 | Epsilon:  0.10 | Reward: -310.265819420261 | Average Reward: -124.076 | Steps: 123797 | Total Reward: -94358.65824240178|
| Episode: 590 | Epsilon:  0.10 | Reward: -98.04111375503132 | Average Reward: -124.889 | Steps: 123953 | Total Reward: -94456.69935615687|
| Episode: 591 | Epsilon:  0.10 | Reward: -87.50291452725452 | Average Reward: -125.763 | Steps: 124199 | Total Reward: -94544.20227068421|
| Episode: 592 | Epsilon:  0.10 | Reward: -14.488778119753263 | Average Reward: -123.642 | Steps: 124430 | Total Reward: -94558.69104880394|
| Episode: 593 | Epsilon:  0.10 | Reward: 144.71744104223598 | Average Reward: -121.485 | Steps: 125430 | Total Reward: -94413.97360776179|
| Episode: 594 | Epsilon:  0.10 | Reward: 34.26256733741195 | Average Reward: -118.791 | Steps: 125609 | Total Reward: -94379.71104042452|
| Episode: 595 | Epsilon:  0.10 | Reward: -303.7385887551425 | Average Reward: -119.007 | Steps: 125841 | Total Reward: -94683.44962917958|
| Episode: 596 | Epsilon:  0.10 | Reward: -68.14156112045112 | Average Reward: -118.875 | Steps: 126020 | Total Reward: -94751.5911903001|
| Episode: 597 | Epsilon:  0.10 | Reward: -213.3322675093744 | Average Reward: -120.402 | Steps: 126177 | Total Reward: -94964.92345780942|
| Episode: 598 | Epsilon:  0.10 | Reward: -72.5828040755766 | Average Reward: -117.986 | Steps: 126395 | Total Reward: -95037.50626188495|
| Episode: 599 | Epsilon:  0.10 | Reward: -174.30278334361984 | Average Reward: -117.420 | Steps: 126577 | Total Reward: -95211.80904522854|
| Episode: 600 | Epsilon:  0.10 | Reward: -302.4135312137577 | Average Reward: -117.877 | Steps: 126785 | Total Reward: -95514.22257644217|
| Episode: 601 | Epsilon:  0.10 | Reward: -32.822344032070106 | Average Reward: -117.732 | Steps: 126989 | Total Reward: -95547.04492047417|
| Episode: 602 | Epsilon:  0.10 | Reward: -169.75848638051943 | Average Reward: -121.337 | Steps: 127185 | Total Reward: -95716.80340685474|
| Episode: 603 | Epsilon:  0.10 | Reward: -92.49834238665784 | Average Reward: -120.144 | Steps: 127372 | Total Reward: -95809.30174924141|
| Episode: 604 | Epsilon:  0.10 | Reward: -146.55734032040203 | Average Reward: -118.929 | Steps: 127553 | Total Reward: -95955.8590895619|
| Episode: 605 | Epsilon:  0.10 | Reward: -232.25283790678753 | Average Reward: -121.264 | Steps: 127818 | Total Reward: -96188.11192746874|
| Episode: 606 | Epsilon:  0.10 | Reward: 9.16385294368304 | Average Reward: -118.645 | Steps: 128033 | Total Reward: -96178.94807452505|
| Episode: 607 | Epsilon:  0.10 | Reward: -223.73443348923564 | Average Reward: -120.424 | Steps: 128230 | Total Reward: -96402.6825080142|
| Episode: 608 | Epsilon:  0.10 | Reward: -265.69983167232937 | Average Reward: -122.259 | Steps: 128408 | Total Reward: -96668.38233968653|
| Episode: 609 | Epsilon:  0.10 | Reward: -330.8207512828057 | Average Reward: -127.836 | Steps: 128626 | Total Reward: -96999.20309096933|
| Episode: 610 | Epsilon:  0.10 | Reward: -286.54501762347707 | Average Reward: -127.951 | Steps: 128861 | Total Reward: -97285.74810859286|
| Episode: 611 | Epsilon:  0.10 | Reward: -100.0680306207957 | Average Reward: -126.242 | Steps: 129047 | Total Reward: -97385.81613921364|
| Episode: 612 | Epsilon:  0.10 | Reward: -172.5307637764455 | Average Reward: -127.480 | Steps: 129203 | Total Reward: -97558.34690299007|
| Episode: 613 | Epsilon:  0.10 | Reward: -331.4633300476978 | Average Reward: -130.819 | Steps: 129397 | Total Reward: -97889.8102330378|
| Episode: 614 | Epsilon:  0.10 | Reward: -211.84527631740224 | Average Reward: -132.523 | Steps: 129537 | Total Reward: -98101.65550935525|
| Episode: 615 | Epsilon:  0.10 | Reward: -257.00521421470205 | Average Reward: -137.457 | Steps: 129761 | Total Reward: -98358.66072356999|
| Episode: 616 | Epsilon:  0.10 | Reward: -107.8832830469625 | Average Reward: -138.351 | Steps: 129929 | Total Reward: -98466.54400661698|
| Episode: 617 | Epsilon:  0.10 | Reward: -269.4370599719288 | Average Reward: -143.370 | Steps: 130153 | Total Reward: -98735.98106658885|
| Episode: 618 | Epsilon:  0.10 | Reward: 53.39679389132007 | Average Reward: -142.640 | Steps: 130321 | Total Reward: -98682.58427269744|
| Episode: 619 | Epsilon:  0.10 | Reward: -290.89568300533966 | Average Reward: -145.465 | Steps: 130691 | Total Reward: -98973.4799557026|
| Episode: 620 | Epsilon:  0.10 | Reward: -221.94493999904572 | Average Reward: -144.678 | Steps: 130856 | Total Reward: -99195.42489570161|
| Episode: 621 | Epsilon:  0.10 | Reward: -61.910912124703636 | Average Reward: -145.474 | Steps: 131086 | Total Reward: -99257.33580782628|
| Episode: 622 | Epsilon:  0.10 | Reward: -243.2332536082198 | Average Reward: -145.766 | Steps: 131285 | Total Reward: -99500.56906143458|
| Episode: 623 | Epsilon:  0.10 | Reward: -151.1102557093709 | Average Reward: -144.854 | Steps: 131462 | Total Reward: -99651.67931714404|
| Episode: 624 | Epsilon:  0.10 | Reward: -130.8446066106415 | Average Reward: -145.475 | Steps: 131634 | Total Reward: -99782.52392375466|
| Episode: 625 | Epsilon:  0.10 | Reward: -192.71893361332525 | Average Reward: -146.389 | Steps: 131863 | Total Reward: -99975.24285736801|
| Episode: 626 | Epsilon:  0.10 | Reward: -194.55435171538983 | Average Reward: -147.468 | Steps: 132094 | Total Reward: -100169.7972090834|
| Episode: 627 | Epsilon:  0.10 | Reward: -230.89102161515908 | Average Reward: -148.251 | Steps: 132342 | Total Reward: -100400.68823069852|
| Episode: 628 | Epsilon:  0.10 | Reward: -44.03026739813221 | Average Reward: -146.315 | Steps: 132551 | Total Reward: -100444.71849809661|
| Episode: 629 | Epsilon:  0.10 | Reward: -197.78021269910218 | Average Reward: -147.941 | Steps: 132701 | Total Reward: -100642.49871079574|
| Episode: 630 | Epsilon:  0.10 | Reward: -221.83180557256838 | Average Reward: -149.690 | Steps: 132920 | Total Reward: -100864.33051636828|
| Episode: 631 | Epsilon:  0.10 | Reward: -241.916573744364 | Average Reward: -153.424 | Steps: 133116 | Total Reward: -101106.24709011259|
| Episode: 632 | Epsilon:  0.10 | Reward: -72.15768682953754 | Average Reward: -152.432 | Steps: 133296 | Total Reward: -101178.40477694219|
| Episode: 633 | Epsilon:  0.10 | Reward: -279.162380355506 | Average Reward: -151.870 | Steps: 133512 | Total Reward: -101457.56715729767|
| Episode: 634 | Epsilon:  0.10 | Reward: -284.65850178744574 | Average Reward: -152.333 | Steps: 133791 | Total Reward: -101742.22565908502|
| Episode: 635 | Epsilon:  0.10 | Reward: -28.882382333212362 | Average Reward: -152.805 | Steps: 134038 | Total Reward: -101771.1080414182|
| Episode: 636 | Epsilon:  0.10 | Reward: -50.17381295816904 | Average Reward: -150.746 | Steps: 134257 | Total Reward: -101821.28185437643|
| Episode: 637 | Epsilon:  0.10 | Reward: -110.01788768303688 | Average Reward: -151.183 | Steps: 134465 | Total Reward: -101931.29974205946|
| Episode: 638 | Epsilon:  0.10 | Reward: -124.14776129183085 | Average Reward: -150.528 | Steps: 134684 | Total Reward: -102055.44750335124|
| Episode: 639 | Epsilon:  0.10 | Reward: -228.3786997325555 | Average Reward: -150.473 | Steps: 134873 | Total Reward: -102283.8262030838|
| Episode: 640 | Epsilon:  0.10 | Reward: -210.27885568428235 | Average Reward: -150.218 | Steps: 135101 | Total Reward: -102494.10505876812|
| Episode: 641 | Epsilon:  0.10 | Reward: -158.02116575770248 | Average Reward: -149.467 | Steps: 135294 | Total Reward: -102652.12622452583|
| Episode: 642 | Epsilon:  0.10 | Reward: -235.32849813693412 | Average Reward: -151.388 | Steps: 135535 | Total Reward: -102887.45472266272|
| Episode: 643 | Epsilon:  0.10 | Reward: -52.47729558909871 | Average Reward: -149.436 | Steps: 135761 | Total Reward: -102939.93201825178|
| Episode: 644 | Epsilon:  0.10 | Reward: -205.06209013286727 | Average Reward: -150.683 | Steps: 136003 | Total Reward: -103144.9941083846|
| Episode: 645 | Epsilon:  0.10 | Reward: -221.76957579928035 | Average Reward: -150.920 | Steps: 136173 | Total Reward: -103366.76368418387|
| Episode: 646 | Epsilon:  0.10 | Reward: -220.6469056592315 | Average Reward: -149.652 | Steps: 136401 | Total Reward: -103587.410589843|
| Episode: 647 | Epsilon:  0.10 | Reward: -214.99004928795944 | Average Reward: -151.311 | Steps: 136567 | Total Reward: -103802.40063913091|
| Episode: 648 | Epsilon:  0.10 | Reward: -237.75772311964403 | Average Reward: -151.636 | Steps: 136799 | Total Reward: -104040.15836225043|
| Episode: 649 | Epsilon:  0.10 | Reward: -193.71799317025602 | Average Reward: -151.288 | Steps: 136953 | Total Reward: -104233.8763554206|
| Episode: 650 | Epsilon:  0.10 | Reward: -204.92296581175438 | Average Reward: -150.760 | Steps: 137177 | Total Reward: -104438.79932123233|
| Episode: 651 | Epsilon:  0.10 | Reward: 30.772092822961838 | Average Reward: -149.015 | Steps: 137438 | Total Reward: -104408.02722840924|
| Episode: 652 | Epsilon:  0.10 | Reward: -76.31127900651131 | Average Reward: -149.565 | Steps: 137645 | Total Reward: -104484.33850741581|
| Episode: 653 | Epsilon:  0.10 | Reward: 29.926959161184527 | Average Reward: -146.752 | Steps: 137897 | Total Reward: -104454.41154825476|
| Episode: 654 | Epsilon:  0.10 | Reward: -236.9075910733146 | Average Reward: -146.431 | Steps: 138138 | Total Reward: -104691.31913932814|
| Episode: 655 | Epsilon:  0.10 | Reward: -265.22009994573733 | Average Reward: -147.406 | Steps: 138379 | Total Reward: -104956.53923927393|
| Episode: 656 | Epsilon:  0.10 | Reward: -88.2354817300599 | Average Reward: -146.446 | Steps: 138569 | Total Reward: -105044.77472100398|
| Episode: 657 | Epsilon:  0.10 | Reward: -213.7960138665325 | Average Reward: -148.460 | Steps: 138806 | Total Reward: -105258.57073487063|
| Episode: 658 | Epsilon:  0.10 | Reward: -188.01833494045576 | Average Reward: -150.092 | Steps: 138974 | Total Reward: -105446.58906981103|
| Episode: 659 | Epsilon:  0.10 | Reward: -222.2425881681479 | Average Reward: -152.439 | Steps: 139219 | Total Reward: -105668.83165797908|
| Episode: 660 | Epsilon:  0.10 | Reward: -47.18305581151688 | Average Reward: -151.495 | Steps: 139461 | Total Reward: -105716.0147137906|
| Episode: 661 | Epsilon:  0.10 | Reward: -238.56629686575178 | Average Reward: -149.366 | Steps: 139656 | Total Reward: -105954.58101065636|
| Episode: 662 | Epsilon:  0.10 | Reward: -210.60759329998524 | Average Reward: -154.024 | Steps: 139900 | Total Reward: -106165.18860395643|
| Episode: 663 | Epsilon:  0.10 | Reward: -64.76962088530068 | Average Reward: -153.504 | Steps: 140076 | Total Reward: -106229.9582248418|
| Episode: 664 | Epsilon:  0.10 | Reward: -73.45324173222843 | Average Reward: -152.312 | Steps: 140328 | Total Reward: -106303.41146657406|
| Episode: 665 | Epsilon:  0.10 | Reward: -40.366838907863375 | Average Reward: -152.482 | Steps: 140584 | Total Reward: -106343.77830548196|
| Episode: 666 | Epsilon:  0.10 | Reward: -240.9678205571671 | Average Reward: -154.318 | Steps: 140742 | Total Reward: -106584.74612603913|
| Episode: 667 | Epsilon:  0.10 | Reward: -242.30451899564966 | Average Reward: -155.046 | Steps: 140919 | Total Reward: -106827.05064503492|
| Episode: 668 | Epsilon:  0.10 | Reward: -184.0429779175857 | Average Reward: -154.528 | Steps: 141098 | Total Reward: -107011.09362295244|
| Episode: 669 | Epsilon:  0.10 | Reward: -239.8159058317702 | Average Reward: -154.274 | Steps: 141324 | Total Reward: -107250.90952878419|
| Episode: 670 | Epsilon:  0.10 | Reward: -163.810192438104 | Average Reward: -153.983 | Steps: 141604 | Total Reward: -107414.71972122227|
| Episode: 671 | Epsilon:  0.10 | Reward: -27.684241343466937 | Average Reward: -154.884 | Steps: 141819 | Total Reward: -107442.40396256567|
| Episode: 672 | Epsilon:  0.10 | Reward: -227.87674824610778 | Average Reward: -156.563 | Steps: 142100 | Total Reward: -107670.28071081176|
| Episode: 673 | Epsilon:  0.10 | Reward: -58.67833382039784 | Average Reward: -157.342 | Steps: 142328 | Total Reward: -107728.95904463223|
| Episode: 674 | Epsilon:  0.10 | Reward: -447.1652505968954 | Average Reward: -161.843 | Steps: 142489 | Total Reward: -108176.12429522909|
| Episode: 675 | Epsilon:  0.10 | Reward: -250.79230843294496 | Average Reward: -162.079 | Steps: 142695 | Total Reward: -108426.916603662|
| Episode: 676 | Epsilon:  0.10 | Reward: -64.05555379584818 | Average Reward: -164.945 | Steps: 142876 | Total Reward: -108490.97215745792|
| Episode: 677 | Epsilon:  0.10 | Reward: -226.98890663952784 | Average Reward: -164.164 | Steps: 143113 | Total Reward: -108717.96106409734|
| Episode: 678 | Epsilon:  0.10 | Reward: -210.25250591986963 | Average Reward: -165.570 | Steps: 143346 | Total Reward: -108928.21357001722|
| Episode: 679 | Epsilon:  0.10 | Reward: -25.870678430493683 | Average Reward: -165.312 | Steps: 143546 | Total Reward: -108954.08424844775|
| Episode: 680 | Epsilon:  0.10 | Reward: -217.28906571547986 | Average Reward: -166.317 | Steps: 143777 | Total Reward: -109171.37331416324|
| Episode: 681 | Epsilon:  0.10 | Reward: -224.13594641324156 | Average Reward: -168.874 | Steps: 144025 | Total Reward: -109395.50926057648|
| Episode: 682 | Epsilon:  0.10 | Reward: -328.89238067572035 | Average Reward: -170.754 | Steps: 144282 | Total Reward: -109724.40164125215|
| Episode: 683 | Epsilon:  0.10 | Reward: -287.27660146698196 | Average Reward: -170.423 | Steps: 144543 | Total Reward: -110011.6782427191|
| Episode: 684 | Epsilon:  0.10 | Reward: -40.33376335083982 | Average Reward: -168.890 | Steps: 144715 | Total Reward: -110052.01200606998|
| Episode: 685 | Epsilon:  0.10 | Reward: -80.05597497985661 | Average Reward: -169.339 | Steps: 144877 | Total Reward: -110132.06798104984|
| Episode: 686 | Epsilon:  0.10 | Reward: -90.23977092862907 | Average Reward: -167.098 | Steps: 145123 | Total Reward: -110222.30775197837|
| Episode: 687 | Epsilon:  0.10 | Reward: -43.49270474793213 | Average Reward: -164.211 | Steps: 145290 | Total Reward: -110265.80045672623|
| Episode: 688 | Epsilon:  0.10 | Reward: -183.76874658101144 | Average Reward: -164.012 | Steps: 145444 | Total Reward: -110449.56920330724|
| Episode: 689 | Epsilon:  0.10 | Reward: -48.54731855591234 | Average Reward: -161.395 | Steps: 145632 | Total Reward: -110498.11652186318|
| Episode: 690 | Epsilon:  0.10 | Reward: -77.12619453347016 | Average Reward: -161.185 | Steps: 145870 | Total Reward: -110575.24271639662|
| Episode: 691 | Epsilon:  0.10 | Reward: -156.70410890638655 | Average Reward: -161.877 | Steps: 146075 | Total Reward: -110731.94682530298|
| Episode: 692 | Epsilon:  0.10 | Reward: 214.57092075763828 | Average Reward: -159.587 | Steps: 146536 | Total Reward: -110517.37590454528|
| Episode: 693 | Epsilon:  0.10 | Reward: 19.555313695675565 | Average Reward: -160.838 | Steps: 146820 | Total Reward: -110497.82059084957|
