+------------------------+----------------------------+--------------------+
|                        |     Supported Features     |  Program Commands  |
+========================+============================+====================+
| Compatible Layers      | Hopfield Layer,            | hopfield,          |
|                        | HopfieldLayer Layer,       | hopfield_layer,    |
|                        | HopfieldPooling Layer,     | hopfield_pooling,  |
|                        | LSTM,                      | lstm,              |
|                        | GRU                        | gru                |
+------------------------+----------------------------+--------------------+
| Supported Loss Metrics | Huber Loss,                | huber,             |
|                        | Mean Absolute Error Loss,  | mae,               |
|                        | Mean Squared Error Loss,   | mse,               |
|                        | SmoothL1 Loss              | smooth_l1          |
+------------------------+----------------------------+--------------------+
| Supported Optimizers   | RMSprop (default),         | rmsprop,           |
|                        | AdamW,                     | adam,              |
|                        | Adam,                      | adamW,             |
|                        | SGD                        |  sgd               |
+------------------------+----------------------------+--------------------+
+------------------------------+------------------------------------------+
|          Parameter           |                  Value                   |
+==============================+==========================================+
| Layer Type:                  | hopfield_pooling                         |
+------------------------------+------------------------------------------+
| Loss Metric:                 | mse                                      |
+------------------------------+------------------------------------------+
| Sequence Length:             | 20                                       |
+------------------------------+------------------------------------------+
| Learning Rate:               | 0.001                                    |
+------------------------------+------------------------------------------+
| Target Update Steps:         | 100                                      |
+------------------------------+------------------------------------------+
| Optimizer:                   | rmsprop                                  |
+------------------------------+------------------------------------------+
| Weight Decay:                | 0                                        |
+------------------------------+------------------------------------------+
| Hopfield Inverse Temperature | 100                                      |
+------------------------------+------------------------------------------+
| Scale Q-values with lr       | False                                    |
+------------------------------+------------------------------------------+
| Hard or Soft Update          | True                                     |
+------------------------------+------------------------------------------+
| Polyak Factor                | None                                     |
+------------------------------+------------------------------------------+
| Make POMDP                   | Train: False, Hidden dims: [1], mask     |
|                              | Evaluation: True, Hidden dims: [1], mask |
+------------------------------+------------------------------------------+
---------------
| TRAINING... |
---------------
| Episode:   1 | Epsilon:  0.89 | Reward:   1.0 | Average Reward: 1.000 | Steps:   214 | Total Reward:   1.0|
| Episode:   2 | Epsilon:  0.89 | Reward:   4.0 | Average Reward: 2.500 | Steps:   577 | Total Reward:   5.0|
| Episode:   3 | Epsilon:  0.88 | Reward:   0.0 | Average Reward: 1.667 | Steps:   731 | Total Reward:   5.0|
| Episode:   4 | Epsilon:  0.87 | Reward:   3.0 | Average Reward: 2.000 | Steps:  1001 | Total Reward:   8.0|
| Episode:   5 | Epsilon:  0.86 | Reward:   0.0 | Average Reward: 1.600 | Steps:  1153 | Total Reward:   8.0|
| Episode:   6 | Epsilon:  0.85 | Reward:   0.0 | Average Reward: 1.333 | Steps:  1318 | Total Reward:   8.0|
| Episode:   7 | Epsilon:  0.85 | Reward:   0.0 | Average Reward: 1.143 | Steps:  1478 | Total Reward:   8.0|
| Episode:   8 | Epsilon:  0.84 | Reward:   5.0 | Average Reward: 1.625 | Steps:  1913 | Total Reward:  13.0|
| Episode:   9 | Epsilon:  0.83 | Reward:   3.0 | Average Reward: 1.778 | Steps:  2235 | Total Reward:  16.0|
| Episode:  10 | Epsilon:  0.83 | Reward:   0.0 | Average Reward: 1.600 | Steps:  2389 | Total Reward:  16.0|
| Episode:  11 | Epsilon:  0.82 | Reward:   2.0 | Average Reward: 1.636 | Steps:  2645 | Total Reward:  18.0|
| Episode:  12 | Epsilon:  0.81 | Reward:   2.0 | Average Reward: 1.667 | Steps:  2926 | Total Reward:  20.0|
| Episode:  13 | Epsilon:  0.80 | Reward:   0.0 | Average Reward: 1.538 | Steps:  3078 | Total Reward:  20.0|
| Episode:  14 | Epsilon:  0.80 | Reward:   1.0 | Average Reward: 1.500 | Steps:  3294 | Total Reward:  21.0|
| Episode:  15 | Epsilon:  0.79 | Reward:   2.0 | Average Reward: 1.533 | Steps:  3550 | Total Reward:  23.0|
| Episode:  16 | Epsilon:  0.78 | Reward:   2.0 | Average Reward: 1.562 | Steps:  3801 | Total Reward:  25.0|
| Episode:  17 | Epsilon:  0.78 | Reward:   2.0 | Average Reward: 1.588 | Steps:  4083 | Total Reward:  27.0|
| Episode:  18 | Epsilon:  0.77 | Reward:   2.0 | Average Reward: 1.611 | Steps:  4350 | Total Reward:  29.0|
| Episode:  19 | Epsilon:  0.76 | Reward:   4.0 | Average Reward: 1.737 | Steps:  4734 | Total Reward:  33.0|
| Episode:  20 | Epsilon:  0.76 | Reward:   0.0 | Average Reward: 1.650 | Steps:  4883 | Total Reward:  33.0|
| Episode:  21 | Epsilon:  0.75 | Reward:   0.0 | Average Reward: 1.571 | Steps:  5035 | Total Reward:  33.0|
| Episode:  22 | Epsilon:  0.74 | Reward:   2.0 | Average Reward: 1.591 | Steps:  5295 | Total Reward:  35.0|
| Episode:  23 | Epsilon:  0.74 | Reward:   0.0 | Average Reward: 1.522 | Steps:  5447 | Total Reward:  35.0|
| Episode:  24 | Epsilon:  0.73 | Reward:   2.0 | Average Reward: 1.542 | Steps:  5706 | Total Reward:  37.0|
| Episode:  25 | Epsilon:  0.72 | Reward:   2.0 | Average Reward: 1.560 | Steps:  5963 | Total Reward:  39.0|
| Episode:  26 | Epsilon:  0.72 | Reward:   0.0 | Average Reward: 1.500 | Steps:  6120 | Total Reward:  39.0|
| Episode:  27 | Epsilon:  0.71 | Reward:   2.0 | Average Reward: 1.519 | Steps:  6402 | Total Reward:  41.0|
| Episode:  28 | Epsilon:  0.71 | Reward:   2.0 | Average Reward: 1.536 | Steps:  6661 | Total Reward:  43.0|
| Episode:  29 | Epsilon:  0.70 | Reward:   3.0 | Average Reward: 1.586 | Steps:  6964 | Total Reward:  46.0|
| Episode:  30 | Epsilon:  0.69 | Reward:   3.0 | Average Reward: 1.633 | Steps:  7267 | Total Reward:  49.0|
| Episode:  31 | Epsilon:  0.69 | Reward:   0.0 | Average Reward: 1.581 | Steps:  7415 | Total Reward:  49.0|
| Episode:  32 | Epsilon:  0.68 | Reward:   1.0 | Average Reward: 1.562 | Steps:  7607 | Total Reward:  50.0|
| Episode:  33 | Epsilon:  0.68 | Reward:   0.0 | Average Reward: 1.515 | Steps:  7756 | Total Reward:  50.0|
| Episode:  34 | Epsilon:  0.67 | Reward:   0.0 | Average Reward: 1.471 | Steps:  7909 | Total Reward:  50.0|
| Episode:  35 | Epsilon:  0.66 | Reward:   3.0 | Average Reward: 1.514 | Steps:  8218 | Total Reward:  53.0|
| Episode:  36 | Epsilon:  0.66 | Reward:   1.0 | Average Reward: 1.500 | Steps:  8434 | Total Reward:  54.0|
| Episode:  37 | Epsilon:  0.65 | Reward:   1.0 | Average Reward: 1.486 | Steps:  8646 | Total Reward:  55.0|
| Episode:  38 | Epsilon:  0.65 | Reward:   4.0 | Average Reward: 1.553 | Steps:  9010 | Total Reward:  59.0|
| Episode:  39 | Epsilon:  0.64 | Reward:   0.0 | Average Reward: 1.513 | Steps:  9161 | Total Reward:  59.0|
| Episode:  40 | Epsilon:  0.64 | Reward:   1.0 | Average Reward: 1.500 | Steps:  9394 | Total Reward:  60.0|
| Episode:  41 | Epsilon:  0.63 | Reward:   1.0 | Average Reward: 1.488 | Steps:  9609 | Total Reward:  61.0|
| Episode:  42 | Epsilon:  0.63 | Reward:   3.0 | Average Reward: 1.524 | Steps:  9930 | Total Reward:  64.0|
| Episode:  43 | Epsilon:  0.62 | Reward:   0.0 | Average Reward: 1.488 | Steps: 10087 | Total Reward:  64.0|
| Episode:  44 | Epsilon:  0.62 | Reward:   1.0 | Average Reward: 1.477 | Steps: 10275 | Total Reward:  65.0|
| Episode:  45 | Epsilon:  0.61 | Reward:   4.0 | Average Reward: 1.533 | Steps: 10657 | Total Reward:  69.0|
| Episode:  46 | Epsilon:  0.61 | Reward:   0.0 | Average Reward: 1.500 | Steps: 10810 | Total Reward:  69.0|
| Episode:  47 | Epsilon:  0.60 | Reward:   0.0 | Average Reward: 1.468 | Steps: 10961 | Total Reward:  69.0|
| Episode:  48 | Epsilon:  0.60 | Reward:   1.0 | Average Reward: 1.458 | Steps: 11149 | Total Reward:  70.0|
| Episode:  49 | Epsilon:  0.59 | Reward:   3.0 | Average Reward: 1.490 | Steps: 11435 | Total Reward:  73.0|
| Episode:  50 | Epsilon:  0.59 | Reward:   0.0 | Average Reward: 1.460 | Steps: 11591 | Total Reward:  73.0|
| Episode:  51 | Epsilon:  0.58 | Reward:   2.0 | Average Reward: 1.471 | Steps: 11843 | Total Reward:  75.0|
| Episode:  52 | Epsilon:  0.58 | Reward:   0.0 | Average Reward: 1.442 | Steps: 11986 | Total Reward:  75.0|
| Episode:  53 | Epsilon:  0.57 | Reward:   1.0 | Average Reward: 1.434 | Steps: 12178 | Total Reward:  76.0|
| Episode:  54 | Epsilon:  0.57 | Reward:   3.0 | Average Reward: 1.463 | Steps: 12477 | Total Reward:  79.0|
| Episode:  55 | Epsilon:  0.56 | Reward:   2.0 | Average Reward: 1.473 | Steps: 12730 | Total Reward:  81.0|
| Episode:  56 | Epsilon:  0.56 | Reward:   0.0 | Average Reward: 1.446 | Steps: 12884 | Total Reward:  81.0|
| Episode:  57 | Epsilon:  0.55 | Reward:   2.0 | Average Reward: 1.456 | Steps: 13114 | Total Reward:  83.0|
| Episode:  58 | Epsilon:  0.55 | Reward:   3.0 | Average Reward: 1.483 | Steps: 13408 | Total Reward:  86.0|
| Episode:  59 | Epsilon:  0.54 | Reward:   3.0 | Average Reward: 1.508 | Steps: 13750 | Total Reward:  89.0|
| Episode:  60 | Epsilon:  0.54 | Reward:   4.0 | Average Reward: 1.550 | Steps: 14102 | Total Reward:  93.0|
| Episode:  61 | Epsilon:  0.54 | Reward:   1.0 | Average Reward: 1.541 | Steps: 14320 | Total Reward:  94.0|
| Episode:  62 | Epsilon:  0.53 | Reward:   1.0 | Average Reward: 1.532 | Steps: 14527 | Total Reward:  95.0|
| Episode:  63 | Epsilon:  0.53 | Reward:   0.0 | Average Reward: 1.508 | Steps: 14681 | Total Reward:  95.0|
| Episode:  64 | Epsilon:  0.52 | Reward:   5.0 | Average Reward: 1.562 | Steps: 15113 | Total Reward: 100.0|
| Episode:  65 | Epsilon:  0.52 | Reward:   2.0 | Average Reward: 1.569 | Steps: 15396 | Total Reward: 102.0|
| Episode:  66 | Epsilon:  0.51 | Reward:   3.0 | Average Reward: 1.591 | Steps: 15734 | Total Reward: 105.0|
| Episode:  67 | Epsilon:  0.51 | Reward:   3.0 | Average Reward: 1.612 | Steps: 16048 | Total Reward: 108.0|
| Episode:  68 | Epsilon:  0.51 | Reward:   0.0 | Average Reward: 1.588 | Steps: 16209 | Total Reward: 108.0|
| Episode:  69 | Epsilon:  0.50 | Reward:   1.0 | Average Reward: 1.580 | Steps: 16432 | Total Reward: 109.0|
| Episode:  70 | Epsilon:  0.50 | Reward:   0.0 | Average Reward: 1.557 | Steps: 16586 | Total Reward: 109.0|
| Episode:  71 | Epsilon:  0.49 | Reward:   4.0 | Average Reward: 1.592 | Steps: 16962 | Total Reward: 113.0|
| Episode:  72 | Epsilon:  0.49 | Reward:   1.0 | Average Reward: 1.583 | Steps: 17174 | Total Reward: 114.0|
| Episode:  73 | Epsilon:  0.49 | Reward:   1.0 | Average Reward: 1.575 | Steps: 17375 | Total Reward: 115.0|
| Episode:  74 | Epsilon:  0.48 | Reward:   0.0 | Average Reward: 1.554 | Steps: 17527 | Total Reward: 115.0|
| Episode:  75 | Epsilon:  0.48 | Reward:   4.0 | Average Reward: 1.587 | Steps: 17919 | Total Reward: 119.0|
| Episode:  76 | Epsilon:  0.47 | Reward:   3.0 | Average Reward: 1.605 | Steps: 18241 | Total Reward: 122.0|
| Episode:  77 | Epsilon:  0.47 | Reward:   0.0 | Average Reward: 1.584 | Steps: 18393 | Total Reward: 122.0|
| Episode:  78 | Epsilon:  0.47 | Reward:   1.0 | Average Reward: 1.577 | Steps: 18612 | Total Reward: 123.0|
| Episode:  79 | Epsilon:  0.46 | Reward:   2.0 | Average Reward: 1.582 | Steps: 18861 | Total Reward: 125.0|
| Episode:  80 | Epsilon:  0.46 | Reward:   0.0 | Average Reward: 1.562 | Steps: 19021 | Total Reward: 125.0|
| Episode:  81 | Epsilon:  0.46 | Reward:   1.0 | Average Reward: 1.556 | Steps: 19276 | Total Reward: 126.0|
| Episode:  82 | Epsilon:  0.45 | Reward:   2.0 | Average Reward: 1.561 | Steps: 19512 | Total Reward: 128.0|
| Episode:  83 | Epsilon:  0.45 | Reward:   0.0 | Average Reward: 1.542 | Steps: 19660 | Total Reward: 128.0|
| Episode:  84 | Epsilon:  0.45 | Reward:   0.0 | Average Reward: 1.524 | Steps: 19816 | Total Reward: 128.0|
| Episode:  85 | Epsilon:  0.44 | Reward:   0.0 | Average Reward: 1.506 | Steps: 19962 | Total Reward: 128.0|
| Episode:  86 | Epsilon:  0.44 | Reward:   1.0 | Average Reward: 1.500 | Steps: 20177 | Total Reward: 129.0|
| Episode:  87 | Epsilon:  0.44 | Reward:   0.0 | Average Reward: 1.483 | Steps: 20330 | Total Reward: 129.0|
| Episode:  88 | Epsilon:  0.43 | Reward:   1.0 | Average Reward: 1.477 | Steps: 20554 | Total Reward: 130.0|
| Episode:  89 | Epsilon:  0.43 | Reward:   0.0 | Average Reward: 1.461 | Steps: 20708 | Total Reward: 130.0|
| Episode:  90 | Epsilon:  0.43 | Reward:   4.0 | Average Reward: 1.489 | Steps: 21080 | Total Reward: 134.0|
| Episode:  91 | Epsilon:  0.42 | Reward:   1.0 | Average Reward: 1.484 | Steps: 21300 | Total Reward: 135.0|
| Episode:  92 | Epsilon:  0.42 | Reward:   0.0 | Average Reward: 1.467 | Steps: 21457 | Total Reward: 135.0|
| Episode:  93 | Epsilon:  0.42 | Reward:   0.0 | Average Reward: 1.452 | Steps: 21605 | Total Reward: 135.0|
| Episode:  94 | Epsilon:  0.41 | Reward:   1.0 | Average Reward: 1.447 | Steps: 21807 | Total Reward: 136.0|
| Episode:  95 | Epsilon:  0.41 | Reward:   1.0 | Average Reward: 1.442 | Steps: 22025 | Total Reward: 137.0|
| Episode:  96 | Epsilon:  0.41 | Reward:   0.0 | Average Reward: 1.427 | Steps: 22173 | Total Reward: 137.0|
| Episode:  97 | Epsilon:  0.40 | Reward:   3.0 | Average Reward: 1.443 | Steps: 22515 | Total Reward: 140.0|
| Episode:  98 | Epsilon:  0.40 | Reward:   2.0 | Average Reward: 1.449 | Steps: 22762 | Total Reward: 142.0|
| Episode:  99 | Epsilon:  0.40 | Reward:   0.0 | Average Reward: 1.434 | Steps: 22922 | Total Reward: 142.0|
| Episode: 100 | Epsilon:  0.39 | Reward:   1.0 | Average Reward: 1.430 | Steps: 23140 | Total Reward: 143.0|
| Episode: 101 | Epsilon:  0.39 | Reward:   2.0 | Average Reward: 1.440 | Steps: 23417 | Total Reward: 145.0|
| Episode: 102 | Epsilon:  0.39 | Reward:   2.0 | Average Reward: 1.420 | Steps: 23679 | Total Reward: 147.0|
| Episode: 103 | Epsilon:  0.39 | Reward:   0.0 | Average Reward: 1.420 | Steps: 23828 | Total Reward: 147.0|
| Episode: 104 | Epsilon:  0.38 | Reward:   0.0 | Average Reward: 1.390 | Steps: 23981 | Total Reward: 147.0|
| Episode: 105 | Epsilon:  0.38 | Reward:   2.0 | Average Reward: 1.410 | Steps: 24242 | Total Reward: 149.0|
| Episode: 106 | Epsilon:  0.38 | Reward:   1.0 | Average Reward: 1.420 | Steps: 24461 | Total Reward: 150.0|
| Episode: 107 | Epsilon:  0.37 | Reward:   1.0 | Average Reward: 1.430 | Steps: 24676 | Total Reward: 151.0|
| Episode: 108 | Epsilon:  0.37 | Reward:   5.0 | Average Reward: 1.430 | Steps: 25122 | Total Reward: 156.0|
| Episode: 109 | Epsilon:  0.37 | Reward:   1.0 | Average Reward: 1.410 | Steps: 25321 | Total Reward: 157.0|
| Episode: 110 | Epsilon:  0.37 | Reward:   1.0 | Average Reward: 1.420 | Steps: 25533 | Total Reward: 158.0|
| Episode: 111 | Epsilon:  0.36 | Reward:   0.0 | Average Reward: 1.400 | Steps: 25684 | Total Reward: 158.0|
| Episode: 112 | Epsilon:  0.36 | Reward:   2.0 | Average Reward: 1.400 | Steps: 25962 | Total Reward: 160.0|
| Episode: 113 | Epsilon:  0.36 | Reward:   3.0 | Average Reward: 1.430 | Steps: 26283 | Total Reward: 163.0|
| Episode: 114 | Epsilon:  0.36 | Reward:   1.0 | Average Reward: 1.430 | Steps: 26502 | Total Reward: 164.0|
| Episode: 115 | Epsilon:  0.35 | Reward:   2.0 | Average Reward: 1.430 | Steps: 26776 | Total Reward: 166.0|
| Episode: 116 | Epsilon:  0.35 | Reward:   3.0 | Average Reward: 1.440 | Steps: 27103 | Total Reward: 169.0|
| Episode: 117 | Epsilon:  0.35 | Reward:   0.0 | Average Reward: 1.420 | Steps: 27255 | Total Reward: 169.0|
| Episode: 118 | Epsilon:  0.35 | Reward:   2.0 | Average Reward: 1.420 | Steps: 27544 | Total Reward: 171.0|
| Episode: 119 | Epsilon:  0.34 | Reward:   2.0 | Average Reward: 1.400 | Steps: 27800 | Total Reward: 173.0|
| Episode: 120 | Epsilon:  0.34 | Reward:   0.0 | Average Reward: 1.400 | Steps: 27954 | Total Reward: 173.0|
| Episode: 121 | Epsilon:  0.34 | Reward:   3.0 | Average Reward: 1.430 | Steps: 28274 | Total Reward: 176.0|
| Episode: 122 | Epsilon:  0.34 | Reward:   2.0 | Average Reward: 1.430 | Steps: 28553 | Total Reward: 178.0|
| Episode: 123 | Epsilon:  0.33 | Reward:   2.0 | Average Reward: 1.450 | Steps: 28802 | Total Reward: 180.0|
| Episode: 124 | Epsilon:  0.33 | Reward:   0.0 | Average Reward: 1.430 | Steps: 28954 | Total Reward: 180.0|
| Episode: 125 | Epsilon:  0.33 | Reward:   0.0 | Average Reward: 1.410 | Steps: 29111 | Total Reward: 180.0|
| Episode: 126 | Epsilon:  0.33 | Reward:   3.0 | Average Reward: 1.440 | Steps: 29428 | Total Reward: 183.0|
| Episode: 127 | Epsilon:  0.33 | Reward:   3.0 | Average Reward: 1.450 | Steps: 29725 | Total Reward: 186.0|
| Episode: 128 | Epsilon:  0.32 | Reward:   1.0 | Average Reward: 1.440 | Steps: 29939 | Total Reward: 187.0|
| Episode: 129 | Epsilon:  0.32 | Reward:   3.0 | Average Reward: 1.440 | Steps: 30231 | Total Reward: 190.0|
| Episode: 130 | Epsilon:  0.32 | Reward:   0.0 | Average Reward: 1.410 | Steps: 30381 | Total Reward: 190.0|
| Episode: 131 | Epsilon:  0.32 | Reward:   2.0 | Average Reward: 1.430 | Steps: 30608 | Total Reward: 192.0|
| Episode: 132 | Epsilon:  0.31 | Reward:   1.0 | Average Reward: 1.430 | Steps: 30790 | Total Reward: 193.0|
| Episode: 133 | Epsilon:  0.31 | Reward:   2.0 | Average Reward: 1.450 | Steps: 31048 | Total Reward: 195.0|
| Episode: 134 | Epsilon:  0.31 | Reward:   0.0 | Average Reward: 1.450 | Steps: 31198 | Total Reward: 195.0|
| Episode: 135 | Epsilon:  0.31 | Reward:   0.0 | Average Reward: 1.420 | Steps: 31365 | Total Reward: 195.0|
| Episode: 136 | Epsilon:  0.31 | Reward:   0.0 | Average Reward: 1.410 | Steps: 31520 | Total Reward: 195.0|
| Episode: 137 | Epsilon:  0.30 | Reward:   1.0 | Average Reward: 1.410 | Steps: 31712 | Total Reward: 196.0|
| Episode: 138 | Epsilon:  0.30 | Reward:   1.0 | Average Reward: 1.380 | Steps: 31904 | Total Reward: 197.0|
| Episode: 139 | Epsilon:  0.30 | Reward:   0.0 | Average Reward: 1.380 | Steps: 32058 | Total Reward: 197.0|
| Episode: 140 | Epsilon:  0.30 | Reward:   0.0 | Average Reward: 1.370 | Steps: 32213 | Total Reward: 197.0|
| Episode: 141 | Epsilon:  0.30 | Reward:   0.0 | Average Reward: 1.360 | Steps: 32366 | Total Reward: 197.0|
| Episode: 142 | Epsilon:  0.29 | Reward:   3.0 | Average Reward: 1.360 | Steps: 32688 | Total Reward: 200.0|
| Episode: 143 | Epsilon:  0.29 | Reward:   0.0 | Average Reward: 1.360 | Steps: 32838 | Total Reward: 200.0|
| Episode: 144 | Epsilon:  0.29 | Reward:   1.0 | Average Reward: 1.360 | Steps: 33035 | Total Reward: 201.0|
| Episode: 145 | Epsilon:  0.29 | Reward:   1.0 | Average Reward: 1.330 | Steps: 33256 | Total Reward: 202.0|
| Episode: 146 | Epsilon:  0.29 | Reward:   4.0 | Average Reward: 1.370 | Steps: 33618 | Total Reward: 206.0|
| Episode: 147 | Epsilon:  0.28 | Reward:   4.0 | Average Reward: 1.410 | Steps: 34028 | Total Reward: 210.0|
| Episode: 148 | Epsilon:  0.28 | Reward:   2.0 | Average Reward: 1.420 | Steps: 34279 | Total Reward: 212.0|
| Episode: 149 | Epsilon:  0.28 | Reward:   0.0 | Average Reward: 1.390 | Steps: 34433 | Total Reward: 212.0|
| Episode: 150 | Epsilon:  0.28 | Reward:   0.0 | Average Reward: 1.390 | Steps: 34586 | Total Reward: 212.0|
| Episode: 151 | Epsilon:  0.28 | Reward:   0.0 | Average Reward: 1.370 | Steps: 34743 | Total Reward: 212.0|
| Episode: 152 | Epsilon:  0.28 | Reward:   0.0 | Average Reward: 1.370 | Steps: 34896 | Total Reward: 212.0|
| Episode: 153 | Epsilon:  0.27 | Reward:   0.0 | Average Reward: 1.360 | Steps: 35085 | Total Reward: 212.0|
| Episode: 154 | Epsilon:  0.27 | Reward:   2.0 | Average Reward: 1.350 | Steps: 35336 | Total Reward: 214.0|
| Episode: 155 | Epsilon:  0.27 | Reward:   2.0 | Average Reward: 1.350 | Steps: 35584 | Total Reward: 216.0|
| Episode: 156 | Epsilon:  0.27 | Reward:   0.0 | Average Reward: 1.350 | Steps: 35744 | Total Reward: 216.0|
| Episode: 157 | Epsilon:  0.27 | Reward:   4.0 | Average Reward: 1.370 | Steps: 36075 | Total Reward: 220.0|
| Episode: 158 | Epsilon:  0.27 | Reward:   1.0 | Average Reward: 1.350 | Steps: 36290 | Total Reward: 221.0|
| Episode: 159 | Epsilon:  0.26 | Reward:   0.0 | Average Reward: 1.320 | Steps: 36442 | Total Reward: 221.0|
| Episode: 160 | Epsilon:  0.26 | Reward:   2.0 | Average Reward: 1.300 | Steps: 36694 | Total Reward: 223.0|
| Episode: 161 | Epsilon:  0.26 | Reward:   1.0 | Average Reward: 1.300 | Steps: 36904 | Total Reward: 224.0|
| Episode: 162 | Epsilon:  0.26 | Reward:   0.0 | Average Reward: 1.290 | Steps: 37055 | Total Reward: 224.0|
| Episode: 163 | Epsilon:  0.26 | Reward:   3.0 | Average Reward: 1.320 | Steps: 37384 | Total Reward: 227.0|
| Episode: 164 | Epsilon:  0.26 | Reward:   0.0 | Average Reward: 1.270 | Steps: 37540 | Total Reward: 227.0|
| Episode: 165 | Epsilon:  0.25 | Reward:   2.0 | Average Reward: 1.270 | Steps: 37823 | Total Reward: 229.0|
| Episode: 166 | Epsilon:  0.25 | Reward:   0.0 | Average Reward: 1.240 | Steps: 37974 | Total Reward: 229.0|
| Episode: 167 | Epsilon:  0.25 | Reward:   1.0 | Average Reward: 1.220 | Steps: 38194 | Total Reward: 230.0|
| Episode: 168 | Epsilon:  0.25 | Reward:   0.0 | Average Reward: 1.220 | Steps: 38349 | Total Reward: 230.0|
| Episode: 169 | Epsilon:  0.25 | Reward:   0.0 | Average Reward: 1.210 | Steps: 38496 | Total Reward: 230.0|
| Episode: 170 | Epsilon:  0.25 | Reward:   2.0 | Average Reward: 1.230 | Steps: 38755 | Total Reward: 232.0|
| Episode: 171 | Epsilon:  0.24 | Reward:   1.0 | Average Reward: 1.200 | Steps: 38939 | Total Reward: 233.0|
| Episode: 172 | Epsilon:  0.24 | Reward:   3.0 | Average Reward: 1.220 | Steps: 39231 | Total Reward: 236.0|
| Episode: 173 | Epsilon:  0.24 | Reward:   1.0 | Average Reward: 1.220 | Steps: 39449 | Total Reward: 237.0|
| Episode: 174 | Epsilon:  0.24 | Reward:   2.0 | Average Reward: 1.240 | Steps: 39731 | Total Reward: 239.0|
| Episode: 175 | Epsilon:  0.24 | Reward:   0.0 | Average Reward: 1.200 | Steps: 39885 | Total Reward: 239.0|
| Episode: 176 | Epsilon:  0.24 | Reward:   0.0 | Average Reward: 1.170 | Steps: 40044 | Total Reward: 239.0|
| Episode: 177 | Epsilon:  0.24 | Reward:   3.0 | Average Reward: 1.200 | Steps: 40392 | Total Reward: 242.0|
| Episode: 178 | Epsilon:  0.24 | Reward:   0.0 | Average Reward: 1.190 | Steps: 40547 | Total Reward: 242.0|
| Episode: 179 | Epsilon:  0.23 | Reward:   0.0 | Average Reward: 1.170 | Steps: 40704 | Total Reward: 242.0|
| Episode: 180 | Epsilon:  0.23 | Reward:   0.0 | Average Reward: 1.170 | Steps: 40859 | Total Reward: 242.0|
| Episode: 181 | Epsilon:  0.23 | Reward:   0.0 | Average Reward: 1.160 | Steps: 41010 | Total Reward: 242.0|
| Episode: 182 | Epsilon:  0.23 | Reward:   0.0 | Average Reward: 1.140 | Steps: 41163 | Total Reward: 242.0|
| Episode: 183 | Epsilon:  0.23 | Reward:   1.0 | Average Reward: 1.150 | Steps: 41354 | Total Reward: 243.0|
| Episode: 184 | Epsilon:  0.23 | Reward:   3.0 | Average Reward: 1.180 | Steps: 41670 | Total Reward: 246.0|
| Episode: 185 | Epsilon:  0.23 | Reward:   0.0 | Average Reward: 1.180 | Steps: 41853 | Total Reward: 246.0|
| Episode: 186 | Epsilon:  0.22 | Reward:   1.0 | Average Reward: 1.180 | Steps: 42070 | Total Reward: 247.0|
| Episode: 187 | Epsilon:  0.22 | Reward:   2.0 | Average Reward: 1.200 | Steps: 42293 | Total Reward: 249.0|
| Episode: 188 | Epsilon:  0.22 | Reward:   2.0 | Average Reward: 1.210 | Steps: 42549 | Total Reward: 251.0|
| Episode: 189 | Epsilon:  0.22 | Reward:   1.0 | Average Reward: 1.220 | Steps: 42765 | Total Reward: 252.0|
| Episode: 190 | Epsilon:  0.22 | Reward:   1.0 | Average Reward: 1.190 | Steps: 43008 | Total Reward: 253.0|
| Episode: 191 | Epsilon:  0.22 | Reward:   0.0 | Average Reward: 1.180 | Steps: 43156 | Total Reward: 253.0|
| Episode: 192 | Epsilon:  0.22 | Reward:   0.0 | Average Reward: 1.180 | Steps: 43310 | Total Reward: 253.0|
| Episode: 193 | Epsilon:  0.22 | Reward:   3.0 | Average Reward: 1.210 | Steps: 43625 | Total Reward: 256.0|
| Episode: 194 | Epsilon:  0.22 | Reward:   1.0 | Average Reward: 1.210 | Steps: 43838 | Total Reward: 257.0|
| Episode: 195 | Epsilon:  0.21 | Reward:   0.0 | Average Reward: 1.200 | Steps: 43998 | Total Reward: 257.0|
| Episode: 196 | Epsilon:  0.21 | Reward:   0.0 | Average Reward: 1.200 | Steps: 44151 | Total Reward: 257.0|
| Episode: 197 | Epsilon:  0.21 | Reward:   1.0 | Average Reward: 1.180 | Steps: 44372 | Total Reward: 258.0|
| Episode: 198 | Epsilon:  0.21 | Reward:   0.0 | Average Reward: 1.160 | Steps: 44527 | Total Reward: 258.0|
| Episode: 199 | Epsilon:  0.21 | Reward:   0.0 | Average Reward: 1.160 | Steps: 44681 | Total Reward: 258.0|
| Episode: 200 | Epsilon:  0.21 | Reward:   0.0 | Average Reward: 1.150 | Steps: 44833 | Total Reward: 258.0|
| Episode: 201 | Epsilon:  0.21 | Reward:   2.0 | Average Reward: 1.150 | Steps: 45075 | Total Reward: 260.0|
| Episode: 202 | Epsilon:  0.21 | Reward:   0.0 | Average Reward: 1.130 | Steps: 45225 | Total Reward: 260.0|
| Episode: 203 | Epsilon:  0.21 | Reward:   0.0 | Average Reward: 1.130 | Steps: 45376 | Total Reward: 260.0|
| Episode: 204 | Epsilon:  0.20 | Reward:   0.0 | Average Reward: 1.130 | Steps: 45530 | Total Reward: 260.0|
| Episode: 205 | Epsilon:  0.20 | Reward:   1.0 | Average Reward: 1.120 | Steps: 45746 | Total Reward: 261.0|
| Episode: 206 | Epsilon:  0.20 | Reward:   0.0 | Average Reward: 1.110 | Steps: 45898 | Total Reward: 261.0|
| Episode: 207 | Epsilon:  0.20 | Reward:   2.0 | Average Reward: 1.120 | Steps: 46163 | Total Reward: 263.0|
| Episode: 208 | Epsilon:  0.20 | Reward:   0.0 | Average Reward: 1.070 | Steps: 46323 | Total Reward: 263.0|
| Episode: 209 | Epsilon:  0.20 | Reward:   2.0 | Average Reward: 1.080 | Steps: 46577 | Total Reward: 265.0|
| Episode: 210 | Epsilon:  0.20 | Reward:   2.0 | Average Reward: 1.090 | Steps: 46861 | Total Reward: 267.0|
| Episode: 211 | Epsilon:  0.20 | Reward:   1.0 | Average Reward: 1.100 | Steps: 47076 | Total Reward: 268.0|
| Episode: 212 | Epsilon:  0.20 | Reward:   0.0 | Average Reward: 1.080 | Steps: 47243 | Total Reward: 268.0|
| Episode: 213 | Epsilon:  0.20 | Reward:   2.0 | Average Reward: 1.070 | Steps: 47496 | Total Reward: 270.0|
| Episode: 214 | Epsilon:  0.19 | Reward:   0.0 | Average Reward: 1.060 | Steps: 47644 | Total Reward: 270.0|
| Episode: 215 | Epsilon:  0.19 | Reward:   0.0 | Average Reward: 1.040 | Steps: 47798 | Total Reward: 270.0|
| Episode: 216 | Epsilon:  0.19 | Reward:   2.0 | Average Reward: 1.030 | Steps: 48063 | Total Reward: 272.0|
| Episode: 217 | Epsilon:  0.19 | Reward:   2.0 | Average Reward: 1.050 | Steps: 48312 | Total Reward: 274.0|
| Episode: 218 | Epsilon:  0.19 | Reward:   0.0 | Average Reward: 1.030 | Steps: 48509 | Total Reward: 274.0|
| Episode: 219 | Epsilon:  0.19 | Reward:   0.0 | Average Reward: 1.010 | Steps: 48667 | Total Reward: 274.0|
| Episode: 220 | Epsilon:  0.19 | Reward:   2.0 | Average Reward: 1.030 | Steps: 48914 | Total Reward: 276.0|
| Episode: 221 | Epsilon:  0.19 | Reward:   1.0 | Average Reward: 1.010 | Steps: 49108 | Total Reward: 277.0|
| Episode: 222 | Epsilon:  0.19 | Reward:   1.0 | Average Reward: 1.000 | Steps: 49321 | Total Reward: 278.0|
| Episode: 223 | Epsilon:  0.19 | Reward:   2.0 | Average Reward: 1.000 | Steps: 49569 | Total Reward: 280.0|
| Episode: 224 | Epsilon:  0.19 | Reward:   0.0 | Average Reward: 1.000 | Steps: 49725 | Total Reward: 280.0|
| Episode: 225 | Epsilon:  0.18 | Reward:   3.0 | Average Reward: 1.030 | Steps: 50045 | Total Reward: 283.0|
| Episode: 226 | Epsilon:  0.18 | Reward:   2.0 | Average Reward: 1.020 | Steps: 50294 | Total Reward: 285.0|
| Episode: 227 | Epsilon:  0.18 | Reward:   0.0 | Average Reward: 0.990 | Steps: 50441 | Total Reward: 285.0|
| Episode: 228 | Epsilon:  0.18 | Reward:   2.0 | Average Reward: 1.000 | Steps: 50698 | Total Reward: 287.0|
| Episode: 229 | Epsilon:  0.18 | Reward:   0.0 | Average Reward: 0.970 | Steps: 50853 | Total Reward: 287.0|
| Episode: 230 | Epsilon:  0.18 | Reward:   2.0 | Average Reward: 0.990 | Steps: 51105 | Total Reward: 289.0|
| Episode: 231 | Epsilon:  0.18 | Reward:   4.0 | Average Reward: 1.010 | Steps: 51468 | Total Reward: 293.0|
| Episode: 232 | Epsilon:  0.18 | Reward:   1.0 | Average Reward: 1.010 | Steps: 51665 | Total Reward: 294.0|
| Episode: 233 | Epsilon:  0.18 | Reward:   2.0 | Average Reward: 1.010 | Steps: 51920 | Total Reward: 296.0|
| Episode: 234 | Epsilon:  0.18 | Reward:   3.0 | Average Reward: 1.040 | Steps: 52239 | Total Reward: 299.0|
| Episode: 235 | Epsilon:  0.18 | Reward:   2.0 | Average Reward: 1.060 | Steps: 52556 | Total Reward: 301.0|
| Episode: 236 | Epsilon:  0.18 | Reward:   2.0 | Average Reward: 1.080 | Steps: 52788 | Total Reward: 303.0|
| Episode: 237 | Epsilon:  0.17 | Reward:   3.0 | Average Reward: 1.100 | Steps: 53061 | Total Reward: 306.0|
| Episode: 238 | Epsilon:  0.17 | Reward:   1.0 | Average Reward: 1.100 | Steps: 53244 | Total Reward: 307.0|
| Episode: 239 | Epsilon:  0.17 | Reward:   0.0 | Average Reward: 1.100 | Steps: 53397 | Total Reward: 307.0|
| Episode: 240 | Epsilon:  0.17 | Reward:   2.0 | Average Reward: 1.120 | Steps: 53651 | Total Reward: 309.0|
| Episode: 241 | Epsilon:  0.17 | Reward:   1.0 | Average Reward: 1.130 | Steps: 53892 | Total Reward: 310.0|
| Episode: 242 | Epsilon:  0.17 | Reward:   0.0 | Average Reward: 1.100 | Steps: 54062 | Total Reward: 310.0|
| Episode: 243 | Epsilon:  0.17 | Reward:   1.0 | Average Reward: 1.110 | Steps: 54280 | Total Reward: 311.0|
| Episode: 244 | Epsilon:  0.17 | Reward:   2.0 | Average Reward: 1.120 | Steps: 54574 | Total Reward: 313.0|
| Episode: 245 | Epsilon:  0.17 | Reward:   1.0 | Average Reward: 1.120 | Steps: 54785 | Total Reward: 314.0|
| Episode: 246 | Epsilon:  0.17 | Reward:   0.0 | Average Reward: 1.080 | Steps: 54938 | Total Reward: 314.0|
| Episode: 247 | Epsilon:  0.17 | Reward:   2.0 | Average Reward: 1.060 | Steps: 55230 | Total Reward: 316.0|
| Episode: 248 | Epsilon:  0.17 | Reward:   2.0 | Average Reward: 1.060 | Steps: 55508 | Total Reward: 318.0|
| Episode: 249 | Epsilon:  0.17 | Reward:   4.0 | Average Reward: 1.100 | Steps: 55909 | Total Reward: 322.0|
| Episode: 250 | Epsilon:  0.17 | Reward:   1.0 | Average Reward: 1.110 | Steps: 56121 | Total Reward: 323.0|
| Episode: 251 | Epsilon:  0.17 | Reward:   3.0 | Average Reward: 1.140 | Steps: 56424 | Total Reward: 326.0|
| Episode: 252 | Epsilon:  0.16 | Reward:   2.0 | Average Reward: 1.160 | Steps: 56675 | Total Reward: 328.0|
| Episode: 253 | Epsilon:  0.16 | Reward:   0.0 | Average Reward: 1.160 | Steps: 56836 | Total Reward: 328.0|
| Episode: 254 | Epsilon:  0.16 | Reward:   5.0 | Average Reward: 1.190 | Steps: 57233 | Total Reward: 333.0|
| Episode: 255 | Epsilon:  0.16 | Reward:   2.0 | Average Reward: 1.190 | Steps: 57502 | Total Reward: 335.0|
| Episode: 256 | Epsilon:  0.16 | Reward:   3.0 | Average Reward: 1.220 | Steps: 57819 | Total Reward: 338.0|
| Episode: 257 | Epsilon:  0.16 | Reward:   2.0 | Average Reward: 1.200 | Steps: 58064 | Total Reward: 340.0|
| Episode: 258 | Epsilon:  0.16 | Reward:   2.0 | Average Reward: 1.210 | Steps: 58322 | Total Reward: 342.0|
| Episode: 259 | Epsilon:  0.16 | Reward:   3.0 | Average Reward: 1.240 | Steps: 58639 | Total Reward: 345.0|
| Episode: 260 | Epsilon:  0.16 | Reward:   0.0 | Average Reward: 1.220 | Steps: 58792 | Total Reward: 345.0|
| Episode: 261 | Epsilon:  0.16 | Reward:   1.0 | Average Reward: 1.220 | Steps: 58985 | Total Reward: 346.0|
| Episode: 262 | Epsilon:  0.16 | Reward:   0.0 | Average Reward: 1.220 | Steps: 59139 | Total Reward: 346.0|
| Episode: 263 | Epsilon:  0.16 | Reward:   2.0 | Average Reward: 1.210 | Steps: 59392 | Total Reward: 348.0|
| Episode: 264 | Epsilon:  0.16 | Reward:   5.0 | Average Reward: 1.260 | Steps: 59825 | Total Reward: 353.0|
| Episode: 265 | Epsilon:  0.16 | Reward:   0.0 | Average Reward: 1.240 | Steps: 59976 | Total Reward: 353.0|
| Episode: 266 | Epsilon:  0.16 | Reward:   0.0 | Average Reward: 1.240 | Steps: 60127 | Total Reward: 353.0|
| Episode: 267 | Epsilon:  0.16 | Reward:   0.0 | Average Reward: 1.230 | Steps: 60281 | Total Reward: 353.0|
| Episode: 268 | Epsilon:  0.15 | Reward:   4.0 | Average Reward: 1.270 | Steps: 60640 | Total Reward: 357.0|
| Episode: 269 | Epsilon:  0.15 | Reward:   3.0 | Average Reward: 1.300 | Steps: 60955 | Total Reward: 360.0|
| Episode: 270 | Epsilon:  0.15 | Reward:   0.0 | Average Reward: 1.280 | Steps: 61106 | Total Reward: 360.0|
| Episode: 271 | Epsilon:  0.15 | Reward:   0.0 | Average Reward: 1.270 | Steps: 61255 | Total Reward: 360.0|
| Episode: 272 | Epsilon:  0.15 | Reward:   0.0 | Average Reward: 1.240 | Steps: 61411 | Total Reward: 360.0|
| Episode: 273 | Epsilon:  0.15 | Reward:   2.0 | Average Reward: 1.250 | Steps: 61670 | Total Reward: 362.0|
| Episode: 274 | Epsilon:  0.15 | Reward:   3.0 | Average Reward: 1.260 | Steps: 61964 | Total Reward: 365.0|
| Episode: 275 | Epsilon:  0.15 | Reward:   4.0 | Average Reward: 1.300 | Steps: 62341 | Total Reward: 369.0|
| Episode: 276 | Epsilon:  0.15 | Reward:   3.0 | Average Reward: 1.330 | Steps: 62660 | Total Reward: 372.0|
| Episode: 277 | Epsilon:  0.15 | Reward:   0.0 | Average Reward: 1.300 | Steps: 62813 | Total Reward: 372.0|
| Episode: 278 | Epsilon:  0.15 | Reward:   0.0 | Average Reward: 1.300 | Steps: 62982 | Total Reward: 372.0|
| Episode: 279 | Epsilon:  0.15 | Reward:   2.0 | Average Reward: 1.320 | Steps: 63236 | Total Reward: 374.0|
| Episode: 280 | Epsilon:  0.15 | Reward:   2.0 | Average Reward: 1.340 | Steps: 63527 | Total Reward: 376.0|
| Episode: 281 | Epsilon:  0.15 | Reward:   5.0 | Average Reward: 1.390 | Steps: 63975 | Total Reward: 381.0|
| Episode: 282 | Epsilon:  0.15 | Reward:   3.0 | Average Reward: 1.420 | Steps: 64297 | Total Reward: 384.0|
| Episode: 283 | Epsilon:  0.15 | Reward:   1.0 | Average Reward: 1.420 | Steps: 64516 | Total Reward: 385.0|
| Episode: 284 | Epsilon:  0.15 | Reward:   2.0 | Average Reward: 1.410 | Steps: 64797 | Total Reward: 387.0|
| Episode: 285 | Epsilon:  0.15 | Reward:   2.0 | Average Reward: 1.430 | Steps: 65046 | Total Reward: 389.0|
| Episode: 286 | Epsilon:  0.15 | Reward:   0.0 | Average Reward: 1.420 | Steps: 65209 | Total Reward: 389.0|
| Episode: 287 | Epsilon:  0.15 | Reward:   4.0 | Average Reward: 1.440 | Steps: 65608 | Total Reward: 393.0|
| Episode: 288 | Epsilon:  0.14 | Reward:   0.0 | Average Reward: 1.420 | Steps: 65819 | Total Reward: 393.0|
| Episode: 289 | Epsilon:  0.14 | Reward:   0.0 | Average Reward: 1.410 | Steps: 65969 | Total Reward: 393.0|
| Episode: 290 | Epsilon:  0.14 | Reward:   2.0 | Average Reward: 1.420 | Steps: 66225 | Total Reward: 395.0|
| Episode: 291 | Epsilon:  0.14 | Reward:   1.0 | Average Reward: 1.430 | Steps: 66452 | Total Reward: 396.0|
| Episode: 292 | Epsilon:  0.14 | Reward:   1.0 | Average Reward: 1.440 | Steps: 66647 | Total Reward: 397.0|
| Episode: 293 | Epsilon:  0.14 | Reward:   0.0 | Average Reward: 1.410 | Steps: 66797 | Total Reward: 397.0|
| Episode: 294 | Epsilon:  0.14 | Reward:   3.0 | Average Reward: 1.430 | Steps: 67109 | Total Reward: 400.0|
| Episode: 295 | Epsilon:  0.14 | Reward:   0.0 | Average Reward: 1.430 | Steps: 67257 | Total Reward: 400.0|
| Episode: 296 | Epsilon:  0.14 | Reward:   0.0 | Average Reward: 1.430 | Steps: 67419 | Total Reward: 400.0|
| Episode: 297 | Epsilon:  0.14 | Reward:   0.0 | Average Reward: 1.420 | Steps: 67576 | Total Reward: 400.0|
| Episode: 298 | Epsilon:  0.14 | Reward:   0.0 | Average Reward: 1.420 | Steps: 67801 | Total Reward: 400.0|
| Episode: 299 | Epsilon:  0.14 | Reward:   2.0 | Average Reward: 1.440 | Steps: 68052 | Total Reward: 402.0|
| Episode: 300 | Epsilon:  0.14 | Reward:   2.0 | Average Reward: 1.460 | Steps: 68298 | Total Reward: 404.0|
| Episode: 301 | Epsilon:  0.14 | Reward:   1.0 | Average Reward: 1.450 | Steps: 68489 | Total Reward: 405.0|
| Episode: 302 | Epsilon:  0.14 | Reward:   3.0 | Average Reward: 1.480 | Steps: 68846 | Total Reward: 408.0|
| Episode: 303 | Epsilon:  0.14 | Reward:   2.0 | Average Reward: 1.500 | Steps: 69129 | Total Reward: 410.0|
| Episode: 304 | Epsilon:  0.14 | Reward:   6.0 | Average Reward: 1.560 | Steps: 69619 | Total Reward: 416.0|
| Episode: 305 | Epsilon:  0.14 | Reward:   0.0 | Average Reward: 1.550 | Steps: 69769 | Total Reward: 416.0|
| Episode: 306 | Epsilon:  0.14 | Reward:   1.0 | Average Reward: 1.560 | Steps: 69956 | Total Reward: 417.0|
| Episode: 307 | Epsilon:  0.14 | Reward:   0.0 | Average Reward: 1.540 | Steps: 70112 | Total Reward: 417.0|
| Episode: 308 | Epsilon:  0.14 | Reward:   0.0 | Average Reward: 1.540 | Steps: 70305 | Total Reward: 417.0|
| Episode: 309 | Epsilon:  0.14 | Reward:   3.0 | Average Reward: 1.550 | Steps: 70648 | Total Reward: 420.0|
| Episode: 310 | Epsilon:  0.14 | Reward:   2.0 | Average Reward: 1.550 | Steps: 70901 | Total Reward: 422.0|
| Episode: 311 | Epsilon:  0.14 | Reward:   0.0 | Average Reward: 1.540 | Steps: 71052 | Total Reward: 422.0|
| Episode: 312 | Epsilon:  0.14 | Reward:   0.0 | Average Reward: 1.540 | Steps: 71212 | Total Reward: 422.0|
| Episode: 313 | Epsilon:  0.14 | Reward:   2.0 | Average Reward: 1.540 | Steps: 71468 | Total Reward: 424.0|
| Episode: 314 | Epsilon:  0.13 | Reward:   0.0 | Average Reward: 1.540 | Steps: 71625 | Total Reward: 424.0|
| Episode: 315 | Epsilon:  0.13 | Reward:   2.0 | Average Reward: 1.560 | Steps: 71882 | Total Reward: 426.0|
| Episode: 316 | Epsilon:  0.13 | Reward:   0.0 | Average Reward: 1.540 | Steps: 72036 | Total Reward: 426.0|
| Episode: 317 | Epsilon:  0.13 | Reward:   1.0 | Average Reward: 1.530 | Steps: 72220 | Total Reward: 427.0|
| Episode: 318 | Epsilon:  0.13 | Reward:   3.0 | Average Reward: 1.560 | Steps: 72553 | Total Reward: 430.0|
| Episode: 319 | Epsilon:  0.13 | Reward:   4.0 | Average Reward: 1.600 | Steps: 72937 | Total Reward: 434.0|
| Episode: 320 | Epsilon:  0.13 | Reward:   0.0 | Average Reward: 1.580 | Steps: 73088 | Total Reward: 434.0|
| Episode: 321 | Epsilon:  0.13 | Reward:   2.0 | Average Reward: 1.590 | Steps: 73342 | Total Reward: 436.0|
| Episode: 322 | Epsilon:  0.13 | Reward:   0.0 | Average Reward: 1.580 | Steps: 73504 | Total Reward: 436.0|
| Episode: 323 | Epsilon:  0.13 | Reward:   2.0 | Average Reward: 1.580 | Steps: 73750 | Total Reward: 438.0|
| Episode: 324 | Epsilon:  0.13 | Reward:   0.0 | Average Reward: 1.580 | Steps: 73897 | Total Reward: 438.0|
| Episode: 325 | Epsilon:  0.13 | Reward:   2.0 | Average Reward: 1.570 | Steps: 74199 | Total Reward: 440.0|
| Episode: 326 | Epsilon:  0.13 | Reward:   0.0 | Average Reward: 1.550 | Steps: 74360 | Total Reward: 440.0|
| Episode: 327 | Epsilon:  0.13 | Reward:   1.0 | Average Reward: 1.560 | Steps: 74554 | Total Reward: 441.0|
| Episode: 328 | Epsilon:  0.13 | Reward:   0.0 | Average Reward: 1.540 | Steps: 74713 | Total Reward: 441.0|
| Episode: 329 | Epsilon:  0.13 | Reward:   1.0 | Average Reward: 1.550 | Steps: 74939 | Total Reward: 442.0|
| Episode: 330 | Epsilon:  0.13 | Reward:   0.0 | Average Reward: 1.530 | Steps: 75102 | Total Reward: 442.0|
| Episode: 331 | Epsilon:  0.13 | Reward:   2.0 | Average Reward: 1.510 | Steps: 75394 | Total Reward: 444.0|
| Episode: 332 | Epsilon:  0.13 | Reward:   0.0 | Average Reward: 1.500 | Steps: 75544 | Total Reward: 444.0|
| Episode: 333 | Epsilon:  0.13 | Reward:   0.0 | Average Reward: 1.480 | Steps: 75697 | Total Reward: 444.0|
| Episode: 334 | Epsilon:  0.13 | Reward:   4.0 | Average Reward: 1.490 | Steps: 76081 | Total Reward: 448.0|
| Episode: 335 | Epsilon:  0.13 | Reward:   0.0 | Average Reward: 1.470 | Steps: 76247 | Total Reward: 448.0|
| Episode: 336 | Epsilon:  0.13 | Reward:   1.0 | Average Reward: 1.460 | Steps: 76469 | Total Reward: 449.0|
| Episode: 337 | Epsilon:  0.13 | Reward:   2.0 | Average Reward: 1.450 | Steps: 76746 | Total Reward: 451.0|
| Episode: 338 | Epsilon:  0.13 | Reward:   1.0 | Average Reward: 1.450 | Steps: 76943 | Total Reward: 452.0|
| Episode: 339 | Epsilon:  0.13 | Reward:   0.0 | Average Reward: 1.450 | Steps: 77105 | Total Reward: 452.0|
| Episode: 340 | Epsilon:  0.13 | Reward:   1.0 | Average Reward: 1.440 | Steps: 77320 | Total Reward: 453.0|
| Episode: 341 | Epsilon:  0.13 | Reward:   0.0 | Average Reward: 1.430 | Steps: 77470 | Total Reward: 453.0|
| Episode: 342 | Epsilon:  0.13 | Reward:   0.0 | Average Reward: 1.430 | Steps: 77628 | Total Reward: 453.0|
| Episode: 343 | Epsilon:  0.13 | Reward:   1.0 | Average Reward: 1.430 | Steps: 77839 | Total Reward: 454.0|
| Episode: 344 | Epsilon:  0.13 | Reward:   1.0 | Average Reward: 1.420 | Steps: 78052 | Total Reward: 455.0|
| Episode: 345 | Epsilon:  0.13 | Reward:   5.0 | Average Reward: 1.460 | Steps: 78480 | Total Reward: 460.0|
| Episode: 346 | Epsilon:  0.13 | Reward:   1.0 | Average Reward: 1.470 | Steps: 78751 | Total Reward: 461.0|
| Episode: 347 | Epsilon:  0.12 | Reward:   2.0 | Average Reward: 1.470 | Steps: 79004 | Total Reward: 463.0|
| Episode: 348 | Epsilon:  0.12 | Reward:   0.0 | Average Reward: 1.450 | Steps: 79159 | Total Reward: 463.0|
| Episode: 349 | Epsilon:  0.12 | Reward:   1.0 | Average Reward: 1.420 | Steps: 79374 | Total Reward: 464.0|
| Episode: 350 | Epsilon:  0.12 | Reward:   2.0 | Average Reward: 1.430 | Steps: 79657 | Total Reward: 466.0|
| Episode: 351 | Epsilon:  0.12 | Reward:   2.0 | Average Reward: 1.420 | Steps: 79905 | Total Reward: 468.0|
| Episode: 352 | Epsilon:  0.12 | Reward:   2.0 | Average Reward: 1.420 | Steps: 80156 | Total Reward: 470.0|
| Episode: 353 | Epsilon:  0.12 | Reward:   0.0 | Average Reward: 1.420 | Steps: 80311 | Total Reward: 470.0|
| Episode: 354 | Epsilon:  0.12 | Reward:   2.0 | Average Reward: 1.390 | Steps: 80566 | Total Reward: 472.0|
| Episode: 355 | Epsilon:  0.12 | Reward:   0.0 | Average Reward: 1.370 | Steps: 80719 | Total Reward: 472.0|
| Episode: 356 | Epsilon:  0.12 | Reward:   1.0 | Average Reward: 1.350 | Steps: 80940 | Total Reward: 473.0|
| Episode: 357 | Epsilon:  0.12 | Reward:   0.0 | Average Reward: 1.330 | Steps: 81092 | Total Reward: 473.0|
| Episode: 358 | Epsilon:  0.12 | Reward:   2.0 | Average Reward: 1.330 | Steps: 81345 | Total Reward: 475.0|
| Episode: 359 | Epsilon:  0.12 | Reward:   2.0 | Average Reward: 1.320 | Steps: 81596 | Total Reward: 477.0|
| Episode: 360 | Epsilon:  0.12 | Reward:   2.0 | Average Reward: 1.340 | Steps: 81853 | Total Reward: 479.0|
| Episode: 361 | Epsilon:  0.12 | Reward:   0.0 | Average Reward: 1.330 | Steps: 82005 | Total Reward: 479.0|
| Episode: 362 | Epsilon:  0.12 | Reward:   2.0 | Average Reward: 1.350 | Steps: 82287 | Total Reward: 481.0|
| Episode: 363 | Epsilon:  0.12 | Reward:   0.0 | Average Reward: 1.330 | Steps: 82438 | Total Reward: 481.0|
| Episode: 364 | Epsilon:  0.12 | Reward:   3.0 | Average Reward: 1.310 | Steps: 82767 | Total Reward: 484.0|
| Episode: 365 | Epsilon:  0.12 | Reward:   0.0 | Average Reward: 1.310 | Steps: 82922 | Total Reward: 484.0|
| Episode: 366 | Epsilon:  0.12 | Reward:   0.0 | Average Reward: 1.310 | Steps: 83077 | Total Reward: 484.0|
| Episode: 367 | Epsilon:  0.12 | Reward:   3.0 | Average Reward: 1.340 | Steps: 83393 | Total Reward: 487.0|
| Episode: 368 | Epsilon:  0.12 | Reward:   2.0 | Average Reward: 1.320 | Steps: 83650 | Total Reward: 489.0|
| Episode: 369 | Epsilon:  0.12 | Reward:   2.0 | Average Reward: 1.310 | Steps: 83903 | Total Reward: 491.0|
| Episode: 370 | Epsilon:  0.12 | Reward:   0.0 | Average Reward: 1.310 | Steps: 84056 | Total Reward: 491.0|
| Episode: 371 | Epsilon:  0.12 | Reward:   2.0 | Average Reward: 1.330 | Steps: 84376 | Total Reward: 493.0|
| Episode: 372 | Epsilon:  0.12 | Reward:   2.0 | Average Reward: 1.350 | Steps: 84632 | Total Reward: 495.0|
| Episode: 373 | Epsilon:  0.12 | Reward:   2.0 | Average Reward: 1.350 | Steps: 84886 | Total Reward: 497.0|
| Episode: 374 | Epsilon:  0.12 | Reward:   0.0 | Average Reward: 1.320 | Steps: 85035 | Total Reward: 497.0|
| Episode: 375 | Epsilon:  0.12 | Reward:   1.0 | Average Reward: 1.290 | Steps: 85221 | Total Reward: 498.0|
| Episode: 376 | Epsilon:  0.12 | Reward:   2.0 | Average Reward: 1.280 | Steps: 85477 | Total Reward: 500.0|
| Episode: 377 | Epsilon:  0.12 | Reward:   3.0 | Average Reward: 1.310 | Steps: 85817 | Total Reward: 503.0|
| Episode: 378 | Epsilon:  0.12 | Reward:   2.0 | Average Reward: 1.330 | Steps: 86103 | Total Reward: 505.0|
| Episode: 379 | Epsilon:  0.12 | Reward:   2.0 | Average Reward: 1.330 | Steps: 86360 | Total Reward: 507.0|
| Episode: 380 | Epsilon:  0.12 | Reward:   2.0 | Average Reward: 1.330 | Steps: 86619 | Total Reward: 509.0|
| Episode: 381 | Epsilon:  0.12 | Reward:   2.0 | Average Reward: 1.300 | Steps: 86878 | Total Reward: 511.0|
| Episode: 382 | Epsilon:  0.12 | Reward:   2.0 | Average Reward: 1.290 | Steps: 87131 | Total Reward: 513.0|
| Episode: 383 | Epsilon:  0.12 | Reward:   2.0 | Average Reward: 1.300 | Steps: 87377 | Total Reward: 515.0|
| Episode: 384 | Epsilon:  0.12 | Reward:   0.0 | Average Reward: 1.280 | Steps: 87532 | Total Reward: 515.0|
| Episode: 385 | Epsilon:  0.12 | Reward:   0.0 | Average Reward: 1.260 | Steps: 87734 | Total Reward: 515.0|
| Episode: 386 | Epsilon:  0.12 | Reward:   0.0 | Average Reward: 1.260 | Steps: 87890 | Total Reward: 515.0|
| Episode: 387 | Epsilon:  0.12 | Reward:   0.0 | Average Reward: 1.220 | Steps: 88048 | Total Reward: 515.0|
| Episode: 388 | Epsilon:  0.12 | Reward:   1.0 | Average Reward: 1.230 | Steps: 88255 | Total Reward: 516.0|
| Episode: 389 | Epsilon:  0.12 | Reward:   0.0 | Average Reward: 1.230 | Steps: 88420 | Total Reward: 516.0|
| Episode: 390 | Epsilon:  0.12 | Reward:   0.0 | Average Reward: 1.210 | Steps: 88574 | Total Reward: 516.0|
| Episode: 391 | Epsilon:  0.12 | Reward:   2.0 | Average Reward: 1.220 | Steps: 88856 | Total Reward: 518.0|
| Episode: 392 | Epsilon:  0.12 | Reward:   1.0 | Average Reward: 1.220 | Steps: 89042 | Total Reward: 519.0|
| Episode: 393 | Epsilon:  0.12 | Reward:   2.0 | Average Reward: 1.240 | Steps: 89294 | Total Reward: 521.0|
| Episode: 394 | Epsilon:  0.12 | Reward:   4.0 | Average Reward: 1.250 | Steps: 89655 | Total Reward: 525.0|
| Episode: 395 | Epsilon:  0.12 | Reward:   0.0 | Average Reward: 1.250 | Steps: 89809 | Total Reward: 525.0|
| Episode: 396 | Epsilon:  0.12 | Reward:   0.0 | Average Reward: 1.250 | Steps: 89963 | Total Reward: 525.0|
| Episode: 397 | Epsilon:  0.12 | Reward:   2.0 | Average Reward: 1.270 | Steps: 90214 | Total Reward: 527.0|
| Episode: 398 | Epsilon:  0.11 | Reward:   0.0 | Average Reward: 1.270 | Steps: 90369 | Total Reward: 527.0|
| Episode: 399 | Epsilon:  0.11 | Reward:   2.0 | Average Reward: 1.270 | Steps: 90655 | Total Reward: 529.0|
| Episode: 400 | Epsilon:  0.11 | Reward:   1.0 | Average Reward: 1.260 | Steps: 90887 | Total Reward: 530.0|
| Episode: 401 | Epsilon:  0.11 | Reward:   6.0 | Average Reward: 1.310 | Steps: 91386 | Total Reward: 536.0|
| Episode: 402 | Epsilon:  0.11 | Reward:   2.0 | Average Reward: 1.300 | Steps: 91650 | Total Reward: 538.0|
| Episode: 403 | Epsilon:  0.11 | Reward:   0.0 | Average Reward: 1.280 | Steps: 91806 | Total Reward: 538.0|
| Episode: 404 | Epsilon:  0.11 | Reward:   0.0 | Average Reward: 1.220 | Steps: 91953 | Total Reward: 538.0|
| Episode: 405 | Epsilon:  0.11 | Reward:   3.0 | Average Reward: 1.250 | Steps: 92268 | Total Reward: 541.0|
| Episode: 406 | Epsilon:  0.11 | Reward:   0.0 | Average Reward: 1.240 | Steps: 92519 | Total Reward: 541.0|
| Episode: 407 | Epsilon:  0.11 | Reward:   2.0 | Average Reward: 1.260 | Steps: 92802 | Total Reward: 543.0|
| Episode: 408 | Epsilon:  0.11 | Reward:   0.0 | Average Reward: 1.260 | Steps: 92954 | Total Reward: 543.0|
| Episode: 409 | Epsilon:  0.11 | Reward:   2.0 | Average Reward: 1.250 | Steps: 93243 | Total Reward: 545.0|
| Episode: 410 | Epsilon:  0.11 | Reward:   0.0 | Average Reward: 1.230 | Steps: 93395 | Total Reward: 545.0|
| Episode: 411 | Epsilon:  0.11 | Reward:   0.0 | Average Reward: 1.230 | Steps: 93545 | Total Reward: 545.0|
| Episode: 412 | Epsilon:  0.11 | Reward:   0.0 | Average Reward: 1.230 | Steps: 93696 | Total Reward: 545.0|
| Episode: 413 | Epsilon:  0.11 | Reward:   3.0 | Average Reward: 1.240 | Steps: 93993 | Total Reward: 548.0|
| Episode: 414 | Epsilon:  0.11 | Reward:   2.0 | Average Reward: 1.260 | Steps: 94252 | Total Reward: 550.0|
| Episode: 415 | Epsilon:  0.11 | Reward:   0.0 | Average Reward: 1.240 | Steps: 94414 | Total Reward: 550.0|
| Episode: 416 | Epsilon:  0.11 | Reward:   0.0 | Average Reward: 1.240 | Steps: 94578 | Total Reward: 550.0|
| Episode: 417 | Epsilon:  0.11 | Reward:   1.0 | Average Reward: 1.240 | Steps: 94765 | Total Reward: 551.0|
| Episode: 418 | Epsilon:  0.11 | Reward:   2.0 | Average Reward: 1.230 | Steps: 95020 | Total Reward: 553.0|
| Episode: 419 | Epsilon:  0.11 | Reward:   0.0 | Average Reward: 1.190 | Steps: 95169 | Total Reward: 553.0|
| Episode: 420 | Epsilon:  0.11 | Reward:   0.0 | Average Reward: 1.190 | Steps: 95327 | Total Reward: 553.0|
| Episode: 421 | Epsilon:  0.11 | Reward:   2.0 | Average Reward: 1.190 | Steps: 95576 | Total Reward: 555.0|
| Episode: 422 | Epsilon:  0.11 | Reward:   5.0 | Average Reward: 1.240 | Steps: 96001 | Total Reward: 560.0|
| Episode: 423 | Epsilon:  0.11 | Reward:   0.0 | Average Reward: 1.220 | Steps: 96149 | Total Reward: 560.0|
| Episode: 424 | Epsilon:  0.11 | Reward:   0.0 | Average Reward: 1.220 | Steps: 96298 | Total Reward: 560.0|
| Episode: 425 | Epsilon:  0.11 | Reward:   3.0 | Average Reward: 1.230 | Steps: 96589 | Total Reward: 563.0|
| Episode: 426 | Epsilon:  0.11 | Reward:   2.0 | Average Reward: 1.250 | Steps: 96845 | Total Reward: 565.0|
| Episode: 427 | Epsilon:  0.11 | Reward:   1.0 | Average Reward: 1.250 | Steps: 97062 | Total Reward: 566.0|
| Episode: 428 | Epsilon:  0.11 | Reward:   1.0 | Average Reward: 1.260 | Steps: 97269 | Total Reward: 567.0|
| Episode: 429 | Epsilon:  0.11 | Reward:   0.0 | Average Reward: 1.250 | Steps: 97421 | Total Reward: 567.0|
| Episode: 430 | Epsilon:  0.11 | Reward:   0.0 | Average Reward: 1.250 | Steps: 97579 | Total Reward: 567.0|
| Episode: 431 | Epsilon:  0.11 | Reward:   0.0 | Average Reward: 1.230 | Steps: 97728 | Total Reward: 567.0|
| Episode: 432 | Epsilon:  0.11 | Reward:   3.0 | Average Reward: 1.260 | Steps: 98049 | Total Reward: 570.0|
| Episode: 433 | Epsilon:  0.11 | Reward:   0.0 | Average Reward: 1.260 | Steps: 98208 | Total Reward: 570.0|
| Episode: 434 | Epsilon:  0.11 | Reward:   0.0 | Average Reward: 1.220 | Steps: 98359 | Total Reward: 570.0|
| Episode: 435 | Epsilon:  0.11 | Reward:   0.0 | Average Reward: 1.220 | Steps: 98514 | Total Reward: 570.0|
| Episode: 436 | Epsilon:  0.11 | Reward:   0.0 | Average Reward: 1.210 | Steps: 98667 | Total Reward: 570.0|
| Episode: 437 | Epsilon:  0.11 | Reward:   2.0 | Average Reward: 1.210 | Steps: 98949 | Total Reward: 572.0|
| Episode: 438 | Epsilon:  0.11 | Reward:   2.0 | Average Reward: 1.220 | Steps: 99206 | Total Reward: 574.0|
| Episode: 439 | Epsilon:  0.11 | Reward:   3.0 | Average Reward: 1.250 | Steps: 99552 | Total Reward: 577.0|
| Episode: 440 | Epsilon:  0.11 | Reward:   1.0 | Average Reward: 1.250 | Steps: 99760 | Total Reward: 578.0|
| Episode: 441 | Epsilon:  0.11 | Reward:   3.0 | Average Reward: 1.280 | Steps: 100081 | Total Reward: 581.0|
| Episode: 442 | Epsilon:  0.11 | Reward:   0.0 | Average Reward: 1.280 | Steps: 100239 | Total Reward: 581.0|
| Episode: 443 | Epsilon:  0.11 | Reward:   3.0 | Average Reward: 1.300 | Steps: 100532 | Total Reward: 584.0|
| Episode: 444 | Epsilon:  0.11 | Reward:   0.0 | Average Reward: 1.290 | Steps: 100681 | Total Reward: 584.0|
| Episode: 445 | Epsilon:  0.11 | Reward:   0.0 | Average Reward: 1.240 | Steps: 100832 | Total Reward: 584.0|
| Episode: 446 | Epsilon:  0.11 | Reward:   1.0 | Average Reward: 1.240 | Steps: 101049 | Total Reward: 585.0|
| Episode: 447 | Epsilon:  0.11 | Reward:   2.0 | Average Reward: 1.240 | Steps: 101304 | Total Reward: 587.0|
| Episode: 448 | Epsilon:  0.11 | Reward:   0.0 | Average Reward: 1.240 | Steps: 101455 | Total Reward: 587.0|
| Episode: 449 | Epsilon:  0.11 | Reward:   0.0 | Average Reward: 1.230 | Steps: 101611 | Total Reward: 587.0|
| Episode: 450 | Epsilon:  0.11 | Reward:   2.0 | Average Reward: 1.230 | Steps: 101900 | Total Reward: 589.0|
| Episode: 451 | Epsilon:  0.11 | Reward:   3.0 | Average Reward: 1.240 | Steps: 102226 | Total Reward: 592.0|
| Episode: 452 | Epsilon:  0.11 | Reward:   3.0 | Average Reward: 1.250 | Steps: 102583 | Total Reward: 595.0|
| Episode: 453 | Epsilon:  0.11 | Reward:   2.0 | Average Reward: 1.270 | Steps: 102837 | Total Reward: 597.0|
| Episode: 454 | Epsilon:  0.11 | Reward:   2.0 | Average Reward: 1.270 | Steps: 103115 | Total Reward: 599.0|
| Episode: 455 | Epsilon:  0.11 | Reward:   2.0 | Average Reward: 1.290 | Steps: 103370 | Total Reward: 601.0|
| Episode: 456 | Epsilon:  0.11 | Reward:   2.0 | Average Reward: 1.300 | Steps: 103654 | Total Reward: 603.0|
| Episode: 457 | Epsilon:  0.11 | Reward:   1.0 | Average Reward: 1.310 | Steps: 103847 | Total Reward: 604.0|
| Episode: 458 | Epsilon:  0.11 | Reward:   3.0 | Average Reward: 1.320 | Steps: 104157 | Total Reward: 607.0|
| Episode: 459 | Epsilon:  0.11 | Reward:   1.0 | Average Reward: 1.310 | Steps: 104345 | Total Reward: 608.0|
| Episode: 460 | Epsilon:  0.11 | Reward:   4.0 | Average Reward: 1.330 | Steps: 104735 | Total Reward: 612.0|
| Episode: 461 | Epsilon:  0.11 | Reward:   2.0 | Average Reward: 1.350 | Steps: 105019 | Total Reward: 614.0|
| Episode: 462 | Epsilon:  0.11 | Reward:   0.0 | Average Reward: 1.330 | Steps: 105176 | Total Reward: 614.0|
| Episode: 463 | Epsilon:  0.11 | Reward:   2.0 | Average Reward: 1.350 | Steps: 105518 | Total Reward: 616.0|
| Episode: 464 | Epsilon:  0.11 | Reward:   2.0 | Average Reward: 1.340 | Steps: 105775 | Total Reward: 618.0|
| Episode: 465 | Epsilon:  0.11 | Reward:   0.0 | Average Reward: 1.340 | Steps: 105932 | Total Reward: 618.0|
| Episode: 466 | Epsilon:  0.11 | Reward:   0.0 | Average Reward: 1.340 | Steps: 106092 | Total Reward: 618.0|
| Episode: 467 | Epsilon:  0.11 | Reward:   0.0 | Average Reward: 1.310 | Steps: 106243 | Total Reward: 618.0|
| Episode: 468 | Epsilon:  0.11 | Reward:   0.0 | Average Reward: 1.290 | Steps: 106403 | Total Reward: 618.0|
| Episode: 469 | Epsilon:  0.11 | Reward:   0.0 | Average Reward: 1.270 | Steps: 106555 | Total Reward: 618.0|
| Episode: 470 | Epsilon:  0.11 | Reward:   3.0 | Average Reward: 1.300 | Steps: 106873 | Total Reward: 621.0|
| Episode: 471 | Epsilon:  0.11 | Reward:   3.0 | Average Reward: 1.310 | Steps: 107168 | Total Reward: 624.0|
| Episode: 472 | Epsilon:  0.11 | Reward:   2.0 | Average Reward: 1.310 | Steps: 107422 | Total Reward: 626.0|
| Episode: 473 | Epsilon:  0.11 | Reward:   1.0 | Average Reward: 1.300 | Steps: 107688 | Total Reward: 627.0|
| Episode: 474 | Epsilon:  0.11 | Reward:   1.0 | Average Reward: 1.310 | Steps: 107885 | Total Reward: 628.0|
| Episode: 475 | Epsilon:  0.11 | Reward:   0.0 | Average Reward: 1.300 | Steps: 108034 | Total Reward: 628.0|
| Episode: 476 | Epsilon:  0.11 | Reward:   0.0 | Average Reward: 1.280 | Steps: 108353 | Total Reward: 628.0|
| Episode: 477 | Epsilon:  0.11 | Reward:   2.0 | Average Reward: 1.270 | Steps: 108611 | Total Reward: 630.0|
| Episode: 478 | Epsilon:  0.11 | Reward:   1.0 | Average Reward: 1.260 | Steps: 108820 | Total Reward: 631.0|
| Episode: 479 | Epsilon:  0.11 | Reward:   0.0 | Average Reward: 1.240 | Steps: 108975 | Total Reward: 631.0|
| Episode: 480 | Epsilon:  0.11 | Reward:   4.0 | Average Reward: 1.260 | Steps: 109353 | Total Reward: 635.0|
| Episode: 481 | Epsilon:  0.11 | Reward:   3.0 | Average Reward: 1.270 | Steps: 109692 | Total Reward: 638.0|
| Episode: 482 | Epsilon:  0.11 | Reward:   2.0 | Average Reward: 1.270 | Steps: 109946 | Total Reward: 640.0|
| Episode: 483 | Epsilon:  0.11 | Reward:   0.0 | Average Reward: 1.250 | Steps: 110098 | Total Reward: 640.0|
| Episode: 484 | Epsilon:  0.11 | Reward:   3.0 | Average Reward: 1.280 | Steps: 110421 | Total Reward: 643.0|
| Episode: 485 | Epsilon:  0.11 | Reward:   0.0 | Average Reward: 1.280 | Steps: 110578 | Total Reward: 643.0|
| Episode: 486 | Epsilon:  0.11 | Reward:   2.0 | Average Reward: 1.300 | Steps: 110827 | Total Reward: 645.0|
| Episode: 487 | Epsilon:  0.11 | Reward:   0.0 | Average Reward: 1.300 | Steps: 110981 | Total Reward: 645.0|
| Episode: 488 | Epsilon:  0.11 | Reward:   0.0 | Average Reward: 1.290 | Steps: 111143 | Total Reward: 645.0|
| Episode: 489 | Epsilon:  0.11 | Reward:   2.0 | Average Reward: 1.310 | Steps: 111400 | Total Reward: 647.0|
| Episode: 490 | Epsilon:  0.11 | Reward:   5.0 | Average Reward: 1.360 | Steps: 111827 | Total Reward: 652.0|
| Episode: 491 | Epsilon:  0.11 | Reward:   0.0 | Average Reward: 1.340 | Steps: 111982 | Total Reward: 652.0|
| Episode: 492 | Epsilon:  0.11 | Reward:   0.0 | Average Reward: 1.330 | Steps: 112140 | Total Reward: 652.0|
| Episode: 493 | Epsilon:  0.11 | Reward:   1.0 | Average Reward: 1.320 | Steps: 112360 | Total Reward: 653.0|
| Episode: 494 | Epsilon:  0.11 | Reward:   3.0 | Average Reward: 1.310 | Steps: 112701 | Total Reward: 656.0|
| Episode: 495 | Epsilon:  0.11 | Reward:   4.0 | Average Reward: 1.350 | Steps: 113070 | Total Reward: 660.0|
| Episode: 496 | Epsilon:  0.11 | Reward:   2.0 | Average Reward: 1.370 | Steps: 113328 | Total Reward: 662.0|
| Episode: 497 | Epsilon:  0.11 | Reward:   2.0 | Average Reward: 1.370 | Steps: 113574 | Total Reward: 664.0|
| Episode: 498 | Epsilon:  0.11 | Reward:   1.0 | Average Reward: 1.380 | Steps: 113806 | Total Reward: 665.0|
| Episode: 499 | Epsilon:  0.11 | Reward:   0.0 | Average Reward: 1.360 | Steps: 113965 | Total Reward: 665.0|
| Episode: 500 | Epsilon:  0.11 | Reward:   0.0 | Average Reward: 1.350 | Steps: 114121 | Total Reward: 665.0|
| Episode: 501 | Epsilon:  0.11 | Reward:   0.0 | Average Reward: 1.290 | Steps: 114277 | Total Reward: 665.0|
| Episode: 502 | Epsilon:  0.11 | Reward:   2.0 | Average Reward: 1.290 | Steps: 114530 | Total Reward: 667.0|
| Episode: 503 | Epsilon:  0.11 | Reward:   3.0 | Average Reward: 1.320 | Steps: 114846 | Total Reward: 670.0|
| Episode: 504 | Epsilon:  0.11 | Reward:   1.0 | Average Reward: 1.330 | Steps: 115085 | Total Reward: 671.0|
| Episode: 505 | Epsilon:  0.11 | Reward:   2.0 | Average Reward: 1.320 | Steps: 115336 | Total Reward: 673.0|
| Episode: 506 | Epsilon:  0.11 | Reward:   3.0 | Average Reward: 1.350 | Steps: 115686 | Total Reward: 676.0|
| Episode: 507 | Epsilon:  0.11 | Reward:   1.0 | Average Reward: 1.340 | Steps: 115880 | Total Reward: 677.0|
| Episode: 508 | Epsilon:  0.10 | Reward:   2.0 | Average Reward: 1.360 | Steps: 116167 | Total Reward: 679.0|
| Episode: 509 | Epsilon:  0.10 | Reward:   0.0 | Average Reward: 1.340 | Steps: 116319 | Total Reward: 679.0|
| Episode: 510 | Epsilon:  0.10 | Reward:   2.0 | Average Reward: 1.360 | Steps: 116603 | Total Reward: 681.0|
| Episode: 511 | Epsilon:  0.10 | Reward:   0.0 | Average Reward: 1.360 | Steps: 116824 | Total Reward: 681.0|
| Episode: 512 | Epsilon:  0.10 | Reward:   2.0 | Average Reward: 1.380 | Steps: 117075 | Total Reward: 683.0|
| Episode: 513 | Epsilon:  0.10 | Reward:   0.0 | Average Reward: 1.350 | Steps: 117228 | Total Reward: 683.0|
| Episode: 514 | Epsilon:  0.10 | Reward:   3.0 | Average Reward: 1.360 | Steps: 117519 | Total Reward: 686.0|
| Episode: 515 | Epsilon:  0.10 | Reward:   1.0 | Average Reward: 1.370 | Steps: 117710 | Total Reward: 687.0|
| Episode: 516 | Epsilon:  0.10 | Reward:   0.0 | Average Reward: 1.370 | Steps: 117868 | Total Reward: 687.0|
| Episode: 517 | Epsilon:  0.10 | Reward:   0.0 | Average Reward: 1.360 | Steps: 118022 | Total Reward: 687.0|
| Episode: 518 | Epsilon:  0.10 | Reward:   1.0 | Average Reward: 1.350 | Steps: 118246 | Total Reward: 688.0|
| Episode: 519 | Epsilon:  0.10 | Reward:   3.0 | Average Reward: 1.380 | Steps: 118544 | Total Reward: 691.0|
| Episode: 520 | Epsilon:  0.10 | Reward:   2.0 | Average Reward: 1.400 | Steps: 118795 | Total Reward: 693.0|
| Episode: 521 | Epsilon:  0.10 | Reward:   0.0 | Average Reward: 1.380 | Steps: 118976 | Total Reward: 693.0|
| Episode: 522 | Epsilon:  0.10 | Reward:   2.0 | Average Reward: 1.350 | Steps: 119224 | Total Reward: 695.0|
| Episode: 523 | Epsilon:  0.10 | Reward:   3.0 | Average Reward: 1.380 | Steps: 119545 | Total Reward: 698.0|
| Episode: 524 | Epsilon:  0.10 | Reward:   2.0 | Average Reward: 1.400 | Steps: 119828 | Total Reward: 700.0|
| Episode: 525 | Epsilon:  0.10 | Reward:   3.0 | Average Reward: 1.400 | Steps: 120146 | Total Reward: 703.0|
| Episode: 526 | Epsilon:  0.10 | Reward:   2.0 | Average Reward: 1.400 | Steps: 120404 | Total Reward: 705.0|
| Episode: 527 | Epsilon:  0.10 | Reward:   2.0 | Average Reward: 1.410 | Steps: 120663 | Total Reward: 707.0|
| Episode: 528 | Epsilon:  0.10 | Reward:   1.0 | Average Reward: 1.410 | Steps: 120882 | Total Reward: 708.0|
| Episode: 529 | Epsilon:  0.10 | Reward:   0.0 | Average Reward: 1.410 | Steps: 121039 | Total Reward: 708.0|
| Episode: 530 | Epsilon:  0.10 | Reward:   0.0 | Average Reward: 1.410 | Steps: 121230 | Total Reward: 708.0|
| Episode: 531 | Epsilon:  0.10 | Reward:   2.0 | Average Reward: 1.430 | Steps: 121569 | Total Reward: 710.0|
| Episode: 532 | Epsilon:  0.10 | Reward:   0.0 | Average Reward: 1.400 | Steps: 121722 | Total Reward: 710.0|
| Episode: 533 | Epsilon:  0.10 | Reward:   1.0 | Average Reward: 1.410 | Steps: 121919 | Total Reward: 711.0|
| Episode: 534 | Epsilon:  0.10 | Reward:   2.0 | Average Reward: 1.430 | Steps: 122171 | Total Reward: 713.0|
| Episode: 535 | Epsilon:  0.10 | Reward:   0.0 | Average Reward: 1.430 | Steps: 122326 | Total Reward: 713.0|
| Episode: 536 | Epsilon:  0.10 | Reward:   2.0 | Average Reward: 1.450 | Steps: 122607 | Total Reward: 715.0|
| Episode: 537 | Epsilon:  0.10 | Reward:   6.0 | Average Reward: 1.490 | Steps: 123125 | Total Reward: 721.0|
| Episode: 538 | Epsilon:  0.10 | Reward:   0.0 | Average Reward: 1.470 | Steps: 123279 | Total Reward: 721.0|
| Episode: 539 | Epsilon:  0.10 | Reward:   1.0 | Average Reward: 1.450 | Steps: 123499 | Total Reward: 722.0|
| Episode: 540 | Epsilon:  0.10 | Reward:   0.0 | Average Reward: 1.440 | Steps: 123654 | Total Reward: 722.0|
| Episode: 541 | Epsilon:  0.10 | Reward:   2.0 | Average Reward: 1.430 | Steps: 123915 | Total Reward: 724.0|
| Episode: 542 | Epsilon:  0.10 | Reward:   0.0 | Average Reward: 1.430 | Steps: 124062 | Total Reward: 724.0|
| Episode: 543 | Epsilon:  0.10 | Reward:   2.0 | Average Reward: 1.420 | Steps: 124317 | Total Reward: 726.0|
| Episode: 544 | Epsilon:  0.10 | Reward:   0.0 | Average Reward: 1.420 | Steps: 124467 | Total Reward: 726.0|
| Episode: 545 | Epsilon:  0.10 | Reward:   2.0 | Average Reward: 1.440 | Steps: 124716 | Total Reward: 728.0|
| Episode: 546 | Epsilon:  0.10 | Reward:   4.0 | Average Reward: 1.470 | Steps: 125072 | Total Reward: 732.0|
| Episode: 547 | Epsilon:  0.10 | Reward:   4.0 | Average Reward: 1.490 | Steps: 125460 | Total Reward: 736.0|
| Episode: 548 | Epsilon:  0.10 | Reward:   2.0 | Average Reward: 1.510 | Steps: 125740 | Total Reward: 738.0|
| Episode: 549 | Epsilon:  0.10 | Reward:   1.0 | Average Reward: 1.520 | Steps: 125959 | Total Reward: 739.0|
| Episode: 550 | Epsilon:  0.10 | Reward:   2.0 | Average Reward: 1.520 | Steps: 126219 | Total Reward: 741.0|
| Episode: 551 | Epsilon:  0.10 | Reward:   3.0 | Average Reward: 1.520 | Steps: 126536 | Total Reward: 744.0|
| Episode: 552 | Epsilon:  0.10 | Reward:   3.0 | Average Reward: 1.520 | Steps: 126851 | Total Reward: 747.0|
| Episode: 553 | Epsilon:  0.10 | Reward:   3.0 | Average Reward: 1.530 | Steps: 127145 | Total Reward: 750.0|
| Episode: 554 | Epsilon:  0.10 | Reward:   2.0 | Average Reward: 1.530 | Steps: 127422 | Total Reward: 752.0|
| Episode: 555 | Epsilon:  0.10 | Reward:   0.0 | Average Reward: 1.510 | Steps: 127624 | Total Reward: 752.0|
| Episode: 556 | Epsilon:  0.10 | Reward:   0.0 | Average Reward: 1.490 | Steps: 127813 | Total Reward: 752.0|
| Episode: 557 | Epsilon:  0.10 | Reward:   3.0 | Average Reward: 1.510 | Steps: 128135 | Total Reward: 755.0|
| Episode: 558 | Epsilon:  0.10 | Reward:   0.0 | Average Reward: 1.480 | Steps: 128291 | Total Reward: 755.0|
| Episode: 559 | Epsilon:  0.10 | Reward:   3.0 | Average Reward: 1.500 | Steps: 128612 | Total Reward: 758.0|
| Episode: 560 | Epsilon:  0.10 | Reward:   0.0 | Average Reward: 1.460 | Steps: 128762 | Total Reward: 758.0|
| Episode: 561 | Epsilon:  0.10 | Reward:   1.0 | Average Reward: 1.450 | Steps: 128966 | Total Reward: 759.0|
| Episode: 562 | Epsilon:  0.10 | Reward:   1.0 | Average Reward: 1.460 | Steps: 129154 | Total Reward: 760.0|
| Episode: 563 | Epsilon:  0.10 | Reward:   4.0 | Average Reward: 1.480 | Steps: 129544 | Total Reward: 764.0|
| Episode: 564 | Epsilon:  0.10 | Reward:   4.0 | Average Reward: 1.500 | Steps: 129929 | Total Reward: 768.0|
| Episode: 565 | Epsilon:  0.10 | Reward:   0.0 | Average Reward: 1.500 | Steps: 130081 | Total Reward: 768.0|
| Episode: 566 | Epsilon:  0.10 | Reward:   0.0 | Average Reward: 1.500 | Steps: 130232 | Total Reward: 768.0|
| Episode: 567 | Epsilon:  0.10 | Reward:   0.0 | Average Reward: 1.500 | Steps: 130393 | Total Reward: 768.0|
| Episode: 568 | Epsilon:  0.10 | Reward:   2.0 | Average Reward: 1.520 | Steps: 130646 | Total Reward: 770.0|
| Episode: 569 | Epsilon:  0.10 | Reward:   2.0 | Average Reward: 1.540 | Steps: 130933 | Total Reward: 772.0|
| Episode: 570 | Epsilon:  0.10 | Reward:   0.0 | Average Reward: 1.510 | Steps: 131089 | Total Reward: 772.0|
| Episode: 571 | Epsilon:  0.10 | Reward:   2.0 | Average Reward: 1.500 | Steps: 131377 | Total Reward: 774.0|
| Episode: 572 | Epsilon:  0.10 | Reward:   0.0 | Average Reward: 1.480 | Steps: 131540 | Total Reward: 774.0|
| Episode: 573 | Epsilon:  0.10 | Reward:   0.0 | Average Reward: 1.470 | Steps: 131723 | Total Reward: 774.0|
| Episode: 574 | Epsilon:  0.10 | Reward:   2.0 | Average Reward: 1.480 | Steps: 131979 | Total Reward: 776.0|
| Episode: 575 | Epsilon:  0.10 | Reward:   2.0 | Average Reward: 1.500 | Steps: 132238 | Total Reward: 778.0|
| Episode: 576 | Epsilon:  0.10 | Reward:   0.0 | Average Reward: 1.500 | Steps: 132409 | Total Reward: 778.0|
| Episode: 577 | Epsilon:  0.10 | Reward:   3.0 | Average Reward: 1.510 | Steps: 132728 | Total Reward: 781.0|
| Episode: 578 | Epsilon:  0.10 | Reward:   2.0 | Average Reward: 1.520 | Steps: 132974 | Total Reward: 783.0|
| Episode: 579 | Epsilon:  0.10 | Reward:   0.0 | Average Reward: 1.520 | Steps: 133127 | Total Reward: 783.0|
| Episode: 580 | Epsilon:  0.10 | Reward:   0.0 | Average Reward: 1.480 | Steps: 133272 | Total Reward: 783.0|
