+------------------------+----------------------------+--------------------+
|                        |     Supported Features     |  Program Commands  |
+========================+============================+====================+
| Compatible Layers      | Hopfield Layer,            | hopfield,          |
|                        | HopfieldLayer Layer,       | hopfield_layer,    |
|                        | HopfieldPooling Layer,     | hopfield_pooling,  |
|                        | LSTM,                      | lstm,              |
|                        | GRU                        | gru                |
+------------------------+----------------------------+--------------------+
| Supported Loss Metrics | Huber Loss,                | huber,             |
|                        | Mean Absolute Error Loss,  | mae,               |
|                        | Mean Squared Error Loss,   | mse,               |
|                        | SmoothL1 Loss              | smooth_l1          |
+------------------------+----------------------------+--------------------+
| Supported Optimizers   | RMSprop (default),         | rmsprop,           |
|                        | AdamW,                     | adam,              |
|                        | Adam                       | adamW              |
+------------------------+----------------------------+--------------------+
+------------------------------+-----------+
|          Parameter           |   Value   |
+==============================+===========+
| Loss Metric:                 | smooth_l1 |
+------------------------------+-----------+
| Sequence Length:             | 20        |
+------------------------------+-----------+
| Learning Rate:               | 0.001     |
+------------------------------+-----------+
| Update Target Steps:         | 100       |
+------------------------------+-----------+
| Optimizer:                   | rmsprop   |
+------------------------------+-----------+
| Hopfield Inverse Temperature | 0.010     |
+------------------------------+-----------+
| Big or Small Loss            | yes       |
+------------------------------+-----------+
| Soft or Hard Update          | hard      |
+------------------------------+-----------+
| Polyak Factor                | None      |
+------------------------------+-----------+
| Episode:   1 | Epsilon:  0.90 | Reward: -144.6660782586614 | Average Reward: -144.666 | Steps:   115 | Total Reward: -144.6660782586614|
| Episode:   2 | Epsilon:  0.86 | Reward: -99.93270045110394 | Average Reward: -122.299 | Steps:   181 | Total Reward: -244.5987787097655|
| Episode:   3 | Epsilon:  0.82 | Reward: -388.5379947098967 | Average Reward: -211.046 | Steps:   271 | Total Reward: -633.1367734196613|
| Episode:   4 | Epsilon:  0.79 | Reward: -132.3898518573624 | Average Reward: -191.382 | Steps:   341 | Total Reward: -765.5266252770232|
| Episode:   5 | Epsilon:  0.75 | Reward: -456.98513860152127 | Average Reward: -244.502 | Steps:   423 | Total Reward: -1222.5117638785441|
| Episode:   6 | Epsilon:  0.72 | Reward: -232.56049904150677 | Average Reward: -242.512 | Steps:   497 | Total Reward: -1455.0722629200513|
| Episode:   7 | Epsilon:  0.69 | Reward: -278.9250044478151 | Average Reward: -247.714 | Steps:   595 | Total Reward: -1733.9972673678656|
| Episode:   8 | Epsilon:  0.66 | Reward: -244.0889484386895 | Average Reward: -247.261 | Steps:   686 | Total Reward: -1978.0862158065559|
| Episode:   9 | Epsilon:  0.64 | Reward: -412.3395382471991 | Average Reward: -265.603 | Steps:   770 | Total Reward: -2390.4257540537537|
| Episode:  10 | Epsilon:  0.61 | Reward: -504.33893286981174 | Average Reward: -289.476 | Steps:   861 | Total Reward: -2894.7646869235655|
| Episode:  11 | Epsilon:  0.59 | Reward: -519.9708622406572 | Average Reward: -310.431 | Steps:   951 | Total Reward: -3414.735549164222|
| Episode:  12 | Epsilon:  0.56 | Reward: -346.04411827458034 | Average Reward: -313.398 | Steps:  1010 | Total Reward: -3760.7796674387996|
| Episode:  13 | Epsilon:  0.54 | Reward: -616.2458479850806 | Average Reward: -336.694 | Steps:  1103 | Total Reward: -4377.025515423881|
| Episode:  14 | Epsilon:  0.52 | Reward: -640.3561943698417 | Average Reward: -358.384 | Steps:  1183 | Total Reward: -5017.3817097937235|
| Episode:  15 | Epsilon:  0.50 | Reward: -428.85666415866797 | Average Reward: -363.083 | Steps:  1268 | Total Reward: -5446.238373952392|
| Episode:  16 | Epsilon:  0.48 | Reward: -666.5721491225714 | Average Reward: -382.051 | Steps:  1352 | Total Reward: -6112.810523074966|
| Episode:  17 | Epsilon:  0.46 | Reward: -351.4622027135297 | Average Reward: -380.251 | Steps:  1418 | Total Reward: -6464.272725788494|
| Episode:  18 | Epsilon:  0.44 | Reward: -592.9333657156432 | Average Reward: -392.067 | Steps:  1492 | Total Reward: -7057.206091504139|
| Episode:  19 | Epsilon:  0.43 | Reward: -485.5523658707117 | Average Reward: -396.987 | Steps:  1575 | Total Reward: -7542.758457374853|
| Episode:  20 | Epsilon:  0.41 | Reward: -284.3616270672293 | Average Reward: -391.356 | Steps:  1637 | Total Reward: -7827.120084442081|
| Episode:  21 | Epsilon:  0.39 | Reward: -609.744913327047 | Average Reward: -401.755 | Steps:  1720 | Total Reward: -8436.86499776913|
| Episode:  22 | Epsilon:  0.38 | Reward: -401.8133748283256 | Average Reward: -401.758 | Steps:  1776 | Total Reward: -8838.678372597455|
| Episode:  23 | Epsilon:  0.37 | Reward: -479.3272452083881 | Average Reward: -405.131 | Steps:  1845 | Total Reward: -9318.005617805848|
| Episode:  24 | Epsilon:  0.35 | Reward: -380.12806272614984 | Average Reward: -404.089 | Steps:  1917 | Total Reward: -9698.133680532|
| Episode:  25 | Epsilon:  0.34 | Reward: -479.6566822819218 | Average Reward: -407.112 | Steps:  2000 | Total Reward: -10177.790362813927|
| Episode:  26 | Epsilon:  0.33 | Reward: -107.94125302689145 | Average Reward: -395.605 | Steps:  2103 | Total Reward: -10285.731615840823|
| Episode:  27 | Epsilon:  0.32 | Reward: -195.34141849152576 | Average Reward: -388.188 | Steps:  2169 | Total Reward: -10481.073034332356|
| Episode:  28 | Epsilon:  0.31 | Reward: -433.0949369054594 | Average Reward: -389.792 | Steps:  2281 | Total Reward: -10914.167971237823|
| Episode:  29 | Epsilon:  0.30 | Reward: -769.4298819325202 | Average Reward: -402.883 | Steps:  2448 | Total Reward: -11683.59785317034|
| Episode:  30 | Epsilon:  0.29 | Reward: -621.0855254651614 | Average Reward: -410.156 | Steps:  2690 | Total Reward: -12304.683378635506|
| Episode:  31 | Epsilon:  0.28 | Reward: -129.5310123432966 | Average Reward: -401.104 | Steps:  2754 | Total Reward: -12434.214390978797|
| Episode:  32 | Epsilon:  0.27 | Reward: -122.78458701115034 | Average Reward: -392.406 | Steps:  2848 | Total Reward: -12556.998977989948|
| Episode:  33 | Epsilon:  0.26 | Reward: -130.43211758076467 | Average Reward: -384.468 | Steps:  2931 | Total Reward: -12687.431095570717|
| Episode:  34 | Epsilon:  0.25 | Reward: -140.46985883314255 | Average Reward: -377.291 | Steps:  2992 | Total Reward: -12827.90095440386|
| Episode:  35 | Epsilon:  0.25 | Reward: -107.52428803302213 | Average Reward: -369.584 | Steps:  3047 | Total Reward: -12935.425242436884|
| Episode:  36 | Epsilon:  0.24 | Reward: -578.2853754294666 | Average Reward: -375.381 | Steps:  3198 | Total Reward: -13513.710617866353|
| Episode:  37 | Epsilon:  0.23 | Reward: -115.39841873541832 | Average Reward: -368.354 | Steps:  3274 | Total Reward: -13629.109036601765|
| Episode:  38 | Epsilon:  0.23 | Reward: -134.3646163053803 | Average Reward: -362.197 | Steps:  3331 | Total Reward: -13763.473652907149|
| Episode:  39 | Epsilon:  0.22 | Reward: -97.80180581259297 | Average Reward: -355.417 | Steps:  3417 | Total Reward: -13861.27545871975|
| Episode:  40 | Epsilon:  0.21 | Reward: -106.5791693592038 | Average Reward: -349.196 | Steps:  3483 | Total Reward: -13967.854628078958|
| Episode:  41 | Epsilon:  0.21 | Reward: -137.1305029689941 | Average Reward: -344.024 | Steps:  3564 | Total Reward: -14104.985131047952|
| Episode:  42 | Epsilon:  0.20 | Reward: -159.8671056693965 | Average Reward: -339.639 | Steps:  3654 | Total Reward: -14264.852236717345|
| Episode:  43 | Epsilon:  0.20 | Reward: -192.5360245417187 | Average Reward: -336.218 | Steps:  3763 | Total Reward: -14457.388261259064|
| Episode:  44 | Epsilon:  0.19 | Reward: -575.5416230192516 | Average Reward: -341.657 | Steps:  3874 | Total Reward: -15032.929884278312|
| Episode:  45 | Epsilon:  0.19 | Reward: -110.06822062589377 | Average Reward: -336.511 | Steps:  3955 | Total Reward: -15142.998104904207|
| Episode:  46 | Epsilon:  0.18 | Reward: -121.56572249013996 | Average Reward: -331.838 | Steps:  4027 | Total Reward: -15264.563827394353|
| Episode:  47 | Epsilon:  0.18 | Reward: -101.47354959531486 | Average Reward: -326.937 | Steps:  4097 | Total Reward: -15366.037376989661|
| Episode:  48 | Epsilon:  0.18 | Reward: -134.205085090571 | Average Reward: -322.922 | Steps:  4190 | Total Reward: -15500.242462080236|
| Episode:  49 | Epsilon:  0.17 | Reward: -138.07202012482813 | Average Reward: -319.149 | Steps:  4284 | Total Reward: -15638.31448220507|
| Episode:  50 | Epsilon:  0.17 | Reward: -116.28296801842892 | Average Reward: -315.092 | Steps:  4350 | Total Reward: -15754.5974502235|
| Episode:  51 | Epsilon:  0.17 | Reward: -76.99565492341227 | Average Reward: -310.423 | Steps:  4406 | Total Reward: -15831.593105146909|
| Episode:  52 | Epsilon:  0.16 | Reward: -128.32631962899447 | Average Reward: -306.922 | Steps:  4463 | Total Reward: -15959.919424775899|
| Episode:  53 | Epsilon:  0.16 | Reward: -101.92090547071687 | Average Reward: -303.054 | Steps:  4521 | Total Reward: -16061.84033024661|
| Episode:  54 | Epsilon:  0.16 | Reward: -122.62942786667193 | Average Reward: -299.712 | Steps:  4610 | Total Reward: -16184.469758113291|
| Episode:  55 | Epsilon:  0.15 | Reward: -429.0473164076604 | Average Reward: -302.064 | Steps:  4701 | Total Reward: -16613.517074520947|
| Episode:  56 | Epsilon:  0.15 | Reward: -601.2443010395905 | Average Reward: -307.406 | Steps:  4838 | Total Reward: -17214.761375560538|
| Episode:  57 | Epsilon:  0.15 | Reward: -479.83420405120046 | Average Reward: -310.432 | Steps:  4918 | Total Reward: -17694.59557961174|
| Episode:  58 | Epsilon:  0.15 | Reward: 47.422465335998055 | Average Reward: -304.262 | Steps:  4997 | Total Reward: -17647.173114275738|
| Episode:  59 | Epsilon:  0.14 | Reward: -102.50982251096154 | Average Reward: -300.842 | Steps:  5055 | Total Reward: -17749.6829367867|
| Episode:  60 | Epsilon:  0.14 | Reward: -135.4873279057283 | Average Reward: -298.086 | Steps:  5142 | Total Reward: -17885.170264692442|
| Episode:  61 | Epsilon:  0.14 | Reward: -131.71201181444275 | Average Reward: -295.359 | Steps:  5214 | Total Reward: -18016.88227650688|
| Episode:  62 | Epsilon:  0.14 | Reward: -81.93561394448537 | Average Reward: -291.916 | Steps:  5271 | Total Reward: -18098.81789045135|
| Episode:  63 | Epsilon:  0.14 | Reward: -102.68182324712744 | Average Reward: -288.913 | Steps:  5338 | Total Reward: -18201.499713698482|
| Episode:  64 | Epsilon:  0.13 | Reward: -146.52332024570416 | Average Reward: -286.688 | Steps:  5422 | Total Reward: -18348.023033944188|
| Episode:  65 | Epsilon:  0.13 | Reward: -138.998549805177 | Average Reward: -284.416 | Steps:  5503 | Total Reward: -18487.021583749367|
| Episode:  66 | Epsilon:  0.13 | Reward: -144.02433232784506 | Average Reward: -282.289 | Steps:  5576 | Total Reward: -18631.04591607722|
| Episode:  67 | Epsilon:  0.13 | Reward: -90.2270307161395 | Average Reward: -279.422 | Steps:  5634 | Total Reward: -18721.272946793364|
| Episode:  68 | Epsilon:  0.13 | Reward: -95.47428105311623 | Average Reward: -276.717 | Steps:  5721 | Total Reward: -18816.747227846492|
| Episode:  69 | Epsilon:  0.13 | Reward: -106.61960434022299 | Average Reward: -274.252 | Steps:  5788 | Total Reward: -18923.36683218673|
| Episode:  70 | Epsilon:  0.13 | Reward: -114.3558554930954 | Average Reward: -271.967 | Steps:  5846 | Total Reward: -19037.72268767982|
| Episode:  71 | Epsilon:  0.12 | Reward: -142.94475707111536 | Average Reward: -270.150 | Steps:  5923 | Total Reward: -19180.667444750914|
| Episode:  72 | Epsilon:  0.12 | Reward: -113.9963499350192 | Average Reward: -267.981 | Steps:  5989 | Total Reward: -19294.66379468593|
| Episode:  73 | Epsilon:  0.12 | Reward: -122.90651734094513 | Average Reward: -265.994 | Steps:  6054 | Total Reward: -19417.570312026877|
| Episode:  74 | Epsilon:  0.12 | Reward: -124.3806217392059 | Average Reward: -264.080 | Steps:  6131 | Total Reward: -19541.95093376609|
| Episode:  75 | Epsilon:  0.12 | Reward: -104.81315655806355 | Average Reward: -261.957 | Steps:  6202 | Total Reward: -19646.76409032414|
| Episode:  76 | Epsilon:  0.12 | Reward: -143.22960857173013 | Average Reward: -260.395 | Steps:  6280 | Total Reward: -19789.99369889586|
| Episode:  77 | Epsilon:  0.12 | Reward: -146.0195039253365 | Average Reward: -258.909 | Steps:  6363 | Total Reward: -19936.01320282118|
| Episode:  78 | Epsilon:  0.12 | Reward: -102.69239405530347 | Average Reward: -256.906 | Steps:  6417 | Total Reward: -20038.705596876487|
| Episode:  79 | Epsilon:  0.12 | Reward: -91.10083868814657 | Average Reward: -254.808 | Steps:  6507 | Total Reward: -20129.806435564627|
| Episode:  80 | Epsilon:  0.12 | Reward: -128.13480768815566 | Average Reward: -253.224 | Steps:  6596 | Total Reward: -20257.941243252782|
| Episode:  81 | Epsilon:  0.11 | Reward: -99.53333446313839 | Average Reward: -251.327 | Steps:  6654 | Total Reward: -20357.47457771592|
| Episode:  82 | Epsilon:  0.11 | Reward: -124.25368412071111 | Average Reward: -249.777 | Steps:  6724 | Total Reward: -20481.72826183663|
| Episode:  83 | Epsilon:  0.11 | Reward: -102.16074467636264 | Average Reward: -247.999 | Steps:  6784 | Total Reward: -20583.889006512967|
| Episode:  84 | Epsilon:  0.11 | Reward: -98.50298816050817 | Average Reward: -246.219 | Steps:  6836 | Total Reward: -20682.39199467347|
| Episode:  85 | Epsilon:  0.11 | Reward: -98.66816214277478 | Average Reward: -244.483 | Steps:  6900 | Total Reward: -20781.060156816256|
| Episode:  86 | Epsilon:  0.11 | Reward: -113.30363942442605 | Average Reward: -242.958 | Steps:  6977 | Total Reward: -20894.363796240694|
| Episode:  87 | Epsilon:  0.11 | Reward: -61.41334494134328 | Average Reward: -240.871 | Steps:  7085 | Total Reward: -20955.77714118204|
| Episode:  88 | Epsilon:  0.11 | Reward: -120.7906494170714 | Average Reward: -239.506 | Steps:  7160 | Total Reward: -21076.5677905991|
| Episode:  89 | Epsilon:  0.11 | Reward: -377.9866891111577 | Average Reward: -241.062 | Steps:  7271 | Total Reward: -21454.554479710263|
| Episode:  90 | Epsilon:  0.11 | Reward: -139.96760766210895 | Average Reward: -239.939 | Steps:  7340 | Total Reward: -21594.522087372356|
| Episode:  91 | Epsilon:  0.11 | Reward: -122.22178883952944 | Average Reward: -238.646 | Steps:  7426 | Total Reward: -21716.743876211884|
| Episode:  92 | Epsilon:  0.11 | Reward: -97.79549142717299 | Average Reward: -237.115 | Steps:  7482 | Total Reward: -21814.53936763906|
| Episode:  93 | Epsilon:  0.11 | Reward: -39.0332185992223 | Average Reward: -234.985 | Steps:  7564 | Total Reward: -21853.572586238275|
| Episode:  94 | Epsilon:  0.11 | Reward: -95.60305136902288 | Average Reward: -233.502 | Steps:  7655 | Total Reward: -21949.175637607324|
| Episode:  95 | Epsilon:  0.11 | Reward: -249.4333548827715 | Average Reward: -233.670 | Steps:  7742 | Total Reward: -22198.608992490095|
| Episode:  96 | Epsilon:  0.11 | Reward: 29.366431371226014 | Average Reward: -230.930 | Steps:  7814 | Total Reward: -22169.242561118852|
| Episode:  97 | Epsilon:  0.11 | Reward: -121.90070165252176 | Average Reward: -229.806 | Steps:  7905 | Total Reward: -22291.14326277135|
| Episode:  98 | Epsilon:  0.11 | Reward: -154.43940992643672 | Average Reward: -229.037 | Steps:  7981 | Total Reward: -22445.582672697776|
| Episode:  99 | Epsilon:  0.11 | Reward: -107.78303836744274 | Average Reward: -227.812 | Steps:  8075 | Total Reward: -22553.3657110652|
| Episode: 100 | Epsilon:  0.11 | Reward: -110.71397083262984 | Average Reward: -226.641 | Steps:  8141 | Total Reward: -22664.079681897834|
| Episode: 101 | Epsilon:  0.11 | Reward: -38.784524706379685 | Average Reward: -225.582 | Steps:  8229 | Total Reward: -22702.864206604216|
| Episode: 102 | Epsilon:  0.11 | Reward: -200.79155422766308 | Average Reward: -226.591 | Steps:  8308 | Total Reward: -22903.655760831887|
| Episode: 103 | Epsilon:  0.10 | Reward: -46.745333967393364 | Average Reward: -223.173 | Steps:  8378 | Total Reward: -22950.40109479928|
| Episode: 104 | Epsilon:  0.10 | Reward: -201.3627124932131 | Average Reward: -223.862 | Steps:  8519 | Total Reward: -23151.763807292493|
| Episode: 105 | Epsilon:  0.10 | Reward: -118.99029110193342 | Average Reward: -220.482 | Steps:  8592 | Total Reward: -23270.75409839442|
| Episode: 106 | Epsilon:  0.10 | Reward: -126.88293614044069 | Average Reward: -219.426 | Steps:  8686 | Total Reward: -23397.637034534848|
| Episode: 107 | Epsilon:  0.10 | Reward: 41.171254903412205 | Average Reward: -216.225 | Steps:  8801 | Total Reward: -23356.46577963144|
| Episode: 108 | Epsilon:  0.10 | Reward: -15.291212261097783 | Average Reward: -213.937 | Steps:  8858 | Total Reward: -23371.756991892526|
| Episode: 109 | Epsilon:  0.10 | Reward: -149.98158772483288 | Average Reward: -211.313 | Steps:  8924 | Total Reward: -23521.73857961736|
| Episode: 110 | Epsilon:  0.10 | Reward: -166.16016075046713 | Average Reward: -207.931 | Steps:  9007 | Total Reward: -23687.898740367826|
| Episode: 111 | Epsilon:  0.10 | Reward: -8.408617551049133 | Average Reward: -202.816 | Steps:  9067 | Total Reward: -23696.307357918882|
| Episode: 112 | Epsilon:  0.10 | Reward: 38.63884302340236 | Average Reward: -198.969 | Steps:  9154 | Total Reward: -23657.668514895482|
| Episode: 113 | Epsilon:  0.10 | Reward: -290.301499853716 | Average Reward: -195.709 | Steps:  9247 | Total Reward: -23947.97001474921|
| Episode: 114 | Epsilon:  0.10 | Reward: -123.3547148032796 | Average Reward: -190.539 | Steps:  9363 | Total Reward: -24071.3247295525|
| Episode: 115 | Epsilon:  0.10 | Reward: -152.97134067991718 | Average Reward: -187.781 | Steps:  9431 | Total Reward: -24224.296070232416|
| Episode: 116 | Epsilon:  0.10 | Reward: -94.21037838295665 | Average Reward: -182.057 | Steps:  9491 | Total Reward: -24318.506448615357|
| Episode: 117 | Epsilon:  0.10 | Reward: -203.08412492926112 | Average Reward: -180.573 | Steps:  9595 | Total Reward: -24521.59057354461|
| Episode: 118 | Epsilon:  0.10 | Reward: -144.36420234071414 | Average Reward: -176.087 | Steps:  9661 | Total Reward: -24665.954775885304|
| Episode: 119 | Epsilon:  0.10 | Reward: -90.23423378095629 | Average Reward: -172.134 | Steps:  9724 | Total Reward: -24756.189009666257|
| Episode: 120 | Epsilon:  0.10 | Reward: -8.482773628640572 | Average Reward: -169.376 | Steps:  9823 | Total Reward: -24764.671783294903|
| Episode: 121 | Epsilon:  0.10 | Reward: -92.21766295700736 | Average Reward: -164.200 | Steps:  9885 | Total Reward: -24856.88944625191|
| Episode: 122 | Epsilon:  0.10 | Reward: -219.18713271781405 | Average Reward: -162.374 | Steps:  9973 | Total Reward: -25076.07657896972|
| Episode: 123 | Epsilon:  0.10 | Reward: -101.42718172854916 | Average Reward: -158.595 | Steps: 10061 | Total Reward: -25177.503760698262|
| Episode: 124 | Epsilon:  0.10 | Reward: -191.89117044179613 | Average Reward: -156.713 | Steps: 10130 | Total Reward: -25369.394931140087|
| Episode: 125 | Epsilon:  0.10 | Reward: -80.77480633828203 | Average Reward: -152.724 | Steps: 10190 | Total Reward: -25450.16973747837|
| Episode: 126 | Epsilon:  0.10 | Reward: -161.94398941468074 | Average Reward: -153.264 | Steps: 10258 | Total Reward: -25612.113726893058|
| Episode: 127 | Epsilon:  0.10 | Reward: -152.96527712895605 | Average Reward: -152.840 | Steps: 10347 | Total Reward: -25765.07900402201|
| Episode: 128 | Epsilon:  0.10 | Reward: -150.74779829425324 | Average Reward: -150.017 | Steps: 10440 | Total Reward: -25915.826802316282|
| Episode: 129 | Epsilon:  0.10 | Reward: -107.88312303152168 | Average Reward: -143.401 | Steps: 10505 | Total Reward: -26023.709925347808|
| Episode: 130 | Epsilon:  0.10 | Reward: -268.4000711938928 | Average Reward: -139.874 | Steps: 10598 | Total Reward: -26292.109996541687|
| Episode: 131 | Epsilon:  0.10 | Reward: -76.52455409387426 | Average Reward: -139.344 | Steps: 10664 | Total Reward: -26368.63455063556|
| Episode: 132 | Epsilon:  0.10 | Reward: -139.19656137685251 | Average Reward: -139.508 | Steps: 10738 | Total Reward: -26507.831112012438|
| Episode: 133 | Epsilon:  0.10 | Reward: -184.19385582001593 | Average Reward: -140.046 | Steps: 10877 | Total Reward: -26692.02496783245|
| Episode: 134 | Epsilon:  0.10 | Reward: -158.21756944190483 | Average Reward: -140.223 | Steps: 10949 | Total Reward: -26850.242537274356|
| Episode: 135 | Epsilon:  0.10 | Reward: -460.81851394343437 | Average Reward: -143.756 | Steps: 11030 | Total Reward: -27311.061051217785|
| Episode: 136 | Epsilon:  0.10 | Reward: -78.69521723795043 | Average Reward: -138.760 | Steps: 11125 | Total Reward: -27389.756268455723|
| Episode: 137 | Epsilon:  0.10 | Reward: -178.54641920942709 | Average Reward: -139.392 | Steps: 11194 | Total Reward: -27568.302687665142|
| Episode: 138 | Epsilon:  0.10 | Reward: -102.26305686677917 | Average Reward: -139.071 | Steps: 11275 | Total Reward: -27670.565744531912|
| Episode: 139 | Epsilon:  0.10 | Reward: -132.86681888826544 | Average Reward: -139.422 | Steps: 11347 | Total Reward: -27803.432563420178|
| Episode: 140 | Epsilon:  0.10 | Reward: -141.8296815459072 | Average Reward: -139.774 | Steps: 11407 | Total Reward: -27945.26224496611|
| Episode: 141 | Epsilon:  0.10 | Reward: -83.76788961190056 | Average Reward: -139.240 | Steps: 11456 | Total Reward: -28029.030134578006|
| Episode: 142 | Epsilon:  0.10 | Reward: -145.4426069447149 | Average Reward: -139.096 | Steps: 11527 | Total Reward: -28174.472741522735|
| Episode: 143 | Epsilon:  0.10 | Reward: -114.59346048968644 | Average Reward: -138.317 | Steps: 11579 | Total Reward: -28289.066202012422|
| Episode: 144 | Epsilon:  0.10 | Reward: -110.96948046860105 | Average Reward: -133.671 | Steps: 11670 | Total Reward: -28400.03568248101|
| Episode: 145 | Epsilon:  0.10 | Reward: -86.46252641514526 | Average Reward: -133.435 | Steps: 11723 | Total Reward: -28486.49820889617|
| Episode: 146 | Epsilon:  0.10 | Reward: -120.78480339833669 | Average Reward: -133.427 | Steps: 11785 | Total Reward: -28607.283012294487|
| Episode: 147 | Epsilon:  0.10 | Reward: -131.81538427147578 | Average Reward: -133.731 | Steps: 11866 | Total Reward: -28739.098396565973|
| Episode: 148 | Epsilon:  0.10 | Reward: -192.06240822661792 | Average Reward: -134.309 | Steps: 11969 | Total Reward: -28931.160804792587|
| Episode: 149 | Epsilon:  0.10 | Reward: -42.38025972508488 | Average Reward: -133.352 | Steps: 12058 | Total Reward: -28973.541064517663|
| Episode: 150 | Epsilon:  0.10 | Reward: -48.38936987737803 | Average Reward: -132.673 | Steps: 12173 | Total Reward: -29021.93043439506|
| Episode: 151 | Epsilon:  0.10 | Reward: -113.565998273668 | Average Reward: -133.039 | Steps: 12245 | Total Reward: -29135.496432668715|
| Episode: 152 | Epsilon:  0.10 | Reward: -146.17539282851038 | Average Reward: -133.218 | Steps: 12311 | Total Reward: -29281.67182549723|
| Episode: 153 | Epsilon:  0.10 | Reward: -149.4728985326356 | Average Reward: -133.693 | Steps: 12386 | Total Reward: -29431.144724029866|
| Episode: 154 | Epsilon:  0.10 | Reward: -154.30869581966851 | Average Reward: -134.010 | Steps: 12461 | Total Reward: -29585.45341984953|
| Episode: 155 | Epsilon:  0.10 | Reward: -202.8273184552565 | Average Reward: -131.748 | Steps: 12529 | Total Reward: -29788.280738304795|
| Episode: 156 | Epsilon:  0.10 | Reward: -112.27182004631428 | Average Reward: -126.858 | Steps: 12586 | Total Reward: -29900.552558351108|
| Episode: 157 | Epsilon:  0.10 | Reward: -111.11761285266064 | Average Reward: -123.171 | Steps: 12642 | Total Reward: -30011.670171203765|
| Episode: 158 | Epsilon:  0.10 | Reward: -160.01741598810236 | Average Reward: -125.245 | Steps: 12718 | Total Reward: -30171.68758719186|
| Episode: 159 | Epsilon:  0.10 | Reward: -112.09458124606839 | Average Reward: -125.341 | Steps: 12794 | Total Reward: -30283.782168437934|
| Episode: 160 | Epsilon:  0.10 | Reward: -1.657342030389529 | Average Reward: -124.003 | Steps: 12878 | Total Reward: -30285.439510468328|
| Episode: 161 | Epsilon:  0.10 | Reward: -103.39129779605798 | Average Reward: -123.719 | Steps: 12936 | Total Reward: -30388.83080826438|
| Episode: 162 | Epsilon:  0.10 | Reward: -119.91768455501192 | Average Reward: -124.099 | Steps: 13012 | Total Reward: -30508.748492819388|
| Episode: 163 | Epsilon:  0.10 | Reward: -168.79672877285842 | Average Reward: -124.760 | Steps: 13084 | Total Reward: -30677.545221592238|
| Episode: 164 | Epsilon:  0.10 | Reward: -117.66776292059481 | Average Reward: -124.472 | Steps: 13150 | Total Reward: -30795.212984512826|
| Episode: 165 | Epsilon:  0.10 | Reward: -210.00877582289468 | Average Reward: -125.182 | Steps: 13216 | Total Reward: -31005.221760335717|
| Episode: 166 | Epsilon:  0.10 | Reward: -1.0669289378162716 | Average Reward: -123.752 | Steps: 13286 | Total Reward: -31006.28868927354|
| Episode: 167 | Epsilon:  0.10 | Reward: -160.4633393832196 | Average Reward: -124.455 | Steps: 13352 | Total Reward: -31166.752028656763|
| Episode: 168 | Epsilon:  0.10 | Reward: -138.59671677003308 | Average Reward: -124.886 | Steps: 13416 | Total Reward: -31305.34874542679|
| Episode: 169 | Epsilon:  0.10 | Reward: -253.47355570618151 | Average Reward: -126.355 | Steps: 13496 | Total Reward: -31558.822301132965|
| Episode: 170 | Epsilon:  0.10 | Reward: -95.82410831061355 | Average Reward: -126.169 | Steps: 13564 | Total Reward: -31654.646409443572|
| Episode: 171 | Epsilon:  0.10 | Reward: -161.282352866751 | Average Reward: -126.353 | Steps: 13628 | Total Reward: -31815.928762310316|
| Episode: 172 | Epsilon:  0.10 | Reward: -27.9412432757171 | Average Reward: -125.492 | Steps: 13681 | Total Reward: -31843.870005586028|
| Episode: 173 | Epsilon:  0.10 | Reward: -124.60404809419214 | Average Reward: -125.509 | Steps: 13772 | Total Reward: -31968.474053680216|
| Episode: 174 | Epsilon:  0.10 | Reward: -134.17997029828774 | Average Reward: -125.607 | Steps: 13826 | Total Reward: -32102.654023978506|
| Episode: 175 | Epsilon:  0.10 | Reward: -211.61283747799425 | Average Reward: -126.675 | Steps: 13922 | Total Reward: -32314.266861456505|
| Episode: 176 | Epsilon:  0.10 | Reward: -116.3060145100588 | Average Reward: -126.406 | Steps: 14000 | Total Reward: -32430.572875966573|
| Episode: 177 | Epsilon:  0.10 | Reward: -61.7443812037903 | Average Reward: -125.563 | Steps: 14081 | Total Reward: -32492.317257170365|
| Episode: 178 | Epsilon:  0.10 | Reward: -102.19813675154094 | Average Reward: -125.558 | Steps: 14166 | Total Reward: -32594.51539392191|
| Episode: 179 | Epsilon:  0.10 | Reward: -169.05145513093916 | Average Reward: -126.338 | Steps: 14238 | Total Reward: -32763.566849052862|
| Episode: 180 | Epsilon:  0.10 | Reward: -154.35068855273585 | Average Reward: -126.600 | Steps: 14315 | Total Reward: -32917.9175376056|
| Episode: 181 | Epsilon:  0.10 | Reward: -188.328098293248 | Average Reward: -127.488 | Steps: 14405 | Total Reward: -33106.24563589883|
| Episode: 182 | Epsilon:  0.10 | Reward: -153.85167807815543 | Average Reward: -127.784 | Steps: 14464 | Total Reward: -33260.097313976985|
| Episode: 183 | Epsilon:  0.10 | Reward: -167.79558608061262 | Average Reward: -128.440 | Steps: 14548 | Total Reward: -33427.8929000576|
| Episode: 184 | Epsilon:  0.10 | Reward: -196.93357209842435 | Average Reward: -129.424 | Steps: 14636 | Total Reward: -33624.82647215601|
| Episode: 185 | Epsilon:  0.10 | Reward: -140.24717169835057 | Average Reward: -129.840 | Steps: 14717 | Total Reward: -33765.07364385436|
| Episode: 186 | Epsilon:  0.10 | Reward: -127.32344869739728 | Average Reward: -129.980 | Steps: 14773 | Total Reward: -33892.39709255177|
| Episode: 187 | Epsilon:  0.10 | Reward: -122.33168916468566 | Average Reward: -130.590 | Steps: 14847 | Total Reward: -34014.72878171646|
| Episode: 188 | Epsilon:  0.10 | Reward: -128.52477242517185 | Average Reward: -130.667 | Steps: 14914 | Total Reward: -34143.25355414161|
| Episode: 189 | Epsilon:  0.10 | Reward: -139.30748085213483 | Average Reward: -128.280 | Steps: 15003 | Total Reward: -34282.56103499375|
| Episode: 190 | Epsilon:  0.10 | Reward: -120.34499641186248 | Average Reward: -128.084 | Steps: 15092 | Total Reward: -34402.90603140561|
| Episode: 191 | Epsilon:  0.10 | Reward: -189.70930943100865 | Average Reward: -128.759 | Steps: 15163 | Total Reward: -34592.615340836615|
| Episode: 192 | Epsilon:  0.10 | Reward: -80.10690518635813 | Average Reward: -128.582 | Steps: 15216 | Total Reward: -34672.72224602299|
| Episode: 193 | Epsilon:  0.10 | Reward: -171.1468879033834 | Average Reward: -129.903 | Steps: 15298 | Total Reward: -34843.869133926375|
| Episode: 194 | Epsilon:  0.10 | Reward: -124.89049775858308 | Average Reward: -130.196 | Steps: 15373 | Total Reward: -34968.75963168494|
| Episode: 195 | Epsilon:  0.10 | Reward: -239.87651672248992 | Average Reward: -130.100 | Steps: 15472 | Total Reward: -35208.63614840744|
| Episode: 196 | Epsilon:  0.10 | Reward: -108.08688507833656 | Average Reward: -131.475 | Steps: 15562 | Total Reward: -35316.72303348578|
| Episode: 197 | Epsilon:  0.10 | Reward: -96.9539551725122 | Average Reward: -131.225 | Steps: 15635 | Total Reward: -35413.6769886583|
| Episode: 198 | Epsilon:  0.10 | Reward: -138.24531149598926 | Average Reward: -131.063 | Steps: 15696 | Total Reward: -35551.9223001543|
| Episode: 199 | Epsilon:  0.10 | Reward: -122.49418573394422 | Average Reward: -131.211 | Steps: 15762 | Total Reward: -35674.41648588824|
| Episode: 200 | Epsilon:  0.10 | Reward: -142.56099390844005 | Average Reward: -131.529 | Steps: 15829 | Total Reward: -35816.97747979668|
| Episode: 201 | Epsilon:  0.10 | Reward: -146.2245033728181 | Average Reward: -132.603 | Steps: 15898 | Total Reward: -35963.201983169514|
| Episode: 202 | Epsilon:  0.10 | Reward: -111.32474103624462 | Average Reward: -131.709 | Steps: 15955 | Total Reward: -36074.52672420578|
| Episode: 203 | Epsilon:  0.10 | Reward: -129.74639636278664 | Average Reward: -132.539 | Steps: 16045 | Total Reward: -36204.273120568585|
| Episode: 204 | Epsilon:  0.10 | Reward: -183.99133685980243 | Average Reward: -132.365 | Steps: 16124 | Total Reward: -36388.264457428384|
| Episode: 205 | Epsilon:  0.10 | Reward: -136.66715338081087 | Average Reward: -132.542 | Steps: 16220 | Total Reward: -36524.93161080919|
| Episode: 206 | Epsilon:  0.10 | Reward: -215.7670316595756 | Average Reward: -133.431 | Steps: 16322 | Total Reward: -36740.698642468764|
| Episode: 207 | Epsilon:  0.10 | Reward: -15.878525920115777 | Average Reward: -134.001 | Steps: 16396 | Total Reward: -36756.577168388896|
| Episode: 208 | Epsilon:  0.10 | Reward: -116.81170755614488 | Average Reward: -135.016 | Steps: 16483 | Total Reward: -36873.38887594504|
| Episode: 209 | Epsilon:  0.10 | Reward: -266.090013643481 | Average Reward: -136.177 | Steps: 16609 | Total Reward: -37139.478889588536|
| Episode: 210 | Epsilon:  0.10 | Reward: -222.0877466293543 | Average Reward: -136.737 | Steps: 16705 | Total Reward: -37361.566636217874|
| Episode: 211 | Epsilon:  0.10 | Reward: -16.528569271253943 | Average Reward: -136.818 | Steps: 16790 | Total Reward: -37378.09520548914|
| Episode: 212 | Epsilon:  0.10 | Reward: -130.88537869647982 | Average Reward: -138.513 | Steps: 16879 | Total Reward: -37508.980584185636|
| Episode: 213 | Epsilon:  0.10 | Reward: -30.88566769341584 | Average Reward: -135.919 | Steps: 16966 | Total Reward: -37539.866251879066|
| Episode: 214 | Epsilon:  0.10 | Reward: -131.13406944557678 | Average Reward: -135.997 | Steps: 17049 | Total Reward: -37671.00032132464|
| Episode: 215 | Epsilon:  0.10 | Reward: -119.53209508658749 | Average Reward: -135.662 | Steps: 17139 | Total Reward: -37790.53241641123|
| Episode: 216 | Epsilon:  0.10 | Reward: -71.43346026529906 | Average Reward: -135.435 | Steps: 17217 | Total Reward: -37861.96587667652|
| Episode: 217 | Epsilon:  0.10 | Reward: -5.302292655744708 | Average Reward: -133.457 | Steps: 17289 | Total Reward: -37867.268169332274|
| Episode: 218 | Epsilon:  0.10 | Reward: -123.8841129228266 | Average Reward: -133.252 | Steps: 17353 | Total Reward: -37991.15228225511|
| Episode: 219 | Epsilon:  0.10 | Reward: 6.111521032188747 | Average Reward: -132.289 | Steps: 17473 | Total Reward: -37985.04076122293|
| Episode: 220 | Epsilon:  0.10 | Reward: -25.646183465502062 | Average Reward: -132.460 | Steps: 17547 | Total Reward: -38010.686944688416|
| Episode: 221 | Epsilon:  0.10 | Reward: -557.6954148049713 | Average Reward: -137.115 | Steps: 17750 | Total Reward: -38568.38235949338|
| Episode: 222 | Epsilon:  0.10 | Reward: -349.89976876721624 | Average Reward: -138.422 | Steps: 17925 | Total Reward: -38918.28212826058|
| Episode: 223 | Epsilon:  0.10 | Reward: -50.32964484247768 | Average Reward: -137.911 | Steps: 18005 | Total Reward: -38968.61177310304|
| Episode: 224 | Epsilon:  0.10 | Reward: -0.4419653235093648 | Average Reward: -135.997 | Steps: 18114 | Total Reward: -38969.05373842658|
| Episode: 225 | Epsilon:  0.10 | Reward: 25.841655173131244 | Average Reward: -134.930 | Steps: 18201 | Total Reward: -38943.21208325346|
| Episode: 226 | Epsilon:  0.10 | Reward: -75.86714163149351 | Average Reward: -134.070 | Steps: 18258 | Total Reward: -39019.07922488493|
| Episode: 227 | Epsilon:  0.10 | Reward: -283.3461817314678 | Average Reward: -135.373 | Steps: 18412 | Total Reward: -39302.42540661638|
| Episode: 228 | Epsilon:  0.10 | Reward: -143.18598263258457 | Average Reward: -135.298 | Steps: 18493 | Total Reward: -39445.61138924895|
| Episode: 229 | Epsilon:  0.10 | Reward: -101.89240720133219 | Average Reward: -135.238 | Steps: 18564 | Total Reward: -39547.50379645028|
| Episode: 230 | Epsilon:  0.10 | Reward: -410.5832546039303 | Average Reward: -136.660 | Steps: 18666 | Total Reward: -39958.08705105419|
| Episode: 231 | Epsilon:  0.10 | Reward: -224.41143059208116 | Average Reward: -138.139 | Steps: 18836 | Total Reward: -40182.498481646304|
| Episode: 232 | Epsilon:  0.10 | Reward: -176.184303179572 | Average Reward: -138.509 | Steps: 18917 | Total Reward: -40358.68278482586|
| Episode: 233 | Epsilon:  0.10 | Reward: -68.33127181155216 | Average Reward: -137.350 | Steps: 18981 | Total Reward: -40427.014056637425|
| Episode: 234 | Epsilon:  0.10 | Reward: -133.82570423552133 | Average Reward: -137.106 | Steps: 19058 | Total Reward: -40560.83976087297|
| Episode: 235 | Epsilon:  0.10 | Reward: -99.80225542064782 | Average Reward: -133.496 | Steps: 19117 | Total Reward: -40660.642016293605|
| Episode: 236 | Epsilon:  0.10 | Reward: -98.45197301893816 | Average Reward: -133.693 | Steps: 19185 | Total Reward: -40759.09398931256|
| Episode: 237 | Epsilon:  0.10 | Reward: -111.67889383453847 | Average Reward: -133.025 | Steps: 19267 | Total Reward: -40870.77288314711|
| Episode: 238 | Epsilon:  0.10 | Reward: -308.38929832278893 | Average Reward: -135.086 | Steps: 19363 | Total Reward: -41179.162181469925|
| Episode: 239 | Epsilon:  0.10 | Reward: -146.96988600690435 | Average Reward: -135.227 | Steps: 19426 | Total Reward: -41326.132067476836|
| Episode: 240 | Epsilon:  0.10 | Reward: -95.30204489656967 | Average Reward: -134.762 | Steps: 19513 | Total Reward: -41421.434112373434|
| Episode: 241 | Epsilon:  0.10 | Reward: -119.72349829929132 | Average Reward: -135.121 | Steps: 19595 | Total Reward: -41541.15761067274|
| Episode: 242 | Epsilon:  0.10 | Reward: -182.2220184973281 | Average Reward: -135.489 | Steps: 19685 | Total Reward: -41723.37962917009|
| Episode: 243 | Epsilon:  0.10 | Reward: -8.686243142209975 | Average Reward: -134.430 | Steps: 19772 | Total Reward: -41732.065872312305|
| Episode: 244 | Epsilon:  0.10 | Reward: -75.16916999233652 | Average Reward: -134.072 | Steps: 19829 | Total Reward: -41807.23504230467|
| Episode: 245 | Epsilon:  0.10 | Reward: -30.45480834578612 | Average Reward: -133.512 | Steps: 19897 | Total Reward: -41837.68985065046|
| Episode: 246 | Epsilon:  0.10 | Reward: -111.51497506306453 | Average Reward: -133.419 | Steps: 19979 | Total Reward: -41949.204825713525|
| Episode: 247 | Epsilon:  0.10 | Reward: -157.07292247526496 | Average Reward: -133.672 | Steps: 20056 | Total Reward: -42106.27774818881|
| Episode: 248 | Epsilon:  0.10 | Reward: -80.54678947999625 | Average Reward: -132.557 | Steps: 20138 | Total Reward: -42186.82453766878|
| Episode: 249 | Epsilon:  0.10 | Reward: -116.5981881291606 | Average Reward: -133.299 | Steps: 20230 | Total Reward: -42303.422725797966|
| Episode: 250 | Epsilon:  0.10 | Reward: -82.64332176677262 | Average Reward: -133.641 | Steps: 20310 | Total Reward: -42386.066047564746|
| Episode: 251 | Epsilon:  0.10 | Reward: -34.22223906758721 | Average Reward: -132.848 | Steps: 20410 | Total Reward: -42420.288286632334|
| Episode: 252 | Epsilon:  0.10 | Reward: 22.873024179698717 | Average Reward: -131.157 | Steps: 20516 | Total Reward: -42397.41526245262|
| Episode: 253 | Epsilon:  0.10 | Reward: -195.11356330946376 | Average Reward: -131.614 | Steps: 20597 | Total Reward: -42592.52882576205|
| Episode: 254 | Epsilon:  0.10 | Reward: -151.966774912942 | Average Reward: -131.590 | Steps: 20668 | Total Reward: -42744.495600674985|
| Episode: 255 | Epsilon:  0.10 | Reward: -112.02138176746992 | Average Reward: -130.682 | Steps: 20733 | Total Reward: -42856.51698244249|
| Episode: 256 | Epsilon:  0.10 | Reward: -96.70466092564372 | Average Reward: -130.527 | Steps: 20822 | Total Reward: -42953.221643368146|
| Episode: 257 | Epsilon:  0.10 | Reward: -129.69572790672746 | Average Reward: -130.712 | Steps: 20896 | Total Reward: -43082.917371274845|
| Episode: 258 | Epsilon:  0.10 | Reward: -7.906852280628954 | Average Reward: -129.191 | Steps: 20969 | Total Reward: -43090.82422355546|
| Episode: 259 | Epsilon:  0.10 | Reward: -472.7432895239878 | Average Reward: -132.798 | Steps: 21136 | Total Reward: -43563.567513079455|
| Episode: 260 | Epsilon:  0.10 | Reward: -161.39334062539263 | Average Reward: -134.395 | Steps: 21211 | Total Reward: -43724.96085370487|
| Episode: 261 | Epsilon:  0.10 | Reward: -222.942074410388 | Average Reward: -135.591 | Steps: 21324 | Total Reward: -43947.90292811531|
| Episode: 262 | Epsilon:  0.10 | Reward: -524.8171984456648 | Average Reward: -139.640 | Steps: 21427 | Total Reward: -44472.72012656097|
| Episode: 263 | Epsilon:  0.10 | Reward: -100.38571388453929 | Average Reward: -138.956 | Steps: 21517 | Total Reward: -44573.10584044547|
| Episode: 264 | Epsilon:  0.10 | Reward: -84.95279410618058 | Average Reward: -138.628 | Steps: 21586 | Total Reward: -44658.05863455165|
| Episode: 265 | Epsilon:  0.10 | Reward: -212.30886107566363 | Average Reward: -138.651 | Steps: 21674 | Total Reward: -44870.36749562734|
| Episode: 266 | Epsilon:  0.10 | Reward: -362.19350066302957 | Average Reward: -142.263 | Steps: 21778 | Total Reward: -45232.560996290355|
| Episode: 267 | Epsilon:  0.10 | Reward: -123.1219827833387 | Average Reward: -141.889 | Steps: 21954 | Total Reward: -45355.68297907368|
| Episode: 268 | Epsilon:  0.10 | Reward: -374.94613337970776 | Average Reward: -144.253 | Steps: 22039 | Total Reward: -45730.62911245338|
| Episode: 269 | Epsilon:  0.10 | Reward: -319.43595021619933 | Average Reward: -144.912 | Steps: 22114 | Total Reward: -46050.06506266958|
| Episode: 270 | Epsilon:  0.10 | Reward: -171.95754628772818 | Average Reward: -145.674 | Steps: 22224 | Total Reward: -46222.022608957304|
| Episode: 271 | Epsilon:  0.10 | Reward: -24.102590637755185 | Average Reward: -144.302 | Steps: 22335 | Total Reward: -46246.125199595044|
| Episode: 272 | Epsilon:  0.10 | Reward: -451.95936352128064 | Average Reward: -148.542 | Steps: 22574 | Total Reward: -46698.08456311632|
| Episode: 273 | Epsilon:  0.10 | Reward: -311.2789808824016 | Average Reward: -150.409 | Steps: 22677 | Total Reward: -47009.363543998705|
| Episode: 274 | Epsilon:  0.10 | Reward: -287.71016358209437 | Average Reward: -151.944 | Steps: 22766 | Total Reward: -47297.0737075808|
| Episode: 275 | Epsilon:  0.10 | Reward: -126.5722963908306 | Average Reward: -151.094 | Steps: 22962 | Total Reward: -47423.646003971626|
| Episode: 276 | Epsilon:  0.10 | Reward: -86.29921366568372 | Average Reward: -150.794 | Steps: 23112 | Total Reward: -47509.945217637374|
| Episode: 277 | Epsilon:  0.10 | Reward: -324.41174682700887 | Average Reward: -153.420 | Steps: 23571 | Total Reward: -47834.3569644644|
| Episode: 278 | Epsilon:  0.10 | Reward: -46.665960595518285 | Average Reward: -152.865 | Steps: 23654 | Total Reward: -47881.02292505996|
| Episode: 279 | Epsilon:  0.10 | Reward: -425.9984097940893 | Average Reward: -155.435 | Steps: 23793 | Total Reward: -48307.02133485402|
| Episode: 280 | Epsilon:  0.10 | Reward: -371.20962632598685 | Average Reward: -157.603 | Steps: 23895 | Total Reward: -48678.23096117998|
| Episode: 281 | Epsilon:  0.10 | Reward: -363.64893972718346 | Average Reward: -159.356 | Steps: 24048 | Total Reward: -49041.87990090718|
| Episode: 282 | Epsilon:  0.10 | Reward: -213.93250301943715 | Average Reward: -159.957 | Steps: 24162 | Total Reward: -49255.812403926655|
| Episode: 283 | Epsilon:  0.10 | Reward: -340.99419057251373 | Average Reward: -161.689 | Steps: 24257 | Total Reward: -49596.80659449919|
| Episode: 284 | Epsilon:  0.10 | Reward: -77.5289433664192 | Average Reward: -160.495 | Steps: 24349 | Total Reward: -49674.33553786559|
| Episode: 285 | Epsilon:  0.10 | Reward: -306.5821565102459 | Average Reward: -162.158 | Steps: 24459 | Total Reward: -49980.917694375814|
| Episode: 286 | Epsilon:  0.10 | Reward: -341.5798813558421 | Average Reward: -164.301 | Steps: 24537 | Total Reward: -50322.49757573165|
| Episode: 287 | Epsilon:  0.10 | Reward: -279.6606442103106 | Average Reward: -165.874 | Steps: 24642 | Total Reward: -50602.158219941935|
| Episode: 288 | Epsilon:  0.10 | Reward: -196.83999154110018 | Average Reward: -166.557 | Steps: 24735 | Total Reward: -50798.99821148305|
| Episode: 289 | Epsilon:  0.10 | Reward: -107.39118981172547 | Average Reward: -166.238 | Steps: 24797 | Total Reward: -50906.38940129476|
| Episode: 290 | Epsilon:  0.10 | Reward: -28.467073030708548 | Average Reward: -165.320 | Steps: 24917 | Total Reward: -50934.85647432547|
| Episode: 291 | Epsilon:  0.10 | Reward: 11.927169433308833 | Average Reward: -163.303 | Steps: 25022 | Total Reward: -50922.92930489214|
| Episode: 292 | Epsilon:  0.10 | Reward: -573.7454498704694 | Average Reward: -168.240 | Steps: 25145 | Total Reward: -51496.67475476262|
| Episode: 293 | Epsilon:  0.10 | Reward: -179.0331871071672 | Average Reward: -168.318 | Steps: 25254 | Total Reward: -51675.70794186979|
| Episode: 294 | Epsilon:  0.10 | Reward: -35.878759480157825 | Average Reward: -167.428 | Steps: 25399 | Total Reward: -51711.58670134996|
| Episode: 295 | Epsilon:  0.10 | Reward: -164.89826988229558 | Average Reward: -166.678 | Steps: 25519 | Total Reward: -51876.48497123225|
| Episode: 296 | Epsilon:  0.10 | Reward: -328.76229614367355 | Average Reward: -168.885 | Steps: 25634 | Total Reward: -52205.247267375955|
| Episode: 297 | Epsilon:  0.10 | Reward: -250.54263010266905 | Average Reward: -170.421 | Steps: 25732 | Total Reward: -52455.78989747865|
| Episode: 298 | Epsilon:  0.10 | Reward: -139.06400207163557 | Average Reward: -170.429 | Steps: 25818 | Total Reward: -52594.853899550304|
| Episode: 299 | Epsilon:  0.10 | Reward: -235.3574637420345 | Average Reward: -171.558 | Steps: 25914 | Total Reward: -52830.21136329231|
| Episode: 300 | Epsilon:  0.10 | Reward: -39.8071013739896 | Average Reward: -170.530 | Steps: 26013 | Total Reward: -52870.018464666304|
| Episode: 301 | Epsilon:  0.10 | Reward: -69.92861777105182 | Average Reward: -169.767 | Steps: 26095 | Total Reward: -52939.947082437335|
| Episode: 302 | Epsilon:  0.10 | Reward: -50.87743609511796 | Average Reward: -169.163 | Steps: 26172 | Total Reward: -52990.82451853245|
| Episode: 303 | Epsilon:  0.10 | Reward: -205.69824110291307 | Average Reward: -169.922 | Steps: 26271 | Total Reward: -53196.52275963536|
| Episode: 304 | Epsilon:  0.10 | Reward: -185.0416902342032 | Average Reward: -169.933 | Steps: 26392 | Total Reward: -53381.56444986956|
| Episode: 305 | Epsilon:  0.10 | Reward: -101.96655557257083 | Average Reward: -169.586 | Steps: 26489 | Total Reward: -53483.53100544211|
| Episode: 306 | Epsilon:  0.10 | Reward: -319.1915953618285 | Average Reward: -170.620 | Steps: 26605 | Total Reward: -53802.722600803965|
| Episode: 307 | Epsilon:  0.10 | Reward: -165.68209346013748 | Average Reward: -172.118 | Steps: 26701 | Total Reward: -53968.40469426406|
| Episode: 308 | Epsilon:  0.10 | Reward: -285.3455354146057 | Average Reward: -173.804 | Steps: 26784 | Total Reward: -54253.75022967868|
| Episode: 309 | Epsilon:  0.10 | Reward: -5.3348287597226545 | Average Reward: -171.196 | Steps: 26925 | Total Reward: -54259.08505843837|
| Episode: 310 | Epsilon:  0.10 | Reward: -107.53112487683741 | Average Reward: -170.050 | Steps: 27006 | Total Reward: -54366.616183315185|
| Episode: 311 | Epsilon:  0.10 | Reward: -394.3915787641701 | Average Reward: -173.829 | Steps: 27086 | Total Reward: -54761.007762079375|
| Episode: 312 | Epsilon:  0.10 | Reward: -110.33078060303535 | Average Reward: -173.624 | Steps: 27159 | Total Reward: -54871.3385426824|
| Episode: 313 | Epsilon:  0.10 | Reward: -46.07366195685896 | Average Reward: -173.775 | Steps: 27265 | Total Reward: -54917.41220463925|
| Episode: 314 | Epsilon:  0.10 | Reward: -47.62838804677642 | Average Reward: -172.940 | Steps: 27339 | Total Reward: -54965.04059268604|
| Episode: 315 | Epsilon:  0.10 | Reward: -211.5774658220917 | Average Reward: -173.861 | Steps: 27512 | Total Reward: -55176.61805850811|
| Episode: 316 | Epsilon:  0.10 | Reward: -71.1848565104667 | Average Reward: -173.858 | Steps: 27629 | Total Reward: -55247.80291501859|
| Episode: 317 | Epsilon:  0.10 | Reward: -344.1542854996468 | Average Reward: -177.247 | Steps: 27734 | Total Reward: -55591.957200518234|
| Episode: 318 | Epsilon:  0.10 | Reward: 8.092520064159302 | Average Reward: -175.927 | Steps: 27849 | Total Reward: -55583.8646804541|
| Episode: 319 | Epsilon:  0.10 | Reward: -272.30665072376786 | Average Reward: -178.711 | Steps: 27963 | Total Reward: -55856.17133117783|
| Episode: 320 | Epsilon:  0.10 | Reward: -203.0631365590287 | Average Reward: -180.485 | Steps: 28097 | Total Reward: -56059.23446773685|
| Episode: 321 | Epsilon:  0.10 | Reward: -191.07977631890884 | Average Reward: -176.819 | Steps: 28191 | Total Reward: -56250.31424405577|
| Episode: 322 | Epsilon:  0.10 | Reward: -169.57198931348287 | Average Reward: -175.016 | Steps: 28321 | Total Reward: -56419.886233369245|
| Episode: 323 | Epsilon:  0.10 | Reward: -115.84889415076876 | Average Reward: -175.671 | Steps: 28431 | Total Reward: -56535.73512752003|
| Episode: 324 | Epsilon:  0.10 | Reward: -345.8038392053754 | Average Reward: -179.125 | Steps: 28524 | Total Reward: -56881.53896672541|
| Episode: 325 | Epsilon:  0.10 | Reward: -87.23173895734371 | Average Reward: -180.256 | Steps: 28655 | Total Reward: -56968.77070568275|
| Episode: 326 | Epsilon:  0.10 | Reward: -168.2732367467134 | Average Reward: -181.180 | Steps: 28792 | Total Reward: -57137.04394242946|
| Episode: 327 | Epsilon:  0.10 | Reward: -207.033957670122 | Average Reward: -180.417 | Steps: 28889 | Total Reward: -57344.07790009957|
| Episode: 328 | Epsilon:  0.10 | Reward: -103.103793349658 | Average Reward: -180.016 | Steps: 28997 | Total Reward: -57447.18169344923|
| Episode: 329 | Epsilon:  0.10 | Reward: -275.72668896657 | Average Reward: -181.754 | Steps: 29090 | Total Reward: -57722.90838241577|
| Episode: 330 | Epsilon:  0.10 | Reward: -102.34295671293712 | Average Reward: -178.672 | Steps: 29188 | Total Reward: -57825.251339128685|
| Episode: 331 | Epsilon:  0.10 | Reward: -319.08133428390704 | Average Reward: -179.618 | Steps: 29275 | Total Reward: -58144.332673412566|
| Episode: 332 | Epsilon:  0.10 | Reward: -182.116114463251 | Average Reward: -179.678 | Steps: 29356 | Total Reward: -58326.448787875794|
| Episode: 333 | Epsilon:  0.10 | Reward: -92.07538757024196 | Average Reward: -179.915 | Steps: 29438 | Total Reward: -58418.524175446044|
| Episode: 334 | Epsilon:  0.10 | Reward: -219.53579118286953 | Average Reward: -180.772 | Steps: 29534 | Total Reward: -58638.05996662892|
| Episode: 335 | Epsilon:  0.10 | Reward: -114.07103548104391 | Average Reward: -180.915 | Steps: 29625 | Total Reward: -58752.131002109956|
| Episode: 336 | Epsilon:  0.10 | Reward: -91.240216458622 | Average Reward: -180.843 | Steps: 29732 | Total Reward: -58843.371218568594|
| Episode: 337 | Epsilon:  0.10 | Reward: -56.0621408882512 | Average Reward: -180.287 | Steps: 29835 | Total Reward: -58899.43335945686|
| Episode: 338 | Epsilon:  0.10 | Reward: -148.70005744435562 | Average Reward: -178.690 | Steps: 29927 | Total Reward: -59048.13341690116|
| Episode: 339 | Epsilon:  0.10 | Reward: -280.4579988794419 | Average Reward: -180.025 | Steps: 30017 | Total Reward: -59328.59141578064|
| Episode: 340 | Epsilon:  0.10 | Reward: -203.34431411806736 | Average Reward: -181.105 | Steps: 30131 | Total Reward: -59531.93572989872|
| Episode: 341 | Epsilon:  0.10 | Reward: -236.65256325882174 | Average Reward: -182.274 | Steps: 30242 | Total Reward: -59768.588293157576|
| Episode: 342 | Epsilon:  0.10 | Reward: -307.3310104318808 | Average Reward: -183.525 | Steps: 30334 | Total Reward: -60075.919303589435|
| Episode: 343 | Epsilon:  0.10 | Reward: -85.75170852388823 | Average Reward: -184.296 | Steps: 30407 | Total Reward: -60161.67101211332|
| Episode: 344 | Epsilon:  0.10 | Reward: -70.72498794272849 | Average Reward: -184.252 | Steps: 30483 | Total Reward: -60232.396000056055|
| Episode: 345 | Epsilon:  0.10 | Reward: -85.60382218369375 | Average Reward: -184.803 | Steps: 30579 | Total Reward: -60317.999822239726|
| Episode: 346 | Epsilon:  0.10 | Reward: -94.65494190015238 | Average Reward: -184.634 | Steps: 30689 | Total Reward: -60412.654764139894|
| Episode: 347 | Epsilon:  0.10 | Reward: 15.506056760385732 | Average Reward: -182.909 | Steps: 30827 | Total Reward: -60397.148707379514|
| Episode: 348 | Epsilon:  0.10 | Reward: -431.1306742006937 | Average Reward: -186.415 | Steps: 30927 | Total Reward: -60828.27938158021|
| Episode: 349 | Epsilon:  0.10 | Reward: -105.1819694690632 | Average Reward: -186.300 | Steps: 31049 | Total Reward: -60933.461351049256|
| Episode: 350 | Epsilon:  0.10 | Reward: -15.354382006952946 | Average Reward: -185.627 | Steps: 31154 | Total Reward: -60948.8157330562|
| Episode: 351 | Epsilon:  0.10 | Reward: -392.4298224489353 | Average Reward: -189.210 | Steps: 31272 | Total Reward: -61341.24555550512|
| Episode: 352 | Epsilon:  0.10 | Reward: -227.3991833450458 | Average Reward: -191.712 | Steps: 31360 | Total Reward: -61568.64473885017|
| Episode: 353 | Epsilon:  0.10 | Reward: -150.78255916241199 | Average Reward: -191.269 | Steps: 31473 | Total Reward: -61719.42729801258|
| Episode: 354 | Epsilon:  0.10 | Reward: -104.0684435353917 | Average Reward: -190.790 | Steps: 31549 | Total Reward: -61823.495741547915|
| Episode: 355 | Epsilon:  0.10 | Reward: -118.99951473944789 | Average Reward: -190.860 | Steps: 31648 | Total Reward: -61942.49525628733|
| Episode: 356 | Epsilon:  0.10 | Reward: -146.53049158117935 | Average Reward: -191.358 | Steps: 31718 | Total Reward: -62089.025747868545|
| Episode: 357 | Epsilon:  0.10 | Reward: -13.484305475452757 | Average Reward: -190.196 | Steps: 31849 | Total Reward: -62102.510053344005|
| Episode: 358 | Epsilon:  0.10 | Reward: -130.55887059946082 | Average Reward: -191.422 | Steps: 31940 | Total Reward: -62233.068923943465|
| Episode: 359 | Epsilon:  0.10 | Reward: -218.31771782410706 | Average Reward: -188.878 | Steps: 32050 | Total Reward: -62451.38664176759|
| Episode: 360 | Epsilon:  0.10 | Reward: -100.10825902548471 | Average Reward: -188.265 | Steps: 32178 | Total Reward: -62551.49490079307|
| Episode: 361 | Epsilon:  0.10 | Reward: -139.20496594094283 | Average Reward: -187.428 | Steps: 32255 | Total Reward: -62690.699866733994|
| Episode: 362 | Epsilon:  0.10 | Reward: -93.44189840488932 | Average Reward: -183.114 | Steps: 32354 | Total Reward: -62784.1417651389|
| Episode: 363 | Epsilon:  0.10 | Reward: -90.23112795733778 | Average Reward: -183.013 | Steps: 32435 | Total Reward: -62874.372893096246|
| Episode: 364 | Epsilon:  0.10 | Reward: -114.24302100599189 | Average Reward: -183.306 | Steps: 32535 | Total Reward: -62988.61591410227|
| Episode: 365 | Epsilon:  0.10 | Reward: -94.52329023611784 | Average Reward: -182.128 | Steps: 32654 | Total Reward: -63083.13920433839|
| Episode: 366 | Epsilon:  0.10 | Reward: -82.77364061662527 | Average Reward: -179.334 | Steps: 32755 | Total Reward: -63165.912844955|
| Episode: 367 | Epsilon:  0.10 | Reward: -643.1320791992804 | Average Reward: -184.534 | Steps: 32877 | Total Reward: -63809.04492415422|
| Episode: 368 | Epsilon:  0.10 | Reward: -143.7156232245423 | Average Reward: -182.221 | Steps: 32967 | Total Reward: -63952.76054737873|
| Episode: 369 | Epsilon:  0.10 | Reward: -310.2101043233138 | Average Reward: -182.129 | Steps: 33066 | Total Reward: -64262.97065170204|
| Episode: 370 | Epsilon:  0.10 | Reward: -298.3636731196856 | Average Reward: -183.393 | Steps: 33187 | Total Reward: -64561.33432482169|
| Episode: 371 | Epsilon:  0.10 | Reward: -157.31475570147475 | Average Reward: -184.725 | Steps: 33292 | Total Reward: -64718.64908052316|
| Episode: 372 | Epsilon:  0.10 | Reward: -334.4384324273137 | Average Reward: -183.550 | Steps: 33423 | Total Reward: -65053.08751295049|
| Episode: 373 | Epsilon:  0.10 | Reward: -105.09855019382022 | Average Reward: -181.488 | Steps: 33555 | Total Reward: -65158.18606314433|
| Episode: 374 | Epsilon:  0.10 | Reward: -159.4909515876296 | Average Reward: -180.206 | Steps: 33644 | Total Reward: -65317.677014731955|
| Episode: 375 | Epsilon:  0.10 | Reward: -135.65708219132128 | Average Reward: -180.297 | Steps: 33736 | Total Reward: -65453.334096923245|
| Episode: 376 | Epsilon:  0.10 | Reward: -104.6434995271611 | Average Reward: -180.480 | Steps: 33807 | Total Reward: -65557.97759645042|
| Episode: 377 | Epsilon:  0.10 | Reward: -29.9056704868391 | Average Reward: -177.535 | Steps: 33927 | Total Reward: -65587.88326693726|
| Episode: 378 | Epsilon:  0.10 | Reward: -276.5498793858373 | Average Reward: -179.834 | Steps: 34040 | Total Reward: -65864.43314632306|
| Episode: 379 | Epsilon:  0.10 | Reward: -356.22279590345494 | Average Reward: -179.136 | Steps: 34155 | Total Reward: -66220.6559422265|
| Episode: 380 | Epsilon:  0.10 | Reward: -150.10258950485513 | Average Reward: -176.925 | Steps: 34265 | Total Reward: -66370.7585317314|
| Episode: 381 | Epsilon:  0.10 | Reward: -587.2067234829624 | Average Reward: -179.161 | Steps: 34347 | Total Reward: -66957.96525521435|
| Episode: 382 | Epsilon:  0.10 | Reward: -201.42489761906643 | Average Reward: -179.036 | Steps: 34453 | Total Reward: -67159.39015283342|
| Episode: 383 | Epsilon:  0.10 | Reward: -135.41562391077005 | Average Reward: -176.980 | Steps: 34519 | Total Reward: -67294.80577674418|
| Episode: 384 | Epsilon:  0.10 | Reward: -382.1481532591776 | Average Reward: -180.026 | Steps: 34613 | Total Reward: -67676.95393000329|
| Episode: 385 | Epsilon:  0.10 | Reward: -140.16657900819445 | Average Reward: -178.362 | Steps: 34664 | Total Reward: -67817.12050901148|
| Episode: 386 | Epsilon:  0.10 | Reward: -199.00411207932507 | Average Reward: -176.936 | Steps: 34779 | Total Reward: -68016.12462109081|
| Episode: 387 | Epsilon:  0.10 | Reward: -406.7050220991861 | Average Reward: -178.207 | Steps: 34852 | Total Reward: -68422.82964319002|
| Episode: 388 | Epsilon:  0.10 | Reward: -304.8374029985015 | Average Reward: -179.287 | Steps: 34964 | Total Reward: -68727.66704618848|
| Episode: 389 | Epsilon:  0.10 | Reward: -120.3356481822698 | Average Reward: -179.416 | Steps: 35049 | Total Reward: -68848.00269437075|
| Episode: 390 | Epsilon:  0.10 | Reward: -149.99324499518008 | Average Reward: -180.631 | Steps: 35120 | Total Reward: -68997.99593936591|
| Episode: 391 | Epsilon:  0.10 | Reward: -440.65212145629886 | Average Reward: -185.157 | Steps: 35224 | Total Reward: -69438.64806082222|
| Episode: 392 | Epsilon:  0.10 | Reward: -441.14616950141567 | Average Reward: -183.831 | Steps: 35307 | Total Reward: -69879.79423032366|
| Episode: 393 | Epsilon:  0.10 | Reward: -103.10451754074246 | Average Reward: -183.072 | Steps: 35365 | Total Reward: -69982.89874786443|
| Episode: 394 | Epsilon:  0.10 | Reward: -130.36507637934224 | Average Reward: -184.017 | Steps: 35456 | Total Reward: -70113.2638242438|
| Episode: 395 | Epsilon:  0.10 | Reward: -161.34564823116057 | Average Reward: -183.981 | Steps: 35555 | Total Reward: -70274.60947247493|
| Episode: 396 | Epsilon:  0.10 | Reward: -141.58059922258778 | Average Reward: -182.109 | Steps: 35625 | Total Reward: -70416.19007169754|
| Episode: 397 | Epsilon:  0.10 | Reward: -143.92449408891048 | Average Reward: -181.043 | Steps: 35699 | Total Reward: -70560.11456578647|
| Episode: 398 | Epsilon:  0.10 | Reward: -149.02107511166656 | Average Reward: -181.143 | Steps: 35766 | Total Reward: -70709.13564089814|
| Episode: 399 | Epsilon:  0.10 | Reward: -331.9438325956366 | Average Reward: -182.109 | Steps: 35859 | Total Reward: -71041.07947349381|
| Episode: 400 | Epsilon:  0.10 | Reward: -311.24755052005787 | Average Reward: -184.823 | Steps: 35965 | Total Reward: -71352.3270240139|
| Episode: 401 | Epsilon:  0.10 | Reward: -346.67998327013527 | Average Reward: -187.591 | Steps: 36083 | Total Reward: -71699.00700728406|
| Episode: 402 | Epsilon:  0.10 | Reward: -391.9796050360146 | Average Reward: -191.002 | Steps: 36200 | Total Reward: -72090.9866123201|
| Episode: 403 | Epsilon:  0.10 | Reward: -524.9855732061578 | Average Reward: -194.194 | Steps: 36303 | Total Reward: -72615.97218552628|
| Episode: 404 | Epsilon:  0.10 | Reward: -91.31951734358128 | Average Reward: -193.257 | Steps: 36374 | Total Reward: -72707.29170286978|
| Episode: 405 | Epsilon:  0.10 | Reward: -133.21987060177128 | Average Reward: -193.570 | Steps: 36450 | Total Reward: -72840.51157347152|
| Episode: 406 | Epsilon:  0.10 | Reward: -615.7436082073808 | Average Reward: -196.535 | Steps: 36543 | Total Reward: -73456.25518167888|
| Episode: 407 | Epsilon:  0.10 | Reward: -503.8493998234602 | Average Reward: -199.917 | Steps: 36643 | Total Reward: -73960.10458150234|
| Episode: 408 | Epsilon:  0.10 | Reward: -345.56767484381277 | Average Reward: -200.519 | Steps: 36750 | Total Reward: -74305.67225634618|
| Episode: 409 | Epsilon:  0.10 | Reward: -110.9634468913621 | Average Reward: -201.576 | Steps: 36845 | Total Reward: -74416.63570323755|
| Episode: 410 | Epsilon:  0.10 | Reward: -576.4415618742578 | Average Reward: -206.265 | Steps: 36961 | Total Reward: -74993.07726511185|
| Episode: 411 | Epsilon:  0.10 | Reward: -107.21053971323308 | Average Reward: -203.393 | Steps: 37023 | Total Reward: -75100.28780482509|
| Episode: 412 | Epsilon:  0.10 | Reward: -270.95005509199484 | Average Reward: -204.999 | Steps: 37123 | Total Reward: -75371.23785991709|
| Episode: 413 | Epsilon:  0.10 | Reward: -297.2685468031887 | Average Reward: -207.511 | Steps: 37211 | Total Reward: -75668.50640672032|
| Episode: 414 | Epsilon:  0.10 | Reward: -165.93566869392356 | Average Reward: -208.694 | Steps: 37314 | Total Reward: -75834.4420754143|
| Episode: 415 | Epsilon:  0.10 | Reward: -272.62776098138113 | Average Reward: -209.305 | Steps: 37411 | Total Reward: -76107.06983639562|
| Episode: 416 | Epsilon:  0.10 | Reward: -86.11515757647861 | Average Reward: -209.454 | Steps: 37495 | Total Reward: -76193.18499397209|
| Episode: 417 | Epsilon:  0.10 | Reward: -150.90558665273338 | Average Reward: -207.521 | Steps: 37558 | Total Reward: -76344.09058062486|
| Episode: 418 | Epsilon:  0.10 | Reward: -591.0767335162525 | Average Reward: -213.513 | Steps: 37661 | Total Reward: -76935.1673141411|
| Episode: 419 | Epsilon:  0.10 | Reward: -84.38030000183696 | Average Reward: -211.634 | Steps: 37752 | Total Reward: -77019.54761414294|
| Episode: 420 | Epsilon:  0.10 | Reward: -133.99267860399675 | Average Reward: -210.943 | Steps: 37838 | Total Reward: -77153.54029274693|
| Episode: 421 | Epsilon:  0.10 | Reward: -74.39927420360175 | Average Reward: -209.776 | Steps: 37921 | Total Reward: -77227.9395669505|
| Episode: 422 | Epsilon:  0.10 | Reward: -70.50279183239309 | Average Reward: -208.786 | Steps: 38025 | Total Reward: -77298.44235878288|
| Episode: 423 | Epsilon:  0.10 | Reward: -90.00807730467024 | Average Reward: -208.527 | Steps: 38104 | Total Reward: -77388.4504360875|
| Episode: 424 | Epsilon:  0.10 | Reward: -341.12088095084357 | Average Reward: -208.480 | Steps: 38207 | Total Reward: -77729.57131703838|
| Episode: 425 | Epsilon:  0.10 | Reward: -117.67785922572502 | Average Reward: -208.785 | Steps: 38276 | Total Reward: -77847.24917626409|
| Episode: 426 | Epsilon:  0.10 | Reward: -135.32467681887803 | Average Reward: -208.455 | Steps: 38360 | Total Reward: -77982.57385308295|
| Episode: 427 | Epsilon:  0.10 | Reward: -120.6534815754892 | Average Reward: -207.591 | Steps: 38467 | Total Reward: -78103.22733465854|
| Episode: 428 | Epsilon:  0.10 | Reward: -115.75101521764351 | Average Reward: -207.718 | Steps: 38577 | Total Reward: -78218.97834987623|
| Episode: 429 | Epsilon:  0.10 | Reward: -108.86350288016682 | Average Reward: -206.049 | Steps: 38636 | Total Reward: -78327.84185275639|
| Episode: 430 | Epsilon:  0.10 | Reward: -127.39705692191451 | Average Reward: -206.300 | Steps: 38723 | Total Reward: -78455.23890967826|
| Episode: 431 | Epsilon:  0.10 | Reward: -270.51949958901923 | Average Reward: -205.814 | Steps: 38821 | Total Reward: -78725.75840926734|
| Episode: 432 | Epsilon:  0.10 | Reward: -140.97101781244675 | Average Reward: -205.403 | Steps: 38935 | Total Reward: -78866.72942707977|
| Episode: 433 | Epsilon:  0.10 | Reward: -213.86153718220513 | Average Reward: -206.621 | Steps: 39078 | Total Reward: -79080.5909642621|
| Episode: 434 | Epsilon:  0.10 | Reward: -63.79023180288805 | Average Reward: -205.063 | Steps: 39193 | Total Reward: -79144.38119606503|
| Episode: 435 | Epsilon:  0.10 | Reward: -127.54302473418613 | Average Reward: -205.198 | Steps: 39275 | Total Reward: -79271.92422079925|
| Episode: 436 | Epsilon:  0.10 | Reward: -121.23830017372258 | Average Reward: -205.498 | Steps: 39388 | Total Reward: -79393.16252097303|
| Episode: 437 | Epsilon:  0.10 | Reward: -304.34844953223205 | Average Reward: -207.981 | Steps: 39487 | Total Reward: -79697.51097050529|
| Episode: 438 | Epsilon:  0.10 | Reward: -159.36664468370887 | Average Reward: -208.087 | Steps: 39553 | Total Reward: -79856.87761518896|
| Episode: 439 | Epsilon:  0.10 | Reward: -292.42877960437266 | Average Reward: -208.207 | Steps: 39675 | Total Reward: -80149.30639479331|
| Episode: 440 | Epsilon:  0.10 | Reward: -196.1728835762518 | Average Reward: -208.135 | Steps: 39783 | Total Reward: -80345.47927836957|
| Episode: 441 | Epsilon:  0.10 | Reward: -260.7922611818277 | Average Reward: -208.377 | Steps: 39877 | Total Reward: -80606.2715395515|
| Episode: 442 | Epsilon:  0.10 | Reward: -144.00475169270547 | Average Reward: -206.744 | Steps: 39955 | Total Reward: -80750.27629124423|
| Episode: 443 | Epsilon:  0.10 | Reward: -165.19564711028644 | Average Reward: -207.538 | Steps: 40048 | Total Reward: -80915.47193835455|
| Episode: 444 | Epsilon:  0.10 | Reward: -210.3067789625636 | Average Reward: -208.934 | Steps: 40162 | Total Reward: -81125.77871731712|
| Episode: 445 | Epsilon:  0.10 | Reward: -116.46219883985304 | Average Reward: -209.242 | Steps: 40244 | Total Reward: -81242.24091615698|
| Episode: 446 | Epsilon:  0.10 | Reward: -99.74167514014587 | Average Reward: -209.293 | Steps: 40325 | Total Reward: -81341.98259129708|
| Episode: 447 | Epsilon:  0.10 | Reward: -316.66995993022243 | Average Reward: -212.615 | Steps: 40464 | Total Reward: -81658.65255122734|
| Episode: 448 | Epsilon:  0.10 | Reward: -207.48670004308883 | Average Reward: -210.379 | Steps: 40549 | Total Reward: -81866.13925127046|
| Episode: 449 | Epsilon:  0.10 | Reward: -181.27398375611904 | Average Reward: -211.140 | Steps: 40637 | Total Reward: -82047.41323502653|
| Episode: 450 | Epsilon:  0.10 | Reward: -107.2499849876301 | Average Reward: -212.058 | Steps: 40772 | Total Reward: -82154.66322001413|
| Episode: 451 | Epsilon:  0.10 | Reward: -162.6787842122074 | Average Reward: -209.761 | Steps: 40855 | Total Reward: -82317.34200422633|
| Episode: 452 | Epsilon:  0.10 | Reward: -129.19853275948236 | Average Reward: -208.779 | Steps: 40955 | Total Reward: -82446.54053698583|
| Episode: 453 | Epsilon:  0.10 | Reward: -284.96778673394664 | Average Reward: -210.121 | Steps: 41035 | Total Reward: -82731.50832371978|
| Episode: 454 | Epsilon:  0.10 | Reward: -193.4066191890665 | Average Reward: -211.014 | Steps: 41152 | Total Reward: -82924.91494290883|
| Episode: 455 | Epsilon:  0.10 | Reward: -64.41337148212358 | Average Reward: -210.468 | Steps: 41229 | Total Reward: -82989.32831439096|
| Episode: 456 | Epsilon:  0.10 | Reward: -163.3042976453781 | Average Reward: -210.636 | Steps: 41306 | Total Reward: -83152.63261203626|
| Episode: 457 | Epsilon:  0.10 | Reward: -150.37363938445418 | Average Reward: -212.005 | Steps: 41435 | Total Reward: -83303.00625142078|
| Episode: 458 | Epsilon:  0.10 | Reward: -132.36338490056772 | Average Reward: -212.023 | Steps: 41608 | Total Reward: -83435.36963632134|
| Episode: 459 | Epsilon:  0.10 | Reward: -102.43811999593875 | Average Reward: -210.864 | Steps: 41703 | Total Reward: -83537.80775631726|
| Episode: 460 | Epsilon:  0.10 | Reward: -245.68694027931681 | Average Reward: -212.320 | Steps: 41820 | Total Reward: -83783.49469659661|
| Episode: 461 | Epsilon:  0.10 | Reward: -403.7586726741422 | Average Reward: -214.966 | Steps: 41914 | Total Reward: -84187.25336927071|
| Episode: 462 | Epsilon:  0.10 | Reward: -113.05775435636932 | Average Reward: -215.162 | Steps: 42040 | Total Reward: -84300.31112362703|
| Episode: 463 | Epsilon:  0.10 | Reward: -129.83381377922476 | Average Reward: -215.558 | Steps: 42116 | Total Reward: -84430.14493740622|
| Episode: 464 | Epsilon:  0.10 | Reward: -23.84231107034006 | Average Reward: -214.654 | Steps: 42262 | Total Reward: -84453.9872484766|
| Episode: 465 | Epsilon:  0.10 | Reward: -124.20078820049045 | Average Reward: -214.950 | Steps: 42327 | Total Reward: -84578.18803667715|
| Episode: 466 | Epsilon:  0.10 | Reward: 44.86881019498972 | Average Reward: -213.674 | Steps: 42451 | Total Reward: -84533.3192264822|
| Episode: 467 | Epsilon:  0.10 | Reward: -86.03858754618616 | Average Reward: -208.103 | Steps: 42593 | Total Reward: -84619.3578140283|
| Episode: 468 | Epsilon:  0.10 | Reward: -459.82142443146455 | Average Reward: -211.264 | Steps: 42684 | Total Reward: -85079.1792384598|
| Episode: 469 | Epsilon:  0.10 | Reward: 41.94431724760773 | Average Reward: -207.743 | Steps: 42894 | Total Reward: -85037.23492121219|
| Episode: 470 | Epsilon:  0.10 | Reward: -319.1116980288943 | Average Reward: -207.950 | Steps: 43004 | Total Reward: -85356.34661924098|
| Episode: 471 | Epsilon:  0.10 | Reward: -649.0472219220259 | Average Reward: -212.867 | Steps: 43110 | Total Reward: -86005.39384116298|
| Episode: 472 | Epsilon:  0.10 | Reward: -42.26386835514336 | Average Reward: -209.946 | Steps: 43287 | Total Reward: -86047.65770951811|
| Episode: 473 | Epsilon:  0.10 | Reward: -1.3610631394759878 | Average Reward: -208.908 | Steps: 43416 | Total Reward: -86049.01877265751|
| Episode: 474 | Epsilon:  0.10 | Reward: -183.89912431383527 | Average Reward: -209.152 | Steps: 43572 | Total Reward: -86232.91789697137|
| Episode: 475 | Epsilon:  0.10 | Reward: -278.5887659052828 | Average Reward: -210.582 | Steps: 43699 | Total Reward: -86511.50666287662|
| Episode: 476 | Epsilon:  0.10 | Reward: -137.4563325182261 | Average Reward: -210.910 | Steps: 43849 | Total Reward: -86648.96299539492|
| Episode: 477 | Epsilon:  0.10 | Reward: -146.59288776040435 | Average Reward: -212.077 | Steps: 43928 | Total Reward: -86795.5558831553|
| Episode: 478 | Epsilon:  0.10 | Reward: -492.4518943463302 | Average Reward: -214.236 | Steps: 44009 | Total Reward: -87288.00777750161|
| Episode: 479 | Epsilon:  0.10 | Reward: -549.1047973734719 | Average Reward: -216.165 | Steps: 44110 | Total Reward: -87837.1125748751|
| Episode: 480 | Epsilon:  0.10 | Reward: -192.62833440005699 | Average Reward: -216.590 | Steps: 44244 | Total Reward: -88029.74090927515|
| Episode: 481 | Epsilon:  0.10 | Reward: -144.10506164152423 | Average Reward: -212.159 | Steps: 44364 | Total Reward: -88173.84597091666|
| Episode: 482 | Epsilon:  0.10 | Reward: -107.29807302174216 | Average Reward: -211.218 | Steps: 44474 | Total Reward: -88281.14404393836|
| Episode: 483 | Epsilon:  0.10 | Reward: -57.11654052881023 | Average Reward: -210.435 | Steps: 44593 | Total Reward: -88338.26058446713|
| Episode: 484 | Epsilon:  0.10 | Reward: -479.4959141410667 | Average Reward: -211.408 | Steps: 44713 | Total Reward: -88817.75649860823|
| Episode: 485 | Epsilon:  0.10 | Reward: -107.04498707234784 | Average Reward: -211.077 | Steps: 44829 | Total Reward: -88924.80148568067|
| Episode: 486 | Epsilon:  0.10 | Reward: -317.2217634996134 | Average Reward: -212.259 | Steps: 44929 | Total Reward: -89242.02324918019|
| Episode: 487 | Epsilon:  0.10 | Reward: -450.85970131607155 | Average Reward: -212.701 | Steps: 45022 | Total Reward: -89692.88295049618|
| Episode: 488 | Epsilon:  0.10 | Reward: -368.0045545368879 | Average Reward: -213.332 | Steps: 45132 | Total Reward: -90060.88750503311|
| Episode: 489 | Epsilon:  0.10 | Reward: -363.4749165173884 | Average Reward: -215.764 | Steps: 45253 | Total Reward: -90424.36242155051|
| Episode: 490 | Epsilon:  0.10 | Reward: -136.0433082325942 | Average Reward: -215.624 | Steps: 45375 | Total Reward: -90560.40572978309|
| Episode: 491 | Epsilon:  0.10 | Reward: -201.94756347562318 | Average Reward: -213.237 | Steps: 45527 | Total Reward: -90762.35329325873|
| Episode: 492 | Epsilon:  0.10 | Reward: -170.2419389839183 | Average Reward: -210.528 | Steps: 45612 | Total Reward: -90932.59523224263|
| Episode: 493 | Epsilon:  0.10 | Reward: -222.56421230581878 | Average Reward: -211.723 | Steps: 45739 | Total Reward: -91155.15944454841|
| Episode: 494 | Epsilon:  0.10 | Reward: -264.868311922987 | Average Reward: -213.068 | Steps: 45848 | Total Reward: -91420.02775647138|
| Episode: 495 | Epsilon:  0.10 | Reward: -190.23760178236745 | Average Reward: -213.357 | Steps: 45958 | Total Reward: -91610.26535825372|
| Episode: 496 | Epsilon:  0.10 | Reward: -172.97709115522997 | Average Reward: -213.671 | Steps: 46075 | Total Reward: -91783.24244940896|
| Episode: 497 | Epsilon:  0.10 | Reward: -143.03740246596266 | Average Reward: -213.662 | Steps: 46310 | Total Reward: -91926.27985187489|
| Episode: 498 | Epsilon:  0.10 | Reward: -395.803042817329 | Average Reward: -216.129 | Steps: 46443 | Total Reward: -92322.0828946922|
| Episode: 499 | Epsilon:  0.10 | Reward: -148.27285030344842 | Average Reward: -214.293 | Steps: 46540 | Total Reward: -92470.35574499557|
| Episode: 500 | Epsilon:  0.10 | Reward: -562.405895483367 | Average Reward: -216.804 | Steps: 46666 | Total Reward: -93032.76164047896|
| Episode: 501 | Epsilon:  0.10 | Reward: -285.4761454492707 | Average Reward: -216.192 | Steps: 46789 | Total Reward: -93318.2377859283|
| Episode: 502 | Epsilon:  0.10 | Reward: -304.3546614780327 | Average Reward: -215.316 | Steps: 46952 | Total Reward: -93622.59244740632|
| Episode: 503 | Epsilon:  0.10 | Reward: -302.35883648400875 | Average Reward: -213.090 | Steps: 47050 | Total Reward: -93924.95128389035|
| Episode: 504 | Epsilon:  0.10 | Reward: -244.73524234279142 | Average Reward: -214.624 | Steps: 47139 | Total Reward: -94169.68652623314|
| Episode: 505 | Epsilon:  0.10 | Reward: -545.4942490775114 | Average Reward: -218.747 | Steps: 47265 | Total Reward: -94715.18077531067|
| Episode: 506 | Epsilon:  0.10 | Reward: -657.1765326816785 | Average Reward: -219.161 | Steps: 47360 | Total Reward: -95372.35730799237|
| Episode: 507 | Epsilon:  0.10 | Reward: -207.71095077877112 | Average Reward: -216.200 | Steps: 47448 | Total Reward: -95580.06825877115|
| Episode: 508 | Epsilon:  0.10 | Reward: -249.4627451455581 | Average Reward: -215.239 | Steps: 47554 | Total Reward: -95829.53100391671|
| Episode: 509 | Epsilon:  0.10 | Reward: -239.10255548063913 | Average Reward: -216.520 | Steps: 47633 | Total Reward: -96068.63355939735|
| Episode: 510 | Epsilon:  0.10 | Reward: -847.9891051281334 | Average Reward: -219.235 | Steps: 48003 | Total Reward: -96916.62266452535|
| Episode: 511 | Epsilon:  0.10 | Reward: -161.1629067310879 | Average Reward: -219.775 | Steps: 48074 | Total Reward: -97077.78557125639|
| Episode: 512 | Epsilon:  0.10 | Reward: -189.88878327493384 | Average Reward: -218.964 | Steps: 48184 | Total Reward: -97267.67435453123|
| Episode: 513 | Epsilon:  0.10 | Reward: -220.25128244065442 | Average Reward: -218.194 | Steps: 48380 | Total Reward: -97487.92563697184|
| Episode: 514 | Epsilon:  0.10 | Reward: -328.20450281876845 | Average Reward: -219.817 | Steps: 48474 | Total Reward: -97816.13013979059|
| Episode: 515 | Epsilon:  0.10 | Reward: -328.86131586528074 | Average Reward: -220.379 | Steps: 48614 | Total Reward: -98144.99145565597|
| Episode: 516 | Epsilon:  0.10 | Reward: -385.4293610595447 | Average Reward: -223.372 | Steps: 48838 | Total Reward: -98530.42081671552|
| Episode: 517 | Epsilon:  0.10 | Reward: -126.8026475055634 | Average Reward: -223.131 | Steps: 48948 | Total Reward: -98657.22346422108|
| Episode: 518 | Epsilon:  0.10 | Reward: -139.5328138538148 | Average Reward: -218.616 | Steps: 49081 | Total Reward: -98796.75627807484|
| Episode: 519 | Epsilon:  0.10 | Reward: -144.963404865153 | Average Reward: -219.222 | Steps: 49167 | Total Reward: -98941.71968293999|
| Episode: 520 | Epsilon:  0.10 | Reward: -694.1808571548283 | Average Reward: -224.824 | Steps: 49516 | Total Reward: -99635.90054009476|
| Episode: 521 | Epsilon:  0.10 | Reward: 1.802568755707611 | Average Reward: -224.062 | Steps: 49687 | Total Reward: -99634.09797133903|
| Episode: 522 | Epsilon:  0.10 | Reward: -157.2221734239549 | Average Reward: -224.929 | Steps: 49776 | Total Reward: -99791.32014476297|
| Episode: 523 | Epsilon:  0.10 | Reward: -32.7693226696272 | Average Reward: -224.356 | Steps: 49999 | Total Reward: -99824.08946743263|
| Episode: 524 | Epsilon:  0.10 | Reward: -145.45185858322537 | Average Reward: -222.400 | Steps: 50130 | Total Reward: -99969.54132601584|
| Episode: 525 | Epsilon:  0.10 | Reward: -151.59673539694842 | Average Reward: -222.739 | Steps: 50256 | Total Reward: -100121.13806141283|
| Episode: 526 | Epsilon:  0.10 | Reward: -220.20354847794758 | Average Reward: -223.588 | Steps: 50461 | Total Reward: -100341.34160989085|
| Episode: 527 | Epsilon:  0.10 | Reward: -583.8318518217961 | Average Reward: -228.219 | Steps: 50766 | Total Reward: -100925.17346171272|
| Episode: 528 | Epsilon:  0.10 | Reward: -159.8973474860737 | Average Reward: -228.661 | Steps: 50843 | Total Reward: -101085.07080919873|
| Episode: 529 | Epsilon:  0.10 | Reward: -203.11446333356932 | Average Reward: -229.603 | Steps: 50949 | Total Reward: -101288.18527253221|
| Episode: 530 | Epsilon:  0.10 | Reward: -299.78457669399 | Average Reward: -231.327 | Steps: 51059 | Total Reward: -101587.96984922618|
| Episode: 531 | Epsilon:  0.10 | Reward: -144.54424610772074 | Average Reward: -230.068 | Steps: 51147 | Total Reward: -101732.51409533391|
| Episode: 532 | Epsilon:  0.10 | Reward: -538.8797054099675 | Average Reward: -234.047 | Steps: 51301 | Total Reward: -102271.39380074393|
| Episode: 533 | Epsilon:  0.10 | Reward: -420.4194159171295 | Average Reward: -236.112 | Steps: 51708 | Total Reward: -102691.813216661|
| Episode: 534 | Epsilon:  0.10 | Reward: -1277.2987706549454 | Average Reward: -248.247 | Steps: 52024 | Total Reward: -103969.11198731602|
| Episode: 535 | Epsilon:  0.10 | Reward: -500.26503969457065 | Average Reward: -251.975 | Steps: 52326 | Total Reward: -104469.37702701056|
| Episode: 536 | Epsilon:  0.10 | Reward: -762.2520859958008 | Average Reward: -258.385 | Steps: 52573 | Total Reward: -105231.62911300645|
| Episode: 537 | Epsilon:  0.10 | Reward: -152.71476599202435 | Average Reward: -256.868 | Steps: 52673 | Total Reward: -105384.3438789985|
| Episode: 538 | Epsilon:  0.10 | Reward: -3.5050790111711763 | Average Reward: -255.310 | Steps: 52790 | Total Reward: -105387.84895800972|
| Episode: 539 | Epsilon:  0.10 | Reward: -123.48604140854869 | Average Reward: -253.620 | Steps: 52878 | Total Reward: -105511.33499941828|
| Episode: 540 | Epsilon:  0.10 | Reward: -128.46119945557552 | Average Reward: -252.943 | Steps: 53000 | Total Reward: -105639.7961988739|
| Episode: 541 | Epsilon:  0.10 | Reward: -200.23634120473287 | Average Reward: -252.338 | Steps: 53173 | Total Reward: -105840.03254007873|
| Episode: 542 | Epsilon:  0.10 | Reward: -332.1845063357342 | Average Reward: -254.219 | Steps: 53319 | Total Reward: -106172.21704641452|
| Episode: 543 | Epsilon:  0.10 | Reward: -376.74747923407955 | Average Reward: -256.335 | Steps: 53516 | Total Reward: -106548.9645256487|
| Episode: 544 | Epsilon:  0.10 | Reward: -721.9772749475778 | Average Reward: -261.452 | Steps: 53803 | Total Reward: -107270.94180059637|
| Episode: 545 | Epsilon:  0.10 | Reward: -137.20524638544833 | Average Reward: -261.659 | Steps: 53899 | Total Reward: -107408.14704698179|
| Episode: 546 | Epsilon:  0.10 | Reward: -905.1398607038467 | Average Reward: -269.713 | Steps: 54114 | Total Reward: -108313.28690768553|
| Episode: 547 | Epsilon:  0.10 | Reward: -281.6215980034906 | Average Reward: -269.363 | Steps: 54306 | Total Reward: -108594.90850568892|
| Episode: 548 | Epsilon:  0.10 | Reward: -162.65932862547197 | Average Reward: -268.914 | Steps: 54400 | Total Reward: -108757.56783431434|
| Episode: 549 | Epsilon:  0.10 | Reward: -704.1318038163558 | Average Reward: -274.143 | Steps: 54663 | Total Reward: -109461.69963813062|
| Episode: 550 | Epsilon:  0.10 | Reward: -344.9882081728565 | Average Reward: -276.520 | Steps: 54801 | Total Reward: -109806.68784630351|
| Episode: 551 | Epsilon:  0.10 | Reward: -173.94427339223915 | Average Reward: -276.633 | Steps: 54914 | Total Reward: -109980.63211969577|
| Episode: 552 | Epsilon:  0.10 | Reward: -268.74028192721636 | Average Reward: -278.028 | Steps: 55140 | Total Reward: -110249.37240162291|
| Episode: 553 | Epsilon:  0.10 | Reward: -224.0307306081579 | Average Reward: -277.419 | Steps: 55324 | Total Reward: -110473.4031322311|
| Episode: 554 | Epsilon:  0.10 | Reward: -134.81437345317627 | Average Reward: -276.833 | Steps: 55411 | Total Reward: -110608.21750568425|
| Episode: 555 | Epsilon:  0.10 | Reward: -381.43804600574117 | Average Reward: -280.003 | Steps: 55554 | Total Reward: -110989.65555168995|
| Episode: 556 | Epsilon:  0.10 | Reward: -148.31138767378826 | Average Reward: -279.853 | Steps: 55673 | Total Reward: -111137.9669393638|
| Episode: 557 | Epsilon:  0.10 | Reward: -307.69618157097574 | Average Reward: -281.427 | Steps: 55861 | Total Reward: -111445.6631209346|
| Episode: 558 | Epsilon:  0.10 | Reward: -398.25138116587914 | Average Reward: -284.085 | Steps: 56154 | Total Reward: -111843.9145021005|
| Episode: 559 | Epsilon:  0.10 | Reward: -138.15998304431128 | Average Reward: -284.443 | Steps: 56337 | Total Reward: -111982.07448514478|
| Episode: 560 | Epsilon:  0.10 | Reward: -530.4281374758239 | Average Reward: -287.290 | Steps: 56585 | Total Reward: -112512.50262262065|
| Episode: 561 | Epsilon:  0.10 | Reward: -446.3542777233221 | Average Reward: -287.716 | Steps: 56789 | Total Reward: -112958.85690034398|
| Episode: 562 | Epsilon:  0.10 | Reward: -95.19898977222459 | Average Reward: -287.537 | Steps: 56923 | Total Reward: -113054.05589011619|
| Episode: 563 | Epsilon:  0.10 | Reward: -519.0406714036768 | Average Reward: -291.430 | Steps: 57125 | Total Reward: -113573.09656151981|
| Episode: 564 | Epsilon:  0.10 | Reward: -364.3110917214883 | Average Reward: -294.834 | Steps: 57372 | Total Reward: -113937.40765324127|
| Episode: 565 | Epsilon:  0.10 | Reward: -35.50484622846169 | Average Reward: -293.947 | Steps: 57590 | Total Reward: -113972.91249946972|
| Episode: 566 | Epsilon:  0.10 | Reward: -363.050432995718 | Average Reward: -298.026 | Steps: 57765 | Total Reward: -114335.96293246542|
| Episode: 567 | Epsilon:  0.10 | Reward: -118.11848754218046 | Average Reward: -298.347 | Steps: 57856 | Total Reward: -114454.08142000761|
| Episode: 568 | Epsilon:  0.10 | Reward: -150.48556368989352 | Average Reward: -295.254 | Steps: 57950 | Total Reward: -114604.56698369753|
| Episode: 569 | Epsilon:  0.10 | Reward: -346.0001265645849 | Average Reward: -299.133 | Steps: 58142 | Total Reward: -114950.56711026207|
| Episode: 570 | Epsilon:  0.10 | Reward: -122.20179192578908 | Average Reward: -297.164 | Steps: 58283 | Total Reward: -115072.76890218783|
| Episode: 571 | Epsilon:  0.10 | Reward: -158.88248382985802 | Average Reward: -292.263 | Steps: 58480 | Total Reward: -115231.65138601762|
| Episode: 572 | Epsilon:  0.10 | Reward: -284.5709217367439 | Average Reward: -294.686 | Steps: 58633 | Total Reward: -115516.22230775436|
| Episode: 573 | Epsilon:  0.10 | Reward: -132.20035543043912 | Average Reward: -295.994 | Steps: 58779 | Total Reward: -115648.42266318479|
| Episode: 574 | Epsilon:  0.10 | Reward: -94.78880906910052 | Average Reward: -295.103 | Steps: 58897 | Total Reward: -115743.21147225394|
| Episode: 575 | Epsilon:  0.10 | Reward: -119.56187560118002 | Average Reward: -293.513 | Steps: 59101 | Total Reward: -115862.77334785514|
| Episode: 576 | Epsilon:  0.10 | Reward: -149.25241746694738 | Average Reward: -293.631 | Steps: 59215 | Total Reward: -116012.02576532199|
| Episode: 577 | Epsilon:  0.10 | Reward: -32.42249784351738 | Average Reward: -292.489 | Steps: 59385 | Total Reward: -116044.44826316553|
| Episode: 578 | Epsilon:  0.10 | Reward: -219.8309680855508 | Average Reward: -289.763 | Steps: 59638 | Total Reward: -116264.27923125107|
| Episode: 579 | Epsilon:  0.10 | Reward: -134.46165805365482 | Average Reward: -285.616 | Steps: 59839 | Total Reward: -116398.74088930489|
| Episode: 580 | Epsilon:  0.10 | Reward: -196.33359131557003 | Average Reward: -285.653 | Steps: 60057 | Total Reward: -116595.07448062039|
| Episode: 581 | Epsilon:  0.10 | Reward: -218.68873821423483 | Average Reward: -286.399 | Steps: 60234 | Total Reward: -116813.76321883462|
| Episode: 582 | Epsilon:  0.10 | Reward: -323.24190174767216 | Average Reward: -288.559 | Steps: 60536 | Total Reward: -117137.00512058224|
| Episode: 583 | Epsilon:  0.10 | Reward: -247.2409616469794 | Average Reward: -290.460 | Steps: 60792 | Total Reward: -117384.24608222926|
| Episode: 584 | Epsilon:  0.10 | Reward: -314.6339066592416 | Average Reward: -288.811 | Steps: 60977 | Total Reward: -117698.87998888841|
| Episode: 585 | Epsilon:  0.10 | Reward: -233.26726304601243 | Average Reward: -290.073 | Steps: 61164 | Total Reward: -117932.1472519345|
| Episode: 586 | Epsilon:  0.10 | Reward: -176.7362182279844 | Average Reward: -288.669 | Steps: 61365 | Total Reward: -118108.88347016247|
| Episode: 587 | Epsilon:  0.10 | Reward: -62.62131221271646 | Average Reward: -284.786 | Steps: 61485 | Total Reward: -118171.50478237521|
| Episode: 588 | Epsilon:  0.10 | Reward: -146.063098457068 | Average Reward: -282.567 | Steps: 61587 | Total Reward: -118317.56788083227|
| Episode: 589 | Epsilon:  0.10 | Reward: -151.25775015256693 | Average Reward: -280.445 | Steps: 61696 | Total Reward: -118468.82563098476|
| Episode: 590 | Epsilon:  0.10 | Reward: -211.8913300438138 | Average Reward: -281.203 | Steps: 61856 | Total Reward: -118680.71696102865|
| Episode: 591 | Epsilon:  0.10 | Reward: -124.20925493481394 | Average Reward: -280.426 | Steps: 62020 | Total Reward: -118804.92621596335|
| Episode: 592 | Epsilon:  0.10 | Reward: -126.04160995529143 | Average Reward: -279.984 | Steps: 62183 | Total Reward: -118930.9678259187|
| Episode: 593 | Epsilon:  0.10 | Reward: -52.258506082428525 | Average Reward: -278.281 | Steps: 62375 | Total Reward: -118983.2263320012|
| Episode: 594 | Epsilon:  0.10 | Reward: -115.28459049837926 | Average Reward: -276.785 | Steps: 62634 | Total Reward: -119098.5109224996|
| Episode: 595 | Epsilon:  0.10 | Reward: -224.1383909068743 | Average Reward: -277.124 | Steps: 63067 | Total Reward: -119322.64931340651|
| Episode: 596 | Epsilon:  0.10 | Reward: -55.5667940320873 | Average Reward: -275.950 | Steps: 63272 | Total Reward: -119378.21610743871|
| Episode: 597 | Epsilon:  0.10 | Reward: 22.483149413703558 | Average Reward: -274.295 | Steps: 64272 | Total Reward: -119355.73295802496|
| Episode: 598 | Epsilon:  0.10 | Reward: -262.16570722851327 | Average Reward: -272.958 | Steps: 64546 | Total Reward: -119617.89866525344|
| Episode: 599 | Epsilon:  0.10 | Reward: -180.87706629003276 | Average Reward: -273.284 | Steps: 64657 | Total Reward: -119798.77573154349|
| Episode: 600 | Epsilon:  0.10 | Reward: -178.39000661923535 | Average Reward: -269.444 | Steps: 64770 | Total Reward: -119977.16573816277|
| Episode: 601 | Epsilon:  0.10 | Reward: -46.675508904197656 | Average Reward: -267.056 | Steps: 64948 | Total Reward: -120023.84124706709|
| Episode: 602 | Epsilon:  0.10 | Reward: -164.32962612802024 | Average Reward: -265.656 | Steps: 65098 | Total Reward: -120188.17087319522|
| Episode: 603 | Epsilon:  0.10 | Reward: -299.8351035533382 | Average Reward: -265.631 | Steps: 65237 | Total Reward: -120488.00597674852|
| Episode: 604 | Epsilon:  0.10 | Reward: -63.22246513832119 | Average Reward: -263.815 | Steps: 65377 | Total Reward: -120551.22844188673|
| Episode: 605 | Epsilon:  0.10 | Reward: -187.2502068422061 | Average Reward: -260.233 | Steps: 65497 | Total Reward: -120738.47864872891|
| Episode: 606 | Epsilon:  0.10 | Reward: -111.65584691378851 | Average Reward: -254.778 | Steps: 65727 | Total Reward: -120850.13449564263|
| Episode: 607 | Epsilon:  0.10 | Reward: -179.10527226691997 | Average Reward: -254.492 | Steps: 65836 | Total Reward: -121029.23976790957|
| Episode: 608 | Epsilon:  0.10 | Reward: 202.5907054864134 | Average Reward: -249.971 | Steps: 66521 | Total Reward: -120826.64906242321|
| Episode: 609 | Epsilon:  0.10 | Reward: -131.21388484860984 | Average Reward: -248.892 | Steps: 66776 | Total Reward: -120957.86294727182|
| Episode: 610 | Epsilon:  0.10 | Reward: -175.64340594833476 | Average Reward: -242.169 | Steps: 66892 | Total Reward: -121133.50635322019|
| Episode: 611 | Epsilon:  0.10 | Reward: -252.42409637310752 | Average Reward: -243.081 | Steps: 67153 | Total Reward: -121385.93044959333|
| Episode: 612 | Epsilon:  0.10 | Reward: -173.2639137099729 | Average Reward: -242.915 | Steps: 67277 | Total Reward: -121559.19436330332|
| Episode: 613 | Epsilon:  0.10 | Reward: -39.34482692422377 | Average Reward: -241.106 | Steps: 67476 | Total Reward: -121598.5391902275|
| Episode: 614 | Epsilon:  0.10 | Reward: -158.81034927792817 | Average Reward: -239.412 | Steps: 67654 | Total Reward: -121757.34953950546|
| Episode: 615 | Epsilon:  0.10 | Reward: -165.94638303084022 | Average Reward: -237.783 | Steps: 67869 | Total Reward: -121923.29592253636|
| Episode: 616 | Epsilon:  0.10 | Reward: -115.63415298544976 | Average Reward: -235.085 | Steps: 67984 | Total Reward: -122038.93007552177|
| Episode: 617 | Epsilon:  0.10 | Reward: -240.35230470884807 | Average Reward: -236.221 | Steps: 68179 | Total Reward: -122279.28238023065|
| Episode: 618 | Epsilon:  0.10 | Reward: -102.73615000924468 | Average Reward: -235.853 | Steps: 68300 | Total Reward: -122382.01853023998|
| Episode: 619 | Epsilon:  0.10 | Reward: -181.53537997205223 | Average Reward: -236.218 | Steps: 68452 | Total Reward: -122563.55391021202|
| Episode: 620 | Epsilon:  0.10 | Reward: -98.61017880532779 | Average Reward: -230.263 | Steps: 68594 | Total Reward: -122662.16408901733|
| Episode: 621 | Epsilon:  0.10 | Reward: -44.71471971029584 | Average Reward: -230.728 | Steps: 68716 | Total Reward: -122706.87880872769|
| Episode: 622 | Epsilon:  0.10 | Reward: -367.1932648136646 | Average Reward: -232.828 | Steps: 69003 | Total Reward: -123074.07207354135|
| Episode: 623 | Epsilon:  0.10 | Reward: -304.0184287318872 | Average Reward: -235.540 | Steps: 69160 | Total Reward: -123378.09050227323|
| Episode: 624 | Epsilon:  0.10 | Reward: -435.9329478925239 | Average Reward: -238.445 | Steps: 69363 | Total Reward: -123814.02345016571|
| Episode: 625 | Epsilon:  0.10 | Reward: -526.0457389785525 | Average Reward: -242.189 | Steps: 69612 | Total Reward: -124340.0691891442|
| Episode: 626 | Epsilon:  0.10 | Reward: -96.053153359748 | Average Reward: -240.948 | Steps: 69709 | Total Reward: -124436.12234250401|
| Episode: 627 | Epsilon:  0.10 | Reward: -184.55563558881317 | Average Reward: -236.955 | Steps: 69827 | Total Reward: -124620.67797809282|
| Episode: 628 | Epsilon:  0.10 | Reward: -136.45564559505658 | Average Reward: -236.721 | Steps: 70006 | Total Reward: -124757.13362368786|
| Episode: 629 | Epsilon:  0.10 | Reward: -129.36619584884693 | Average Reward: -235.983 | Steps: 70210 | Total Reward: -124886.49981953675|
| Episode: 630 | Epsilon:  0.10 | Reward: -123.28196724116435 | Average Reward: -234.218 | Steps: 70297 | Total Reward: -125009.78178677797|
| Episode: 631 | Epsilon:  0.10 | Reward: -241.95439072949154 | Average Reward: -235.192 | Steps: 70487 | Total Reward: -125251.73617750751|
| Episode: 632 | Epsilon:  0.10 | Reward: -201.610820795229 | Average Reward: -231.820 | Steps: 70597 | Total Reward: -125453.34699830275|
| Episode: 633 | Epsilon:  0.10 | Reward: -120.23263106714674 | Average Reward: -228.818 | Steps: 70713 | Total Reward: -125573.57962936981|
| Episode: 634 | Epsilon:  0.10 | Reward: -178.48114724931858 | Average Reward: -217.829 | Steps: 70894 | Total Reward: -125752.06077661914|
| Episode: 635 | Epsilon:  0.10 | Reward: -246.61221630980236 | Average Reward: -215.293 | Steps: 71017 | Total Reward: -125998.67299292888|
| Episode: 636 | Epsilon:  0.10 | Reward: -293.6516566120543 | Average Reward: -210.607 | Steps: 71185 | Total Reward: -126292.32464954088|
| Episode: 637 | Epsilon:  0.10 | Reward: -223.67496041332822 | Average Reward: -211.317 | Steps: 71290 | Total Reward: -126515.99960995416|
| Episode: 638 | Epsilon:  0.10 | Reward: -316.5579580354755 | Average Reward: -214.447 | Steps: 71510 | Total Reward: -126832.55756798967|
| Episode: 639 | Epsilon:  0.10 | Reward: -108.90121346783559 | Average Reward: -214.301 | Steps: 71662 | Total Reward: -126941.45878145746|
| Episode: 640 | Epsilon:  0.10 | Reward: -226.9771658935125 | Average Reward: -215.286 | Steps: 71778 | Total Reward: -127168.43594735104|
| Episode: 641 | Epsilon:  0.10 | Reward: -203.39571926301403 | Average Reward: -215.318 | Steps: 71906 | Total Reward: -127371.8316666141|
| Episode: 642 | Epsilon:  0.10 | Reward: 21.877493940956242 | Average Reward: -211.777 | Steps: 72057 | Total Reward: -127349.9541726732|
| Episode: 643 | Epsilon:  0.10 | Reward: -302.9517825419987 | Average Reward: -211.039 | Steps: 72208 | Total Reward: -127652.90595521509|
| Episode: 644 | Epsilon:  0.10 | Reward: -26.523445119087995 | Average Reward: -204.085 | Steps: 72348 | Total Reward: -127679.42940033416|
| Episode: 645 | Epsilon:  0.10 | Reward: -270.1574055586351 | Average Reward: -205.414 | Steps: 72463 | Total Reward: -127949.5868058928|
| Episode: 646 | Epsilon:  0.10 | Reward: -103.1286019076405 | Average Reward: -197.394 | Steps: 72581 | Total Reward: -128052.71540780045|
| Episode: 647 | Epsilon:  0.10 | Reward: -299.25443124677054 | Average Reward: -197.571 | Steps: 72732 | Total Reward: -128351.96983904725|
| Episode: 648 | Epsilon:  0.10 | Reward: -172.0715147254494 | Average Reward: -197.665 | Steps: 72833 | Total Reward: -128524.04135377273|
| Episode: 649 | Epsilon:  0.10 | Reward: -76.2485008081664 | Average Reward: -191.386 | Steps: 72934 | Total Reward: -128600.28985458091|
| Episode: 650 | Epsilon:  0.10 | Reward: -264.1471795535422 | Average Reward: -190.577 | Steps: 73089 | Total Reward: -128864.4370341345|
| Episode: 651 | Epsilon:  0.10 | Reward: -310.81864567721607 | Average Reward: -191.946 | Steps: 73260 | Total Reward: -129175.25567981174|
| Episode: 652 | Epsilon:  0.10 | Reward: -72.82095750845284 | Average Reward: -189.987 | Steps: 73403 | Total Reward: -129248.07663732022|
| Episode: 653 | Epsilon:  0.10 | Reward: -352.0153336149549 | Average Reward: -191.267 | Steps: 73547 | Total Reward: -129600.0919709352|
| Episode: 654 | Epsilon:  0.10 | Reward: -74.56929502016764 | Average Reward: -190.664 | Steps: 73642 | Total Reward: -129674.66126595541|
| Episode: 655 | Epsilon:  0.10 | Reward: -41.314235384590795 | Average Reward: -187.263 | Steps: 73753 | Total Reward: -129715.97550134001|
| Episode: 656 | Epsilon:  0.10 | Reward: -231.69914253467888 | Average Reward: -188.097 | Steps: 73922 | Total Reward: -129947.67464387465|
| Episode: 657 | Epsilon:  0.10 | Reward: -598.5445987480148 | Average Reward: -191.006 | Steps: 74082 | Total Reward: -130546.21924262261|
| Episode: 658 | Epsilon:  0.10 | Reward: -344.81227585752845 | Average Reward: -190.471 | Steps: 74226 | Total Reward: -130891.03151848006|
| Episode: 659 | Epsilon:  0.10 | Reward: -63.23469201815065 | Average Reward: -189.722 | Steps: 74322 | Total Reward: -130954.26621049829|
| Episode: 660 | Epsilon:  0.10 | Reward: -341.5112401374161 | Average Reward: -187.833 | Steps: 74447 | Total Reward: -131295.7774506357|
| Episode: 661 | Epsilon:  0.10 | Reward: -39.271698833165615 | Average Reward: -183.762 | Steps: 74571 | Total Reward: -131335.04914946907|
| Episode: 662 | Epsilon:  0.10 | Reward: -96.8034102818026 | Average Reward: -183.778 | Steps: 74709 | Total Reward: -131431.85255975096|
| Episode: 663 | Epsilon:  0.10 | Reward: -63.79117603313464 | Average Reward: -179.225 | Steps: 74839 | Total Reward: -131495.64373578416|
| Episode: 664 | Epsilon:  0.10 | Reward: 17.59054178813001 | Average Reward: -175.406 | Steps: 75058 | Total Reward: -131478.05319399587|
| Episode: 665 | Epsilon:  0.10 | Reward: -10.838301396717853 | Average Reward: -175.160 | Steps: 75189 | Total Reward: -131488.89149539266|
| Episode: 666 | Epsilon:  0.10 | Reward: -486.61016275476754 | Average Reward: -176.395 | Steps: 75387 | Total Reward: -131975.5016581474|
| Episode: 667 | Epsilon:  0.10 | Reward: -149.8310578925995 | Average Reward: -176.713 | Steps: 75573 | Total Reward: -132125.33271604017|
| Episode: 668 | Epsilon:  0.10 | Reward: -55.67737284310329 | Average Reward: -175.764 | Steps: 75719 | Total Reward: -132181.01008888334|
| Episode: 669 | Epsilon:  0.10 | Reward: -218.72659741126682 | Average Reward: -174.492 | Steps: 75876 | Total Reward: -132399.73668629472|
| Episode: 670 | Epsilon:  0.10 | Reward: -85.40749491942768 | Average Reward: -174.124 | Steps: 76013 | Total Reward: -132485.14418121413|
| Episode: 671 | Epsilon:  0.10 | Reward: -223.6849298957851 | Average Reward: -174.772 | Steps: 76157 | Total Reward: -132708.82911110992|
| Episode: 672 | Epsilon:  0.10 | Reward: -320.167665861925 | Average Reward: -175.128 | Steps: 76324 | Total Reward: -133028.99677697194|
| Episode: 673 | Epsilon:  0.10 | Reward: -60.47318519529931 | Average Reward: -174.410 | Steps: 76446 | Total Reward: -133089.46996216712|
