+------------------------+----------------------------+--------------------+
|                        |     Supported Features     |  Program Commands  |
+========================+============================+====================+
| Compatible Layers      | Hopfield Layer,            | hopfield,          |
|                        | HopfieldLayer Layer,       | hopfield_layer,    |
|                        | HopfieldPooling Layer,     | hopfield_pooling,  |
|                        | LSTM,                      | lstm,              |
|                        | GRU                        | gru                |
+------------------------+----------------------------+--------------------+
| Supported Loss Metrics | Huber Loss,                | huber,             |
|                        | Mean Absolute Error Loss,  | mae,               |
|                        | Mean Squared Error Loss,   | mse,               |
|                        | SmoothL1 Loss              | smooth_l1          |
+------------------------+----------------------------+--------------------+
| Supported Optimizers   | RMSprop (default),         | rmsprop,           |
|                        | AdamW,                     | adam,              |
|                        | Adam                       | adamW              |
+------------------------+----------------------------+--------------------+
+------------------------------+---------+
|          Parameter           |  Value  |
+==============================+=========+
| Loss Metric:                 | mse     |
+------------------------------+---------+
| Sequence Length:             | 50      |
+------------------------------+---------+
| Learning Rate:               | 0.001   |
+------------------------------+---------+
| Update Target Steps:         | 100     |
+------------------------------+---------+
| Optimizer:                   | rmsprop |
+------------------------------+---------+
| Hopfield Inverse Temperature | 0.100   |
+------------------------------+---------+
| Big or Small Loss            | yes     |
+------------------------------+---------+
| Soft or Hard Update          | hard    |
+------------------------------+---------+
| Polyak Factor                | None    |
+------------------------------+---------+
| Episode:   1 | Epsilon:  0.90 | Reward: -122.47165034307474 | Average Reward: -122.472 | Steps:    73 | Total Reward: -122.47165034307474|
| Episode:   2 | Epsilon:  0.85 | Reward: -164.56451855809598 | Average Reward: -143.518 | Steps:   176 | Total Reward: -287.03616890117087|
| Episode:   3 | Epsilon:  0.79 | Reward: -123.0159048870348 | Average Reward: -136.684 | Steps:   255 | Total Reward: -410.0520737882053|
| Episode:   4 | Epsilon:  0.75 | Reward: -121.42719657815977 | Average Reward: -132.870 | Steps:   338 | Total Reward: -531.4792703663645|
| Episode:   5 | Epsilon:  0.70 | Reward: -147.1069880034491 | Average Reward: -135.717 | Steps:   434 | Total Reward: -678.5862583698131|
| Episode:   6 | Epsilon:  0.66 | Reward: -334.5406621222408 | Average Reward: -168.854 | Steps:   529 | Total Reward: -1013.1269204920535|
| Episode:   7 | Epsilon:  0.62 | Reward: -166.233155975027 | Average Reward: -168.480 | Steps:   624 | Total Reward: -1179.3600764670794|
| Episode:   8 | Epsilon:  0.58 | Reward: -3.9109633197225264 | Average Reward: -147.909 | Steps:   724 | Total Reward: -1183.271039786801|
| Episode:   9 | Epsilon:  0.55 | Reward: -92.72273421821055 | Average Reward: -141.777 | Steps:   782 | Total Reward: -1275.9937740050118|
| Episode:  10 | Epsilon:  0.52 | Reward: -0.10252861625167498 | Average Reward: -127.610 | Steps:   877 | Total Reward: -1276.0963026212626|
| Episode:  11 | Epsilon:  0.49 | Reward: -97.75184952312956 | Average Reward: -124.895 | Steps:   933 | Total Reward: -1373.8481521443919|
| Episode:  12 | Epsilon:  0.46 | Reward: -181.42467290326397 | Average Reward: -129.606 | Steps:  1014 | Total Reward: -1555.272825047656|
| Episode:  13 | Epsilon:  0.43 | Reward: -94.10682176177922 | Average Reward: -126.875 | Steps:  1070 | Total Reward: -1649.3796468094347|
| Episode:  14 | Epsilon:  0.41 | Reward: -280.27770763537376 | Average Reward: -137.833 | Steps:  1152 | Total Reward: -1929.657354444807|
| Episode:  15 | Epsilon:  0.38 | Reward: -378.02771959535164 | Average Reward: -153.846 | Steps:  1256 | Total Reward: -2307.6850740401583|
| Episode:  16 | Epsilon:  0.36 | Reward: -148.31704912059504 | Average Reward: -153.500 | Steps:  1310 | Total Reward: -2456.0021231607534|
| Episode:  17 | Epsilon:  0.34 | Reward: -138.3737656632021 | Average Reward: -152.610 | Steps:  1363 | Total Reward: -2594.375888823956|
| Episode:  18 | Epsilon:  0.32 | Reward: -145.62554242013624 | Average Reward: -152.222 | Steps:  1425 | Total Reward: -2740.001431244091|
| Episode:  19 | Epsilon:  0.31 | Reward: -164.51349289922513 | Average Reward: -152.869 | Steps:  1513 | Total Reward: -2904.514924143316|
| Episode:  20 | Epsilon:  0.29 | Reward: -166.89382310980153 | Average Reward: -153.570 | Steps:  1581 | Total Reward: -3071.408747253118|
| Episode:  21 | Epsilon:  0.27 | Reward: -149.5849832747549 | Average Reward: -153.381 | Steps:  1651 | Total Reward: -3220.993730527872|
| Episode:  22 | Epsilon:  0.26 | Reward: -134.66258722576873 | Average Reward: -152.530 | Steps:  1717 | Total Reward: -3355.6563177536405|
| Episode:  23 | Epsilon:  0.25 | Reward: -172.87749826092107 | Average Reward: -153.415 | Steps:  1806 | Total Reward: -3528.53381601456|
| Episode:  24 | Epsilon:  0.23 | Reward: -151.36661387437374 | Average Reward: -153.329 | Steps:  1893 | Total Reward: -3679.900429888934|
| Episode:  25 | Epsilon:  0.22 | Reward: -149.5476062618209 | Average Reward: -153.178 | Steps:  1959 | Total Reward: -3829.448036150754|
| Episode:  26 | Epsilon:  0.21 | Reward: -258.4981868352567 | Average Reward: -157.229 | Steps:  2050 | Total Reward: -4087.9462229860123|
| Episode:  27 | Epsilon:  0.20 | Reward: -111.34358878058893 | Average Reward: -155.529 | Steps:  2113 | Total Reward: -4199.289811766601|
| Episode:  28 | Epsilon:  0.19 | Reward: -182.70548719376063 | Average Reward: -156.500 | Steps:  2186 | Total Reward: -4381.995298960361|
| Episode:  29 | Epsilon:  0.18 | Reward: -170.5784419227239 | Average Reward: -156.985 | Steps:  2247 | Total Reward: -4552.573740883087|
| Episode:  30 | Epsilon:  0.17 | Reward: -146.1611857572601 | Average Reward: -156.624 | Steps:  2331 | Total Reward: -4698.734926640346|
| Episode:  31 | Epsilon:  0.17 | Reward: -110.60827385073645 | Average Reward: -155.140 | Steps:  2388 | Total Reward: -4809.343200491083|
| Episode:  32 | Epsilon:  0.16 | Reward: -139.94951295465012 | Average Reward: -154.665 | Steps:  2443 | Total Reward: -4949.292713445729|
| Episode:  33 | Epsilon:  0.15 | Reward: -152.8118361703323 | Average Reward: -154.609 | Steps:  2526 | Total Reward: -5102.104549616068|
| Episode:  34 | Epsilon:  0.14 | Reward: -118.95288491684511 | Average Reward: -153.561 | Steps:  2608 | Total Reward: -5221.0574345329105|
| Episode:  35 | Epsilon:  0.14 | Reward: -110.82723921532536 | Average Reward: -152.340 | Steps:  2669 | Total Reward: -5331.884673748238|
| Episode:  36 | Epsilon:  0.13 | Reward: -139.5123528797331 | Average Reward: -151.983 | Steps:  2743 | Total Reward: -5471.397026627969|
| Episode:  37 | Epsilon:  0.13 | Reward: -135.40649948825558 | Average Reward: -151.535 | Steps:  2830 | Total Reward: -5606.8035261162195|
| Episode:  38 | Epsilon:  0.12 | Reward: 3.82132784163646 | Average Reward: -147.447 | Steps:  2918 | Total Reward: -5602.982198274583|
| Episode:  39 | Epsilon:  0.12 | Reward: -139.49951855152526 | Average Reward: -147.243 | Steps:  2997 | Total Reward: -5742.481716826105|
| Episode:  40 | Epsilon:  0.11 | Reward: -136.07013908453615 | Average Reward: -146.964 | Steps:  3088 | Total Reward: -5878.5518559106395|
| Episode:  41 | Epsilon:  0.11 | Reward: -96.35546513496845 | Average Reward: -145.729 | Steps:  3145 | Total Reward: -5974.907321045607|
| Episode:  42 | Epsilon:  0.11 | Reward: -151.2885334273875 | Average Reward: -145.862 | Steps:  3220 | Total Reward: -6126.195854472998|
| Episode:  43 | Epsilon:  0.10 | Reward: -153.04715146174073 | Average Reward: -146.029 | Steps:  3296 | Total Reward: -6279.2430059347425|
| Episode:  44 | Epsilon:  0.10 | Reward: -96.69302259081141 | Average Reward: -144.908 | Steps:  3384 | Total Reward: -6375.93602852555|
| Episode:  45 | Epsilon:  0.10 | Reward: -109.57183969706169 | Average Reward: -144.122 | Steps:  3443 | Total Reward: -6485.507868222612|
| Episode:  46 | Epsilon:  0.09 | Reward: -103.23994169509572 | Average Reward: -143.234 | Steps:  3494 | Total Reward: -6588.747809917709|
| Episode:  47 | Epsilon:  0.09 | Reward: -99.03937464993317 | Average Reward: -142.293 | Steps:  3555 | Total Reward: -6687.787184567641|
| Episode:  48 | Epsilon:  0.09 | Reward: -160.7645152950355 | Average Reward: -142.678 | Steps:  3628 | Total Reward: -6848.551699862676|
| Episode:  49 | Epsilon:  0.08 | Reward: -170.16599038158603 | Average Reward: -143.239 | Steps:  3706 | Total Reward: -7018.717690244262|
| Episode:  50 | Epsilon:  0.08 | Reward: -142.76740302940254 | Average Reward: -143.230 | Steps:  3779 | Total Reward: -7161.485093273663|
| Episode:  51 | Epsilon:  0.08 | Reward: -178.10072610645977 | Average Reward: -143.913 | Steps:  3843 | Total Reward: -7339.585819380121|
| Episode:  52 | Epsilon:  0.08 | Reward: -126.54957280412361 | Average Reward: -143.580 | Steps:  3911 | Total Reward: -7466.135392184246|
| Episode:  53 | Epsilon:  0.08 | Reward: -141.75115460727034 | Average Reward: -143.545 | Steps:  3972 | Total Reward: -7607.886546791514|
| Episode:  54 | Epsilon:  0.07 | Reward: -117.87868372513461 | Average Reward: -143.070 | Steps:  4028 | Total Reward: -7725.765230516646|
| Episode:  55 | Epsilon:  0.07 | Reward: -145.772870011479 | Average Reward: -143.119 | Steps:  4100 | Total Reward: -7871.538100528123|
| Episode:  56 | Epsilon:  0.07 | Reward: -152.12890239938486 | Average Reward: -143.280 | Steps:  4155 | Total Reward: -8023.667002927505|
| Episode:  57 | Epsilon:  0.07 | Reward: -147.7988083076669 | Average Reward: -143.359 | Steps:  4219 | Total Reward: -8171.465811235171|
| Episode:  58 | Epsilon:  0.07 | Reward: -97.39271948847536 | Average Reward: -142.567 | Steps:  4273 | Total Reward: -8268.858530723643|
| Episode:  59 | Epsilon:  0.07 | Reward: -131.64232592111313 | Average Reward: -142.381 | Steps:  4332 | Total Reward: -8400.500856644765|
| Episode:  60 | Epsilon:  0.07 | Reward: -102.78785012389396 | Average Reward: -141.721 | Steps:  4386 | Total Reward: -8503.288706768657|
| Episode:  61 | Epsilon:  0.07 | Reward: -142.84435855872323 | Average Reward: -141.740 | Steps:  4460 | Total Reward: -8646.133065327374|
| Episode:  62 | Epsilon:  0.06 | Reward: -96.82476171354541 | Average Reward: -141.015 | Steps:  4516 | Total Reward: -8742.95782704092|
| Episode:  63 | Epsilon:  0.06 | Reward: -105.30856565944796 | Average Reward: -140.449 | Steps:  4568 | Total Reward: -8848.266392700374|
| Episode:  64 | Epsilon:  0.06 | Reward: -150.62557601705726 | Average Reward: -140.608 | Steps:  4650 | Total Reward: -8998.891968717433|
| Episode:  65 | Epsilon:  0.06 | Reward: -195.81842825513743 | Average Reward: -141.457 | Steps:  4743 | Total Reward: -9194.71039697257|
| Episode:  66 | Epsilon:  0.06 | Reward: -130.42115909989118 | Average Reward: -141.290 | Steps:  4797 | Total Reward: -9325.131556072462|
| Episode:  67 | Epsilon:  0.06 | Reward: -105.1468570270863 | Average Reward: -140.750 | Steps:  4879 | Total Reward: -9430.27841309955|
| Episode:  68 | Epsilon:  0.06 | Reward: -111.0762146294295 | Average Reward: -140.314 | Steps:  4932 | Total Reward: -9541.354627728977|
| Episode:  69 | Epsilon:  0.06 | Reward: -119.2906912547658 | Average Reward: -140.009 | Steps:  4993 | Total Reward: -9660.645318983738|
| Episode:  70 | Epsilon:  0.06 | Reward: -573.7237633619803 | Average Reward: -146.205 | Steps:  5063 | Total Reward: -10234.369082345716|
| Episode:  71 | Epsilon:  0.06 | Reward: -1313.2339660191406 | Average Reward: -162.642 | Steps:  5310 | Total Reward: -11547.60304836488|
| Episode:  72 | Epsilon:  0.06 | Reward: -453.6139058540295 | Average Reward: -166.684 | Steps:  5389 | Total Reward: -12001.216954218904|
| Episode:  73 | Epsilon:  0.06 | Reward: -307.6360663005546 | Average Reward: -168.614 | Steps:  5445 | Total Reward: -12308.853020519464|
| Episode:  74 | Epsilon:  0.06 | Reward: -1023.6182568917087 | Average Reward: -180.169 | Steps:  5594 | Total Reward: -13332.47127741118|
| Episode:  75 | Epsilon:  0.06 | Reward: -516.5979898689004 | Average Reward: -184.654 | Steps:  5674 | Total Reward: -13849.069267280083|
| Episode:  76 | Epsilon:  0.06 | Reward: -1159.671700486112 | Average Reward: -197.483 | Steps:  5836 | Total Reward: -15008.740967766196|
| Episode:  77 | Epsilon:  0.06 | Reward: -621.6162313816853 | Average Reward: -202.992 | Steps:  5921 | Total Reward: -15630.357199147884|
| Episode:  78 | Epsilon:  0.06 | Reward: -478.3587307407143 | Average Reward: -206.522 | Steps:  6006 | Total Reward: -16108.715929888593|
| Episode:  79 | Epsilon:  0.05 | Reward: -554.193107601933 | Average Reward: -210.923 | Steps:  6108 | Total Reward: -16662.90903749052|
| Episode:  80 | Epsilon:  0.05 | Reward: -544.7367001414684 | Average Reward: -215.096 | Steps:  6168 | Total Reward: -17207.645737631985|
| Episode:  81 | Epsilon:  0.05 | Reward: -328.4915138417253 | Average Reward: -216.496 | Steps:  6244 | Total Reward: -17536.137251473712|
| Episode:  82 | Epsilon:  0.05 | Reward: -373.130731566903 | Average Reward: -218.406 | Steps:  6304 | Total Reward: -17909.26798304061|
| Episode:  83 | Epsilon:  0.05 | Reward: -473.1927801828211 | Average Reward: -221.475 | Steps:  6413 | Total Reward: -18382.460763223447|
| Episode:  84 | Epsilon:  0.05 | Reward: -513.174506458975 | Average Reward: -224.948 | Steps:  6487 | Total Reward: -18895.635269682418|
| Episode:  85 | Epsilon:  0.05 | Reward: -458.8276906205748 | Average Reward: -227.700 | Steps:  6579 | Total Reward: -19354.462960303|
| Episode:  86 | Epsilon:  0.05 | Reward: -275.60914321104536 | Average Reward: -228.257 | Steps:  6641 | Total Reward: -19630.072103514052|
| Episode:  87 | Epsilon:  0.05 | Reward: -480.1597016634562 | Average Reward: -231.152 | Steps:  6718 | Total Reward: -20110.23180517751|
| Episode:  88 | Epsilon:  0.05 | Reward: -531.0330224711274 | Average Reward: -234.560 | Steps:  6809 | Total Reward: -20641.26482764865|
| Episode:  89 | Epsilon:  0.05 | Reward: -690.373546054244 | Average Reward: -239.681 | Steps:  6881 | Total Reward: -21331.638373702877|
| Episode:  90 | Epsilon:  0.05 | Reward: -661.2631675245151 | Average Reward: -244.366 | Steps:  7012 | Total Reward: -21992.901541227384|
| Episode:  91 | Epsilon:  0.05 | Reward: -325.02734693160846 | Average Reward: -245.252 | Steps:  7069 | Total Reward: -22317.928888158993|
| Episode:  92 | Epsilon:  0.05 | Reward: -370.8340075691239 | Average Reward: -246.617 | Steps:  7217 | Total Reward: -22688.762895728098|
| Episode:  93 | Epsilon:  0.05 | Reward: -545.7171806725619 | Average Reward: -249.833 | Steps:  7294 | Total Reward: -23234.48007640066|
| Episode:  94 | Epsilon:  0.05 | Reward: -312.93757719365874 | Average Reward: -250.504 | Steps:  7376 | Total Reward: -23547.41765359431|
| Episode:  95 | Epsilon:  0.05 | Reward: -313.36721758582945 | Average Reward: -251.166 | Steps:  7435 | Total Reward: -23860.784871180145|
| Episode:  96 | Epsilon:  0.05 | Reward: -398.5994203163436 | Average Reward: -252.702 | Steps:  7506 | Total Reward: -24259.384291496484|
| Episode:  97 | Epsilon:  0.05 | Reward: -504.27127711824136 | Average Reward: -255.295 | Steps:  7564 | Total Reward: -24763.655568614726|
| Episode:  98 | Epsilon:  0.05 | Reward: -343.9163889652234 | Average Reward: -256.200 | Steps:  7614 | Total Reward: -25107.57195757995|
| Episode:  99 | Epsilon:  0.05 | Reward: -1104.6331743286646 | Average Reward: -264.770 | Steps:  7746 | Total Reward: -26212.2051319086|
| Episode: 100 | Epsilon:  0.05 | Reward: -174.68819279874776 | Average Reward: -263.869 | Steps:  7795 | Total Reward: -26386.89332470735|
| Episode: 101 | Epsilon:  0.05 | Reward: -497.25950128711827 | Average Reward: -267.617 | Steps:  7871 | Total Reward: -26884.152825994468|
| Episode: 102 | Epsilon:  0.05 | Reward: -386.24779595166547 | Average Reward: -269.834 | Steps:  7972 | Total Reward: -27270.400621946144|
| Episode: 103 | Epsilon:  0.05 | Reward: -523.3759927869028 | Average Reward: -273.837 | Steps:  8042 | Total Reward: -27793.776614733044|
| Episode: 104 | Epsilon:  0.05 | Reward: -759.7919540967192 | Average Reward: -280.221 | Steps:  8125 | Total Reward: -28553.568568829774|
| Episode: 105 | Epsilon:  0.05 | Reward: -437.10722716660024 | Average Reward: -283.121 | Steps:  8197 | Total Reward: -28990.675795996376|
| Episode: 106 | Epsilon:  0.05 | Reward: -365.2193126819066 | Average Reward: -283.428 | Steps:  8259 | Total Reward: -29355.89510867827|
| Episode: 107 | Epsilon:  0.05 | Reward: -470.30790715934495 | Average Reward: -286.468 | Steps:  8337 | Total Reward: -29826.203015837607|
| Episode: 108 | Epsilon:  0.05 | Reward: -132.82752090442307 | Average Reward: -287.758 | Steps:  8416 | Total Reward: -29959.030536742033|
| Episode: 109 | Epsilon:  0.05 | Reward: -116.05306198785253 | Average Reward: -287.991 | Steps:  8495 | Total Reward: -30075.083598729885|
| Episode: 110 | Epsilon:  0.05 | Reward: -271.43171024810204 | Average Reward: -290.704 | Steps:  8600 | Total Reward: -30346.515308977996|
| Episode: 111 | Epsilon:  0.05 | Reward: -278.1621159526163 | Average Reward: -292.508 | Steps:  8686 | Total Reward: -30624.677424930615|
| Episode: 112 | Epsilon:  0.05 | Reward: -601.8272324644644 | Average Reward: -296.712 | Steps:  8770 | Total Reward: -31226.504657395086|
| Episode: 113 | Epsilon:  0.05 | Reward: -405.4251709995862 | Average Reward: -299.826 | Steps:  8875 | Total Reward: -31631.929828394685|
| Episode: 114 | Epsilon:  0.05 | Reward: -533.7894597916771 | Average Reward: -302.361 | Steps:  8969 | Total Reward: -32165.719288186378|
| Episode: 115 | Epsilon:  0.05 | Reward: -355.29647177128743 | Average Reward: -302.133 | Steps:  9067 | Total Reward: -32521.015759957674|
| Episode: 116 | Epsilon:  0.05 | Reward: -367.65784515099176 | Average Reward: -304.327 | Steps:  9168 | Total Reward: -32888.67360510867|
| Episode: 117 | Epsilon:  0.05 | Reward: -318.5566862105317 | Average Reward: -306.129 | Steps:  9279 | Total Reward: -33207.23029131919|
| Episode: 118 | Epsilon:  0.05 | Reward: -257.83023936902185 | Average Reward: -307.251 | Steps:  9355 | Total Reward: -33465.06053068819|
| Episode: 119 | Epsilon:  0.05 | Reward: -477.49266492338165 | Average Reward: -310.380 | Steps:  9416 | Total Reward: -33942.553195611574|
| Episode: 120 | Epsilon:  0.05 | Reward: -167.78936729435583 | Average Reward: -310.389 | Steps:  9482 | Total Reward: -34110.34256290596|
| Episode: 121 | Epsilon:  0.05 | Reward: -123.79861860258097 | Average Reward: -310.131 | Steps:  9560 | Total Reward: -34234.14118150852|
| Episode: 122 | Epsilon:  0.05 | Reward: -116.66114498831014 | Average Reward: -309.951 | Steps:  9614 | Total Reward: -34350.80232649686|
| Episode: 123 | Epsilon:  0.05 | Reward: -141.56159529669557 | Average Reward: -309.638 | Steps:  9692 | Total Reward: -34492.36392179357|
| Episode: 124 | Epsilon:  0.05 | Reward: -85.35950711923003 | Average Reward: -308.978 | Steps:  9748 | Total Reward: -34577.7234289128|
| Episode: 125 | Epsilon:  0.05 | Reward: -508.512400828861 | Average Reward: -312.568 | Steps:  9822 | Total Reward: -35086.23582974169|
| Episode: 126 | Epsilon:  0.05 | Reward: -86.28013049012819 | Average Reward: -310.846 | Steps:  9875 | Total Reward: -35172.51596023182|
| Episode: 127 | Epsilon:  0.05 | Reward: -147.06330712205136 | Average Reward: -311.203 | Steps:  9958 | Total Reward: -35319.57926735389|
| Episode: 128 | Epsilon:  0.05 | Reward: -402.25626575304943 | Average Reward: -313.398 | Steps: 10026 | Total Reward: -35721.83553310695|
| Episode: 129 | Epsilon:  0.05 | Reward: -122.21784097774767 | Average Reward: -312.915 | Steps: 10096 | Total Reward: -35844.05337408469|
| Episode: 130 | Epsilon:  0.05 | Reward: -233.31688503047735 | Average Reward: -313.786 | Steps: 10170 | Total Reward: -36077.370259115145|
| Episode: 131 | Epsilon:  0.05 | Reward: -157.40936413960586 | Average Reward: -314.254 | Steps: 10281 | Total Reward: -36234.77962325479|
| Episode: 132 | Epsilon:  0.05 | Reward: -549.6533483275595 | Average Reward: -318.351 | Steps: 10363 | Total Reward: -36784.43297158235|
| Episode: 133 | Epsilon:  0.05 | Reward: -534.6639438270572 | Average Reward: -322.170 | Steps: 10436 | Total Reward: -37319.096915409435|
| Episode: 134 | Epsilon:  0.05 | Reward: -539.4735090963318 | Average Reward: -326.375 | Steps: 10503 | Total Reward: -37858.57042450578|
| Episode: 135 | Epsilon:  0.05 | Reward: -145.1648839666018 | Average Reward: -326.719 | Steps: 10563 | Total Reward: -38003.73530847238|
| Episode: 136 | Epsilon:  0.05 | Reward: -417.6657895789484 | Average Reward: -329.500 | Steps: 10675 | Total Reward: -38421.4010980513|
| Episode: 137 | Epsilon:  0.05 | Reward: -804.1144869180105 | Average Reward: -336.187 | Steps: 10770 | Total Reward: -39225.51558496929|
| Episode: 138 | Epsilon:  0.05 | Reward: -41.69940474667422 | Average Reward: -336.642 | Steps: 10840 | Total Reward: -39267.21498971594|
| Episode: 139 | Epsilon:  0.05 | Reward: -207.94847658377736 | Average Reward: -337.327 | Steps: 10952 | Total Reward: -39475.16346629971|
| Episode: 140 | Epsilon:  0.05 | Reward: -388.82318220658914 | Average Reward: -339.854 | Steps: 11006 | Total Reward: -39863.9866485063|
| Episode: 141 | Epsilon:  0.05 | Reward: -340.4491545426209 | Average Reward: -342.295 | Steps: 11059 | Total Reward: -40204.43580304892|
| Episode: 142 | Epsilon:  0.05 | Reward: -554.2425739210862 | Average Reward: -346.325 | Steps: 11221 | Total Reward: -40758.67837697003|
| Episode: 143 | Epsilon:  0.05 | Reward: -212.48234255247314 | Average Reward: -346.919 | Steps: 11284 | Total Reward: -40971.1607195225|
| Episode: 144 | Epsilon:  0.05 | Reward: -174.7504519553441 | Average Reward: -347.700 | Steps: 11373 | Total Reward: -41145.91117147787|
| Episode: 145 | Epsilon:  0.05 | Reward: -63.38080280537754 | Average Reward: -347.238 | Steps: 11484 | Total Reward: -41209.29197428326|
| Episode: 146 | Epsilon:  0.05 | Reward: -430.6224095418776 | Average Reward: -350.512 | Steps: 11574 | Total Reward: -41639.91438382513|
| Episode: 147 | Epsilon:  0.05 | Reward: -717.9397740357385 | Average Reward: -356.701 | Steps: 11660 | Total Reward: -42357.854157860864|
| Episode: 148 | Epsilon:  0.05 | Reward: -639.9037076175005 | Average Reward: -361.492 | Steps: 11771 | Total Reward: -42997.757865478365|
| Episode: 149 | Epsilon:  0.05 | Reward: -120.44189341576006 | Average Reward: -360.995 | Steps: 11845 | Total Reward: -43118.199758894116|
| Episode: 150 | Epsilon:  0.05 | Reward: -395.6514401554549 | Average Reward: -363.524 | Steps: 11963 | Total Reward: -43513.851199049575|
| Episode: 151 | Epsilon:  0.05 | Reward: -466.60767569072914 | Average Reward: -366.409 | Steps: 12072 | Total Reward: -43980.458874740325|
| Episode: 152 | Epsilon:  0.05 | Reward: -584.218368883347 | Average Reward: -370.985 | Steps: 12151 | Total Reward: -44564.67724362371|
| Episode: 153 | Epsilon:  0.05 | Reward: -373.75275715399465 | Average Reward: -373.305 | Steps: 12222 | Total Reward: -44938.430000777684|
| Episode: 154 | Epsilon:  0.05 | Reward: -168.3058630140509 | Average Reward: -373.810 | Steps: 12300 | Total Reward: -45106.73586379172|
| Episode: 155 | Epsilon:  0.05 | Reward: -395.2805050742095 | Average Reward: -376.305 | Steps: 12362 | Total Reward: -45502.0163688659|
| Episode: 156 | Epsilon:  0.05 | Reward: -409.4863010289288 | Average Reward: -378.878 | Steps: 12453 | Total Reward: -45911.50266989483|
| Episode: 157 | Epsilon:  0.05 | Reward: -130.21171849828215 | Average Reward: -378.702 | Steps: 12521 | Total Reward: -46041.71438839307|
| Episode: 158 | Epsilon:  0.05 | Reward: -344.07524398850893 | Average Reward: -381.169 | Steps: 12596 | Total Reward: -46385.78963238156|
| Episode: 159 | Epsilon:  0.05 | Reward: -921.1738408050222 | Average Reward: -389.065 | Steps: 12724 | Total Reward: -47306.96347318662|
| Episode: 160 | Epsilon:  0.05 | Reward: -98.2217925531769 | Average Reward: -389.019 | Steps: 12780 | Total Reward: -47405.185265739805|
| Episode: 161 | Epsilon:  0.05 | Reward: -109.11802084248424 | Average Reward: -388.682 | Steps: 12852 | Total Reward: -47514.30328658231|
| Episode: 162 | Epsilon:  0.05 | Reward: -346.0254163358211 | Average Reward: -391.174 | Steps: 12905 | Total Reward: -47860.32870291815|
| Episode: 163 | Epsilon:  0.05 | Reward: -527.9152294703982 | Average Reward: -395.400 | Steps: 12972 | Total Reward: -48388.243932388556|
| Episode: 164 | Epsilon:  0.05 | Reward: -418.18409125243295 | Average Reward: -398.075 | Steps: 13035 | Total Reward: -48806.42802364098|
| Episode: 165 | Epsilon:  0.05 | Reward: -373.29375379755083 | Average Reward: -399.850 | Steps: 13125 | Total Reward: -49179.72177743854|
| Episode: 166 | Epsilon:  0.05 | Reward: -144.96861338465712 | Average Reward: -399.996 | Steps: 13199 | Total Reward: -49324.69039082325|
| Episode: 167 | Epsilon:  0.05 | Reward: -620.0695833083645 | Average Reward: -405.145 | Steps: 13284 | Total Reward: -49944.75997413164|
| Episode: 168 | Epsilon:  0.05 | Reward: -509.79769052129296 | Average Reward: -409.132 | Steps: 13362 | Total Reward: -50454.557664652966|
| Episode: 169 | Epsilon:  0.05 | Reward: -565.6398806917013 | Average Reward: -413.596 | Steps: 13448 | Total Reward: -51020.19754534466|
| Episode: 170 | Epsilon:  0.05 | Reward: -360.93826468186586 | Average Reward: -411.468 | Steps: 13604 | Total Reward: -51381.13581002654|
| Episode: 171 | Epsilon:  0.05 | Reward: -782.4947744737207 | Average Reward: -406.160 | Steps: 13684 | Total Reward: -52163.63058450025|
| Episode: 172 | Epsilon:  0.05 | Reward: -125.88638550361316 | Average Reward: -402.883 | Steps: 13760 | Total Reward: -52289.51697000385|
| Episode: 173 | Epsilon:  0.05 | Reward: -310.0899341079546 | Average Reward: -402.908 | Steps: 13847 | Total Reward: -52599.606904111824|
| Episode: 174 | Epsilon:  0.05 | Reward: -466.77350694446807 | Average Reward: -397.339 | Steps: 13906 | Total Reward: -53066.3804110563|
| Episode: 175 | Epsilon:  0.05 | Reward: -357.19951317005217 | Average Reward: -395.745 | Steps: 13987 | Total Reward: -53423.57992422637|
| Episode: 176 | Epsilon:  0.05 | Reward: -302.46517623538114 | Average Reward: -387.173 | Steps: 14074 | Total Reward: -53726.045100461735|
| Episode: 177 | Epsilon:  0.05 | Reward: -302.3303748747067 | Average Reward: -383.980 | Steps: 14138 | Total Reward: -54028.37547533646|
| Episode: 178 | Epsilon:  0.05 | Reward: -468.53364182342614 | Average Reward: -383.882 | Steps: 14252 | Total Reward: -54496.90911715991|
| Episode: 179 | Epsilon:  0.05 | Reward: -174.013876350169 | Average Reward: -380.080 | Steps: 14317 | Total Reward: -54670.92299351007|
| Episode: 180 | Epsilon:  0.05 | Reward: -625.2243320305872 | Average Reward: -380.885 | Steps: 14399 | Total Reward: -55296.147325540645|
| Episode: 181 | Epsilon:  0.05 | Reward: -334.20824902511913 | Average Reward: -380.942 | Steps: 14505 | Total Reward: -55630.35557456577|
| Episode: 182 | Epsilon:  0.05 | Reward: -160.17730158410595 | Average Reward: -378.813 | Steps: 14587 | Total Reward: -55790.53287614987|
| Episode: 183 | Epsilon:  0.05 | Reward: -36.04071929019379 | Average Reward: -374.441 | Steps: 14657 | Total Reward: -55826.57359544007|
| Episode: 184 | Epsilon:  0.05 | Reward: -270.37775701606654 | Average Reward: -372.013 | Steps: 14749 | Total Reward: -56096.95135245613|
| Episode: 185 | Epsilon:  0.05 | Reward: -377.34547020908144 | Average Reward: -371.198 | Steps: 14863 | Total Reward: -56474.29682266522|
| Episode: 186 | Epsilon:  0.05 | Reward: -486.32473737964625 | Average Reward: -373.305 | Steps: 14954 | Total Reward: -56960.6215600449|
| Episode: 187 | Epsilon:  0.05 | Reward: -497.1845990978109 | Average Reward: -373.476 | Steps: 15017 | Total Reward: -57457.80615914274|
| Episode: 188 | Epsilon:  0.05 | Reward: -827.0108942470373 | Average Reward: -376.436 | Steps: 15137 | Total Reward: -58284.81705338974|
| Episode: 189 | Epsilon:  0.05 | Reward: -101.30954841354821 | Average Reward: -370.545 | Steps: 15223 | Total Reward: -58386.12660180327|
| Episode: 190 | Epsilon:  0.05 | Reward: -230.59930457518044 | Average Reward: -366.238 | Steps: 15297 | Total Reward: -58616.725906378466|
| Episode: 191 | Epsilon:  0.05 | Reward: -241.4044896454014 | Average Reward: -365.402 | Steps: 15385 | Total Reward: -58858.13039602385|
| Episode: 192 | Epsilon:  0.05 | Reward: -150.48093181480021 | Average Reward: -363.198 | Steps: 15471 | Total Reward: -59008.61132783865|
| Episode: 193 | Epsilon:  0.05 | Reward: -384.5045297168549 | Average Reward: -361.586 | Steps: 15525 | Total Reward: -59393.115857555495|
| Episode: 194 | Epsilon:  0.05 | Reward: -327.23350326586313 | Average Reward: -361.729 | Steps: 15596 | Total Reward: -59720.349360821325|
| Episode: 195 | Epsilon:  0.05 | Reward: -169.27199848888966 | Average Reward: -360.288 | Steps: 15660 | Total Reward: -59889.62135931022|
| Episode: 196 | Epsilon:  0.05 | Reward: -154.72466296154764 | Average Reward: -357.850 | Steps: 15769 | Total Reward: -60044.346022271755|
| Episode: 197 | Epsilon:  0.05 | Reward: -462.3630686819238 | Average Reward: -357.431 | Steps: 15833 | Total Reward: -60506.709090953664|
| Episode: 198 | Epsilon:  0.05 | Reward: -603.0902753728753 | Average Reward: -360.022 | Steps: 15907 | Total Reward: -61109.79936632653|
| Episode: 199 | Epsilon:  0.05 | Reward: -543.297037199733 | Average Reward: -354.409 | Steps: 15998 | Total Reward: -61653.09640352625|
| Episode: 200 | Epsilon:  0.05 | Reward: -506.4466252636707 | Average Reward: -357.726 | Steps: 16081 | Total Reward: -62159.54302878987|
| Episode: 201 | Epsilon:  0.05 | Reward: -345.5264555332012 | Average Reward: -356.209 | Steps: 16151 | Total Reward: -62505.06948432309|
| Episode: 202 | Epsilon:  0.05 | Reward: -138.22494501341072 | Average Reward: -353.729 | Steps: 16218 | Total Reward: -62643.29442933649|
| Episode: 203 | Epsilon:  0.05 | Reward: -301.27936859015676 | Average Reward: -351.508 | Steps: 16331 | Total Reward: -62944.573797926656|
| Episode: 204 | Epsilon:  0.05 | Reward: -369.09364215966053 | Average Reward: -347.601 | Steps: 16385 | Total Reward: -63313.66744008633|
| Episode: 205 | Epsilon:  0.05 | Reward: -201.47247266774679 | Average Reward: -345.245 | Steps: 16440 | Total Reward: -63515.13991275408|
| Episode: 206 | Epsilon:  0.05 | Reward: -156.1359265584709 | Average Reward: -343.154 | Steps: 16497 | Total Reward: -63671.275839312555|
| Episode: 207 | Epsilon:  0.05 | Reward: -360.2227511997406 | Average Reward: -342.053 | Steps: 16568 | Total Reward: -64031.4985905123|
| Episode: 208 | Epsilon:  0.05 | Reward: -367.92704665061217 | Average Reward: -344.404 | Steps: 16626 | Total Reward: -64399.42563716293|
| Episode: 209 | Epsilon:  0.05 | Reward: -540.686246484506 | Average Reward: -348.650 | Steps: 16723 | Total Reward: -64940.111883647434|
| Episode: 210 | Epsilon:  0.05 | Reward: -678.2176848299694 | Average Reward: -352.718 | Steps: 16801 | Total Reward: -65618.32956847739|
| Episode: 211 | Epsilon:  0.05 | Reward: -217.98858787620213 | Average Reward: -352.116 | Steps: 16852 | Total Reward: -65836.31815635358|
| Episode: 212 | Epsilon:  0.05 | Reward: -517.4563065771515 | Average Reward: -351.273 | Steps: 16969 | Total Reward: -66353.77446293083|
| Episode: 213 | Epsilon:  0.05 | Reward: -458.5685089948901 | Average Reward: -351.804 | Steps: 17150 | Total Reward: -66812.34297192573|
| Episode: 214 | Epsilon:  0.05 | Reward: -334.55592116476475 | Average Reward: -349.812 | Steps: 17259 | Total Reward: -67146.89889309045|
| Episode: 215 | Epsilon:  0.05 | Reward: -109.48833226233293 | Average Reward: -347.354 | Steps: 17354 | Total Reward: -67256.38722535278|
| Episode: 216 | Epsilon:  0.05 | Reward: -506.707859365036 | Average Reward: -348.744 | Steps: 17434 | Total Reward: -67763.0950847178|
| Episode: 217 | Epsilon:  0.05 | Reward: -101.23891126812991 | Average Reward: -346.571 | Steps: 17510 | Total Reward: -67864.33399598597|
| Episode: 218 | Epsilon:  0.05 | Reward: -454.6380538841691 | Average Reward: -348.539 | Steps: 17566 | Total Reward: -68318.97204987014|
| Episode: 219 | Epsilon:  0.05 | Reward: -154.64135108369135 | Average Reward: -345.311 | Steps: 17623 | Total Reward: -68473.61340095382|
| Episode: 220 | Epsilon:  0.05 | Reward: -573.059562485827 | Average Reward: -349.363 | Steps: 17733 | Total Reward: -69046.67296343963|
| Episode: 221 | Epsilon:  0.05 | Reward: -506.4020066818279 | Average Reward: -353.189 | Steps: 17812 | Total Reward: -69553.07497012142|
| Episode: 222 | Epsilon:  0.05 | Reward: -213.3188709480088 | Average Reward: -354.156 | Steps: 17928 | Total Reward: -69766.3938410694|
| Episode: 223 | Epsilon:  0.05 | Reward: -477.22019179527535 | Average Reward: -357.513 | Steps: 18010 | Total Reward: -70243.6140328647|
| Episode: 224 | Epsilon:  0.05 | Reward: -141.059388887997 | Average Reward: -358.069 | Steps: 18081 | Total Reward: -70384.67342175273|
| Episode: 225 | Epsilon:  0.05 | Reward: -539.1932047928713 | Average Reward: -358.376 | Steps: 18168 | Total Reward: -70923.86662654561|
| Episode: 226 | Epsilon:  0.05 | Reward: -126.14209069832229 | Average Reward: -358.775 | Steps: 18227 | Total Reward: -71050.00871724395|
| Episode: 227 | Epsilon:  0.05 | Reward: -115.40819876221235 | Average Reward: -358.458 | Steps: 18308 | Total Reward: -71165.41691600616|
| Episode: 228 | Epsilon:  0.05 | Reward: -398.6920263043605 | Average Reward: -358.423 | Steps: 18405 | Total Reward: -71564.10894231044|
| Episode: 229 | Epsilon:  0.05 | Reward: -551.6175681761347 | Average Reward: -362.717 | Steps: 18484 | Total Reward: -72115.72651048652|
| Episode: 230 | Epsilon:  0.05 | Reward: -914.1496391393991 | Average Reward: -369.525 | Steps: 18624 | Total Reward: -73029.87614962584|
| Episode: 231 | Epsilon:  0.05 | Reward: -549.8389322515828 | Average Reward: -373.449 | Steps: 18729 | Total Reward: -73579.71508187735|
| Episode: 232 | Epsilon:  0.05 | Reward: -513.8502291540376 | Average Reward: -373.091 | Steps: 18861 | Total Reward: -74093.56531103142|
| Episode: 233 | Epsilon:  0.05 | Reward: -113.28071970531974 | Average Reward: -368.877 | Steps: 18915 | Total Reward: -74206.84603073668|
| Episode: 234 | Epsilon:  0.05 | Reward: -195.51801262622206 | Average Reward: -365.438 | Steps: 18984 | Total Reward: -74402.3640433629|
| Episode: 235 | Epsilon:  0.05 | Reward: -295.6749556788749 | Average Reward: -366.943 | Steps: 19062 | Total Reward: -74698.03899904176|
| Episode: 236 | Epsilon:  0.05 | Reward: -105.33580537284905 | Average Reward: -363.820 | Steps: 19114 | Total Reward: -74803.37480441459|
| Episode: 237 | Epsilon:  0.05 | Reward: -74.70829305721742 | Average Reward: -356.526 | Steps: 19192 | Total Reward: -74878.0830974718|
| Episode: 238 | Epsilon:  0.05 | Reward: -429.5527331884755 | Average Reward: -360.404 | Steps: 19269 | Total Reward: -75307.63583066023|
| Episode: 239 | Epsilon:  0.05 | Reward: -373.3225144351177 | Average Reward: -362.058 | Steps: 19323 | Total Reward: -75680.95834509532|
| Episode: 240 | Epsilon:  0.05 | Reward: -514.511914864884 | Average Reward: -363.315 | Steps: 19389 | Total Reward: -76195.47025996019|
| Episode: 241 | Epsilon:  0.05 | Reward: -339.53040849473564 | Average Reward: -363.306 | Steps: 19500 | Total Reward: -76535.00066845493|
| Episode: 242 | Epsilon:  0.05 | Reward: -678.40070737908 | Average Reward: -364.547 | Steps: 19594 | Total Reward: -77213.40137583404|
| Episode: 243 | Epsilon:  0.05 | Reward: -251.59699322403753 | Average Reward: -364.938 | Steps: 19673 | Total Reward: -77464.99836905808|
| Episode: 244 | Epsilon:  0.05 | Reward: -428.95625192563665 | Average Reward: -367.480 | Steps: 19735 | Total Reward: -77893.95462098367|
| Episode: 245 | Epsilon:  0.05 | Reward: -557.9192080875 | Average Reward: -372.426 | Steps: 19809 | Total Reward: -78451.87382907115|
| Episode: 246 | Epsilon:  0.05 | Reward: -842.4935654386189 | Average Reward: -376.545 | Steps: 19894 | Total Reward: -79294.36739450977|
| Episode: 247 | Epsilon:  0.05 | Reward: -214.15071790440132 | Average Reward: -371.507 | Steps: 19963 | Total Reward: -79508.51811241423|
| Episode: 248 | Epsilon:  0.05 | Reward: -457.1963775843619 | Average Reward: -369.680 | Steps: 20125 | Total Reward: -79965.71448999854|
| Episode: 249 | Epsilon:  0.05 | Reward: -514.2028891441714 | Average Reward: -373.617 | Steps: 20212 | Total Reward: -80479.91737914264|
| Episode: 250 | Epsilon:  0.05 | Reward: -137.03456354851107 | Average Reward: -371.031 | Steps: 20277 | Total Reward: -80616.95194269116|
| Episode: 251 | Epsilon:  0.05 | Reward: -319.82332083758945 | Average Reward: -369.563 | Steps: 20337 | Total Reward: -80936.77526352872|
| Episode: 252 | Epsilon:  0.05 | Reward: -228.7865096152083 | Average Reward: -366.009 | Steps: 20392 | Total Reward: -81165.5617731439|
| Episode: 253 | Epsilon:  0.05 | Reward: -380.6183065407972 | Average Reward: -366.078 | Steps: 20465 | Total Reward: -81546.1800796847|
| Episode: 254 | Epsilon:  0.05 | Reward: -111.11296921105244 | Average Reward: -365.506 | Steps: 20518 | Total Reward: -81657.2930488958|
| Episode: 255 | Epsilon:  0.05 | Reward: -815.4704540944334 | Average Reward: -369.707 | Steps: 20723 | Total Reward: -82472.76350299036|
| Episode: 256 | Epsilon:  0.05 | Reward: -475.4417997062212 | Average Reward: -370.367 | Steps: 20777 | Total Reward: -82948.20530269663|
| Episode: 257 | Epsilon:  0.05 | Reward: -132.5110991443069 | Average Reward: -370.390 | Steps: 20841 | Total Reward: -83080.71640184091|
| Episode: 258 | Epsilon:  0.05 | Reward: -164.81360866033356 | Average Reward: -368.597 | Steps: 20923 | Total Reward: -83245.53001050121|
| Episode: 259 | Epsilon:  0.05 | Reward: -422.12777859086293 | Average Reward: -363.607 | Steps: 21023 | Total Reward: -83667.65778909209|
| Episode: 260 | Epsilon:  0.05 | Reward: -108.29109215228846 | Average Reward: -363.708 | Steps: 21087 | Total Reward: -83775.94888124437|
| Episode: 261 | Epsilon:  0.05 | Reward: -135.64900918873067 | Average Reward: -363.973 | Steps: 21143 | Total Reward: -83911.59789043304|
| Episode: 262 | Epsilon:  0.05 | Reward: -131.9272011495578 | Average Reward: -361.832 | Steps: 21224 | Total Reward: -84043.52509158255|
| Episode: 263 | Epsilon:  0.05 | Reward: -607.3616797590931 | Average Reward: -362.626 | Steps: 21302 | Total Reward: -84650.88677134161|
| Episode: 264 | Epsilon:  0.05 | Reward: -367.2285453748138 | Average Reward: -362.117 | Steps: 21378 | Total Reward: -85018.11531671644|
| Episode: 265 | Epsilon:  0.05 | Reward: -360.2959458252616 | Average Reward: -361.987 | Steps: 21485 | Total Reward: -85378.41126254169|
| Episode: 266 | Epsilon:  0.05 | Reward: -244.55538832320673 | Average Reward: -362.983 | Steps: 21572 | Total Reward: -85622.9666508649|
| Episode: 267 | Epsilon:  0.05 | Reward: -542.1571880710724 | Average Reward: -362.204 | Steps: 21635 | Total Reward: -86165.12383893596|
| Episode: 268 | Epsilon:  0.05 | Reward: -185.7643448906012 | Average Reward: -358.963 | Steps: 21713 | Total Reward: -86350.88818382652|
| Episode: 269 | Epsilon:  0.05 | Reward: -217.95448680706932 | Average Reward: -355.486 | Steps: 21819 | Total Reward: -86568.84267063354|
| Episode: 270 | Epsilon:  0.05 | Reward: -99.15588691475597 | Average Reward: -352.869 | Steps: 21873 | Total Reward: -86667.99855754833|
| Episode: 271 | Epsilon:  0.05 | Reward: -165.10271688112502 | Average Reward: -346.695 | Steps: 21941 | Total Reward: -86833.10127442937|
| Episode: 272 | Epsilon:  0.05 | Reward: -127.18807947368052 | Average Reward: -346.708 | Steps: 22023 | Total Reward: -86960.28935390305|
| Episode: 273 | Epsilon:  0.05 | Reward: -308.16818016138075 | Average Reward: -346.689 | Steps: 22083 | Total Reward: -87268.45753406441|
| Episode: 274 | Epsilon:  0.05 | Reward: -931.940897731611 | Average Reward: -351.340 | Steps: 22235 | Total Reward: -88200.398431796|
| Episode: 275 | Epsilon:  0.05 | Reward: -528.8622462035772 | Average Reward: -353.057 | Steps: 22321 | Total Reward: -88729.26067799951|
| Episode: 276 | Epsilon:  0.05 | Reward: -137.79469021857312 | Average Reward: -351.410 | Steps: 22394 | Total Reward: -88867.05536821806|
| Episode: 277 | Epsilon:  0.05 | Reward: -611.7101776105964 | Average Reward: -354.504 | Steps: 22508 | Total Reward: -89478.76554582863|
| Episode: 278 | Epsilon:  0.05 | Reward: -258.01634981532635 | Average Reward: -352.399 | Steps: 22608 | Total Reward: -89736.78189564394|
| Episode: 279 | Epsilon:  0.05 | Reward: -8.24351535389124 | Average Reward: -350.741 | Steps: 22691 | Total Reward: -89745.02541099783|
| Episode: 280 | Epsilon:  0.05 | Reward: -137.376290418515 | Average Reward: -345.863 | Steps: 22745 | Total Reward: -89882.4017014163|
| Episode: 281 | Epsilon:  0.05 | Reward: -339.598018219045 | Average Reward: -345.916 | Steps: 22833 | Total Reward: -90221.99971963541|
| Episode: 282 | Epsilon:  0.05 | Reward: -216.30617320805456 | Average Reward: -346.478 | Steps: 23014 | Total Reward: -90438.30589284358|
| Episode: 283 | Epsilon:  0.05 | Reward: -552.669928364515 | Average Reward: -351.644 | Steps: 23097 | Total Reward: -90990.97582120802|
| Episode: 284 | Epsilon:  0.05 | Reward: -494.0141893706893 | Average Reward: -353.880 | Steps: 23182 | Total Reward: -91484.99001057877|
| Episode: 285 | Epsilon:  0.05 | Reward: -106.15582836864182 | Average Reward: -351.168 | Steps: 23248 | Total Reward: -91591.14583894746|
| Episode: 286 | Epsilon:  0.05 | Reward: -166.158179919117 | Average Reward: -347.967 | Steps: 23328 | Total Reward: -91757.30401886655|
| Episode: 287 | Epsilon:  0.05 | Reward: -267.0895802855588 | Average Reward: -345.666 | Steps: 23465 | Total Reward: -92024.3935991521|
| Episode: 288 | Epsilon:  0.05 | Reward: -694.6671741507505 | Average Reward: -344.342 | Steps: 23544 | Total Reward: -92719.0607733028|
| Episode: 289 | Epsilon:  0.05 | Reward: -119.54007041792605 | Average Reward: -344.525 | Steps: 23601 | Total Reward: -92838.60084372072|
| Episode: 290 | Epsilon:  0.05 | Reward: -136.6048543047329 | Average Reward: -343.585 | Steps: 23663 | Total Reward: -92975.20569802549|
| Episode: 291 | Epsilon:  0.05 | Reward: -553.6584041317699 | Average Reward: -346.707 | Steps: 23747 | Total Reward: -93528.86410215724|
| Episode: 292 | Epsilon:  0.05 | Reward: -160.89068391773327 | Average Reward: -346.811 | Steps: 23833 | Total Reward: -93689.75478607498|
| Episode: 293 | Epsilon:  0.05 | Reward: -135.71190186748055 | Average Reward: -344.324 | Steps: 23951 | Total Reward: -93825.46668794246|
| Episode: 294 | Epsilon:  0.05 | Reward: -152.31876897771912 | Average Reward: -342.574 | Steps: 24026 | Total Reward: -93977.78545692017|
| Episode: 295 | Epsilon:  0.05 | Reward: -120.81342642154925 | Average Reward: -342.090 | Steps: 24086 | Total Reward: -94098.59888334172|
| Episode: 296 | Epsilon:  0.05 | Reward: -440.64232415805753 | Average Reward: -344.949 | Steps: 24166 | Total Reward: -94539.24120749977|
| Episode: 297 | Epsilon:  0.05 | Reward: -312.23542838638195 | Average Reward: -343.448 | Steps: 24295 | Total Reward: -94851.47663588628|
| Episode: 298 | Epsilon:  0.05 | Reward: -313.215398512521 | Average Reward: -340.549 | Steps: 24362 | Total Reward: -95164.6920343988|
| Episode: 299 | Epsilon:  0.05 | Reward: -133.0630205249219 | Average Reward: -336.447 | Steps: 24446 | Total Reward: -95297.7550549237|
| Episode: 300 | Epsilon:  0.05 | Reward: -893.787895785194 | Average Reward: -340.320 | Steps: 24619 | Total Reward: -96191.54295070894|
| Episode: 301 | Epsilon:  0.05 | Reward: -894.0989341018809 | Average Reward: -345.806 | Steps: 24710 | Total Reward: -97085.64188481084|
| Episode: 302 | Epsilon:  0.05 | Reward: -634.534159099662 | Average Reward: -350.769 | Steps: 24794 | Total Reward: -97720.17604391053|
| Episode: 303 | Epsilon:  0.05 | Reward: -229.62122288899448 | Average Reward: -350.052 | Steps: 24873 | Total Reward: -97949.79726679952|
| Episode: 304 | Epsilon:  0.05 | Reward: -561.9599476906069 | Average Reward: -351.981 | Steps: 24947 | Total Reward: -98511.75721449012|
| Episode: 305 | Epsilon:  0.05 | Reward: -351.9294881741692 | Average Reward: -353.485 | Steps: 25003 | Total Reward: -98863.68670266429|
| Episode: 306 | Epsilon:  0.05 | Reward: -488.15688253399196 | Average Reward: -356.806 | Steps: 25082 | Total Reward: -99351.84358519826|
| Episode: 307 | Epsilon:  0.05 | Reward: -594.6802050478032 | Average Reward: -359.150 | Steps: 25173 | Total Reward: -99946.5237902462|
| Episode: 308 | Epsilon:  0.05 | Reward: -666.8468009063133 | Average Reward: -362.139 | Steps: 25319 | Total Reward: -100613.37059115259|
| Episode: 309 | Epsilon:  0.05 | Reward: -142.84423183939637 | Average Reward: -358.161 | Steps: 25407 | Total Reward: -100756.21482299197|
| Episode: 310 | Epsilon:  0.05 | Reward: -145.33616215902197 | Average Reward: -352.832 | Steps: 25465 | Total Reward: -100901.550985151|
| Episode: 311 | Epsilon:  0.05 | Reward: -422.6821742930469 | Average Reward: -354.879 | Steps: 25524 | Total Reward: -101324.23315944405|
| Episode: 312 | Epsilon:  0.05 | Reward: -374.8139002671702 | Average Reward: -353.453 | Steps: 25597 | Total Reward: -101699.0470597112|
| Episode: 313 | Epsilon:  0.05 | Reward: -311.9962978072867 | Average Reward: -351.987 | Steps: 25670 | Total Reward: -102011.04335751844|
| Episode: 314 | Epsilon:  0.05 | Reward: -415.1299613067904 | Average Reward: -352.793 | Steps: 25753 | Total Reward: -102426.17331882528|
| Episode: 315 | Epsilon:  0.05 | Reward: -501.10259590721745 | Average Reward: -356.709 | Steps: 25836 | Total Reward: -102927.2759147325|
| Episode: 316 | Epsilon:  0.05 | Reward: -317.24281582067977 | Average Reward: -354.814 | Steps: 25898 | Total Reward: -103244.51873055319|
| Episode: 317 | Epsilon:  0.05 | Reward: -369.37092302057346 | Average Reward: -357.496 | Steps: 26051 | Total Reward: -103613.88965357369|
| Episode: 318 | Epsilon:  0.05 | Reward: -247.56041203084015 | Average Reward: -355.425 | Steps: 26116 | Total Reward: -103861.45006560451|
| Episode: 319 | Epsilon:  0.05 | Reward: -219.92447804440502 | Average Reward: -356.078 | Steps: 26189 | Total Reward: -104081.37454364888|
| Episode: 320 | Epsilon:  0.05 | Reward: -327.9793891626689 | Average Reward: -353.627 | Steps: 26267 | Total Reward: -104409.35393281159|
| Episode: 321 | Epsilon:  0.05 | Reward: -523.0084400996398 | Average Reward: -353.793 | Steps: 26349 | Total Reward: -104932.36237291129|
| Episode: 322 | Epsilon:  0.05 | Reward: -463.4914449249067 | Average Reward: -356.295 | Steps: 26399 | Total Reward: -105395.85381783618|
| Episode: 323 | Epsilon:  0.05 | Reward: -456.4738307905949 | Average Reward: -356.087 | Steps: 26486 | Total Reward: -105852.32764862679|
| Episode: 324 | Epsilon:  0.05 | Reward: -479.5162724232306 | Average Reward: -359.472 | Steps: 26591 | Total Reward: -106331.84392104998|
| Episode: 325 | Epsilon:  0.05 | Reward: -571.5331085062566 | Average Reward: -359.795 | Steps: 26670 | Total Reward: -106903.37702955623|
| Episode: 326 | Epsilon:  0.05 | Reward: -153.96640376200696 | Average Reward: -360.073 | Steps: 26740 | Total Reward: -107057.34343331825|
| Episode: 327 | Epsilon:  0.05 | Reward: -97.7800619325969 | Average Reward: -359.897 | Steps: 26792 | Total Reward: -107155.12349525087|
| Episode: 328 | Epsilon:  0.05 | Reward: -92.19895302312541 | Average Reward: -356.832 | Steps: 26849 | Total Reward: -107247.322448274|
| Episode: 329 | Epsilon:  0.05 | Reward: -10.757362008598221 | Average Reward: -351.424 | Steps: 26912 | Total Reward: -107258.07981028265|
| Episode: 330 | Epsilon:  0.05 | Reward: -48.40313684169358 | Average Reward: -342.766 | Steps: 27010 | Total Reward: -107306.48294712434|
| Episode: 331 | Epsilon:  0.05 | Reward: -210.45960404619692 | Average Reward: -339.372 | Steps: 27085 | Total Reward: -107516.94255117055|
| Episode: 332 | Epsilon:  0.05 | Reward: -464.18705972846044 | Average Reward: -338.876 | Steps: 27142 | Total Reward: -107981.12961089906|
| Episode: 333 | Epsilon:  0.05 | Reward: -346.56963060569444 | Average Reward: -341.209 | Steps: 27232 | Total Reward: -108327.69924150473|
| Episode: 334 | Epsilon:  0.05 | Reward: -278.13533937847507 | Average Reward: -342.035 | Steps: 27292 | Total Reward: -108605.83458088317|
| Episode: 335 | Epsilon:  0.05 | Reward: -298.9396877027324 | Average Reward: -342.067 | Steps: 27385 | Total Reward: -108904.77426858594|
| Episode: 336 | Epsilon:  0.05 | Reward: -144.75399327558273 | Average Reward: -342.462 | Steps: 27467 | Total Reward: -109049.52826186156|
| Episode: 337 | Epsilon:  0.05 | Reward: -16.766866621873504 | Average Reward: -341.882 | Steps: 27560 | Total Reward: -109066.29512848349|
| Episode: 338 | Epsilon:  0.05 | Reward: -306.58631054918374 | Average Reward: -340.652 | Steps: 27618 | Total Reward: -109372.88143903264|
| Episode: 339 | Epsilon:  0.05 | Reward: -94.38518743522837 | Average Reward: -337.863 | Steps: 27670 | Total Reward: -109467.26662646786|
| Episode: 340 | Epsilon:  0.05 | Reward: -158.0776684500784 | Average Reward: -334.299 | Steps: 27744 | Total Reward: -109625.34429491794|
| Episode: 341 | Epsilon:  0.05 | Reward: -143.30756909442633 | Average Reward: -332.337 | Steps: 27838 | Total Reward: -109768.65186401227|
| Episode: 342 | Epsilon:  0.05 | Reward: -274.30217515461874 | Average Reward: -328.296 | Steps: 27922 | Total Reward: -110042.95403916689|
| Episode: 343 | Epsilon:  0.05 | Reward: -527.8483774006206 | Average Reward: -331.058 | Steps: 28060 | Total Reward: -110570.80241656746|
| Episode: 344 | Epsilon:  0.05 | Reward: -123.05715790775399 | Average Reward: -327.999 | Steps: 28135 | Total Reward: -110693.85957447528|
| Episode: 345 | Epsilon:  0.05 | Reward: 5.724587518959638 | Average Reward: -322.363 | Steps: 28233 | Total Reward: -110688.13498695636|
| Episode: 346 | Epsilon:  0.05 | Reward: -402.65223329141736 | Average Reward: -317.964 | Steps: 28323 | Total Reward: -111090.7872202478|
| Episode: 347 | Epsilon:  0.05 | Reward: -287.09028479659173 | Average Reward: -318.694 | Steps: 28386 | Total Reward: -111377.87750504441|
| Episode: 348 | Epsilon:  0.05 | Reward: -152.93178253301562 | Average Reward: -315.651 | Steps: 28461 | Total Reward: -111530.80928757747|
| Episode: 349 | Epsilon:  0.05 | Reward: -569.421374619733 | Average Reward: -316.203 | Steps: 28551 | Total Reward: -112100.23066219724|
| Episode: 350 | Epsilon:  0.05 | Reward: -487.70258378953963 | Average Reward: -319.710 | Steps: 28613 | Total Reward: -112587.93324598679|
| Episode: 351 | Epsilon:  0.05 | Reward: -809.0701879295592 | Average Reward: -324.602 | Steps: 28807 | Total Reward: -113397.00343391641|
| Episode: 352 | Epsilon:  0.05 | Reward: -71.75303829256092 | Average Reward: -323.032 | Steps: 28877 | Total Reward: -113468.75647220894|
| Episode: 353 | Epsilon:  0.05 | Reward: -347.10927671584795 | Average Reward: -322.697 | Steps: 28932 | Total Reward: -113815.8657489248|
| Episode: 354 | Epsilon:  0.05 | Reward: -432.95963245330836 | Average Reward: -325.915 | Steps: 29031 | Total Reward: -114248.82538137818|
| Episode: 355 | Epsilon:  0.05 | Reward: -633.325001902286 | Average Reward: -324.094 | Steps: 29114 | Total Reward: -114882.15038328046|
| Episode: 356 | Epsilon:  0.05 | Reward: -264.73973442579154 | Average Reward: -321.987 | Steps: 29191 | Total Reward: -115146.89011770631|
| Episode: 357 | Epsilon:  0.05 | Reward: -462.64316838574626 | Average Reward: -325.288 | Steps: 29262 | Total Reward: -115609.53328609199|
| Episode: 358 | Epsilon:  0.05 | Reward: -669.8572663608209 | Average Reward: -330.339 | Steps: 29335 | Total Reward: -116279.39055245284|
| Episode: 359 | Epsilon:  0.05 | Reward: -386.1545519943359 | Average Reward: -329.979 | Steps: 29417 | Total Reward: -116665.5451044472|
| Episode: 360 | Epsilon:  0.05 | Reward: -367.4415085565856 | Average Reward: -332.570 | Steps: 29482 | Total Reward: -117032.9866130038|
| Episode: 361 | Epsilon:  0.05 | Reward: -441.1993276219725 | Average Reward: -335.626 | Steps: 29606 | Total Reward: -117474.1859406257|
| Episode: 362 | Epsilon:  0.05 | Reward: -250.02332052603583 | Average Reward: -336.807 | Steps: 29699 | Total Reward: -117724.20926115173|
| Episode: 363 | Epsilon:  0.05 | Reward: -276.5951129915061 | Average Reward: -333.499 | Steps: 29768 | Total Reward: -118000.80437414325|
| Episode: 364 | Epsilon:  0.05 | Reward: -199.68068645334426 | Average Reward: -331.824 | Steps: 29890 | Total Reward: -118200.4850605967|
| Episode: 365 | Epsilon:  0.05 | Reward: -272.0847785376261 | Average Reward: -330.942 | Steps: 29945 | Total Reward: -118472.5698391343|
| Episode: 366 | Epsilon:  0.05 | Reward: -295.6940449487836 | Average Reward: -331.453 | Steps: 30038 | Total Reward: -118768.26388408309|
| Episode: 367 | Epsilon:  0.05 | Reward: -151.86566978292294 | Average Reward: -327.550 | Steps: 30105 | Total Reward: -118920.12955386606|
| Episode: 368 | Epsilon:  0.05 | Reward: -549.8390717941295 | Average Reward: -331.191 | Steps: 30184 | Total Reward: -119469.96862566021|
| Episode: 369 | Epsilon:  0.05 | Reward: -636.1149141100441 | Average Reward: -335.372 | Steps: 30252 | Total Reward: -120106.0835397703|
| Episode: 370 | Epsilon:  0.05 | Reward: -678.4626324770335 | Average Reward: -341.165 | Steps: 30355 | Total Reward: -120784.54617224741|
| Episode: 371 | Epsilon:  0.05 | Reward: -599.1654032297113 | Average Reward: -345.506 | Steps: 30436 | Total Reward: -121383.71157547712|
| Episode: 372 | Epsilon:  0.05 | Reward: -323.82846631357637 | Average Reward: -347.473 | Steps: 30532 | Total Reward: -121707.54004179072|
| Episode: 373 | Epsilon:  0.05 | Reward: -520.6431565427183 | Average Reward: -349.597 | Steps: 30600 | Total Reward: -122228.1831983334|
| Episode: 374 | Epsilon:  0.05 | Reward: -577.0151343041009 | Average Reward: -346.048 | Steps: 30700 | Total Reward: -122805.19833263753|
| Episode: 375 | Epsilon:  0.05 | Reward: -166.6407752766246 | Average Reward: -342.426 | Steps: 30760 | Total Reward: -122971.83910791413|
| Episode: 376 | Epsilon:  0.05 | Reward: -223.53750043712515 | Average Reward: -343.283 | Steps: 30835 | Total Reward: -123195.37660835123|
| Episode: 377 | Epsilon:  0.05 | Reward: -353.0239662695582 | Average Reward: -340.696 | Steps: 30894 | Total Reward: -123548.40057462075|
| Episode: 378 | Epsilon:  0.05 | Reward: -186.80432968438544 | Average Reward: -339.984 | Steps: 30980 | Total Reward: -123735.2049043052|
| Episode: 379 | Epsilon:  0.05 | Reward: -367.8921047130701 | Average Reward: -343.581 | Steps: 31076 | Total Reward: -124103.0970090183|
| Episode: 380 | Epsilon:  0.05 | Reward: -84.29940955866248 | Average Reward: -343.050 | Steps: 31133 | Total Reward: -124187.39641857696|
| Episode: 381 | Epsilon:  0.05 | Reward: -465.5249535502077 | Average Reward: -344.309 | Steps: 31247 | Total Reward: -124652.92137212717|
| Episode: 382 | Epsilon:  0.05 | Reward: -152.22777961654884 | Average Reward: -343.668 | Steps: 31316 | Total Reward: -124805.14915174371|
| Episode: 383 | Epsilon:  0.05 | Reward: -334.62706409437214 | Average Reward: -341.488 | Steps: 31406 | Total Reward: -125139.77621583806|
| Episode: 384 | Epsilon:  0.05 | Reward: -404.1788967433951 | Average Reward: -340.590 | Steps: 31465 | Total Reward: -125543.95511258145|
| Episode: 385 | Epsilon:  0.05 | Reward: -150.22153842093087 | Average Reward: -341.030 | Steps: 31536 | Total Reward: -125694.1766510024|
| Episode: 386 | Epsilon:  0.05 | Reward: -500.4157327501289 | Average Reward: -344.373 | Steps: 31613 | Total Reward: -126194.59238375256|
| Episode: 387 | Epsilon:  0.05 | Reward: -292.30877703797273 | Average Reward: -344.625 | Steps: 31687 | Total Reward: -126486.90116079054|
| Episode: 388 | Epsilon:  0.05 | Reward: -249.17150108528602 | Average Reward: -340.170 | Steps: 31750 | Total Reward: -126736.07266187588|
| Episode: 389 | Epsilon:  0.05 | Reward: -216.45435835366766 | Average Reward: -341.139 | Steps: 31804 | Total Reward: -126952.52702022958|
| Episode: 390 | Epsilon:  0.05 | Reward: -375.3105509687319 | Average Reward: -343.526 | Steps: 31864 | Total Reward: -127327.8375711983|
| Episode: 391 | Epsilon:  0.05 | Reward: -693.1409412769129 | Average Reward: -344.921 | Steps: 31958 | Total Reward: -128020.97851247515|
| Episode: 392 | Epsilon:  0.05 | Reward: -450.5381426031779 | Average Reward: -347.818 | Steps: 32024 | Total Reward: -128471.51665507833|
| Episode: 393 | Epsilon:  0.05 | Reward: -625.4796744149646 | Average Reward: -352.715 | Steps: 32102 | Total Reward: -129096.99632949324|
| Episode: 394 | Epsilon:  0.05 | Reward: -277.51391556233335 | Average Reward: -353.967 | Steps: 32157 | Total Reward: -129374.51024505554|
| Episode: 395 | Epsilon:  0.05 | Reward: -99.36547380468814 | Average Reward: -353.753 | Steps: 32257 | Total Reward: -129473.87571886028|
| Episode: 396 | Epsilon:  0.05 | Reward: -1199.6261031943898 | Average Reward: -361.343 | Steps: 32508 | Total Reward: -130673.50182205456|
| Episode: 397 | Epsilon:  0.05 | Reward: -393.2118675782061 | Average Reward: -362.152 | Steps: 32566 | Total Reward: -131066.7136896328|
| Episode: 398 | Epsilon:  0.05 | Reward: -258.3691408396546 | Average Reward: -361.604 | Steps: 32623 | Total Reward: -131325.0828304725|
| Episode: 399 | Epsilon:  0.05 | Reward: -235.0667842392781 | Average Reward: -362.624 | Steps: 32676 | Total Reward: -131560.14961471182|
| Episode: 400 | Epsilon:  0.05 | Reward: -33.31336970928422 | Average Reward: -354.019 | Steps: 32762 | Total Reward: -131593.4629844212|
| Episode: 401 | Epsilon:  0.05 | Reward: -185.04485650921504 | Average Reward: -346.929 | Steps: 32938 | Total Reward: -131778.5078409303|
| Episode: 402 | Epsilon:  0.05 | Reward: -273.24797011003363 | Average Reward: -343.316 | Steps: 33015 | Total Reward: -132051.75581104032|
| Episode: 403 | Epsilon:  0.05 | Reward: -438.1957358370093 | Average Reward: -345.402 | Steps: 33188 | Total Reward: -132489.95154687742|
| Episode: 404 | Epsilon:  0.05 | Reward: -150.1293638747881 | Average Reward: -341.283 | Steps: 33252 | Total Reward: -132640.08091075232|
| Episode: 405 | Epsilon:  0.05 | Reward: -123.08269691586608 | Average Reward: -338.995 | Steps: 33342 | Total Reward: -132763.1636076682|
| Episode: 406 | Epsilon:  0.05 | Reward: -770.670270525588 | Average Reward: -341.820 | Steps: 33427 | Total Reward: -133533.83387819363|
| Episode: 407 | Epsilon:  0.05 | Reward: -96.48921089864265 | Average Reward: -336.838 | Steps: 33480 | Total Reward: -133630.32308909218|
| Episode: 408 | Epsilon:  0.05 | Reward: -320.4880143079332 | Average Reward: -333.374 | Steps: 33667 | Total Reward: -133950.81110340002|
| Episode: 409 | Epsilon:  0.05 | Reward: -511.5054119393459 | Average Reward: -337.061 | Steps: 33736 | Total Reward: -134462.3165153393|
| Episode: 410 | Epsilon:  0.05 | Reward: -143.46438085501723 | Average Reward: -337.042 | Steps: 33800 | Total Reward: -134605.78089619434|
| Episode: 411 | Epsilon:  0.05 | Reward: -198.27102348702408 | Average Reward: -334.798 | Steps: 33856 | Total Reward: -134804.05191968137|
| Episode: 412 | Epsilon:  0.05 | Reward: -219.10568727589649 | Average Reward: -333.241 | Steps: 33910 | Total Reward: -135023.15760695725|
| Episode: 413 | Epsilon:  0.05 | Reward: -632.2108619283435 | Average Reward: -336.443 | Steps: 33990 | Total Reward: -135655.36846888554|
| Episode: 414 | Epsilon:  0.05 | Reward: -169.09790790703522 | Average Reward: -333.983 | Steps: 34042 | Total Reward: -135824.4663767926|
| Episode: 415 | Epsilon:  0.05 | Reward: -327.32546480067174 | Average Reward: -332.245 | Steps: 34112 | Total Reward: -136151.79184159325|
| Episode: 416 | Epsilon:  0.05 | Reward: -121.76653361387551 | Average Reward: -330.290 | Steps: 34173 | Total Reward: -136273.55837520715|
| Episode: 417 | Epsilon:  0.05 | Reward: -13.348492203988258 | Average Reward: -326.730 | Steps: 34265 | Total Reward: -136286.90686741116|
| Episode: 418 | Epsilon:  0.05 | Reward: -436.18637346665986 | Average Reward: -328.616 | Steps: 34342 | Total Reward: -136723.09324087785|
| Episode: 419 | Epsilon:  0.05 | Reward: -135.46860076165524 | Average Reward: -327.772 | Steps: 34403 | Total Reward: -136858.56184163943|
| Episode: 420 | Epsilon:  0.05 | Reward: -389.02426486234634 | Average Reward: -328.382 | Steps: 34459 | Total Reward: -137247.58610650175|
| Episode: 421 | Epsilon:  0.05 | Reward: -133.60247762312437 | Average Reward: -324.488 | Steps: 34538 | Total Reward: -137381.18858412493|
| Episode: 422 | Epsilon:  0.05 | Reward: -300.2214169233517 | Average Reward: -322.856 | Steps: 34603 | Total Reward: -137681.4100010483|
| Episode: 423 | Epsilon:  0.05 | Reward: -156.0267018971809 | Average Reward: -319.851 | Steps: 34656 | Total Reward: -137837.43670294547|
| Episode: 424 | Epsilon:  0.05 | Reward: -329.6416071190882 | Average Reward: -318.352 | Steps: 34715 | Total Reward: -138167.07831006456|
| Episode: 425 | Epsilon:  0.05 | Reward: -572.6804770669019 | Average Reward: -318.364 | Steps: 34786 | Total Reward: -138739.7587871316|
| Episode: 426 | Epsilon:  0.05 | Reward: -622.4930242720037 | Average Reward: -323.049 | Steps: 34881 | Total Reward: -139362.2518114036|
| Episode: 427 | Epsilon:  0.05 | Reward: -251.99098743599248 | Average Reward: -324.591 | Steps: 34941 | Total Reward: -139614.24279883964|
| Episode: 428 | Epsilon:  0.05 | Reward: -155.69715282747694 | Average Reward: -325.226 | Steps: 35032 | Total Reward: -139769.9399516671|
| Episode: 429 | Epsilon:  0.05 | Reward: -324.3588856417887 | Average Reward: -328.362 | Steps: 35110 | Total Reward: -140094.2988373088|
| Episode: 430 | Epsilon:  0.05 | Reward: -529.315058772425 | Average Reward: -333.171 | Steps: 35189 | Total Reward: -140623.61389608128|
| Episode: 431 | Epsilon:  0.05 | Reward: -184.05005668181053 | Average Reward: -332.907 | Steps: 35275 | Total Reward: -140807.66395276305|
| Episode: 432 | Epsilon:  0.05 | Reward: -484.17840830838367 | Average Reward: -333.107 | Steps: 35340 | Total Reward: -141291.84236107147|
| Episode: 433 | Epsilon:  0.05 | Reward: -802.3532110413313 | Average Reward: -337.665 | Steps: 35422 | Total Reward: -142094.1955721128|
| Episode: 434 | Epsilon:  0.05 | Reward: -36.602055160586204 | Average Reward: -335.250 | Steps: 35504 | Total Reward: -142130.7976272734|
| Episode: 435 | Epsilon:  0.05 | Reward: -91.63697728310416 | Average Reward: -333.177 | Steps: 35559 | Total Reward: -142222.4346045566|
| Episode: 436 | Epsilon:  0.05 | Reward: -212.66478002469995 | Average Reward: -333.856 | Steps: 35652 | Total Reward: -142435.09938458135|
| Episode: 437 | Epsilon:  0.05 | Reward: -364.9108062355776 | Average Reward: -337.337 | Steps: 35728 | Total Reward: -142800.01019081683|
| Episode: 438 | Epsilon:  0.05 | Reward: -447.17946432214126 | Average Reward: -338.743 | Steps: 35806 | Total Reward: -143247.1896551389|
| Episode: 439 | Epsilon:  0.05 | Reward: -396.61828097797934 | Average Reward: -341.765 | Steps: 35970 | Total Reward: -143643.80793611697|
| Episode: 440 | Epsilon:  0.05 | Reward: -216.10901375821337 | Average Reward: -342.346 | Steps: 36048 | Total Reward: -143859.9169498752|
| Episode: 441 | Epsilon:  0.05 | Reward: -274.6460560961531 | Average Reward: -343.659 | Steps: 36193 | Total Reward: -144134.56300597143|
| Episode: 442 | Epsilon:  0.05 | Reward: -162.74443581032247 | Average Reward: -342.544 | Steps: 36283 | Total Reward: -144297.3074417819|
| Episode: 443 | Epsilon:  0.05 | Reward: -283.03095712726554 | Average Reward: -340.095 | Steps: 36393 | Total Reward: -144580.33839890908|
| Episode: 444 | Epsilon:  0.05 | Reward: -778.546293462772 | Average Reward: -346.650 | Steps: 36469 | Total Reward: -145358.8846923717|
| Episode: 445 | Epsilon:  0.05 | Reward: -457.86271724073345 | Average Reward: -351.286 | Steps: 36527 | Total Reward: -145816.74740961252|
| Episode: 446 | Epsilon:  0.05 | Reward: -451.23109747703535 | Average Reward: -351.772 | Steps: 36592 | Total Reward: -146267.97850708957|
| Episode: 447 | Epsilon:  0.05 | Reward: -359.19563682848275 | Average Reward: -352.493 | Steps: 36679 | Total Reward: -146627.17414391806|
| Episode: 448 | Epsilon:  0.05 | Reward: -110.70209419648636 | Average Reward: -352.071 | Steps: 36775 | Total Reward: -146737.8762381146|
| Episode: 449 | Epsilon:  0.05 | Reward: -153.4648193238985 | Average Reward: -347.911 | Steps: 36849 | Total Reward: -146891.34105743837|
| Episode: 450 | Epsilon:  0.05 | Reward: -561.9195852491097 | Average Reward: -348.653 | Steps: 36967 | Total Reward: -147453.26064268744|
| Episode: 451 | Epsilon:  0.05 | Reward: -498.3216701632799 | Average Reward: -345.546 | Steps: 37041 | Total Reward: -147951.5823128508|
| Episode: 452 | Epsilon:  0.05 | Reward: -276.3928492974909 | Average Reward: -347.592 | Steps: 37106 | Total Reward: -148227.9751621482|
| Episode: 453 | Epsilon:  0.05 | Reward: -443.03516838783446 | Average Reward: -348.551 | Steps: 37182 | Total Reward: -148671.0103305361|
| Episode: 454 | Epsilon:  0.05 | Reward: -422.62903290787665 | Average Reward: -348.448 | Steps: 37280 | Total Reward: -149093.639363444|
| Episode: 455 | Epsilon:  0.05 | Reward: -205.8373379934978 | Average Reward: -344.173 | Steps: 37352 | Total Reward: -149299.47670143747|
| Episode: 456 | Epsilon:  0.05 | Reward: -518.8670845977256 | Average Reward: -346.715 | Steps: 37476 | Total Reward: -149818.34378603502|
| Episode: 457 | Epsilon:  0.05 | Reward: -540.0881634438609 | Average Reward: -347.489 | Steps: 37549 | Total Reward: -150358.43194947898|
| Episode: 458 | Epsilon:  0.05 | Reward: -286.1428049054847 | Average Reward: -343.652 | Steps: 37693 | Total Reward: -150644.5747543845|
| Episode: 459 | Epsilon:  0.05 | Reward: -454.9974759029963 | Average Reward: -344.340 | Steps: 37766 | Total Reward: -151099.57223028754|
| Episode: 460 | Epsilon:  0.05 | Reward: -187.23606413598895 | Average Reward: -342.538 | Steps: 37862 | Total Reward: -151286.80829442356|
| Episode: 461 | Epsilon:  0.05 | Reward: -22.949507802221007 | Average Reward: -338.356 | Steps: 37973 | Total Reward: -151309.7578022258|
| Episode: 462 | Epsilon:  0.05 | Reward: -486.82473196845876 | Average Reward: -340.724 | Steps: 38097 | Total Reward: -151796.58253419417|
| Episode: 463 | Epsilon:  0.05 | Reward: -478.24589797814514 | Average Reward: -342.740 | Steps: 38260 | Total Reward: -152274.8284321723|
| Episode: 464 | Epsilon:  0.05 | Reward: -148.4144399630436 | Average Reward: -342.228 | Steps: 38319 | Total Reward: -152423.24287213545|
| Episode: 465 | Epsilon:  0.05 | Reward: -117.12347226941353 | Average Reward: -340.678 | Steps: 38376 | Total Reward: -152540.36634440484|
| Episode: 466 | Epsilon:  0.05 | Reward: -470.56353995901327 | Average Reward: -342.427 | Steps: 38450 | Total Reward: -153010.9298843639|
| Episode: 467 | Epsilon:  0.05 | Reward: -1038.3121631181066 | Average Reward: -351.291 | Steps: 38617 | Total Reward: -154049.24204748202|
| Episode: 468 | Epsilon:  0.05 | Reward: -172.41182786555711 | Average Reward: -347.517 | Steps: 38699 | Total Reward: -154221.65387534766|
| Episode: 469 | Epsilon:  0.05 | Reward: -338.374607534304 | Average Reward: -344.539 | Steps: 38750 | Total Reward: -154560.02848288201|
| Episode: 470 | Epsilon:  0.05 | Reward: -367.8410722332196 | Average Reward: -341.433 | Steps: 38825 | Total Reward: -154927.86955511526|
| Episode: 471 | Epsilon:  0.05 | Reward: -444.345457409064 | Average Reward: -339.885 | Steps: 38904 | Total Reward: -155372.2150125243|
| Episode: 472 | Epsilon:  0.05 | Reward: -334.42093150345374 | Average Reward: -339.991 | Steps: 38965 | Total Reward: -155706.63594402786|
| Episode: 473 | Epsilon:  0.05 | Reward: -84.66346449233663 | Average Reward: -335.631 | Steps: 39027 | Total Reward: -155791.29940852025|
| Episode: 474 | Epsilon:  0.05 | Reward: -405.0232299168398 | Average Reward: -333.911 | Steps: 39112 | Total Reward: -156196.32263843712|
| Episode: 475 | Epsilon:  0.05 | Reward: -330.1743749370579 | Average Reward: -335.547 | Steps: 39252 | Total Reward: -156526.49701337432|
| Episode: 476 | Epsilon:  0.05 | Reward: -381.8667952184238 | Average Reward: -337.130 | Steps: 39331 | Total Reward: -156908.36380859267|
| Episode: 477 | Epsilon:  0.05 | Reward: -515.5149776243045 | Average Reward: -338.755 | Steps: 39444 | Total Reward: -157423.87878621704|
| Episode: 478 | Epsilon:  0.05 | Reward: -359.8370948561405 | Average Reward: -340.485 | Steps: 39503 | Total Reward: -157783.71588107327|
| Episode: 479 | Epsilon:  0.05 | Reward: -361.5167476859749 | Average Reward: -340.421 | Steps: 39594 | Total Reward: -158145.2326287592|
| Episode: 480 | Epsilon:  0.05 | Reward: -385.78210726863443 | Average Reward: -343.436 | Steps: 39650 | Total Reward: -158531.01473602775|
| Episode: 481 | Epsilon:  0.05 | Reward: -110.57051752374366 | Average Reward: -339.887 | Steps: 39742 | Total Reward: -158641.5852535515|
| Episode: 482 | Epsilon:  0.05 | Reward: -547.4465413617309 | Average Reward: -343.839 | Steps: 39808 | Total Reward: -159189.03179491314|
| Episode: 483 | Epsilon:  0.05 | Reward: -302.2533786426519 | Average Reward: -343.515 | Steps: 39929 | Total Reward: -159491.28517355587|
| Episode: 484 | Epsilon:  0.05 | Reward: -529.9862461321209 | Average Reward: -344.773 | Steps: 40089 | Total Reward: -160021.27141968795|
| Episode: 485 | Epsilon:  0.05 | Reward: -142.76747764248222 | Average Reward: -344.699 | Steps: 40169 | Total Reward: -160164.03889733044|
| Episode: 486 | Epsilon:  0.05 | Reward: -144.9769176646605 | Average Reward: -341.144 | Steps: 40243 | Total Reward: -160309.0158149951|
| Episode: 487 | Epsilon:  0.05 | Reward: -250.5382092615706 | Average Reward: -340.727 | Steps: 40329 | Total Reward: -160559.55402425665|
| Episode: 488 | Epsilon:  0.05 | Reward: -404.26163338445633 | Average Reward: -342.277 | Steps: 40431 | Total Reward: -160963.81565764116|
| Episode: 489 | Epsilon:  0.05 | Reward: -97.23894627956089 | Average Reward: -341.085 | Steps: 40524 | Total Reward: -161061.05460392067|
| Episode: 490 | Epsilon:  0.05 | Reward: -116.48841599967894 | Average Reward: -338.497 | Steps: 40622 | Total Reward: -161177.5430199204|
| Episode: 491 | Epsilon:  0.05 | Reward: -391.6986619783991 | Average Reward: -335.483 | Steps: 40758 | Total Reward: -161569.2416818988|
| Episode: 492 | Epsilon:  0.05 | Reward: -285.01866624611915 | Average Reward: -333.827 | Steps: 40844 | Total Reward: -161854.26034814498|
| Episode: 493 | Epsilon:  0.05 | Reward: -354.4652494564456 | Average Reward: -331.117 | Steps: 40925 | Total Reward: -162208.72559760138|
| Episode: 494 | Epsilon:  0.05 | Reward: -114.31297746953113 | Average Reward: -329.485 | Steps: 41008 | Total Reward: -162323.03857507097|
| Episode: 495 | Epsilon:  0.05 | Reward: -148.94527702463597 | Average Reward: -329.981 | Steps: 41124 | Total Reward: -162471.98385209552|
| Episode: 496 | Epsilon:  0.05 | Reward: -572.5370705628627 | Average Reward: -323.710 | Steps: 41188 | Total Reward: -163044.52092265838|
| Episode: 497 | Epsilon:  0.05 | Reward: -383.9099582766388 | Average Reward: -323.617 | Steps: 41277 | Total Reward: -163428.43088093522|
| Episode: 498 | Epsilon:  0.05 | Reward: -43.99542402908207 | Average Reward: -321.473 | Steps: 41362 | Total Reward: -163472.42630496435|
| Episode: 499 | Epsilon:  0.05 | Reward: -650.3411779567637 | Average Reward: -325.626 | Steps: 41439 | Total Reward: -164122.7674829211|
| Episode: 500 | Epsilon:  0.05 | Reward: -336.5619373040635 | Average Reward: -328.659 | Steps: 41493 | Total Reward: -164459.32942022508|
| Episode: 501 | Epsilon:  0.05 | Reward: -788.7645860648236 | Average Reward: -334.696 | Steps: 41577 | Total Reward: -165248.09400628987|
| Episode: 502 | Epsilon:  0.05 | Reward: -299.357188702043 | Average Reward: -334.957 | Steps: 41632 | Total Reward: -165547.4511949919|
| Episode: 503 | Epsilon:  0.05 | Reward: -253.19365366550645 | Average Reward: -333.107 | Steps: 41743 | Total Reward: -165800.64484865745|
| Episode: 504 | Epsilon:  0.05 | Reward: -457.5514199161147 | Average Reward: -336.181 | Steps: 41829 | Total Reward: -166258.1962685735|
| Episode: 505 | Epsilon:  0.05 | Reward: -427.5097228262946 | Average Reward: -339.225 | Steps: 41915 | Total Reward: -166685.7059913998|
| Episode: 506 | Epsilon:  0.05 | Reward: -268.105522032733 | Average Reward: -334.200 | Steps: 41997 | Total Reward: -166953.8115134326|
| Episode: 507 | Epsilon:  0.05 | Reward: -205.7434662221018 | Average Reward: -335.292 | Steps: 42078 | Total Reward: -167159.55497965467|
| Episode: 508 | Epsilon:  0.05 | Reward: -205.41157269937696 | Average Reward: -334.142 | Steps: 42171 | Total Reward: -167364.96655235408|
| Episode: 509 | Epsilon:  0.05 | Reward: -122.49020172265054 | Average Reward: -330.251 | Steps: 42240 | Total Reward: -167487.45675407685|
| Episode: 510 | Epsilon:  0.05 | Reward: -554.5199566763065 | Average Reward: -334.362 | Steps: 42317 | Total Reward: -168041.97671075314|
| Episode: 511 | Epsilon:  0.05 | Reward: -655.9157095109433 | Average Reward: -338.938 | Steps: 42421 | Total Reward: -168697.89242026425|
| Episode: 512 | Epsilon:  0.05 | Reward: -261.34833889071615 | Average Reward: -339.361 | Steps: 42479 | Total Reward: -168959.24075915504|
| Episode: 513 | Epsilon:  0.05 | Reward: -291.5228563084179 | Average Reward: -335.954 | Steps: 42533 | Total Reward: -169250.76361546354|
| Episode: 514 | Epsilon:  0.05 | Reward: -538.7227861084205 | Average Reward: -339.650 | Steps: 42630 | Total Reward: -169789.48640157195|
| Episode: 515 | Epsilon:  0.05 | Reward: -305.4605107125194 | Average Reward: -339.432 | Steps: 42720 | Total Reward: -170094.94691228456|
| Episode: 516 | Epsilon:  0.05 | Reward: -114.5066030024251 | Average Reward: -339.359 | Steps: 42785 | Total Reward: -170209.45351528696|
| Episode: 517 | Epsilon:  0.05 | Reward: -103.05412423954485 | Average Reward: -340.256 | Steps: 42874 | Total Reward: -170312.50763952656|
| Episode: 518 | Epsilon:  0.05 | Reward: -250.72380045982064 | Average Reward: -338.401 | Steps: 42940 | Total Reward: -170563.23143998635|
| Episode: 519 | Epsilon:  0.05 | Reward: -448.91941288329457 | Average Reward: -341.536 | Steps: 43007 | Total Reward: -171012.15085286956|
| Episode: 520 | Epsilon:  0.05 | Reward: -427.2414869250036 | Average Reward: -341.918 | Steps: 43101 | Total Reward: -171439.39233979455|
| Episode: 521 | Epsilon:  0.05 | Reward: -524.697884604561 | Average Reward: -345.829 | Steps: 43161 | Total Reward: -171964.0902243991|
| Episode: 522 | Epsilon:  0.05 | Reward: -391.1399166274176 | Average Reward: -346.738 | Steps: 43249 | Total Reward: -172355.23014102652|
| Episode: 523 | Epsilon:  0.05 | Reward: -390.4460742663138 | Average Reward: -349.082 | Steps: 43317 | Total Reward: -172745.6762152927|
| Episode: 524 | Epsilon:  0.05 | Reward: -682.8598104607071 | Average Reward: -352.615 | Steps: 43427 | Total Reward: -173428.53602575345|
| Episode: 525 | Epsilon:  0.05 | Reward: -495.3388517021884 | Average Reward: -351.841 | Steps: 43507 | Total Reward: -173923.87487745573|
| Episode: 526 | Epsilon:  0.05 | Reward: -633.690785816469 | Average Reward: -351.953 | Steps: 43574 | Total Reward: -174557.5656632722|
| Episode: 527 | Epsilon:  0.05 | Reward: -311.08696477123493 | Average Reward: -352.544 | Steps: 43645 | Total Reward: -174868.65262804352|
| Episode: 528 | Epsilon:  0.05 | Reward: -666.8677607669396 | Average Reward: -357.656 | Steps: 43718 | Total Reward: -175535.52038881052|
| Episode: 529 | Epsilon:  0.05 | Reward: -300.6976464710058 | Average Reward: -357.419 | Steps: 43802 | Total Reward: -175836.21803528152|
| Episode: 530 | Epsilon:  0.05 | Reward: -106.36157973506751 | Average Reward: -353.190 | Steps: 43892 | Total Reward: -175942.57961501653|
| Episode: 531 | Epsilon:  0.05 | Reward: -162.908868584001 | Average Reward: -352.978 | Steps: 43947 | Total Reward: -176105.48848360052|
| Episode: 532 | Epsilon:  0.05 | Reward: -485.8148683464797 | Average Reward: -352.995 | Steps: 44017 | Total Reward: -176591.30335194696|
| Episode: 533 | Epsilon:  0.05 | Reward: -445.38166876986713 | Average Reward: -349.425 | Steps: 44241 | Total Reward: -177036.6850207171|
| Episode: 534 | Epsilon:  0.05 | Reward: -499.1125279631672 | Average Reward: -354.050 | Steps: 44306 | Total Reward: -177535.7975486801|
| Episode: 535 | Epsilon:  0.05 | Reward: -376.61441604500305 | Average Reward: -356.900 | Steps: 44376 | Total Reward: -177912.41196472512|
| Episode: 536 | Epsilon:  0.05 | Reward: -153.22301457697782 | Average Reward: -356.305 | Steps: 44430 | Total Reward: -178065.63497930212|
| Episode: 537 | Epsilon:  0.05 | Reward: -142.22210105082127 | Average Reward: -354.078 | Steps: 44482 | Total Reward: -178207.8570803529|
| Episode: 538 | Epsilon:  0.05 | Reward: -156.89572556042302 | Average Reward: -351.176 | Steps: 44552 | Total Reward: -178364.75280591342|
| Episode: 539 | Epsilon:  0.05 | Reward: -145.56167035936343 | Average Reward: -348.665 | Steps: 44628 | Total Reward: -178510.31447627282|
| Episode: 540 | Epsilon:  0.05 | Reward: -121.36051379422382 | Average Reward: -347.718 | Steps: 44679 | Total Reward: -178631.67499006708|
| Episode: 541 | Epsilon:  0.05 | Reward: -581.2158310676103 | Average Reward: -350.783 | Steps: 44793 | Total Reward: -179212.8908211347|
| Episode: 542 | Epsilon:  0.05 | Reward: -452.16326087487454 | Average Reward: -353.677 | Steps: 44849 | Total Reward: -179665.05408200956|
| Episode: 543 | Epsilon:  0.05 | Reward: -134.7048789669136 | Average Reward: -352.194 | Steps: 44925 | Total Reward: -179799.75896097647|
| Episode: 544 | Epsilon:  0.05 | Reward: -426.5175306580519 | Average Reward: -348.674 | Steps: 45026 | Total Reward: -180226.27649163452|
| Episode: 545 | Epsilon:  0.05 | Reward: -258.6654379541474 | Average Reward: -346.682 | Steps: 45081 | Total Reward: -180484.94192958868|
| Episode: 546 | Epsilon:  0.05 | Reward: -590.3952807554224 | Average Reward: -348.074 | Steps: 45212 | Total Reward: -181075.33721034418|
| Episode: 547 | Epsilon:  0.05 | Reward: -744.4877639949411 | Average Reward: -351.927 | Steps: 45298 | Total Reward: -181819.82497433908|
| Episode: 548 | Epsilon:  0.05 | Reward: -470.5841394128781 | Average Reward: -355.525 | Steps: 45377 | Total Reward: -182290.40911375187|
| Episode: 549 | Epsilon:  0.05 | Reward: -275.8148204986769 | Average Reward: -356.749 | Steps: 45500 | Total Reward: -182566.22393425062|
| Episode: 550 | Epsilon:  0.05 | Reward: -477.84666594937585 | Average Reward: -355.908 | Steps: 45573 | Total Reward: -183044.0706002|
| Episode: 551 | Epsilon:  0.05 | Reward: -428.4085572923117 | Average Reward: -355.209 | Steps: 45661 | Total Reward: -183472.47915749234|
| Episode: 552 | Epsilon:  0.05 | Reward: -505.62599760729256 | Average Reward: -357.501 | Steps: 45803 | Total Reward: -183978.10515509977|
| Episode: 553 | Epsilon:  0.05 | Reward: -91.44069910397025 | Average Reward: -353.985 | Steps: 45874 | Total Reward: -184069.54585420372|
| Episode: 554 | Epsilon:  0.05 | Reward: -394.06064064305343 | Average Reward: -353.700 | Steps: 45967 | Total Reward: -184463.60649484672|
| Episode: 555 | Epsilon:  0.05 | Reward: -355.626620752681 | Average Reward: -355.198 | Steps: 46040 | Total Reward: -184819.2331155993|
| Episode: 556 | Epsilon:  0.05 | Reward: -701.954832846104 | Average Reward: -357.028 | Steps: 46163 | Total Reward: -185521.18794844538|
| Episode: 557 | Epsilon:  0.05 | Reward: -402.3426517271746 | Average Reward: -355.651 | Steps: 46293 | Total Reward: -185923.5306001725|
| Episode: 558 | Epsilon:  0.05 | Reward: -370.4275239495447 | Average Reward: -356.494 | Steps: 46369 | Total Reward: -186293.9581241221|
| Episode: 559 | Epsilon:  0.05 | Reward: -592.0594988874216 | Average Reward: -357.864 | Steps: 46495 | Total Reward: -186886.01762300954|
| Episode: 560 | Epsilon:  0.05 | Reward: -388.16616708513396 | Average Reward: -359.874 | Steps: 46644 | Total Reward: -187274.1837900946|
| Episode: 561 | Epsilon:  0.05 | Reward: -231.74769085700515 | Average Reward: -361.962 | Steps: 46727 | Total Reward: -187505.93148095152|
| Episode: 562 | Epsilon:  0.05 | Reward: -108.48957904302638 | Average Reward: -358.178 | Steps: 46787 | Total Reward: -187614.4210599945|
| Episode: 563 | Epsilon:  0.05 | Reward: -379.6162363105488 | Average Reward: -357.192 | Steps: 46898 | Total Reward: -187994.0372963051|
| Episode: 564 | Epsilon:  0.05 | Reward: -1324.441649261725 | Average Reward: -368.952 | Steps: 47130 | Total Reward: -189318.47894556678|
| Episode: 565 | Epsilon:  0.05 | Reward: -444.0514692798969 | Average Reward: -372.222 | Steps: 47283 | Total Reward: -189762.53041484675|
| Episode: 566 | Epsilon:  0.05 | Reward: -449.1224989438917 | Average Reward: -372.007 | Steps: 47349 | Total Reward: -190211.65291379063|
| Episode: 567 | Epsilon:  0.05 | Reward: -596.29903681245 | Average Reward: -367.587 | Steps: 47462 | Total Reward: -190807.9519506031|
| Episode: 568 | Epsilon:  0.05 | Reward: -556.750774420987 | Average Reward: -371.430 | Steps: 47548 | Total Reward: -191364.70272502405|
| Episode: 569 | Epsilon:  0.05 | Reward: -355.1399563146795 | Average Reward: -371.598 | Steps: 47622 | Total Reward: -191719.84268133875|
| Episode: 570 | Epsilon:  0.05 | Reward: -291.3837573846636 | Average Reward: -370.834 | Steps: 47729 | Total Reward: -192011.2264387235|
| Episode: 571 | Epsilon:  0.05 | Reward: -105.11439939663015 | Average Reward: -367.441 | Steps: 47790 | Total Reward: -192116.34083812|
| Episode: 572 | Epsilon:  0.05 | Reward: -587.3960346822138 | Average Reward: -369.971 | Steps: 47879 | Total Reward: -192703.73687280228|
| Episode: 573 | Epsilon:  0.05 | Reward: -115.20818093436488 | Average Reward: -370.276 | Steps: 47942 | Total Reward: -192818.94505373668|
| Episode: 574 | Epsilon:  0.05 | Reward: -353.9656854252139 | Average Reward: -369.766 | Steps: 48039 | Total Reward: -193172.9107391619|
| Episode: 575 | Epsilon:  0.05 | Reward: -350.0543972842055 | Average Reward: -369.965 | Steps: 48105 | Total Reward: -193522.9651364461|
| Episode: 576 | Epsilon:  0.05 | Reward: -379.06711265434626 | Average Reward: -369.937 | Steps: 48180 | Total Reward: -193902.0322491005|
| Episode: 577 | Epsilon:  0.05 | Reward: -584.22907606837 | Average Reward: -370.624 | Steps: 48250 | Total Reward: -194486.26132516895|
| Episode: 578 | Epsilon:  0.05 | Reward: -585.8221630386979 | Average Reward: -372.884 | Steps: 48334 | Total Reward: -195072.08348820772|
| Episode: 579 | Epsilon:  0.05 | Reward: -159.2402568163013 | Average Reward: -370.861 | Steps: 48396 | Total Reward: -195231.32374502398|
| Episode: 580 | Epsilon:  0.05 | Reward: -47.11236280542941 | Average Reward: -367.474 | Steps: 48476 | Total Reward: -195278.43610782953|
| Episode: 581 | Epsilon:  0.05 | Reward: -207.70066680540253 | Average Reward: -368.446 | Steps: 48598 | Total Reward: -195486.13677463477|
| Episode: 582 | Epsilon:  0.05 | Reward: -363.17910656628817 | Average Reward: -366.603 | Steps: 48676 | Total Reward: -195849.315881201|
| Episode: 583 | Epsilon:  0.05 | Reward: -111.18559040172033 | Average Reward: -364.692 | Steps: 48729 | Total Reward: -195960.50147160274|
| Episode: 584 | Epsilon:  0.05 | Reward: -600.134590603804 | Average Reward: -365.394 | Steps: 48821 | Total Reward: -196560.63606220653|
| Episode: 585 | Epsilon:  0.05 | Reward: -443.7174856710736 | Average Reward: -368.403 | Steps: 48905 | Total Reward: -197004.35354787766|
| Episode: 586 | Epsilon:  0.05 | Reward: -644.668592172449 | Average Reward: -373.400 | Steps: 49037 | Total Reward: -197649.02214005007|
| Episode: 587 | Epsilon:  0.05 | Reward: -457.0013468871199 | Average Reward: -375.465 | Steps: 49136 | Total Reward: -198106.02348693734|
| Episode: 588 | Epsilon:  0.05 | Reward: -367.8220596149011 | Average Reward: -375.100 | Steps: 49201 | Total Reward: -198473.84554655218|
| Episode: 589 | Epsilon:  0.05 | Reward: -309.6941441543294 | Average Reward: -377.225 | Steps: 49269 | Total Reward: -198783.53969070644|
| Episode: 590 | Epsilon:  0.05 | Reward: -449.5317672775256 | Average Reward: -380.555 | Steps: 49345 | Total Reward: -199233.071457984|
| Episode: 591 | Epsilon:  0.05 | Reward: -135.83193692786506 | Average Reward: -377.997 | Steps: 49402 | Total Reward: -199368.9033949119|
| Episode: 592 | Epsilon:  0.05 | Reward: -564.5375600615434 | Average Reward: -380.792 | Steps: 49497 | Total Reward: -199933.4409549734|
| Episode: 593 | Epsilon:  0.05 | Reward: -119.628143980816 | Average Reward: -378.443 | Steps: 49562 | Total Reward: -200053.06909895426|
| Episode: 594 | Epsilon:  0.05 | Reward: -153.80673267725854 | Average Reward: -378.838 | Steps: 49645 | Total Reward: -200206.8758316315|
| Episode: 595 | Epsilon:  0.05 | Reward: -516.5794801403467 | Average Reward: -382.515 | Steps: 49714 | Total Reward: -200723.45531177177|
| Episode: 596 | Epsilon:  0.05 | Reward: -745.7932674606388 | Average Reward: -384.247 | Steps: 49803 | Total Reward: -201469.24857923246|
| Episode: 597 | Epsilon:  0.05 | Reward: -335.7531129430603 | Average Reward: -383.766 | Steps: 49879 | Total Reward: -201805.00169217552|
