+------------------------+----------------------------+--------------------+
|                        |     Supported Features     |  Program Commands  |
+========================+============================+====================+
| Compatible Layers      | Hopfield Layer,            | hopfield,          |
|                        | HopfieldLayer Layer,       | hopfield_layer,    |
|                        | HopfieldPooling Layer,     | hopfield_pooling,  |
|                        | LSTM,                      | lstm,              |
|                        | GRU                        | gru                |
+------------------------+----------------------------+--------------------+
| Supported Loss Metrics | Huber Loss,                | huber,             |
|                        | Mean Absolute Error Loss,  | mae,               |
|                        | Mean Squared Error Loss,   | mse,               |
|                        | SmoothL1 Loss              | smooth_l1          |
+------------------------+----------------------------+--------------------+
| Supported Optimizers   | RMSprop (default),         | rmsprop,           |
|                        | AdamW,                     | adam,              |
|                        | Adam                       | adamW              |
+------------------------+----------------------------+--------------------+
+------------------------------+-----------+
|          Parameter           |   Value   |
+==============================+===========+
| Loss Metric:                 | smooth_l1 |
+------------------------------+-----------+
| Sequence Length:             | 20        |
+------------------------------+-----------+
| Learning Rate:               | 0.001     |
+------------------------------+-----------+
| Update Target Steps:         | 15000     |
+------------------------------+-----------+
| Optimizer:                   | adamW     |
+------------------------------+-----------+
| Hopfield Inverse Temperature | 0.010     |
+------------------------------+-----------+
| Big or Small Loss            | no        |
+------------------------------+-----------+
| Soft or Hard Update          | hard      |
+------------------------------+-----------+
| Polyak Factor                | None      |
+------------------------------+-----------+
| Episode:   1 | Epsilon:  0.90 | Reward: -506.5771569989993 | Average Reward: -506.577 | Steps:   102 | Total Reward: -506.5771569989993|
| Episode:   2 | Epsilon:  0.86 | Reward: -106.48715693264016 | Average Reward: -306.532 | Steps:   169 | Total Reward: -613.064313931639|
| Episode:   3 | Epsilon:  0.82 | Reward: -271.1311185525874 | Average Reward: -294.732 | Steps:   228 | Total Reward: -884.1954324842266|
| Episode:   4 | Epsilon:  0.79 | Reward: -211.85180917112592 | Average Reward: -274.012 | Steps:   309 | Total Reward: -1096.0472416553514|
| Episode:   5 | Epsilon:  0.75 | Reward: -520.0715580462881 | Average Reward: -323.224 | Steps:   390 | Total Reward: -1616.1187997016405|
| Episode:   6 | Epsilon:  0.72 | Reward: -374.9534449048834 | Average Reward: -331.845 | Steps:   485 | Total Reward: -1991.072244606523|
| Episode:   7 | Epsilon:  0.69 | Reward: -131.73534191522492 | Average Reward: -303.258 | Steps:   547 | Total Reward: -2122.807586521748|
| Episode:   8 | Epsilon:  0.66 | Reward: -459.371546620922 | Average Reward: -322.772 | Steps:   636 | Total Reward: -2582.17913314267|
| Episode:   9 | Epsilon:  0.64 | Reward: -217.07538326272086 | Average Reward: -311.028 | Steps:   713 | Total Reward: -2799.254516405391|
| Episode:  10 | Epsilon:  0.61 | Reward: -365.9528968276474 | Average Reward: -316.521 | Steps:   781 | Total Reward: -3165.207413233037|
| Episode:  11 | Epsilon:  0.59 | Reward: -339.80428917843517 | Average Reward: -318.637 | Steps:   870 | Total Reward: -3505.0117024114707|
| Episode:  12 | Epsilon:  0.56 | Reward: -196.09254925323694 | Average Reward: -308.425 | Steps:   944 | Total Reward: -3701.1042516647076|
| Episode:  13 | Epsilon:  0.54 | Reward: -434.77683404722126 | Average Reward: -318.145 | Steps:  1009 | Total Reward: -4135.88108571193|
| Episode:  14 | Epsilon:  0.52 | Reward: -538.8466533149274 | Average Reward: -333.909 | Steps:  1097 | Total Reward: -4674.727739026858|
| Episode:  15 | Epsilon:  0.50 | Reward: -691.4812257778319 | Average Reward: -357.747 | Steps:  1193 | Total Reward: -5366.2089648046895|
| Episode:  16 | Epsilon:  0.48 | Reward: -408.633452888887 | Average Reward: -360.928 | Steps:  1277 | Total Reward: -5774.842417693577|
| Episode:  17 | Epsilon:  0.46 | Reward: -755.9578276059583 | Average Reward: -384.165 | Steps:  1371 | Total Reward: -6530.800245299537|
| Episode:  18 | Epsilon:  0.44 | Reward: -446.1458388605975 | Average Reward: -387.608 | Steps:  1436 | Total Reward: -6976.946084160136|
| Episode:  19 | Epsilon:  0.43 | Reward: -302.41537085060673 | Average Reward: -383.124 | Steps:  1490 | Total Reward: -7279.361455010743|
| Episode:  20 | Epsilon:  0.41 | Reward: -427.9474419423353 | Average Reward: -385.365 | Steps:  1558 | Total Reward: -7707.30889695308|
| Episode:  21 | Epsilon:  0.39 | Reward: -292.1716265198421 | Average Reward: -380.928 | Steps:  1615 | Total Reward: -7999.480523472925|
| Episode:  22 | Epsilon:  0.38 | Reward: -573.1457250729172 | Average Reward: -389.665 | Steps:  1707 | Total Reward: -8572.62624854584|
| Episode:  23 | Epsilon:  0.37 | Reward: -198.90417357061224 | Average Reward: -381.371 | Steps:  1764 | Total Reward: -8771.530422116453|
| Episode:  24 | Epsilon:  0.35 | Reward: -380.6951205586787 | Average Reward: -381.343 | Steps:  1825 | Total Reward: -9152.225542675133|
| Episode:  25 | Epsilon:  0.34 | Reward: -255.42665989608048 | Average Reward: -376.306 | Steps:  1884 | Total Reward: -9407.65220257121|
| Episode:  26 | Epsilon:  0.33 | Reward: -479.49515430613803 | Average Reward: -380.275 | Steps:  1958 | Total Reward: -9887.14735687735|
| Episode:  27 | Epsilon:  0.32 | Reward: -613.8017304579892 | Average Reward: -388.924 | Steps:  2032 | Total Reward: -10500.94908733534|
| Episode:  28 | Epsilon:  0.31 | Reward: -75.4461112258095 | Average Reward: -377.728 | Steps:  2094 | Total Reward: -10576.395198561155|
| Episode:  29 | Epsilon:  0.30 | Reward: -356.5246379998175 | Average Reward: -376.997 | Steps:  2345 | Total Reward: -10932.919836560963|
| Episode:  30 | Epsilon:  0.29 | Reward: -600.4348960083723 | Average Reward: -384.445 | Steps:  2551 | Total Reward: -11533.35473256932|
| Episode:  31 | Epsilon:  0.28 | Reward: -28.77111359698513 | Average Reward: -372.972 | Steps:  2680 | Total Reward: -11562.125846166316|
| Episode:  32 | Epsilon:  0.27 | Reward: -75.05058045022571 | Average Reward: -363.662 | Steps:  3005 | Total Reward: -11637.176426616543|
| Episode:  33 | Epsilon:  0.26 | Reward: -220.4202829947738 | Average Reward: -359.321 | Steps:  3156 | Total Reward: -11857.596709611313|
| Episode:  34 | Epsilon:  0.25 | Reward: -206.12011224265862 | Average Reward: -354.815 | Steps:  3336 | Total Reward: -12063.716821853961|
| Episode:  35 | Epsilon:  0.25 | Reward: -67.18521069351127 | Average Reward: -346.597 | Steps:  3462 | Total Reward: -12130.902032547467|
| Episode:  36 | Epsilon:  0.24 | Reward: -58.524735551185614 | Average Reward: -338.595 | Steps:  3664 | Total Reward: -12189.426768098652|
| Episode:  37 | Epsilon:  0.23 | Reward: -251.30597882537114 | Average Reward: -336.236 | Steps:  3880 | Total Reward: -12440.732746924026|
| Episode:  38 | Epsilon:  0.23 | Reward: -78.80830498449379 | Average Reward: -329.462 | Steps:  4041 | Total Reward: -12519.541051908525|
| Episode:  39 | Epsilon:  0.22 | Reward: -7.3238133300773285 | Average Reward: -321.202 | Steps:  4155 | Total Reward: -12526.864865238604|
| Episode:  40 | Epsilon:  0.21 | Reward: -49.141773671972544 | Average Reward: -314.400 | Steps:  4361 | Total Reward: -12576.006638910572|
| Episode:  41 | Epsilon:  0.21 | Reward: -99.14345737855021 | Average Reward: -309.150 | Steps:  4492 | Total Reward: -12675.15009628913|
| Episode:  42 | Epsilon:  0.20 | Reward: -40.00972213912956 | Average Reward: -302.742 | Steps:  4713 | Total Reward: -12715.159818428256|
| Episode:  43 | Epsilon:  0.20 | Reward: -12.664929061429774 | Average Reward: -295.996 | Steps:  4880 | Total Reward: -12727.824747489678|
| Episode:  44 | Epsilon:  0.19 | Reward: -160.60076595171648 | Average Reward: -292.919 | Steps:  5039 | Total Reward: -12888.42551344139|
| Episode:  45 | Epsilon:  0.19 | Reward: 13.113092945906104 | Average Reward: -286.118 | Steps:  5266 | Total Reward: -12875.312420495473|
| Episode:  46 | Epsilon:  0.18 | Reward: -179.8726671099499 | Average Reward: -283.808 | Steps:  5490 | Total Reward: -13055.185087605423|
| Episode:  47 | Epsilon:  0.18 | Reward: -53.33441436034312 | Average Reward: -278.905 | Steps:  5680 | Total Reward: -13108.51950196576|
| Episode:  48 | Epsilon:  0.18 | Reward: -223.5395022996592 | Average Reward: -277.751 | Steps:  5911 | Total Reward: -13332.05900426541|
| Episode:  49 | Epsilon:  0.17 | Reward: -148.7094877176062 | Average Reward: -275.118 | Steps:  6058 | Total Reward: -13480.768491983014|
| Episode:  50 | Epsilon:  0.17 | Reward: -8.347822493689222 | Average Reward: -269.782 | Steps:  6239 | Total Reward: -13489.11631447671|
| Episode:  51 | Epsilon:  0.17 | Reward: -55.851141338239614 | Average Reward: -265.588 | Steps:  6428 | Total Reward: -13544.967455814949|
| Episode:  52 | Epsilon:  0.16 | Reward: -130.36681227063417 | Average Reward: -262.987 | Steps:  6562 | Total Reward: -13675.334268085582|
| Episode:  53 | Epsilon:  0.16 | Reward: -252.53449676043152 | Average Reward: -262.790 | Steps:  6787 | Total Reward: -13927.868764846009|
| Episode:  54 | Epsilon:  0.16 | Reward: -92.05475698971533 | Average Reward: -259.628 | Steps:  6985 | Total Reward: -14019.92352183573|
| Episode:  55 | Epsilon:  0.15 | Reward: -156.00634613477905 | Average Reward: -257.744 | Steps:  7225 | Total Reward: -14175.92986797049|
| Episode:  56 | Epsilon:  0.15 | Reward: -183.3388304077768 | Average Reward: -256.416 | Steps:  7389 | Total Reward: -14359.268698378266|
| Episode:  57 | Epsilon:  0.15 | Reward: -171.33237075798107 | Average Reward: -254.923 | Steps:  7586 | Total Reward: -14530.601069136246|
| Episode:  58 | Epsilon:  0.15 | Reward: 77.11867384572557 | Average Reward: -249.198 | Steps:  8586 | Total Reward: -14453.482395290523|
| Episode:  59 | Epsilon:  0.14 | Reward: -160.97475096304981 | Average Reward: -247.703 | Steps:  8790 | Total Reward: -14614.457146253564|
| Episode:  60 | Epsilon:  0.14 | Reward: -166.28286499924735 | Average Reward: -246.346 | Steps:  9047 | Total Reward: -14780.74001125282|
| Episode:  61 | Epsilon:  0.14 | Reward: -74.4179819780212 | Average Reward: -243.527 | Steps:  9226 | Total Reward: -14855.157993230849|
| Episode:  62 | Epsilon:  0.14 | Reward: -80.61924343808903 | Average Reward: -240.900 | Steps:  9430 | Total Reward: -14935.777236668924|
| Episode:  63 | Epsilon:  0.14 | Reward: -234.0526933520886 | Average Reward: -240.791 | Steps:  9605 | Total Reward: -15169.829930021011|
| Episode:  64 | Epsilon:  0.13 | Reward: -172.8621617229225 | Average Reward: -239.730 | Steps:  9769 | Total Reward: -15342.692091743927|
| Episode:  65 | Epsilon:  0.13 | Reward: -1.0448506226931187 | Average Reward: -236.057 | Steps:  9921 | Total Reward: -15343.73694236661|
| Episode:  66 | Epsilon:  0.13 | Reward: -53.431610604659525 | Average Reward: -233.290 | Steps: 10071 | Total Reward: -15397.16855297126|
| Episode:  67 | Epsilon:  0.13 | Reward: -134.4071788156179 | Average Reward: -231.815 | Steps: 10257 | Total Reward: -15531.575731786876|
| Episode:  68 | Epsilon:  0.13 | Reward: -216.88883068213772 | Average Reward: -231.595 | Steps: 10438 | Total Reward: -15748.464562469013|
| Episode:  69 | Epsilon:  0.13 | Reward: 14.815642753975027 | Average Reward: -228.024 | Steps: 10625 | Total Reward: -15733.648919715035|
| Episode:  70 | Epsilon:  0.13 | Reward: -193.54887002295195 | Average Reward: -227.531 | Steps: 10770 | Total Reward: -15927.197789738|
| Episode:  71 | Epsilon:  0.12 | Reward: -116.3942703347672 | Average Reward: -225.966 | Steps: 10888 | Total Reward: -16043.592060072768|
| Episode:  72 | Epsilon:  0.12 | Reward: -275.920459309928 | Average Reward: -226.660 | Steps: 11174 | Total Reward: -16319.512519382688|
| Episode:  73 | Epsilon:  0.12 | Reward: -16.717695206713316 | Average Reward: -223.784 | Steps: 11315 | Total Reward: -16336.230214589397|
| Episode:  74 | Epsilon:  0.12 | Reward: -150.83519993288377 | Average Reward: -222.798 | Steps: 11481 | Total Reward: -16487.065414522283|
| Episode:  75 | Epsilon:  0.12 | Reward: -198.02369437789838 | Average Reward: -222.468 | Steps: 11620 | Total Reward: -16685.089108900174|
| Episode:  76 | Epsilon:  0.12 | Reward: -168.93326185051245 | Average Reward: -221.763 | Steps: 11780 | Total Reward: -16854.022370750663|
| Episode:  77 | Epsilon:  0.12 | Reward: 41.736472619216116 | Average Reward: -218.341 | Steps: 12780 | Total Reward: -16812.285898131406|
| Episode:  78 | Epsilon:  0.12 | Reward: -68.21167783218182 | Average Reward: -216.417 | Steps: 13029 | Total Reward: -16880.49757596359|
| Episode:  79 | Epsilon:  0.12 | Reward: -235.8454573604131 | Average Reward: -216.663 | Steps: 13186 | Total Reward: -17116.343033324003|
| Episode:  80 | Epsilon:  0.12 | Reward: -239.49781442368342 | Average Reward: -216.948 | Steps: 13374 | Total Reward: -17355.8408477477|
| Episode:  81 | Epsilon:  0.11 | Reward: -50.14479111832174 | Average Reward: -214.889 | Steps: 13630 | Total Reward: -17405.98563886602|
| Episode:  82 | Epsilon:  0.11 | Reward: -26.01114419120303 | Average Reward: -212.585 | Steps: 13783 | Total Reward: -17431.996783057206|
| Episode:  83 | Epsilon:  0.11 | Reward: -206.6620881858853 | Average Reward: -212.514 | Steps: 13979 | Total Reward: -17638.6588712431|
| Episode:  84 | Epsilon:  0.11 | Reward: -222.97326950850334 | Average Reward: -212.638 | Steps: 14190 | Total Reward: -17861.632140751575|
| Episode:  85 | Epsilon:  0.11 | Reward: -227.95959386200025 | Average Reward: -212.819 | Steps: 14367 | Total Reward: -18089.591734613576|
| Episode:  86 | Epsilon:  0.11 | Reward: -164.72634120889882 | Average Reward: -212.260 | Steps: 14586 | Total Reward: -18254.31807582248|
| Episode:  87 | Epsilon:  0.11 | Reward: -208.76449124514664 | Average Reward: -212.219 | Steps: 14792 | Total Reward: -18463.082567067624|
| Episode:  88 | Epsilon:  0.11 | Reward: -25.80432504869688 | Average Reward: -210.101 | Steps: 14969 | Total Reward: -18488.8868921163|
| Episode:  89 | Epsilon:  0.11 | Reward: -182.96340468006977 | Average Reward: -209.796 | Steps: 15115 | Total Reward: -18671.850296796376|
| Episode:  90 | Epsilon:  0.11 | Reward: -222.75257159279323 | Average Reward: -209.940 | Steps: 15328 | Total Reward: -18894.602868389156|
| Episode:  91 | Epsilon:  0.11 | Reward: -44.0147312259776 | Average Reward: -208.117 | Steps: 15526 | Total Reward: -18938.617599615096|
| Episode:  92 | Epsilon:  0.11 | Reward: -59.34381439955333 | Average Reward: -206.500 | Steps: 15755 | Total Reward: -18997.96141401465|
| Episode:  93 | Epsilon:  0.11 | Reward: 10.062568167526209 | Average Reward: -204.171 | Steps: 16042 | Total Reward: -18987.898845847114|
| Episode:  94 | Epsilon:  0.11 | Reward: 50.23625998169692 | Average Reward: -201.464 | Steps: 16231 | Total Reward: -18937.662585865433|
| Episode:  95 | Epsilon:  0.11 | Reward: -39.47503033709472 | Average Reward: -199.759 | Steps: 16376 | Total Reward: -18977.137616202526|
| Episode:  96 | Epsilon:  0.11 | Reward: -63.94057588364901 | Average Reward: -198.345 | Steps: 16604 | Total Reward: -19041.078192086177|
| Episode:  97 | Epsilon:  0.11 | Reward: -167.11575488848086 | Average Reward: -198.023 | Steps: 16805 | Total Reward: -19208.19394697465|
| Episode:  98 | Epsilon:  0.11 | Reward: -224.11953334590666 | Average Reward: -198.289 | Steps: 16973 | Total Reward: -19432.31348032057|
| Episode:  99 | Epsilon:  0.11 | Reward: -10.252148819995412 | Average Reward: -196.390 | Steps: 17174 | Total Reward: -19442.565629140558|
| Episode: 100 | Epsilon:  0.11 | Reward: -272.8996916319475 | Average Reward: -197.155 | Steps: 17453 | Total Reward: -19715.4653207725|
| Episode: 101 | Epsilon:  0.11 | Reward: -217.44705755181724 | Average Reward: -194.263 | Steps: 17661 | Total Reward: -19932.91237832432|
| Episode: 102 | Epsilon:  0.11 | Reward: -232.1335083901209 | Average Reward: -195.520 | Steps: 17981 | Total Reward: -20165.04588671441|
| Episode: 103 | Epsilon:  0.10 | Reward: -208.50154000235682 | Average Reward: -194.894 | Steps: 18138 | Total Reward: -20373.54742671676|
| Episode: 104 | Epsilon:  0.10 | Reward: -177.10410203538606 | Average Reward: -194.546 | Steps: 18319 | Total Reward: -20550.65152875213|
| Episode: 105 | Epsilon:  0.10 | Reward: -105.87422751152299 | Average Reward: -190.404 | Steps: 18543 | Total Reward: -20656.525756263654|
| Episode: 106 | Epsilon:  0.10 | Reward: -92.95134212697549 | Average Reward: -187.584 | Steps: 18713 | Total Reward: -20749.477098390616|
| Episode: 107 | Epsilon:  0.10 | Reward: -52.57553907399609 | Average Reward: -186.792 | Steps: 18844 | Total Reward: -20802.05263746462|
| Episode: 108 | Epsilon:  0.10 | Reward: -48.222128298004876 | Average Reward: -182.681 | Steps: 19023 | Total Reward: -20850.27476576264|
| Episode: 109 | Epsilon:  0.10 | Reward: -139.1695569796558 | Average Reward: -181.902 | Steps: 19195 | Total Reward: -20989.4443227423|
| Episode: 110 | Epsilon:  0.10 | Reward: -121.77387552422078 | Average Reward: -179.460 | Steps: 19419 | Total Reward: -21111.218198266502|
| Episode: 111 | Epsilon:  0.10 | Reward: -64.98162717763395 | Average Reward: -176.712 | Steps: 19606 | Total Reward: -21176.199825444135|
| Episode: 112 | Epsilon:  0.10 | Reward: -235.7471817451039 | Average Reward: -177.108 | Steps: 19830 | Total Reward: -21411.947007189254|
| Episode: 113 | Epsilon:  0.10 | Reward: -171.1768148167098 | Average Reward: -174.472 | Steps: 20018 | Total Reward: -21583.12382200595|
| Episode: 114 | Epsilon:  0.10 | Reward: -7.5573687569285966 | Average Reward: -169.160 | Steps: 20164 | Total Reward: -21590.681190762894|
| Episode: 115 | Epsilon:  0.10 | Reward: -55.812465388454775 | Average Reward: -162.803 | Steps: 20292 | Total Reward: -21646.493656151335|
| Episode: 116 | Epsilon:  0.10 | Reward: -231.7499336972586 | Average Reward: -161.034 | Steps: 20491 | Total Reward: -21878.243589848582|
| Episode: 117 | Epsilon:  0.10 | Reward: -34.44597791725309 | Average Reward: -153.819 | Steps: 20680 | Total Reward: -21912.68956776585|
| Episode: 118 | Epsilon:  0.10 | Reward: -123.94232272506264 | Average Reward: -150.597 | Steps: 20871 | Total Reward: -22036.631890490924|
| Episode: 119 | Epsilon:  0.10 | Reward: -1.4940951620902894 | Average Reward: -147.588 | Steps: 21104 | Total Reward: -22038.125985653023|
| Episode: 120 | Epsilon:  0.10 | Reward: -35.066790813504156 | Average Reward: -143.659 | Steps: 21284 | Total Reward: -22073.192776466538|
| Episode: 121 | Epsilon:  0.10 | Reward: -69.46076783251667 | Average Reward: -141.432 | Steps: 21463 | Total Reward: -22142.653544299075|
| Episode: 122 | Epsilon:  0.10 | Reward: -204.9771340182885 | Average Reward: -137.750 | Steps: 21684 | Total Reward: -22347.630678317393|
| Episode: 123 | Epsilon:  0.10 | Reward: -146.03128043827115 | Average Reward: -137.221 | Steps: 21856 | Total Reward: -22493.66195875566|
| Episode: 124 | Epsilon:  0.10 | Reward: 15.836504659840344 | Average Reward: -133.256 | Steps: 22070 | Total Reward: -22477.825454095808|
| Episode: 125 | Epsilon:  0.10 | Reward: -193.58261750932957 | Average Reward: -132.638 | Steps: 22287 | Total Reward: -22671.40807160514|
| Episode: 126 | Epsilon:  0.10 | Reward: -218.9457336116315 | Average Reward: -130.032 | Steps: 22492 | Total Reward: -22890.35380521677|
| Episode: 127 | Epsilon:  0.10 | Reward: -180.9859130414572 | Average Reward: -125.704 | Steps: 22750 | Total Reward: -23071.339718258227|
| Episode: 128 | Epsilon:  0.10 | Reward: -204.35768510091543 | Average Reward: -126.993 | Steps: 23003 | Total Reward: -23275.69740335912|
| Episode: 129 | Epsilon:  0.10 | Reward: -217.97627632789428 | Average Reward: -125.608 | Steps: 23246 | Total Reward: -23493.673679687014|
| Episode: 130 | Epsilon:  0.10 | Reward: -225.82037331085868 | Average Reward: -121.861 | Steps: 23460 | Total Reward: -23719.49405299787|
| Episode: 131 | Epsilon:  0.10 | Reward: -209.09183200215972 | Average Reward: -123.665 | Steps: 23611 | Total Reward: -23928.585885000037|
| Episode: 132 | Epsilon:  0.10 | Reward: 2.2200564314585876 | Average Reward: -122.892 | Steps: 23799 | Total Reward: -23926.365828568585|
| Episode: 133 | Epsilon:  0.10 | Reward: -237.1540506967043 | Average Reward: -123.059 | Steps: 23996 | Total Reward: -24163.519879265303|
| Episode: 134 | Epsilon:  0.10 | Reward: -13.229012216098567 | Average Reward: -121.130 | Steps: 24199 | Total Reward: -24176.748891481384|
| Episode: 135 | Epsilon:  0.10 | Reward: -64.27256464877578 | Average Reward: -121.101 | Steps: 24373 | Total Reward: -24241.02145613019|
| Episode: 136 | Epsilon:  0.10 | Reward: 88.72661987777487 | Average Reward: -119.629 | Steps: 25373 | Total Reward: -24152.294836252455|
| Episode: 137 | Epsilon:  0.10 | Reward: -73.60699559192139 | Average Reward: -117.852 | Steps: 25572 | Total Reward: -24225.901831844396|
| Episode: 138 | Epsilon:  0.10 | Reward: -158.07916527496695 | Average Reward: -118.644 | Steps: 25759 | Total Reward: -24383.980997119383|
| Episode: 139 | Epsilon:  0.10 | Reward: -179.23729290820648 | Average Reward: -120.364 | Steps: 25933 | Total Reward: -24563.218290027573|
| Episode: 140 | Epsilon:  0.10 | Reward: -58.64204123282961 | Average Reward: -120.459 | Steps: 26078 | Total Reward: -24621.860331260403|
| Episode: 141 | Epsilon:  0.10 | Reward: -184.2173584046613 | Average Reward: -121.309 | Steps: 26276 | Total Reward: -24806.077689665046|
| Episode: 142 | Epsilon:  0.10 | Reward: 0.0332631894487605 | Average Reward: -120.909 | Steps: 26547 | Total Reward: -24806.04442647561|
| Episode: 143 | Epsilon:  0.10 | Reward: -276.8867911833104 | Average Reward: -123.551 | Steps: 26833 | Total Reward: -25082.93121765891|
| Episode: 144 | Epsilon:  0.10 | Reward: -184.4286738965812 | Average Reward: -123.789 | Steps: 27060 | Total Reward: -25267.35989155551|
| Episode: 145 | Epsilon:  0.10 | Reward: -188.00493379725236 | Average Reward: -125.801 | Steps: 27278 | Total Reward: -25455.36482535273|
| Episode: 146 | Epsilon:  0.10 | Reward: -76.98518945367636 | Average Reward: -124.772 | Steps: 27450 | Total Reward: -25532.35001480641|
| Episode: 147 | Epsilon:  0.10 | Reward: -189.89045785029532 | Average Reward: -126.137 | Steps: 27685 | Total Reward: -25722.240472656667|
| Episode: 148 | Epsilon:  0.10 | Reward: -212.92584634095022 | Average Reward: -126.031 | Steps: 27987 | Total Reward: -25935.166318997628|
| Episode: 149 | Epsilon:  0.10 | Reward: -83.68958271851885 | Average Reward: -125.381 | Steps: 28216 | Total Reward: -26018.85590171614|
| Episode: 150 | Epsilon:  0.10 | Reward: 36.37399112655777 | Average Reward: -124.934 | Steps: 28424 | Total Reward: -25982.481910589595|
| Episode: 151 | Epsilon:  0.10 | Reward: -150.731154494791 | Average Reward: -125.882 | Steps: 28578 | Total Reward: -26133.21306508437|
| Episode: 152 | Epsilon:  0.10 | Reward: -280.7143006909299 | Average Reward: -127.386 | Steps: 28851 | Total Reward: -26413.92736577529|
| Episode: 153 | Epsilon:  0.10 | Reward: -200.50966846921352 | Average Reward: -126.866 | Steps: 29037 | Total Reward: -26614.437034244515|
| Episode: 154 | Epsilon:  0.10 | Reward: -29.452601392206333 | Average Reward: -126.240 | Steps: 29230 | Total Reward: -26643.889635636708|
| Episode: 155 | Epsilon:  0.10 | Reward: 172.41980702754842 | Average Reward: -122.955 | Steps: 30221 | Total Reward: -26471.46982860916|
| Episode: 156 | Epsilon:  0.10 | Reward: -56.110247551987754 | Average Reward: -121.683 | Steps: 30392 | Total Reward: -26527.580076161154|
| Episode: 157 | Epsilon:  0.10 | Reward: -262.1023390904398 | Average Reward: -122.591 | Steps: 30648 | Total Reward: -26789.682415251576|
| Episode: 158 | Epsilon:  0.10 | Reward: -0.5507925763446764 | Average Reward: -123.368 | Steps: 30896 | Total Reward: -26790.233207827914|
| Episode: 159 | Epsilon:  0.10 | Reward: -67.48424733949507 | Average Reward: -122.433 | Steps: 31143 | Total Reward: -26857.717455167425|
| Episode: 160 | Epsilon:  0.10 | Reward: -103.55733414622142 | Average Reward: -121.805 | Steps: 31318 | Total Reward: -26961.274789313644|
| Episode: 161 | Epsilon:  0.10 | Reward: -245.33653507896332 | Average Reward: -123.515 | Steps: 31468 | Total Reward: -27206.611324392627|
| Episode: 162 | Epsilon:  0.10 | Reward: -33.577670432469006 | Average Reward: -123.044 | Steps: 31640 | Total Reward: -27240.188994825116|
| Episode: 163 | Epsilon:  0.10 | Reward: -211.53063885295742 | Average Reward: -122.819 | Steps: 31892 | Total Reward: -27451.71963367806|
| Episode: 164 | Epsilon:  0.10 | Reward: -7.932800128263338 | Average Reward: -121.170 | Steps: 32164 | Total Reward: -27459.652433806335|
| Episode: 165 | Epsilon:  0.10 | Reward: -7.346193812773464 | Average Reward: -121.233 | Steps: 32353 | Total Reward: -27466.99862761911|
| Episode: 166 | Epsilon:  0.10 | Reward: 242.0669305238731 | Average Reward: -118.278 | Steps: 32725 | Total Reward: -27224.93169709523|
| Episode: 167 | Epsilon:  0.10 | Reward: -70.66560831903755 | Average Reward: -117.640 | Steps: 33002 | Total Reward: -27295.59730541426|
| Episode: 168 | Epsilon:  0.10 | Reward: -48.1854515830135 | Average Reward: -115.953 | Steps: 33183 | Total Reward: -27343.782756997258|
| Episode: 169 | Epsilon:  0.10 | Reward: -191.529659685315 | Average Reward: -118.017 | Steps: 33364 | Total Reward: -27535.31241668257|
| Episode: 170 | Epsilon:  0.10 | Reward: 3.4890952230958163 | Average Reward: -116.046 | Steps: 33577 | Total Reward: -27531.82332145945|
| Episode: 171 | Epsilon:  0.10 | Reward: -230.78347826148288 | Average Reward: -117.190 | Steps: 33838 | Total Reward: -27762.606799720903|
| Episode: 172 | Epsilon:  0.10 | Reward: -265.7900226311912 | Average Reward: -117.089 | Steps: 34131 | Total Reward: -28028.396822352082|
| Episode: 173 | Epsilon:  0.10 | Reward: -64.54619693919727 | Average Reward: -117.567 | Steps: 34398 | Total Reward: -28092.943019291277|
| Episode: 174 | Epsilon:  0.10 | Reward: -229.07460894259177 | Average Reward: -118.350 | Steps: 34607 | Total Reward: -28322.01762823387|
| Episode: 175 | Epsilon:  0.10 | Reward: -197.9311956772077 | Average Reward: -118.349 | Steps: 34788 | Total Reward: -28519.94882391106|
| Episode: 176 | Epsilon:  0.10 | Reward: -9.351101026765619 | Average Reward: -116.753 | Steps: 35077 | Total Reward: -28529.29992493779|
| Episode: 177 | Epsilon:  0.10 | Reward: -263.69238501228386 | Average Reward: -119.807 | Steps: 35351 | Total Reward: -28792.99230995007|
| Episode: 178 | Epsilon:  0.10 | Reward: -102.78088937849816 | Average Reward: -120.153 | Steps: 35570 | Total Reward: -28895.773199328538|
| Episode: 179 | Epsilon:  0.10 | Reward: -81.30931824516964 | Average Reward: -118.607 | Steps: 35756 | Total Reward: -28977.08251757369|
| Episode: 180 | Epsilon:  0.10 | Reward: -209.0778232226728 | Average Reward: -118.303 | Steps: 36003 | Total Reward: -29186.160340796345|
| Episode: 181 | Epsilon:  0.10 | Reward: 11.361195496456688 | Average Reward: -117.688 | Steps: 36167 | Total Reward: -29174.799145299898|
| Episode: 182 | Epsilon:  0.10 | Reward: 29.54175412694022 | Average Reward: -117.133 | Steps: 36355 | Total Reward: -29145.257391172952|
| Episode: 183 | Epsilon:  0.10 | Reward: -60.156620788257506 | Average Reward: -115.668 | Steps: 36564 | Total Reward: -29205.414011961206|
| Episode: 184 | Epsilon:  0.10 | Reward: -236.68749467750536 | Average Reward: -115.805 | Steps: 36753 | Total Reward: -29442.10150663872|
| Episode: 185 | Epsilon:  0.10 | Reward: -214.53797415280445 | Average Reward: -115.670 | Steps: 37000 | Total Reward: -29656.639480791488|
| Episode: 186 | Epsilon:  0.10 | Reward: -40.35553401411363 | Average Reward: -114.427 | Steps: 37243 | Total Reward: -29696.995014805587|
| Episode: 187 | Epsilon:  0.10 | Reward: -109.0844781839081 | Average Reward: -113.430 | Steps: 37447 | Total Reward: -29806.079492989487|
| Episode: 188 | Epsilon:  0.10 | Reward: -11.005645273922681 | Average Reward: -113.282 | Steps: 37738 | Total Reward: -29817.085138263403|
| Episode: 189 | Epsilon:  0.10 | Reward: 54.87814763799818 | Average Reward: -110.904 | Steps: 38738 | Total Reward: -29762.206990625393|
| Episode: 190 | Epsilon:  0.10 | Reward: -169.38815583141948 | Average Reward: -110.370 | Steps: 38956 | Total Reward: -29931.595146456824|
| Episode: 191 | Epsilon:  0.10 | Reward: -52.900012575960986 | Average Reward: -110.459 | Steps: 39153 | Total Reward: -29984.49515903281|
| Episode: 192 | Epsilon:  0.10 | Reward: -213.62080695834305 | Average Reward: -112.002 | Steps: 39375 | Total Reward: -30198.115965991165|
| Episode: 193 | Epsilon:  0.10 | Reward: -188.72897986491654 | Average Reward: -113.989 | Steps: 39579 | Total Reward: -30386.844945856075|
| Episode: 194 | Epsilon:  0.10 | Reward: -71.62505161071473 | Average Reward: -115.208 | Steps: 39765 | Total Reward: -30458.4699974668|
| Episode: 195 | Epsilon:  0.10 | Reward: -100.72815285331468 | Average Reward: -115.821 | Steps: 40028 | Total Reward: -30559.198150320117|
| Episode: 196 | Epsilon:  0.10 | Reward: -255.3257155954772 | Average Reward: -117.734 | Steps: 40272 | Total Reward: -30814.523865915588|
| Episode: 197 | Epsilon:  0.10 | Reward: -137.32972613336216 | Average Reward: -117.437 | Steps: 40443 | Total Reward: -30951.853592048956|
| Episode: 198 | Epsilon:  0.10 | Reward: -10.673296395340984 | Average Reward: -115.302 | Steps: 40624 | Total Reward: -30962.526888444285|
| Episode: 199 | Epsilon:  0.10 | Reward: -362.1949049323455 | Average Reward: -118.822 | Steps: 40839 | Total Reward: -31324.721793376637|
| Episode: 200 | Epsilon:  0.10 | Reward: -57.71699953258302 | Average Reward: -116.670 | Steps: 41015 | Total Reward: -31382.438792909226|
| Episode: 201 | Epsilon:  0.10 | Reward: 220.96361152135484 | Average Reward: -112.286 | Steps: 41378 | Total Reward: -31161.47518138786|
| Episode: 202 | Epsilon:  0.10 | Reward: -49.92617287887134 | Average Reward: -110.464 | Steps: 41579 | Total Reward: -31211.401354266713|
| Episode: 203 | Epsilon:  0.10 | Reward: -183.90072361978488 | Average Reward: -110.218 | Steps: 41749 | Total Reward: -31395.302077886485|
| Episode: 204 | Epsilon:  0.10 | Reward: -31.332134616034097 | Average Reward: -108.760 | Steps: 41954 | Total Reward: -31426.634212502515|
| Episode: 205 | Epsilon:  0.10 | Reward: -2.324855715601103 | Average Reward: -107.724 | Steps: 42188 | Total Reward: -31428.959068218115|
| Episode: 206 | Epsilon:  0.10 | Reward: -204.78987750958134 | Average Reward: -108.843 | Steps: 42389 | Total Reward: -31633.74894572769|
| Episode: 207 | Epsilon:  0.10 | Reward: -197.43294189939397 | Average Reward: -110.291 | Steps: 42595 | Total Reward: -31831.181887627085|
| Episode: 208 | Epsilon:  0.10 | Reward: -81.92898632950138 | Average Reward: -110.628 | Steps: 42817 | Total Reward: -31913.110873956593|
| Episode: 209 | Epsilon:  0.10 | Reward: -5.635335297667169 | Average Reward: -109.293 | Steps: 43027 | Total Reward: -31918.746209254226|
| Episode: 210 | Epsilon:  0.10 | Reward: -45.56041682987632 | Average Reward: -108.531 | Steps: 43199 | Total Reward: -31964.306626084122|
| Episode: 211 | Epsilon:  0.10 | Reward: -211.25652110940695 | Average Reward: -109.994 | Steps: 43456 | Total Reward: -32175.563147193498|
| Episode: 212 | Epsilon:  0.10 | Reward: -193.0519391135652 | Average Reward: -109.567 | Steps: 43620 | Total Reward: -32368.61508630706|
| Episode: 213 | Epsilon:  0.10 | Reward: -181.66093783898475 | Average Reward: -109.672 | Steps: 43813 | Total Reward: -32550.276024146053|
| Episode: 214 | Epsilon:  0.10 | Reward: -201.38853884094226 | Average Reward: -111.610 | Steps: 44042 | Total Reward: -32751.664562987004|
| Episode: 215 | Epsilon:  0.10 | Reward: -99.8670280117738 | Average Reward: -112.050 | Steps: 44249 | Total Reward: -32851.53159099877|
| Episode: 216 | Epsilon:  0.10 | Reward: -197.81127355282683 | Average Reward: -111.711 | Steps: 44557 | Total Reward: -33049.3428645516|
| Episode: 217 | Epsilon:  0.10 | Reward: -77.17738580686053 | Average Reward: -112.138 | Steps: 44802 | Total Reward: -33126.52025035843|
| Episode: 218 | Epsilon:  0.10 | Reward: 39.27496976087508 | Average Reward: -110.506 | Steps: 45001 | Total Reward: -33087.24528059754|
| Episode: 219 | Epsilon:  0.10 | Reward: -77.51279571576957 | Average Reward: -111.266 | Steps: 45137 | Total Reward: -33164.75807631336|
| Episode: 220 | Epsilon:  0.10 | Reward: -222.30028418728335 | Average Reward: -113.139 | Steps: 45377 | Total Reward: -33387.05836050066|
| Episode: 221 | Epsilon:  0.10 | Reward: -247.22386173193703 | Average Reward: -114.916 | Steps: 45535 | Total Reward: -33634.28222223259|
| Episode: 222 | Epsilon:  0.10 | Reward: -213.2464370898811 | Average Reward: -114.999 | Steps: 45771 | Total Reward: -33847.52865932244|
| Episode: 223 | Epsilon:  0.10 | Reward: 6.077270858570174 | Average Reward: -113.478 | Steps: 45971 | Total Reward: -33841.45138846376|
| Episode: 224 | Epsilon:  0.10 | Reward: -96.97323604770594 | Average Reward: -114.606 | Steps: 46178 | Total Reward: -33938.42462451148|
| Episode: 225 | Epsilon:  0.10 | Reward: -212.3808436400618 | Average Reward: -114.794 | Steps: 46360 | Total Reward: -34150.80546815153|
| Episode: 226 | Epsilon:  0.10 | Reward: -207.68666579597138 | Average Reward: -114.681 | Steps: 46520 | Total Reward: -34358.49213394747|
| Episode: 227 | Epsilon:  0.10 | Reward: 14.852182215902161 | Average Reward: -112.723 | Steps: 46739 | Total Reward: -34343.63995173158|
| Episode: 228 | Epsilon:  0.10 | Reward: -141.61541382001522 | Average Reward: -112.096 | Steps: 46962 | Total Reward: -34485.255365551624|
| Episode: 229 | Epsilon:  0.10 | Reward: -248.0109109616514 | Average Reward: -112.396 | Steps: 47208 | Total Reward: -34733.2662765133|
| Episode: 230 | Epsilon:  0.10 | Reward: -217.60821778413992 | Average Reward: -112.314 | Steps: 47377 | Total Reward: -34950.874494297444|
| Episode: 231 | Epsilon:  0.10 | Reward: -53.38608575200945 | Average Reward: -110.757 | Steps: 47623 | Total Reward: -35004.26058004941|
| Episode: 232 | Epsilon:  0.10 | Reward: -250.21756566385025 | Average Reward: -113.281 | Steps: 47863 | Total Reward: -35254.478145713314|
| Episode: 233 | Epsilon:  0.10 | Reward: -160.97227924831276 | Average Reward: -112.519 | Steps: 48051 | Total Reward: -35415.45042496158|
| Episode: 234 | Epsilon:  0.10 | Reward: -229.4563501068595 | Average Reward: -114.682 | Steps: 48234 | Total Reward: -35644.90677506847|
| Episode: 235 | Epsilon:  0.10 | Reward: 239.09325230662148 | Average Reward: -111.648 | Steps: 48716 | Total Reward: -35405.81352276177|
| Episode: 236 | Epsilon:  0.10 | Reward: -100.99777153292888 | Average Reward: -113.545 | Steps: 48894 | Total Reward: -35506.81129429468|
| Episode: 237 | Epsilon:  0.10 | Reward: -97.02308464864561 | Average Reward: -113.779 | Steps: 49155 | Total Reward: -35603.83437894331|
| Episode: 238 | Epsilon:  0.10 | Reward: -163.73778527917833 | Average Reward: -113.836 | Steps: 49324 | Total Reward: -35767.572164222445|
| Episode: 239 | Epsilon:  0.10 | Reward: -72.09636404006437 | Average Reward: -112.765 | Steps: 49509 | Total Reward: -35839.66852826248|
| Episode: 240 | Epsilon:  0.10 | Reward: -120.88370232247371 | Average Reward: -113.387 | Steps: 49748 | Total Reward: -35960.552230584966|
| Episode: 241 | Epsilon:  0.10 | Reward: -240.4567590923922 | Average Reward: -113.949 | Steps: 49984 | Total Reward: -36201.00898967726|
| Episode: 242 | Epsilon:  0.10 | Reward: 299.1109684479843 | Average Reward: -110.959 | Steps: 50384 | Total Reward: -35901.89802122933|
| Episode: 243 | Epsilon:  0.10 | Reward: -7.214921596329049 | Average Reward: -108.262 | Steps: 50611 | Total Reward: -35909.112942825624|
| Episode: 244 | Epsilon:  0.10 | Reward: -247.17640223620987 | Average Reward: -108.889 | Steps: 50841 | Total Reward: -36156.289345061814|
| Episode: 245 | Epsilon:  0.10 | Reward: -97.38595702320099 | Average Reward: -107.983 | Steps: 51142 | Total Reward: -36253.67530208502|
| Episode: 246 | Epsilon:  0.10 | Reward: -48.69010917268851 | Average Reward: -107.700 | Steps: 51359 | Total Reward: -36302.36541125774|
| Episode: 247 | Epsilon:  0.10 | Reward: -240.86922775767692 | Average Reward: -108.210 | Steps: 51521 | Total Reward: -36543.234639015434|
| Episode: 248 | Epsilon:  0.10 | Reward: -44.00626672470483 | Average Reward: -106.521 | Steps: 51717 | Total Reward: -36587.24090574017|
| Episode: 249 | Epsilon:  0.10 | Reward: -81.97758046816263 | Average Reward: -106.504 | Steps: 51917 | Total Reward: -36669.218486208294|
| Episode: 250 | Epsilon:  0.10 | Reward: -3.5760052157342983 | Average Reward: -106.903 | Steps: 52107 | Total Reward: -36672.79449142404|
| Episode: 251 | Epsilon:  0.10 | Reward: -171.96904185118257 | Average Reward: -107.116 | Steps: 52319 | Total Reward: -36844.7635332752|
| Episode: 252 | Epsilon:  0.10 | Reward: -9.65010592665999 | Average Reward: -104.405 | Steps: 52506 | Total Reward: -36854.413639201885|
| Episode: 253 | Epsilon:  0.10 | Reward: -190.05346597051073 | Average Reward: -104.300 | Steps: 52746 | Total Reward: -37044.46710517237|
| Episode: 254 | Epsilon:  0.10 | Reward: -224.27886010411922 | Average Reward: -106.249 | Steps: 52900 | Total Reward: -37268.74596527648|
| Episode: 255 | Epsilon:  0.10 | Reward: -89.98106117701622 | Average Reward: -108.873 | Steps: 53147 | Total Reward: -37358.7270264535|
| Episode: 256 | Epsilon:  0.10 | Reward: -74.56394604106112 | Average Reward: -109.057 | Steps: 53331 | Total Reward: -37433.290972494564|
| Episode: 257 | Epsilon:  0.10 | Reward: -72.46592455375043 | Average Reward: -107.161 | Steps: 53654 | Total Reward: -37505.75689704825|
| Episode: 258 | Epsilon:  0.10 | Reward: -29.380336236921266 | Average Reward: -107.449 | Steps: 53883 | Total Reward: -37535.137233285175|
| Episode: 259 | Epsilon:  0.10 | Reward: -59.37619892829887 | Average Reward: -107.368 | Steps: 54048 | Total Reward: -37594.51343221347|
| Episode: 260 | Epsilon:  0.10 | Reward: -72.58594943125465 | Average Reward: -107.058 | Steps: 54374 | Total Reward: -37667.099381644686|
| Episode: 261 | Epsilon:  0.10 | Reward: -181.49125338712867 | Average Reward: -106.420 | Steps: 54556 | Total Reward: -37848.59063503183|
| Episode: 262 | Epsilon:  0.10 | Reward: 240.05904894114738 | Average Reward: -103.683 | Steps: 54967 | Total Reward: -37608.5315860907|
| Episode: 263 | Epsilon:  0.10 | Reward: -108.64765265806241 | Average Reward: -102.655 | Steps: 55153 | Total Reward: -37717.179238748744|
| Episode: 264 | Epsilon:  0.10 | Reward: 248.21167160546185 | Average Reward: -100.093 | Steps: 55515 | Total Reward: -37468.9675671433|
| Episode: 265 | Epsilon:  0.10 | Reward: 27.08767270417107 | Average Reward: -99.749 | Steps: 55735 | Total Reward: -37441.87989443912|
| Episode: 266 | Epsilon:  0.10 | Reward: -246.88655715117073 | Average Reward: -104.638 | Steps: 55967 | Total Reward: -37688.766451590294|
| Episode: 267 | Epsilon:  0.10 | Reward: -208.20178168548983 | Average Reward: -106.014 | Steps: 56195 | Total Reward: -37896.968233275795|
| Episode: 268 | Epsilon:  0.10 | Reward: -192.47352975367602 | Average Reward: -107.457 | Steps: 56424 | Total Reward: -38089.44176302943|
| Episode: 269 | Epsilon:  0.10 | Reward: -71.96179182974741 | Average Reward: -106.261 | Steps: 56689 | Total Reward: -38161.40355485918|
| Episode: 270 | Epsilon:  0.10 | Reward: -350.5373879878691 | Average Reward: -109.801 | Steps: 56872 | Total Reward: -38511.94094284707|
| Episode: 271 | Epsilon:  0.10 | Reward: -184.6723936377594 | Average Reward: -109.340 | Steps: 57065 | Total Reward: -38696.61333648486|
| Episode: 272 | Epsilon:  0.10 | Reward: -54.90168434533959 | Average Reward: -107.231 | Steps: 57253 | Total Reward: -38751.515020830215|
| Episode: 273 | Epsilon:  0.10 | Reward: -43.51591299557465 | Average Reward: -107.021 | Steps: 57524 | Total Reward: -38795.030933825816|
| Episode: 274 | Epsilon:  0.10 | Reward: -191.67378362825056 | Average Reward: -106.647 | Steps: 57692 | Total Reward: -38986.704717454064|
| Episode: 275 | Epsilon:  0.10 | Reward: -169.7932387246084 | Average Reward: -106.365 | Steps: 57865 | Total Reward: -39156.49795617867|
| Episode: 276 | Epsilon:  0.10 | Reward: -191.51246724045347 | Average Reward: -108.187 | Steps: 58058 | Total Reward: -39348.010423419124|
| Episode: 277 | Epsilon:  0.10 | Reward: -178.74532743445982 | Average Reward: -107.338 | Steps: 58242 | Total Reward: -39526.7557508536|
| Episode: 278 | Epsilon:  0.10 | Reward: -179.98542188991323 | Average Reward: -108.110 | Steps: 58455 | Total Reward: -39706.74117274351|
| Episode: 279 | Epsilon:  0.10 | Reward: -151.49666393773907 | Average Reward: -108.812 | Steps: 58649 | Total Reward: -39858.23783668124|
| Episode: 280 | Epsilon:  0.10 | Reward: -197.5982752615385 | Average Reward: -108.697 | Steps: 58811 | Total Reward: -40055.83611194282|
| Episode: 281 | Epsilon:  0.10 | Reward: -77.21720015769151 | Average Reward: -109.583 | Steps: 58995 | Total Reward: -40133.05331210052|
| Episode: 282 | Epsilon:  0.10 | Reward: -242.1487710568297 | Average Reward: -112.299 | Steps: 59273 | Total Reward: -40375.202083157295|
| Episode: 283 | Epsilon:  0.10 | Reward: -210.9557527033704 | Average Reward: -113.807 | Steps: 59497 | Total Reward: -40586.15783586068|
| Episode: 284 | Epsilon:  0.10 | Reward: -252.08735536232203 | Average Reward: -113.961 | Steps: 59655 | Total Reward: -40838.245191222995|
| Episode: 285 | Epsilon:  0.10 | Reward: 248.39568715539215 | Average Reward: -109.332 | Steps: 60240 | Total Reward: -40589.84950406766|
| Episode: 286 | Epsilon:  0.10 | Reward: -168.33926749556838 | Average Reward: -110.612 | Steps: 60468 | Total Reward: -40758.188771563284|
| Episode: 287 | Epsilon:  0.10 | Reward: -197.96915307445943 | Average Reward: -111.501 | Steps: 60711 | Total Reward: -40956.1579246377|
| Episode: 288 | Epsilon:  0.10 | Reward: -35.120278532784326 | Average Reward: -111.742 | Steps: 60937 | Total Reward: -40991.27820317044|
| Episode: 289 | Epsilon:  0.10 | Reward: -156.46816729283353 | Average Reward: -113.855 | Steps: 61160 | Total Reward: -41147.74637046324|
| Episode: 290 | Epsilon:  0.10 | Reward: -42.564800716586525 | Average Reward: -112.587 | Steps: 61340 | Total Reward: -41190.31117117983|
| Episode: 291 | Epsilon:  0.10 | Reward: -222.21168424718215 | Average Reward: -114.280 | Steps: 61561 | Total Reward: -41412.522855427065|
| Episode: 292 | Epsilon:  0.10 | Reward: -106.8114650209219 | Average Reward: -113.212 | Steps: 61686 | Total Reward: -41519.334320448026|
| Episode: 293 | Epsilon:  0.10 | Reward: -206.24429620695767 | Average Reward: -113.387 | Steps: 61886 | Total Reward: -41725.578616655|
| Episode: 294 | Epsilon:  0.10 | Reward: 294.1160828471579 | Average Reward: -109.730 | Steps: 62223 | Total Reward: -41431.462533807826|
| Episode: 295 | Epsilon:  0.10 | Reward: -48.01071302199778 | Average Reward: -109.203 | Steps: 62447 | Total Reward: -41479.47324682979|
| Episode: 296 | Epsilon:  0.10 | Reward: 232.36979441716878 | Average Reward: -104.326 | Steps: 62894 | Total Reward: -41247.103452412615|
| Episode: 297 | Epsilon:  0.10 | Reward: -52.71351681890842 | Average Reward: -103.480 | Steps: 63086 | Total Reward: -41299.81696923156|
| Episode: 298 | Epsilon:  0.10 | Reward: -208.46617721443698 | Average Reward: -105.458 | Steps: 63370 | Total Reward: -41508.283146446|
| Episode: 299 | Epsilon:  0.10 | Reward: -228.0466835517763 | Average Reward: -104.116 | Steps: 63632 | Total Reward: -41736.329829997776|
| Episode: 300 | Epsilon:  0.10 | Reward: -82.34795667780806 | Average Reward: -104.362 | Steps: 63840 | Total Reward: -41818.67778667558|
| Episode: 301 | Epsilon:  0.10 | Reward: -204.38469981800952 | Average Reward: -108.616 | Steps: 63990 | Total Reward: -42023.06248649356|
| Episode: 302 | Epsilon:  0.10 | Reward: -88.02662507717771 | Average Reward: -108.997 | Steps: 64186 | Total Reward: -42111.08911157072|
| Episode: 303 | Epsilon:  0.10 | Reward: -179.66887862100316 | Average Reward: -108.955 | Steps: 64390 | Total Reward: -42290.75799019172|
| Episode: 304 | Epsilon:  0.10 | Reward: -252.59042596167046 | Average Reward: -111.167 | Steps: 64614 | Total Reward: -42543.34841615337|
| Episode: 305 | Epsilon:  0.10 | Reward: -157.10929353830153 | Average Reward: -112.715 | Steps: 64766 | Total Reward: -42700.45770969165|
| Episode: 306 | Epsilon:  0.10 | Reward: -194.58204050671145 | Average Reward: -112.613 | Steps: 64974 | Total Reward: -42895.03975019835|
| Episode: 307 | Epsilon:  0.10 | Reward: -196.70253238292068 | Average Reward: -112.606 | Steps: 65217 | Total Reward: -43091.74228258131|
| Episode: 308 | Epsilon:  0.10 | Reward: -39.39221990423755 | Average Reward: -112.180 | Steps: 65527 | Total Reward: -43131.1345024855|
| Episode: 309 | Epsilon:  0.10 | Reward: 103.28355499377466 | Average Reward: -111.091 | Steps: 66026 | Total Reward: -43027.850947491745|
| Episode: 310 | Epsilon:  0.10 | Reward: -57.4541566205927 | Average Reward: -111.210 | Steps: 66295 | Total Reward: -43085.3051041124|
| Episode: 311 | Epsilon:  0.10 | Reward: -210.5087901966903 | Average Reward: -111.203 | Steps: 66500 | Total Reward: -43295.81389430905|
| Episode: 312 | Epsilon:  0.10 | Reward: 8.73898127442257 | Average Reward: -109.185 | Steps: 66808 | Total Reward: -43287.0749130346|
| Episode: 313 | Epsilon:  0.10 | Reward: -53.76112322136787 | Average Reward: -107.906 | Steps: 67035 | Total Reward: -43340.836036255925|
| Episode: 314 | Epsilon:  0.10 | Reward: -187.03377683570773 | Average Reward: -107.762 | Steps: 67220 | Total Reward: -43527.86981309168|
| Episode: 315 | Epsilon:  0.10 | Reward: -247.6129290806929 | Average Reward: -109.240 | Steps: 67482 | Total Reward: -43775.482742172375|
| Episode: 316 | Epsilon:  0.10 | Reward: -84.09572388083082 | Average Reward: -108.102 | Steps: 67627 | Total Reward: -43859.578466053186|
| Episode: 317 | Epsilon:  0.10 | Reward: -198.96003898755947 | Average Reward: -109.320 | Steps: 67821 | Total Reward: -44058.538505040786|
| Episode: 318 | Epsilon:  0.10 | Reward: -187.46360982604077 | Average Reward: -111.588 | Steps: 68059 | Total Reward: -44246.0021148669|
| Episode: 319 | Epsilon:  0.10 | Reward: -66.3178110916329 | Average Reward: -111.476 | Steps: 68239 | Total Reward: -44312.31992595853|
| Episode: 320 | Epsilon:  0.10 | Reward: -182.8738878852012 | Average Reward: -111.081 | Steps: 68422 | Total Reward: -44495.19381384372|
| Episode: 321 | Epsilon:  0.10 | Reward: -101.06696612694101 | Average Reward: -109.620 | Steps: 68602 | Total Reward: -44596.26077997067|
| Episode: 322 | Epsilon:  0.10 | Reward: -195.78193982020048 | Average Reward: -109.445 | Steps: 68834 | Total Reward: -44792.042719790865|
| Episode: 323 | Epsilon:  0.10 | Reward: -229.13386795500452 | Average Reward: -111.797 | Steps: 69068 | Total Reward: -45021.17658774583|
| Episode: 324 | Epsilon:  0.10 | Reward: -184.16521707557254 | Average Reward: -112.669 | Steps: 69303 | Total Reward: -45205.341804821415|
| Episode: 325 | Epsilon:  0.10 | Reward: -69.75834172445414 | Average Reward: -111.243 | Steps: 69498 | Total Reward: -45275.10014654587|
| Episode: 326 | Epsilon:  0.10 | Reward: -87.1857817629181 | Average Reward: -110.038 | Steps: 69710 | Total Reward: -45362.285928308775|
| Episode: 327 | Epsilon:  0.10 | Reward: -179.9938716595594 | Average Reward: -111.986 | Steps: 69927 | Total Reward: -45542.279799968324|
| Episode: 328 | Epsilon:  0.10 | Reward: -167.512128306433 | Average Reward: -112.245 | Steps: 70173 | Total Reward: -45709.79192827475|
| Episode: 329 | Epsilon:  0.10 | Reward: -241.36557177306534 | Average Reward: -112.179 | Steps: 70504 | Total Reward: -45951.157500047804|
| Episode: 330 | Epsilon:  0.10 | Reward: -231.0477405572037 | Average Reward: -112.313 | Steps: 70668 | Total Reward: -46182.20524060501|
| Episode: 331 | Epsilon:  0.10 | Reward: -268.4431680994009 | Average Reward: -114.464 | Steps: 70958 | Total Reward: -46450.64840870436|
| Episode: 332 | Epsilon:  0.10 | Reward: -94.97306028146015 | Average Reward: -112.911 | Steps: 71133 | Total Reward: -46545.621468985824|
| Episode: 333 | Epsilon:  0.10 | Reward: -66.00241133400253 | Average Reward: -111.962 | Steps: 71327 | Total Reward: -46611.62388031979|
| Episode: 334 | Epsilon:  0.10 | Reward: 3.7987439626316473 | Average Reward: -109.629 | Steps: 71518 | Total Reward: -46607.82513635716|
| Episode: 335 | Epsilon:  0.10 | Reward: -110.43391558528221 | Average Reward: -113.124 | Steps: 71764 | Total Reward: -46718.2590519425|
| Episode: 336 | Epsilon:  0.10 | Reward: -178.6086310941819 | Average Reward: -113.901 | Steps: 71946 | Total Reward: -46896.86768303664|
| Episode: 337 | Epsilon:  0.10 | Reward: -80.4290980679365 | Average Reward: -113.735 | Steps: 72156 | Total Reward: -46977.2967811046|
| Episode: 338 | Epsilon:  0.10 | Reward: -183.68178481882256 | Average Reward: -113.934 | Steps: 72325 | Total Reward: -47160.97856592345|
| Episode: 339 | Epsilon:  0.10 | Reward: -249.61831891322694 | Average Reward: -115.709 | Steps: 72586 | Total Reward: -47410.596884836705|
| Episode: 340 | Epsilon:  0.10 | Reward: -204.26273304771325 | Average Reward: -116.543 | Steps: 72827 | Total Reward: -47614.8596178844|
| Episode: 341 | Epsilon:  0.10 | Reward: -120.964837292204 | Average Reward: -115.348 | Steps: 73188 | Total Reward: -47735.824455176655|
| Episode: 342 | Epsilon:  0.10 | Reward: -265.649564835214 | Average Reward: -120.996 | Steps: 73433 | Total Reward: -48001.474020011876|
| Episode: 343 | Epsilon:  0.10 | Reward: -28.012273983099448 | Average Reward: -121.204 | Steps: 73676 | Total Reward: -48029.486293994996|
| Episode: 344 | Epsilon:  0.10 | Reward: -66.32081784691789 | Average Reward: -119.395 | Steps: 73886 | Total Reward: -48095.80711184193|
| Episode: 345 | Epsilon:  0.10 | Reward: -223.38456491205412 | Average Reward: -120.655 | Steps: 74237 | Total Reward: -48319.19167675402|
| Episode: 346 | Epsilon:  0.10 | Reward: -91.24594096127228 | Average Reward: -121.081 | Steps: 74430 | Total Reward: -48410.43761771528|
| Episode: 347 | Epsilon:  0.10 | Reward: 17.82210049150568 | Average Reward: -118.494 | Steps: 74636 | Total Reward: -48392.61551722381|
| Episode: 348 | Epsilon:  0.10 | Reward: -77.33250601271683 | Average Reward: -118.827 | Steps: 74827 | Total Reward: -48469.948023236524|
| Episode: 349 | Epsilon:  0.10 | Reward: -256.31837461136445 | Average Reward: -120.570 | Steps: 75102 | Total Reward: -48726.266397847874|
| Episode: 350 | Epsilon:  0.10 | Reward: 3.380101863823157 | Average Reward: -120.501 | Steps: 75285 | Total Reward: -48722.886295984106|
| Episode: 351 | Epsilon:  0.10 | Reward: -196.40671557696848 | Average Reward: -120.745 | Steps: 75474 | Total Reward: -48919.293011561094|
| Episode: 352 | Epsilon:  0.10 | Reward: -183.6161837541626 | Average Reward: -122.485 | Steps: 75682 | Total Reward: -49102.90919531526|
| Episode: 353 | Epsilon:  0.10 | Reward: -94.07328664835235 | Average Reward: -121.525 | Steps: 75918 | Total Reward: -49196.982481963605|
| Episode: 354 | Epsilon:  0.10 | Reward: -208.4775023420783 | Average Reward: -121.367 | Steps: 76209 | Total Reward: -49405.45998430568|
| Episode: 355 | Epsilon:  0.10 | Reward: -214.2650136522564 | Average Reward: -122.610 | Steps: 76451 | Total Reward: -49619.72499795794|
| Episode: 356 | Epsilon:  0.10 | Reward: 0.2922950076132196 | Average Reward: -121.861 | Steps: 76702 | Total Reward: -49619.43270295034|
| Episode: 357 | Epsilon:  0.10 | Reward: -208.58350480578204 | Average Reward: -123.223 | Steps: 76951 | Total Reward: -49828.01620775619|
| Episode: 358 | Epsilon:  0.10 | Reward: -105.24902647026359 | Average Reward: -123.981 | Steps: 77151 | Total Reward: -49933.265234226434|
| Episode: 359 | Epsilon:  0.10 | Reward: -215.25072912774988 | Average Reward: -125.540 | Steps: 77397 | Total Reward: -50148.515963354184|
| Episode: 360 | Epsilon:  0.10 | Reward: -255.1289392484734 | Average Reward: -127.365 | Steps: 77659 | Total Reward: -50403.64490260262|
| Episode: 361 | Epsilon:  0.10 | Reward: -217.92788572295865 | Average Reward: -127.730 | Steps: 77897 | Total Reward: -50621.57278832552|
| Episode: 362 | Epsilon:  0.10 | Reward: -122.61838185669065 | Average Reward: -131.357 | Steps: 78088 | Total Reward: -50744.1911701822|
| Episode: 363 | Epsilon:  0.10 | Reward: -138.63706542205597 | Average Reward: -131.656 | Steps: 78332 | Total Reward: -50882.828235604306|
| Episode: 364 | Epsilon:  0.10 | Reward: 7.203215533472985 | Average Reward: -134.067 | Steps: 78569 | Total Reward: -50875.625020070795|
| Episode: 365 | Epsilon:  0.10 | Reward: -226.21116587354703 | Average Reward: -136.600 | Steps: 78859 | Total Reward: -51101.836185944376|
| Episode: 366 | Epsilon:  0.10 | Reward: -169.3112718720492 | Average Reward: -135.824 | Steps: 79104 | Total Reward: -51271.147457816456|
| Episode: 367 | Epsilon:  0.10 | Reward: -302.3140913894282 | Average Reward: -136.765 | Steps: 79460 | Total Reward: -51573.461549205844|
| Episode: 368 | Epsilon:  0.10 | Reward: -210.14448033065088 | Average Reward: -136.942 | Steps: 79648 | Total Reward: -51783.60602953646|
| Episode: 369 | Epsilon:  0.10 | Reward: -190.8941460060143 | Average Reward: -138.131 | Steps: 79849 | Total Reward: -51974.50017554242|
| Episode: 370 | Epsilon:  0.10 | Reward: -86.26608250836587 | Average Reward: -135.488 | Steps: 80094 | Total Reward: -52060.76625805076|
| Episode: 371 | Epsilon:  0.10 | Reward: -207.92549883204492 | Average Reward: -135.721 | Steps: 80272 | Total Reward: -52268.691756882785|
| Episode: 372 | Epsilon:  0.10 | Reward: -175.27170064981868 | Average Reward: -136.924 | Steps: 80539 | Total Reward: -52443.963457532576|
| Episode: 373 | Epsilon:  0.10 | Reward: -29.1255033127712 | Average Reward: -136.781 | Steps: 80735 | Total Reward: -52473.08896084536|
| Episode: 374 | Epsilon:  0.10 | Reward: -234.90894062026166 | Average Reward: -137.213 | Steps: 81102 | Total Reward: -52707.997901465606|
| Episode: 375 | Epsilon:  0.10 | Reward: -7.415767061744802 | Average Reward: -135.589 | Steps: 81306 | Total Reward: -52715.41366852741|
| Episode: 376 | Epsilon:  0.10 | Reward: -222.52511849950156 | Average Reward: -135.899 | Steps: 81527 | Total Reward: -52937.93878702691|
| Episode: 377 | Epsilon:  0.10 | Reward: -71.80252756690166 | Average Reward: -134.830 | Steps: 81796 | Total Reward: -53009.74131459376|
| Episode: 378 | Epsilon:  0.10 | Reward: -149.42061226221875 | Average Reward: -134.524 | Steps: 82026 | Total Reward: -53159.16192685594|
| Episode: 379 | Epsilon:  0.10 | Reward: -235.59117780531886 | Average Reward: -135.365 | Steps: 82201 | Total Reward: -53394.7531046613|
| Episode: 380 | Epsilon:  0.10 | Reward: -141.1652025157237 | Average Reward: -134.801 | Steps: 82448 | Total Reward: -53535.91830717709|
| Episode: 381 | Epsilon:  0.10 | Reward: -60.41037338387813 | Average Reward: -134.633 | Steps: 82706 | Total Reward: -53596.32868056094|
| Episode: 382 | Epsilon:  0.10 | Reward: -182.52771212911716 | Average Reward: -134.037 | Steps: 82892 | Total Reward: -53778.85639269009|
| Episode: 383 | Epsilon:  0.10 | Reward: -226.06232881097532 | Average Reward: -134.188 | Steps: 83140 | Total Reward: -54004.918721501075|
| Episode: 384 | Epsilon:  0.10 | Reward: -257.74939156117887 | Average Reward: -134.244 | Steps: 83341 | Total Reward: -54262.668113062275|
| Episode: 385 | Epsilon:  0.10 | Reward: -161.2055404857022 | Average Reward: -138.340 | Steps: 83535 | Total Reward: -54423.87365354793|
| Episode: 386 | Epsilon:  0.10 | Reward: 258.0225800346369 | Average Reward: -134.077 | Steps: 83932 | Total Reward: -54165.85107351335|
| Episode: 387 | Epsilon:  0.10 | Reward: -62.99699975867002 | Average Reward: -132.727 | Steps: 84154 | Total Reward: -54228.84807327203|
| Episode: 388 | Epsilon:  0.10 | Reward: -106.49271915782924 | Average Reward: -133.441 | Steps: 84422 | Total Reward: -54335.34079242987|
| Episode: 389 | Epsilon:  0.10 | Reward: -259.76354773205856 | Average Reward: -134.474 | Steps: 84689 | Total Reward: -54595.1043401619|
| Episode: 390 | Epsilon:  0.10 | Reward: -29.451609321211592 | Average Reward: -134.342 | Steps: 84936 | Total Reward: -54624.555949483125|
| Episode: 391 | Epsilon:  0.10 | Reward: -62.998130363973274 | Average Reward: -132.750 | Steps: 85188 | Total Reward: -54687.55407984707|
| Episode: 392 | Epsilon:  0.10 | Reward: -86.93493225509775 | Average Reward: -132.552 | Steps: 85387 | Total Reward: -54774.48901210216|
| Episode: 393 | Epsilon:  0.10 | Reward: -358.0281499574185 | Average Reward: -134.069 | Steps: 85662 | Total Reward: -55132.51716205959|
| Episode: 394 | Epsilon:  0.10 | Reward: -11.360973796228436 | Average Reward: -137.124 | Steps: 85870 | Total Reward: -55143.87813585581|
| Episode: 395 | Epsilon:  0.10 | Reward: -191.60376271815562 | Average Reward: -138.560 | Steps: 86056 | Total Reward: -55335.481898573955|
| Episode: 396 | Epsilon:  0.10 | Reward: -34.71722330651255 | Average Reward: -141.231 | Steps: 86292 | Total Reward: -55370.19912188047|
| Episode: 397 | Epsilon:  0.10 | Reward: -227.19861880494724 | Average Reward: -142.976 | Steps: 86514 | Total Reward: -55597.39774068544|
| Episode: 398 | Epsilon:  0.10 | Reward: 257.5128931987987 | Average Reward: -138.316 | Steps: 87006 | Total Reward: -55339.884847486595|
| Episode: 399 | Epsilon:  0.10 | Reward: -173.48543453594857 | Average Reward: -137.770 | Steps: 87233 | Total Reward: -55513.37028202254|
| Episode: 400 | Epsilon:  0.10 | Reward: -28.055186715096227 | Average Reward: -137.227 | Steps: 87475 | Total Reward: -55541.4254687376|
| Episode: 401 | Epsilon:  0.10 | Reward: -78.23479928836664 | Average Reward: -135.966 | Steps: 87674 | Total Reward: -55619.66026802594|
| Episode: 402 | Epsilon:  0.10 | Reward: -273.3794347416899 | Average Reward: -137.820 | Steps: 87940 | Total Reward: -55893.03970276764|
| Episode: 403 | Epsilon:  0.10 | Reward: -231.23869292251672 | Average Reward: -138.335 | Steps: 88232 | Total Reward: -56124.27839569015|
| Episode: 404 | Epsilon:  0.10 | Reward: -94.63314432943059 | Average Reward: -136.756 | Steps: 88521 | Total Reward: -56218.91154001948|
| Episode: 405 | Epsilon:  0.10 | Reward: -257.678736924342 | Average Reward: -137.761 | Steps: 88870 | Total Reward: -56476.5902769438|
| Episode: 406 | Epsilon:  0.10 | Reward: -205.7127897625549 | Average Reward: -137.873 | Steps: 89085 | Total Reward: -56682.30306670632|
| Episode: 407 | Epsilon:  0.10 | Reward: -232.71218409437142 | Average Reward: -138.233 | Steps: 89344 | Total Reward: -56915.01525080068|
| Episode: 408 | Epsilon:  0.10 | Reward: -207.2597516494007 | Average Reward: -139.911 | Steps: 89581 | Total Reward: -57122.275002450086|
| Episode: 409 | Epsilon:  0.10 | Reward: -96.66505378038269 | Average Reward: -141.911 | Steps: 89833 | Total Reward: -57218.94005623045|
| Episode: 410 | Epsilon:  0.10 | Reward: 179.78075971823046 | Average Reward: -139.539 | Steps: 90556 | Total Reward: -57039.15929651216|
| Episode: 411 | Epsilon:  0.10 | Reward: -58.423318632850986 | Average Reward: -138.018 | Steps: 90749 | Total Reward: -57097.582615145075|
| Episode: 412 | Epsilon:  0.10 | Reward: -219.09791125369418 | Average Reward: -140.296 | Steps: 90978 | Total Reward: -57316.680526398784|
| Episode: 413 | Epsilon:  0.10 | Reward: -254.80006419773727 | Average Reward: -142.306 | Steps: 91203 | Total Reward: -57571.4805905965|
| Episode: 414 | Epsilon:  0.10 | Reward: -12.7129974530786 | Average Reward: -140.563 | Steps: 91468 | Total Reward: -57584.193588049544|
| Episode: 415 | Epsilon:  0.10 | Reward: -64.85001224641442 | Average Reward: -138.736 | Steps: 91731 | Total Reward: -57649.04360029593|
| Episode: 416 | Epsilon:  0.10 | Reward: 178.01882572196746 | Average Reward: -136.114 | Steps: 92381 | Total Reward: -57471.02477457392|
| Episode: 417 | Epsilon:  0.10 | Reward: -222.34852199407538 | Average Reward: -136.348 | Steps: 92669 | Total Reward: -57693.37329656797|
| Episode: 418 | Epsilon:  0.10 | Reward: -222.9534016353059 | Average Reward: -136.703 | Steps: 92872 | Total Reward: -57916.326698203244|
| Episode: 419 | Epsilon:  0.10 | Reward: -21.059033155516687 | Average Reward: -136.251 | Steps: 93076 | Total Reward: -57937.38573135872|
| Episode: 420 | Epsilon:  0.10 | Reward: -42.92847873233018 | Average Reward: -134.851 | Steps: 93225 | Total Reward: -57980.31421009107|
| Episode: 421 | Epsilon:  0.10 | Reward: -95.35739766049707 | Average Reward: -134.794 | Steps: 93536 | Total Reward: -58075.671607751574|
| Episode: 422 | Epsilon:  0.10 | Reward: -227.93099593696985 | Average Reward: -135.116 | Steps: 93736 | Total Reward: -58303.602603688545|
| Episode: 423 | Epsilon:  0.10 | Reward: -75.85253131461027 | Average Reward: -133.583 | Steps: 93933 | Total Reward: -58379.45513500317|
| Episode: 424 | Epsilon:  0.10 | Reward: -160.3765629794481 | Average Reward: -133.345 | Steps: 94176 | Total Reward: -58539.831697982656|
| Episode: 425 | Epsilon:  0.10 | Reward: -57.24399504882142 | Average Reward: -133.220 | Steps: 94491 | Total Reward: -58597.07569303149|
| Episode: 426 | Epsilon:  0.10 | Reward: -77.08984479779949 | Average Reward: -133.119 | Steps: 94708 | Total Reward: -58674.16553782924|
| Episode: 427 | Epsilon:  0.10 | Reward: -213.97538850184634 | Average Reward: -133.459 | Steps: 94905 | Total Reward: -58888.140926331034|
| Episode: 428 | Epsilon:  0.10 | Reward: 261.91187466567123 | Average Reward: -129.164 | Steps: 95400 | Total Reward: -58626.22905166544|
| Episode: 429 | Epsilon:  0.10 | Reward: -206.5684254652293 | Average Reward: -128.816 | Steps: 95635 | Total Reward: -58832.7974771307|
| Episode: 430 | Epsilon:  0.10 | Reward: -72.73935994962827 | Average Reward: -127.233 | Steps: 95846 | Total Reward: -58905.53683708034|
| Episode: 431 | Epsilon:  0.10 | Reward: -14.933102228157367 | Average Reward: -124.698 | Steps: 96037 | Total Reward: -58920.46993930853|
| Episode: 432 | Epsilon:  0.10 | Reward: -30.046897050581407 | Average Reward: -124.049 | Steps: 96300 | Total Reward: -58950.51683635911|
| Episode: 433 | Epsilon:  0.10 | Reward: -205.40700456021165 | Average Reward: -125.443 | Steps: 96576 | Total Reward: -59155.923840919364|
| Episode: 434 | Epsilon:  0.10 | Reward: -173.3767942394428 | Average Reward: -127.215 | Steps: 96823 | Total Reward: -59329.300635158834|
| Episode: 435 | Epsilon:  0.10 | Reward: -227.96990807738828 | Average Reward: -128.390 | Steps: 97059 | Total Reward: -59557.27054323624|
| Episode: 436 | Epsilon:  0.10 | Reward: -171.30353861793535 | Average Reward: -128.317 | Steps: 97255 | Total Reward: -59728.57408185415|
| Episode: 437 | Epsilon:  0.10 | Reward: -23.766741186530254 | Average Reward: -127.750 | Steps: 97636 | Total Reward: -59752.34082304074|
| Episode: 438 | Epsilon:  0.10 | Reward: 232.45092843454879 | Average Reward: -123.589 | Steps: 97969 | Total Reward: -59519.8898946062|
| Episode: 439 | Epsilon:  0.10 | Reward: -80.03543858088469 | Average Reward: -121.893 | Steps: 98233 | Total Reward: -59599.925333187115|
| Episode: 440 | Epsilon:  0.10 | Reward: -30.374978370176407 | Average Reward: -120.154 | Steps: 98475 | Total Reward: -59630.30031155729|
| Episode: 441 | Epsilon:  0.10 | Reward: -113.80215709061864 | Average Reward: -120.083 | Steps: 98741 | Total Reward: -59744.10246864793|
| Episode: 442 | Epsilon:  0.10 | Reward: -255.29846832679812 | Average Reward: -119.979 | Steps: 98991 | Total Reward: -59999.40093697474|
| Episode: 443 | Epsilon:  0.10 | Reward: -64.77470902574046 | Average Reward: -120.347 | Steps: 99234 | Total Reward: -60064.175646000454|
| Episode: 444 | Epsilon:  0.10 | Reward: -207.10638906987958 | Average Reward: -121.755 | Steps: 99539 | Total Reward: -60271.28203507029|
| Episode: 445 | Epsilon:  0.10 | Reward: -60.01492600165754 | Average Reward: -120.121 | Steps: 99795 | Total Reward: -60331.29696107193|
| Episode: 446 | Epsilon:  0.10 | Reward: -67.58759354429192 | Average Reward: -119.884 | Steps: 100048 | Total Reward: -60398.88455461618|
| Episode: 447 | Epsilon:  0.10 | Reward: -229.16207298120787 | Average Reward: -122.354 | Steps: 100365 | Total Reward: -60628.04662759735|
| Episode: 448 | Epsilon:  0.10 | Reward: -186.09109933370237 | Average Reward: -123.442 | Steps: 100605 | Total Reward: -60814.137726931076|
| Episode: 449 | Epsilon:  0.10 | Reward: -215.7704236248095 | Average Reward: -123.036 | Steps: 100992 | Total Reward: -61029.908150555835|
| Episode: 450 | Epsilon:  0.10 | Reward: -225.28344814087023 | Average Reward: -125.323 | Steps: 101324 | Total Reward: -61255.19159869672|
| Episode: 451 | Epsilon:  0.10 | Reward: -111.29454611859994 | Average Reward: -124.472 | Steps: 101563 | Total Reward: -61366.486144815375|
| Episode: 452 | Epsilon:  0.10 | Reward: -161.35876333430684 | Average Reward: -124.249 | Steps: 101866 | Total Reward: -61527.84490814964|
| Episode: 453 | Epsilon:  0.10 | Reward: 235.08224917491583 | Average Reward: -120.958 | Steps: 102446 | Total Reward: -61292.76265897474|
| Episode: 454 | Epsilon:  0.10 | Reward: -119.27651314517921 | Average Reward: -120.066 | Steps: 102696 | Total Reward: -61412.03917211993|
| Episode: 455 | Epsilon:  0.10 | Reward: -80.46303098292236 | Average Reward: -118.728 | Steps: 102890 | Total Reward: -61492.50220310286|
| Episode: 456 | Epsilon:  0.10 | Reward: -197.04642898641373 | Average Reward: -120.701 | Steps: 103129 | Total Reward: -61689.54863208926|
| Episode: 457 | Epsilon:  0.10 | Reward: 263.47354186822827 | Average Reward: -115.981 | Steps: 103728 | Total Reward: -61426.07509022093|
| Episode: 458 | Epsilon:  0.10 | Reward: -226.78019275328367 | Average Reward: -117.196 | Steps: 104077 | Total Reward: -61652.85528297417|
| Episode: 459 | Epsilon:  0.10 | Reward: 192.47232155585917 | Average Reward: -113.119 | Steps: 104442 | Total Reward: -61460.3829614183|
| Episode: 460 | Epsilon:  0.10 | Reward: -159.59086280436355 | Average Reward: -112.163 | Steps: 104648 | Total Reward: -61619.97382422264|
| Episode: 461 | Epsilon:  0.10 | Reward: -217.15247128167255 | Average Reward: -112.156 | Steps: 104923 | Total Reward: -61837.12629550434|
| Episode: 462 | Epsilon:  0.10 | Reward: -116.0220115844686 | Average Reward: -112.090 | Steps: 105255 | Total Reward: -61953.14830708883|
| Episode: 463 | Epsilon:  0.10 | Reward: -32.53279933570907 | Average Reward: -111.029 | Steps: 105482 | Total Reward: -61985.68110642452|
| Episode: 464 | Epsilon:  0.10 | Reward: -82.9161933463743 | Average Reward: -111.930 | Steps: 105681 | Total Reward: -62068.59729977092|
| Episode: 465 | Epsilon:  0.10 | Reward: -208.203028431935 | Average Reward: -111.750 | Steps: 105975 | Total Reward: -62276.80032820284|
| Episode: 466 | Epsilon:  0.10 | Reward: -84.86220177635688 | Average Reward: -110.905 | Steps: 106314 | Total Reward: -62361.66252997922|
| Episode: 467 | Epsilon:  0.10 | Reward: -216.70784996217003 | Average Reward: -110.049 | Steps: 106617 | Total Reward: -62578.370379941465|
| Episode: 468 | Epsilon:  0.10 | Reward: -281.12440583331966 | Average Reward: -110.759 | Steps: 106874 | Total Reward: -62859.49478577474|
| Episode: 469 | Epsilon:  0.10 | Reward: -275.4864263209746 | Average Reward: -111.605 | Steps: 107253 | Total Reward: -63134.98121209569|
| Episode: 470 | Epsilon:  0.10 | Reward: 234.87700494597982 | Average Reward: -108.393 | Steps: 107774 | Total Reward: -62900.10420714974|
| Episode: 471 | Epsilon:  0.10 | Reward: -160.71655761494418 | Average Reward: -107.921 | Steps: 108038 | Total Reward: -63060.82076476471|
| Episode: 472 | Epsilon:  0.10 | Reward: -15.809862053948606 | Average Reward: -106.327 | Steps: 108237 | Total Reward: -63076.6306268187|
| Episode: 473 | Epsilon:  0.10 | Reward: -60.253620349930415 | Average Reward: -106.638 | Steps: 108479 | Total Reward: -63136.88424716862|
| Episode: 474 | Epsilon:  0.10 | Reward: -224.88340698004023 | Average Reward: -106.538 | Steps: 108686 | Total Reward: -63361.76765414864|
| Episode: 475 | Epsilon:  0.10 | Reward: -186.83151269470423 | Average Reward: -108.332 | Steps: 108950 | Total Reward: -63548.59916684337|
| Episode: 476 | Epsilon:  0.10 | Reward: -193.77249416370313 | Average Reward: -108.044 | Steps: 109187 | Total Reward: -63742.37166100714|
| Episode: 477 | Epsilon:  0.10 | Reward: -256.59945159748327 | Average Reward: -109.892 | Steps: 109529 | Total Reward: -63998.971112604595|
| Episode: 478 | Epsilon:  0.10 | Reward: -250.0076716698273 | Average Reward: -110.898 | Steps: 109759 | Total Reward: -64248.97878427442|
| Episode: 479 | Epsilon:  0.10 | Reward: -181.79430811908634 | Average Reward: -110.360 | Steps: 110007 | Total Reward: -64430.7730923935|
| Episode: 480 | Epsilon:  0.10 | Reward: -5.826272031768141 | Average Reward: -109.007 | Steps: 110379 | Total Reward: -64436.59936442529|
| Episode: 481 | Epsilon:  0.10 | Reward: -73.83725808337775 | Average Reward: -109.141 | Steps: 110604 | Total Reward: -64510.43662250872|
| Episode: 482 | Epsilon:  0.10 | Reward: -221.9044458160854 | Average Reward: -109.535 | Steps: 110866 | Total Reward: -64732.341068324735|
| Episode: 483 | Epsilon:  0.10 | Reward: -166.70892819291907 | Average Reward: -108.941 | Steps: 111064 | Total Reward: -64899.04999651764|
| Episode: 484 | Epsilon:  0.10 | Reward: -166.1091980135725 | Average Reward: -108.025 | Steps: 111304 | Total Reward: -65065.1591945312|
| Episode: 485 | Epsilon:  0.10 | Reward: -33.73265525264553 | Average Reward: -106.750 | Steps: 111588 | Total Reward: -65098.891849783904|
| Episode: 486 | Epsilon:  0.10 | Reward: 201.84697815719247 | Average Reward: -107.312 | Steps: 112115 | Total Reward: -64897.04487162675|
| Episode: 487 | Epsilon:  0.10 | Reward: -231.62166250623972 | Average Reward: -108.998 | Steps: 112423 | Total Reward: -65128.66653413294|
| Episode: 488 | Epsilon:  0.10 | Reward: -242.02020277935554 | Average Reward: -110.353 | Steps: 112690 | Total Reward: -65370.68673691229|
| Episode: 489 | Epsilon:  0.10 | Reward: -19.82181166103794 | Average Reward: -107.954 | Steps: 112923 | Total Reward: -65390.508548573314|
| Episode: 490 | Epsilon:  0.10 | Reward: -144.152091500812 | Average Reward: -109.101 | Steps: 113464 | Total Reward: -65534.66064007416|
| Episode: 491 | Epsilon:  0.10 | Reward: -227.66152237726152 | Average Reward: -110.748 | Steps: 113790 | Total Reward: -65762.32216245135|
| Episode: 492 | Epsilon:  0.10 | Reward: -233.43230082681612 | Average Reward: -112.213 | Steps: 114143 | Total Reward: -65995.75446327822|
| Episode: 493 | Epsilon:  0.10 | Reward: -49.694001467104485 | Average Reward: -109.129 | Steps: 114445 | Total Reward: -66045.4484647452|
| Episode: 494 | Epsilon:  0.10 | Reward: -74.64132674029929 | Average Reward: -109.762 | Steps: 114689 | Total Reward: -66120.08979148553|
| Episode: 495 | Epsilon:  0.10 | Reward: -233.2957592385845 | Average Reward: -110.179 | Steps: 115024 | Total Reward: -66353.38555072404|
| Episode: 496 | Epsilon:  0.10 | Reward: -45.58762927783768 | Average Reward: -110.288 | Steps: 115233 | Total Reward: -66398.9731800018|
| Episode: 497 | Epsilon:  0.10 | Reward: 262.58782108914545 | Average Reward: -105.390 | Steps: 115610 | Total Reward: -66136.3853589127|
| Episode: 498 | Epsilon:  0.10 | Reward: -222.2518337946118 | Average Reward: -110.188 | Steps: 115878 | Total Reward: -66358.63719270732|
| Episode: 499 | Epsilon:  0.10 | Reward: -217.7562970456671 | Average Reward: -110.630 | Steps: 116095 | Total Reward: -66576.39348975291|
| Episode: 500 | Epsilon:  0.10 | Reward: -260.93703894881315 | Average Reward: -112.959 | Steps: 116334 | Total Reward: -66837.33052870171|
| Episode: 501 | Epsilon:  0.10 | Reward: -56.81109764685301 | Average Reward: -112.745 | Steps: 116525 | Total Reward: -66894.14162634846|
| Episode: 502 | Epsilon:  0.10 | Reward: -61.497316026641734 | Average Reward: -110.626 | Steps: 116797 | Total Reward: -66955.63894237508|
| Episode: 503 | Epsilon:  0.10 | Reward: 229.34675686793597 | Average Reward: -106.020 | Steps: 117498 | Total Reward: -66726.29218550716|
| Episode: 504 | Epsilon:  0.10 | Reward: -87.67253302417254 | Average Reward: -105.951 | Steps: 117776 | Total Reward: -66813.96471853137|
| Episode: 505 | Epsilon:  0.10 | Reward: -207.09693222669375 | Average Reward: -105.445 | Steps: 118010 | Total Reward: -67021.06165075809|
| Episode: 506 | Epsilon:  0.10 | Reward: -214.99717036175184 | Average Reward: -105.538 | Steps: 118378 | Total Reward: -67236.05882111979|
| Episode: 507 | Epsilon:  0.10 | Reward: -155.52896722535348 | Average Reward: -104.766 | Steps: 118617 | Total Reward: -67391.58778834506|
| Episode: 508 | Epsilon:  0.10 | Reward: -75.3366631179466 | Average Reward: -103.446 | Steps: 118880 | Total Reward: -67466.92445146298|
| Episode: 509 | Epsilon:  0.10 | Reward: 153.81135531685882 | Average Reward: -100.942 | Steps: 119328 | Total Reward: -67313.11309614606|
| Episode: 510 | Epsilon:  0.10 | Reward: -210.6090914268559 | Average Reward: -104.846 | Steps: 119623 | Total Reward: -67523.72218757296|
| Episode: 511 | Epsilon:  0.10 | Reward: 289.8858302918327 | Average Reward: -101.363 | Steps: 119987 | Total Reward: -67233.83635728114|
| Episode: 512 | Epsilon:  0.10 | Reward: -66.00018456745988 | Average Reward: -99.832 | Steps: 120185 | Total Reward: -67299.83654184859|
| Episode: 513 | Epsilon:  0.10 | Reward: -30.615811346174382 | Average Reward: -97.590 | Steps: 120461 | Total Reward: -67330.45235319482|
| Episode: 514 | Epsilon:  0.10 | Reward: -268.4054593664017 | Average Reward: -100.147 | Steps: 120707 | Total Reward: -67598.8578125612|
| Episode: 515 | Epsilon:  0.10 | Reward: -221.50456731421184 | Average Reward: -101.713 | Steps: 120946 | Total Reward: -67820.36237987544|
| Episode: 516 | Epsilon:  0.10 | Reward: -252.03689947465006 | Average Reward: -106.014 | Steps: 121242 | Total Reward: -68072.39927935015|
| Episode: 517 | Epsilon:  0.10 | Reward: -68.41375841256482 | Average Reward: -104.474 | Steps: 121553 | Total Reward: -68140.81303776275|
| Episode: 518 | Epsilon:  0.10 | Reward: 182.3995189342737 | Average Reward: -100.421 | Steps: 122082 | Total Reward: -67958.41351882853|
| Episode: 519 | Epsilon:  0.10 | Reward: -280.3537104933492 | Average Reward: -103.014 | Steps: 122535 | Total Reward: -68238.76722932185|
| Episode: 520 | Epsilon:  0.10 | Reward: -37.54835037071585 | Average Reward: -102.960 | Steps: 122729 | Total Reward: -68276.31557969254|
| Episode: 521 | Epsilon:  0.10 | Reward: -21.716033273968534 | Average Reward: -102.224 | Steps: 122925 | Total Reward: -68298.03161296654|
| Episode: 522 | Epsilon:  0.10 | Reward: -328.725404143009 | Average Reward: -103.232 | Steps: 123387 | Total Reward: -68626.75701710956|
| Episode: 523 | Epsilon:  0.10 | Reward: -68.33851125604077 | Average Reward: -103.156 | Steps: 123644 | Total Reward: -68695.0955283655|
| Episode: 524 | Epsilon:  0.10 | Reward: -97.1235969738432 | Average Reward: -102.524 | Steps: 123948 | Total Reward: -68792.2191253394|
| Episode: 525 | Epsilon:  0.10 | Reward: -235.54516209652667 | Average Reward: -104.307 | Steps: 124284 | Total Reward: -69027.76428743594|
| Episode: 526 | Epsilon:  0.10 | Reward: -233.63294670203706 | Average Reward: -105.872 | Steps: 124516 | Total Reward: -69261.397234138|
| Episode: 527 | Epsilon:  0.10 | Reward: -40.422250766846304 | Average Reward: -104.137 | Steps: 124779 | Total Reward: -69301.8194849049|
| Episode: 528 | Epsilon:  0.10 | Reward: -206.72449538184094 | Average Reward: -108.823 | Steps: 125079 | Total Reward: -69508.54398028685|
| Episode: 529 | Epsilon:  0.10 | Reward: -34.742652141787715 | Average Reward: -107.105 | Steps: 125423 | Total Reward: -69543.28663242872|
| Episode: 530 | Epsilon:  0.10 | Reward: -82.08959966609827 | Average Reward: -107.198 | Steps: 125854 | Total Reward: -69625.37623209471|
| Episode: 531 | Epsilon:  0.10 | Reward: -193.93486282248386 | Average Reward: -108.988 | Steps: 126049 | Total Reward: -69819.31109491712|
| Episode: 532 | Epsilon:  0.10 | Reward: -213.99157476507008 | Average Reward: -110.828 | Steps: 126407 | Total Reward: -70033.3026696822|
| Episode: 533 | Epsilon:  0.10 | Reward: -213.98935102525152 | Average Reward: -110.914 | Steps: 126707 | Total Reward: -70247.29202070743|
| Episode: 534 | Epsilon:  0.10 | Reward: -192.46878191173195 | Average Reward: -111.105 | Steps: 127064 | Total Reward: -70439.7608026191|
| Episode: 535 | Epsilon:  0.10 | Reward: -78.85930524726483 | Average Reward: -109.613 | Steps: 127253 | Total Reward: -70518.62010786639|
| Episode: 536 | Epsilon:  0.10 | Reward: -169.8588195071485 | Average Reward: -109.599 | Steps: 127522 | Total Reward: -70688.47892737364|
| Episode: 537 | Epsilon:  0.10 | Reward: -41.928349747151884 | Average Reward: -109.781 | Steps: 127869 | Total Reward: -70730.40727712087|
| Episode: 538 | Epsilon:  0.10 | Reward: -254.93601290236472 | Average Reward: -114.655 | Steps: 128119 | Total Reward: -70985.34329002326|
| Episode: 539 | Epsilon:  0.10 | Reward: 286.05765766381734 | Average Reward: -110.994 | Steps: 128731 | Total Reward: -70699.28563235953|
| Episode: 540 | Epsilon:  0.10 | Reward: -199.02899930920802 | Average Reward: -112.680 | Steps: 128975 | Total Reward: -70898.31463166865|
| Episode: 541 | Epsilon:  0.10 | Reward: -65.38297055881515 | Average Reward: -112.196 | Steps: 129170 | Total Reward: -70963.6976022275|
| Episode: 542 | Epsilon:  0.10 | Reward: -288.63579782062936 | Average Reward: -112.529 | Steps: 129510 | Total Reward: -71252.33340004814|
| Episode: 543 | Epsilon:  0.10 | Reward: -24.089343652241197 | Average Reward: -112.122 | Steps: 129738 | Total Reward: -71276.42274370043|
| Episode: 544 | Epsilon:  0.10 | Reward: -70.69506131521904 | Average Reward: -110.758 | Steps: 130047 | Total Reward: -71347.11780501564|
| Episode: 545 | Epsilon:  0.10 | Reward: -242.30605381425687 | Average Reward: -112.581 | Steps: 130375 | Total Reward: -71589.42385882986|
| Episode: 546 | Epsilon:  0.10 | Reward: -173.05695558215723 | Average Reward: -113.636 | Steps: 130632 | Total Reward: -71762.48081441209|
| Episode: 547 | Epsilon:  0.10 | Reward: -34.40925121561642 | Average Reward: -111.688 | Steps: 130980 | Total Reward: -71796.89006562774|
| Episode: 548 | Epsilon:  0.10 | Reward: -102.23536327557697 | Average Reward: -110.850 | Steps: 131169 | Total Reward: -71899.12542890324|
| Episode: 549 | Epsilon:  0.10 | Reward: -234.0920774507777 | Average Reward: -111.033 | Steps: 131473 | Total Reward: -72133.21750635408|
| Episode: 550 | Epsilon:  0.10 | Reward: -45.73568298366057 | Average Reward: -109.238 | Steps: 131833 | Total Reward: -72178.95318933757|
| Episode: 551 | Epsilon:  0.10 | Reward: -79.5423452850267 | Average Reward: -108.920 | Steps: 132024 | Total Reward: -72258.49553462258|
| Episode: 552 | Epsilon:  0.10 | Reward: -140.9392468005413 | Average Reward: -108.716 | Steps: 132245 | Total Reward: -72399.43478142301|
| Episode: 553 | Epsilon:  0.10 | Reward: -59.44100474525598 | Average Reward: -111.661 | Steps: 132432 | Total Reward: -72458.87578616828|
| Episode: 554 | Epsilon:  0.10 | Reward: -182.81967297230227 | Average Reward: -112.297 | Steps: 132689 | Total Reward: -72641.69545914055|
| Episode: 555 | Epsilon:  0.10 | Reward: -25.219459355942263 | Average Reward: -111.744 | Steps: 132919 | Total Reward: -72666.9149184964|
| Episode: 556 | Epsilon:  0.10 | Reward: 17.18401791676422 | Average Reward: -109.602 | Steps: 133151 | Total Reward: -72649.73090057963|
| Episode: 557 | Epsilon:  0.10 | Reward: -323.60475945292137 | Average Reward: -115.473 | Steps: 133573 | Total Reward: -72973.33566003268|
| Episode: 558 | Epsilon:  0.10 | Reward: -276.32609630018794 | Average Reward: -115.968 | Steps: 133914 | Total Reward: -73249.66175633282|
| Episode: 559 | Epsilon:  0.10 | Reward: -317.5615514818171 | Average Reward: -121.068 | Steps: 134534 | Total Reward: -73567.22330781457|
| Episode: 560 | Epsilon:  0.10 | Reward: -195.31773616394128 | Average Reward: -121.426 | Steps: 134781 | Total Reward: -73762.54104397845|
| Episode: 561 | Epsilon:  0.10 | Reward: -282.6316478299202 | Average Reward: -122.080 | Steps: 135204 | Total Reward: -74045.1726918082|
| Episode: 562 | Epsilon:  0.10 | Reward: 2.1248648119128717 | Average Reward: -120.899 | Steps: 135411 | Total Reward: -74043.04782699632|
| Episode: 563 | Epsilon:  0.10 | Reward: -69.10555432692604 | Average Reward: -121.265 | Steps: 135613 | Total Reward: -74112.1533813233|
| Episode: 564 | Epsilon:  0.10 | Reward: -243.46753566475414 | Average Reward: -122.870 | Steps: 135861 | Total Reward: -74355.62091698806|
| Episode: 565 | Epsilon:  0.10 | Reward: -211.26924938981574 | Average Reward: -122.901 | Steps: 136125 | Total Reward: -74566.89016637787|
| Episode: 566 | Epsilon:  0.10 | Reward: -288.8095845126767 | Average Reward: -124.940 | Steps: 136495 | Total Reward: -74855.69975089055|
| Episode: 567 | Epsilon:  0.10 | Reward: -131.51497440761594 | Average Reward: -124.088 | Steps: 136858 | Total Reward: -74987.21472529818|
| Episode: 568 | Epsilon:  0.10 | Reward: -34.95702578724526 | Average Reward: -121.627 | Steps: 137084 | Total Reward: -75022.17175108547|
| Episode: 569 | Epsilon:  0.10 | Reward: 7.459034892433891 | Average Reward: -118.797 | Steps: 137285 | Total Reward: -75014.71271619316|
| Episode: 570 | Epsilon:  0.10 | Reward: -271.31641779789356 | Average Reward: -123.859 | Steps: 137455 | Total Reward: -75286.029133991|
| Episode: 571 | Epsilon:  0.10 | Reward: -28.804767366586063 | Average Reward: -122.540 | Steps: 137668 | Total Reward: -75314.8339013576|
| Episode: 572 | Epsilon:  0.10 | Reward: -87.06954687066221 | Average Reward: -123.253 | Steps: 137918 | Total Reward: -75401.90344822833|
| Episode: 573 | Epsilon:  0.10 | Reward: -256.00797860532373 | Average Reward: -125.210 | Steps: 138208 | Total Reward: -75657.91142683369|
| Episode: 574 | Epsilon:  0.10 | Reward: -155.86251502238136 | Average Reward: -124.520 | Steps: 138371 | Total Reward: -75813.77394185613|
| Episode: 575 | Epsilon:  0.10 | Reward: -189.1910673165251 | Average Reward: -124.544 | Steps: 138561 | Total Reward: -76002.96500917271|
| Episode: 576 | Epsilon:  0.10 | Reward: -202.81606359207797 | Average Reward: -124.634 | Steps: 138735 | Total Reward: -76205.7810727648|
| Episode: 577 | Epsilon:  0.10 | Reward: 49.8971577857663 | Average Reward: -121.569 | Steps: 138968 | Total Reward: -76155.88391497907|
| Episode: 578 | Epsilon:  0.10 | Reward: -301.0330518391206 | Average Reward: -122.079 | Steps: 139385 | Total Reward: -76456.91696681821|
| Episode: 579 | Epsilon:  0.10 | Reward: 242.9360129972434 | Average Reward: -117.832 | Steps: 139772 | Total Reward: -76213.980953821|
| Episode: 580 | Epsilon:  0.10 | Reward: -169.35199624269282 | Average Reward: -119.467 | Steps: 139936 | Total Reward: -76383.33295006373|
| Episode: 581 | Epsilon:  0.10 | Reward: -73.36285919420078 | Average Reward: -119.463 | Steps: 140297 | Total Reward: -76456.69580925812|
| Episode: 582 | Epsilon:  0.10 | Reward: 267.5508107306498 | Average Reward: -114.568 | Steps: 140692 | Total Reward: -76189.14499852741|
| Episode: 583 | Epsilon:  0.10 | Reward: -23.789003594220887 | Average Reward: -113.139 | Steps: 140913 | Total Reward: -76212.93400212169|
| Episode: 584 | Epsilon:  0.10 | Reward: -189.10225880590295 | Average Reward: -113.369 | Steps: 141246 | Total Reward: -76402.0362609276|
| Episode: 585 | Epsilon:  0.10 | Reward: -206.90999224103717 | Average Reward: -115.101 | Steps: 141516 | Total Reward: -76608.9462531686|
